[2022-08-19 23:10:17,758] {taskinstance.py:1179} INFO - Dependencies all met for <TaskInstance: sefa_dag.get_telegram_version scheduled__2020-01-01T05:43:00+00:00 [queued]>
[2022-08-19 23:10:17,782] {taskinstance.py:1179} INFO - Dependencies all met for <TaskInstance: sefa_dag.get_telegram_version scheduled__2020-01-01T05:43:00+00:00 [queued]>
[2022-08-19 23:10:17,785] {taskinstance.py:1376} INFO - 
--------------------------------------------------------------------------------
[2022-08-19 23:10:17,787] {taskinstance.py:1377} INFO - Starting attempt 1 of 1
[2022-08-19 23:10:17,792] {taskinstance.py:1378} INFO - 
--------------------------------------------------------------------------------
[2022-08-19 23:10:17,813] {taskinstance.py:1397} INFO - Executing <Task(PythonOperator): get_telegram_version> on 2020-01-01 05:43:00+00:00
[2022-08-19 23:10:17,820] {standard_task_runner.py:52} INFO - Started process 3860 to run task
[2022-08-19 23:10:17,823] {standard_task_runner.py:79} INFO - Running: ['***', 'tasks', 'run', 'sefa_dag', 'get_telegram_version', 'scheduled__2020-01-01T05:43:00+00:00', '--job-id', '714', '--raw', '--subdir', 'DAGS_FOLDER/sefa_dag.py', '--cfg-path', '/tmp/tmp63dd46m2', '--error-file', '/tmp/tmp45lwdser']
[2022-08-19 23:10:17,856] {standard_task_runner.py:80} INFO - Job 714: Subtask get_telegram_version
[2022-08-19 23:10:17,992] {task_command.py:371} INFO - Running <TaskInstance: sefa_dag.get_telegram_version scheduled__2020-01-01T05:43:00+00:00 [running]> on host fd7a784b9251
[2022-08-19 23:10:18,208] {taskinstance.py:1591} INFO - Exporting the following env vars:
AIRFLOW_CTX_DAG_OWNER=***
AIRFLOW_CTX_DAG_ID=sefa_dag
AIRFLOW_CTX_TASK_ID=get_telegram_version
AIRFLOW_CTX_EXECUTION_DATE=2020-01-01T05:43:00+00:00
AIRFLOW_CTX_TRY_NUMBER=1
AIRFLOW_CTX_DAG_RUN_ID=scheduled__2020-01-01T05:43:00+00:00
[2022-08-19 23:10:18,210] {python.py:173} INFO - Done. Returned value was: 1.24.0
[2022-08-19 23:10:18,265] {taskinstance.py:1420} INFO - Marking task as SUCCESS. dag_id=sefa_dag, task_id=get_telegram_version, execution_date=20200101T054300, start_date=20220819T231017, end_date=20220819T231018
[2022-08-19 23:10:18,335] {local_task_job.py:156} INFO - Task exited with return code 0
[2022-08-19 23:10:18,389] {local_task_job.py:273} INFO - 0 downstream tasks scheduled from follow-on schedule check
