[2022-08-19 23:14:36,427] {taskinstance.py:1179} INFO - Dependencies all met for <TaskInstance: sefa_dag.get_telegram_version scheduled__2020-01-01T11:20:00+00:00 [queued]>
[2022-08-19 23:14:36,435] {taskinstance.py:1179} INFO - Dependencies all met for <TaskInstance: sefa_dag.get_telegram_version scheduled__2020-01-01T11:20:00+00:00 [queued]>
[2022-08-19 23:14:36,437] {taskinstance.py:1376} INFO - 
--------------------------------------------------------------------------------
[2022-08-19 23:14:36,439] {taskinstance.py:1377} INFO - Starting attempt 1 of 1
[2022-08-19 23:14:36,440] {taskinstance.py:1378} INFO - 
--------------------------------------------------------------------------------
[2022-08-19 23:14:36,469] {taskinstance.py:1397} INFO - Executing <Task(PythonOperator): get_telegram_version> on 2020-01-01 11:20:00+00:00
[2022-08-19 23:14:36,489] {standard_task_runner.py:52} INFO - Started process 6723 to run task
[2022-08-19 23:14:36,506] {standard_task_runner.py:79} INFO - Running: ['***', 'tasks', 'run', 'sefa_dag', 'get_telegram_version', 'scheduled__2020-01-01T11:20:00+00:00', '--job-id', '1378', '--raw', '--subdir', 'DAGS_FOLDER/sefa_dag.py', '--cfg-path', '/tmp/tmpf1ou0q8u', '--error-file', '/tmp/tmpi1dhstd5']
[2022-08-19 23:14:36,511] {standard_task_runner.py:80} INFO - Job 1378: Subtask get_telegram_version
[2022-08-19 23:14:36,627] {task_command.py:371} INFO - Running <TaskInstance: sefa_dag.get_telegram_version scheduled__2020-01-01T11:20:00+00:00 [running]> on host fd7a784b9251
[2022-08-19 23:14:36,812] {taskinstance.py:1591} INFO - Exporting the following env vars:
AIRFLOW_CTX_DAG_OWNER=***
AIRFLOW_CTX_DAG_ID=sefa_dag
AIRFLOW_CTX_TASK_ID=get_telegram_version
AIRFLOW_CTX_EXECUTION_DATE=2020-01-01T11:20:00+00:00
AIRFLOW_CTX_TRY_NUMBER=1
AIRFLOW_CTX_DAG_RUN_ID=scheduled__2020-01-01T11:20:00+00:00
[2022-08-19 23:14:36,817] {python.py:173} INFO - Done. Returned value was: 1.24.0
[2022-08-19 23:14:36,880] {taskinstance.py:1420} INFO - Marking task as SUCCESS. dag_id=sefa_dag, task_id=get_telegram_version, execution_date=20200101T112000, start_date=20220819T231436, end_date=20220819T231436
[2022-08-19 23:14:36,938] {local_task_job.py:156} INFO - Task exited with return code 0
[2022-08-19 23:14:36,986] {local_task_job.py:273} INFO - 0 downstream tasks scheduled from follow-on schedule check
