[2022-08-19 23:18:33,123] {taskinstance.py:1179} INFO - Dependencies all met for <TaskInstance: sefa_dag.get_telegram_version scheduled__2020-01-01T16:46:00+00:00 [queued]>
[2022-08-19 23:18:33,149] {taskinstance.py:1179} INFO - Dependencies all met for <TaskInstance: sefa_dag.get_telegram_version scheduled__2020-01-01T16:46:00+00:00 [queued]>
[2022-08-19 23:18:33,150] {taskinstance.py:1376} INFO - 
--------------------------------------------------------------------------------
[2022-08-19 23:18:33,151] {taskinstance.py:1377} INFO - Starting attempt 1 of 1
[2022-08-19 23:18:33,152] {taskinstance.py:1378} INFO - 
--------------------------------------------------------------------------------
[2022-08-19 23:18:33,175] {taskinstance.py:1397} INFO - Executing <Task(PythonOperator): get_telegram_version> on 2020-01-01 16:46:00+00:00
[2022-08-19 23:18:33,200] {standard_task_runner.py:52} INFO - Started process 9561 to run task
[2022-08-19 23:18:33,211] {standard_task_runner.py:79} INFO - Running: ['***', 'tasks', 'run', 'sefa_dag', 'get_telegram_version', 'scheduled__2020-01-01T16:46:00+00:00', '--job-id', '2035', '--raw', '--subdir', 'DAGS_FOLDER/sefa_dag.py', '--cfg-path', '/tmp/tmp3el6rteb', '--error-file', '/tmp/tmpjjoqa7ag']
[2022-08-19 23:18:33,226] {standard_task_runner.py:80} INFO - Job 2035: Subtask get_telegram_version
[2022-08-19 23:18:33,384] {task_command.py:371} INFO - Running <TaskInstance: sefa_dag.get_telegram_version scheduled__2020-01-01T16:46:00+00:00 [running]> on host fd7a784b9251
[2022-08-19 23:18:33,536] {taskinstance.py:1591} INFO - Exporting the following env vars:
AIRFLOW_CTX_DAG_OWNER=***
AIRFLOW_CTX_DAG_ID=sefa_dag
AIRFLOW_CTX_TASK_ID=get_telegram_version
AIRFLOW_CTX_EXECUTION_DATE=2020-01-01T16:46:00+00:00
AIRFLOW_CTX_TRY_NUMBER=1
AIRFLOW_CTX_DAG_RUN_ID=scheduled__2020-01-01T16:46:00+00:00
[2022-08-19 23:18:33,540] {python.py:173} INFO - Done. Returned value was: 1.24.0
[2022-08-19 23:18:33,575] {taskinstance.py:1420} INFO - Marking task as SUCCESS. dag_id=sefa_dag, task_id=get_telegram_version, execution_date=20200101T164600, start_date=20220819T231833, end_date=20220819T231833
[2022-08-19 23:18:33,623] {local_task_job.py:156} INFO - Task exited with return code 0
[2022-08-19 23:18:33,664] {local_task_job.py:273} INFO - 0 downstream tasks scheduled from follow-on schedule check
