[2022-08-19 23:18:02,719] {taskinstance.py:1179} INFO - Dependencies all met for <TaskInstance: sefa_dag.get_pandas_version scheduled__2020-01-01T16:08:00+00:00 [queued]>
[2022-08-19 23:18:02,737] {taskinstance.py:1179} INFO - Dependencies all met for <TaskInstance: sefa_dag.get_pandas_version scheduled__2020-01-01T16:08:00+00:00 [queued]>
[2022-08-19 23:18:02,739] {taskinstance.py:1376} INFO - 
--------------------------------------------------------------------------------
[2022-08-19 23:18:02,740] {taskinstance.py:1377} INFO - Starting attempt 1 of 1
[2022-08-19 23:18:02,741] {taskinstance.py:1378} INFO - 
--------------------------------------------------------------------------------
[2022-08-19 23:18:02,778] {taskinstance.py:1397} INFO - Executing <Task(PythonOperator): get_pandas_version> on 2020-01-01 16:08:00+00:00
[2022-08-19 23:18:02,787] {standard_task_runner.py:52} INFO - Started process 9194 to run task
[2022-08-19 23:18:02,816] {standard_task_runner.py:79} INFO - Running: ['***', 'tasks', 'run', 'sefa_dag', 'get_pandas_version', 'scheduled__2020-01-01T16:08:00+00:00', '--job-id', '1951', '--raw', '--subdir', 'DAGS_FOLDER/sefa_dag.py', '--cfg-path', '/tmp/tmpt30x53qe', '--error-file', '/tmp/tmpaa4075o8']
[2022-08-19 23:18:02,829] {standard_task_runner.py:80} INFO - Job 1951: Subtask get_pandas_version
[2022-08-19 23:18:02,989] {task_command.py:371} INFO - Running <TaskInstance: sefa_dag.get_pandas_version scheduled__2020-01-01T16:08:00+00:00 [running]> on host fd7a784b9251
[2022-08-19 23:18:03,180] {taskinstance.py:1591} INFO - Exporting the following env vars:
AIRFLOW_CTX_DAG_OWNER=***
AIRFLOW_CTX_DAG_ID=sefa_dag
AIRFLOW_CTX_TASK_ID=get_pandas_version
AIRFLOW_CTX_EXECUTION_DATE=2020-01-01T16:08:00+00:00
AIRFLOW_CTX_TRY_NUMBER=1
AIRFLOW_CTX_DAG_RUN_ID=scheduled__2020-01-01T16:08:00+00:00
[2022-08-19 23:18:03,182] {python.py:173} INFO - Done. Returned value was: 1.3.5
[2022-08-19 23:18:03,242] {taskinstance.py:1420} INFO - Marking task as SUCCESS. dag_id=sefa_dag, task_id=get_pandas_version, execution_date=20200101T160800, start_date=20220819T231802, end_date=20220819T231803
[2022-08-19 23:18:03,339] {local_task_job.py:156} INFO - Task exited with return code 0
[2022-08-19 23:18:03,388] {local_task_job.py:273} INFO - 0 downstream tasks scheduled from follow-on schedule check
