[2022-08-19 23:19:02,830] {taskinstance.py:1179} INFO - Dependencies all met for <TaskInstance: sefa_dag.get_telegram_version scheduled__2020-01-01T17:15:00+00:00 [queued]>
[2022-08-19 23:19:02,845] {taskinstance.py:1179} INFO - Dependencies all met for <TaskInstance: sefa_dag.get_telegram_version scheduled__2020-01-01T17:15:00+00:00 [queued]>
[2022-08-19 23:19:02,848] {taskinstance.py:1376} INFO - 
--------------------------------------------------------------------------------
[2022-08-19 23:19:02,849] {taskinstance.py:1377} INFO - Starting attempt 1 of 1
[2022-08-19 23:19:02,852] {taskinstance.py:1378} INFO - 
--------------------------------------------------------------------------------
[2022-08-19 23:19:02,870] {taskinstance.py:1397} INFO - Executing <Task(PythonOperator): get_telegram_version> on 2020-01-01 17:15:00+00:00
[2022-08-19 23:19:02,889] {standard_task_runner.py:52} INFO - Started process 9846 to run task
[2022-08-19 23:19:02,922] {standard_task_runner.py:79} INFO - Running: ['***', 'tasks', 'run', 'sefa_dag', 'get_telegram_version', 'scheduled__2020-01-01T17:15:00+00:00', '--job-id', '2102', '--raw', '--subdir', 'DAGS_FOLDER/sefa_dag.py', '--cfg-path', '/tmp/tmp7jinbk2_', '--error-file', '/tmp/tmppn97ut_y']
[2022-08-19 23:19:02,934] {standard_task_runner.py:80} INFO - Job 2102: Subtask get_telegram_version
[2022-08-19 23:19:03,037] {task_command.py:371} INFO - Running <TaskInstance: sefa_dag.get_telegram_version scheduled__2020-01-01T17:15:00+00:00 [running]> on host fd7a784b9251
[2022-08-19 23:19:03,168] {taskinstance.py:1591} INFO - Exporting the following env vars:
AIRFLOW_CTX_DAG_OWNER=***
AIRFLOW_CTX_DAG_ID=sefa_dag
AIRFLOW_CTX_TASK_ID=get_telegram_version
AIRFLOW_CTX_EXECUTION_DATE=2020-01-01T17:15:00+00:00
AIRFLOW_CTX_TRY_NUMBER=1
AIRFLOW_CTX_DAG_RUN_ID=scheduled__2020-01-01T17:15:00+00:00
[2022-08-19 23:19:03,170] {python.py:173} INFO - Done. Returned value was: 1.24.0
[2022-08-19 23:19:03,214] {taskinstance.py:1420} INFO - Marking task as SUCCESS. dag_id=sefa_dag, task_id=get_telegram_version, execution_date=20200101T171500, start_date=20220819T231902, end_date=20220819T231903
[2022-08-19 23:19:03,284] {local_task_job.py:156} INFO - Task exited with return code 0
[2022-08-19 23:19:03,322] {local_task_job.py:273} INFO - 0 downstream tasks scheduled from follow-on schedule check
