[2022-08-19 23:14:32,636] {taskinstance.py:1179} INFO - Dependencies all met for <TaskInstance: sefa_dag.get_pandas_version scheduled__2020-01-01T11:16:00+00:00 [queued]>
[2022-08-19 23:14:32,722] {taskinstance.py:1179} INFO - Dependencies all met for <TaskInstance: sefa_dag.get_pandas_version scheduled__2020-01-01T11:16:00+00:00 [queued]>
[2022-08-19 23:14:32,724] {taskinstance.py:1376} INFO - 
--------------------------------------------------------------------------------
[2022-08-19 23:14:32,724] {taskinstance.py:1377} INFO - Starting attempt 1 of 1
[2022-08-19 23:14:32,726] {taskinstance.py:1378} INFO - 
--------------------------------------------------------------------------------
[2022-08-19 23:14:32,766] {taskinstance.py:1397} INFO - Executing <Task(PythonOperator): get_pandas_version> on 2020-01-01 11:16:00+00:00
[2022-08-19 23:14:32,782] {standard_task_runner.py:52} INFO - Started process 6670 to run task
[2022-08-19 23:14:32,808] {standard_task_runner.py:79} INFO - Running: ['***', 'tasks', 'run', 'sefa_dag', 'get_pandas_version', 'scheduled__2020-01-01T11:16:00+00:00', '--job-id', '1361', '--raw', '--subdir', 'DAGS_FOLDER/sefa_dag.py', '--cfg-path', '/tmp/tmpri2n64mf', '--error-file', '/tmp/tmpn03d1j2i']
[2022-08-19 23:14:32,824] {standard_task_runner.py:80} INFO - Job 1361: Subtask get_pandas_version
[2022-08-19 23:14:33,002] {task_command.py:371} INFO - Running <TaskInstance: sefa_dag.get_pandas_version scheduled__2020-01-01T11:16:00+00:00 [running]> on host fd7a784b9251
[2022-08-19 23:14:33,145] {taskinstance.py:1591} INFO - Exporting the following env vars:
AIRFLOW_CTX_DAG_OWNER=***
AIRFLOW_CTX_DAG_ID=sefa_dag
AIRFLOW_CTX_TASK_ID=get_pandas_version
AIRFLOW_CTX_EXECUTION_DATE=2020-01-01T11:16:00+00:00
AIRFLOW_CTX_TRY_NUMBER=1
AIRFLOW_CTX_DAG_RUN_ID=scheduled__2020-01-01T11:16:00+00:00
[2022-08-19 23:14:33,146] {python.py:173} INFO - Done. Returned value was: 1.3.5
[2022-08-19 23:14:33,210] {taskinstance.py:1420} INFO - Marking task as SUCCESS. dag_id=sefa_dag, task_id=get_pandas_version, execution_date=20200101T111600, start_date=20220819T231432, end_date=20220819T231433
[2022-08-19 23:14:33,328] {local_task_job.py:156} INFO - Task exited with return code 0
[2022-08-19 23:14:33,378] {local_task_job.py:273} INFO - 1 downstream tasks scheduled from follow-on schedule check
