[2022-08-19 23:16:50,053] {taskinstance.py:1179} INFO - Dependencies all met for <TaskInstance: sefa_dag.get_pandas_version scheduled__2020-01-01T14:25:00+00:00 [queued]>
[2022-08-19 23:16:50,074] {taskinstance.py:1179} INFO - Dependencies all met for <TaskInstance: sefa_dag.get_pandas_version scheduled__2020-01-01T14:25:00+00:00 [queued]>
[2022-08-19 23:16:50,078] {taskinstance.py:1376} INFO - 
--------------------------------------------------------------------------------
[2022-08-19 23:16:50,080] {taskinstance.py:1377} INFO - Starting attempt 1 of 1
[2022-08-19 23:16:50,082] {taskinstance.py:1378} INFO - 
--------------------------------------------------------------------------------
[2022-08-19 23:16:50,131] {taskinstance.py:1397} INFO - Executing <Task(PythonOperator): get_pandas_version> on 2020-01-01 14:25:00+00:00
[2022-08-19 23:16:50,158] {standard_task_runner.py:52} INFO - Started process 8279 to run task
[2022-08-19 23:16:50,188] {standard_task_runner.py:79} INFO - Running: ['***', 'tasks', 'run', 'sefa_dag', 'get_pandas_version', 'scheduled__2020-01-01T14:25:00+00:00', '--job-id', '1739', '--raw', '--subdir', 'DAGS_FOLDER/sefa_dag.py', '--cfg-path', '/tmp/tmpd8q4ukze', '--error-file', '/tmp/tmpxmm49bc2']
[2022-08-19 23:16:50,202] {standard_task_runner.py:80} INFO - Job 1739: Subtask get_pandas_version
[2022-08-19 23:16:50,369] {task_command.py:371} INFO - Running <TaskInstance: sefa_dag.get_pandas_version scheduled__2020-01-01T14:25:00+00:00 [running]> on host fd7a784b9251
[2022-08-19 23:16:50,553] {taskinstance.py:1591} INFO - Exporting the following env vars:
AIRFLOW_CTX_DAG_OWNER=***
AIRFLOW_CTX_DAG_ID=sefa_dag
AIRFLOW_CTX_TASK_ID=get_pandas_version
AIRFLOW_CTX_EXECUTION_DATE=2020-01-01T14:25:00+00:00
AIRFLOW_CTX_TRY_NUMBER=1
AIRFLOW_CTX_DAG_RUN_ID=scheduled__2020-01-01T14:25:00+00:00
[2022-08-19 23:16:50,555] {python.py:173} INFO - Done. Returned value was: 1.3.5
[2022-08-19 23:16:50,616] {taskinstance.py:1420} INFO - Marking task as SUCCESS. dag_id=sefa_dag, task_id=get_pandas_version, execution_date=20200101T142500, start_date=20220819T231650, end_date=20220819T231650
[2022-08-19 23:16:50,736] {local_task_job.py:156} INFO - Task exited with return code 0
[2022-08-19 23:16:50,801] {local_task_job.py:273} INFO - 1 downstream tasks scheduled from follow-on schedule check
