[2022-08-19 23:18:04,399] {taskinstance.py:1179} INFO - Dependencies all met for <TaskInstance: sefa_dag.get_pandas_version scheduled__2020-01-01T16:13:00+00:00 [queued]>
[2022-08-19 23:18:04,435] {taskinstance.py:1179} INFO - Dependencies all met for <TaskInstance: sefa_dag.get_pandas_version scheduled__2020-01-01T16:13:00+00:00 [queued]>
[2022-08-19 23:18:04,441] {taskinstance.py:1376} INFO - 
--------------------------------------------------------------------------------
[2022-08-19 23:18:04,444] {taskinstance.py:1377} INFO - Starting attempt 1 of 1
[2022-08-19 23:18:04,446] {taskinstance.py:1378} INFO - 
--------------------------------------------------------------------------------
[2022-08-19 23:18:04,485] {taskinstance.py:1397} INFO - Executing <Task(PythonOperator): get_pandas_version> on 2020-01-01 16:13:00+00:00
[2022-08-19 23:18:04,511] {standard_task_runner.py:52} INFO - Started process 9224 to run task
[2022-08-19 23:18:04,544] {standard_task_runner.py:79} INFO - Running: ['***', 'tasks', 'run', 'sefa_dag', 'get_pandas_version', 'scheduled__2020-01-01T16:13:00+00:00', '--job-id', '1956', '--raw', '--subdir', 'DAGS_FOLDER/sefa_dag.py', '--cfg-path', '/tmp/tmpdm_cx07t', '--error-file', '/tmp/tmplkt3iyj1']
[2022-08-19 23:18:04,557] {standard_task_runner.py:80} INFO - Job 1956: Subtask get_pandas_version
[2022-08-19 23:18:04,845] {task_command.py:371} INFO - Running <TaskInstance: sefa_dag.get_pandas_version scheduled__2020-01-01T16:13:00+00:00 [running]> on host fd7a784b9251
[2022-08-19 23:18:05,190] {taskinstance.py:1591} INFO - Exporting the following env vars:
AIRFLOW_CTX_DAG_OWNER=***
AIRFLOW_CTX_DAG_ID=sefa_dag
AIRFLOW_CTX_TASK_ID=get_pandas_version
AIRFLOW_CTX_EXECUTION_DATE=2020-01-01T16:13:00+00:00
AIRFLOW_CTX_TRY_NUMBER=1
AIRFLOW_CTX_DAG_RUN_ID=scheduled__2020-01-01T16:13:00+00:00
[2022-08-19 23:18:05,193] {python.py:173} INFO - Done. Returned value was: 1.3.5
[2022-08-19 23:18:05,265] {taskinstance.py:1420} INFO - Marking task as SUCCESS. dag_id=sefa_dag, task_id=get_pandas_version, execution_date=20200101T161300, start_date=20220819T231804, end_date=20220819T231805
[2022-08-19 23:18:05,365] {local_task_job.py:156} INFO - Task exited with return code 0
[2022-08-19 23:18:05,431] {local_task_job.py:273} INFO - 0 downstream tasks scheduled from follow-on schedule check
