[2022-08-19 23:20:24,929] {taskinstance.py:1179} INFO - Dependencies all met for <TaskInstance: sefa_dag.get_telegram_version scheduled__2020-01-01T19:06:00+00:00 [queued]>
[2022-08-19 23:20:24,950] {taskinstance.py:1179} INFO - Dependencies all met for <TaskInstance: sefa_dag.get_telegram_version scheduled__2020-01-01T19:06:00+00:00 [queued]>
[2022-08-19 23:20:24,952] {taskinstance.py:1376} INFO - 
--------------------------------------------------------------------------------
[2022-08-19 23:20:24,953] {taskinstance.py:1377} INFO - Starting attempt 1 of 1
[2022-08-19 23:20:24,954] {taskinstance.py:1378} INFO - 
--------------------------------------------------------------------------------
[2022-08-19 23:20:24,983] {taskinstance.py:1397} INFO - Executing <Task(PythonOperator): get_telegram_version> on 2020-01-01 19:06:00+00:00
[2022-08-19 23:20:25,021] {standard_task_runner.py:52} INFO - Started process 10773 to run task
[2022-08-19 23:20:25,073] {standard_task_runner.py:79} INFO - Running: ['***', 'tasks', 'run', 'sefa_dag', 'get_telegram_version', 'scheduled__2020-01-01T19:06:00+00:00', '--job-id', '2319', '--raw', '--subdir', 'DAGS_FOLDER/sefa_dag.py', '--cfg-path', '/tmp/tmpeq9r_j3b', '--error-file', '/tmp/tmp4m5y_ko8']
[2022-08-19 23:20:25,100] {standard_task_runner.py:80} INFO - Job 2319: Subtask get_telegram_version
[2022-08-19 23:20:25,265] {task_command.py:371} INFO - Running <TaskInstance: sefa_dag.get_telegram_version scheduled__2020-01-01T19:06:00+00:00 [running]> on host fd7a784b9251
[2022-08-19 23:20:25,425] {taskinstance.py:1591} INFO - Exporting the following env vars:
AIRFLOW_CTX_DAG_OWNER=***
AIRFLOW_CTX_DAG_ID=sefa_dag
AIRFLOW_CTX_TASK_ID=get_telegram_version
AIRFLOW_CTX_EXECUTION_DATE=2020-01-01T19:06:00+00:00
AIRFLOW_CTX_TRY_NUMBER=1
AIRFLOW_CTX_DAG_RUN_ID=scheduled__2020-01-01T19:06:00+00:00
[2022-08-19 23:20:25,428] {python.py:173} INFO - Done. Returned value was: 1.24.0
[2022-08-19 23:20:25,461] {taskinstance.py:1420} INFO - Marking task as SUCCESS. dag_id=sefa_dag, task_id=get_telegram_version, execution_date=20200101T190600, start_date=20220819T232024, end_date=20220819T232025
[2022-08-19 23:20:25,544] {local_task_job.py:156} INFO - Task exited with return code 0
[2022-08-19 23:20:25,598] {local_task_job.py:273} INFO - 0 downstream tasks scheduled from follow-on schedule check
