[2022-08-19 23:08:10,395] {taskinstance.py:1179} INFO - Dependencies all met for <TaskInstance: sefa_dag.get_telegram_version scheduled__2020-01-01T02:54:00+00:00 [queued]>
[2022-08-19 23:08:10,413] {taskinstance.py:1179} INFO - Dependencies all met for <TaskInstance: sefa_dag.get_telegram_version scheduled__2020-01-01T02:54:00+00:00 [queued]>
[2022-08-19 23:08:10,415] {taskinstance.py:1376} INFO - 
--------------------------------------------------------------------------------
[2022-08-19 23:08:10,417] {taskinstance.py:1377} INFO - Starting attempt 1 of 1
[2022-08-19 23:08:10,419] {taskinstance.py:1378} INFO - 
--------------------------------------------------------------------------------
[2022-08-19 23:08:10,440] {taskinstance.py:1397} INFO - Executing <Task(PythonOperator): get_telegram_version> on 2020-01-01 02:54:00+00:00
[2022-08-19 23:08:10,451] {standard_task_runner.py:52} INFO - Started process 2347 to run task
[2022-08-19 23:08:10,466] {standard_task_runner.py:79} INFO - Running: ['***', 'tasks', 'run', 'sefa_dag', 'get_telegram_version', 'scheduled__2020-01-01T02:54:00+00:00', '--job-id', '366', '--raw', '--subdir', 'DAGS_FOLDER/sefa_dag.py', '--cfg-path', '/tmp/tmp71h3zzb2', '--error-file', '/tmp/tmpez69z4vq']
[2022-08-19 23:08:10,470] {standard_task_runner.py:80} INFO - Job 366: Subtask get_telegram_version
[2022-08-19 23:08:10,584] {task_command.py:371} INFO - Running <TaskInstance: sefa_dag.get_telegram_version scheduled__2020-01-01T02:54:00+00:00 [running]> on host fd7a784b9251
[2022-08-19 23:08:10,724] {taskinstance.py:1591} INFO - Exporting the following env vars:
AIRFLOW_CTX_DAG_OWNER=***
AIRFLOW_CTX_DAG_ID=sefa_dag
AIRFLOW_CTX_TASK_ID=get_telegram_version
AIRFLOW_CTX_EXECUTION_DATE=2020-01-01T02:54:00+00:00
AIRFLOW_CTX_TRY_NUMBER=1
AIRFLOW_CTX_DAG_RUN_ID=scheduled__2020-01-01T02:54:00+00:00
[2022-08-19 23:08:10,725] {python.py:173} INFO - Done. Returned value was: 1.24.0
[2022-08-19 23:08:10,749] {taskinstance.py:1420} INFO - Marking task as SUCCESS. dag_id=sefa_dag, task_id=get_telegram_version, execution_date=20200101T025400, start_date=20220819T230810, end_date=20220819T230810
[2022-08-19 23:08:10,802] {local_task_job.py:156} INFO - Task exited with return code 0
[2022-08-19 23:08:10,830] {local_task_job.py:273} INFO - 0 downstream tasks scheduled from follow-on schedule check
