[2022-08-19 23:12:11,756] {taskinstance.py:1179} INFO - Dependencies all met for <TaskInstance: sefa_dag.get_telegram_version scheduled__2020-01-01T08:16:00+00:00 [queued]>
[2022-08-19 23:12:11,778] {taskinstance.py:1179} INFO - Dependencies all met for <TaskInstance: sefa_dag.get_telegram_version scheduled__2020-01-01T08:16:00+00:00 [queued]>
[2022-08-19 23:12:11,779] {taskinstance.py:1376} INFO - 
--------------------------------------------------------------------------------
[2022-08-19 23:12:11,780] {taskinstance.py:1377} INFO - Starting attempt 1 of 1
[2022-08-19 23:12:11,781] {taskinstance.py:1378} INFO - 
--------------------------------------------------------------------------------
[2022-08-19 23:12:11,797] {taskinstance.py:1397} INFO - Executing <Task(PythonOperator): get_telegram_version> on 2020-01-01 08:16:00+00:00
[2022-08-19 23:12:11,809] {standard_task_runner.py:52} INFO - Started process 5108 to run task
[2022-08-19 23:12:11,818] {standard_task_runner.py:79} INFO - Running: ['***', 'tasks', 'run', 'sefa_dag', 'get_telegram_version', 'scheduled__2020-01-01T08:16:00+00:00', '--job-id', '1010', '--raw', '--subdir', 'DAGS_FOLDER/sefa_dag.py', '--cfg-path', '/tmp/tmpn_qeqo7m', '--error-file', '/tmp/tmpi4l238vk']
[2022-08-19 23:12:11,820] {standard_task_runner.py:80} INFO - Job 1010: Subtask get_telegram_version
[2022-08-19 23:12:11,929] {task_command.py:371} INFO - Running <TaskInstance: sefa_dag.get_telegram_version scheduled__2020-01-01T08:16:00+00:00 [running]> on host fd7a784b9251
[2022-08-19 23:12:12,024] {taskinstance.py:1591} INFO - Exporting the following env vars:
AIRFLOW_CTX_DAG_OWNER=***
AIRFLOW_CTX_DAG_ID=sefa_dag
AIRFLOW_CTX_TASK_ID=get_telegram_version
AIRFLOW_CTX_EXECUTION_DATE=2020-01-01T08:16:00+00:00
AIRFLOW_CTX_TRY_NUMBER=1
AIRFLOW_CTX_DAG_RUN_ID=scheduled__2020-01-01T08:16:00+00:00
[2022-08-19 23:12:12,025] {python.py:173} INFO - Done. Returned value was: 1.24.0
[2022-08-19 23:12:12,050] {taskinstance.py:1420} INFO - Marking task as SUCCESS. dag_id=sefa_dag, task_id=get_telegram_version, execution_date=20200101T081600, start_date=20220819T231211, end_date=20220819T231212
[2022-08-19 23:12:12,077] {local_task_job.py:156} INFO - Task exited with return code 0
[2022-08-19 23:12:12,098] {local_task_job.py:273} INFO - 0 downstream tasks scheduled from follow-on schedule check
