[2022-08-19 23:17:06,639] {taskinstance.py:1179} INFO - Dependencies all met for <TaskInstance: sefa_dag.get_pandas_version scheduled__2020-01-01T14:47:00+00:00 [queued]>
[2022-08-19 23:17:06,651] {taskinstance.py:1179} INFO - Dependencies all met for <TaskInstance: sefa_dag.get_pandas_version scheduled__2020-01-01T14:47:00+00:00 [queued]>
[2022-08-19 23:17:06,652] {taskinstance.py:1376} INFO - 
--------------------------------------------------------------------------------
[2022-08-19 23:17:06,653] {taskinstance.py:1377} INFO - Starting attempt 1 of 1
[2022-08-19 23:17:06,654] {taskinstance.py:1378} INFO - 
--------------------------------------------------------------------------------
[2022-08-19 23:17:06,679] {taskinstance.py:1397} INFO - Executing <Task(PythonOperator): get_pandas_version> on 2020-01-01 14:47:00+00:00
[2022-08-19 23:17:06,693] {standard_task_runner.py:52} INFO - Started process 8514 to run task
[2022-08-19 23:17:06,712] {standard_task_runner.py:79} INFO - Running: ['***', 'tasks', 'run', 'sefa_dag', 'get_pandas_version', 'scheduled__2020-01-01T14:47:00+00:00', '--job-id', '1789', '--raw', '--subdir', 'DAGS_FOLDER/sefa_dag.py', '--cfg-path', '/tmp/tmpq6tb7jf8', '--error-file', '/tmp/tmp_r3_iq3g']
[2022-08-19 23:17:06,741] {standard_task_runner.py:80} INFO - Job 1789: Subtask get_pandas_version
[2022-08-19 23:17:06,909] {task_command.py:371} INFO - Running <TaskInstance: sefa_dag.get_pandas_version scheduled__2020-01-01T14:47:00+00:00 [running]> on host fd7a784b9251
[2022-08-19 23:17:07,118] {taskinstance.py:1591} INFO - Exporting the following env vars:
AIRFLOW_CTX_DAG_OWNER=***
AIRFLOW_CTX_DAG_ID=sefa_dag
AIRFLOW_CTX_TASK_ID=get_pandas_version
AIRFLOW_CTX_EXECUTION_DATE=2020-01-01T14:47:00+00:00
AIRFLOW_CTX_TRY_NUMBER=1
AIRFLOW_CTX_DAG_RUN_ID=scheduled__2020-01-01T14:47:00+00:00
[2022-08-19 23:17:07,134] {python.py:173} INFO - Done. Returned value was: 1.3.5
[2022-08-19 23:17:07,203] {taskinstance.py:1420} INFO - Marking task as SUCCESS. dag_id=sefa_dag, task_id=get_pandas_version, execution_date=20200101T144700, start_date=20220819T231706, end_date=20220819T231707
[2022-08-19 23:17:07,317] {local_task_job.py:156} INFO - Task exited with return code 0
[2022-08-19 23:17:07,414] {local_task_job.py:273} INFO - 1 downstream tasks scheduled from follow-on schedule check
