[2022-08-19 23:16:58,916] {taskinstance.py:1179} INFO - Dependencies all met for <TaskInstance: sefa_dag.get_telegram_version scheduled__2020-01-01T14:29:00+00:00 [queued]>
[2022-08-19 23:16:58,934] {taskinstance.py:1179} INFO - Dependencies all met for <TaskInstance: sefa_dag.get_telegram_version scheduled__2020-01-01T14:29:00+00:00 [queued]>
[2022-08-19 23:16:58,936] {taskinstance.py:1376} INFO - 
--------------------------------------------------------------------------------
[2022-08-19 23:16:58,937] {taskinstance.py:1377} INFO - Starting attempt 1 of 1
[2022-08-19 23:16:58,938] {taskinstance.py:1378} INFO - 
--------------------------------------------------------------------------------
[2022-08-19 23:16:58,971] {taskinstance.py:1397} INFO - Executing <Task(PythonOperator): get_telegram_version> on 2020-01-01 14:29:00+00:00
[2022-08-19 23:16:59,001] {standard_task_runner.py:52} INFO - Started process 8412 to run task
[2022-08-19 23:16:59,022] {standard_task_runner.py:79} INFO - Running: ['***', 'tasks', 'run', 'sefa_dag', 'get_telegram_version', 'scheduled__2020-01-01T14:29:00+00:00', '--job-id', '1767', '--raw', '--subdir', 'DAGS_FOLDER/sefa_dag.py', '--cfg-path', '/tmp/tmpjk84a879', '--error-file', '/tmp/tmp4_7lz6td']
[2022-08-19 23:16:59,047] {standard_task_runner.py:80} INFO - Job 1767: Subtask get_telegram_version
[2022-08-19 23:16:59,307] {task_command.py:371} INFO - Running <TaskInstance: sefa_dag.get_telegram_version scheduled__2020-01-01T14:29:00+00:00 [running]> on host fd7a784b9251
[2022-08-19 23:16:59,537] {taskinstance.py:1591} INFO - Exporting the following env vars:
AIRFLOW_CTX_DAG_OWNER=***
AIRFLOW_CTX_DAG_ID=sefa_dag
AIRFLOW_CTX_TASK_ID=get_telegram_version
AIRFLOW_CTX_EXECUTION_DATE=2020-01-01T14:29:00+00:00
AIRFLOW_CTX_TRY_NUMBER=1
AIRFLOW_CTX_DAG_RUN_ID=scheduled__2020-01-01T14:29:00+00:00
[2022-08-19 23:16:59,539] {python.py:173} INFO - Done. Returned value was: 1.24.0
[2022-08-19 23:16:59,601] {taskinstance.py:1420} INFO - Marking task as SUCCESS. dag_id=sefa_dag, task_id=get_telegram_version, execution_date=20200101T142900, start_date=20220819T231658, end_date=20220819T231659
[2022-08-19 23:16:59,673] {local_task_job.py:156} INFO - Task exited with return code 0
[2022-08-19 23:16:59,766] {local_task_job.py:273} INFO - 0 downstream tasks scheduled from follow-on schedule check
