[2022-08-19 22:53:45,706] {taskinstance.py:1179} INFO - Dependencies all met for <TaskInstance: example_bash_operator.runme_2 scheduled__2022-08-18T00:00:00+00:00 [queued]>
[2022-08-19 22:53:45,714] {taskinstance.py:1179} INFO - Dependencies all met for <TaskInstance: example_bash_operator.runme_2 scheduled__2022-08-18T00:00:00+00:00 [queued]>
[2022-08-19 22:53:45,715] {taskinstance.py:1376} INFO - 
--------------------------------------------------------------------------------
[2022-08-19 22:53:45,716] {taskinstance.py:1377} INFO - Starting attempt 1 of 1
[2022-08-19 22:53:45,717] {taskinstance.py:1378} INFO - 
--------------------------------------------------------------------------------
[2022-08-19 22:53:45,730] {taskinstance.py:1397} INFO - Executing <Task(BashOperator): runme_2> on 2022-08-18 00:00:00+00:00
[2022-08-19 22:53:45,738] {standard_task_runner.py:52} INFO - Started process 82 to run task
[2022-08-19 22:53:45,748] {standard_task_runner.py:79} INFO - Running: ['***', 'tasks', 'run', 'example_bash_operator', 'runme_2', 'scheduled__2022-08-18T00:00:00+00:00', '--job-id', '7', '--raw', '--subdir', '/home/***/.local/lib/python3.7/site-packages/***/example_dags/example_bash_operator.py', '--cfg-path', '/tmp/tmpve6x2_yl', '--error-file', '/tmp/tmpjr6sqy7r']
[2022-08-19 22:53:45,749] {standard_task_runner.py:80} INFO - Job 7: Subtask runme_2
[2022-08-19 22:53:45,827] {task_command.py:371} INFO - Running <TaskInstance: example_bash_operator.runme_2 scheduled__2022-08-18T00:00:00+00:00 [running]> on host fd7a784b9251
[2022-08-19 22:53:45,901] {taskinstance.py:1591} INFO - Exporting the following env vars:
AIRFLOW_CTX_DAG_OWNER=***
AIRFLOW_CTX_DAG_ID=example_bash_operator
AIRFLOW_CTX_TASK_ID=runme_2
AIRFLOW_CTX_EXECUTION_DATE=2022-08-18T00:00:00+00:00
AIRFLOW_CTX_TRY_NUMBER=1
AIRFLOW_CTX_DAG_RUN_ID=scheduled__2022-08-18T00:00:00+00:00
[2022-08-19 22:53:45,903] {subprocess.py:62} INFO - Tmp dir root location: 
 /tmp
[2022-08-19 22:53:45,904] {subprocess.py:74} INFO - Running command: ['bash', '-c', 'echo "example_bash_operator__runme_2__20220818" && sleep 1']
[2022-08-19 22:53:45,912] {subprocess.py:85} INFO - Output:
[2022-08-19 22:53:45,914] {subprocess.py:92} INFO - example_bash_operator__runme_2__20220818
[2022-08-19 22:53:46,916] {subprocess.py:96} INFO - Command exited with return code 0
[2022-08-19 22:53:46,945] {taskinstance.py:1420} INFO - Marking task as SUCCESS. dag_id=example_bash_operator, task_id=runme_2, execution_date=20220818T000000, start_date=20220819T225345, end_date=20220819T225346
[2022-08-19 22:53:46,997] {local_task_job.py:156} INFO - Task exited with return code 0
[2022-08-19 22:53:47,023] {local_task_job.py:273} INFO - 0 downstream tasks scheduled from follow-on schedule check
