[2022-08-19 23:14:36,293] {taskinstance.py:1179} INFO - Dependencies all met for <TaskInstance: sefa_dag.get_telegram_version scheduled__2020-01-01T11:16:00+00:00 [queued]>
[2022-08-19 23:14:36,322] {taskinstance.py:1179} INFO - Dependencies all met for <TaskInstance: sefa_dag.get_telegram_version scheduled__2020-01-01T11:16:00+00:00 [queued]>
[2022-08-19 23:14:36,322] {taskinstance.py:1376} INFO - 
--------------------------------------------------------------------------------
[2022-08-19 23:14:36,323] {taskinstance.py:1377} INFO - Starting attempt 1 of 1
[2022-08-19 23:14:36,325] {taskinstance.py:1378} INFO - 
--------------------------------------------------------------------------------
[2022-08-19 23:14:36,346] {taskinstance.py:1397} INFO - Executing <Task(PythonOperator): get_telegram_version> on 2020-01-01 11:16:00+00:00
[2022-08-19 23:14:36,366] {standard_task_runner.py:52} INFO - Started process 6722 to run task
[2022-08-19 23:14:36,380] {standard_task_runner.py:79} INFO - Running: ['***', 'tasks', 'run', 'sefa_dag', 'get_telegram_version', 'scheduled__2020-01-01T11:16:00+00:00', '--job-id', '1377', '--raw', '--subdir', 'DAGS_FOLDER/sefa_dag.py', '--cfg-path', '/tmp/tmpynkl0_te', '--error-file', '/tmp/tmpmr2m2g_a']
[2022-08-19 23:14:36,383] {standard_task_runner.py:80} INFO - Job 1377: Subtask get_telegram_version
[2022-08-19 23:14:36,508] {task_command.py:371} INFO - Running <TaskInstance: sefa_dag.get_telegram_version scheduled__2020-01-01T11:16:00+00:00 [running]> on host fd7a784b9251
[2022-08-19 23:14:36,633] {taskinstance.py:1591} INFO - Exporting the following env vars:
AIRFLOW_CTX_DAG_OWNER=***
AIRFLOW_CTX_DAG_ID=sefa_dag
AIRFLOW_CTX_TASK_ID=get_telegram_version
AIRFLOW_CTX_EXECUTION_DATE=2020-01-01T11:16:00+00:00
AIRFLOW_CTX_TRY_NUMBER=1
AIRFLOW_CTX_DAG_RUN_ID=scheduled__2020-01-01T11:16:00+00:00
[2022-08-19 23:14:36,636] {python.py:173} INFO - Done. Returned value was: 1.24.0
[2022-08-19 23:14:36,683] {taskinstance.py:1420} INFO - Marking task as SUCCESS. dag_id=sefa_dag, task_id=get_telegram_version, execution_date=20200101T111600, start_date=20220819T231436, end_date=20220819T231436
[2022-08-19 23:14:36,745] {local_task_job.py:156} INFO - Task exited with return code 0
[2022-08-19 23:14:36,780] {local_task_job.py:273} INFO - 0 downstream tasks scheduled from follow-on schedule check
