[2022-08-19 22:53:45,652] {taskinstance.py:1179} INFO - Dependencies all met for <TaskInstance: example_bash_operator.this_will_skip scheduled__2022-08-18T00:00:00+00:00 [queued]>
[2022-08-19 22:53:45,659] {taskinstance.py:1179} INFO - Dependencies all met for <TaskInstance: example_bash_operator.this_will_skip scheduled__2022-08-18T00:00:00+00:00 [queued]>
[2022-08-19 22:53:45,660] {taskinstance.py:1376} INFO - 
--------------------------------------------------------------------------------
[2022-08-19 22:53:45,661] {taskinstance.py:1377} INFO - Starting attempt 1 of 1
[2022-08-19 22:53:45,661] {taskinstance.py:1378} INFO - 
--------------------------------------------------------------------------------
[2022-08-19 22:53:45,671] {taskinstance.py:1397} INFO - Executing <Task(BashOperator): this_will_skip> on 2022-08-18 00:00:00+00:00
[2022-08-19 22:53:45,674] {standard_task_runner.py:52} INFO - Started process 80 to run task
[2022-08-19 22:53:45,678] {standard_task_runner.py:79} INFO - Running: ['***', 'tasks', 'run', 'example_bash_operator', 'this_will_skip', 'scheduled__2022-08-18T00:00:00+00:00', '--job-id', '3', '--raw', '--subdir', '/home/***/.local/lib/python3.7/site-packages/***/example_dags/example_bash_operator.py', '--cfg-path', '/tmp/tmp07yq2p5e', '--error-file', '/tmp/tmp3s6f5vlw']
[2022-08-19 22:53:45,679] {standard_task_runner.py:80} INFO - Job 3: Subtask this_will_skip
[2022-08-19 22:53:45,752] {task_command.py:371} INFO - Running <TaskInstance: example_bash_operator.this_will_skip scheduled__2022-08-18T00:00:00+00:00 [running]> on host fd7a784b9251
[2022-08-19 22:53:45,826] {taskinstance.py:1591} INFO - Exporting the following env vars:
AIRFLOW_CTX_DAG_OWNER=***
AIRFLOW_CTX_DAG_ID=example_bash_operator
AIRFLOW_CTX_TASK_ID=this_will_skip
AIRFLOW_CTX_EXECUTION_DATE=2022-08-18T00:00:00+00:00
AIRFLOW_CTX_TRY_NUMBER=1
AIRFLOW_CTX_DAG_RUN_ID=scheduled__2022-08-18T00:00:00+00:00
[2022-08-19 22:53:45,828] {subprocess.py:62} INFO - Tmp dir root location: 
 /tmp
[2022-08-19 22:53:45,829] {subprocess.py:74} INFO - Running command: ['bash', '-c', 'echo "hello world"; exit 99;']
[2022-08-19 22:53:45,841] {subprocess.py:85} INFO - Output:
[2022-08-19 22:53:45,843] {subprocess.py:92} INFO - hello world
[2022-08-19 22:53:45,844] {subprocess.py:96} INFO - Command exited with return code 99
[2022-08-19 22:53:45,847] {taskinstance.py:1498} INFO - Bash command returned exit code 99. Skipping.
[2022-08-19 22:53:45,866] {taskinstance.py:1420} INFO - Marking task as SKIPPED. dag_id=example_bash_operator, task_id=this_will_skip, execution_date=20220818T000000, start_date=20220819T225345, end_date=20220819T225345
[2022-08-19 22:53:45,892] {local_task_job.py:156} INFO - Task exited with return code 0
[2022-08-19 22:53:45,922] {local_task_job.py:273} INFO - 0 downstream tasks scheduled from follow-on schedule check
