[2022-08-19 23:15:10,169] {taskinstance.py:1179} INFO - Dependencies all met for <TaskInstance: sefa_dag.get_telegram_version scheduled__2020-01-01T11:57:00+00:00 [queued]>
[2022-08-19 23:15:10,197] {taskinstance.py:1179} INFO - Dependencies all met for <TaskInstance: sefa_dag.get_telegram_version scheduled__2020-01-01T11:57:00+00:00 [queued]>
[2022-08-19 23:15:10,205] {taskinstance.py:1376} INFO - 
--------------------------------------------------------------------------------
[2022-08-19 23:15:10,206] {taskinstance.py:1377} INFO - Starting attempt 1 of 1
[2022-08-19 23:15:10,207] {taskinstance.py:1378} INFO - 
--------------------------------------------------------------------------------
[2022-08-19 23:15:10,255] {taskinstance.py:1397} INFO - Executing <Task(PythonOperator): get_telegram_version> on 2020-01-01 11:57:00+00:00
[2022-08-19 23:15:10,275] {standard_task_runner.py:52} INFO - Started process 7096 to run task
[2022-08-19 23:15:10,297] {standard_task_runner.py:79} INFO - Running: ['***', 'tasks', 'run', 'sefa_dag', 'get_telegram_version', 'scheduled__2020-01-01T11:57:00+00:00', '--job-id', '1459', '--raw', '--subdir', 'DAGS_FOLDER/sefa_dag.py', '--cfg-path', '/tmp/tmp7iu18jk7', '--error-file', '/tmp/tmpn3bcl8nx']
[2022-08-19 23:15:10,305] {standard_task_runner.py:80} INFO - Job 1459: Subtask get_telegram_version
[2022-08-19 23:15:10,453] {task_command.py:371} INFO - Running <TaskInstance: sefa_dag.get_telegram_version scheduled__2020-01-01T11:57:00+00:00 [running]> on host fd7a784b9251
[2022-08-19 23:15:10,675] {taskinstance.py:1591} INFO - Exporting the following env vars:
AIRFLOW_CTX_DAG_OWNER=***
AIRFLOW_CTX_DAG_ID=sefa_dag
AIRFLOW_CTX_TASK_ID=get_telegram_version
AIRFLOW_CTX_EXECUTION_DATE=2020-01-01T11:57:00+00:00
AIRFLOW_CTX_TRY_NUMBER=1
AIRFLOW_CTX_DAG_RUN_ID=scheduled__2020-01-01T11:57:00+00:00
[2022-08-19 23:15:10,679] {python.py:173} INFO - Done. Returned value was: 1.24.0
[2022-08-19 23:15:10,720] {taskinstance.py:1420} INFO - Marking task as SUCCESS. dag_id=sefa_dag, task_id=get_telegram_version, execution_date=20200101T115700, start_date=20220819T231510, end_date=20220819T231510
[2022-08-19 23:15:10,786] {local_task_job.py:156} INFO - Task exited with return code 0
[2022-08-19 23:15:10,877] {local_task_job.py:273} INFO - 0 downstream tasks scheduled from follow-on schedule check
