[2022-08-19 23:14:14,792] {taskinstance.py:1179} INFO - Dependencies all met for <TaskInstance: sefa_dag.get_telegram_version scheduled__2020-01-01T10:44:00+00:00 [queued]>
[2022-08-19 23:14:14,800] {taskinstance.py:1179} INFO - Dependencies all met for <TaskInstance: sefa_dag.get_telegram_version scheduled__2020-01-01T10:44:00+00:00 [queued]>
[2022-08-19 23:14:14,801] {taskinstance.py:1376} INFO - 
--------------------------------------------------------------------------------
[2022-08-19 23:14:14,804] {taskinstance.py:1377} INFO - Starting attempt 1 of 1
[2022-08-19 23:14:14,804] {taskinstance.py:1378} INFO - 
--------------------------------------------------------------------------------
[2022-08-19 23:14:14,818] {taskinstance.py:1397} INFO - Executing <Task(PythonOperator): get_telegram_version> on 2020-01-01 10:44:00+00:00
[2022-08-19 23:14:14,824] {standard_task_runner.py:52} INFO - Started process 6425 to run task
[2022-08-19 23:14:14,828] {standard_task_runner.py:79} INFO - Running: ['***', 'tasks', 'run', 'sefa_dag', 'get_telegram_version', 'scheduled__2020-01-01T10:44:00+00:00', '--job-id', '1313', '--raw', '--subdir', 'DAGS_FOLDER/sefa_dag.py', '--cfg-path', '/tmp/tmpqpm3ox8x', '--error-file', '/tmp/tmpwxo2_sem']
[2022-08-19 23:14:14,831] {standard_task_runner.py:80} INFO - Job 1313: Subtask get_telegram_version
[2022-08-19 23:14:14,988] {task_command.py:371} INFO - Running <TaskInstance: sefa_dag.get_telegram_version scheduled__2020-01-01T10:44:00+00:00 [running]> on host fd7a784b9251
[2022-08-19 23:14:15,116] {taskinstance.py:1591} INFO - Exporting the following env vars:
AIRFLOW_CTX_DAG_OWNER=***
AIRFLOW_CTX_DAG_ID=sefa_dag
AIRFLOW_CTX_TASK_ID=get_telegram_version
AIRFLOW_CTX_EXECUTION_DATE=2020-01-01T10:44:00+00:00
AIRFLOW_CTX_TRY_NUMBER=1
AIRFLOW_CTX_DAG_RUN_ID=scheduled__2020-01-01T10:44:00+00:00
[2022-08-19 23:14:15,119] {python.py:173} INFO - Done. Returned value was: 1.24.0
[2022-08-19 23:14:15,146] {taskinstance.py:1420} INFO - Marking task as SUCCESS. dag_id=sefa_dag, task_id=get_telegram_version, execution_date=20200101T104400, start_date=20220819T231414, end_date=20220819T231415
[2022-08-19 23:14:15,200] {local_task_job.py:156} INFO - Task exited with return code 0
[2022-08-19 23:14:15,270] {local_task_job.py:273} INFO - 0 downstream tasks scheduled from follow-on schedule check
