[2022-08-19 23:06:21,299] {taskinstance.py:1179} INFO - Dependencies all met for <TaskInstance: sefa_dag.get_telegram_version scheduled__2020-01-01T00:18:00+00:00 [queued]>
[2022-08-19 23:06:21,344] {taskinstance.py:1179} INFO - Dependencies all met for <TaskInstance: sefa_dag.get_telegram_version scheduled__2020-01-01T00:18:00+00:00 [queued]>
[2022-08-19 23:06:21,346] {taskinstance.py:1376} INFO - 
--------------------------------------------------------------------------------
[2022-08-19 23:06:21,347] {taskinstance.py:1377} INFO - Starting attempt 1 of 1
[2022-08-19 23:06:21,350] {taskinstance.py:1378} INFO - 
--------------------------------------------------------------------------------
[2022-08-19 23:06:21,411] {taskinstance.py:1397} INFO - Executing <Task(PythonOperator): get_telegram_version> on 2020-01-01 00:18:00+00:00
[2022-08-19 23:06:21,433] {standard_task_runner.py:52} INFO - Started process 1087 to run task
[2022-08-19 23:06:21,441] {standard_task_runner.py:79} INFO - Running: ['***', 'tasks', 'run', 'sefa_dag', 'get_telegram_version', 'scheduled__2020-01-01T00:18:00+00:00', '--job-id', '67', '--raw', '--subdir', 'DAGS_FOLDER/sefa_dag.py', '--cfg-path', '/tmp/tmp7nefcjbb', '--error-file', '/tmp/tmpnup0xgri']
[2022-08-19 23:06:21,473] {standard_task_runner.py:80} INFO - Job 67: Subtask get_telegram_version
[2022-08-19 23:06:21,637] {task_command.py:371} INFO - Running <TaskInstance: sefa_dag.get_telegram_version scheduled__2020-01-01T00:18:00+00:00 [running]> on host fd7a784b9251
[2022-08-19 23:06:21,827] {taskinstance.py:1591} INFO - Exporting the following env vars:
AIRFLOW_CTX_DAG_OWNER=***
AIRFLOW_CTX_DAG_ID=sefa_dag
AIRFLOW_CTX_TASK_ID=get_telegram_version
AIRFLOW_CTX_EXECUTION_DATE=2020-01-01T00:18:00+00:00
AIRFLOW_CTX_TRY_NUMBER=1
AIRFLOW_CTX_DAG_RUN_ID=scheduled__2020-01-01T00:18:00+00:00
[2022-08-19 23:06:21,829] {python.py:173} INFO - Done. Returned value was: 1.24.0
[2022-08-19 23:06:21,896] {taskinstance.py:1420} INFO - Marking task as SUCCESS. dag_id=sefa_dag, task_id=get_telegram_version, execution_date=20200101T001800, start_date=20220819T230621, end_date=20220819T230621
[2022-08-19 23:06:22,002] {local_task_job.py:156} INFO - Task exited with return code 0
[2022-08-19 23:06:22,043] {local_task_job.py:273} INFO - 0 downstream tasks scheduled from follow-on schedule check
