[2022-08-19 23:10:06,409] {taskinstance.py:1179} INFO - Dependencies all met for <TaskInstance: sefa_dag.get_telegram_version scheduled__2020-01-01T05:31:00+00:00 [queued]>
[2022-08-19 23:10:06,429] {taskinstance.py:1179} INFO - Dependencies all met for <TaskInstance: sefa_dag.get_telegram_version scheduled__2020-01-01T05:31:00+00:00 [queued]>
[2022-08-19 23:10:06,430] {taskinstance.py:1376} INFO - 
--------------------------------------------------------------------------------
[2022-08-19 23:10:06,431] {taskinstance.py:1377} INFO - Starting attempt 1 of 1
[2022-08-19 23:10:06,431] {taskinstance.py:1378} INFO - 
--------------------------------------------------------------------------------
[2022-08-19 23:10:06,451] {taskinstance.py:1397} INFO - Executing <Task(PythonOperator): get_telegram_version> on 2020-01-01 05:31:00+00:00
[2022-08-19 23:10:06,462] {standard_task_runner.py:52} INFO - Started process 3725 to run task
[2022-08-19 23:10:06,480] {standard_task_runner.py:79} INFO - Running: ['***', 'tasks', 'run', 'sefa_dag', 'get_telegram_version', 'scheduled__2020-01-01T05:31:00+00:00', '--job-id', '684', '--raw', '--subdir', 'DAGS_FOLDER/sefa_dag.py', '--cfg-path', '/tmp/tmpvkerg32o', '--error-file', '/tmp/tmptd56_yel']
[2022-08-19 23:10:06,483] {standard_task_runner.py:80} INFO - Job 684: Subtask get_telegram_version
[2022-08-19 23:10:06,611] {task_command.py:371} INFO - Running <TaskInstance: sefa_dag.get_telegram_version scheduled__2020-01-01T05:31:00+00:00 [running]> on host fd7a784b9251
[2022-08-19 23:10:06,758] {taskinstance.py:1591} INFO - Exporting the following env vars:
AIRFLOW_CTX_DAG_OWNER=***
AIRFLOW_CTX_DAG_ID=sefa_dag
AIRFLOW_CTX_TASK_ID=get_telegram_version
AIRFLOW_CTX_EXECUTION_DATE=2020-01-01T05:31:00+00:00
AIRFLOW_CTX_TRY_NUMBER=1
AIRFLOW_CTX_DAG_RUN_ID=scheduled__2020-01-01T05:31:00+00:00
[2022-08-19 23:10:06,761] {python.py:173} INFO - Done. Returned value was: 1.24.0
[2022-08-19 23:10:06,784] {taskinstance.py:1420} INFO - Marking task as SUCCESS. dag_id=sefa_dag, task_id=get_telegram_version, execution_date=20200101T053100, start_date=20220819T231006, end_date=20220819T231006
[2022-08-19 23:10:06,853] {local_task_job.py:156} INFO - Task exited with return code 0
[2022-08-19 23:10:06,915] {local_task_job.py:273} INFO - 0 downstream tasks scheduled from follow-on schedule check
