[2022-08-19 23:20:21,873] {taskinstance.py:1179} INFO - Dependencies all met for <TaskInstance: sefa_dag.get_pandas_version scheduled__2020-01-01T19:07:00+00:00 [queued]>
[2022-08-19 23:20:21,885] {taskinstance.py:1179} INFO - Dependencies all met for <TaskInstance: sefa_dag.get_pandas_version scheduled__2020-01-01T19:07:00+00:00 [queued]>
[2022-08-19 23:20:21,886] {taskinstance.py:1376} INFO - 
--------------------------------------------------------------------------------
[2022-08-19 23:20:21,887] {taskinstance.py:1377} INFO - Starting attempt 1 of 1
[2022-08-19 23:20:21,888] {taskinstance.py:1378} INFO - 
--------------------------------------------------------------------------------
[2022-08-19 23:20:21,944] {taskinstance.py:1397} INFO - Executing <Task(PythonOperator): get_pandas_version> on 2020-01-01 19:07:00+00:00
[2022-08-19 23:20:21,963] {standard_task_runner.py:52} INFO - Started process 10730 to run task
[2022-08-19 23:20:21,988] {standard_task_runner.py:79} INFO - Running: ['***', 'tasks', 'run', 'sefa_dag', 'get_pandas_version', 'scheduled__2020-01-01T19:07:00+00:00', '--job-id', '2306', '--raw', '--subdir', 'DAGS_FOLDER/sefa_dag.py', '--cfg-path', '/tmp/tmp46l48t81', '--error-file', '/tmp/tmpmxl1cbq3']
[2022-08-19 23:20:21,992] {standard_task_runner.py:80} INFO - Job 2306: Subtask get_pandas_version
[2022-08-19 23:20:22,139] {task_command.py:371} INFO - Running <TaskInstance: sefa_dag.get_pandas_version scheduled__2020-01-01T19:07:00+00:00 [running]> on host fd7a784b9251
[2022-08-19 23:20:22,361] {taskinstance.py:1591} INFO - Exporting the following env vars:
AIRFLOW_CTX_DAG_OWNER=***
AIRFLOW_CTX_DAG_ID=sefa_dag
AIRFLOW_CTX_TASK_ID=get_pandas_version
AIRFLOW_CTX_EXECUTION_DATE=2020-01-01T19:07:00+00:00
AIRFLOW_CTX_TRY_NUMBER=1
AIRFLOW_CTX_DAG_RUN_ID=scheduled__2020-01-01T19:07:00+00:00
[2022-08-19 23:20:22,363] {python.py:173} INFO - Done. Returned value was: 1.3.5
[2022-08-19 23:20:22,414] {taskinstance.py:1420} INFO - Marking task as SUCCESS. dag_id=sefa_dag, task_id=get_pandas_version, execution_date=20200101T190700, start_date=20220819T232021, end_date=20220819T232022
[2022-08-19 23:20:22,507] {local_task_job.py:156} INFO - Task exited with return code 0
[2022-08-19 23:20:22,578] {local_task_job.py:273} INFO - 1 downstream tasks scheduled from follow-on schedule check
