[2022-08-19 23:14:26,961] {taskinstance.py:1179} INFO - Dependencies all met for <TaskInstance: sefa_dag.get_telegram_version scheduled__2020-01-01T11:06:00+00:00 [queued]>
[2022-08-19 23:14:26,969] {taskinstance.py:1179} INFO - Dependencies all met for <TaskInstance: sefa_dag.get_telegram_version scheduled__2020-01-01T11:06:00+00:00 [queued]>
[2022-08-19 23:14:26,970] {taskinstance.py:1376} INFO - 
--------------------------------------------------------------------------------
[2022-08-19 23:14:26,971] {taskinstance.py:1377} INFO - Starting attempt 1 of 1
[2022-08-19 23:14:26,972] {taskinstance.py:1378} INFO - 
--------------------------------------------------------------------------------
[2022-08-19 23:14:26,983] {taskinstance.py:1397} INFO - Executing <Task(PythonOperator): get_telegram_version> on 2020-01-01 11:06:00+00:00
[2022-08-19 23:14:26,989] {standard_task_runner.py:52} INFO - Started process 6590 to run task
[2022-08-19 23:14:26,999] {standard_task_runner.py:79} INFO - Running: ['***', 'tasks', 'run', 'sefa_dag', 'get_telegram_version', 'scheduled__2020-01-01T11:06:00+00:00', '--job-id', '1352', '--raw', '--subdir', 'DAGS_FOLDER/sefa_dag.py', '--cfg-path', '/tmp/tmpwzoflb75', '--error-file', '/tmp/tmply85crzm']
[2022-08-19 23:14:27,003] {standard_task_runner.py:80} INFO - Job 1352: Subtask get_telegram_version
[2022-08-19 23:14:27,054] {task_command.py:371} INFO - Running <TaskInstance: sefa_dag.get_telegram_version scheduled__2020-01-01T11:06:00+00:00 [running]> on host fd7a784b9251
[2022-08-19 23:14:27,096] {taskinstance.py:1591} INFO - Exporting the following env vars:
AIRFLOW_CTX_DAG_OWNER=***
AIRFLOW_CTX_DAG_ID=sefa_dag
AIRFLOW_CTX_TASK_ID=get_telegram_version
AIRFLOW_CTX_EXECUTION_DATE=2020-01-01T11:06:00+00:00
AIRFLOW_CTX_TRY_NUMBER=1
AIRFLOW_CTX_DAG_RUN_ID=scheduled__2020-01-01T11:06:00+00:00
[2022-08-19 23:14:27,097] {python.py:173} INFO - Done. Returned value was: 1.24.0
[2022-08-19 23:14:27,112] {taskinstance.py:1420} INFO - Marking task as SUCCESS. dag_id=sefa_dag, task_id=get_telegram_version, execution_date=20200101T110600, start_date=20220819T231426, end_date=20220819T231427
[2022-08-19 23:14:27,165] {local_task_job.py:156} INFO - Task exited with return code 0
[2022-08-19 23:14:27,221] {local_task_job.py:273} INFO - 0 downstream tasks scheduled from follow-on schedule check
