[2022-08-19 23:08:33,001] {taskinstance.py:1179} INFO - Dependencies all met for <TaskInstance: sefa_dag.get_pandas_version scheduled__2020-01-01T03:16:00+00:00 [queued]>
[2022-08-19 23:08:33,027] {taskinstance.py:1179} INFO - Dependencies all met for <TaskInstance: sefa_dag.get_pandas_version scheduled__2020-01-01T03:16:00+00:00 [queued]>
[2022-08-19 23:08:33,031] {taskinstance.py:1376} INFO - 
--------------------------------------------------------------------------------
[2022-08-19 23:08:33,033] {taskinstance.py:1377} INFO - Starting attempt 1 of 1
[2022-08-19 23:08:33,034] {taskinstance.py:1378} INFO - 
--------------------------------------------------------------------------------
[2022-08-19 23:08:33,056] {taskinstance.py:1397} INFO - Executing <Task(PythonOperator): get_pandas_version> on 2020-01-01 03:16:00+00:00
[2022-08-19 23:08:33,065] {standard_task_runner.py:52} INFO - Started process 2549 to run task
[2022-08-19 23:08:33,079] {standard_task_runner.py:79} INFO - Running: ['***', 'tasks', 'run', 'sefa_dag', 'get_pandas_version', 'scheduled__2020-01-01T03:16:00+00:00', '--job-id', '409', '--raw', '--subdir', 'DAGS_FOLDER/sefa_dag.py', '--cfg-path', '/tmp/tmpa5i_f25j', '--error-file', '/tmp/tmp3tfvcm1v']
[2022-08-19 23:08:33,109] {standard_task_runner.py:80} INFO - Job 409: Subtask get_pandas_version
[2022-08-19 23:08:33,278] {task_command.py:371} INFO - Running <TaskInstance: sefa_dag.get_pandas_version scheduled__2020-01-01T03:16:00+00:00 [running]> on host fd7a784b9251
[2022-08-19 23:08:33,447] {taskinstance.py:1591} INFO - Exporting the following env vars:
AIRFLOW_CTX_DAG_OWNER=***
AIRFLOW_CTX_DAG_ID=sefa_dag
AIRFLOW_CTX_TASK_ID=get_pandas_version
AIRFLOW_CTX_EXECUTION_DATE=2020-01-01T03:16:00+00:00
AIRFLOW_CTX_TRY_NUMBER=1
AIRFLOW_CTX_DAG_RUN_ID=scheduled__2020-01-01T03:16:00+00:00
[2022-08-19 23:08:33,455] {python.py:173} INFO - Done. Returned value was: 1.3.5
[2022-08-19 23:08:33,521] {taskinstance.py:1420} INFO - Marking task as SUCCESS. dag_id=sefa_dag, task_id=get_pandas_version, execution_date=20200101T031600, start_date=20220819T230833, end_date=20220819T230833
[2022-08-19 23:08:33,609] {local_task_job.py:156} INFO - Task exited with return code 0
[2022-08-19 23:08:33,680] {local_task_job.py:273} INFO - 1 downstream tasks scheduled from follow-on schedule check
