[2022-08-19 23:09:39,882] {taskinstance.py:1179} INFO - Dependencies all met for <TaskInstance: sefa_dag.get_pandas_version scheduled__2020-01-01T04:54:00+00:00 [queued]>
[2022-08-19 23:09:39,912] {taskinstance.py:1179} INFO - Dependencies all met for <TaskInstance: sefa_dag.get_pandas_version scheduled__2020-01-01T04:54:00+00:00 [queued]>
[2022-08-19 23:09:39,942] {taskinstance.py:1376} INFO - 
--------------------------------------------------------------------------------
[2022-08-19 23:09:39,959] {taskinstance.py:1377} INFO - Starting attempt 1 of 1
[2022-08-19 23:09:39,960] {taskinstance.py:1378} INFO - 
--------------------------------------------------------------------------------
[2022-08-19 23:09:40,004] {taskinstance.py:1397} INFO - Executing <Task(PythonOperator): get_pandas_version> on 2020-01-01 04:54:00+00:00
[2022-08-19 23:09:40,035] {standard_task_runner.py:52} INFO - Started process 3379 to run task
[2022-08-19 23:09:40,073] {standard_task_runner.py:79} INFO - Running: ['***', 'tasks', 'run', 'sefa_dag', 'get_pandas_version', 'scheduled__2020-01-01T04:54:00+00:00', '--job-id', '600', '--raw', '--subdir', 'DAGS_FOLDER/sefa_dag.py', '--cfg-path', '/tmp/tmpzssil60r', '--error-file', '/tmp/tmpsupy9t4q']
[2022-08-19 23:09:40,082] {standard_task_runner.py:80} INFO - Job 600: Subtask get_pandas_version
[2022-08-19 23:09:40,263] {task_command.py:371} INFO - Running <TaskInstance: sefa_dag.get_pandas_version scheduled__2020-01-01T04:54:00+00:00 [running]> on host fd7a784b9251
[2022-08-19 23:09:40,526] {taskinstance.py:1591} INFO - Exporting the following env vars:
AIRFLOW_CTX_DAG_OWNER=***
AIRFLOW_CTX_DAG_ID=sefa_dag
AIRFLOW_CTX_TASK_ID=get_pandas_version
AIRFLOW_CTX_EXECUTION_DATE=2020-01-01T04:54:00+00:00
AIRFLOW_CTX_TRY_NUMBER=1
AIRFLOW_CTX_DAG_RUN_ID=scheduled__2020-01-01T04:54:00+00:00
[2022-08-19 23:09:40,529] {python.py:173} INFO - Done. Returned value was: 1.3.5
[2022-08-19 23:09:40,667] {taskinstance.py:1420} INFO - Marking task as SUCCESS. dag_id=sefa_dag, task_id=get_pandas_version, execution_date=20200101T045400, start_date=20220819T230939, end_date=20220819T230940
[2022-08-19 23:09:40,783] {local_task_job.py:156} INFO - Task exited with return code 0
[2022-08-19 23:09:40,941] {local_task_job.py:273} INFO - 1 downstream tasks scheduled from follow-on schedule check
