[2022-08-19 23:20:26,019] {taskinstance.py:1179} INFO - Dependencies all met for <TaskInstance: sefa_dag.get_telegram_version scheduled__2020-01-01T19:08:00+00:00 [queued]>
[2022-08-19 23:20:26,031] {taskinstance.py:1179} INFO - Dependencies all met for <TaskInstance: sefa_dag.get_telegram_version scheduled__2020-01-01T19:08:00+00:00 [queued]>
[2022-08-19 23:20:26,033] {taskinstance.py:1376} INFO - 
--------------------------------------------------------------------------------
[2022-08-19 23:20:26,034] {taskinstance.py:1377} INFO - Starting attempt 1 of 1
[2022-08-19 23:20:26,035] {taskinstance.py:1378} INFO - 
--------------------------------------------------------------------------------
[2022-08-19 23:20:26,058] {taskinstance.py:1397} INFO - Executing <Task(PythonOperator): get_telegram_version> on 2020-01-01 19:08:00+00:00
[2022-08-19 23:20:26,069] {standard_task_runner.py:52} INFO - Started process 10784 to run task
[2022-08-19 23:20:26,087] {standard_task_runner.py:79} INFO - Running: ['***', 'tasks', 'run', 'sefa_dag', 'get_telegram_version', 'scheduled__2020-01-01T19:08:00+00:00', '--job-id', '2325', '--raw', '--subdir', 'DAGS_FOLDER/sefa_dag.py', '--cfg-path', '/tmp/tmp876gpbmu', '--error-file', '/tmp/tmpiuieb59v']
[2022-08-19 23:20:26,094] {standard_task_runner.py:80} INFO - Job 2325: Subtask get_telegram_version
[2022-08-19 23:20:26,241] {task_command.py:371} INFO - Running <TaskInstance: sefa_dag.get_telegram_version scheduled__2020-01-01T19:08:00+00:00 [running]> on host fd7a784b9251
[2022-08-19 23:20:26,556] {taskinstance.py:1591} INFO - Exporting the following env vars:
AIRFLOW_CTX_DAG_OWNER=***
AIRFLOW_CTX_DAG_ID=sefa_dag
AIRFLOW_CTX_TASK_ID=get_telegram_version
AIRFLOW_CTX_EXECUTION_DATE=2020-01-01T19:08:00+00:00
AIRFLOW_CTX_TRY_NUMBER=1
AIRFLOW_CTX_DAG_RUN_ID=scheduled__2020-01-01T19:08:00+00:00
[2022-08-19 23:20:26,558] {python.py:173} INFO - Done. Returned value was: 1.24.0
[2022-08-19 23:20:26,587] {taskinstance.py:1420} INFO - Marking task as SUCCESS. dag_id=sefa_dag, task_id=get_telegram_version, execution_date=20200101T190800, start_date=20220819T232026, end_date=20220819T232026
[2022-08-19 23:20:26,625] {local_task_job.py:156} INFO - Task exited with return code 0
[2022-08-19 23:20:26,656] {local_task_job.py:273} INFO - 0 downstream tasks scheduled from follow-on schedule check
