[2022-08-19 23:07:48,975] {taskinstance.py:1179} INFO - Dependencies all met for <TaskInstance: sefa_dag.get_pandas_version scheduled__2020-01-01T02:29:00+00:00 [queued]>
[2022-08-19 23:07:48,997] {taskinstance.py:1179} INFO - Dependencies all met for <TaskInstance: sefa_dag.get_pandas_version scheduled__2020-01-01T02:29:00+00:00 [queued]>
[2022-08-19 23:07:49,005] {taskinstance.py:1376} INFO - 
--------------------------------------------------------------------------------
[2022-08-19 23:07:49,006] {taskinstance.py:1377} INFO - Starting attempt 1 of 1
[2022-08-19 23:07:49,007] {taskinstance.py:1378} INFO - 
--------------------------------------------------------------------------------
[2022-08-19 23:07:49,041] {taskinstance.py:1397} INFO - Executing <Task(PythonOperator): get_pandas_version> on 2020-01-01 02:29:00+00:00
[2022-08-19 23:07:49,052] {standard_task_runner.py:52} INFO - Started process 2130 to run task
[2022-08-19 23:07:49,068] {standard_task_runner.py:79} INFO - Running: ['***', 'tasks', 'run', 'sefa_dag', 'get_pandas_version', 'scheduled__2020-01-01T02:29:00+00:00', '--job-id', '309', '--raw', '--subdir', 'DAGS_FOLDER/sefa_dag.py', '--cfg-path', '/tmp/tmp8d4v22u5', '--error-file', '/tmp/tmp08xyx_1p']
[2022-08-19 23:07:49,072] {standard_task_runner.py:80} INFO - Job 309: Subtask get_pandas_version
[2022-08-19 23:07:49,171] {task_command.py:371} INFO - Running <TaskInstance: sefa_dag.get_pandas_version scheduled__2020-01-01T02:29:00+00:00 [running]> on host fd7a784b9251
[2022-08-19 23:07:49,307] {taskinstance.py:1591} INFO - Exporting the following env vars:
AIRFLOW_CTX_DAG_OWNER=***
AIRFLOW_CTX_DAG_ID=sefa_dag
AIRFLOW_CTX_TASK_ID=get_pandas_version
AIRFLOW_CTX_EXECUTION_DATE=2020-01-01T02:29:00+00:00
AIRFLOW_CTX_TRY_NUMBER=1
AIRFLOW_CTX_DAG_RUN_ID=scheduled__2020-01-01T02:29:00+00:00
[2022-08-19 23:07:49,309] {logging_mixin.py:115} INFO - 1.3.5
[2022-08-19 23:07:49,310] {python.py:173} INFO - Done. Returned value was: None
[2022-08-19 23:07:49,347] {taskinstance.py:1420} INFO - Marking task as SUCCESS. dag_id=sefa_dag, task_id=get_pandas_version, execution_date=20200101T022900, start_date=20220819T230748, end_date=20220819T230749
[2022-08-19 23:07:49,448] {local_task_job.py:156} INFO - Task exited with return code 0
[2022-08-19 23:07:49,515] {local_task_job.py:273} INFO - 1 downstream tasks scheduled from follow-on schedule check
