[2022-08-19 23:15:39,046] {taskinstance.py:1179} INFO - Dependencies all met for <TaskInstance: sefa_dag.get_telegram_version scheduled__2020-01-01T12:33:00+00:00 [queued]>
[2022-08-19 23:15:39,055] {taskinstance.py:1179} INFO - Dependencies all met for <TaskInstance: sefa_dag.get_telegram_version scheduled__2020-01-01T12:33:00+00:00 [queued]>
[2022-08-19 23:15:39,057] {taskinstance.py:1376} INFO - 
--------------------------------------------------------------------------------
[2022-08-19 23:15:39,058] {taskinstance.py:1377} INFO - Starting attempt 1 of 1
[2022-08-19 23:15:39,059] {taskinstance.py:1378} INFO - 
--------------------------------------------------------------------------------
[2022-08-19 23:15:39,082] {taskinstance.py:1397} INFO - Executing <Task(PythonOperator): get_telegram_version> on 2020-01-01 12:33:00+00:00
[2022-08-19 23:15:39,089] {standard_task_runner.py:52} INFO - Started process 7403 to run task
[2022-08-19 23:15:39,103] {standard_task_runner.py:79} INFO - Running: ['***', 'tasks', 'run', 'sefa_dag', 'get_telegram_version', 'scheduled__2020-01-01T12:33:00+00:00', '--job-id', '1533', '--raw', '--subdir', 'DAGS_FOLDER/sefa_dag.py', '--cfg-path', '/tmp/tmpsznd9h3b', '--error-file', '/tmp/tmpozll8pz5']
[2022-08-19 23:15:39,108] {standard_task_runner.py:80} INFO - Job 1533: Subtask get_telegram_version
[2022-08-19 23:15:39,198] {task_command.py:371} INFO - Running <TaskInstance: sefa_dag.get_telegram_version scheduled__2020-01-01T12:33:00+00:00 [running]> on host fd7a784b9251
[2022-08-19 23:15:39,335] {taskinstance.py:1591} INFO - Exporting the following env vars:
AIRFLOW_CTX_DAG_OWNER=***
AIRFLOW_CTX_DAG_ID=sefa_dag
AIRFLOW_CTX_TASK_ID=get_telegram_version
AIRFLOW_CTX_EXECUTION_DATE=2020-01-01T12:33:00+00:00
AIRFLOW_CTX_TRY_NUMBER=1
AIRFLOW_CTX_DAG_RUN_ID=scheduled__2020-01-01T12:33:00+00:00
[2022-08-19 23:15:39,337] {python.py:173} INFO - Done. Returned value was: 1.24.0
[2022-08-19 23:15:39,382] {taskinstance.py:1420} INFO - Marking task as SUCCESS. dag_id=sefa_dag, task_id=get_telegram_version, execution_date=20200101T123300, start_date=20220819T231539, end_date=20220819T231539
[2022-08-19 23:15:39,507] {local_task_job.py:156} INFO - Task exited with return code 0
[2022-08-19 23:15:39,547] {local_task_job.py:273} INFO - 0 downstream tasks scheduled from follow-on schedule check
