[2022-08-19 23:20:37,421] {taskinstance.py:1179} INFO - Dependencies all met for <TaskInstance: sefa_dag.get_telegram_version scheduled__2020-01-01T19:28:00+00:00 [queued]>
[2022-08-19 23:20:37,434] {taskinstance.py:1179} INFO - Dependencies all met for <TaskInstance: sefa_dag.get_telegram_version scheduled__2020-01-01T19:28:00+00:00 [queued]>
[2022-08-19 23:20:37,435] {taskinstance.py:1376} INFO - 
--------------------------------------------------------------------------------
[2022-08-19 23:20:37,436] {taskinstance.py:1377} INFO - Starting attempt 1 of 1
[2022-08-19 23:20:37,437] {taskinstance.py:1378} INFO - 
--------------------------------------------------------------------------------
[2022-08-19 23:20:37,460] {taskinstance.py:1397} INFO - Executing <Task(PythonOperator): get_telegram_version> on 2020-01-01 19:28:00+00:00
[2022-08-19 23:20:37,468] {standard_task_runner.py:52} INFO - Started process 10917 to run task
[2022-08-19 23:20:37,480] {standard_task_runner.py:79} INFO - Running: ['***', 'tasks', 'run', 'sefa_dag', 'get_telegram_version', 'scheduled__2020-01-01T19:28:00+00:00', '--job-id', '2354', '--raw', '--subdir', 'DAGS_FOLDER/sefa_dag.py', '--cfg-path', '/tmp/tmp0krxf1gm', '--error-file', '/tmp/tmpy2j2r3kf']
[2022-08-19 23:20:37,492] {standard_task_runner.py:80} INFO - Job 2354: Subtask get_telegram_version
[2022-08-19 23:20:37,615] {task_command.py:371} INFO - Running <TaskInstance: sefa_dag.get_telegram_version scheduled__2020-01-01T19:28:00+00:00 [running]> on host fd7a784b9251
[2022-08-19 23:20:37,769] {taskinstance.py:1591} INFO - Exporting the following env vars:
AIRFLOW_CTX_DAG_OWNER=***
AIRFLOW_CTX_DAG_ID=sefa_dag
AIRFLOW_CTX_TASK_ID=get_telegram_version
AIRFLOW_CTX_EXECUTION_DATE=2020-01-01T19:28:00+00:00
AIRFLOW_CTX_TRY_NUMBER=1
AIRFLOW_CTX_DAG_RUN_ID=scheduled__2020-01-01T19:28:00+00:00
[2022-08-19 23:20:37,771] {python.py:173} INFO - Done. Returned value was: 1.24.0
[2022-08-19 23:20:37,830] {taskinstance.py:1420} INFO - Marking task as SUCCESS. dag_id=sefa_dag, task_id=get_telegram_version, execution_date=20200101T192800, start_date=20220819T232037, end_date=20220819T232037
[2022-08-19 23:20:37,898] {local_task_job.py:156} INFO - Task exited with return code 0
[2022-08-19 23:20:37,939] {local_task_job.py:273} INFO - 0 downstream tasks scheduled from follow-on schedule check
