[2022-08-19 23:18:32,182] {taskinstance.py:1179} INFO - Dependencies all met for <TaskInstance: sefa_dag.get_telegram_version scheduled__2020-01-01T16:40:00+00:00 [queued]>
[2022-08-19 23:18:32,221] {taskinstance.py:1179} INFO - Dependencies all met for <TaskInstance: sefa_dag.get_telegram_version scheduled__2020-01-01T16:40:00+00:00 [queued]>
[2022-08-19 23:18:32,222] {taskinstance.py:1376} INFO - 
--------------------------------------------------------------------------------
[2022-08-19 23:18:32,223] {taskinstance.py:1377} INFO - Starting attempt 1 of 1
[2022-08-19 23:18:32,224] {taskinstance.py:1378} INFO - 
--------------------------------------------------------------------------------
[2022-08-19 23:18:32,250] {taskinstance.py:1397} INFO - Executing <Task(PythonOperator): get_telegram_version> on 2020-01-01 16:40:00+00:00
[2022-08-19 23:18:32,271] {standard_task_runner.py:52} INFO - Started process 9544 to run task
[2022-08-19 23:18:32,287] {standard_task_runner.py:79} INFO - Running: ['***', 'tasks', 'run', 'sefa_dag', 'get_telegram_version', 'scheduled__2020-01-01T16:40:00+00:00', '--job-id', '2031', '--raw', '--subdir', 'DAGS_FOLDER/sefa_dag.py', '--cfg-path', '/tmp/tmpse4ppdkj', '--error-file', '/tmp/tmpk3y_xksd']
[2022-08-19 23:18:32,292] {standard_task_runner.py:80} INFO - Job 2031: Subtask get_telegram_version
[2022-08-19 23:18:32,430] {task_command.py:371} INFO - Running <TaskInstance: sefa_dag.get_telegram_version scheduled__2020-01-01T16:40:00+00:00 [running]> on host fd7a784b9251
[2022-08-19 23:18:32,621] {taskinstance.py:1591} INFO - Exporting the following env vars:
AIRFLOW_CTX_DAG_OWNER=***
AIRFLOW_CTX_DAG_ID=sefa_dag
AIRFLOW_CTX_TASK_ID=get_telegram_version
AIRFLOW_CTX_EXECUTION_DATE=2020-01-01T16:40:00+00:00
AIRFLOW_CTX_TRY_NUMBER=1
AIRFLOW_CTX_DAG_RUN_ID=scheduled__2020-01-01T16:40:00+00:00
[2022-08-19 23:18:32,624] {python.py:173} INFO - Done. Returned value was: 1.24.0
[2022-08-19 23:18:32,662] {taskinstance.py:1420} INFO - Marking task as SUCCESS. dag_id=sefa_dag, task_id=get_telegram_version, execution_date=20200101T164000, start_date=20220819T231832, end_date=20220819T231832
[2022-08-19 23:18:32,783] {local_task_job.py:156} INFO - Task exited with return code 0
[2022-08-19 23:18:32,830] {local_task_job.py:273} INFO - 0 downstream tasks scheduled from follow-on schedule check
