[2022-08-19 23:17:01,403] {taskinstance.py:1179} INFO - Dependencies all met for <TaskInstance: sefa_dag.get_telegram_version scheduled__2020-01-01T14:36:00+00:00 [queued]>
[2022-08-19 23:17:01,426] {taskinstance.py:1179} INFO - Dependencies all met for <TaskInstance: sefa_dag.get_telegram_version scheduled__2020-01-01T14:36:00+00:00 [queued]>
[2022-08-19 23:17:01,427] {taskinstance.py:1376} INFO - 
--------------------------------------------------------------------------------
[2022-08-19 23:17:01,428] {taskinstance.py:1377} INFO - Starting attempt 1 of 1
[2022-08-19 23:17:01,428] {taskinstance.py:1378} INFO - 
--------------------------------------------------------------------------------
[2022-08-19 23:17:01,466] {taskinstance.py:1397} INFO - Executing <Task(PythonOperator): get_telegram_version> on 2020-01-01 14:36:00+00:00
[2022-08-19 23:17:01,473] {standard_task_runner.py:52} INFO - Started process 8448 to run task
[2022-08-19 23:17:01,507] {standard_task_runner.py:79} INFO - Running: ['***', 'tasks', 'run', 'sefa_dag', 'get_telegram_version', 'scheduled__2020-01-01T14:36:00+00:00', '--job-id', '1776', '--raw', '--subdir', 'DAGS_FOLDER/sefa_dag.py', '--cfg-path', '/tmp/tmpjo_m69dj', '--error-file', '/tmp/tmpv3dm4krg']
[2022-08-19 23:17:01,513] {standard_task_runner.py:80} INFO - Job 1776: Subtask get_telegram_version
[2022-08-19 23:17:01,639] {task_command.py:371} INFO - Running <TaskInstance: sefa_dag.get_telegram_version scheduled__2020-01-01T14:36:00+00:00 [running]> on host fd7a784b9251
[2022-08-19 23:17:01,809] {taskinstance.py:1591} INFO - Exporting the following env vars:
AIRFLOW_CTX_DAG_OWNER=***
AIRFLOW_CTX_DAG_ID=sefa_dag
AIRFLOW_CTX_TASK_ID=get_telegram_version
AIRFLOW_CTX_EXECUTION_DATE=2020-01-01T14:36:00+00:00
AIRFLOW_CTX_TRY_NUMBER=1
AIRFLOW_CTX_DAG_RUN_ID=scheduled__2020-01-01T14:36:00+00:00
[2022-08-19 23:17:01,811] {python.py:173} INFO - Done. Returned value was: 1.24.0
[2022-08-19 23:17:01,852] {taskinstance.py:1420} INFO - Marking task as SUCCESS. dag_id=sefa_dag, task_id=get_telegram_version, execution_date=20200101T143600, start_date=20220819T231701, end_date=20220819T231701
[2022-08-19 23:17:01,915] {local_task_job.py:156} INFO - Task exited with return code 0
[2022-08-19 23:17:01,950] {local_task_job.py:273} INFO - 0 downstream tasks scheduled from follow-on schedule check
