[2022-08-19 23:07:00,573] {taskinstance.py:1179} INFO - Dependencies all met for <TaskInstance: sefa_dag.get_pandas_version scheduled__2020-01-01T01:26:00+00:00 [queued]>
[2022-08-19 23:07:00,594] {taskinstance.py:1179} INFO - Dependencies all met for <TaskInstance: sefa_dag.get_pandas_version scheduled__2020-01-01T01:26:00+00:00 [queued]>
[2022-08-19 23:07:00,596] {taskinstance.py:1376} INFO - 
--------------------------------------------------------------------------------
[2022-08-19 23:07:00,596] {taskinstance.py:1377} INFO - Starting attempt 1 of 1
[2022-08-19 23:07:00,597] {taskinstance.py:1378} INFO - 
--------------------------------------------------------------------------------
[2022-08-19 23:07:00,623] {taskinstance.py:1397} INFO - Executing <Task(PythonOperator): get_pandas_version> on 2020-01-01 01:26:00+00:00
[2022-08-19 23:07:00,642] {standard_task_runner.py:52} INFO - Started process 1581 to run task
[2022-08-19 23:07:00,671] {standard_task_runner.py:79} INFO - Running: ['***', 'tasks', 'run', 'sefa_dag', 'get_pandas_version', 'scheduled__2020-01-01T01:26:00+00:00', '--job-id', '184', '--raw', '--subdir', 'DAGS_FOLDER/sefa_dag.py', '--cfg-path', '/tmp/tmpptztoaw4', '--error-file', '/tmp/tmpg0c1bg_j']
[2022-08-19 23:07:00,674] {standard_task_runner.py:80} INFO - Job 184: Subtask get_pandas_version
[2022-08-19 23:07:00,883] {task_command.py:371} INFO - Running <TaskInstance: sefa_dag.get_pandas_version scheduled__2020-01-01T01:26:00+00:00 [running]> on host fd7a784b9251
[2022-08-19 23:07:01,183] {taskinstance.py:1591} INFO - Exporting the following env vars:
AIRFLOW_CTX_DAG_OWNER=***
AIRFLOW_CTX_DAG_ID=sefa_dag
AIRFLOW_CTX_TASK_ID=get_pandas_version
AIRFLOW_CTX_EXECUTION_DATE=2020-01-01T01:26:00+00:00
AIRFLOW_CTX_TRY_NUMBER=1
AIRFLOW_CTX_DAG_RUN_ID=scheduled__2020-01-01T01:26:00+00:00
[2022-08-19 23:07:01,189] {python.py:173} INFO - Done. Returned value was: 1.3.5
[2022-08-19 23:07:01,286] {taskinstance.py:1420} INFO - Marking task as SUCCESS. dag_id=sefa_dag, task_id=get_pandas_version, execution_date=20200101T012600, start_date=20220819T230700, end_date=20220819T230701
[2022-08-19 23:07:01,349] {local_task_job.py:156} INFO - Task exited with return code 0
[2022-08-19 23:07:01,472] {local_task_job.py:273} INFO - 0 downstream tasks scheduled from follow-on schedule check
