[2022-08-19 23:14:22,098] {taskinstance.py:1179} INFO - Dependencies all met for <TaskInstance: sefa_dag.get_pandas_version scheduled__2020-01-01T11:00:00+00:00 [queued]>
[2022-08-19 23:14:22,129] {taskinstance.py:1179} INFO - Dependencies all met for <TaskInstance: sefa_dag.get_pandas_version scheduled__2020-01-01T11:00:00+00:00 [queued]>
[2022-08-19 23:14:22,131] {taskinstance.py:1376} INFO - 
--------------------------------------------------------------------------------
[2022-08-19 23:14:22,131] {taskinstance.py:1377} INFO - Starting attempt 1 of 1
[2022-08-19 23:14:22,132] {taskinstance.py:1378} INFO - 
--------------------------------------------------------------------------------
[2022-08-19 23:14:22,163] {taskinstance.py:1397} INFO - Executing <Task(PythonOperator): get_pandas_version> on 2020-01-01 11:00:00+00:00
[2022-08-19 23:14:22,181] {standard_task_runner.py:52} INFO - Started process 6527 to run task
[2022-08-19 23:14:22,192] {standard_task_runner.py:79} INFO - Running: ['***', 'tasks', 'run', 'sefa_dag', 'get_pandas_version', 'scheduled__2020-01-01T11:00:00+00:00', '--job-id', '1329', '--raw', '--subdir', 'DAGS_FOLDER/sefa_dag.py', '--cfg-path', '/tmp/tmpg4yfd35q', '--error-file', '/tmp/tmp_v3xaf8l']
[2022-08-19 23:14:22,196] {standard_task_runner.py:80} INFO - Job 1329: Subtask get_pandas_version
[2022-08-19 23:14:22,332] {task_command.py:371} INFO - Running <TaskInstance: sefa_dag.get_pandas_version scheduled__2020-01-01T11:00:00+00:00 [running]> on host fd7a784b9251
[2022-08-19 23:14:22,514] {taskinstance.py:1591} INFO - Exporting the following env vars:
AIRFLOW_CTX_DAG_OWNER=***
AIRFLOW_CTX_DAG_ID=sefa_dag
AIRFLOW_CTX_TASK_ID=get_pandas_version
AIRFLOW_CTX_EXECUTION_DATE=2020-01-01T11:00:00+00:00
AIRFLOW_CTX_TRY_NUMBER=1
AIRFLOW_CTX_DAG_RUN_ID=scheduled__2020-01-01T11:00:00+00:00
[2022-08-19 23:14:22,516] {python.py:173} INFO - Done. Returned value was: 1.3.5
[2022-08-19 23:14:22,608] {taskinstance.py:1420} INFO - Marking task as SUCCESS. dag_id=sefa_dag, task_id=get_pandas_version, execution_date=20200101T110000, start_date=20220819T231422, end_date=20220819T231422
[2022-08-19 23:14:22,685] {local_task_job.py:156} INFO - Task exited with return code 0
[2022-08-19 23:14:22,777] {local_task_job.py:273} INFO - 1 downstream tasks scheduled from follow-on schedule check
