[2022-08-19 23:14:37,228] {taskinstance.py:1179} INFO - Dependencies all met for <TaskInstance: sefa_dag.get_telegram_version scheduled__2020-01-01T11:23:00+00:00 [queued]>
[2022-08-19 23:14:37,234] {taskinstance.py:1179} INFO - Dependencies all met for <TaskInstance: sefa_dag.get_telegram_version scheduled__2020-01-01T11:23:00+00:00 [queued]>
[2022-08-19 23:14:37,236] {taskinstance.py:1376} INFO - 
--------------------------------------------------------------------------------
[2022-08-19 23:14:37,237] {taskinstance.py:1377} INFO - Starting attempt 1 of 1
[2022-08-19 23:14:37,238] {taskinstance.py:1378} INFO - 
--------------------------------------------------------------------------------
[2022-08-19 23:14:37,247] {taskinstance.py:1397} INFO - Executing <Task(PythonOperator): get_telegram_version> on 2020-01-01 11:23:00+00:00
[2022-08-19 23:14:37,252] {standard_task_runner.py:52} INFO - Started process 6729 to run task
[2022-08-19 23:14:37,255] {standard_task_runner.py:79} INFO - Running: ['***', 'tasks', 'run', 'sefa_dag', 'get_telegram_version', 'scheduled__2020-01-01T11:23:00+00:00', '--job-id', '1384', '--raw', '--subdir', 'DAGS_FOLDER/sefa_dag.py', '--cfg-path', '/tmp/tmpexfmrznd', '--error-file', '/tmp/tmp4kpluy_b']
[2022-08-19 23:14:37,257] {standard_task_runner.py:80} INFO - Job 1384: Subtask get_telegram_version
[2022-08-19 23:14:37,302] {task_command.py:371} INFO - Running <TaskInstance: sefa_dag.get_telegram_version scheduled__2020-01-01T11:23:00+00:00 [running]> on host fd7a784b9251
[2022-08-19 23:14:37,346] {taskinstance.py:1591} INFO - Exporting the following env vars:
AIRFLOW_CTX_DAG_OWNER=***
AIRFLOW_CTX_DAG_ID=sefa_dag
AIRFLOW_CTX_TASK_ID=get_telegram_version
AIRFLOW_CTX_EXECUTION_DATE=2020-01-01T11:23:00+00:00
AIRFLOW_CTX_TRY_NUMBER=1
AIRFLOW_CTX_DAG_RUN_ID=scheduled__2020-01-01T11:23:00+00:00
[2022-08-19 23:14:37,348] {python.py:173} INFO - Done. Returned value was: 1.24.0
[2022-08-19 23:14:37,362] {taskinstance.py:1420} INFO - Marking task as SUCCESS. dag_id=sefa_dag, task_id=get_telegram_version, execution_date=20200101T112300, start_date=20220819T231437, end_date=20220819T231437
[2022-08-19 23:14:37,388] {local_task_job.py:156} INFO - Task exited with return code 0
[2022-08-19 23:14:37,409] {local_task_job.py:273} INFO - 0 downstream tasks scheduled from follow-on schedule check
