[2022-08-19 23:17:41,434] {taskinstance.py:1179} INFO - Dependencies all met for <TaskInstance: sefa_dag.get_pandas_version scheduled__2020-01-01T15:38:00+00:00 [queued]>
[2022-08-19 23:17:41,461] {taskinstance.py:1179} INFO - Dependencies all met for <TaskInstance: sefa_dag.get_pandas_version scheduled__2020-01-01T15:38:00+00:00 [queued]>
[2022-08-19 23:17:41,463] {taskinstance.py:1376} INFO - 
--------------------------------------------------------------------------------
[2022-08-19 23:17:41,464] {taskinstance.py:1377} INFO - Starting attempt 1 of 1
[2022-08-19 23:17:41,465] {taskinstance.py:1378} INFO - 
--------------------------------------------------------------------------------
[2022-08-19 23:17:41,492] {taskinstance.py:1397} INFO - Executing <Task(PythonOperator): get_pandas_version> on 2020-01-01 15:38:00+00:00
[2022-08-19 23:17:41,508] {standard_task_runner.py:52} INFO - Started process 8935 to run task
[2022-08-19 23:17:41,526] {standard_task_runner.py:79} INFO - Running: ['***', 'tasks', 'run', 'sefa_dag', 'get_pandas_version', 'scheduled__2020-01-01T15:38:00+00:00', '--job-id', '1887', '--raw', '--subdir', 'DAGS_FOLDER/sefa_dag.py', '--cfg-path', '/tmp/tmpt88261zu', '--error-file', '/tmp/tmp0a7a2y_w']
[2022-08-19 23:17:41,527] {standard_task_runner.py:80} INFO - Job 1887: Subtask get_pandas_version
[2022-08-19 23:17:41,659] {task_command.py:371} INFO - Running <TaskInstance: sefa_dag.get_pandas_version scheduled__2020-01-01T15:38:00+00:00 [running]> on host fd7a784b9251
[2022-08-19 23:17:41,823] {taskinstance.py:1591} INFO - Exporting the following env vars:
AIRFLOW_CTX_DAG_OWNER=***
AIRFLOW_CTX_DAG_ID=sefa_dag
AIRFLOW_CTX_TASK_ID=get_pandas_version
AIRFLOW_CTX_EXECUTION_DATE=2020-01-01T15:38:00+00:00
AIRFLOW_CTX_TRY_NUMBER=1
AIRFLOW_CTX_DAG_RUN_ID=scheduled__2020-01-01T15:38:00+00:00
[2022-08-19 23:17:41,825] {python.py:173} INFO - Done. Returned value was: 1.3.5
[2022-08-19 23:17:41,857] {taskinstance.py:1420} INFO - Marking task as SUCCESS. dag_id=sefa_dag, task_id=get_pandas_version, execution_date=20200101T153800, start_date=20220819T231741, end_date=20220819T231741
[2022-08-19 23:17:41,929] {local_task_job.py:156} INFO - Task exited with return code 0
[2022-08-19 23:17:41,995] {local_task_job.py:273} INFO - 1 downstream tasks scheduled from follow-on schedule check
