[2022-08-19 23:09:30,613] {taskinstance.py:1179} INFO - Dependencies all met for <TaskInstance: sefa_dag.get_telegram_version scheduled__2020-01-01T04:33:00+00:00 [queued]>
[2022-08-19 23:09:30,643] {taskinstance.py:1179} INFO - Dependencies all met for <TaskInstance: sefa_dag.get_telegram_version scheduled__2020-01-01T04:33:00+00:00 [queued]>
[2022-08-19 23:09:30,644] {taskinstance.py:1376} INFO - 
--------------------------------------------------------------------------------
[2022-08-19 23:09:30,646] {taskinstance.py:1377} INFO - Starting attempt 1 of 1
[2022-08-19 23:09:30,647] {taskinstance.py:1378} INFO - 
--------------------------------------------------------------------------------
[2022-08-19 23:09:30,668] {taskinstance.py:1397} INFO - Executing <Task(PythonOperator): get_telegram_version> on 2020-01-01 04:33:00+00:00
[2022-08-19 23:09:30,679] {standard_task_runner.py:52} INFO - Started process 3265 to run task
[2022-08-19 23:09:30,703] {standard_task_runner.py:79} INFO - Running: ['***', 'tasks', 'run', 'sefa_dag', 'get_telegram_version', 'scheduled__2020-01-01T04:33:00+00:00', '--job-id', '576', '--raw', '--subdir', 'DAGS_FOLDER/sefa_dag.py', '--cfg-path', '/tmp/tmpawdkmadm', '--error-file', '/tmp/tmp87hyu989']
[2022-08-19 23:09:30,710] {standard_task_runner.py:80} INFO - Job 576: Subtask get_telegram_version
[2022-08-19 23:09:30,865] {task_command.py:371} INFO - Running <TaskInstance: sefa_dag.get_telegram_version scheduled__2020-01-01T04:33:00+00:00 [running]> on host fd7a784b9251
[2022-08-19 23:09:31,134] {taskinstance.py:1591} INFO - Exporting the following env vars:
AIRFLOW_CTX_DAG_OWNER=***
AIRFLOW_CTX_DAG_ID=sefa_dag
AIRFLOW_CTX_TASK_ID=get_telegram_version
AIRFLOW_CTX_EXECUTION_DATE=2020-01-01T04:33:00+00:00
AIRFLOW_CTX_TRY_NUMBER=1
AIRFLOW_CTX_DAG_RUN_ID=scheduled__2020-01-01T04:33:00+00:00
[2022-08-19 23:09:31,139] {python.py:173} INFO - Done. Returned value was: 1.24.0
[2022-08-19 23:09:31,246] {taskinstance.py:1420} INFO - Marking task as SUCCESS. dag_id=sefa_dag, task_id=get_telegram_version, execution_date=20200101T043300, start_date=20220819T230930, end_date=20220819T230931
[2022-08-19 23:09:31,436] {local_task_job.py:156} INFO - Task exited with return code 0
[2022-08-19 23:09:31,503] {local_task_job.py:273} INFO - 0 downstream tasks scheduled from follow-on schedule check
