[2022-08-19 23:08:23,076] {taskinstance.py:1179} INFO - Dependencies all met for <TaskInstance: sefa_dag.get_pandas_version scheduled__2020-01-01T03:09:00+00:00 [queued]>
[2022-08-19 23:08:23,101] {taskinstance.py:1179} INFO - Dependencies all met for <TaskInstance: sefa_dag.get_pandas_version scheduled__2020-01-01T03:09:00+00:00 [queued]>
[2022-08-19 23:08:23,102] {taskinstance.py:1376} INFO - 
--------------------------------------------------------------------------------
[2022-08-19 23:08:23,103] {taskinstance.py:1377} INFO - Starting attempt 1 of 1
[2022-08-19 23:08:23,104] {taskinstance.py:1378} INFO - 
--------------------------------------------------------------------------------
[2022-08-19 23:08:23,118] {taskinstance.py:1397} INFO - Executing <Task(PythonOperator): get_pandas_version> on 2020-01-01 03:09:00+00:00
[2022-08-19 23:08:23,139] {standard_task_runner.py:52} INFO - Started process 2435 to run task
[2022-08-19 23:08:23,162] {standard_task_runner.py:79} INFO - Running: ['***', 'tasks', 'run', 'sefa_dag', 'get_pandas_version', 'scheduled__2020-01-01T03:09:00+00:00', '--job-id', '383', '--raw', '--subdir', 'DAGS_FOLDER/sefa_dag.py', '--cfg-path', '/tmp/tmpjkum9cm2', '--error-file', '/tmp/tmpubfd6rs6']
[2022-08-19 23:08:23,189] {standard_task_runner.py:80} INFO - Job 383: Subtask get_pandas_version
[2022-08-19 23:08:23,395] {task_command.py:371} INFO - Running <TaskInstance: sefa_dag.get_pandas_version scheduled__2020-01-01T03:09:00+00:00 [running]> on host fd7a784b9251
[2022-08-19 23:08:23,637] {taskinstance.py:1591} INFO - Exporting the following env vars:
AIRFLOW_CTX_DAG_OWNER=***
AIRFLOW_CTX_DAG_ID=sefa_dag
AIRFLOW_CTX_TASK_ID=get_pandas_version
AIRFLOW_CTX_EXECUTION_DATE=2020-01-01T03:09:00+00:00
AIRFLOW_CTX_TRY_NUMBER=1
AIRFLOW_CTX_DAG_RUN_ID=scheduled__2020-01-01T03:09:00+00:00
[2022-08-19 23:08:23,639] {python.py:173} INFO - Done. Returned value was: 1.3.5
[2022-08-19 23:08:23,710] {taskinstance.py:1420} INFO - Marking task as SUCCESS. dag_id=sefa_dag, task_id=get_pandas_version, execution_date=20200101T030900, start_date=20220819T230823, end_date=20220819T230823
[2022-08-19 23:08:23,800] {local_task_job.py:156} INFO - Task exited with return code 0
[2022-08-19 23:08:23,923] {local_task_job.py:273} INFO - 1 downstream tasks scheduled from follow-on schedule check
