[2022-08-19 23:10:14,966] {taskinstance.py:1179} INFO - Dependencies all met for <TaskInstance: sefa_dag.get_pandas_version scheduled__2020-01-01T05:49:00+00:00 [queued]>
[2022-08-19 23:10:15,007] {taskinstance.py:1179} INFO - Dependencies all met for <TaskInstance: sefa_dag.get_pandas_version scheduled__2020-01-01T05:49:00+00:00 [queued]>
[2022-08-19 23:10:15,009] {taskinstance.py:1376} INFO - 
--------------------------------------------------------------------------------
[2022-08-19 23:10:15,012] {taskinstance.py:1377} INFO - Starting attempt 1 of 1
[2022-08-19 23:10:15,014] {taskinstance.py:1378} INFO - 
--------------------------------------------------------------------------------
[2022-08-19 23:10:15,081] {taskinstance.py:1397} INFO - Executing <Task(PythonOperator): get_pandas_version> on 2020-01-01 05:49:00+00:00
[2022-08-19 23:10:15,103] {standard_task_runner.py:52} INFO - Started process 3821 to run task
[2022-08-19 23:10:15,174] {standard_task_runner.py:79} INFO - Running: ['***', 'tasks', 'run', 'sefa_dag', 'get_pandas_version', 'scheduled__2020-01-01T05:49:00+00:00', '--job-id', '704', '--raw', '--subdir', 'DAGS_FOLDER/sefa_dag.py', '--cfg-path', '/tmp/tmplmi9gcha', '--error-file', '/tmp/tmpkj_vstq_']
[2022-08-19 23:10:15,191] {standard_task_runner.py:80} INFO - Job 704: Subtask get_pandas_version
[2022-08-19 23:10:15,428] {task_command.py:371} INFO - Running <TaskInstance: sefa_dag.get_pandas_version scheduled__2020-01-01T05:49:00+00:00 [running]> on host fd7a784b9251
[2022-08-19 23:10:15,667] {taskinstance.py:1591} INFO - Exporting the following env vars:
AIRFLOW_CTX_DAG_OWNER=***
AIRFLOW_CTX_DAG_ID=sefa_dag
AIRFLOW_CTX_TASK_ID=get_pandas_version
AIRFLOW_CTX_EXECUTION_DATE=2020-01-01T05:49:00+00:00
AIRFLOW_CTX_TRY_NUMBER=1
AIRFLOW_CTX_DAG_RUN_ID=scheduled__2020-01-01T05:49:00+00:00
[2022-08-19 23:10:15,680] {python.py:173} INFO - Done. Returned value was: 1.3.5
[2022-08-19 23:10:15,734] {taskinstance.py:1420} INFO - Marking task as SUCCESS. dag_id=sefa_dag, task_id=get_pandas_version, execution_date=20200101T054900, start_date=20220819T231014, end_date=20220819T231015
[2022-08-19 23:10:15,859] {local_task_job.py:156} INFO - Task exited with return code 0
[2022-08-19 23:10:15,929] {local_task_job.py:273} INFO - 1 downstream tasks scheduled from follow-on schedule check
