[2022-08-19 23:16:27,145] {taskinstance.py:1179} INFO - Dependencies all met for <TaskInstance: sefa_dag.get_pandas_version scheduled__2020-01-01T13:54:00+00:00 [queued]>
[2022-08-19 23:16:27,191] {taskinstance.py:1179} INFO - Dependencies all met for <TaskInstance: sefa_dag.get_pandas_version scheduled__2020-01-01T13:54:00+00:00 [queued]>
[2022-08-19 23:16:27,193] {taskinstance.py:1376} INFO - 
--------------------------------------------------------------------------------
[2022-08-19 23:16:27,195] {taskinstance.py:1377} INFO - Starting attempt 1 of 1
[2022-08-19 23:16:27,195] {taskinstance.py:1378} INFO - 
--------------------------------------------------------------------------------
[2022-08-19 23:16:27,277] {taskinstance.py:1397} INFO - Executing <Task(PythonOperator): get_pandas_version> on 2020-01-01 13:54:00+00:00
[2022-08-19 23:16:27,313] {standard_task_runner.py:52} INFO - Started process 8010 to run task
[2022-08-19 23:16:27,373] {standard_task_runner.py:79} INFO - Running: ['***', 'tasks', 'run', 'sefa_dag', 'get_pandas_version', 'scheduled__2020-01-01T13:54:00+00:00', '--job-id', '1670', '--raw', '--subdir', 'DAGS_FOLDER/sefa_dag.py', '--cfg-path', '/tmp/tmpckah85gc', '--error-file', '/tmp/tmpylnmd8l4']
[2022-08-19 23:16:27,384] {standard_task_runner.py:80} INFO - Job 1670: Subtask get_pandas_version
[2022-08-19 23:16:27,561] {task_command.py:371} INFO - Running <TaskInstance: sefa_dag.get_pandas_version scheduled__2020-01-01T13:54:00+00:00 [running]> on host fd7a784b9251
[2022-08-19 23:16:27,753] {taskinstance.py:1591} INFO - Exporting the following env vars:
AIRFLOW_CTX_DAG_OWNER=***
AIRFLOW_CTX_DAG_ID=sefa_dag
AIRFLOW_CTX_TASK_ID=get_pandas_version
AIRFLOW_CTX_EXECUTION_DATE=2020-01-01T13:54:00+00:00
AIRFLOW_CTX_TRY_NUMBER=1
AIRFLOW_CTX_DAG_RUN_ID=scheduled__2020-01-01T13:54:00+00:00
[2022-08-19 23:16:27,755] {python.py:173} INFO - Done. Returned value was: 1.3.5
[2022-08-19 23:16:27,819] {taskinstance.py:1420} INFO - Marking task as SUCCESS. dag_id=sefa_dag, task_id=get_pandas_version, execution_date=20200101T135400, start_date=20220819T231627, end_date=20220819T231627
[2022-08-19 23:16:27,924] {local_task_job.py:156} INFO - Task exited with return code 0
[2022-08-19 23:16:27,991] {local_task_job.py:273} INFO - 1 downstream tasks scheduled from follow-on schedule check
