[2022-08-19 23:06:29,148] {taskinstance.py:1179} INFO - Dependencies all met for <TaskInstance: sefa_dag.get_telegram_version scheduled__2020-01-01T00:33:00+00:00 [queued]>
[2022-08-19 23:06:29,188] {taskinstance.py:1179} INFO - Dependencies all met for <TaskInstance: sefa_dag.get_telegram_version scheduled__2020-01-01T00:33:00+00:00 [queued]>
[2022-08-19 23:06:29,192] {taskinstance.py:1376} INFO - 
--------------------------------------------------------------------------------
[2022-08-19 23:06:29,192] {taskinstance.py:1377} INFO - Starting attempt 1 of 1
[2022-08-19 23:06:29,193] {taskinstance.py:1378} INFO - 
--------------------------------------------------------------------------------
[2022-08-19 23:06:29,250] {taskinstance.py:1397} INFO - Executing <Task(PythonOperator): get_telegram_version> on 2020-01-01 00:33:00+00:00
[2022-08-19 23:06:29,281] {standard_task_runner.py:52} INFO - Started process 1190 to run task
[2022-08-19 23:06:29,301] {standard_task_runner.py:79} INFO - Running: ['***', 'tasks', 'run', 'sefa_dag', 'get_telegram_version', 'scheduled__2020-01-01T00:33:00+00:00', '--job-id', '94', '--raw', '--subdir', 'DAGS_FOLDER/sefa_dag.py', '--cfg-path', '/tmp/tmpqx6gu2pn', '--error-file', '/tmp/tmp179z6lyt']
[2022-08-19 23:06:29,318] {standard_task_runner.py:80} INFO - Job 94: Subtask get_telegram_version
[2022-08-19 23:06:29,476] {task_command.py:371} INFO - Running <TaskInstance: sefa_dag.get_telegram_version scheduled__2020-01-01T00:33:00+00:00 [running]> on host fd7a784b9251
[2022-08-19 23:06:29,619] {taskinstance.py:1591} INFO - Exporting the following env vars:
AIRFLOW_CTX_DAG_OWNER=***
AIRFLOW_CTX_DAG_ID=sefa_dag
AIRFLOW_CTX_TASK_ID=get_telegram_version
AIRFLOW_CTX_EXECUTION_DATE=2020-01-01T00:33:00+00:00
AIRFLOW_CTX_TRY_NUMBER=1
AIRFLOW_CTX_DAG_RUN_ID=scheduled__2020-01-01T00:33:00+00:00
[2022-08-19 23:06:29,627] {python.py:173} INFO - Done. Returned value was: 1.24.0
[2022-08-19 23:06:29,703] {taskinstance.py:1420} INFO - Marking task as SUCCESS. dag_id=sefa_dag, task_id=get_telegram_version, execution_date=20200101T003300, start_date=20220819T230629, end_date=20220819T230629
[2022-08-19 23:06:29,832] {local_task_job.py:156} INFO - Task exited with return code 0
[2022-08-19 23:06:29,876] {local_task_job.py:273} INFO - 0 downstream tasks scheduled from follow-on schedule check
