[2022-08-19 22:53:45,623] {taskinstance.py:1179} INFO - Dependencies all met for <TaskInstance: example_bash_operator.also_run_this scheduled__2022-08-18T00:00:00+00:00 [queued]>
[2022-08-19 22:53:45,632] {taskinstance.py:1179} INFO - Dependencies all met for <TaskInstance: example_bash_operator.also_run_this scheduled__2022-08-18T00:00:00+00:00 [queued]>
[2022-08-19 22:53:45,633] {taskinstance.py:1376} INFO - 
--------------------------------------------------------------------------------
[2022-08-19 22:53:45,634] {taskinstance.py:1377} INFO - Starting attempt 1 of 1
[2022-08-19 22:53:45,635] {taskinstance.py:1378} INFO - 
--------------------------------------------------------------------------------
[2022-08-19 22:53:45,646] {taskinstance.py:1397} INFO - Executing <Task(BashOperator): also_run_this> on 2022-08-18 00:00:00+00:00
[2022-08-19 22:53:45,651] {standard_task_runner.py:52} INFO - Started process 79 to run task
[2022-08-19 22:53:45,658] {standard_task_runner.py:79} INFO - Running: ['***', 'tasks', 'run', 'example_bash_operator', 'also_run_this', 'scheduled__2022-08-18T00:00:00+00:00', '--job-id', '4', '--raw', '--subdir', '/home/***/.local/lib/python3.7/site-packages/***/example_dags/example_bash_operator.py', '--cfg-path', '/tmp/tmpygqtk28e', '--error-file', '/tmp/tmpbjru8jk4']
[2022-08-19 22:53:45,659] {standard_task_runner.py:80} INFO - Job 4: Subtask also_run_this
[2022-08-19 22:53:45,713] {task_command.py:371} INFO - Running <TaskInstance: example_bash_operator.also_run_this scheduled__2022-08-18T00:00:00+00:00 [running]> on host fd7a784b9251
[2022-08-19 22:53:45,790] {taskinstance.py:1591} INFO - Exporting the following env vars:
AIRFLOW_CTX_DAG_OWNER=***
AIRFLOW_CTX_DAG_ID=example_bash_operator
AIRFLOW_CTX_TASK_ID=also_run_this
AIRFLOW_CTX_EXECUTION_DATE=2022-08-18T00:00:00+00:00
AIRFLOW_CTX_TRY_NUMBER=1
AIRFLOW_CTX_DAG_RUN_ID=scheduled__2022-08-18T00:00:00+00:00
[2022-08-19 22:53:45,792] {subprocess.py:62} INFO - Tmp dir root location: 
 /tmp
[2022-08-19 22:53:45,793] {subprocess.py:74} INFO - Running command: ['bash', '-c', 'echo "run_id=scheduled__2022-08-18T00:00:00+00:00 | dag_run=<DagRun example_bash_operator @ 2022-08-18 00:00:00+00:00: scheduled__2022-08-18T00:00:00+00:00, externally triggered: False>"']
[2022-08-19 22:53:45,804] {subprocess.py:85} INFO - Output:
[2022-08-19 22:53:45,806] {subprocess.py:92} INFO - run_id=scheduled__2022-08-18T00:00:00+00:00 | dag_run=<DagRun example_bash_operator @ 2022-08-18 00:00:00+00:00: scheduled__2022-08-18T00:00:00+00:00, externally triggered: False>
[2022-08-19 22:53:45,807] {subprocess.py:96} INFO - Command exited with return code 0
[2022-08-19 22:53:45,850] {taskinstance.py:1420} INFO - Marking task as SUCCESS. dag_id=example_bash_operator, task_id=also_run_this, execution_date=20220818T000000, start_date=20220819T225345, end_date=20220819T225345
[2022-08-19 22:53:45,866] {local_task_job.py:156} INFO - Task exited with return code 0
[2022-08-19 22:53:45,902] {local_task_job.py:273} INFO - 0 downstream tasks scheduled from follow-on schedule check
