[2022-08-19 23:09:23,376] {taskinstance.py:1179} INFO - Dependencies all met for <TaskInstance: sefa_dag.get_telegram_version scheduled__2020-01-01T04:23:00+00:00 [queued]>
[2022-08-19 23:09:23,395] {taskinstance.py:1179} INFO - Dependencies all met for <TaskInstance: sefa_dag.get_telegram_version scheduled__2020-01-01T04:23:00+00:00 [queued]>
[2022-08-19 23:09:23,396] {taskinstance.py:1376} INFO - 
--------------------------------------------------------------------------------
[2022-08-19 23:09:23,399] {taskinstance.py:1377} INFO - Starting attempt 1 of 1
[2022-08-19 23:09:23,400] {taskinstance.py:1378} INFO - 
--------------------------------------------------------------------------------
[2022-08-19 23:09:23,415] {taskinstance.py:1397} INFO - Executing <Task(PythonOperator): get_telegram_version> on 2020-01-01 04:23:00+00:00
[2022-08-19 23:09:23,421] {standard_task_runner.py:52} INFO - Started process 3169 to run task
[2022-08-19 23:09:23,426] {standard_task_runner.py:79} INFO - Running: ['***', 'tasks', 'run', 'sefa_dag', 'get_telegram_version', 'scheduled__2020-01-01T04:23:00+00:00', '--job-id', '557', '--raw', '--subdir', 'DAGS_FOLDER/sefa_dag.py', '--cfg-path', '/tmp/tmpdud8aj6w', '--error-file', '/tmp/tmpk_gmsu8k']
[2022-08-19 23:09:23,432] {standard_task_runner.py:80} INFO - Job 557: Subtask get_telegram_version
[2022-08-19 23:09:23,549] {task_command.py:371} INFO - Running <TaskInstance: sefa_dag.get_telegram_version scheduled__2020-01-01T04:23:00+00:00 [running]> on host fd7a784b9251
[2022-08-19 23:09:23,697] {taskinstance.py:1591} INFO - Exporting the following env vars:
AIRFLOW_CTX_DAG_OWNER=***
AIRFLOW_CTX_DAG_ID=sefa_dag
AIRFLOW_CTX_TASK_ID=get_telegram_version
AIRFLOW_CTX_EXECUTION_DATE=2020-01-01T04:23:00+00:00
AIRFLOW_CTX_TRY_NUMBER=1
AIRFLOW_CTX_DAG_RUN_ID=scheduled__2020-01-01T04:23:00+00:00
[2022-08-19 23:09:23,699] {python.py:173} INFO - Done. Returned value was: 1.24.0
[2022-08-19 23:09:23,747] {taskinstance.py:1420} INFO - Marking task as SUCCESS. dag_id=sefa_dag, task_id=get_telegram_version, execution_date=20200101T042300, start_date=20220819T230923, end_date=20220819T230923
[2022-08-19 23:09:23,840] {local_task_job.py:156} INFO - Task exited with return code 0
[2022-08-19 23:09:23,900] {local_task_job.py:273} INFO - 0 downstream tasks scheduled from follow-on schedule check
