[2022-08-19 23:15:57,656] {taskinstance.py:1179} INFO - Dependencies all met for <TaskInstance: sefa_dag.get_pandas_version scheduled__2020-01-01T13:09:00+00:00 [queued]>
[2022-08-19 23:15:57,705] {taskinstance.py:1179} INFO - Dependencies all met for <TaskInstance: sefa_dag.get_pandas_version scheduled__2020-01-01T13:09:00+00:00 [queued]>
[2022-08-19 23:15:57,710] {taskinstance.py:1376} INFO - 
--------------------------------------------------------------------------------
[2022-08-19 23:15:57,714] {taskinstance.py:1377} INFO - Starting attempt 1 of 1
[2022-08-19 23:15:57,716] {taskinstance.py:1378} INFO - 
--------------------------------------------------------------------------------
[2022-08-19 23:15:57,749] {taskinstance.py:1397} INFO - Executing <Task(PythonOperator): get_pandas_version> on 2020-01-01 13:09:00+00:00
[2022-08-19 23:15:57,777] {standard_task_runner.py:52} INFO - Started process 7622 to run task
[2022-08-19 23:15:57,802] {standard_task_runner.py:79} INFO - Running: ['***', 'tasks', 'run', 'sefa_dag', 'get_pandas_version', 'scheduled__2020-01-01T13:09:00+00:00', '--job-id', '1583', '--raw', '--subdir', 'DAGS_FOLDER/sefa_dag.py', '--cfg-path', '/tmp/tmpktq8u85b', '--error-file', '/tmp/tmpt6nccr4m']
[2022-08-19 23:15:57,817] {standard_task_runner.py:80} INFO - Job 1583: Subtask get_pandas_version
[2022-08-19 23:15:58,024] {task_command.py:371} INFO - Running <TaskInstance: sefa_dag.get_pandas_version scheduled__2020-01-01T13:09:00+00:00 [running]> on host fd7a784b9251
[2022-08-19 23:15:58,244] {taskinstance.py:1591} INFO - Exporting the following env vars:
AIRFLOW_CTX_DAG_OWNER=***
AIRFLOW_CTX_DAG_ID=sefa_dag
AIRFLOW_CTX_TASK_ID=get_pandas_version
AIRFLOW_CTX_EXECUTION_DATE=2020-01-01T13:09:00+00:00
AIRFLOW_CTX_TRY_NUMBER=1
AIRFLOW_CTX_DAG_RUN_ID=scheduled__2020-01-01T13:09:00+00:00
[2022-08-19 23:15:58,247] {python.py:173} INFO - Done. Returned value was: 1.3.5
[2022-08-19 23:15:58,322] {taskinstance.py:1420} INFO - Marking task as SUCCESS. dag_id=sefa_dag, task_id=get_pandas_version, execution_date=20200101T130900, start_date=20220819T231557, end_date=20220819T231558
[2022-08-19 23:15:58,414] {local_task_job.py:156} INFO - Task exited with return code 0
[2022-08-19 23:15:58,486] {local_task_job.py:273} INFO - 1 downstream tasks scheduled from follow-on schedule check
