[2022-08-19 23:11:02,721] {taskinstance.py:1179} INFO - Dependencies all met for <TaskInstance: sefa_dag.get_pandas_version scheduled__2020-01-01T06:42:00+00:00 [queued]>
[2022-08-19 23:11:02,729] {taskinstance.py:1179} INFO - Dependencies all met for <TaskInstance: sefa_dag.get_pandas_version scheduled__2020-01-01T06:42:00+00:00 [queued]>
[2022-08-19 23:11:02,730] {taskinstance.py:1376} INFO - 
--------------------------------------------------------------------------------
[2022-08-19 23:11:02,732] {taskinstance.py:1377} INFO - Starting attempt 1 of 1
[2022-08-19 23:11:02,733] {taskinstance.py:1378} INFO - 
--------------------------------------------------------------------------------
[2022-08-19 23:11:02,769] {taskinstance.py:1397} INFO - Executing <Task(PythonOperator): get_pandas_version> on 2020-01-01 06:42:00+00:00
[2022-08-19 23:11:02,775] {standard_task_runner.py:52} INFO - Started process 4319 to run task
[2022-08-19 23:11:02,794] {standard_task_runner.py:79} INFO - Running: ['***', 'tasks', 'run', 'sefa_dag', 'get_pandas_version', 'scheduled__2020-01-01T06:42:00+00:00', '--job-id', '819', '--raw', '--subdir', 'DAGS_FOLDER/sefa_dag.py', '--cfg-path', '/tmp/tmpxn30oeta', '--error-file', '/tmp/tmpwwsij5am']
[2022-08-19 23:11:02,814] {standard_task_runner.py:80} INFO - Job 819: Subtask get_pandas_version
[2022-08-19 23:11:03,034] {task_command.py:371} INFO - Running <TaskInstance: sefa_dag.get_pandas_version scheduled__2020-01-01T06:42:00+00:00 [running]> on host fd7a784b9251
[2022-08-19 23:11:03,229] {taskinstance.py:1591} INFO - Exporting the following env vars:
AIRFLOW_CTX_DAG_OWNER=***
AIRFLOW_CTX_DAG_ID=sefa_dag
AIRFLOW_CTX_TASK_ID=get_pandas_version
AIRFLOW_CTX_EXECUTION_DATE=2020-01-01T06:42:00+00:00
AIRFLOW_CTX_TRY_NUMBER=1
AIRFLOW_CTX_DAG_RUN_ID=scheduled__2020-01-01T06:42:00+00:00
[2022-08-19 23:11:03,232] {python.py:173} INFO - Done. Returned value was: 1.3.5
[2022-08-19 23:11:03,297] {taskinstance.py:1420} INFO - Marking task as SUCCESS. dag_id=sefa_dag, task_id=get_pandas_version, execution_date=20200101T064200, start_date=20220819T231102, end_date=20220819T231103
[2022-08-19 23:11:03,378] {local_task_job.py:156} INFO - Task exited with return code 0
[2022-08-19 23:11:03,438] {local_task_job.py:273} INFO - 0 downstream tasks scheduled from follow-on schedule check
