[2022-08-19 23:20:51,239] {taskinstance.py:1179} INFO - Dependencies all met for <TaskInstance: sefa_dag.get_telegram_version scheduled__2020-01-01T19:44:00+00:00 [queued]>
[2022-08-19 23:20:51,247] {taskinstance.py:1179} INFO - Dependencies all met for <TaskInstance: sefa_dag.get_telegram_version scheduled__2020-01-01T19:44:00+00:00 [queued]>
[2022-08-19 23:20:51,248] {taskinstance.py:1376} INFO - 
--------------------------------------------------------------------------------
[2022-08-19 23:20:51,249] {taskinstance.py:1377} INFO - Starting attempt 1 of 1
[2022-08-19 23:20:51,249] {taskinstance.py:1378} INFO - 
--------------------------------------------------------------------------------
[2022-08-19 23:20:51,261] {taskinstance.py:1397} INFO - Executing <Task(PythonOperator): get_telegram_version> on 2020-01-01 19:44:00+00:00
[2022-08-19 23:20:51,268] {standard_task_runner.py:52} INFO - Started process 11058 to run task
[2022-08-19 23:20:51,272] {standard_task_runner.py:79} INFO - Running: ['***', 'tasks', 'run', 'sefa_dag', 'get_telegram_version', 'scheduled__2020-01-01T19:44:00+00:00', '--job-id', '2390', '--raw', '--subdir', 'DAGS_FOLDER/sefa_dag.py', '--cfg-path', '/tmp/tmpunf23vs1', '--error-file', '/tmp/tmpbq_4zm8t']
[2022-08-19 23:20:51,275] {standard_task_runner.py:80} INFO - Job 2390: Subtask get_telegram_version
[2022-08-19 23:20:51,343] {task_command.py:371} INFO - Running <TaskInstance: sefa_dag.get_telegram_version scheduled__2020-01-01T19:44:00+00:00 [running]> on host fd7a784b9251
[2022-08-19 23:20:51,415] {taskinstance.py:1591} INFO - Exporting the following env vars:
AIRFLOW_CTX_DAG_OWNER=***
AIRFLOW_CTX_DAG_ID=sefa_dag
AIRFLOW_CTX_TASK_ID=get_telegram_version
AIRFLOW_CTX_EXECUTION_DATE=2020-01-01T19:44:00+00:00
AIRFLOW_CTX_TRY_NUMBER=1
AIRFLOW_CTX_DAG_RUN_ID=scheduled__2020-01-01T19:44:00+00:00
[2022-08-19 23:20:51,417] {python.py:173} INFO - Done. Returned value was: 1.24.0
[2022-08-19 23:20:51,446] {taskinstance.py:1420} INFO - Marking task as SUCCESS. dag_id=sefa_dag, task_id=get_telegram_version, execution_date=20200101T194400, start_date=20220819T232051, end_date=20220819T232051
[2022-08-19 23:20:51,486] {local_task_job.py:156} INFO - Task exited with return code 0
[2022-08-19 23:20:51,506] {local_task_job.py:273} INFO - 0 downstream tasks scheduled from follow-on schedule check
