[2022-08-19 23:10:25,634] {taskinstance.py:1179} INFO - Dependencies all met for <TaskInstance: sefa_dag.get_pandas_version scheduled__2020-01-01T06:02:00+00:00 [queued]>
[2022-08-19 23:10:25,675] {taskinstance.py:1179} INFO - Dependencies all met for <TaskInstance: sefa_dag.get_pandas_version scheduled__2020-01-01T06:02:00+00:00 [queued]>
[2022-08-19 23:10:25,676] {taskinstance.py:1376} INFO - 
--------------------------------------------------------------------------------
[2022-08-19 23:10:25,676] {taskinstance.py:1377} INFO - Starting attempt 1 of 1
[2022-08-19 23:10:25,677] {taskinstance.py:1378} INFO - 
--------------------------------------------------------------------------------
[2022-08-19 23:10:25,717] {taskinstance.py:1397} INFO - Executing <Task(PythonOperator): get_pandas_version> on 2020-01-01 06:02:00+00:00
[2022-08-19 23:10:25,721] {standard_task_runner.py:52} INFO - Started process 3946 to run task
[2022-08-19 23:10:25,746] {standard_task_runner.py:79} INFO - Running: ['***', 'tasks', 'run', 'sefa_dag', 'get_pandas_version', 'scheduled__2020-01-01T06:02:00+00:00', '--job-id', '731', '--raw', '--subdir', 'DAGS_FOLDER/sefa_dag.py', '--cfg-path', '/tmp/tmp2jv5lwdi', '--error-file', '/tmp/tmpz2_uvv14']
[2022-08-19 23:10:25,754] {standard_task_runner.py:80} INFO - Job 731: Subtask get_pandas_version
[2022-08-19 23:10:25,979] {task_command.py:371} INFO - Running <TaskInstance: sefa_dag.get_pandas_version scheduled__2020-01-01T06:02:00+00:00 [running]> on host fd7a784b9251
[2022-08-19 23:10:26,310] {taskinstance.py:1591} INFO - Exporting the following env vars:
AIRFLOW_CTX_DAG_OWNER=***
AIRFLOW_CTX_DAG_ID=sefa_dag
AIRFLOW_CTX_TASK_ID=get_pandas_version
AIRFLOW_CTX_EXECUTION_DATE=2020-01-01T06:02:00+00:00
AIRFLOW_CTX_TRY_NUMBER=1
AIRFLOW_CTX_DAG_RUN_ID=scheduled__2020-01-01T06:02:00+00:00
[2022-08-19 23:10:26,312] {python.py:173} INFO - Done. Returned value was: 1.3.5
[2022-08-19 23:10:26,356] {taskinstance.py:1420} INFO - Marking task as SUCCESS. dag_id=sefa_dag, task_id=get_pandas_version, execution_date=20200101T060200, start_date=20220819T231025, end_date=20220819T231026
[2022-08-19 23:10:26,490] {local_task_job.py:156} INFO - Task exited with return code 0
[2022-08-19 23:10:26,596] {local_task_job.py:273} INFO - 0 downstream tasks scheduled from follow-on schedule check
