[2022-08-19 23:06:08,668] {taskinstance.py:1179} INFO - Dependencies all met for <TaskInstance: sefa_dag.get_pandas_version manual__2022-08-19T23:06:06.476495+00:00 [queued]>
[2022-08-19 23:06:08,674] {taskinstance.py:1179} INFO - Dependencies all met for <TaskInstance: sefa_dag.get_pandas_version manual__2022-08-19T23:06:06.476495+00:00 [queued]>
[2022-08-19 23:06:08,676] {taskinstance.py:1376} INFO - 
--------------------------------------------------------------------------------
[2022-08-19 23:06:08,676] {taskinstance.py:1377} INFO - Starting attempt 1 of 1
[2022-08-19 23:06:08,678] {taskinstance.py:1378} INFO - 
--------------------------------------------------------------------------------
[2022-08-19 23:06:08,691] {taskinstance.py:1397} INFO - Executing <Task(PythonOperator): get_pandas_version> on 2022-08-19 23:06:06.476495+00:00
[2022-08-19 23:06:08,697] {standard_task_runner.py:52} INFO - Started process 967 to run task
[2022-08-19 23:06:08,702] {standard_task_runner.py:79} INFO - Running: ['***', 'tasks', 'run', 'sefa_dag', 'get_pandas_version', 'manual__2022-08-19T23:06:06.476495+00:00', '--job-id', '47', '--raw', '--subdir', 'DAGS_FOLDER/sefa_dag.py', '--cfg-path', '/tmp/tmpstsebrj0', '--error-file', '/tmp/tmpx5s5iamx']
[2022-08-19 23:06:08,705] {standard_task_runner.py:80} INFO - Job 47: Subtask get_pandas_version
[2022-08-19 23:06:08,770] {task_command.py:371} INFO - Running <TaskInstance: sefa_dag.get_pandas_version manual__2022-08-19T23:06:06.476495+00:00 [running]> on host fd7a784b9251
[2022-08-19 23:06:08,846] {taskinstance.py:1591} INFO - Exporting the following env vars:
AIRFLOW_CTX_DAG_OWNER=***
AIRFLOW_CTX_DAG_ID=sefa_dag
AIRFLOW_CTX_TASK_ID=get_pandas_version
AIRFLOW_CTX_EXECUTION_DATE=2022-08-19T23:06:06.476495+00:00
AIRFLOW_CTX_TRY_NUMBER=1
AIRFLOW_CTX_DAG_RUN_ID=manual__2022-08-19T23:06:06.476495+00:00
[2022-08-19 23:06:08,848] {python.py:173} INFO - Done. Returned value was: 1.3.5
[2022-08-19 23:06:08,873] {taskinstance.py:1420} INFO - Marking task as SUCCESS. dag_id=sefa_dag, task_id=get_pandas_version, execution_date=20220819T230606, start_date=20220819T230608, end_date=20220819T230608
[2022-08-19 23:06:08,919] {local_task_job.py:156} INFO - Task exited with return code 0
[2022-08-19 23:06:08,942] {local_task_job.py:273} INFO - 1 downstream tasks scheduled from follow-on schedule check
