[2022-08-19 23:07:41,533] {taskinstance.py:1179} INFO - Dependencies all met for <TaskInstance: sefa_dag.get_telegram_version scheduled__2020-01-01T02:13:00+00:00 [queued]>
[2022-08-19 23:07:41,556] {taskinstance.py:1179} INFO - Dependencies all met for <TaskInstance: sefa_dag.get_telegram_version scheduled__2020-01-01T02:13:00+00:00 [queued]>
[2022-08-19 23:07:41,558] {taskinstance.py:1376} INFO - 
--------------------------------------------------------------------------------
[2022-08-19 23:07:41,560] {taskinstance.py:1377} INFO - Starting attempt 1 of 1
[2022-08-19 23:07:41,562] {taskinstance.py:1378} INFO - 
--------------------------------------------------------------------------------
[2022-08-19 23:07:41,582] {taskinstance.py:1397} INFO - Executing <Task(PythonOperator): get_telegram_version> on 2020-01-01 02:13:00+00:00
[2022-08-19 23:07:41,604] {standard_task_runner.py:52} INFO - Started process 2057 to run task
[2022-08-19 23:07:41,623] {standard_task_runner.py:79} INFO - Running: ['***', 'tasks', 'run', 'sefa_dag', 'get_telegram_version', 'scheduled__2020-01-01T02:13:00+00:00', '--job-id', '296', '--raw', '--subdir', 'DAGS_FOLDER/sefa_dag.py', '--cfg-path', '/tmp/tmpzuvwvmkp', '--error-file', '/tmp/tmpf07thd96']
[2022-08-19 23:07:41,638] {standard_task_runner.py:80} INFO - Job 296: Subtask get_telegram_version
[2022-08-19 23:07:41,753] {task_command.py:371} INFO - Running <TaskInstance: sefa_dag.get_telegram_version scheduled__2020-01-01T02:13:00+00:00 [running]> on host fd7a784b9251
[2022-08-19 23:07:41,873] {taskinstance.py:1591} INFO - Exporting the following env vars:
AIRFLOW_CTX_DAG_OWNER=***
AIRFLOW_CTX_DAG_ID=sefa_dag
AIRFLOW_CTX_TASK_ID=get_telegram_version
AIRFLOW_CTX_EXECUTION_DATE=2020-01-01T02:13:00+00:00
AIRFLOW_CTX_TRY_NUMBER=1
AIRFLOW_CTX_DAG_RUN_ID=scheduled__2020-01-01T02:13:00+00:00
[2022-08-19 23:07:41,876] {python.py:173} INFO - Done. Returned value was: 1.24.0
[2022-08-19 23:07:41,907] {taskinstance.py:1420} INFO - Marking task as SUCCESS. dag_id=sefa_dag, task_id=get_telegram_version, execution_date=20200101T021300, start_date=20220819T230741, end_date=20220819T230741
[2022-08-19 23:07:41,950] {local_task_job.py:156} INFO - Task exited with return code 0
[2022-08-19 23:07:41,995] {local_task_job.py:273} INFO - 0 downstream tasks scheduled from follow-on schedule check
