[2022-08-19 23:13:48,438] {taskinstance.py:1179} INFO - Dependencies all met for <TaskInstance: sefa_dag.get_pandas_version scheduled__2020-01-01T10:11:00+00:00 [queued]>
[2022-08-19 23:13:48,461] {taskinstance.py:1179} INFO - Dependencies all met for <TaskInstance: sefa_dag.get_pandas_version scheduled__2020-01-01T10:11:00+00:00 [queued]>
[2022-08-19 23:13:48,463] {taskinstance.py:1376} INFO - 
--------------------------------------------------------------------------------
[2022-08-19 23:13:48,464] {taskinstance.py:1377} INFO - Starting attempt 1 of 1
[2022-08-19 23:13:48,470] {taskinstance.py:1378} INFO - 
--------------------------------------------------------------------------------
[2022-08-19 23:13:48,538] {taskinstance.py:1397} INFO - Executing <Task(PythonOperator): get_pandas_version> on 2020-01-01 10:11:00+00:00
[2022-08-19 23:13:48,560] {standard_task_runner.py:52} INFO - Started process 6126 to run task
[2022-08-19 23:13:48,591] {standard_task_runner.py:79} INFO - Running: ['***', 'tasks', 'run', 'sefa_dag', 'get_pandas_version', 'scheduled__2020-01-01T10:11:00+00:00', '--job-id', '1237', '--raw', '--subdir', 'DAGS_FOLDER/sefa_dag.py', '--cfg-path', '/tmp/tmpmezv0bge', '--error-file', '/tmp/tmpdpmsm0sg']
[2022-08-19 23:13:48,603] {standard_task_runner.py:80} INFO - Job 1237: Subtask get_pandas_version
[2022-08-19 23:13:48,704] {task_command.py:371} INFO - Running <TaskInstance: sefa_dag.get_pandas_version scheduled__2020-01-01T10:11:00+00:00 [running]> on host fd7a784b9251
[2022-08-19 23:13:48,805] {taskinstance.py:1591} INFO - Exporting the following env vars:
AIRFLOW_CTX_DAG_OWNER=***
AIRFLOW_CTX_DAG_ID=sefa_dag
AIRFLOW_CTX_TASK_ID=get_pandas_version
AIRFLOW_CTX_EXECUTION_DATE=2020-01-01T10:11:00+00:00
AIRFLOW_CTX_TRY_NUMBER=1
AIRFLOW_CTX_DAG_RUN_ID=scheduled__2020-01-01T10:11:00+00:00
[2022-08-19 23:13:48,808] {python.py:173} INFO - Done. Returned value was: 1.3.5
[2022-08-19 23:13:48,879] {taskinstance.py:1420} INFO - Marking task as SUCCESS. dag_id=sefa_dag, task_id=get_pandas_version, execution_date=20200101T101100, start_date=20220819T231348, end_date=20220819T231348
[2022-08-19 23:13:48,950] {local_task_job.py:156} INFO - Task exited with return code 0
[2022-08-19 23:13:49,044] {local_task_job.py:273} INFO - 0 downstream tasks scheduled from follow-on schedule check
