[2022-08-19 23:08:48,220] {taskinstance.py:1179} INFO - Dependencies all met for <TaskInstance: sefa_dag.get_pandas_version scheduled__2020-01-01T03:38:00+00:00 [queued]>
[2022-08-19 23:08:48,253] {taskinstance.py:1179} INFO - Dependencies all met for <TaskInstance: sefa_dag.get_pandas_version scheduled__2020-01-01T03:38:00+00:00 [queued]>
[2022-08-19 23:08:48,254] {taskinstance.py:1376} INFO - 
--------------------------------------------------------------------------------
[2022-08-19 23:08:48,255] {taskinstance.py:1377} INFO - Starting attempt 1 of 1
[2022-08-19 23:08:48,256] {taskinstance.py:1378} INFO - 
--------------------------------------------------------------------------------
[2022-08-19 23:08:48,276] {taskinstance.py:1397} INFO - Executing <Task(PythonOperator): get_pandas_version> on 2020-01-01 03:38:00+00:00
[2022-08-19 23:08:48,295] {standard_task_runner.py:52} INFO - Started process 2707 to run task
[2022-08-19 23:08:48,307] {standard_task_runner.py:79} INFO - Running: ['***', 'tasks', 'run', 'sefa_dag', 'get_pandas_version', 'scheduled__2020-01-01T03:38:00+00:00', '--job-id', '444', '--raw', '--subdir', 'DAGS_FOLDER/sefa_dag.py', '--cfg-path', '/tmp/tmpohx2xfwv', '--error-file', '/tmp/tmpw9dgg0n4']
[2022-08-19 23:08:48,321] {standard_task_runner.py:80} INFO - Job 444: Subtask get_pandas_version
[2022-08-19 23:08:48,490] {task_command.py:371} INFO - Running <TaskInstance: sefa_dag.get_pandas_version scheduled__2020-01-01T03:38:00+00:00 [running]> on host fd7a784b9251
[2022-08-19 23:08:48,710] {taskinstance.py:1591} INFO - Exporting the following env vars:
AIRFLOW_CTX_DAG_OWNER=***
AIRFLOW_CTX_DAG_ID=sefa_dag
AIRFLOW_CTX_TASK_ID=get_pandas_version
AIRFLOW_CTX_EXECUTION_DATE=2020-01-01T03:38:00+00:00
AIRFLOW_CTX_TRY_NUMBER=1
AIRFLOW_CTX_DAG_RUN_ID=scheduled__2020-01-01T03:38:00+00:00
[2022-08-19 23:08:48,712] {python.py:173} INFO - Done. Returned value was: 1.3.5
[2022-08-19 23:08:48,752] {taskinstance.py:1420} INFO - Marking task as SUCCESS. dag_id=sefa_dag, task_id=get_pandas_version, execution_date=20200101T033800, start_date=20220819T230848, end_date=20220819T230848
[2022-08-19 23:08:48,856] {local_task_job.py:156} INFO - Task exited with return code 0
[2022-08-19 23:08:48,919] {local_task_job.py:273} INFO - 0 downstream tasks scheduled from follow-on schedule check
