[2022-08-19 22:53:51,668] {taskinstance.py:1179} INFO - Dependencies all met for <TaskInstance: example_bash_operator.this_will_skip manual__2022-08-19T22:53:50.319542+00:00 [queued]>
[2022-08-19 22:53:51,676] {taskinstance.py:1179} INFO - Dependencies all met for <TaskInstance: example_bash_operator.this_will_skip manual__2022-08-19T22:53:50.319542+00:00 [queued]>
[2022-08-19 22:53:51,680] {taskinstance.py:1376} INFO - 
--------------------------------------------------------------------------------
[2022-08-19 22:53:51,681] {taskinstance.py:1377} INFO - Starting attempt 1 of 1
[2022-08-19 22:53:51,681] {taskinstance.py:1378} INFO - 
--------------------------------------------------------------------------------
[2022-08-19 22:53:51,691] {taskinstance.py:1397} INFO - Executing <Task(BashOperator): this_will_skip> on 2022-08-19 22:53:50.319542+00:00
[2022-08-19 22:53:51,695] {standard_task_runner.py:52} INFO - Started process 111 to run task
[2022-08-19 22:53:51,699] {standard_task_runner.py:79} INFO - Running: ['***', 'tasks', 'run', 'example_bash_operator', 'this_will_skip', 'manual__2022-08-19T22:53:50.319542+00:00', '--job-id', '12', '--raw', '--subdir', '/home/***/.local/lib/python3.7/site-packages/***/example_dags/example_bash_operator.py', '--cfg-path', '/tmp/tmpvs7yhdi1', '--error-file', '/tmp/tmp7ub4g206']
[2022-08-19 22:53:51,701] {standard_task_runner.py:80} INFO - Job 12: Subtask this_will_skip
[2022-08-19 22:53:51,783] {task_command.py:371} INFO - Running <TaskInstance: example_bash_operator.this_will_skip manual__2022-08-19T22:53:50.319542+00:00 [running]> on host fd7a784b9251
[2022-08-19 22:53:51,849] {taskinstance.py:1591} INFO - Exporting the following env vars:
AIRFLOW_CTX_DAG_OWNER=***
AIRFLOW_CTX_DAG_ID=example_bash_operator
AIRFLOW_CTX_TASK_ID=this_will_skip
AIRFLOW_CTX_EXECUTION_DATE=2022-08-19T22:53:50.319542+00:00
AIRFLOW_CTX_TRY_NUMBER=1
AIRFLOW_CTX_DAG_RUN_ID=manual__2022-08-19T22:53:50.319542+00:00
[2022-08-19 22:53:51,851] {subprocess.py:62} INFO - Tmp dir root location: 
 /tmp
[2022-08-19 22:53:51,852] {subprocess.py:74} INFO - Running command: ['bash', '-c', 'echo "hello world"; exit 99;']
[2022-08-19 22:53:51,861] {subprocess.py:85} INFO - Output:
[2022-08-19 22:53:51,862] {subprocess.py:92} INFO - hello world
[2022-08-19 22:53:51,863] {subprocess.py:96} INFO - Command exited with return code 99
[2022-08-19 22:53:51,865] {taskinstance.py:1498} INFO - Bash command returned exit code 99. Skipping.
[2022-08-19 22:53:51,878] {taskinstance.py:1420} INFO - Marking task as SKIPPED. dag_id=example_bash_operator, task_id=this_will_skip, execution_date=20220819T225350, start_date=20220819T225351, end_date=20220819T225351
[2022-08-19 22:53:51,911] {local_task_job.py:156} INFO - Task exited with return code 0
[2022-08-19 22:53:51,939] {local_task_job.py:273} INFO - 0 downstream tasks scheduled from follow-on schedule check
