[2022-08-19 23:10:45,069] {taskinstance.py:1179} INFO - Dependencies all met for <TaskInstance: sefa_dag.get_telegram_version scheduled__2020-01-01T06:16:00+00:00 [queued]>
[2022-08-19 23:10:45,114] {taskinstance.py:1179} INFO - Dependencies all met for <TaskInstance: sefa_dag.get_telegram_version scheduled__2020-01-01T06:16:00+00:00 [queued]>
[2022-08-19 23:10:45,115] {taskinstance.py:1376} INFO - 
--------------------------------------------------------------------------------
[2022-08-19 23:10:45,116] {taskinstance.py:1377} INFO - Starting attempt 1 of 1
[2022-08-19 23:10:45,117] {taskinstance.py:1378} INFO - 
--------------------------------------------------------------------------------
[2022-08-19 23:10:45,153] {taskinstance.py:1397} INFO - Executing <Task(PythonOperator): get_telegram_version> on 2020-01-01 06:16:00+00:00
[2022-08-19 23:10:45,189] {standard_task_runner.py:52} INFO - Started process 4148 to run task
[2022-08-19 23:10:45,199] {standard_task_runner.py:79} INFO - Running: ['***', 'tasks', 'run', 'sefa_dag', 'get_telegram_version', 'scheduled__2020-01-01T06:16:00+00:00', '--job-id', '776', '--raw', '--subdir', 'DAGS_FOLDER/sefa_dag.py', '--cfg-path', '/tmp/tmp9yvc7bd7', '--error-file', '/tmp/tmpmu1e0l4w']
[2022-08-19 23:10:45,210] {standard_task_runner.py:80} INFO - Job 776: Subtask get_telegram_version
[2022-08-19 23:10:45,427] {task_command.py:371} INFO - Running <TaskInstance: sefa_dag.get_telegram_version scheduled__2020-01-01T06:16:00+00:00 [running]> on host fd7a784b9251
[2022-08-19 23:10:45,593] {taskinstance.py:1591} INFO - Exporting the following env vars:
AIRFLOW_CTX_DAG_OWNER=***
AIRFLOW_CTX_DAG_ID=sefa_dag
AIRFLOW_CTX_TASK_ID=get_telegram_version
AIRFLOW_CTX_EXECUTION_DATE=2020-01-01T06:16:00+00:00
AIRFLOW_CTX_TRY_NUMBER=1
AIRFLOW_CTX_DAG_RUN_ID=scheduled__2020-01-01T06:16:00+00:00
[2022-08-19 23:10:45,596] {python.py:173} INFO - Done. Returned value was: 1.24.0
[2022-08-19 23:10:45,646] {taskinstance.py:1420} INFO - Marking task as SUCCESS. dag_id=sefa_dag, task_id=get_telegram_version, execution_date=20200101T061600, start_date=20220819T231045, end_date=20220819T231045
[2022-08-19 23:10:45,689] {local_task_job.py:156} INFO - Task exited with return code 0
[2022-08-19 23:10:45,777] {local_task_job.py:273} INFO - 0 downstream tasks scheduled from follow-on schedule check
