[2022-08-19 22:53:45,740] {taskinstance.py:1179} INFO - Dependencies all met for <TaskInstance: example_bash_operator.runme_1 scheduled__2022-08-18T00:00:00+00:00 [queued]>
[2022-08-19 22:53:45,749] {taskinstance.py:1179} INFO - Dependencies all met for <TaskInstance: example_bash_operator.runme_1 scheduled__2022-08-18T00:00:00+00:00 [queued]>
[2022-08-19 22:53:45,750] {taskinstance.py:1376} INFO - 
--------------------------------------------------------------------------------
[2022-08-19 22:53:45,751] {taskinstance.py:1377} INFO - Starting attempt 1 of 1
[2022-08-19 22:53:45,752] {taskinstance.py:1378} INFO - 
--------------------------------------------------------------------------------
[2022-08-19 22:53:45,767] {taskinstance.py:1397} INFO - Executing <Task(BashOperator): runme_1> on 2022-08-18 00:00:00+00:00
[2022-08-19 22:53:45,773] {standard_task_runner.py:52} INFO - Started process 83 to run task
[2022-08-19 22:53:45,778] {standard_task_runner.py:79} INFO - Running: ['***', 'tasks', 'run', 'example_bash_operator', 'runme_1', 'scheduled__2022-08-18T00:00:00+00:00', '--job-id', '6', '--raw', '--subdir', '/home/***/.local/lib/python3.7/site-packages/***/example_dags/example_bash_operator.py', '--cfg-path', '/tmp/tmp0w03g3_b', '--error-file', '/tmp/tmp1eyx5vgy']
[2022-08-19 22:53:45,782] {standard_task_runner.py:80} INFO - Job 6: Subtask runme_1
[2022-08-19 22:53:45,872] {task_command.py:371} INFO - Running <TaskInstance: example_bash_operator.runme_1 scheduled__2022-08-18T00:00:00+00:00 [running]> on host fd7a784b9251
[2022-08-19 22:53:45,933] {taskinstance.py:1591} INFO - Exporting the following env vars:
AIRFLOW_CTX_DAG_OWNER=***
AIRFLOW_CTX_DAG_ID=example_bash_operator
AIRFLOW_CTX_TASK_ID=runme_1
AIRFLOW_CTX_EXECUTION_DATE=2022-08-18T00:00:00+00:00
AIRFLOW_CTX_TRY_NUMBER=1
AIRFLOW_CTX_DAG_RUN_ID=scheduled__2022-08-18T00:00:00+00:00
[2022-08-19 22:53:45,936] {subprocess.py:62} INFO - Tmp dir root location: 
 /tmp
[2022-08-19 22:53:45,937] {subprocess.py:74} INFO - Running command: ['bash', '-c', 'echo "example_bash_operator__runme_1__20220818" && sleep 1']
[2022-08-19 22:53:45,946] {subprocess.py:85} INFO - Output:
[2022-08-19 22:53:45,948] {subprocess.py:92} INFO - example_bash_operator__runme_1__20220818
[2022-08-19 22:53:46,949] {subprocess.py:96} INFO - Command exited with return code 0
[2022-08-19 22:53:46,971] {taskinstance.py:1420} INFO - Marking task as SUCCESS. dag_id=example_bash_operator, task_id=runme_1, execution_date=20220818T000000, start_date=20220819T225345, end_date=20220819T225346
[2022-08-19 22:53:46,993] {local_task_job.py:156} INFO - Task exited with return code 0
[2022-08-19 22:53:47,016] {local_task_job.py:273} INFO - 0 downstream tasks scheduled from follow-on schedule check
