[2022-08-19 23:15:24,757] {taskinstance.py:1179} INFO - Dependencies all met for <TaskInstance: sefa_dag.get_pandas_version scheduled__2020-01-01T12:16:00+00:00 [queued]>
[2022-08-19 23:15:24,799] {taskinstance.py:1179} INFO - Dependencies all met for <TaskInstance: sefa_dag.get_pandas_version scheduled__2020-01-01T12:16:00+00:00 [queued]>
[2022-08-19 23:15:24,800] {taskinstance.py:1376} INFO - 
--------------------------------------------------------------------------------
[2022-08-19 23:15:24,801] {taskinstance.py:1377} INFO - Starting attempt 1 of 1
[2022-08-19 23:15:24,802] {taskinstance.py:1378} INFO - 
--------------------------------------------------------------------------------
[2022-08-19 23:15:24,837] {taskinstance.py:1397} INFO - Executing <Task(PythonOperator): get_pandas_version> on 2020-01-01 12:16:00+00:00
[2022-08-19 23:15:24,842] {standard_task_runner.py:52} INFO - Started process 7211 to run task
[2022-08-19 23:15:24,864] {standard_task_runner.py:79} INFO - Running: ['***', 'tasks', 'run', 'sefa_dag', 'get_pandas_version', 'scheduled__2020-01-01T12:16:00+00:00', '--job-id', '1485', '--raw', '--subdir', 'DAGS_FOLDER/sefa_dag.py', '--cfg-path', '/tmp/tmptuta0w_4', '--error-file', '/tmp/tmpfetg9lsv']
[2022-08-19 23:15:24,875] {standard_task_runner.py:80} INFO - Job 1485: Subtask get_pandas_version
[2022-08-19 23:15:25,026] {task_command.py:371} INFO - Running <TaskInstance: sefa_dag.get_pandas_version scheduled__2020-01-01T12:16:00+00:00 [running]> on host fd7a784b9251
[2022-08-19 23:15:25,286] {taskinstance.py:1591} INFO - Exporting the following env vars:
AIRFLOW_CTX_DAG_OWNER=***
AIRFLOW_CTX_DAG_ID=sefa_dag
AIRFLOW_CTX_TASK_ID=get_pandas_version
AIRFLOW_CTX_EXECUTION_DATE=2020-01-01T12:16:00+00:00
AIRFLOW_CTX_TRY_NUMBER=1
AIRFLOW_CTX_DAG_RUN_ID=scheduled__2020-01-01T12:16:00+00:00
[2022-08-19 23:15:25,288] {python.py:173} INFO - Done. Returned value was: 1.3.5
[2022-08-19 23:15:25,365] {taskinstance.py:1420} INFO - Marking task as SUCCESS. dag_id=sefa_dag, task_id=get_pandas_version, execution_date=20200101T121600, start_date=20220819T231524, end_date=20220819T231525
[2022-08-19 23:15:25,477] {local_task_job.py:156} INFO - Task exited with return code 0
[2022-08-19 23:15:25,572] {local_task_job.py:273} INFO - 1 downstream tasks scheduled from follow-on schedule check
