[2022-08-19 23:14:11,681] {taskinstance.py:1179} INFO - Dependencies all met for <TaskInstance: sefa_dag.get_telegram_version scheduled__2020-01-01T10:41:00+00:00 [queued]>
[2022-08-19 23:14:11,701] {taskinstance.py:1179} INFO - Dependencies all met for <TaskInstance: sefa_dag.get_telegram_version scheduled__2020-01-01T10:41:00+00:00 [queued]>
[2022-08-19 23:14:11,729] {taskinstance.py:1376} INFO - 
--------------------------------------------------------------------------------
[2022-08-19 23:14:11,730] {taskinstance.py:1377} INFO - Starting attempt 1 of 1
[2022-08-19 23:14:11,731] {taskinstance.py:1378} INFO - 
--------------------------------------------------------------------------------
[2022-08-19 23:14:11,752] {taskinstance.py:1397} INFO - Executing <Task(PythonOperator): get_telegram_version> on 2020-01-01 10:41:00+00:00
[2022-08-19 23:14:11,758] {standard_task_runner.py:52} INFO - Started process 6388 to run task
[2022-08-19 23:14:11,779] {standard_task_runner.py:79} INFO - Running: ['***', 'tasks', 'run', 'sefa_dag', 'get_telegram_version', 'scheduled__2020-01-01T10:41:00+00:00', '--job-id', '1300', '--raw', '--subdir', 'DAGS_FOLDER/sefa_dag.py', '--cfg-path', '/tmp/tmpgc8bcqiv', '--error-file', '/tmp/tmpz5efouwd']
[2022-08-19 23:14:11,781] {standard_task_runner.py:80} INFO - Job 1300: Subtask get_telegram_version
[2022-08-19 23:14:11,938] {task_command.py:371} INFO - Running <TaskInstance: sefa_dag.get_telegram_version scheduled__2020-01-01T10:41:00+00:00 [running]> on host fd7a784b9251
[2022-08-19 23:14:12,119] {taskinstance.py:1591} INFO - Exporting the following env vars:
AIRFLOW_CTX_DAG_OWNER=***
AIRFLOW_CTX_DAG_ID=sefa_dag
AIRFLOW_CTX_TASK_ID=get_telegram_version
AIRFLOW_CTX_EXECUTION_DATE=2020-01-01T10:41:00+00:00
AIRFLOW_CTX_TRY_NUMBER=1
AIRFLOW_CTX_DAG_RUN_ID=scheduled__2020-01-01T10:41:00+00:00
[2022-08-19 23:14:12,122] {python.py:173} INFO - Done. Returned value was: 1.24.0
[2022-08-19 23:14:12,191] {taskinstance.py:1420} INFO - Marking task as SUCCESS. dag_id=sefa_dag, task_id=get_telegram_version, execution_date=20200101T104100, start_date=20220819T231411, end_date=20220819T231412
[2022-08-19 23:14:12,275] {local_task_job.py:156} INFO - Task exited with return code 0
[2022-08-19 23:14:12,349] {local_task_job.py:273} INFO - 0 downstream tasks scheduled from follow-on schedule check
