[2022-08-19 23:20:46,062] {taskinstance.py:1179} INFO - Dependencies all met for <TaskInstance: sefa_dag.get_pandas_version scheduled__2020-01-01T19:39:00+00:00 [queued]>
[2022-08-19 23:20:46,093] {taskinstance.py:1179} INFO - Dependencies all met for <TaskInstance: sefa_dag.get_pandas_version scheduled__2020-01-01T19:39:00+00:00 [queued]>
[2022-08-19 23:20:46,094] {taskinstance.py:1376} INFO - 
--------------------------------------------------------------------------------
[2022-08-19 23:20:46,095] {taskinstance.py:1377} INFO - Starting attempt 1 of 1
[2022-08-19 23:20:46,097] {taskinstance.py:1378} INFO - 
--------------------------------------------------------------------------------
[2022-08-19 23:20:46,114] {taskinstance.py:1397} INFO - Executing <Task(PythonOperator): get_pandas_version> on 2020-01-01 19:39:00+00:00
[2022-08-19 23:20:46,138] {standard_task_runner.py:52} INFO - Started process 10990 to run task
[2022-08-19 23:20:46,149] {standard_task_runner.py:79} INFO - Running: ['***', 'tasks', 'run', 'sefa_dag', 'get_pandas_version', 'scheduled__2020-01-01T19:39:00+00:00', '--job-id', '2370', '--raw', '--subdir', 'DAGS_FOLDER/sefa_dag.py', '--cfg-path', '/tmp/tmpj0yzzhcm', '--error-file', '/tmp/tmpsqvlvx6u']
[2022-08-19 23:20:46,154] {standard_task_runner.py:80} INFO - Job 2370: Subtask get_pandas_version
[2022-08-19 23:20:46,305] {task_command.py:371} INFO - Running <TaskInstance: sefa_dag.get_pandas_version scheduled__2020-01-01T19:39:00+00:00 [running]> on host fd7a784b9251
[2022-08-19 23:20:46,529] {taskinstance.py:1591} INFO - Exporting the following env vars:
AIRFLOW_CTX_DAG_OWNER=***
AIRFLOW_CTX_DAG_ID=sefa_dag
AIRFLOW_CTX_TASK_ID=get_pandas_version
AIRFLOW_CTX_EXECUTION_DATE=2020-01-01T19:39:00+00:00
AIRFLOW_CTX_TRY_NUMBER=1
AIRFLOW_CTX_DAG_RUN_ID=scheduled__2020-01-01T19:39:00+00:00
[2022-08-19 23:20:46,531] {python.py:173} INFO - Done. Returned value was: 1.3.5
[2022-08-19 23:20:46,575] {taskinstance.py:1420} INFO - Marking task as SUCCESS. dag_id=sefa_dag, task_id=get_pandas_version, execution_date=20200101T193900, start_date=20220819T232046, end_date=20220819T232046
[2022-08-19 23:20:46,674] {local_task_job.py:156} INFO - Task exited with return code 0
[2022-08-19 23:20:46,744] {local_task_job.py:273} INFO - 0 downstream tasks scheduled from follow-on schedule check
