[2022-08-19 23:13:22,869] {taskinstance.py:1179} INFO - Dependencies all met for <TaskInstance: sefa_dag.get_pandas_version scheduled__2020-01-01T09:43:00+00:00 [queued]>
[2022-08-19 23:13:22,895] {taskinstance.py:1179} INFO - Dependencies all met for <TaskInstance: sefa_dag.get_pandas_version scheduled__2020-01-01T09:43:00+00:00 [queued]>
[2022-08-19 23:13:22,897] {taskinstance.py:1376} INFO - 
--------------------------------------------------------------------------------
[2022-08-19 23:13:22,898] {taskinstance.py:1377} INFO - Starting attempt 1 of 1
[2022-08-19 23:13:22,900] {taskinstance.py:1378} INFO - 
--------------------------------------------------------------------------------
[2022-08-19 23:13:22,921] {taskinstance.py:1397} INFO - Executing <Task(PythonOperator): get_pandas_version> on 2020-01-01 09:43:00+00:00
[2022-08-19 23:13:22,944] {standard_task_runner.py:52} INFO - Started process 5871 to run task
[2022-08-19 23:13:22,962] {standard_task_runner.py:79} INFO - Running: ['***', 'tasks', 'run', 'sefa_dag', 'get_pandas_version', 'scheduled__2020-01-01T09:43:00+00:00', '--job-id', '1176', '--raw', '--subdir', 'DAGS_FOLDER/sefa_dag.py', '--cfg-path', '/tmp/tmp_1p9bg7y', '--error-file', '/tmp/tmpkt01914v']
[2022-08-19 23:13:22,979] {standard_task_runner.py:80} INFO - Job 1176: Subtask get_pandas_version
[2022-08-19 23:13:23,167] {task_command.py:371} INFO - Running <TaskInstance: sefa_dag.get_pandas_version scheduled__2020-01-01T09:43:00+00:00 [running]> on host fd7a784b9251
[2022-08-19 23:13:23,493] {taskinstance.py:1591} INFO - Exporting the following env vars:
AIRFLOW_CTX_DAG_OWNER=***
AIRFLOW_CTX_DAG_ID=sefa_dag
AIRFLOW_CTX_TASK_ID=get_pandas_version
AIRFLOW_CTX_EXECUTION_DATE=2020-01-01T09:43:00+00:00
AIRFLOW_CTX_TRY_NUMBER=1
AIRFLOW_CTX_DAG_RUN_ID=scheduled__2020-01-01T09:43:00+00:00
[2022-08-19 23:13:23,504] {python.py:173} INFO - Done. Returned value was: 1.3.5
[2022-08-19 23:13:23,622] {taskinstance.py:1420} INFO - Marking task as SUCCESS. dag_id=sefa_dag, task_id=get_pandas_version, execution_date=20200101T094300, start_date=20220819T231322, end_date=20220819T231323
[2022-08-19 23:13:23,735] {local_task_job.py:156} INFO - Task exited with return code 0
[2022-08-19 23:13:23,805] {local_task_job.py:273} INFO - 0 downstream tasks scheduled from follow-on schedule check
