[2022-08-19 23:07:35,460] {taskinstance.py:1179} INFO - Dependencies all met for <TaskInstance: sefa_dag.get_telegram_version scheduled__2020-01-01T02:08:00+00:00 [queued]>
[2022-08-19 23:07:35,476] {taskinstance.py:1179} INFO - Dependencies all met for <TaskInstance: sefa_dag.get_telegram_version scheduled__2020-01-01T02:08:00+00:00 [queued]>
[2022-08-19 23:07:35,477] {taskinstance.py:1376} INFO - 
--------------------------------------------------------------------------------
[2022-08-19 23:07:35,479] {taskinstance.py:1377} INFO - Starting attempt 1 of 1
[2022-08-19 23:07:35,480] {taskinstance.py:1378} INFO - 
--------------------------------------------------------------------------------
[2022-08-19 23:07:35,560] {taskinstance.py:1397} INFO - Executing <Task(PythonOperator): get_telegram_version> on 2020-01-01 02:08:00+00:00
[2022-08-19 23:07:35,576] {standard_task_runner.py:52} INFO - Started process 1974 to run task
[2022-08-19 23:07:35,631] {standard_task_runner.py:79} INFO - Running: ['***', 'tasks', 'run', 'sefa_dag', 'get_telegram_version', 'scheduled__2020-01-01T02:08:00+00:00', '--job-id', '276', '--raw', '--subdir', 'DAGS_FOLDER/sefa_dag.py', '--cfg-path', '/tmp/tmpnfq46osb', '--error-file', '/tmp/tmps8vim2yx']
[2022-08-19 23:07:35,636] {standard_task_runner.py:80} INFO - Job 276: Subtask get_telegram_version
[2022-08-19 23:07:35,814] {task_command.py:371} INFO - Running <TaskInstance: sefa_dag.get_telegram_version scheduled__2020-01-01T02:08:00+00:00 [running]> on host fd7a784b9251
[2022-08-19 23:07:36,076] {taskinstance.py:1591} INFO - Exporting the following env vars:
AIRFLOW_CTX_DAG_OWNER=***
AIRFLOW_CTX_DAG_ID=sefa_dag
AIRFLOW_CTX_TASK_ID=get_telegram_version
AIRFLOW_CTX_EXECUTION_DATE=2020-01-01T02:08:00+00:00
AIRFLOW_CTX_TRY_NUMBER=1
AIRFLOW_CTX_DAG_RUN_ID=scheduled__2020-01-01T02:08:00+00:00
[2022-08-19 23:07:36,079] {python.py:173} INFO - Done. Returned value was: 1.24.0
[2022-08-19 23:07:36,229] {taskinstance.py:1420} INFO - Marking task as SUCCESS. dag_id=sefa_dag, task_id=get_telegram_version, execution_date=20200101T020800, start_date=20220819T230735, end_date=20220819T230736
[2022-08-19 23:07:36,342] {local_task_job.py:156} INFO - Task exited with return code 0
[2022-08-19 23:07:36,396] {local_task_job.py:273} INFO - 0 downstream tasks scheduled from follow-on schedule check
