[2022-08-19 22:31:45,219] {processor.py:153} INFO - Started process (PID=51) to work on /home/airflow/.local/lib/python3.7/site-packages/airflow/example_dags/example_branch_operator_decorator.py
[2022-08-19 22:31:45,221] {processor.py:641} INFO - Processing file /home/airflow/.local/lib/python3.7/site-packages/airflow/example_dags/example_branch_operator_decorator.py for tasks to queue
[2022-08-19 22:31:45,222] {logging_mixin.py:115} INFO - [2022-08-19 22:31:45,222] {dagbag.py:508} INFO - Filling up the DagBag from /home/airflow/.local/lib/python3.7/site-packages/airflow/example_dags/example_branch_operator_decorator.py
[2022-08-19 22:31:45,238] {processor.py:651} INFO - DAG(s) dict_keys(['example_branch_python_operator_decorator']) retrieved from /home/airflow/.local/lib/python3.7/site-packages/airflow/example_dags/example_branch_operator_decorator.py
[2022-08-19 22:31:45,320] {logging_mixin.py:115} INFO - [2022-08-19 22:31:45,319] {manager.py:508} INFO - Created Permission View: can delete on DAG:example_branch_python_operator_decorator
[2022-08-19 22:31:45,339] {logging_mixin.py:115} INFO - [2022-08-19 22:31:45,339] {manager.py:508} INFO - Created Permission View: can read on DAG:example_branch_python_operator_decorator
[2022-08-19 22:31:45,345] {logging_mixin.py:115} INFO - [2022-08-19 22:31:45,345] {manager.py:508} INFO - Created Permission View: can edit on DAG:example_branch_python_operator_decorator
[2022-08-19 22:31:45,345] {logging_mixin.py:115} INFO - [2022-08-19 22:31:45,345] {dag.py:2420} INFO - Sync 1 DAGs
[2022-08-19 22:31:45,353] {logging_mixin.py:115} INFO - [2022-08-19 22:31:45,353] {dag.py:2439} INFO - Creating ORM DAG for example_branch_python_operator_decorator
[2022-08-19 22:31:45,366] {logging_mixin.py:115} INFO - [2022-08-19 22:31:45,366] {dag.py:2972} INFO - Setting next_dagrun for example_branch_python_operator_decorator to 2022-08-18T00:00:00+00:00, run_after=2022-08-19T00:00:00+00:00
[2022-08-19 22:31:45,384] {processor.py:161} INFO - Processing /home/airflow/.local/lib/python3.7/site-packages/airflow/example_dags/example_branch_operator_decorator.py took 0.168 seconds
[2022-08-19 22:32:15,468] {processor.py:153} INFO - Started process (PID=114) to work on /home/airflow/.local/lib/python3.7/site-packages/airflow/example_dags/example_branch_operator_decorator.py
[2022-08-19 22:32:15,469] {processor.py:641} INFO - Processing file /home/airflow/.local/lib/python3.7/site-packages/airflow/example_dags/example_branch_operator_decorator.py for tasks to queue
[2022-08-19 22:32:15,471] {logging_mixin.py:115} INFO - [2022-08-19 22:32:15,470] {dagbag.py:508} INFO - Filling up the DagBag from /home/airflow/.local/lib/python3.7/site-packages/airflow/example_dags/example_branch_operator_decorator.py
[2022-08-19 22:32:15,482] {processor.py:651} INFO - DAG(s) dict_keys(['example_branch_python_operator_decorator']) retrieved from /home/airflow/.local/lib/python3.7/site-packages/airflow/example_dags/example_branch_operator_decorator.py
[2022-08-19 22:32:15,501] {logging_mixin.py:115} INFO - [2022-08-19 22:32:15,501] {dag.py:2420} INFO - Sync 1 DAGs
[2022-08-19 22:32:15,517] {logging_mixin.py:115} INFO - [2022-08-19 22:32:15,517] {dag.py:2972} INFO - Setting next_dagrun for example_branch_python_operator_decorator to 2022-08-18T00:00:00+00:00, run_after=2022-08-19T00:00:00+00:00
[2022-08-19 22:32:15,524] {processor.py:161} INFO - Processing /home/airflow/.local/lib/python3.7/site-packages/airflow/example_dags/example_branch_operator_decorator.py took 0.059 seconds
[2022-08-19 22:53:24,743] {processor.py:153} INFO - Started process (PID=51) to work on /home/airflow/.local/lib/python3.7/site-packages/airflow/example_dags/example_branch_operator_decorator.py
[2022-08-19 22:53:24,744] {processor.py:641} INFO - Processing file /home/airflow/.local/lib/python3.7/site-packages/airflow/example_dags/example_branch_operator_decorator.py for tasks to queue
[2022-08-19 22:53:24,746] {logging_mixin.py:115} INFO - [2022-08-19 22:53:24,746] {dagbag.py:508} INFO - Filling up the DagBag from /home/airflow/.local/lib/python3.7/site-packages/airflow/example_dags/example_branch_operator_decorator.py
[2022-08-19 22:53:24,773] {processor.py:651} INFO - DAG(s) dict_keys(['example_branch_python_operator_decorator']) retrieved from /home/airflow/.local/lib/python3.7/site-packages/airflow/example_dags/example_branch_operator_decorator.py
[2022-08-19 22:53:24,850] {logging_mixin.py:115} INFO - [2022-08-19 22:53:24,850] {manager.py:508} INFO - Created Permission View: can read on DAG:example_branch_python_operator_decorator
[2022-08-19 22:53:24,873] {logging_mixin.py:115} INFO - [2022-08-19 22:53:24,873] {manager.py:508} INFO - Created Permission View: can delete on DAG:example_branch_python_operator_decorator
[2022-08-19 22:53:24,878] {logging_mixin.py:115} INFO - [2022-08-19 22:53:24,878] {manager.py:508} INFO - Created Permission View: can edit on DAG:example_branch_python_operator_decorator
[2022-08-19 22:53:24,879] {logging_mixin.py:115} INFO - [2022-08-19 22:53:24,879] {dag.py:2420} INFO - Sync 1 DAGs
[2022-08-19 22:53:24,889] {logging_mixin.py:115} INFO - [2022-08-19 22:53:24,889] {dag.py:2439} INFO - Creating ORM DAG for example_branch_python_operator_decorator
[2022-08-19 22:53:24,906] {logging_mixin.py:115} INFO - [2022-08-19 22:53:24,906] {dag.py:2972} INFO - Setting next_dagrun for example_branch_python_operator_decorator to 2022-08-18T00:00:00+00:00, run_after=2022-08-19T00:00:00+00:00
[2022-08-19 22:53:24,928] {processor.py:161} INFO - Processing /home/airflow/.local/lib/python3.7/site-packages/airflow/example_dags/example_branch_operator_decorator.py took 0.192 seconds
[2022-08-19 22:53:55,135] {processor.py:153} INFO - Started process (PID=129) to work on /home/airflow/.local/lib/python3.7/site-packages/airflow/example_dags/example_branch_operator_decorator.py
[2022-08-19 22:53:55,136] {processor.py:641} INFO - Processing file /home/airflow/.local/lib/python3.7/site-packages/airflow/example_dags/example_branch_operator_decorator.py for tasks to queue
[2022-08-19 22:53:55,138] {logging_mixin.py:115} INFO - [2022-08-19 22:53:55,138] {dagbag.py:508} INFO - Filling up the DagBag from /home/airflow/.local/lib/python3.7/site-packages/airflow/example_dags/example_branch_operator_decorator.py
[2022-08-19 22:53:55,150] {processor.py:651} INFO - DAG(s) dict_keys(['example_branch_python_operator_decorator']) retrieved from /home/airflow/.local/lib/python3.7/site-packages/airflow/example_dags/example_branch_operator_decorator.py
[2022-08-19 22:53:55,167] {logging_mixin.py:115} INFO - [2022-08-19 22:53:55,167] {dag.py:2420} INFO - Sync 1 DAGs
[2022-08-19 22:53:55,180] {logging_mixin.py:115} INFO - [2022-08-19 22:53:55,180] {dag.py:2972} INFO - Setting next_dagrun for example_branch_python_operator_decorator to 2022-08-18T00:00:00+00:00, run_after=2022-08-19T00:00:00+00:00
[2022-08-19 22:53:55,187] {processor.py:161} INFO - Processing /home/airflow/.local/lib/python3.7/site-packages/airflow/example_dags/example_branch_operator_decorator.py took 0.054 seconds
[2022-08-19 22:54:25,698] {processor.py:153} INFO - Started process (PID=202) to work on /home/airflow/.local/lib/python3.7/site-packages/airflow/example_dags/example_branch_operator_decorator.py
[2022-08-19 22:54:25,700] {processor.py:641} INFO - Processing file /home/airflow/.local/lib/python3.7/site-packages/airflow/example_dags/example_branch_operator_decorator.py for tasks to queue
[2022-08-19 22:54:25,701] {logging_mixin.py:115} INFO - [2022-08-19 22:54:25,701] {dagbag.py:508} INFO - Filling up the DagBag from /home/airflow/.local/lib/python3.7/site-packages/airflow/example_dags/example_branch_operator_decorator.py
[2022-08-19 22:54:25,713] {processor.py:651} INFO - DAG(s) dict_keys(['example_branch_python_operator_decorator']) retrieved from /home/airflow/.local/lib/python3.7/site-packages/airflow/example_dags/example_branch_operator_decorator.py
[2022-08-19 22:54:25,727] {logging_mixin.py:115} INFO - [2022-08-19 22:54:25,727] {dag.py:2420} INFO - Sync 1 DAGs
[2022-08-19 22:54:25,739] {logging_mixin.py:115} INFO - [2022-08-19 22:54:25,739] {dag.py:2972} INFO - Setting next_dagrun for example_branch_python_operator_decorator to 2022-08-18T00:00:00+00:00, run_after=2022-08-19T00:00:00+00:00
[2022-08-19 22:54:25,748] {processor.py:161} INFO - Processing /home/airflow/.local/lib/python3.7/site-packages/airflow/example_dags/example_branch_operator_decorator.py took 0.052 seconds
[2022-08-19 22:54:56,197] {processor.py:153} INFO - Started process (PID=269) to work on /home/airflow/.local/lib/python3.7/site-packages/airflow/example_dags/example_branch_operator_decorator.py
[2022-08-19 22:54:56,198] {processor.py:641} INFO - Processing file /home/airflow/.local/lib/python3.7/site-packages/airflow/example_dags/example_branch_operator_decorator.py for tasks to queue
[2022-08-19 22:54:56,199] {logging_mixin.py:115} INFO - [2022-08-19 22:54:56,199] {dagbag.py:508} INFO - Filling up the DagBag from /home/airflow/.local/lib/python3.7/site-packages/airflow/example_dags/example_branch_operator_decorator.py
[2022-08-19 22:54:56,211] {processor.py:651} INFO - DAG(s) dict_keys(['example_branch_python_operator_decorator']) retrieved from /home/airflow/.local/lib/python3.7/site-packages/airflow/example_dags/example_branch_operator_decorator.py
[2022-08-19 22:54:56,230] {logging_mixin.py:115} INFO - [2022-08-19 22:54:56,230] {dag.py:2420} INFO - Sync 1 DAGs
[2022-08-19 22:54:56,244] {logging_mixin.py:115} INFO - [2022-08-19 22:54:56,244] {dag.py:2972} INFO - Setting next_dagrun for example_branch_python_operator_decorator to 2022-08-18T00:00:00+00:00, run_after=2022-08-19T00:00:00+00:00
[2022-08-19 22:54:56,255] {processor.py:161} INFO - Processing /home/airflow/.local/lib/python3.7/site-packages/airflow/example_dags/example_branch_operator_decorator.py took 0.060 seconds
[2022-08-19 22:55:26,741] {processor.py:153} INFO - Started process (PID=332) to work on /home/airflow/.local/lib/python3.7/site-packages/airflow/example_dags/example_branch_operator_decorator.py
[2022-08-19 22:55:26,742] {processor.py:641} INFO - Processing file /home/airflow/.local/lib/python3.7/site-packages/airflow/example_dags/example_branch_operator_decorator.py for tasks to queue
[2022-08-19 22:55:26,744] {logging_mixin.py:115} INFO - [2022-08-19 22:55:26,744] {dagbag.py:508} INFO - Filling up the DagBag from /home/airflow/.local/lib/python3.7/site-packages/airflow/example_dags/example_branch_operator_decorator.py
[2022-08-19 22:55:26,757] {processor.py:651} INFO - DAG(s) dict_keys(['example_branch_python_operator_decorator']) retrieved from /home/airflow/.local/lib/python3.7/site-packages/airflow/example_dags/example_branch_operator_decorator.py
[2022-08-19 22:55:26,775] {logging_mixin.py:115} INFO - [2022-08-19 22:55:26,774] {dag.py:2420} INFO - Sync 1 DAGs
[2022-08-19 22:55:26,799] {logging_mixin.py:115} INFO - [2022-08-19 22:55:26,799] {dag.py:2972} INFO - Setting next_dagrun for example_branch_python_operator_decorator to 2022-08-18T00:00:00+00:00, run_after=2022-08-19T00:00:00+00:00
[2022-08-19 22:55:26,811] {processor.py:161} INFO - Processing /home/airflow/.local/lib/python3.7/site-packages/airflow/example_dags/example_branch_operator_decorator.py took 0.073 seconds
[2022-08-19 22:55:57,216] {processor.py:153} INFO - Started process (PID=386) to work on /home/airflow/.local/lib/python3.7/site-packages/airflow/example_dags/example_branch_operator_decorator.py
[2022-08-19 22:55:57,217] {processor.py:641} INFO - Processing file /home/airflow/.local/lib/python3.7/site-packages/airflow/example_dags/example_branch_operator_decorator.py for tasks to queue
[2022-08-19 22:55:57,218] {logging_mixin.py:115} INFO - [2022-08-19 22:55:57,218] {dagbag.py:508} INFO - Filling up the DagBag from /home/airflow/.local/lib/python3.7/site-packages/airflow/example_dags/example_branch_operator_decorator.py
[2022-08-19 22:55:57,229] {processor.py:651} INFO - DAG(s) dict_keys(['example_branch_python_operator_decorator']) retrieved from /home/airflow/.local/lib/python3.7/site-packages/airflow/example_dags/example_branch_operator_decorator.py
[2022-08-19 22:55:57,246] {logging_mixin.py:115} INFO - [2022-08-19 22:55:57,246] {dag.py:2420} INFO - Sync 1 DAGs
[2022-08-19 22:55:57,264] {logging_mixin.py:115} INFO - [2022-08-19 22:55:57,264] {dag.py:2972} INFO - Setting next_dagrun for example_branch_python_operator_decorator to 2022-08-18T00:00:00+00:00, run_after=2022-08-19T00:00:00+00:00
[2022-08-19 22:55:57,272] {processor.py:161} INFO - Processing /home/airflow/.local/lib/python3.7/site-packages/airflow/example_dags/example_branch_operator_decorator.py took 0.058 seconds
[2022-08-19 22:56:27,722] {processor.py:153} INFO - Started process (PID=455) to work on /home/airflow/.local/lib/python3.7/site-packages/airflow/example_dags/example_branch_operator_decorator.py
[2022-08-19 22:56:27,723] {processor.py:641} INFO - Processing file /home/airflow/.local/lib/python3.7/site-packages/airflow/example_dags/example_branch_operator_decorator.py for tasks to queue
[2022-08-19 22:56:27,724] {logging_mixin.py:115} INFO - [2022-08-19 22:56:27,724] {dagbag.py:508} INFO - Filling up the DagBag from /home/airflow/.local/lib/python3.7/site-packages/airflow/example_dags/example_branch_operator_decorator.py
[2022-08-19 22:56:27,735] {processor.py:651} INFO - DAG(s) dict_keys(['example_branch_python_operator_decorator']) retrieved from /home/airflow/.local/lib/python3.7/site-packages/airflow/example_dags/example_branch_operator_decorator.py
[2022-08-19 22:56:27,751] {logging_mixin.py:115} INFO - [2022-08-19 22:56:27,750] {dag.py:2420} INFO - Sync 1 DAGs
[2022-08-19 22:56:27,763] {logging_mixin.py:115} INFO - [2022-08-19 22:56:27,763] {dag.py:2972} INFO - Setting next_dagrun for example_branch_python_operator_decorator to 2022-08-18T00:00:00+00:00, run_after=2022-08-19T00:00:00+00:00
[2022-08-19 22:56:27,770] {processor.py:161} INFO - Processing /home/airflow/.local/lib/python3.7/site-packages/airflow/example_dags/example_branch_operator_decorator.py took 0.051 seconds
[2022-08-19 22:56:58,089] {processor.py:153} INFO - Started process (PID=519) to work on /home/airflow/.local/lib/python3.7/site-packages/airflow/example_dags/example_branch_operator_decorator.py
[2022-08-19 22:56:58,090] {processor.py:641} INFO - Processing file /home/airflow/.local/lib/python3.7/site-packages/airflow/example_dags/example_branch_operator_decorator.py for tasks to queue
[2022-08-19 22:56:58,091] {logging_mixin.py:115} INFO - [2022-08-19 22:56:58,091] {dagbag.py:508} INFO - Filling up the DagBag from /home/airflow/.local/lib/python3.7/site-packages/airflow/example_dags/example_branch_operator_decorator.py
[2022-08-19 22:56:58,107] {processor.py:651} INFO - DAG(s) dict_keys(['example_branch_python_operator_decorator']) retrieved from /home/airflow/.local/lib/python3.7/site-packages/airflow/example_dags/example_branch_operator_decorator.py
[2022-08-19 22:56:58,123] {logging_mixin.py:115} INFO - [2022-08-19 22:56:58,123] {dag.py:2420} INFO - Sync 1 DAGs
[2022-08-19 22:56:58,135] {logging_mixin.py:115} INFO - [2022-08-19 22:56:58,135] {dag.py:2972} INFO - Setting next_dagrun for example_branch_python_operator_decorator to 2022-08-18T00:00:00+00:00, run_after=2022-08-19T00:00:00+00:00
[2022-08-19 22:56:58,143] {processor.py:161} INFO - Processing /home/airflow/.local/lib/python3.7/site-packages/airflow/example_dags/example_branch_operator_decorator.py took 0.056 seconds
[2022-08-19 22:57:28,491] {processor.py:153} INFO - Started process (PID=588) to work on /home/airflow/.local/lib/python3.7/site-packages/airflow/example_dags/example_branch_operator_decorator.py
[2022-08-19 22:57:28,492] {processor.py:641} INFO - Processing file /home/airflow/.local/lib/python3.7/site-packages/airflow/example_dags/example_branch_operator_decorator.py for tasks to queue
[2022-08-19 22:57:28,493] {logging_mixin.py:115} INFO - [2022-08-19 22:57:28,493] {dagbag.py:508} INFO - Filling up the DagBag from /home/airflow/.local/lib/python3.7/site-packages/airflow/example_dags/example_branch_operator_decorator.py
[2022-08-19 22:57:28,505] {processor.py:651} INFO - DAG(s) dict_keys(['example_branch_python_operator_decorator']) retrieved from /home/airflow/.local/lib/python3.7/site-packages/airflow/example_dags/example_branch_operator_decorator.py
[2022-08-19 22:57:28,523] {logging_mixin.py:115} INFO - [2022-08-19 22:57:28,523] {dag.py:2420} INFO - Sync 1 DAGs
[2022-08-19 22:57:28,537] {logging_mixin.py:115} INFO - [2022-08-19 22:57:28,537] {dag.py:2972} INFO - Setting next_dagrun for example_branch_python_operator_decorator to 2022-08-18T00:00:00+00:00, run_after=2022-08-19T00:00:00+00:00
[2022-08-19 22:57:28,544] {processor.py:161} INFO - Processing /home/airflow/.local/lib/python3.7/site-packages/airflow/example_dags/example_branch_operator_decorator.py took 0.055 seconds
[2022-08-19 22:57:58,912] {processor.py:153} INFO - Started process (PID=654) to work on /home/airflow/.local/lib/python3.7/site-packages/airflow/example_dags/example_branch_operator_decorator.py
[2022-08-19 22:57:58,913] {processor.py:641} INFO - Processing file /home/airflow/.local/lib/python3.7/site-packages/airflow/example_dags/example_branch_operator_decorator.py for tasks to queue
[2022-08-19 22:57:58,914] {logging_mixin.py:115} INFO - [2022-08-19 22:57:58,914] {dagbag.py:508} INFO - Filling up the DagBag from /home/airflow/.local/lib/python3.7/site-packages/airflow/example_dags/example_branch_operator_decorator.py
[2022-08-19 22:57:58,926] {processor.py:651} INFO - DAG(s) dict_keys(['example_branch_python_operator_decorator']) retrieved from /home/airflow/.local/lib/python3.7/site-packages/airflow/example_dags/example_branch_operator_decorator.py
[2022-08-19 22:57:58,944] {logging_mixin.py:115} INFO - [2022-08-19 22:57:58,944] {dag.py:2420} INFO - Sync 1 DAGs
[2022-08-19 22:57:58,958] {logging_mixin.py:115} INFO - [2022-08-19 22:57:58,958] {dag.py:2972} INFO - Setting next_dagrun for example_branch_python_operator_decorator to 2022-08-18T00:00:00+00:00, run_after=2022-08-19T00:00:00+00:00
[2022-08-19 22:57:58,965] {processor.py:161} INFO - Processing /home/airflow/.local/lib/python3.7/site-packages/airflow/example_dags/example_branch_operator_decorator.py took 0.057 seconds
[2022-08-19 22:58:29,411] {processor.py:153} INFO - Started process (PID=710) to work on /home/airflow/.local/lib/python3.7/site-packages/airflow/example_dags/example_branch_operator_decorator.py
[2022-08-19 22:58:29,411] {processor.py:641} INFO - Processing file /home/airflow/.local/lib/python3.7/site-packages/airflow/example_dags/example_branch_operator_decorator.py for tasks to queue
[2022-08-19 22:58:29,412] {logging_mixin.py:115} INFO - [2022-08-19 22:58:29,412] {dagbag.py:508} INFO - Filling up the DagBag from /home/airflow/.local/lib/python3.7/site-packages/airflow/example_dags/example_branch_operator_decorator.py
[2022-08-19 22:58:29,424] {processor.py:651} INFO - DAG(s) dict_keys(['example_branch_python_operator_decorator']) retrieved from /home/airflow/.local/lib/python3.7/site-packages/airflow/example_dags/example_branch_operator_decorator.py
[2022-08-19 22:58:29,443] {logging_mixin.py:115} INFO - [2022-08-19 22:58:29,443] {dag.py:2420} INFO - Sync 1 DAGs
[2022-08-19 22:58:29,456] {logging_mixin.py:115} INFO - [2022-08-19 22:58:29,456] {dag.py:2972} INFO - Setting next_dagrun for example_branch_python_operator_decorator to 2022-08-18T00:00:00+00:00, run_after=2022-08-19T00:00:00+00:00
[2022-08-19 22:58:29,463] {processor.py:161} INFO - Processing /home/airflow/.local/lib/python3.7/site-packages/airflow/example_dags/example_branch_operator_decorator.py took 0.054 seconds
[2022-08-19 22:58:59,786] {processor.py:153} INFO - Started process (PID=776) to work on /home/airflow/.local/lib/python3.7/site-packages/airflow/example_dags/example_branch_operator_decorator.py
[2022-08-19 22:58:59,787] {processor.py:641} INFO - Processing file /home/airflow/.local/lib/python3.7/site-packages/airflow/example_dags/example_branch_operator_decorator.py for tasks to queue
[2022-08-19 22:58:59,788] {logging_mixin.py:115} INFO - [2022-08-19 22:58:59,788] {dagbag.py:508} INFO - Filling up the DagBag from /home/airflow/.local/lib/python3.7/site-packages/airflow/example_dags/example_branch_operator_decorator.py
[2022-08-19 22:58:59,799] {processor.py:651} INFO - DAG(s) dict_keys(['example_branch_python_operator_decorator']) retrieved from /home/airflow/.local/lib/python3.7/site-packages/airflow/example_dags/example_branch_operator_decorator.py
[2022-08-19 22:58:59,818] {logging_mixin.py:115} INFO - [2022-08-19 22:58:59,818] {dag.py:2420} INFO - Sync 1 DAGs
[2022-08-19 22:58:59,838] {logging_mixin.py:115} INFO - [2022-08-19 22:58:59,837] {dag.py:2972} INFO - Setting next_dagrun for example_branch_python_operator_decorator to 2022-08-18T00:00:00+00:00, run_after=2022-08-19T00:00:00+00:00
[2022-08-19 22:58:59,845] {processor.py:161} INFO - Processing /home/airflow/.local/lib/python3.7/site-packages/airflow/example_dags/example_branch_operator_decorator.py took 0.061 seconds
[2022-08-19 22:59:30,325] {processor.py:153} INFO - Started process (PID=842) to work on /home/airflow/.local/lib/python3.7/site-packages/airflow/example_dags/example_branch_operator_decorator.py
[2022-08-19 22:59:30,326] {processor.py:641} INFO - Processing file /home/airflow/.local/lib/python3.7/site-packages/airflow/example_dags/example_branch_operator_decorator.py for tasks to queue
[2022-08-19 22:59:30,327] {logging_mixin.py:115} INFO - [2022-08-19 22:59:30,327] {dagbag.py:508} INFO - Filling up the DagBag from /home/airflow/.local/lib/python3.7/site-packages/airflow/example_dags/example_branch_operator_decorator.py
[2022-08-19 22:59:30,340] {processor.py:651} INFO - DAG(s) dict_keys(['example_branch_python_operator_decorator']) retrieved from /home/airflow/.local/lib/python3.7/site-packages/airflow/example_dags/example_branch_operator_decorator.py
[2022-08-19 22:59:30,362] {logging_mixin.py:115} INFO - [2022-08-19 22:59:30,362] {dag.py:2420} INFO - Sync 1 DAGs
[2022-08-19 22:59:30,393] {logging_mixin.py:115} INFO - [2022-08-19 22:59:30,393] {dag.py:2972} INFO - Setting next_dagrun for example_branch_python_operator_decorator to 2022-08-18T00:00:00+00:00, run_after=2022-08-19T00:00:00+00:00
[2022-08-19 22:59:30,401] {processor.py:161} INFO - Processing /home/airflow/.local/lib/python3.7/site-packages/airflow/example_dags/example_branch_operator_decorator.py took 0.078 seconds
[2022-08-19 23:00:00,804] {processor.py:153} INFO - Started process (PID=910) to work on /home/airflow/.local/lib/python3.7/site-packages/airflow/example_dags/example_branch_operator_decorator.py
[2022-08-19 23:00:00,805] {processor.py:641} INFO - Processing file /home/airflow/.local/lib/python3.7/site-packages/airflow/example_dags/example_branch_operator_decorator.py for tasks to queue
[2022-08-19 23:00:00,806] {logging_mixin.py:115} INFO - [2022-08-19 23:00:00,806] {dagbag.py:508} INFO - Filling up the DagBag from /home/airflow/.local/lib/python3.7/site-packages/airflow/example_dags/example_branch_operator_decorator.py
[2022-08-19 23:00:00,817] {processor.py:651} INFO - DAG(s) dict_keys(['example_branch_python_operator_decorator']) retrieved from /home/airflow/.local/lib/python3.7/site-packages/airflow/example_dags/example_branch_operator_decorator.py
[2022-08-19 23:00:00,836] {logging_mixin.py:115} INFO - [2022-08-19 23:00:00,836] {dag.py:2420} INFO - Sync 1 DAGs
[2022-08-19 23:00:00,849] {logging_mixin.py:115} INFO - [2022-08-19 23:00:00,849] {dag.py:2972} INFO - Setting next_dagrun for example_branch_python_operator_decorator to 2022-08-18T00:00:00+00:00, run_after=2022-08-19T00:00:00+00:00
[2022-08-19 23:00:00,856] {processor.py:161} INFO - Processing /home/airflow/.local/lib/python3.7/site-packages/airflow/example_dags/example_branch_operator_decorator.py took 0.055 seconds
[2022-08-19 23:00:31,252] {processor.py:153} INFO - Started process (PID=976) to work on /home/airflow/.local/lib/python3.7/site-packages/airflow/example_dags/example_branch_operator_decorator.py
[2022-08-19 23:00:31,253] {processor.py:641} INFO - Processing file /home/airflow/.local/lib/python3.7/site-packages/airflow/example_dags/example_branch_operator_decorator.py for tasks to queue
[2022-08-19 23:00:31,254] {logging_mixin.py:115} INFO - [2022-08-19 23:00:31,254] {dagbag.py:508} INFO - Filling up the DagBag from /home/airflow/.local/lib/python3.7/site-packages/airflow/example_dags/example_branch_operator_decorator.py
[2022-08-19 23:00:31,266] {processor.py:651} INFO - DAG(s) dict_keys(['example_branch_python_operator_decorator']) retrieved from /home/airflow/.local/lib/python3.7/site-packages/airflow/example_dags/example_branch_operator_decorator.py
[2022-08-19 23:00:31,286] {logging_mixin.py:115} INFO - [2022-08-19 23:00:31,285] {dag.py:2420} INFO - Sync 1 DAGs
[2022-08-19 23:00:31,299] {logging_mixin.py:115} INFO - [2022-08-19 23:00:31,299] {dag.py:2972} INFO - Setting next_dagrun for example_branch_python_operator_decorator to 2022-08-18T00:00:00+00:00, run_after=2022-08-19T00:00:00+00:00
[2022-08-19 23:00:31,307] {processor.py:161} INFO - Processing /home/airflow/.local/lib/python3.7/site-packages/airflow/example_dags/example_branch_operator_decorator.py took 0.058 seconds
[2022-08-19 23:01:01,633] {processor.py:153} INFO - Started process (PID=1046) to work on /home/airflow/.local/lib/python3.7/site-packages/airflow/example_dags/example_branch_operator_decorator.py
[2022-08-19 23:01:01,634] {processor.py:641} INFO - Processing file /home/airflow/.local/lib/python3.7/site-packages/airflow/example_dags/example_branch_operator_decorator.py for tasks to queue
[2022-08-19 23:01:01,635] {logging_mixin.py:115} INFO - [2022-08-19 23:01:01,635] {dagbag.py:508} INFO - Filling up the DagBag from /home/airflow/.local/lib/python3.7/site-packages/airflow/example_dags/example_branch_operator_decorator.py
[2022-08-19 23:01:01,650] {processor.py:651} INFO - DAG(s) dict_keys(['example_branch_python_operator_decorator']) retrieved from /home/airflow/.local/lib/python3.7/site-packages/airflow/example_dags/example_branch_operator_decorator.py
[2022-08-19 23:01:01,668] {logging_mixin.py:115} INFO - [2022-08-19 23:01:01,668] {dag.py:2420} INFO - Sync 1 DAGs
[2022-08-19 23:01:01,683] {logging_mixin.py:115} INFO - [2022-08-19 23:01:01,683] {dag.py:2972} INFO - Setting next_dagrun for example_branch_python_operator_decorator to 2022-08-18T00:00:00+00:00, run_after=2022-08-19T00:00:00+00:00
[2022-08-19 23:01:01,690] {processor.py:161} INFO - Processing /home/airflow/.local/lib/python3.7/site-packages/airflow/example_dags/example_branch_operator_decorator.py took 0.059 seconds
[2022-08-19 23:01:32,166] {processor.py:153} INFO - Started process (PID=1100) to work on /home/airflow/.local/lib/python3.7/site-packages/airflow/example_dags/example_branch_operator_decorator.py
[2022-08-19 23:01:32,167] {processor.py:641} INFO - Processing file /home/airflow/.local/lib/python3.7/site-packages/airflow/example_dags/example_branch_operator_decorator.py for tasks to queue
[2022-08-19 23:01:32,171] {logging_mixin.py:115} INFO - [2022-08-19 23:01:32,171] {dagbag.py:508} INFO - Filling up the DagBag from /home/airflow/.local/lib/python3.7/site-packages/airflow/example_dags/example_branch_operator_decorator.py
[2022-08-19 23:01:32,183] {processor.py:651} INFO - DAG(s) dict_keys(['example_branch_python_operator_decorator']) retrieved from /home/airflow/.local/lib/python3.7/site-packages/airflow/example_dags/example_branch_operator_decorator.py
[2022-08-19 23:01:32,201] {logging_mixin.py:115} INFO - [2022-08-19 23:01:32,201] {dag.py:2420} INFO - Sync 1 DAGs
[2022-08-19 23:01:32,215] {logging_mixin.py:115} INFO - [2022-08-19 23:01:32,215] {dag.py:2972} INFO - Setting next_dagrun for example_branch_python_operator_decorator to 2022-08-18T00:00:00+00:00, run_after=2022-08-19T00:00:00+00:00
[2022-08-19 23:01:32,225] {processor.py:161} INFO - Processing /home/airflow/.local/lib/python3.7/site-packages/airflow/example_dags/example_branch_operator_decorator.py took 0.061 seconds
[2022-08-19 23:02:02,597] {processor.py:153} INFO - Started process (PID=1166) to work on /home/airflow/.local/lib/python3.7/site-packages/airflow/example_dags/example_branch_operator_decorator.py
[2022-08-19 23:02:02,598] {processor.py:641} INFO - Processing file /home/airflow/.local/lib/python3.7/site-packages/airflow/example_dags/example_branch_operator_decorator.py for tasks to queue
[2022-08-19 23:02:02,599] {logging_mixin.py:115} INFO - [2022-08-19 23:02:02,599] {dagbag.py:508} INFO - Filling up the DagBag from /home/airflow/.local/lib/python3.7/site-packages/airflow/example_dags/example_branch_operator_decorator.py
[2022-08-19 23:02:02,613] {processor.py:651} INFO - DAG(s) dict_keys(['example_branch_python_operator_decorator']) retrieved from /home/airflow/.local/lib/python3.7/site-packages/airflow/example_dags/example_branch_operator_decorator.py
[2022-08-19 23:02:02,630] {logging_mixin.py:115} INFO - [2022-08-19 23:02:02,630] {dag.py:2420} INFO - Sync 1 DAGs
[2022-08-19 23:02:02,644] {logging_mixin.py:115} INFO - [2022-08-19 23:02:02,644] {dag.py:2972} INFO - Setting next_dagrun for example_branch_python_operator_decorator to 2022-08-18T00:00:00+00:00, run_after=2022-08-19T00:00:00+00:00
[2022-08-19 23:02:02,651] {processor.py:161} INFO - Processing /home/airflow/.local/lib/python3.7/site-packages/airflow/example_dags/example_branch_operator_decorator.py took 0.056 seconds
[2022-08-19 23:02:33,043] {processor.py:153} INFO - Started process (PID=1228) to work on /home/airflow/.local/lib/python3.7/site-packages/airflow/example_dags/example_branch_operator_decorator.py
[2022-08-19 23:02:33,044] {processor.py:641} INFO - Processing file /home/airflow/.local/lib/python3.7/site-packages/airflow/example_dags/example_branch_operator_decorator.py for tasks to queue
[2022-08-19 23:02:33,045] {logging_mixin.py:115} INFO - [2022-08-19 23:02:33,045] {dagbag.py:508} INFO - Filling up the DagBag from /home/airflow/.local/lib/python3.7/site-packages/airflow/example_dags/example_branch_operator_decorator.py
[2022-08-19 23:02:33,057] {processor.py:651} INFO - DAG(s) dict_keys(['example_branch_python_operator_decorator']) retrieved from /home/airflow/.local/lib/python3.7/site-packages/airflow/example_dags/example_branch_operator_decorator.py
[2022-08-19 23:02:33,075] {logging_mixin.py:115} INFO - [2022-08-19 23:02:33,075] {dag.py:2420} INFO - Sync 1 DAGs
[2022-08-19 23:02:33,089] {logging_mixin.py:115} INFO - [2022-08-19 23:02:33,089] {dag.py:2972} INFO - Setting next_dagrun for example_branch_python_operator_decorator to 2022-08-18T00:00:00+00:00, run_after=2022-08-19T00:00:00+00:00
[2022-08-19 23:02:33,097] {processor.py:161} INFO - Processing /home/airflow/.local/lib/python3.7/site-packages/airflow/example_dags/example_branch_operator_decorator.py took 0.057 seconds
[2022-08-19 23:03:03,451] {processor.py:153} INFO - Started process (PID=1293) to work on /home/airflow/.local/lib/python3.7/site-packages/airflow/example_dags/example_branch_operator_decorator.py
[2022-08-19 23:03:03,452] {processor.py:641} INFO - Processing file /home/airflow/.local/lib/python3.7/site-packages/airflow/example_dags/example_branch_operator_decorator.py for tasks to queue
[2022-08-19 23:03:03,453] {logging_mixin.py:115} INFO - [2022-08-19 23:03:03,453] {dagbag.py:508} INFO - Filling up the DagBag from /home/airflow/.local/lib/python3.7/site-packages/airflow/example_dags/example_branch_operator_decorator.py
[2022-08-19 23:03:03,466] {processor.py:651} INFO - DAG(s) dict_keys(['example_branch_python_operator_decorator']) retrieved from /home/airflow/.local/lib/python3.7/site-packages/airflow/example_dags/example_branch_operator_decorator.py
[2022-08-19 23:03:03,491] {logging_mixin.py:115} INFO - [2022-08-19 23:03:03,491] {dag.py:2420} INFO - Sync 1 DAGs
[2022-08-19 23:03:03,506] {logging_mixin.py:115} INFO - [2022-08-19 23:03:03,506] {dag.py:2972} INFO - Setting next_dagrun for example_branch_python_operator_decorator to 2022-08-18T00:00:00+00:00, run_after=2022-08-19T00:00:00+00:00
[2022-08-19 23:03:03,515] {processor.py:161} INFO - Processing /home/airflow/.local/lib/python3.7/site-packages/airflow/example_dags/example_branch_operator_decorator.py took 0.067 seconds
[2022-08-19 23:03:33,952] {processor.py:153} INFO - Started process (PID=1360) to work on /home/airflow/.local/lib/python3.7/site-packages/airflow/example_dags/example_branch_operator_decorator.py
[2022-08-19 23:03:33,953] {processor.py:641} INFO - Processing file /home/airflow/.local/lib/python3.7/site-packages/airflow/example_dags/example_branch_operator_decorator.py for tasks to queue
[2022-08-19 23:03:33,954] {logging_mixin.py:115} INFO - [2022-08-19 23:03:33,954] {dagbag.py:508} INFO - Filling up the DagBag from /home/airflow/.local/lib/python3.7/site-packages/airflow/example_dags/example_branch_operator_decorator.py
[2022-08-19 23:03:33,966] {processor.py:651} INFO - DAG(s) dict_keys(['example_branch_python_operator_decorator']) retrieved from /home/airflow/.local/lib/python3.7/site-packages/airflow/example_dags/example_branch_operator_decorator.py
[2022-08-19 23:03:33,981] {logging_mixin.py:115} INFO - [2022-08-19 23:03:33,981] {dag.py:2420} INFO - Sync 1 DAGs
[2022-08-19 23:03:33,996] {logging_mixin.py:115} INFO - [2022-08-19 23:03:33,996] {dag.py:2972} INFO - Setting next_dagrun for example_branch_python_operator_decorator to 2022-08-18T00:00:00+00:00, run_after=2022-08-19T00:00:00+00:00
[2022-08-19 23:03:34,006] {processor.py:161} INFO - Processing /home/airflow/.local/lib/python3.7/site-packages/airflow/example_dags/example_branch_operator_decorator.py took 0.056 seconds
[2022-08-19 23:04:04,201] {processor.py:153} INFO - Started process (PID=1436) to work on /home/airflow/.local/lib/python3.7/site-packages/airflow/example_dags/example_branch_operator_decorator.py
[2022-08-19 23:04:04,203] {processor.py:641} INFO - Processing file /home/airflow/.local/lib/python3.7/site-packages/airflow/example_dags/example_branch_operator_decorator.py for tasks to queue
[2022-08-19 23:04:04,204] {logging_mixin.py:115} INFO - [2022-08-19 23:04:04,204] {dagbag.py:508} INFO - Filling up the DagBag from /home/airflow/.local/lib/python3.7/site-packages/airflow/example_dags/example_branch_operator_decorator.py
[2022-08-19 23:04:04,218] {processor.py:651} INFO - DAG(s) dict_keys(['example_branch_python_operator_decorator']) retrieved from /home/airflow/.local/lib/python3.7/site-packages/airflow/example_dags/example_branch_operator_decorator.py
[2022-08-19 23:04:04,239] {logging_mixin.py:115} INFO - [2022-08-19 23:04:04,239] {dag.py:2420} INFO - Sync 1 DAGs
[2022-08-19 23:04:04,256] {logging_mixin.py:115} INFO - [2022-08-19 23:04:04,256] {dag.py:2972} INFO - Setting next_dagrun for example_branch_python_operator_decorator to 2022-08-18T00:00:00+00:00, run_after=2022-08-19T00:00:00+00:00
[2022-08-19 23:04:04,265] {processor.py:161} INFO - Processing /home/airflow/.local/lib/python3.7/site-packages/airflow/example_dags/example_branch_operator_decorator.py took 0.067 seconds
[2022-08-19 23:04:34,751] {processor.py:153} INFO - Started process (PID=1497) to work on /home/airflow/.local/lib/python3.7/site-packages/airflow/example_dags/example_branch_operator_decorator.py
[2022-08-19 23:04:34,752] {processor.py:641} INFO - Processing file /home/airflow/.local/lib/python3.7/site-packages/airflow/example_dags/example_branch_operator_decorator.py for tasks to queue
[2022-08-19 23:04:34,753] {logging_mixin.py:115} INFO - [2022-08-19 23:04:34,753] {dagbag.py:508} INFO - Filling up the DagBag from /home/airflow/.local/lib/python3.7/site-packages/airflow/example_dags/example_branch_operator_decorator.py
[2022-08-19 23:04:34,765] {processor.py:651} INFO - DAG(s) dict_keys(['example_branch_python_operator_decorator']) retrieved from /home/airflow/.local/lib/python3.7/site-packages/airflow/example_dags/example_branch_operator_decorator.py
[2022-08-19 23:04:34,785] {logging_mixin.py:115} INFO - [2022-08-19 23:04:34,785] {dag.py:2420} INFO - Sync 1 DAGs
[2022-08-19 23:04:34,798] {logging_mixin.py:115} INFO - [2022-08-19 23:04:34,798] {dag.py:2972} INFO - Setting next_dagrun for example_branch_python_operator_decorator to 2022-08-18T00:00:00+00:00, run_after=2022-08-19T00:00:00+00:00
[2022-08-19 23:04:34,805] {processor.py:161} INFO - Processing /home/airflow/.local/lib/python3.7/site-packages/airflow/example_dags/example_branch_operator_decorator.py took 0.057 seconds
[2022-08-19 23:05:05,440] {processor.py:153} INFO - Started process (PID=1565) to work on /home/airflow/.local/lib/python3.7/site-packages/airflow/example_dags/example_branch_operator_decorator.py
[2022-08-19 23:05:05,441] {processor.py:641} INFO - Processing file /home/airflow/.local/lib/python3.7/site-packages/airflow/example_dags/example_branch_operator_decorator.py for tasks to queue
[2022-08-19 23:05:05,442] {logging_mixin.py:115} INFO - [2022-08-19 23:05:05,442] {dagbag.py:508} INFO - Filling up the DagBag from /home/airflow/.local/lib/python3.7/site-packages/airflow/example_dags/example_branch_operator_decorator.py
[2022-08-19 23:05:05,453] {processor.py:651} INFO - DAG(s) dict_keys(['example_branch_python_operator_decorator']) retrieved from /home/airflow/.local/lib/python3.7/site-packages/airflow/example_dags/example_branch_operator_decorator.py
[2022-08-19 23:05:05,470] {logging_mixin.py:115} INFO - [2022-08-19 23:05:05,470] {dag.py:2420} INFO - Sync 1 DAGs
[2022-08-19 23:05:05,482] {logging_mixin.py:115} INFO - [2022-08-19 23:05:05,482] {dag.py:2972} INFO - Setting next_dagrun for example_branch_python_operator_decorator to 2022-08-18T00:00:00+00:00, run_after=2022-08-19T00:00:00+00:00
[2022-08-19 23:05:05,489] {processor.py:161} INFO - Processing /home/airflow/.local/lib/python3.7/site-packages/airflow/example_dags/example_branch_operator_decorator.py took 0.052 seconds
[2022-08-19 23:05:36,062] {processor.py:153} INFO - Started process (PID=1635) to work on /home/airflow/.local/lib/python3.7/site-packages/airflow/example_dags/example_branch_operator_decorator.py
[2022-08-19 23:05:36,066] {processor.py:641} INFO - Processing file /home/airflow/.local/lib/python3.7/site-packages/airflow/example_dags/example_branch_operator_decorator.py for tasks to queue
[2022-08-19 23:05:36,067] {logging_mixin.py:115} INFO - [2022-08-19 23:05:36,067] {dagbag.py:508} INFO - Filling up the DagBag from /home/airflow/.local/lib/python3.7/site-packages/airflow/example_dags/example_branch_operator_decorator.py
[2022-08-19 23:05:36,079] {processor.py:651} INFO - DAG(s) dict_keys(['example_branch_python_operator_decorator']) retrieved from /home/airflow/.local/lib/python3.7/site-packages/airflow/example_dags/example_branch_operator_decorator.py
[2022-08-19 23:05:36,095] {logging_mixin.py:115} INFO - [2022-08-19 23:05:36,095] {dag.py:2420} INFO - Sync 1 DAGs
[2022-08-19 23:05:36,108] {logging_mixin.py:115} INFO - [2022-08-19 23:05:36,108] {dag.py:2972} INFO - Setting next_dagrun for example_branch_python_operator_decorator to 2022-08-18T00:00:00+00:00, run_after=2022-08-19T00:00:00+00:00
[2022-08-19 23:05:36,115] {processor.py:161} INFO - Processing /home/airflow/.local/lib/python3.7/site-packages/airflow/example_dags/example_branch_operator_decorator.py took 0.056 seconds
[2022-08-19 23:06:06,920] {processor.py:153} INFO - Started process (PID=1726) to work on /home/airflow/.local/lib/python3.7/site-packages/airflow/example_dags/example_branch_operator_decorator.py
[2022-08-19 23:06:06,922] {processor.py:641} INFO - Processing file /home/airflow/.local/lib/python3.7/site-packages/airflow/example_dags/example_branch_operator_decorator.py for tasks to queue
[2022-08-19 23:06:06,924] {logging_mixin.py:115} INFO - [2022-08-19 23:06:06,924] {dagbag.py:508} INFO - Filling up the DagBag from /home/airflow/.local/lib/python3.7/site-packages/airflow/example_dags/example_branch_operator_decorator.py
[2022-08-19 23:06:06,956] {processor.py:651} INFO - DAG(s) dict_keys(['example_branch_python_operator_decorator']) retrieved from /home/airflow/.local/lib/python3.7/site-packages/airflow/example_dags/example_branch_operator_decorator.py
[2022-08-19 23:06:06,995] {logging_mixin.py:115} INFO - [2022-08-19 23:06:06,995] {dag.py:2420} INFO - Sync 1 DAGs
[2022-08-19 23:06:07,033] {logging_mixin.py:115} INFO - [2022-08-19 23:06:07,033] {dag.py:2972} INFO - Setting next_dagrun for example_branch_python_operator_decorator to 2022-08-18T00:00:00+00:00, run_after=2022-08-19T00:00:00+00:00
[2022-08-19 23:06:07,060] {processor.py:161} INFO - Processing /home/airflow/.local/lib/python3.7/site-packages/airflow/example_dags/example_branch_operator_decorator.py took 0.143 seconds
[2022-08-19 23:06:37,440] {processor.py:153} INFO - Started process (PID=1846) to work on /home/airflow/.local/lib/python3.7/site-packages/airflow/example_dags/example_branch_operator_decorator.py
[2022-08-19 23:06:37,442] {processor.py:641} INFO - Processing file /home/airflow/.local/lib/python3.7/site-packages/airflow/example_dags/example_branch_operator_decorator.py for tasks to queue
[2022-08-19 23:06:37,445] {logging_mixin.py:115} INFO - [2022-08-19 23:06:37,445] {dagbag.py:508} INFO - Filling up the DagBag from /home/airflow/.local/lib/python3.7/site-packages/airflow/example_dags/example_branch_operator_decorator.py
[2022-08-19 23:06:37,478] {processor.py:651} INFO - DAG(s) dict_keys(['example_branch_python_operator_decorator']) retrieved from /home/airflow/.local/lib/python3.7/site-packages/airflow/example_dags/example_branch_operator_decorator.py
[2022-08-19 23:06:37,521] {logging_mixin.py:115} INFO - [2022-08-19 23:06:37,521] {dag.py:2420} INFO - Sync 1 DAGs
[2022-08-19 23:06:37,542] {logging_mixin.py:115} INFO - [2022-08-19 23:06:37,542] {dag.py:2972} INFO - Setting next_dagrun for example_branch_python_operator_decorator to 2022-08-18T00:00:00+00:00, run_after=2022-08-19T00:00:00+00:00
[2022-08-19 23:06:37,556] {processor.py:161} INFO - Processing /home/airflow/.local/lib/python3.7/site-packages/airflow/example_dags/example_branch_operator_decorator.py took 0.124 seconds
[2022-08-19 23:07:07,609] {processor.py:153} INFO - Started process (PID=1975) to work on /home/airflow/.local/lib/python3.7/site-packages/airflow/example_dags/example_branch_operator_decorator.py
[2022-08-19 23:07:07,611] {processor.py:641} INFO - Processing file /home/airflow/.local/lib/python3.7/site-packages/airflow/example_dags/example_branch_operator_decorator.py for tasks to queue
[2022-08-19 23:07:07,612] {logging_mixin.py:115} INFO - [2022-08-19 23:07:07,612] {dagbag.py:508} INFO - Filling up the DagBag from /home/airflow/.local/lib/python3.7/site-packages/airflow/example_dags/example_branch_operator_decorator.py
[2022-08-19 23:07:07,625] {processor.py:651} INFO - DAG(s) dict_keys(['example_branch_python_operator_decorator']) retrieved from /home/airflow/.local/lib/python3.7/site-packages/airflow/example_dags/example_branch_operator_decorator.py
[2022-08-19 23:07:07,642] {logging_mixin.py:115} INFO - [2022-08-19 23:07:07,642] {dag.py:2420} INFO - Sync 1 DAGs
[2022-08-19 23:07:07,655] {logging_mixin.py:115} INFO - [2022-08-19 23:07:07,655] {dag.py:2972} INFO - Setting next_dagrun for example_branch_python_operator_decorator to 2022-08-18T00:00:00+00:00, run_after=2022-08-19T00:00:00+00:00
[2022-08-19 23:07:07,662] {processor.py:161} INFO - Processing /home/airflow/.local/lib/python3.7/site-packages/airflow/example_dags/example_branch_operator_decorator.py took 0.056 seconds
[2022-08-19 23:07:38,844] {processor.py:153} INFO - Started process (PID=2108) to work on /home/airflow/.local/lib/python3.7/site-packages/airflow/example_dags/example_branch_operator_decorator.py
[2022-08-19 23:07:38,846] {processor.py:641} INFO - Processing file /home/airflow/.local/lib/python3.7/site-packages/airflow/example_dags/example_branch_operator_decorator.py for tasks to queue
[2022-08-19 23:07:38,847] {logging_mixin.py:115} INFO - [2022-08-19 23:07:38,847] {dagbag.py:508} INFO - Filling up the DagBag from /home/airflow/.local/lib/python3.7/site-packages/airflow/example_dags/example_branch_operator_decorator.py
[2022-08-19 23:07:38,863] {processor.py:651} INFO - DAG(s) dict_keys(['example_branch_python_operator_decorator']) retrieved from /home/airflow/.local/lib/python3.7/site-packages/airflow/example_dags/example_branch_operator_decorator.py
[2022-08-19 23:07:38,895] {logging_mixin.py:115} INFO - [2022-08-19 23:07:38,895] {dag.py:2420} INFO - Sync 1 DAGs
[2022-08-19 23:07:38,917] {logging_mixin.py:115} INFO - [2022-08-19 23:07:38,917] {dag.py:2972} INFO - Setting next_dagrun for example_branch_python_operator_decorator to 2022-08-18T00:00:00+00:00, run_after=2022-08-19T00:00:00+00:00
[2022-08-19 23:07:38,937] {processor.py:161} INFO - Processing /home/airflow/.local/lib/python3.7/site-packages/airflow/example_dags/example_branch_operator_decorator.py took 0.096 seconds
[2022-08-19 23:08:09,857] {processor.py:153} INFO - Started process (PID=2228) to work on /home/airflow/.local/lib/python3.7/site-packages/airflow/example_dags/example_branch_operator_decorator.py
[2022-08-19 23:08:09,860] {processor.py:641} INFO - Processing file /home/airflow/.local/lib/python3.7/site-packages/airflow/example_dags/example_branch_operator_decorator.py for tasks to queue
[2022-08-19 23:08:09,861] {logging_mixin.py:115} INFO - [2022-08-19 23:08:09,861] {dagbag.py:508} INFO - Filling up the DagBag from /home/airflow/.local/lib/python3.7/site-packages/airflow/example_dags/example_branch_operator_decorator.py
[2022-08-19 23:08:09,886] {processor.py:651} INFO - DAG(s) dict_keys(['example_branch_python_operator_decorator']) retrieved from /home/airflow/.local/lib/python3.7/site-packages/airflow/example_dags/example_branch_operator_decorator.py
[2022-08-19 23:08:09,937] {logging_mixin.py:115} INFO - [2022-08-19 23:08:09,937] {dag.py:2420} INFO - Sync 1 DAGs
[2022-08-19 23:08:09,959] {logging_mixin.py:115} INFO - [2022-08-19 23:08:09,959] {dag.py:2972} INFO - Setting next_dagrun for example_branch_python_operator_decorator to 2022-08-18T00:00:00+00:00, run_after=2022-08-19T00:00:00+00:00
[2022-08-19 23:08:09,972] {processor.py:161} INFO - Processing /home/airflow/.local/lib/python3.7/site-packages/airflow/example_dags/example_branch_operator_decorator.py took 0.122 seconds
[2022-08-19 23:08:40,297] {processor.py:153} INFO - Started process (PID=2346) to work on /home/airflow/.local/lib/python3.7/site-packages/airflow/example_dags/example_branch_operator_decorator.py
[2022-08-19 23:08:40,298] {processor.py:641} INFO - Processing file /home/airflow/.local/lib/python3.7/site-packages/airflow/example_dags/example_branch_operator_decorator.py for tasks to queue
[2022-08-19 23:08:40,299] {logging_mixin.py:115} INFO - [2022-08-19 23:08:40,299] {dagbag.py:508} INFO - Filling up the DagBag from /home/airflow/.local/lib/python3.7/site-packages/airflow/example_dags/example_branch_operator_decorator.py
[2022-08-19 23:08:40,311] {processor.py:651} INFO - DAG(s) dict_keys(['example_branch_python_operator_decorator']) retrieved from /home/airflow/.local/lib/python3.7/site-packages/airflow/example_dags/example_branch_operator_decorator.py
[2022-08-19 23:08:40,328] {logging_mixin.py:115} INFO - [2022-08-19 23:08:40,328] {dag.py:2420} INFO - Sync 1 DAGs
[2022-08-19 23:08:40,342] {logging_mixin.py:115} INFO - [2022-08-19 23:08:40,342] {dag.py:2972} INFO - Setting next_dagrun for example_branch_python_operator_decorator to 2022-08-18T00:00:00+00:00, run_after=2022-08-19T00:00:00+00:00
[2022-08-19 23:08:40,349] {processor.py:161} INFO - Processing /home/airflow/.local/lib/python3.7/site-packages/airflow/example_dags/example_branch_operator_decorator.py took 0.054 seconds
[2022-08-19 23:09:10,878] {processor.py:153} INFO - Started process (PID=2476) to work on /home/airflow/.local/lib/python3.7/site-packages/airflow/example_dags/example_branch_operator_decorator.py
[2022-08-19 23:09:10,880] {processor.py:641} INFO - Processing file /home/airflow/.local/lib/python3.7/site-packages/airflow/example_dags/example_branch_operator_decorator.py for tasks to queue
[2022-08-19 23:09:10,882] {logging_mixin.py:115} INFO - [2022-08-19 23:09:10,882] {dagbag.py:508} INFO - Filling up the DagBag from /home/airflow/.local/lib/python3.7/site-packages/airflow/example_dags/example_branch_operator_decorator.py
[2022-08-19 23:09:10,906] {processor.py:651} INFO - DAG(s) dict_keys(['example_branch_python_operator_decorator']) retrieved from /home/airflow/.local/lib/python3.7/site-packages/airflow/example_dags/example_branch_operator_decorator.py
[2022-08-19 23:09:10,944] {logging_mixin.py:115} INFO - [2022-08-19 23:09:10,943] {dag.py:2420} INFO - Sync 1 DAGs
[2022-08-19 23:09:10,967] {logging_mixin.py:115} INFO - [2022-08-19 23:09:10,967] {dag.py:2972} INFO - Setting next_dagrun for example_branch_python_operator_decorator to 2022-08-18T00:00:00+00:00, run_after=2022-08-19T00:00:00+00:00
[2022-08-19 23:09:10,978] {processor.py:161} INFO - Processing /home/airflow/.local/lib/python3.7/site-packages/airflow/example_dags/example_branch_operator_decorator.py took 0.102 seconds
[2022-08-19 23:09:41,207] {processor.py:153} INFO - Started process (PID=2597) to work on /home/airflow/.local/lib/python3.7/site-packages/airflow/example_dags/example_branch_operator_decorator.py
[2022-08-19 23:09:41,211] {processor.py:641} INFO - Processing file /home/airflow/.local/lib/python3.7/site-packages/airflow/example_dags/example_branch_operator_decorator.py for tasks to queue
[2022-08-19 23:09:41,213] {logging_mixin.py:115} INFO - [2022-08-19 23:09:41,213] {dagbag.py:508} INFO - Filling up the DagBag from /home/airflow/.local/lib/python3.7/site-packages/airflow/example_dags/example_branch_operator_decorator.py
[2022-08-19 23:09:41,241] {processor.py:651} INFO - DAG(s) dict_keys(['example_branch_python_operator_decorator']) retrieved from /home/airflow/.local/lib/python3.7/site-packages/airflow/example_dags/example_branch_operator_decorator.py
[2022-08-19 23:09:41,276] {logging_mixin.py:115} INFO - [2022-08-19 23:09:41,276] {dag.py:2420} INFO - Sync 1 DAGs
[2022-08-19 23:09:41,299] {logging_mixin.py:115} INFO - [2022-08-19 23:09:41,299] {dag.py:2972} INFO - Setting next_dagrun for example_branch_python_operator_decorator to 2022-08-18T00:00:00+00:00, run_after=2022-08-19T00:00:00+00:00
[2022-08-19 23:09:41,312] {processor.py:161} INFO - Processing /home/airflow/.local/lib/python3.7/site-packages/airflow/example_dags/example_branch_operator_decorator.py took 0.108 seconds
[2022-08-19 23:10:11,464] {processor.py:153} INFO - Started process (PID=2729) to work on /home/airflow/.local/lib/python3.7/site-packages/airflow/example_dags/example_branch_operator_decorator.py
[2022-08-19 23:10:11,466] {processor.py:641} INFO - Processing file /home/airflow/.local/lib/python3.7/site-packages/airflow/example_dags/example_branch_operator_decorator.py for tasks to queue
[2022-08-19 23:10:11,468] {logging_mixin.py:115} INFO - [2022-08-19 23:10:11,467] {dagbag.py:508} INFO - Filling up the DagBag from /home/airflow/.local/lib/python3.7/site-packages/airflow/example_dags/example_branch_operator_decorator.py
[2022-08-19 23:10:11,495] {processor.py:651} INFO - DAG(s) dict_keys(['example_branch_python_operator_decorator']) retrieved from /home/airflow/.local/lib/python3.7/site-packages/airflow/example_dags/example_branch_operator_decorator.py
[2022-08-19 23:10:11,524] {logging_mixin.py:115} INFO - [2022-08-19 23:10:11,524] {dag.py:2420} INFO - Sync 1 DAGs
[2022-08-19 23:10:11,548] {logging_mixin.py:115} INFO - [2022-08-19 23:10:11,548] {dag.py:2972} INFO - Setting next_dagrun for example_branch_python_operator_decorator to 2022-08-18T00:00:00+00:00, run_after=2022-08-19T00:00:00+00:00
[2022-08-19 23:10:11,557] {processor.py:161} INFO - Processing /home/airflow/.local/lib/python3.7/site-packages/airflow/example_dags/example_branch_operator_decorator.py took 0.096 seconds
[2022-08-19 23:10:42,037] {processor.py:153} INFO - Started process (PID=2868) to work on /home/airflow/.local/lib/python3.7/site-packages/airflow/example_dags/example_branch_operator_decorator.py
[2022-08-19 23:10:42,038] {processor.py:641} INFO - Processing file /home/airflow/.local/lib/python3.7/site-packages/airflow/example_dags/example_branch_operator_decorator.py for tasks to queue
[2022-08-19 23:10:42,041] {logging_mixin.py:115} INFO - [2022-08-19 23:10:42,041] {dagbag.py:508} INFO - Filling up the DagBag from /home/airflow/.local/lib/python3.7/site-packages/airflow/example_dags/example_branch_operator_decorator.py
[2022-08-19 23:10:42,070] {processor.py:651} INFO - DAG(s) dict_keys(['example_branch_python_operator_decorator']) retrieved from /home/airflow/.local/lib/python3.7/site-packages/airflow/example_dags/example_branch_operator_decorator.py
[2022-08-19 23:10:42,130] {logging_mixin.py:115} INFO - [2022-08-19 23:10:42,130] {dag.py:2420} INFO - Sync 1 DAGs
[2022-08-19 23:10:42,177] {logging_mixin.py:115} INFO - [2022-08-19 23:10:42,176] {dag.py:2972} INFO - Setting next_dagrun for example_branch_python_operator_decorator to 2022-08-18T00:00:00+00:00, run_after=2022-08-19T00:00:00+00:00
[2022-08-19 23:10:42,191] {processor.py:161} INFO - Processing /home/airflow/.local/lib/python3.7/site-packages/airflow/example_dags/example_branch_operator_decorator.py took 0.158 seconds
[2022-08-19 23:11:13,093] {processor.py:153} INFO - Started process (PID=2975) to work on /home/airflow/.local/lib/python3.7/site-packages/airflow/example_dags/example_branch_operator_decorator.py
[2022-08-19 23:11:13,094] {processor.py:641} INFO - Processing file /home/airflow/.local/lib/python3.7/site-packages/airflow/example_dags/example_branch_operator_decorator.py for tasks to queue
[2022-08-19 23:11:13,094] {logging_mixin.py:115} INFO - [2022-08-19 23:11:13,094] {dagbag.py:508} INFO - Filling up the DagBag from /home/airflow/.local/lib/python3.7/site-packages/airflow/example_dags/example_branch_operator_decorator.py
[2022-08-19 23:11:13,105] {processor.py:651} INFO - DAG(s) dict_keys(['example_branch_python_operator_decorator']) retrieved from /home/airflow/.local/lib/python3.7/site-packages/airflow/example_dags/example_branch_operator_decorator.py
[2022-08-19 23:11:13,123] {logging_mixin.py:115} INFO - [2022-08-19 23:11:13,123] {dag.py:2420} INFO - Sync 1 DAGs
[2022-08-19 23:11:13,136] {logging_mixin.py:115} INFO - [2022-08-19 23:11:13,136] {dag.py:2972} INFO - Setting next_dagrun for example_branch_python_operator_decorator to 2022-08-18T00:00:00+00:00, run_after=2022-08-19T00:00:00+00:00
[2022-08-19 23:11:13,144] {processor.py:161} INFO - Processing /home/airflow/.local/lib/python3.7/site-packages/airflow/example_dags/example_branch_operator_decorator.py took 0.054 seconds
[2022-08-19 23:11:43,342] {processor.py:153} INFO - Started process (PID=3104) to work on /home/airflow/.local/lib/python3.7/site-packages/airflow/example_dags/example_branch_operator_decorator.py
[2022-08-19 23:11:43,344] {processor.py:641} INFO - Processing file /home/airflow/.local/lib/python3.7/site-packages/airflow/example_dags/example_branch_operator_decorator.py for tasks to queue
[2022-08-19 23:11:43,345] {logging_mixin.py:115} INFO - [2022-08-19 23:11:43,345] {dagbag.py:508} INFO - Filling up the DagBag from /home/airflow/.local/lib/python3.7/site-packages/airflow/example_dags/example_branch_operator_decorator.py
[2022-08-19 23:11:43,380] {processor.py:651} INFO - DAG(s) dict_keys(['example_branch_python_operator_decorator']) retrieved from /home/airflow/.local/lib/python3.7/site-packages/airflow/example_dags/example_branch_operator_decorator.py
[2022-08-19 23:11:43,417] {logging_mixin.py:115} INFO - [2022-08-19 23:11:43,417] {dag.py:2420} INFO - Sync 1 DAGs
[2022-08-19 23:11:43,448] {logging_mixin.py:115} INFO - [2022-08-19 23:11:43,448] {dag.py:2972} INFO - Setting next_dagrun for example_branch_python_operator_decorator to 2022-08-18T00:00:00+00:00, run_after=2022-08-19T00:00:00+00:00
[2022-08-19 23:11:43,459] {processor.py:161} INFO - Processing /home/airflow/.local/lib/python3.7/site-packages/airflow/example_dags/example_branch_operator_decorator.py took 0.120 seconds
[2022-08-19 23:12:13,714] {processor.py:153} INFO - Started process (PID=3231) to work on /home/airflow/.local/lib/python3.7/site-packages/airflow/example_dags/example_branch_operator_decorator.py
[2022-08-19 23:12:13,715] {processor.py:641} INFO - Processing file /home/airflow/.local/lib/python3.7/site-packages/airflow/example_dags/example_branch_operator_decorator.py for tasks to queue
[2022-08-19 23:12:13,716] {logging_mixin.py:115} INFO - [2022-08-19 23:12:13,716] {dagbag.py:508} INFO - Filling up the DagBag from /home/airflow/.local/lib/python3.7/site-packages/airflow/example_dags/example_branch_operator_decorator.py
[2022-08-19 23:12:13,727] {processor.py:651} INFO - DAG(s) dict_keys(['example_branch_python_operator_decorator']) retrieved from /home/airflow/.local/lib/python3.7/site-packages/airflow/example_dags/example_branch_operator_decorator.py
[2022-08-19 23:12:13,745] {logging_mixin.py:115} INFO - [2022-08-19 23:12:13,745] {dag.py:2420} INFO - Sync 1 DAGs
[2022-08-19 23:12:13,757] {logging_mixin.py:115} INFO - [2022-08-19 23:12:13,757] {dag.py:2972} INFO - Setting next_dagrun for example_branch_python_operator_decorator to 2022-08-18T00:00:00+00:00, run_after=2022-08-19T00:00:00+00:00
[2022-08-19 23:12:13,765] {processor.py:161} INFO - Processing /home/airflow/.local/lib/python3.7/site-packages/airflow/example_dags/example_branch_operator_decorator.py took 0.053 seconds
[2022-08-19 23:12:43,907] {processor.py:153} INFO - Started process (PID=3353) to work on /home/airflow/.local/lib/python3.7/site-packages/airflow/example_dags/example_branch_operator_decorator.py
[2022-08-19 23:12:43,909] {processor.py:641} INFO - Processing file /home/airflow/.local/lib/python3.7/site-packages/airflow/example_dags/example_branch_operator_decorator.py for tasks to queue
[2022-08-19 23:12:43,911] {logging_mixin.py:115} INFO - [2022-08-19 23:12:43,911] {dagbag.py:508} INFO - Filling up the DagBag from /home/airflow/.local/lib/python3.7/site-packages/airflow/example_dags/example_branch_operator_decorator.py
[2022-08-19 23:12:43,947] {processor.py:651} INFO - DAG(s) dict_keys(['example_branch_python_operator_decorator']) retrieved from /home/airflow/.local/lib/python3.7/site-packages/airflow/example_dags/example_branch_operator_decorator.py
[2022-08-19 23:12:44,001] {logging_mixin.py:115} INFO - [2022-08-19 23:12:44,001] {dag.py:2420} INFO - Sync 1 DAGs
[2022-08-19 23:12:44,040] {logging_mixin.py:115} INFO - [2022-08-19 23:12:44,040] {dag.py:2972} INFO - Setting next_dagrun for example_branch_python_operator_decorator to 2022-08-18T00:00:00+00:00, run_after=2022-08-19T00:00:00+00:00
[2022-08-19 23:12:44,056] {processor.py:161} INFO - Processing /home/airflow/.local/lib/python3.7/site-packages/airflow/example_dags/example_branch_operator_decorator.py took 0.151 seconds
[2022-08-19 23:13:14,385] {processor.py:153} INFO - Started process (PID=3481) to work on /home/airflow/.local/lib/python3.7/site-packages/airflow/example_dags/example_branch_operator_decorator.py
[2022-08-19 23:13:14,387] {processor.py:641} INFO - Processing file /home/airflow/.local/lib/python3.7/site-packages/airflow/example_dags/example_branch_operator_decorator.py for tasks to queue
[2022-08-19 23:13:14,388] {logging_mixin.py:115} INFO - [2022-08-19 23:13:14,388] {dagbag.py:508} INFO - Filling up the DagBag from /home/airflow/.local/lib/python3.7/site-packages/airflow/example_dags/example_branch_operator_decorator.py
[2022-08-19 23:13:14,415] {processor.py:651} INFO - DAG(s) dict_keys(['example_branch_python_operator_decorator']) retrieved from /home/airflow/.local/lib/python3.7/site-packages/airflow/example_dags/example_branch_operator_decorator.py
[2022-08-19 23:13:14,441] {logging_mixin.py:115} INFO - [2022-08-19 23:13:14,440] {dag.py:2420} INFO - Sync 1 DAGs
[2022-08-19 23:13:14,461] {logging_mixin.py:115} INFO - [2022-08-19 23:13:14,461] {dag.py:2972} INFO - Setting next_dagrun for example_branch_python_operator_decorator to 2022-08-18T00:00:00+00:00, run_after=2022-08-19T00:00:00+00:00
[2022-08-19 23:13:14,479] {processor.py:161} INFO - Processing /home/airflow/.local/lib/python3.7/site-packages/airflow/example_dags/example_branch_operator_decorator.py took 0.097 seconds
[2022-08-19 23:13:44,826] {processor.py:153} INFO - Started process (PID=3601) to work on /home/airflow/.local/lib/python3.7/site-packages/airflow/example_dags/example_branch_operator_decorator.py
[2022-08-19 23:13:44,827] {processor.py:641} INFO - Processing file /home/airflow/.local/lib/python3.7/site-packages/airflow/example_dags/example_branch_operator_decorator.py for tasks to queue
[2022-08-19 23:13:44,828] {logging_mixin.py:115} INFO - [2022-08-19 23:13:44,828] {dagbag.py:508} INFO - Filling up the DagBag from /home/airflow/.local/lib/python3.7/site-packages/airflow/example_dags/example_branch_operator_decorator.py
[2022-08-19 23:13:44,839] {processor.py:651} INFO - DAG(s) dict_keys(['example_branch_python_operator_decorator']) retrieved from /home/airflow/.local/lib/python3.7/site-packages/airflow/example_dags/example_branch_operator_decorator.py
[2022-08-19 23:13:44,856] {logging_mixin.py:115} INFO - [2022-08-19 23:13:44,856] {dag.py:2420} INFO - Sync 1 DAGs
[2022-08-19 23:13:44,868] {logging_mixin.py:115} INFO - [2022-08-19 23:13:44,868] {dag.py:2972} INFO - Setting next_dagrun for example_branch_python_operator_decorator to 2022-08-18T00:00:00+00:00, run_after=2022-08-19T00:00:00+00:00
[2022-08-19 23:13:44,876] {processor.py:161} INFO - Processing /home/airflow/.local/lib/python3.7/site-packages/airflow/example_dags/example_branch_operator_decorator.py took 0.052 seconds
[2022-08-19 23:14:15,387] {processor.py:153} INFO - Started process (PID=3742) to work on /home/airflow/.local/lib/python3.7/site-packages/airflow/example_dags/example_branch_operator_decorator.py
[2022-08-19 23:14:15,389] {processor.py:641} INFO - Processing file /home/airflow/.local/lib/python3.7/site-packages/airflow/example_dags/example_branch_operator_decorator.py for tasks to queue
[2022-08-19 23:14:15,389] {logging_mixin.py:115} INFO - [2022-08-19 23:14:15,389] {dagbag.py:508} INFO - Filling up the DagBag from /home/airflow/.local/lib/python3.7/site-packages/airflow/example_dags/example_branch_operator_decorator.py
[2022-08-19 23:14:15,413] {processor.py:651} INFO - DAG(s) dict_keys(['example_branch_python_operator_decorator']) retrieved from /home/airflow/.local/lib/python3.7/site-packages/airflow/example_dags/example_branch_operator_decorator.py
[2022-08-19 23:14:15,437] {logging_mixin.py:115} INFO - [2022-08-19 23:14:15,437] {dag.py:2420} INFO - Sync 1 DAGs
[2022-08-19 23:14:15,455] {logging_mixin.py:115} INFO - [2022-08-19 23:14:15,455] {dag.py:2972} INFO - Setting next_dagrun for example_branch_python_operator_decorator to 2022-08-18T00:00:00+00:00, run_after=2022-08-19T00:00:00+00:00
[2022-08-19 23:14:15,467] {processor.py:161} INFO - Processing /home/airflow/.local/lib/python3.7/site-packages/airflow/example_dags/example_branch_operator_decorator.py took 0.083 seconds
[2022-08-19 23:14:45,667] {processor.py:153} INFO - Started process (PID=3886) to work on /home/airflow/.local/lib/python3.7/site-packages/airflow/example_dags/example_branch_operator_decorator.py
[2022-08-19 23:14:45,669] {processor.py:641} INFO - Processing file /home/airflow/.local/lib/python3.7/site-packages/airflow/example_dags/example_branch_operator_decorator.py for tasks to queue
[2022-08-19 23:14:45,670] {logging_mixin.py:115} INFO - [2022-08-19 23:14:45,670] {dagbag.py:508} INFO - Filling up the DagBag from /home/airflow/.local/lib/python3.7/site-packages/airflow/example_dags/example_branch_operator_decorator.py
[2022-08-19 23:14:45,696] {processor.py:651} INFO - DAG(s) dict_keys(['example_branch_python_operator_decorator']) retrieved from /home/airflow/.local/lib/python3.7/site-packages/airflow/example_dags/example_branch_operator_decorator.py
[2022-08-19 23:14:45,759] {logging_mixin.py:115} INFO - [2022-08-19 23:14:45,759] {dag.py:2420} INFO - Sync 1 DAGs
[2022-08-19 23:14:45,797] {logging_mixin.py:115} INFO - [2022-08-19 23:14:45,797] {dag.py:2972} INFO - Setting next_dagrun for example_branch_python_operator_decorator to 2022-08-18T00:00:00+00:00, run_after=2022-08-19T00:00:00+00:00
[2022-08-19 23:14:45,843] {processor.py:161} INFO - Processing /home/airflow/.local/lib/python3.7/site-packages/airflow/example_dags/example_branch_operator_decorator.py took 0.180 seconds
[2022-08-19 23:15:16,881] {processor.py:153} INFO - Started process (PID=4006) to work on /home/airflow/.local/lib/python3.7/site-packages/airflow/example_dags/example_branch_operator_decorator.py
[2022-08-19 23:15:16,882] {processor.py:641} INFO - Processing file /home/airflow/.local/lib/python3.7/site-packages/airflow/example_dags/example_branch_operator_decorator.py for tasks to queue
[2022-08-19 23:15:16,883] {logging_mixin.py:115} INFO - [2022-08-19 23:15:16,883] {dagbag.py:508} INFO - Filling up the DagBag from /home/airflow/.local/lib/python3.7/site-packages/airflow/example_dags/example_branch_operator_decorator.py
[2022-08-19 23:15:16,894] {processor.py:651} INFO - DAG(s) dict_keys(['example_branch_python_operator_decorator']) retrieved from /home/airflow/.local/lib/python3.7/site-packages/airflow/example_dags/example_branch_operator_decorator.py
[2022-08-19 23:15:16,911] {logging_mixin.py:115} INFO - [2022-08-19 23:15:16,911] {dag.py:2420} INFO - Sync 1 DAGs
[2022-08-19 23:15:16,924] {logging_mixin.py:115} INFO - [2022-08-19 23:15:16,924] {dag.py:2972} INFO - Setting next_dagrun for example_branch_python_operator_decorator to 2022-08-18T00:00:00+00:00, run_after=2022-08-19T00:00:00+00:00
[2022-08-19 23:15:16,931] {processor.py:161} INFO - Processing /home/airflow/.local/lib/python3.7/site-packages/airflow/example_dags/example_branch_operator_decorator.py took 0.053 seconds
[2022-08-19 23:15:47,256] {processor.py:153} INFO - Started process (PID=4133) to work on /home/airflow/.local/lib/python3.7/site-packages/airflow/example_dags/example_branch_operator_decorator.py
[2022-08-19 23:15:47,257] {processor.py:641} INFO - Processing file /home/airflow/.local/lib/python3.7/site-packages/airflow/example_dags/example_branch_operator_decorator.py for tasks to queue
[2022-08-19 23:15:47,259] {logging_mixin.py:115} INFO - [2022-08-19 23:15:47,259] {dagbag.py:508} INFO - Filling up the DagBag from /home/airflow/.local/lib/python3.7/site-packages/airflow/example_dags/example_branch_operator_decorator.py
[2022-08-19 23:15:47,298] {processor.py:651} INFO - DAG(s) dict_keys(['example_branch_python_operator_decorator']) retrieved from /home/airflow/.local/lib/python3.7/site-packages/airflow/example_dags/example_branch_operator_decorator.py
[2022-08-19 23:15:47,333] {logging_mixin.py:115} INFO - [2022-08-19 23:15:47,333] {dag.py:2420} INFO - Sync 1 DAGs
[2022-08-19 23:15:47,354] {logging_mixin.py:115} INFO - [2022-08-19 23:15:47,354] {dag.py:2972} INFO - Setting next_dagrun for example_branch_python_operator_decorator to 2022-08-18T00:00:00+00:00, run_after=2022-08-19T00:00:00+00:00
[2022-08-19 23:15:47,369] {processor.py:161} INFO - Processing /home/airflow/.local/lib/python3.7/site-packages/airflow/example_dags/example_branch_operator_decorator.py took 0.117 seconds
[2022-08-19 23:16:18,205] {processor.py:153} INFO - Started process (PID=4282) to work on /home/airflow/.local/lib/python3.7/site-packages/airflow/example_dags/example_branch_operator_decorator.py
[2022-08-19 23:16:18,209] {processor.py:641} INFO - Processing file /home/airflow/.local/lib/python3.7/site-packages/airflow/example_dags/example_branch_operator_decorator.py for tasks to queue
[2022-08-19 23:16:18,212] {logging_mixin.py:115} INFO - [2022-08-19 23:16:18,212] {dagbag.py:508} INFO - Filling up the DagBag from /home/airflow/.local/lib/python3.7/site-packages/airflow/example_dags/example_branch_operator_decorator.py
[2022-08-19 23:16:18,253] {processor.py:651} INFO - DAG(s) dict_keys(['example_branch_python_operator_decorator']) retrieved from /home/airflow/.local/lib/python3.7/site-packages/airflow/example_dags/example_branch_operator_decorator.py
[2022-08-19 23:16:18,284] {logging_mixin.py:115} INFO - [2022-08-19 23:16:18,284] {dag.py:2420} INFO - Sync 1 DAGs
[2022-08-19 23:16:18,314] {logging_mixin.py:115} INFO - [2022-08-19 23:16:18,314] {dag.py:2972} INFO - Setting next_dagrun for example_branch_python_operator_decorator to 2022-08-18T00:00:00+00:00, run_after=2022-08-19T00:00:00+00:00
[2022-08-19 23:16:18,329] {processor.py:161} INFO - Processing /home/airflow/.local/lib/python3.7/site-packages/airflow/example_dags/example_branch_operator_decorator.py took 0.127 seconds
[2022-08-19 23:16:48,413] {processor.py:153} INFO - Started process (PID=4405) to work on /home/airflow/.local/lib/python3.7/site-packages/airflow/example_dags/example_branch_operator_decorator.py
[2022-08-19 23:16:48,417] {processor.py:641} INFO - Processing file /home/airflow/.local/lib/python3.7/site-packages/airflow/example_dags/example_branch_operator_decorator.py for tasks to queue
[2022-08-19 23:16:48,418] {logging_mixin.py:115} INFO - [2022-08-19 23:16:48,418] {dagbag.py:508} INFO - Filling up the DagBag from /home/airflow/.local/lib/python3.7/site-packages/airflow/example_dags/example_branch_operator_decorator.py
[2022-08-19 23:16:48,447] {processor.py:651} INFO - DAG(s) dict_keys(['example_branch_python_operator_decorator']) retrieved from /home/airflow/.local/lib/python3.7/site-packages/airflow/example_dags/example_branch_operator_decorator.py
[2022-08-19 23:16:48,500] {logging_mixin.py:115} INFO - [2022-08-19 23:16:48,500] {dag.py:2420} INFO - Sync 1 DAGs
[2022-08-19 23:16:48,537] {logging_mixin.py:115} INFO - [2022-08-19 23:16:48,537] {dag.py:2972} INFO - Setting next_dagrun for example_branch_python_operator_decorator to 2022-08-18T00:00:00+00:00, run_after=2022-08-19T00:00:00+00:00
[2022-08-19 23:16:48,568] {processor.py:161} INFO - Processing /home/airflow/.local/lib/python3.7/site-packages/airflow/example_dags/example_branch_operator_decorator.py took 0.157 seconds
[2022-08-19 23:17:19,014] {processor.py:153} INFO - Started process (PID=4543) to work on /home/airflow/.local/lib/python3.7/site-packages/airflow/example_dags/example_branch_operator_decorator.py
[2022-08-19 23:17:19,017] {processor.py:641} INFO - Processing file /home/airflow/.local/lib/python3.7/site-packages/airflow/example_dags/example_branch_operator_decorator.py for tasks to queue
[2022-08-19 23:17:19,018] {logging_mixin.py:115} INFO - [2022-08-19 23:17:19,018] {dagbag.py:508} INFO - Filling up the DagBag from /home/airflow/.local/lib/python3.7/site-packages/airflow/example_dags/example_branch_operator_decorator.py
[2022-08-19 23:17:19,037] {processor.py:651} INFO - DAG(s) dict_keys(['example_branch_python_operator_decorator']) retrieved from /home/airflow/.local/lib/python3.7/site-packages/airflow/example_dags/example_branch_operator_decorator.py
[2022-08-19 23:17:19,068] {logging_mixin.py:115} INFO - [2022-08-19 23:17:19,068] {dag.py:2420} INFO - Sync 1 DAGs
[2022-08-19 23:17:19,091] {logging_mixin.py:115} INFO - [2022-08-19 23:17:19,091] {dag.py:2972} INFO - Setting next_dagrun for example_branch_python_operator_decorator to 2022-08-18T00:00:00+00:00, run_after=2022-08-19T00:00:00+00:00
[2022-08-19 23:17:19,101] {processor.py:161} INFO - Processing /home/airflow/.local/lib/python3.7/site-packages/airflow/example_dags/example_branch_operator_decorator.py took 0.090 seconds
[2022-08-19 23:17:49,632] {processor.py:153} INFO - Started process (PID=4666) to work on /home/airflow/.local/lib/python3.7/site-packages/airflow/example_dags/example_branch_operator_decorator.py
[2022-08-19 23:17:49,634] {processor.py:641} INFO - Processing file /home/airflow/.local/lib/python3.7/site-packages/airflow/example_dags/example_branch_operator_decorator.py for tasks to queue
[2022-08-19 23:17:49,635] {logging_mixin.py:115} INFO - [2022-08-19 23:17:49,635] {dagbag.py:508} INFO - Filling up the DagBag from /home/airflow/.local/lib/python3.7/site-packages/airflow/example_dags/example_branch_operator_decorator.py
[2022-08-19 23:17:49,648] {processor.py:651} INFO - DAG(s) dict_keys(['example_branch_python_operator_decorator']) retrieved from /home/airflow/.local/lib/python3.7/site-packages/airflow/example_dags/example_branch_operator_decorator.py
[2022-08-19 23:17:49,664] {logging_mixin.py:115} INFO - [2022-08-19 23:17:49,664] {dag.py:2420} INFO - Sync 1 DAGs
[2022-08-19 23:17:49,677] {logging_mixin.py:115} INFO - [2022-08-19 23:17:49,677] {dag.py:2972} INFO - Setting next_dagrun for example_branch_python_operator_decorator to 2022-08-18T00:00:00+00:00, run_after=2022-08-19T00:00:00+00:00
[2022-08-19 23:17:49,685] {processor.py:161} INFO - Processing /home/airflow/.local/lib/python3.7/site-packages/airflow/example_dags/example_branch_operator_decorator.py took 0.055 seconds
[2022-08-19 23:18:19,784] {processor.py:153} INFO - Started process (PID=4811) to work on /home/airflow/.local/lib/python3.7/site-packages/airflow/example_dags/example_branch_operator_decorator.py
[2022-08-19 23:18:19,793] {processor.py:641} INFO - Processing file /home/airflow/.local/lib/python3.7/site-packages/airflow/example_dags/example_branch_operator_decorator.py for tasks to queue
[2022-08-19 23:18:19,794] {logging_mixin.py:115} INFO - [2022-08-19 23:18:19,794] {dagbag.py:508} INFO - Filling up the DagBag from /home/airflow/.local/lib/python3.7/site-packages/airflow/example_dags/example_branch_operator_decorator.py
[2022-08-19 23:18:19,823] {processor.py:651} INFO - DAG(s) dict_keys(['example_branch_python_operator_decorator']) retrieved from /home/airflow/.local/lib/python3.7/site-packages/airflow/example_dags/example_branch_operator_decorator.py
[2022-08-19 23:18:19,868] {logging_mixin.py:115} INFO - [2022-08-19 23:18:19,868] {dag.py:2420} INFO - Sync 1 DAGs
[2022-08-19 23:18:19,893] {logging_mixin.py:115} INFO - [2022-08-19 23:18:19,893] {dag.py:2972} INFO - Setting next_dagrun for example_branch_python_operator_decorator to 2022-08-18T00:00:00+00:00, run_after=2022-08-19T00:00:00+00:00
[2022-08-19 23:18:19,914] {processor.py:161} INFO - Processing /home/airflow/.local/lib/python3.7/site-packages/airflow/example_dags/example_branch_operator_decorator.py took 0.133 seconds
[2022-08-19 23:18:50,878] {processor.py:153} INFO - Started process (PID=4944) to work on /home/airflow/.local/lib/python3.7/site-packages/airflow/example_dags/example_branch_operator_decorator.py
[2022-08-19 23:18:50,879] {processor.py:641} INFO - Processing file /home/airflow/.local/lib/python3.7/site-packages/airflow/example_dags/example_branch_operator_decorator.py for tasks to queue
[2022-08-19 23:18:50,880] {logging_mixin.py:115} INFO - [2022-08-19 23:18:50,880] {dagbag.py:508} INFO - Filling up the DagBag from /home/airflow/.local/lib/python3.7/site-packages/airflow/example_dags/example_branch_operator_decorator.py
[2022-08-19 23:18:50,906] {processor.py:651} INFO - DAG(s) dict_keys(['example_branch_python_operator_decorator']) retrieved from /home/airflow/.local/lib/python3.7/site-packages/airflow/example_dags/example_branch_operator_decorator.py
[2022-08-19 23:18:50,932] {logging_mixin.py:115} INFO - [2022-08-19 23:18:50,932] {dag.py:2420} INFO - Sync 1 DAGs
[2022-08-19 23:18:50,952] {logging_mixin.py:115} INFO - [2022-08-19 23:18:50,952] {dag.py:2972} INFO - Setting next_dagrun for example_branch_python_operator_decorator to 2022-08-18T00:00:00+00:00, run_after=2022-08-19T00:00:00+00:00
[2022-08-19 23:18:50,973] {processor.py:161} INFO - Processing /home/airflow/.local/lib/python3.7/site-packages/airflow/example_dags/example_branch_operator_decorator.py took 0.098 seconds
[2022-08-19 23:19:21,235] {processor.py:153} INFO - Started process (PID=5072) to work on /home/airflow/.local/lib/python3.7/site-packages/airflow/example_dags/example_branch_operator_decorator.py
[2022-08-19 23:19:21,238] {processor.py:641} INFO - Processing file /home/airflow/.local/lib/python3.7/site-packages/airflow/example_dags/example_branch_operator_decorator.py for tasks to queue
[2022-08-19 23:19:21,240] {logging_mixin.py:115} INFO - [2022-08-19 23:19:21,240] {dagbag.py:508} INFO - Filling up the DagBag from /home/airflow/.local/lib/python3.7/site-packages/airflow/example_dags/example_branch_operator_decorator.py
[2022-08-19 23:19:21,260] {processor.py:651} INFO - DAG(s) dict_keys(['example_branch_python_operator_decorator']) retrieved from /home/airflow/.local/lib/python3.7/site-packages/airflow/example_dags/example_branch_operator_decorator.py
[2022-08-19 23:19:21,291] {logging_mixin.py:115} INFO - [2022-08-19 23:19:21,291] {dag.py:2420} INFO - Sync 1 DAGs
[2022-08-19 23:19:21,316] {logging_mixin.py:115} INFO - [2022-08-19 23:19:21,316] {dag.py:2972} INFO - Setting next_dagrun for example_branch_python_operator_decorator to 2022-08-18T00:00:00+00:00, run_after=2022-08-19T00:00:00+00:00
[2022-08-19 23:19:21,325] {processor.py:161} INFO - Processing /home/airflow/.local/lib/python3.7/site-packages/airflow/example_dags/example_branch_operator_decorator.py took 0.093 seconds
[2022-08-19 23:19:51,611] {processor.py:153} INFO - Started process (PID=5212) to work on /home/airflow/.local/lib/python3.7/site-packages/airflow/example_dags/example_branch_operator_decorator.py
[2022-08-19 23:19:51,612] {processor.py:641} INFO - Processing file /home/airflow/.local/lib/python3.7/site-packages/airflow/example_dags/example_branch_operator_decorator.py for tasks to queue
[2022-08-19 23:19:51,613] {logging_mixin.py:115} INFO - [2022-08-19 23:19:51,613] {dagbag.py:508} INFO - Filling up the DagBag from /home/airflow/.local/lib/python3.7/site-packages/airflow/example_dags/example_branch_operator_decorator.py
[2022-08-19 23:19:51,634] {processor.py:651} INFO - DAG(s) dict_keys(['example_branch_python_operator_decorator']) retrieved from /home/airflow/.local/lib/python3.7/site-packages/airflow/example_dags/example_branch_operator_decorator.py
[2022-08-19 23:19:51,671] {logging_mixin.py:115} INFO - [2022-08-19 23:19:51,671] {dag.py:2420} INFO - Sync 1 DAGs
[2022-08-19 23:19:51,689] {logging_mixin.py:115} INFO - [2022-08-19 23:19:51,689] {dag.py:2972} INFO - Setting next_dagrun for example_branch_python_operator_decorator to 2022-08-18T00:00:00+00:00, run_after=2022-08-19T00:00:00+00:00
[2022-08-19 23:19:51,708] {processor.py:161} INFO - Processing /home/airflow/.local/lib/python3.7/site-packages/airflow/example_dags/example_branch_operator_decorator.py took 0.100 seconds
[2022-08-19 23:20:22,418] {processor.py:153} INFO - Started process (PID=5334) to work on /home/airflow/.local/lib/python3.7/site-packages/airflow/example_dags/example_branch_operator_decorator.py
[2022-08-19 23:20:22,420] {processor.py:641} INFO - Processing file /home/airflow/.local/lib/python3.7/site-packages/airflow/example_dags/example_branch_operator_decorator.py for tasks to queue
[2022-08-19 23:20:22,423] {logging_mixin.py:115} INFO - [2022-08-19 23:20:22,423] {dagbag.py:508} INFO - Filling up the DagBag from /home/airflow/.local/lib/python3.7/site-packages/airflow/example_dags/example_branch_operator_decorator.py
[2022-08-19 23:20:22,443] {processor.py:651} INFO - DAG(s) dict_keys(['example_branch_python_operator_decorator']) retrieved from /home/airflow/.local/lib/python3.7/site-packages/airflow/example_dags/example_branch_operator_decorator.py
[2022-08-19 23:20:22,489] {logging_mixin.py:115} INFO - [2022-08-19 23:20:22,489] {dag.py:2420} INFO - Sync 1 DAGs
[2022-08-19 23:20:22,517] {logging_mixin.py:115} INFO - [2022-08-19 23:20:22,517] {dag.py:2972} INFO - Setting next_dagrun for example_branch_python_operator_decorator to 2022-08-18T00:00:00+00:00, run_after=2022-08-19T00:00:00+00:00
[2022-08-19 23:20:22,532] {processor.py:161} INFO - Processing /home/airflow/.local/lib/python3.7/site-packages/airflow/example_dags/example_branch_operator_decorator.py took 0.121 seconds
[2022-08-19 23:20:52,834] {processor.py:153} INFO - Started process (PID=5445) to work on /home/airflow/.local/lib/python3.7/site-packages/airflow/example_dags/example_branch_operator_decorator.py
[2022-08-19 23:20:52,835] {processor.py:641} INFO - Processing file /home/airflow/.local/lib/python3.7/site-packages/airflow/example_dags/example_branch_operator_decorator.py for tasks to queue
[2022-08-19 23:20:52,837] {logging_mixin.py:115} INFO - [2022-08-19 23:20:52,837] {dagbag.py:508} INFO - Filling up the DagBag from /home/airflow/.local/lib/python3.7/site-packages/airflow/example_dags/example_branch_operator_decorator.py
[2022-08-19 23:20:52,865] {processor.py:651} INFO - DAG(s) dict_keys(['example_branch_python_operator_decorator']) retrieved from /home/airflow/.local/lib/python3.7/site-packages/airflow/example_dags/example_branch_operator_decorator.py
[2022-08-19 23:20:52,908] {logging_mixin.py:115} INFO - [2022-08-19 23:20:52,908] {dag.py:2420} INFO - Sync 1 DAGs
[2022-08-19 23:20:52,946] {logging_mixin.py:115} INFO - [2022-08-19 23:20:52,946] {dag.py:2972} INFO - Setting next_dagrun for example_branch_python_operator_decorator to 2022-08-18T00:00:00+00:00, run_after=2022-08-19T00:00:00+00:00
[2022-08-19 23:20:52,961] {processor.py:161} INFO - Processing /home/airflow/.local/lib/python3.7/site-packages/airflow/example_dags/example_branch_operator_decorator.py took 0.129 seconds
[2022-08-19 23:21:23,224] {processor.py:153} INFO - Started process (PID=5576) to work on /home/airflow/.local/lib/python3.7/site-packages/airflow/example_dags/example_branch_operator_decorator.py
[2022-08-19 23:21:23,225] {processor.py:641} INFO - Processing file /home/airflow/.local/lib/python3.7/site-packages/airflow/example_dags/example_branch_operator_decorator.py for tasks to queue
[2022-08-19 23:21:23,226] {logging_mixin.py:115} INFO - [2022-08-19 23:21:23,226] {dagbag.py:508} INFO - Filling up the DagBag from /home/airflow/.local/lib/python3.7/site-packages/airflow/example_dags/example_branch_operator_decorator.py
[2022-08-19 23:21:23,243] {processor.py:651} INFO - DAG(s) dict_keys(['example_branch_python_operator_decorator']) retrieved from /home/airflow/.local/lib/python3.7/site-packages/airflow/example_dags/example_branch_operator_decorator.py
[2022-08-19 23:21:23,273] {logging_mixin.py:115} INFO - [2022-08-19 23:21:23,273] {dag.py:2420} INFO - Sync 1 DAGs
[2022-08-19 23:21:23,296] {logging_mixin.py:115} INFO - [2022-08-19 23:21:23,296] {dag.py:2972} INFO - Setting next_dagrun for example_branch_python_operator_decorator to 2022-08-18T00:00:00+00:00, run_after=2022-08-19T00:00:00+00:00
[2022-08-19 23:21:23,311] {processor.py:161} INFO - Processing /home/airflow/.local/lib/python3.7/site-packages/airflow/example_dags/example_branch_operator_decorator.py took 0.090 seconds
[2022-08-19 23:21:54,074] {processor.py:153} INFO - Started process (PID=5688) to work on /home/airflow/.local/lib/python3.7/site-packages/airflow/example_dags/example_branch_operator_decorator.py
[2022-08-19 23:21:54,076] {processor.py:641} INFO - Processing file /home/airflow/.local/lib/python3.7/site-packages/airflow/example_dags/example_branch_operator_decorator.py for tasks to queue
[2022-08-19 23:21:54,078] {logging_mixin.py:115} INFO - [2022-08-19 23:21:54,078] {dagbag.py:508} INFO - Filling up the DagBag from /home/airflow/.local/lib/python3.7/site-packages/airflow/example_dags/example_branch_operator_decorator.py
[2022-08-19 23:21:54,095] {processor.py:651} INFO - DAG(s) dict_keys(['example_branch_python_operator_decorator']) retrieved from /home/airflow/.local/lib/python3.7/site-packages/airflow/example_dags/example_branch_operator_decorator.py
[2022-08-19 23:21:54,114] {logging_mixin.py:115} INFO - [2022-08-19 23:21:54,114] {dag.py:2420} INFO - Sync 1 DAGs
[2022-08-19 23:21:54,127] {logging_mixin.py:115} INFO - [2022-08-19 23:21:54,127] {dag.py:2972} INFO - Setting next_dagrun for example_branch_python_operator_decorator to 2022-08-18T00:00:00+00:00, run_after=2022-08-19T00:00:00+00:00
[2022-08-19 23:21:54,137] {processor.py:161} INFO - Processing /home/airflow/.local/lib/python3.7/site-packages/airflow/example_dags/example_branch_operator_decorator.py took 0.067 seconds
[2022-08-19 23:22:24,563] {processor.py:153} INFO - Started process (PID=5759) to work on /home/airflow/.local/lib/python3.7/site-packages/airflow/example_dags/example_branch_operator_decorator.py
[2022-08-19 23:22:24,564] {processor.py:641} INFO - Processing file /home/airflow/.local/lib/python3.7/site-packages/airflow/example_dags/example_branch_operator_decorator.py for tasks to queue
[2022-08-19 23:22:24,565] {logging_mixin.py:115} INFO - [2022-08-19 23:22:24,565] {dagbag.py:508} INFO - Filling up the DagBag from /home/airflow/.local/lib/python3.7/site-packages/airflow/example_dags/example_branch_operator_decorator.py
[2022-08-19 23:22:24,578] {processor.py:651} INFO - DAG(s) dict_keys(['example_branch_python_operator_decorator']) retrieved from /home/airflow/.local/lib/python3.7/site-packages/airflow/example_dags/example_branch_operator_decorator.py
[2022-08-19 23:22:24,595] {logging_mixin.py:115} INFO - [2022-08-19 23:22:24,595] {dag.py:2420} INFO - Sync 1 DAGs
[2022-08-19 23:22:24,609] {logging_mixin.py:115} INFO - [2022-08-19 23:22:24,609] {dag.py:2972} INFO - Setting next_dagrun for example_branch_python_operator_decorator to 2022-08-18T00:00:00+00:00, run_after=2022-08-19T00:00:00+00:00
[2022-08-19 23:22:24,617] {processor.py:161} INFO - Processing /home/airflow/.local/lib/python3.7/site-packages/airflow/example_dags/example_branch_operator_decorator.py took 0.057 seconds
[2022-08-19 23:22:55,098] {processor.py:153} INFO - Started process (PID=5831) to work on /home/airflow/.local/lib/python3.7/site-packages/airflow/example_dags/example_branch_operator_decorator.py
[2022-08-19 23:22:55,100] {processor.py:641} INFO - Processing file /home/airflow/.local/lib/python3.7/site-packages/airflow/example_dags/example_branch_operator_decorator.py for tasks to queue
[2022-08-19 23:22:55,103] {logging_mixin.py:115} INFO - [2022-08-19 23:22:55,102] {dagbag.py:508} INFO - Filling up the DagBag from /home/airflow/.local/lib/python3.7/site-packages/airflow/example_dags/example_branch_operator_decorator.py
[2022-08-19 23:22:55,119] {processor.py:651} INFO - DAG(s) dict_keys(['example_branch_python_operator_decorator']) retrieved from /home/airflow/.local/lib/python3.7/site-packages/airflow/example_dags/example_branch_operator_decorator.py
[2022-08-19 23:22:55,139] {logging_mixin.py:115} INFO - [2022-08-19 23:22:55,139] {dag.py:2420} INFO - Sync 1 DAGs
[2022-08-19 23:22:55,153] {logging_mixin.py:115} INFO - [2022-08-19 23:22:55,153] {dag.py:2972} INFO - Setting next_dagrun for example_branch_python_operator_decorator to 2022-08-18T00:00:00+00:00, run_after=2022-08-19T00:00:00+00:00
[2022-08-19 23:22:55,161] {processor.py:161} INFO - Processing /home/airflow/.local/lib/python3.7/site-packages/airflow/example_dags/example_branch_operator_decorator.py took 0.068 seconds
[2022-08-19 23:23:25,597] {processor.py:153} INFO - Started process (PID=5890) to work on /home/airflow/.local/lib/python3.7/site-packages/airflow/example_dags/example_branch_operator_decorator.py
[2022-08-19 23:23:25,598] {processor.py:641} INFO - Processing file /home/airflow/.local/lib/python3.7/site-packages/airflow/example_dags/example_branch_operator_decorator.py for tasks to queue
[2022-08-19 23:23:25,600] {logging_mixin.py:115} INFO - [2022-08-19 23:23:25,600] {dagbag.py:508} INFO - Filling up the DagBag from /home/airflow/.local/lib/python3.7/site-packages/airflow/example_dags/example_branch_operator_decorator.py
[2022-08-19 23:23:25,613] {processor.py:651} INFO - DAG(s) dict_keys(['example_branch_python_operator_decorator']) retrieved from /home/airflow/.local/lib/python3.7/site-packages/airflow/example_dags/example_branch_operator_decorator.py
[2022-08-19 23:23:25,632] {logging_mixin.py:115} INFO - [2022-08-19 23:23:25,632] {dag.py:2420} INFO - Sync 1 DAGs
[2022-08-19 23:23:25,647] {logging_mixin.py:115} INFO - [2022-08-19 23:23:25,647] {dag.py:2972} INFO - Setting next_dagrun for example_branch_python_operator_decorator to 2022-08-18T00:00:00+00:00, run_after=2022-08-19T00:00:00+00:00
[2022-08-19 23:23:25,658] {processor.py:161} INFO - Processing /home/airflow/.local/lib/python3.7/site-packages/airflow/example_dags/example_branch_operator_decorator.py took 0.064 seconds
[2022-08-19 23:23:56,216] {processor.py:153} INFO - Started process (PID=5956) to work on /home/airflow/.local/lib/python3.7/site-packages/airflow/example_dags/example_branch_operator_decorator.py
[2022-08-19 23:23:56,217] {processor.py:641} INFO - Processing file /home/airflow/.local/lib/python3.7/site-packages/airflow/example_dags/example_branch_operator_decorator.py for tasks to queue
[2022-08-19 23:23:56,218] {logging_mixin.py:115} INFO - [2022-08-19 23:23:56,218] {dagbag.py:508} INFO - Filling up the DagBag from /home/airflow/.local/lib/python3.7/site-packages/airflow/example_dags/example_branch_operator_decorator.py
[2022-08-19 23:23:56,231] {processor.py:651} INFO - DAG(s) dict_keys(['example_branch_python_operator_decorator']) retrieved from /home/airflow/.local/lib/python3.7/site-packages/airflow/example_dags/example_branch_operator_decorator.py
[2022-08-19 23:23:56,247] {logging_mixin.py:115} INFO - [2022-08-19 23:23:56,247] {dag.py:2420} INFO - Sync 1 DAGs
[2022-08-19 23:23:56,260] {logging_mixin.py:115} INFO - [2022-08-19 23:23:56,260] {dag.py:2972} INFO - Setting next_dagrun for example_branch_python_operator_decorator to 2022-08-18T00:00:00+00:00, run_after=2022-08-19T00:00:00+00:00
[2022-08-19 23:23:56,268] {processor.py:161} INFO - Processing /home/airflow/.local/lib/python3.7/site-packages/airflow/example_dags/example_branch_operator_decorator.py took 0.054 seconds
[2022-08-19 23:24:26,541] {processor.py:153} INFO - Started process (PID=6023) to work on /home/airflow/.local/lib/python3.7/site-packages/airflow/example_dags/example_branch_operator_decorator.py
[2022-08-19 23:24:26,543] {processor.py:641} INFO - Processing file /home/airflow/.local/lib/python3.7/site-packages/airflow/example_dags/example_branch_operator_decorator.py for tasks to queue
[2022-08-19 23:24:26,545] {logging_mixin.py:115} INFO - [2022-08-19 23:24:26,545] {dagbag.py:508} INFO - Filling up the DagBag from /home/airflow/.local/lib/python3.7/site-packages/airflow/example_dags/example_branch_operator_decorator.py
[2022-08-19 23:24:26,560] {processor.py:651} INFO - DAG(s) dict_keys(['example_branch_python_operator_decorator']) retrieved from /home/airflow/.local/lib/python3.7/site-packages/airflow/example_dags/example_branch_operator_decorator.py
[2022-08-19 23:24:26,576] {logging_mixin.py:115} INFO - [2022-08-19 23:24:26,576] {dag.py:2420} INFO - Sync 1 DAGs
[2022-08-19 23:24:26,589] {logging_mixin.py:115} INFO - [2022-08-19 23:24:26,589] {dag.py:2972} INFO - Setting next_dagrun for example_branch_python_operator_decorator to 2022-08-18T00:00:00+00:00, run_after=2022-08-19T00:00:00+00:00
[2022-08-19 23:24:26,598] {processor.py:161} INFO - Processing /home/airflow/.local/lib/python3.7/site-packages/airflow/example_dags/example_branch_operator_decorator.py took 0.060 seconds
[2022-08-19 23:24:57,042] {processor.py:153} INFO - Started process (PID=6092) to work on /home/airflow/.local/lib/python3.7/site-packages/airflow/example_dags/example_branch_operator_decorator.py
[2022-08-19 23:24:57,044] {processor.py:641} INFO - Processing file /home/airflow/.local/lib/python3.7/site-packages/airflow/example_dags/example_branch_operator_decorator.py for tasks to queue
[2022-08-19 23:24:57,045] {logging_mixin.py:115} INFO - [2022-08-19 23:24:57,045] {dagbag.py:508} INFO - Filling up the DagBag from /home/airflow/.local/lib/python3.7/site-packages/airflow/example_dags/example_branch_operator_decorator.py
[2022-08-19 23:24:57,059] {processor.py:651} INFO - DAG(s) dict_keys(['example_branch_python_operator_decorator']) retrieved from /home/airflow/.local/lib/python3.7/site-packages/airflow/example_dags/example_branch_operator_decorator.py
[2022-08-19 23:24:57,075] {logging_mixin.py:115} INFO - [2022-08-19 23:24:57,075] {dag.py:2420} INFO - Sync 1 DAGs
[2022-08-19 23:24:57,087] {logging_mixin.py:115} INFO - [2022-08-19 23:24:57,087] {dag.py:2972} INFO - Setting next_dagrun for example_branch_python_operator_decorator to 2022-08-18T00:00:00+00:00, run_after=2022-08-19T00:00:00+00:00
[2022-08-19 23:24:57,095] {processor.py:161} INFO - Processing /home/airflow/.local/lib/python3.7/site-packages/airflow/example_dags/example_branch_operator_decorator.py took 0.057 seconds
