[2022-08-19 22:31:46,366] {processor.py:153} INFO - Started process (PID=63) to work on /home/airflow/.local/lib/python3.7/site-packages/airflow/example_dags/example_short_circuit_operator.py
[2022-08-19 22:31:46,369] {processor.py:641} INFO - Processing file /home/airflow/.local/lib/python3.7/site-packages/airflow/example_dags/example_short_circuit_operator.py for tasks to queue
[2022-08-19 22:31:46,371] {logging_mixin.py:115} INFO - [2022-08-19 22:31:46,371] {dagbag.py:508} INFO - Filling up the DagBag from /home/airflow/.local/lib/python3.7/site-packages/airflow/example_dags/example_short_circuit_operator.py
[2022-08-19 22:31:46,378] {processor.py:651} INFO - DAG(s) dict_keys(['example_short_circuit_operator']) retrieved from /home/airflow/.local/lib/python3.7/site-packages/airflow/example_dags/example_short_circuit_operator.py
[2022-08-19 22:31:46,474] {logging_mixin.py:115} INFO - [2022-08-19 22:31:46,474] {manager.py:508} INFO - Created Permission View: can delete on DAG:example_short_circuit_operator
[2022-08-19 22:31:46,485] {logging_mixin.py:115} INFO - [2022-08-19 22:31:46,485] {manager.py:508} INFO - Created Permission View: can read on DAG:example_short_circuit_operator
[2022-08-19 22:31:46,491] {logging_mixin.py:115} INFO - [2022-08-19 22:31:46,491] {manager.py:508} INFO - Created Permission View: can edit on DAG:example_short_circuit_operator
[2022-08-19 22:31:46,493] {logging_mixin.py:115} INFO - [2022-08-19 22:31:46,493] {dag.py:2420} INFO - Sync 1 DAGs
[2022-08-19 22:31:46,501] {logging_mixin.py:115} INFO - [2022-08-19 22:31:46,501] {dag.py:2439} INFO - Creating ORM DAG for example_short_circuit_operator
[2022-08-19 22:31:46,511] {logging_mixin.py:115} INFO - [2022-08-19 22:31:46,511] {dag.py:2972} INFO - Setting next_dagrun for example_short_circuit_operator to 2022-08-18T22:31:46.511251+00:00, run_after=2022-08-19T22:31:46.511251+00:00
[2022-08-19 22:31:46,530] {processor.py:161} INFO - Processing /home/airflow/.local/lib/python3.7/site-packages/airflow/example_dags/example_short_circuit_operator.py took 0.166 seconds
[2022-08-19 22:32:17,033] {processor.py:153} INFO - Started process (PID=126) to work on /home/airflow/.local/lib/python3.7/site-packages/airflow/example_dags/example_short_circuit_operator.py
[2022-08-19 22:32:17,034] {processor.py:641} INFO - Processing file /home/airflow/.local/lib/python3.7/site-packages/airflow/example_dags/example_short_circuit_operator.py for tasks to queue
[2022-08-19 22:32:17,035] {logging_mixin.py:115} INFO - [2022-08-19 22:32:17,035] {dagbag.py:508} INFO - Filling up the DagBag from /home/airflow/.local/lib/python3.7/site-packages/airflow/example_dags/example_short_circuit_operator.py
[2022-08-19 22:32:17,040] {processor.py:651} INFO - DAG(s) dict_keys(['example_short_circuit_operator']) retrieved from /home/airflow/.local/lib/python3.7/site-packages/airflow/example_dags/example_short_circuit_operator.py
[2022-08-19 22:32:17,056] {logging_mixin.py:115} INFO - [2022-08-19 22:32:17,056] {dag.py:2420} INFO - Sync 1 DAGs
[2022-08-19 22:32:17,069] {logging_mixin.py:115} INFO - [2022-08-19 22:32:17,069] {dag.py:2972} INFO - Setting next_dagrun for example_short_circuit_operator to 2022-08-18T22:32:17.069115+00:00, run_after=2022-08-19T22:32:17.069115+00:00
[2022-08-19 22:32:17,077] {processor.py:161} INFO - Processing /home/airflow/.local/lib/python3.7/site-packages/airflow/example_dags/example_short_circuit_operator.py took 0.045 seconds
[2022-08-19 22:53:25,961] {processor.py:153} INFO - Started process (PID=63) to work on /home/airflow/.local/lib/python3.7/site-packages/airflow/example_dags/example_short_circuit_operator.py
[2022-08-19 22:53:25,962] {processor.py:641} INFO - Processing file /home/airflow/.local/lib/python3.7/site-packages/airflow/example_dags/example_short_circuit_operator.py for tasks to queue
[2022-08-19 22:53:25,964] {logging_mixin.py:115} INFO - [2022-08-19 22:53:25,964] {dagbag.py:508} INFO - Filling up the DagBag from /home/airflow/.local/lib/python3.7/site-packages/airflow/example_dags/example_short_circuit_operator.py
[2022-08-19 22:53:25,972] {processor.py:651} INFO - DAG(s) dict_keys(['example_short_circuit_operator']) retrieved from /home/airflow/.local/lib/python3.7/site-packages/airflow/example_dags/example_short_circuit_operator.py
[2022-08-19 22:53:26,041] {logging_mixin.py:115} INFO - [2022-08-19 22:53:26,041] {manager.py:508} INFO - Created Permission View: can read on DAG:example_short_circuit_operator
[2022-08-19 22:53:26,049] {logging_mixin.py:115} INFO - [2022-08-19 22:53:26,049] {manager.py:508} INFO - Created Permission View: can delete on DAG:example_short_circuit_operator
[2022-08-19 22:53:26,054] {logging_mixin.py:115} INFO - [2022-08-19 22:53:26,054] {manager.py:508} INFO - Created Permission View: can edit on DAG:example_short_circuit_operator
[2022-08-19 22:53:26,054] {logging_mixin.py:115} INFO - [2022-08-19 22:53:26,054] {dag.py:2420} INFO - Sync 1 DAGs
[2022-08-19 22:53:26,065] {logging_mixin.py:115} INFO - [2022-08-19 22:53:26,065] {dag.py:2439} INFO - Creating ORM DAG for example_short_circuit_operator
[2022-08-19 22:53:26,073] {logging_mixin.py:115} INFO - [2022-08-19 22:53:26,073] {dag.py:2972} INFO - Setting next_dagrun for example_short_circuit_operator to 2022-08-18T22:53:26.073641+00:00, run_after=2022-08-19T22:53:26.073641+00:00
[2022-08-19 22:53:26,084] {processor.py:161} INFO - Processing /home/airflow/.local/lib/python3.7/site-packages/airflow/example_dags/example_short_circuit_operator.py took 0.126 seconds
[2022-08-19 22:53:56,573] {processor.py:153} INFO - Started process (PID=141) to work on /home/airflow/.local/lib/python3.7/site-packages/airflow/example_dags/example_short_circuit_operator.py
[2022-08-19 22:53:56,575] {processor.py:641} INFO - Processing file /home/airflow/.local/lib/python3.7/site-packages/airflow/example_dags/example_short_circuit_operator.py for tasks to queue
[2022-08-19 22:53:56,576] {logging_mixin.py:115} INFO - [2022-08-19 22:53:56,576] {dagbag.py:508} INFO - Filling up the DagBag from /home/airflow/.local/lib/python3.7/site-packages/airflow/example_dags/example_short_circuit_operator.py
[2022-08-19 22:53:56,583] {processor.py:651} INFO - DAG(s) dict_keys(['example_short_circuit_operator']) retrieved from /home/airflow/.local/lib/python3.7/site-packages/airflow/example_dags/example_short_circuit_operator.py
[2022-08-19 22:53:56,602] {logging_mixin.py:115} INFO - [2022-08-19 22:53:56,602] {dag.py:2420} INFO - Sync 1 DAGs
[2022-08-19 22:53:56,617] {logging_mixin.py:115} INFO - [2022-08-19 22:53:56,617] {dag.py:2972} INFO - Setting next_dagrun for example_short_circuit_operator to 2022-08-18T22:53:56.617399+00:00, run_after=2022-08-19T22:53:56.617399+00:00
[2022-08-19 22:53:56,629] {processor.py:161} INFO - Processing /home/airflow/.local/lib/python3.7/site-packages/airflow/example_dags/example_short_circuit_operator.py took 0.058 seconds
[2022-08-19 22:54:27,109] {processor.py:153} INFO - Started process (PID=214) to work on /home/airflow/.local/lib/python3.7/site-packages/airflow/example_dags/example_short_circuit_operator.py
[2022-08-19 22:54:27,110] {processor.py:641} INFO - Processing file /home/airflow/.local/lib/python3.7/site-packages/airflow/example_dags/example_short_circuit_operator.py for tasks to queue
[2022-08-19 22:54:27,111] {logging_mixin.py:115} INFO - [2022-08-19 22:54:27,111] {dagbag.py:508} INFO - Filling up the DagBag from /home/airflow/.local/lib/python3.7/site-packages/airflow/example_dags/example_short_circuit_operator.py
[2022-08-19 22:54:27,116] {processor.py:651} INFO - DAG(s) dict_keys(['example_short_circuit_operator']) retrieved from /home/airflow/.local/lib/python3.7/site-packages/airflow/example_dags/example_short_circuit_operator.py
[2022-08-19 22:54:27,134] {logging_mixin.py:115} INFO - [2022-08-19 22:54:27,134] {dag.py:2420} INFO - Sync 1 DAGs
[2022-08-19 22:54:27,146] {logging_mixin.py:115} INFO - [2022-08-19 22:54:27,146] {dag.py:2972} INFO - Setting next_dagrun for example_short_circuit_operator to 2022-08-18T22:54:27.146221+00:00, run_after=2022-08-19T22:54:27.146221+00:00
[2022-08-19 22:54:27,155] {processor.py:161} INFO - Processing /home/airflow/.local/lib/python3.7/site-packages/airflow/example_dags/example_short_circuit_operator.py took 0.048 seconds
[2022-08-19 22:54:57,663] {processor.py:153} INFO - Started process (PID=281) to work on /home/airflow/.local/lib/python3.7/site-packages/airflow/example_dags/example_short_circuit_operator.py
[2022-08-19 22:54:57,664] {processor.py:641} INFO - Processing file /home/airflow/.local/lib/python3.7/site-packages/airflow/example_dags/example_short_circuit_operator.py for tasks to queue
[2022-08-19 22:54:57,665] {logging_mixin.py:115} INFO - [2022-08-19 22:54:57,665] {dagbag.py:508} INFO - Filling up the DagBag from /home/airflow/.local/lib/python3.7/site-packages/airflow/example_dags/example_short_circuit_operator.py
[2022-08-19 22:54:57,671] {processor.py:651} INFO - DAG(s) dict_keys(['example_short_circuit_operator']) retrieved from /home/airflow/.local/lib/python3.7/site-packages/airflow/example_dags/example_short_circuit_operator.py
[2022-08-19 22:54:57,688] {logging_mixin.py:115} INFO - [2022-08-19 22:54:57,688] {dag.py:2420} INFO - Sync 1 DAGs
[2022-08-19 22:54:57,702] {logging_mixin.py:115} INFO - [2022-08-19 22:54:57,702] {dag.py:2972} INFO - Setting next_dagrun for example_short_circuit_operator to 2022-08-18T22:54:57.701871+00:00, run_after=2022-08-19T22:54:57.701871+00:00
[2022-08-19 22:54:57,710] {processor.py:161} INFO - Processing /home/airflow/.local/lib/python3.7/site-packages/airflow/example_dags/example_short_circuit_operator.py took 0.049 seconds
[2022-08-19 22:55:28,231] {processor.py:153} INFO - Started process (PID=344) to work on /home/airflow/.local/lib/python3.7/site-packages/airflow/example_dags/example_short_circuit_operator.py
[2022-08-19 22:55:28,232] {processor.py:641} INFO - Processing file /home/airflow/.local/lib/python3.7/site-packages/airflow/example_dags/example_short_circuit_operator.py for tasks to queue
[2022-08-19 22:55:28,234] {logging_mixin.py:115} INFO - [2022-08-19 22:55:28,234] {dagbag.py:508} INFO - Filling up the DagBag from /home/airflow/.local/lib/python3.7/site-packages/airflow/example_dags/example_short_circuit_operator.py
[2022-08-19 22:55:28,240] {processor.py:651} INFO - DAG(s) dict_keys(['example_short_circuit_operator']) retrieved from /home/airflow/.local/lib/python3.7/site-packages/airflow/example_dags/example_short_circuit_operator.py
[2022-08-19 22:55:28,257] {logging_mixin.py:115} INFO - [2022-08-19 22:55:28,257] {dag.py:2420} INFO - Sync 1 DAGs
[2022-08-19 22:55:28,268] {logging_mixin.py:115} INFO - [2022-08-19 22:55:28,268] {dag.py:2972} INFO - Setting next_dagrun for example_short_circuit_operator to 2022-08-18T22:55:28.268552+00:00, run_after=2022-08-19T22:55:28.268552+00:00
[2022-08-19 22:55:28,275] {processor.py:161} INFO - Processing /home/airflow/.local/lib/python3.7/site-packages/airflow/example_dags/example_short_circuit_operator.py took 0.046 seconds
[2022-08-19 22:55:58,685] {processor.py:153} INFO - Started process (PID=398) to work on /home/airflow/.local/lib/python3.7/site-packages/airflow/example_dags/example_short_circuit_operator.py
[2022-08-19 22:55:58,687] {processor.py:641} INFO - Processing file /home/airflow/.local/lib/python3.7/site-packages/airflow/example_dags/example_short_circuit_operator.py for tasks to queue
[2022-08-19 22:55:58,688] {logging_mixin.py:115} INFO - [2022-08-19 22:55:58,688] {dagbag.py:508} INFO - Filling up the DagBag from /home/airflow/.local/lib/python3.7/site-packages/airflow/example_dags/example_short_circuit_operator.py
[2022-08-19 22:55:58,695] {processor.py:651} INFO - DAG(s) dict_keys(['example_short_circuit_operator']) retrieved from /home/airflow/.local/lib/python3.7/site-packages/airflow/example_dags/example_short_circuit_operator.py
[2022-08-19 22:55:58,721] {logging_mixin.py:115} INFO - [2022-08-19 22:55:58,721] {dag.py:2420} INFO - Sync 1 DAGs
[2022-08-19 22:55:58,734] {logging_mixin.py:115} INFO - [2022-08-19 22:55:58,733] {dag.py:2972} INFO - Setting next_dagrun for example_short_circuit_operator to 2022-08-18T22:55:58.733659+00:00, run_after=2022-08-19T22:55:58.733659+00:00
[2022-08-19 22:55:58,746] {processor.py:161} INFO - Processing /home/airflow/.local/lib/python3.7/site-packages/airflow/example_dags/example_short_circuit_operator.py took 0.063 seconds
[2022-08-19 22:56:29,135] {processor.py:153} INFO - Started process (PID=467) to work on /home/airflow/.local/lib/python3.7/site-packages/airflow/example_dags/example_short_circuit_operator.py
[2022-08-19 22:56:29,137] {processor.py:641} INFO - Processing file /home/airflow/.local/lib/python3.7/site-packages/airflow/example_dags/example_short_circuit_operator.py for tasks to queue
[2022-08-19 22:56:29,138] {logging_mixin.py:115} INFO - [2022-08-19 22:56:29,138] {dagbag.py:508} INFO - Filling up the DagBag from /home/airflow/.local/lib/python3.7/site-packages/airflow/example_dags/example_short_circuit_operator.py
[2022-08-19 22:56:29,144] {processor.py:651} INFO - DAG(s) dict_keys(['example_short_circuit_operator']) retrieved from /home/airflow/.local/lib/python3.7/site-packages/airflow/example_dags/example_short_circuit_operator.py
[2022-08-19 22:56:29,161] {logging_mixin.py:115} INFO - [2022-08-19 22:56:29,161] {dag.py:2420} INFO - Sync 1 DAGs
[2022-08-19 22:56:29,174] {logging_mixin.py:115} INFO - [2022-08-19 22:56:29,174] {dag.py:2972} INFO - Setting next_dagrun for example_short_circuit_operator to 2022-08-18T22:56:29.174169+00:00, run_after=2022-08-19T22:56:29.174169+00:00
[2022-08-19 22:56:29,182] {processor.py:161} INFO - Processing /home/airflow/.local/lib/python3.7/site-packages/airflow/example_dags/example_short_circuit_operator.py took 0.049 seconds
[2022-08-19 22:56:59,529] {processor.py:153} INFO - Started process (PID=531) to work on /home/airflow/.local/lib/python3.7/site-packages/airflow/example_dags/example_short_circuit_operator.py
[2022-08-19 22:56:59,530] {processor.py:641} INFO - Processing file /home/airflow/.local/lib/python3.7/site-packages/airflow/example_dags/example_short_circuit_operator.py for tasks to queue
[2022-08-19 22:56:59,530] {logging_mixin.py:115} INFO - [2022-08-19 22:56:59,530] {dagbag.py:508} INFO - Filling up the DagBag from /home/airflow/.local/lib/python3.7/site-packages/airflow/example_dags/example_short_circuit_operator.py
[2022-08-19 22:56:59,536] {processor.py:651} INFO - DAG(s) dict_keys(['example_short_circuit_operator']) retrieved from /home/airflow/.local/lib/python3.7/site-packages/airflow/example_dags/example_short_circuit_operator.py
[2022-08-19 22:56:59,552] {logging_mixin.py:115} INFO - [2022-08-19 22:56:59,552] {dag.py:2420} INFO - Sync 1 DAGs
[2022-08-19 22:56:59,564] {logging_mixin.py:115} INFO - [2022-08-19 22:56:59,564] {dag.py:2972} INFO - Setting next_dagrun for example_short_circuit_operator to 2022-08-18T22:56:59.564334+00:00, run_after=2022-08-19T22:56:59.564334+00:00
[2022-08-19 22:56:59,572] {processor.py:161} INFO - Processing /home/airflow/.local/lib/python3.7/site-packages/airflow/example_dags/example_short_circuit_operator.py took 0.045 seconds
[2022-08-19 22:57:29,912] {processor.py:153} INFO - Started process (PID=600) to work on /home/airflow/.local/lib/python3.7/site-packages/airflow/example_dags/example_short_circuit_operator.py
[2022-08-19 22:57:29,913] {processor.py:641} INFO - Processing file /home/airflow/.local/lib/python3.7/site-packages/airflow/example_dags/example_short_circuit_operator.py for tasks to queue
[2022-08-19 22:57:29,914] {logging_mixin.py:115} INFO - [2022-08-19 22:57:29,914] {dagbag.py:508} INFO - Filling up the DagBag from /home/airflow/.local/lib/python3.7/site-packages/airflow/example_dags/example_short_circuit_operator.py
[2022-08-19 22:57:29,920] {processor.py:651} INFO - DAG(s) dict_keys(['example_short_circuit_operator']) retrieved from /home/airflow/.local/lib/python3.7/site-packages/airflow/example_dags/example_short_circuit_operator.py
[2022-08-19 22:57:29,936] {logging_mixin.py:115} INFO - [2022-08-19 22:57:29,936] {dag.py:2420} INFO - Sync 1 DAGs
[2022-08-19 22:57:29,948] {logging_mixin.py:115} INFO - [2022-08-19 22:57:29,948] {dag.py:2972} INFO - Setting next_dagrun for example_short_circuit_operator to 2022-08-18T22:57:29.948483+00:00, run_after=2022-08-19T22:57:29.948483+00:00
[2022-08-19 22:57:29,957] {processor.py:161} INFO - Processing /home/airflow/.local/lib/python3.7/site-packages/airflow/example_dags/example_short_circuit_operator.py took 0.047 seconds
[2022-08-19 22:58:00,409] {processor.py:153} INFO - Started process (PID=666) to work on /home/airflow/.local/lib/python3.7/site-packages/airflow/example_dags/example_short_circuit_operator.py
[2022-08-19 22:58:00,410] {processor.py:641} INFO - Processing file /home/airflow/.local/lib/python3.7/site-packages/airflow/example_dags/example_short_circuit_operator.py for tasks to queue
[2022-08-19 22:58:00,411] {logging_mixin.py:115} INFO - [2022-08-19 22:58:00,411] {dagbag.py:508} INFO - Filling up the DagBag from /home/airflow/.local/lib/python3.7/site-packages/airflow/example_dags/example_short_circuit_operator.py
[2022-08-19 22:58:00,417] {processor.py:651} INFO - DAG(s) dict_keys(['example_short_circuit_operator']) retrieved from /home/airflow/.local/lib/python3.7/site-packages/airflow/example_dags/example_short_circuit_operator.py
[2022-08-19 22:58:00,435] {logging_mixin.py:115} INFO - [2022-08-19 22:58:00,435] {dag.py:2420} INFO - Sync 1 DAGs
[2022-08-19 22:58:00,448] {logging_mixin.py:115} INFO - [2022-08-19 22:58:00,448] {dag.py:2972} INFO - Setting next_dagrun for example_short_circuit_operator to 2022-08-18T22:58:00.447895+00:00, run_after=2022-08-19T22:58:00.447895+00:00
[2022-08-19 22:58:00,456] {processor.py:161} INFO - Processing /home/airflow/.local/lib/python3.7/site-packages/airflow/example_dags/example_short_circuit_operator.py took 0.049 seconds
[2022-08-19 22:58:30,833] {processor.py:153} INFO - Started process (PID=734) to work on /home/airflow/.local/lib/python3.7/site-packages/airflow/example_dags/example_short_circuit_operator.py
[2022-08-19 22:58:30,834] {processor.py:641} INFO - Processing file /home/airflow/.local/lib/python3.7/site-packages/airflow/example_dags/example_short_circuit_operator.py for tasks to queue
[2022-08-19 22:58:30,835] {logging_mixin.py:115} INFO - [2022-08-19 22:58:30,835] {dagbag.py:508} INFO - Filling up the DagBag from /home/airflow/.local/lib/python3.7/site-packages/airflow/example_dags/example_short_circuit_operator.py
[2022-08-19 22:58:30,841] {processor.py:651} INFO - DAG(s) dict_keys(['example_short_circuit_operator']) retrieved from /home/airflow/.local/lib/python3.7/site-packages/airflow/example_dags/example_short_circuit_operator.py
[2022-08-19 22:58:30,858] {logging_mixin.py:115} INFO - [2022-08-19 22:58:30,857] {dag.py:2420} INFO - Sync 1 DAGs
[2022-08-19 22:58:30,871] {logging_mixin.py:115} INFO - [2022-08-19 22:58:30,871] {dag.py:2972} INFO - Setting next_dagrun for example_short_circuit_operator to 2022-08-18T22:58:30.871757+00:00, run_after=2022-08-19T22:58:30.871757+00:00
[2022-08-19 22:58:30,880] {processor.py:161} INFO - Processing /home/airflow/.local/lib/python3.7/site-packages/airflow/example_dags/example_short_circuit_operator.py took 0.049 seconds
[2022-08-19 22:59:01,304] {processor.py:153} INFO - Started process (PID=788) to work on /home/airflow/.local/lib/python3.7/site-packages/airflow/example_dags/example_short_circuit_operator.py
[2022-08-19 22:59:01,305] {processor.py:641} INFO - Processing file /home/airflow/.local/lib/python3.7/site-packages/airflow/example_dags/example_short_circuit_operator.py for tasks to queue
[2022-08-19 22:59:01,306] {logging_mixin.py:115} INFO - [2022-08-19 22:59:01,306] {dagbag.py:508} INFO - Filling up the DagBag from /home/airflow/.local/lib/python3.7/site-packages/airflow/example_dags/example_short_circuit_operator.py
[2022-08-19 22:59:01,312] {processor.py:651} INFO - DAG(s) dict_keys(['example_short_circuit_operator']) retrieved from /home/airflow/.local/lib/python3.7/site-packages/airflow/example_dags/example_short_circuit_operator.py
[2022-08-19 22:59:01,329] {logging_mixin.py:115} INFO - [2022-08-19 22:59:01,329] {dag.py:2420} INFO - Sync 1 DAGs
[2022-08-19 22:59:01,341] {logging_mixin.py:115} INFO - [2022-08-19 22:59:01,341] {dag.py:2972} INFO - Setting next_dagrun for example_short_circuit_operator to 2022-08-18T22:59:01.341348+00:00, run_after=2022-08-19T22:59:01.341348+00:00
[2022-08-19 22:59:01,349] {processor.py:161} INFO - Processing /home/airflow/.local/lib/python3.7/site-packages/airflow/example_dags/example_short_circuit_operator.py took 0.048 seconds
[2022-08-19 22:59:31,833] {processor.py:153} INFO - Started process (PID=854) to work on /home/airflow/.local/lib/python3.7/site-packages/airflow/example_dags/example_short_circuit_operator.py
[2022-08-19 22:59:31,834] {processor.py:641} INFO - Processing file /home/airflow/.local/lib/python3.7/site-packages/airflow/example_dags/example_short_circuit_operator.py for tasks to queue
[2022-08-19 22:59:31,835] {logging_mixin.py:115} INFO - [2022-08-19 22:59:31,835] {dagbag.py:508} INFO - Filling up the DagBag from /home/airflow/.local/lib/python3.7/site-packages/airflow/example_dags/example_short_circuit_operator.py
[2022-08-19 22:59:31,841] {processor.py:651} INFO - DAG(s) dict_keys(['example_short_circuit_operator']) retrieved from /home/airflow/.local/lib/python3.7/site-packages/airflow/example_dags/example_short_circuit_operator.py
[2022-08-19 22:59:31,860] {logging_mixin.py:115} INFO - [2022-08-19 22:59:31,860] {dag.py:2420} INFO - Sync 1 DAGs
[2022-08-19 22:59:31,874] {logging_mixin.py:115} INFO - [2022-08-19 22:59:31,874] {dag.py:2972} INFO - Setting next_dagrun for example_short_circuit_operator to 2022-08-18T22:59:31.874753+00:00, run_after=2022-08-19T22:59:31.874753+00:00
[2022-08-19 22:59:31,883] {processor.py:161} INFO - Processing /home/airflow/.local/lib/python3.7/site-packages/airflow/example_dags/example_short_circuit_operator.py took 0.052 seconds
[2022-08-19 23:00:02,293] {processor.py:153} INFO - Started process (PID=922) to work on /home/airflow/.local/lib/python3.7/site-packages/airflow/example_dags/example_short_circuit_operator.py
[2022-08-19 23:00:02,295] {processor.py:641} INFO - Processing file /home/airflow/.local/lib/python3.7/site-packages/airflow/example_dags/example_short_circuit_operator.py for tasks to queue
[2022-08-19 23:00:02,296] {logging_mixin.py:115} INFO - [2022-08-19 23:00:02,296] {dagbag.py:508} INFO - Filling up the DagBag from /home/airflow/.local/lib/python3.7/site-packages/airflow/example_dags/example_short_circuit_operator.py
[2022-08-19 23:00:02,302] {processor.py:651} INFO - DAG(s) dict_keys(['example_short_circuit_operator']) retrieved from /home/airflow/.local/lib/python3.7/site-packages/airflow/example_dags/example_short_circuit_operator.py
[2022-08-19 23:00:02,320] {logging_mixin.py:115} INFO - [2022-08-19 23:00:02,320] {dag.py:2420} INFO - Sync 1 DAGs
[2022-08-19 23:00:02,331] {logging_mixin.py:115} INFO - [2022-08-19 23:00:02,331] {dag.py:2972} INFO - Setting next_dagrun for example_short_circuit_operator to 2022-08-18T23:00:02.331711+00:00, run_after=2022-08-19T23:00:02.331711+00:00
[2022-08-19 23:00:02,338] {processor.py:161} INFO - Processing /home/airflow/.local/lib/python3.7/site-packages/airflow/example_dags/example_short_circuit_operator.py took 0.047 seconds
[2022-08-19 23:00:32,682] {processor.py:153} INFO - Started process (PID=988) to work on /home/airflow/.local/lib/python3.7/site-packages/airflow/example_dags/example_short_circuit_operator.py
[2022-08-19 23:00:32,683] {processor.py:641} INFO - Processing file /home/airflow/.local/lib/python3.7/site-packages/airflow/example_dags/example_short_circuit_operator.py for tasks to queue
[2022-08-19 23:00:32,684] {logging_mixin.py:115} INFO - [2022-08-19 23:00:32,684] {dagbag.py:508} INFO - Filling up the DagBag from /home/airflow/.local/lib/python3.7/site-packages/airflow/example_dags/example_short_circuit_operator.py
[2022-08-19 23:00:32,690] {processor.py:651} INFO - DAG(s) dict_keys(['example_short_circuit_operator']) retrieved from /home/airflow/.local/lib/python3.7/site-packages/airflow/example_dags/example_short_circuit_operator.py
[2022-08-19 23:00:32,711] {logging_mixin.py:115} INFO - [2022-08-19 23:00:32,711] {dag.py:2420} INFO - Sync 1 DAGs
[2022-08-19 23:00:32,724] {logging_mixin.py:115} INFO - [2022-08-19 23:00:32,724] {dag.py:2972} INFO - Setting next_dagrun for example_short_circuit_operator to 2022-08-18T23:00:32.724499+00:00, run_after=2022-08-19T23:00:32.724499+00:00
[2022-08-19 23:00:32,733] {processor.py:161} INFO - Processing /home/airflow/.local/lib/python3.7/site-packages/airflow/example_dags/example_short_circuit_operator.py took 0.053 seconds
[2022-08-19 23:01:03,063] {processor.py:153} INFO - Started process (PID=1058) to work on /home/airflow/.local/lib/python3.7/site-packages/airflow/example_dags/example_short_circuit_operator.py
[2022-08-19 23:01:03,064] {processor.py:641} INFO - Processing file /home/airflow/.local/lib/python3.7/site-packages/airflow/example_dags/example_short_circuit_operator.py for tasks to queue
[2022-08-19 23:01:03,065] {logging_mixin.py:115} INFO - [2022-08-19 23:01:03,065] {dagbag.py:508} INFO - Filling up the DagBag from /home/airflow/.local/lib/python3.7/site-packages/airflow/example_dags/example_short_circuit_operator.py
[2022-08-19 23:01:03,072] {processor.py:651} INFO - DAG(s) dict_keys(['example_short_circuit_operator']) retrieved from /home/airflow/.local/lib/python3.7/site-packages/airflow/example_dags/example_short_circuit_operator.py
[2022-08-19 23:01:03,089] {logging_mixin.py:115} INFO - [2022-08-19 23:01:03,089] {dag.py:2420} INFO - Sync 1 DAGs
[2022-08-19 23:01:03,105] {logging_mixin.py:115} INFO - [2022-08-19 23:01:03,105] {dag.py:2972} INFO - Setting next_dagrun for example_short_circuit_operator to 2022-08-18T23:01:03.105173+00:00, run_after=2022-08-19T23:01:03.105173+00:00
[2022-08-19 23:01:03,114] {processor.py:161} INFO - Processing /home/airflow/.local/lib/python3.7/site-packages/airflow/example_dags/example_short_circuit_operator.py took 0.053 seconds
[2022-08-19 23:01:33,575] {processor.py:153} INFO - Started process (PID=1124) to work on /home/airflow/.local/lib/python3.7/site-packages/airflow/example_dags/example_short_circuit_operator.py
[2022-08-19 23:01:33,576] {processor.py:641} INFO - Processing file /home/airflow/.local/lib/python3.7/site-packages/airflow/example_dags/example_short_circuit_operator.py for tasks to queue
[2022-08-19 23:01:33,578] {logging_mixin.py:115} INFO - [2022-08-19 23:01:33,578] {dagbag.py:508} INFO - Filling up the DagBag from /home/airflow/.local/lib/python3.7/site-packages/airflow/example_dags/example_short_circuit_operator.py
[2022-08-19 23:01:33,584] {processor.py:651} INFO - DAG(s) dict_keys(['example_short_circuit_operator']) retrieved from /home/airflow/.local/lib/python3.7/site-packages/airflow/example_dags/example_short_circuit_operator.py
[2022-08-19 23:01:33,601] {logging_mixin.py:115} INFO - [2022-08-19 23:01:33,601] {dag.py:2420} INFO - Sync 1 DAGs
[2022-08-19 23:01:33,615] {logging_mixin.py:115} INFO - [2022-08-19 23:01:33,615] {dag.py:2972} INFO - Setting next_dagrun for example_short_circuit_operator to 2022-08-18T23:01:33.615434+00:00, run_after=2022-08-19T23:01:33.615434+00:00
[2022-08-19 23:01:33,624] {processor.py:161} INFO - Processing /home/airflow/.local/lib/python3.7/site-packages/airflow/example_dags/example_short_circuit_operator.py took 0.051 seconds
[2022-08-19 23:02:04,030] {processor.py:153} INFO - Started process (PID=1178) to work on /home/airflow/.local/lib/python3.7/site-packages/airflow/example_dags/example_short_circuit_operator.py
[2022-08-19 23:02:04,031] {processor.py:641} INFO - Processing file /home/airflow/.local/lib/python3.7/site-packages/airflow/example_dags/example_short_circuit_operator.py for tasks to queue
[2022-08-19 23:02:04,032] {logging_mixin.py:115} INFO - [2022-08-19 23:02:04,032] {dagbag.py:508} INFO - Filling up the DagBag from /home/airflow/.local/lib/python3.7/site-packages/airflow/example_dags/example_short_circuit_operator.py
[2022-08-19 23:02:04,038] {processor.py:651} INFO - DAG(s) dict_keys(['example_short_circuit_operator']) retrieved from /home/airflow/.local/lib/python3.7/site-packages/airflow/example_dags/example_short_circuit_operator.py
[2022-08-19 23:02:04,054] {logging_mixin.py:115} INFO - [2022-08-19 23:02:04,054] {dag.py:2420} INFO - Sync 1 DAGs
[2022-08-19 23:02:04,067] {logging_mixin.py:115} INFO - [2022-08-19 23:02:04,067] {dag.py:2972} INFO - Setting next_dagrun for example_short_circuit_operator to 2022-08-18T23:02:04.067604+00:00, run_after=2022-08-19T23:02:04.067604+00:00
[2022-08-19 23:02:04,075] {processor.py:161} INFO - Processing /home/airflow/.local/lib/python3.7/site-packages/airflow/example_dags/example_short_circuit_operator.py took 0.047 seconds
[2022-08-19 23:02:34,518] {processor.py:153} INFO - Started process (PID=1240) to work on /home/airflow/.local/lib/python3.7/site-packages/airflow/example_dags/example_short_circuit_operator.py
[2022-08-19 23:02:34,520] {processor.py:641} INFO - Processing file /home/airflow/.local/lib/python3.7/site-packages/airflow/example_dags/example_short_circuit_operator.py for tasks to queue
[2022-08-19 23:02:34,521] {logging_mixin.py:115} INFO - [2022-08-19 23:02:34,521] {dagbag.py:508} INFO - Filling up the DagBag from /home/airflow/.local/lib/python3.7/site-packages/airflow/example_dags/example_short_circuit_operator.py
[2022-08-19 23:02:34,527] {processor.py:651} INFO - DAG(s) dict_keys(['example_short_circuit_operator']) retrieved from /home/airflow/.local/lib/python3.7/site-packages/airflow/example_dags/example_short_circuit_operator.py
[2022-08-19 23:02:34,544] {logging_mixin.py:115} INFO - [2022-08-19 23:02:34,544] {dag.py:2420} INFO - Sync 1 DAGs
[2022-08-19 23:02:34,556] {logging_mixin.py:115} INFO - [2022-08-19 23:02:34,556] {dag.py:2972} INFO - Setting next_dagrun for example_short_circuit_operator to 2022-08-18T23:02:34.556617+00:00, run_after=2022-08-19T23:02:34.556617+00:00
[2022-08-19 23:02:34,564] {processor.py:161} INFO - Processing /home/airflow/.local/lib/python3.7/site-packages/airflow/example_dags/example_short_circuit_operator.py took 0.049 seconds
[2022-08-19 23:03:04,906] {processor.py:153} INFO - Started process (PID=1305) to work on /home/airflow/.local/lib/python3.7/site-packages/airflow/example_dags/example_short_circuit_operator.py
[2022-08-19 23:03:04,908] {processor.py:641} INFO - Processing file /home/airflow/.local/lib/python3.7/site-packages/airflow/example_dags/example_short_circuit_operator.py for tasks to queue
[2022-08-19 23:03:04,909] {logging_mixin.py:115} INFO - [2022-08-19 23:03:04,909] {dagbag.py:508} INFO - Filling up the DagBag from /home/airflow/.local/lib/python3.7/site-packages/airflow/example_dags/example_short_circuit_operator.py
[2022-08-19 23:03:04,915] {processor.py:651} INFO - DAG(s) dict_keys(['example_short_circuit_operator']) retrieved from /home/airflow/.local/lib/python3.7/site-packages/airflow/example_dags/example_short_circuit_operator.py
[2022-08-19 23:03:04,932] {logging_mixin.py:115} INFO - [2022-08-19 23:03:04,932] {dag.py:2420} INFO - Sync 1 DAGs
[2022-08-19 23:03:04,949] {logging_mixin.py:115} INFO - [2022-08-19 23:03:04,949] {dag.py:2972} INFO - Setting next_dagrun for example_short_circuit_operator to 2022-08-18T23:03:04.949454+00:00, run_after=2022-08-19T23:03:04.949454+00:00
[2022-08-19 23:03:04,958] {processor.py:161} INFO - Processing /home/airflow/.local/lib/python3.7/site-packages/airflow/example_dags/example_short_circuit_operator.py took 0.054 seconds
[2022-08-19 23:03:35,442] {processor.py:153} INFO - Started process (PID=1373) to work on /home/airflow/.local/lib/python3.7/site-packages/airflow/example_dags/example_short_circuit_operator.py
[2022-08-19 23:03:35,443] {processor.py:641} INFO - Processing file /home/airflow/.local/lib/python3.7/site-packages/airflow/example_dags/example_short_circuit_operator.py for tasks to queue
[2022-08-19 23:03:35,444] {logging_mixin.py:115} INFO - [2022-08-19 23:03:35,444] {dagbag.py:508} INFO - Filling up the DagBag from /home/airflow/.local/lib/python3.7/site-packages/airflow/example_dags/example_short_circuit_operator.py
[2022-08-19 23:03:35,450] {processor.py:651} INFO - DAG(s) dict_keys(['example_short_circuit_operator']) retrieved from /home/airflow/.local/lib/python3.7/site-packages/airflow/example_dags/example_short_circuit_operator.py
[2022-08-19 23:03:35,467] {logging_mixin.py:115} INFO - [2022-08-19 23:03:35,467] {dag.py:2420} INFO - Sync 1 DAGs
[2022-08-19 23:03:35,479] {logging_mixin.py:115} INFO - [2022-08-19 23:03:35,479] {dag.py:2972} INFO - Setting next_dagrun for example_short_circuit_operator to 2022-08-18T23:03:35.479621+00:00, run_after=2022-08-19T23:03:35.479621+00:00
[2022-08-19 23:03:35,486] {processor.py:161} INFO - Processing /home/airflow/.local/lib/python3.7/site-packages/airflow/example_dags/example_short_circuit_operator.py took 0.047 seconds
[2022-08-19 23:04:05,647] {processor.py:153} INFO - Started process (PID=1448) to work on /home/airflow/.local/lib/python3.7/site-packages/airflow/example_dags/example_short_circuit_operator.py
[2022-08-19 23:04:05,648] {processor.py:641} INFO - Processing file /home/airflow/.local/lib/python3.7/site-packages/airflow/example_dags/example_short_circuit_operator.py for tasks to queue
[2022-08-19 23:04:05,649] {logging_mixin.py:115} INFO - [2022-08-19 23:04:05,649] {dagbag.py:508} INFO - Filling up the DagBag from /home/airflow/.local/lib/python3.7/site-packages/airflow/example_dags/example_short_circuit_operator.py
[2022-08-19 23:04:05,654] {processor.py:651} INFO - DAG(s) dict_keys(['example_short_circuit_operator']) retrieved from /home/airflow/.local/lib/python3.7/site-packages/airflow/example_dags/example_short_circuit_operator.py
[2022-08-19 23:04:05,674] {logging_mixin.py:115} INFO - [2022-08-19 23:04:05,674] {dag.py:2420} INFO - Sync 1 DAGs
[2022-08-19 23:04:05,690] {logging_mixin.py:115} INFO - [2022-08-19 23:04:05,690] {dag.py:2972} INFO - Setting next_dagrun for example_short_circuit_operator to 2022-08-18T23:04:05.690460+00:00, run_after=2022-08-19T23:04:05.690460+00:00
[2022-08-19 23:04:05,701] {processor.py:161} INFO - Processing /home/airflow/.local/lib/python3.7/site-packages/airflow/example_dags/example_short_circuit_operator.py took 0.056 seconds
[2022-08-19 23:04:36,291] {processor.py:153} INFO - Started process (PID=1518) to work on /home/airflow/.local/lib/python3.7/site-packages/airflow/example_dags/example_short_circuit_operator.py
[2022-08-19 23:04:36,292] {processor.py:641} INFO - Processing file /home/airflow/.local/lib/python3.7/site-packages/airflow/example_dags/example_short_circuit_operator.py for tasks to queue
[2022-08-19 23:04:36,293] {logging_mixin.py:115} INFO - [2022-08-19 23:04:36,293] {dagbag.py:508} INFO - Filling up the DagBag from /home/airflow/.local/lib/python3.7/site-packages/airflow/example_dags/example_short_circuit_operator.py
[2022-08-19 23:04:36,300] {processor.py:651} INFO - DAG(s) dict_keys(['example_short_circuit_operator']) retrieved from /home/airflow/.local/lib/python3.7/site-packages/airflow/example_dags/example_short_circuit_operator.py
[2022-08-19 23:04:36,321] {logging_mixin.py:115} INFO - [2022-08-19 23:04:36,321] {dag.py:2420} INFO - Sync 1 DAGs
[2022-08-19 23:04:36,336] {logging_mixin.py:115} INFO - [2022-08-19 23:04:36,336] {dag.py:2972} INFO - Setting next_dagrun for example_short_circuit_operator to 2022-08-18T23:04:36.336052+00:00, run_after=2022-08-19T23:04:36.336052+00:00
[2022-08-19 23:04:36,346] {processor.py:161} INFO - Processing /home/airflow/.local/lib/python3.7/site-packages/airflow/example_dags/example_short_circuit_operator.py took 0.058 seconds
[2022-08-19 23:05:06,963] {processor.py:153} INFO - Started process (PID=1577) to work on /home/airflow/.local/lib/python3.7/site-packages/airflow/example_dags/example_short_circuit_operator.py
[2022-08-19 23:05:06,964] {processor.py:641} INFO - Processing file /home/airflow/.local/lib/python3.7/site-packages/airflow/example_dags/example_short_circuit_operator.py for tasks to queue
[2022-08-19 23:05:06,965] {logging_mixin.py:115} INFO - [2022-08-19 23:05:06,965] {dagbag.py:508} INFO - Filling up the DagBag from /home/airflow/.local/lib/python3.7/site-packages/airflow/example_dags/example_short_circuit_operator.py
[2022-08-19 23:05:06,971] {processor.py:651} INFO - DAG(s) dict_keys(['example_short_circuit_operator']) retrieved from /home/airflow/.local/lib/python3.7/site-packages/airflow/example_dags/example_short_circuit_operator.py
[2022-08-19 23:05:06,989] {logging_mixin.py:115} INFO - [2022-08-19 23:05:06,989] {dag.py:2420} INFO - Sync 1 DAGs
[2022-08-19 23:05:07,003] {logging_mixin.py:115} INFO - [2022-08-19 23:05:07,003] {dag.py:2972} INFO - Setting next_dagrun for example_short_circuit_operator to 2022-08-18T23:05:07.003233+00:00, run_after=2022-08-19T23:05:07.003233+00:00
[2022-08-19 23:05:07,011] {processor.py:161} INFO - Processing /home/airflow/.local/lib/python3.7/site-packages/airflow/example_dags/example_short_circuit_operator.py took 0.050 seconds
[2022-08-19 23:05:37,516] {processor.py:153} INFO - Started process (PID=1647) to work on /home/airflow/.local/lib/python3.7/site-packages/airflow/example_dags/example_short_circuit_operator.py
[2022-08-19 23:05:37,517] {processor.py:641} INFO - Processing file /home/airflow/.local/lib/python3.7/site-packages/airflow/example_dags/example_short_circuit_operator.py for tasks to queue
[2022-08-19 23:05:37,518] {logging_mixin.py:115} INFO - [2022-08-19 23:05:37,518] {dagbag.py:508} INFO - Filling up the DagBag from /home/airflow/.local/lib/python3.7/site-packages/airflow/example_dags/example_short_circuit_operator.py
[2022-08-19 23:05:37,523] {processor.py:651} INFO - DAG(s) dict_keys(['example_short_circuit_operator']) retrieved from /home/airflow/.local/lib/python3.7/site-packages/airflow/example_dags/example_short_circuit_operator.py
[2022-08-19 23:05:37,540] {logging_mixin.py:115} INFO - [2022-08-19 23:05:37,540] {dag.py:2420} INFO - Sync 1 DAGs
[2022-08-19 23:05:37,553] {logging_mixin.py:115} INFO - [2022-08-19 23:05:37,553] {dag.py:2972} INFO - Setting next_dagrun for example_short_circuit_operator to 2022-08-18T23:05:37.553303+00:00, run_after=2022-08-19T23:05:37.553303+00:00
[2022-08-19 23:05:37,560] {processor.py:161} INFO - Processing /home/airflow/.local/lib/python3.7/site-packages/airflow/example_dags/example_short_circuit_operator.py took 0.046 seconds
[2022-08-19 23:06:08,643] {processor.py:153} INFO - Started process (PID=1738) to work on /home/airflow/.local/lib/python3.7/site-packages/airflow/example_dags/example_short_circuit_operator.py
[2022-08-19 23:06:08,645] {processor.py:641} INFO - Processing file /home/airflow/.local/lib/python3.7/site-packages/airflow/example_dags/example_short_circuit_operator.py for tasks to queue
[2022-08-19 23:06:08,647] {logging_mixin.py:115} INFO - [2022-08-19 23:06:08,647] {dagbag.py:508} INFO - Filling up the DagBag from /home/airflow/.local/lib/python3.7/site-packages/airflow/example_dags/example_short_circuit_operator.py
[2022-08-19 23:06:08,654] {processor.py:651} INFO - DAG(s) dict_keys(['example_short_circuit_operator']) retrieved from /home/airflow/.local/lib/python3.7/site-packages/airflow/example_dags/example_short_circuit_operator.py
[2022-08-19 23:06:08,679] {logging_mixin.py:115} INFO - [2022-08-19 23:06:08,679] {dag.py:2420} INFO - Sync 1 DAGs
[2022-08-19 23:06:08,693] {logging_mixin.py:115} INFO - [2022-08-19 23:06:08,693] {dag.py:2972} INFO - Setting next_dagrun for example_short_circuit_operator to 2022-08-18T23:06:08.692886+00:00, run_after=2022-08-19T23:06:08.692886+00:00
[2022-08-19 23:06:08,705] {processor.py:161} INFO - Processing /home/airflow/.local/lib/python3.7/site-packages/airflow/example_dags/example_short_circuit_operator.py took 0.065 seconds
[2022-08-19 23:06:39,147] {processor.py:153} INFO - Started process (PID=1863) to work on /home/airflow/.local/lib/python3.7/site-packages/airflow/example_dags/example_short_circuit_operator.py
[2022-08-19 23:06:39,149] {processor.py:641} INFO - Processing file /home/airflow/.local/lib/python3.7/site-packages/airflow/example_dags/example_short_circuit_operator.py for tasks to queue
[2022-08-19 23:06:39,151] {logging_mixin.py:115} INFO - [2022-08-19 23:06:39,150] {dagbag.py:508} INFO - Filling up the DagBag from /home/airflow/.local/lib/python3.7/site-packages/airflow/example_dags/example_short_circuit_operator.py
[2022-08-19 23:06:39,157] {processor.py:651} INFO - DAG(s) dict_keys(['example_short_circuit_operator']) retrieved from /home/airflow/.local/lib/python3.7/site-packages/airflow/example_dags/example_short_circuit_operator.py
[2022-08-19 23:06:39,183] {logging_mixin.py:115} INFO - [2022-08-19 23:06:39,183] {dag.py:2420} INFO - Sync 1 DAGs
[2022-08-19 23:06:39,200] {logging_mixin.py:115} INFO - [2022-08-19 23:06:39,200] {dag.py:2972} INFO - Setting next_dagrun for example_short_circuit_operator to 2022-08-18T23:06:39.199688+00:00, run_after=2022-08-19T23:06:39.199688+00:00
[2022-08-19 23:06:39,213] {processor.py:161} INFO - Processing /home/airflow/.local/lib/python3.7/site-packages/airflow/example_dags/example_short_circuit_operator.py took 0.068 seconds
[2022-08-19 23:07:10,261] {processor.py:153} INFO - Started process (PID=1998) to work on /home/airflow/.local/lib/python3.7/site-packages/airflow/example_dags/example_short_circuit_operator.py
[2022-08-19 23:07:10,264] {processor.py:641} INFO - Processing file /home/airflow/.local/lib/python3.7/site-packages/airflow/example_dags/example_short_circuit_operator.py for tasks to queue
[2022-08-19 23:07:10,265] {logging_mixin.py:115} INFO - [2022-08-19 23:07:10,264] {dagbag.py:508} INFO - Filling up the DagBag from /home/airflow/.local/lib/python3.7/site-packages/airflow/example_dags/example_short_circuit_operator.py
[2022-08-19 23:07:10,274] {processor.py:651} INFO - DAG(s) dict_keys(['example_short_circuit_operator']) retrieved from /home/airflow/.local/lib/python3.7/site-packages/airflow/example_dags/example_short_circuit_operator.py
[2022-08-19 23:07:10,331] {logging_mixin.py:115} INFO - [2022-08-19 23:07:10,331] {dag.py:2420} INFO - Sync 1 DAGs
[2022-08-19 23:07:10,359] {logging_mixin.py:115} INFO - [2022-08-19 23:07:10,359] {dag.py:2972} INFO - Setting next_dagrun for example_short_circuit_operator to 2022-08-18T23:07:10.359363+00:00, run_after=2022-08-19T23:07:10.359363+00:00
[2022-08-19 23:07:10,375] {processor.py:161} INFO - Processing /home/airflow/.local/lib/python3.7/site-packages/airflow/example_dags/example_short_circuit_operator.py took 0.117 seconds
[2022-08-19 23:07:40,598] {processor.py:153} INFO - Started process (PID=2125) to work on /home/airflow/.local/lib/python3.7/site-packages/airflow/example_dags/example_short_circuit_operator.py
[2022-08-19 23:07:40,602] {processor.py:641} INFO - Processing file /home/airflow/.local/lib/python3.7/site-packages/airflow/example_dags/example_short_circuit_operator.py for tasks to queue
[2022-08-19 23:07:40,604] {logging_mixin.py:115} INFO - [2022-08-19 23:07:40,604] {dagbag.py:508} INFO - Filling up the DagBag from /home/airflow/.local/lib/python3.7/site-packages/airflow/example_dags/example_short_circuit_operator.py
[2022-08-19 23:07:40,614] {processor.py:651} INFO - DAG(s) dict_keys(['example_short_circuit_operator']) retrieved from /home/airflow/.local/lib/python3.7/site-packages/airflow/example_dags/example_short_circuit_operator.py
[2022-08-19 23:07:40,656] {logging_mixin.py:115} INFO - [2022-08-19 23:07:40,656] {dag.py:2420} INFO - Sync 1 DAGs
[2022-08-19 23:07:40,692] {logging_mixin.py:115} INFO - [2022-08-19 23:07:40,692] {dag.py:2972} INFO - Setting next_dagrun for example_short_circuit_operator to 2022-08-18T23:07:40.692727+00:00, run_after=2022-08-19T23:07:40.692727+00:00
[2022-08-19 23:07:40,705] {processor.py:161} INFO - Processing /home/airflow/.local/lib/python3.7/site-packages/airflow/example_dags/example_short_circuit_operator.py took 0.109 seconds
[2022-08-19 23:08:11,458] {processor.py:153} INFO - Started process (PID=2240) to work on /home/airflow/.local/lib/python3.7/site-packages/airflow/example_dags/example_short_circuit_operator.py
[2022-08-19 23:08:11,460] {processor.py:641} INFO - Processing file /home/airflow/.local/lib/python3.7/site-packages/airflow/example_dags/example_short_circuit_operator.py for tasks to queue
[2022-08-19 23:08:11,461] {logging_mixin.py:115} INFO - [2022-08-19 23:08:11,461] {dagbag.py:508} INFO - Filling up the DagBag from /home/airflow/.local/lib/python3.7/site-packages/airflow/example_dags/example_short_circuit_operator.py
[2022-08-19 23:08:11,467] {processor.py:651} INFO - DAG(s) dict_keys(['example_short_circuit_operator']) retrieved from /home/airflow/.local/lib/python3.7/site-packages/airflow/example_dags/example_short_circuit_operator.py
[2022-08-19 23:08:11,486] {logging_mixin.py:115} INFO - [2022-08-19 23:08:11,486] {dag.py:2420} INFO - Sync 1 DAGs
[2022-08-19 23:08:11,499] {logging_mixin.py:115} INFO - [2022-08-19 23:08:11,499] {dag.py:2972} INFO - Setting next_dagrun for example_short_circuit_operator to 2022-08-18T23:08:11.499208+00:00, run_after=2022-08-19T23:08:11.499208+00:00
[2022-08-19 23:08:11,507] {processor.py:161} INFO - Processing /home/airflow/.local/lib/python3.7/site-packages/airflow/example_dags/example_short_circuit_operator.py took 0.051 seconds
[2022-08-19 23:08:41,764] {processor.py:153} INFO - Started process (PID=2358) to work on /home/airflow/.local/lib/python3.7/site-packages/airflow/example_dags/example_short_circuit_operator.py
[2022-08-19 23:08:41,766] {processor.py:641} INFO - Processing file /home/airflow/.local/lib/python3.7/site-packages/airflow/example_dags/example_short_circuit_operator.py for tasks to queue
[2022-08-19 23:08:41,767] {logging_mixin.py:115} INFO - [2022-08-19 23:08:41,767] {dagbag.py:508} INFO - Filling up the DagBag from /home/airflow/.local/lib/python3.7/site-packages/airflow/example_dags/example_short_circuit_operator.py
[2022-08-19 23:08:41,775] {processor.py:651} INFO - DAG(s) dict_keys(['example_short_circuit_operator']) retrieved from /home/airflow/.local/lib/python3.7/site-packages/airflow/example_dags/example_short_circuit_operator.py
[2022-08-19 23:08:41,793] {logging_mixin.py:115} INFO - [2022-08-19 23:08:41,793] {dag.py:2420} INFO - Sync 1 DAGs
[2022-08-19 23:08:41,806] {logging_mixin.py:115} INFO - [2022-08-19 23:08:41,806] {dag.py:2972} INFO - Setting next_dagrun for example_short_circuit_operator to 2022-08-18T23:08:41.806207+00:00, run_after=2022-08-19T23:08:41.806207+00:00
[2022-08-19 23:08:41,814] {processor.py:161} INFO - Processing /home/airflow/.local/lib/python3.7/site-packages/airflow/example_dags/example_short_circuit_operator.py took 0.051 seconds
[2022-08-19 23:09:12,732] {processor.py:153} INFO - Started process (PID=2502) to work on /home/airflow/.local/lib/python3.7/site-packages/airflow/example_dags/example_short_circuit_operator.py
[2022-08-19 23:09:12,735] {processor.py:641} INFO - Processing file /home/airflow/.local/lib/python3.7/site-packages/airflow/example_dags/example_short_circuit_operator.py for tasks to queue
[2022-08-19 23:09:12,736] {logging_mixin.py:115} INFO - [2022-08-19 23:09:12,736] {dagbag.py:508} INFO - Filling up the DagBag from /home/airflow/.local/lib/python3.7/site-packages/airflow/example_dags/example_short_circuit_operator.py
[2022-08-19 23:09:12,750] {processor.py:651} INFO - DAG(s) dict_keys(['example_short_circuit_operator']) retrieved from /home/airflow/.local/lib/python3.7/site-packages/airflow/example_dags/example_short_circuit_operator.py
[2022-08-19 23:09:12,788] {logging_mixin.py:115} INFO - [2022-08-19 23:09:12,788] {dag.py:2420} INFO - Sync 1 DAGs
[2022-08-19 23:09:12,814] {logging_mixin.py:115} INFO - [2022-08-19 23:09:12,814] {dag.py:2972} INFO - Setting next_dagrun for example_short_circuit_operator to 2022-08-18T23:09:12.814046+00:00, run_after=2022-08-19T23:09:12.814046+00:00
[2022-08-19 23:09:12,831] {processor.py:161} INFO - Processing /home/airflow/.local/lib/python3.7/site-packages/airflow/example_dags/example_short_circuit_operator.py took 0.102 seconds
[2022-08-19 23:09:43,100] {processor.py:153} INFO - Started process (PID=2618) to work on /home/airflow/.local/lib/python3.7/site-packages/airflow/example_dags/example_short_circuit_operator.py
[2022-08-19 23:09:43,103] {processor.py:641} INFO - Processing file /home/airflow/.local/lib/python3.7/site-packages/airflow/example_dags/example_short_circuit_operator.py for tasks to queue
[2022-08-19 23:09:43,105] {logging_mixin.py:115} INFO - [2022-08-19 23:09:43,104] {dagbag.py:508} INFO - Filling up the DagBag from /home/airflow/.local/lib/python3.7/site-packages/airflow/example_dags/example_short_circuit_operator.py
[2022-08-19 23:09:43,112] {processor.py:651} INFO - DAG(s) dict_keys(['example_short_circuit_operator']) retrieved from /home/airflow/.local/lib/python3.7/site-packages/airflow/example_dags/example_short_circuit_operator.py
[2022-08-19 23:09:43,156] {logging_mixin.py:115} INFO - [2022-08-19 23:09:43,156] {dag.py:2420} INFO - Sync 1 DAGs
[2022-08-19 23:09:43,178] {logging_mixin.py:115} INFO - [2022-08-19 23:09:43,177] {dag.py:2972} INFO - Setting next_dagrun for example_short_circuit_operator to 2022-08-18T23:09:43.177621+00:00, run_after=2022-08-19T23:09:43.177621+00:00
[2022-08-19 23:09:43,189] {processor.py:161} INFO - Processing /home/airflow/.local/lib/python3.7/site-packages/airflow/example_dags/example_short_circuit_operator.py took 0.092 seconds
[2022-08-19 23:10:13,422] {processor.py:153} INFO - Started process (PID=2758) to work on /home/airflow/.local/lib/python3.7/site-packages/airflow/example_dags/example_short_circuit_operator.py
[2022-08-19 23:10:13,424] {processor.py:641} INFO - Processing file /home/airflow/.local/lib/python3.7/site-packages/airflow/example_dags/example_short_circuit_operator.py for tasks to queue
[2022-08-19 23:10:13,430] {logging_mixin.py:115} INFO - [2022-08-19 23:10:13,430] {dagbag.py:508} INFO - Filling up the DagBag from /home/airflow/.local/lib/python3.7/site-packages/airflow/example_dags/example_short_circuit_operator.py
[2022-08-19 23:10:13,445] {processor.py:651} INFO - DAG(s) dict_keys(['example_short_circuit_operator']) retrieved from /home/airflow/.local/lib/python3.7/site-packages/airflow/example_dags/example_short_circuit_operator.py
[2022-08-19 23:10:13,487] {logging_mixin.py:115} INFO - [2022-08-19 23:10:13,486] {dag.py:2420} INFO - Sync 1 DAGs
[2022-08-19 23:10:13,525] {logging_mixin.py:115} INFO - [2022-08-19 23:10:13,525] {dag.py:2972} INFO - Setting next_dagrun for example_short_circuit_operator to 2022-08-18T23:10:13.524082+00:00, run_after=2022-08-19T23:10:13.524082+00:00
[2022-08-19 23:10:13,551] {processor.py:161} INFO - Processing /home/airflow/.local/lib/python3.7/site-packages/airflow/example_dags/example_short_circuit_operator.py took 0.132 seconds
[2022-08-19 23:10:43,923] {processor.py:153} INFO - Started process (PID=2886) to work on /home/airflow/.local/lib/python3.7/site-packages/airflow/example_dags/example_short_circuit_operator.py
[2022-08-19 23:10:43,925] {processor.py:641} INFO - Processing file /home/airflow/.local/lib/python3.7/site-packages/airflow/example_dags/example_short_circuit_operator.py for tasks to queue
[2022-08-19 23:10:43,925] {logging_mixin.py:115} INFO - [2022-08-19 23:10:43,925] {dagbag.py:508} INFO - Filling up the DagBag from /home/airflow/.local/lib/python3.7/site-packages/airflow/example_dags/example_short_circuit_operator.py
[2022-08-19 23:10:43,932] {processor.py:651} INFO - DAG(s) dict_keys(['example_short_circuit_operator']) retrieved from /home/airflow/.local/lib/python3.7/site-packages/airflow/example_dags/example_short_circuit_operator.py
[2022-08-19 23:10:43,962] {logging_mixin.py:115} INFO - [2022-08-19 23:10:43,962] {dag.py:2420} INFO - Sync 1 DAGs
[2022-08-19 23:10:43,987] {logging_mixin.py:115} INFO - [2022-08-19 23:10:43,987] {dag.py:2972} INFO - Setting next_dagrun for example_short_circuit_operator to 2022-08-18T23:10:43.987760+00:00, run_after=2022-08-19T23:10:43.987760+00:00
[2022-08-19 23:10:44,001] {processor.py:161} INFO - Processing /home/airflow/.local/lib/python3.7/site-packages/airflow/example_dags/example_short_circuit_operator.py took 0.081 seconds
[2022-08-19 23:11:14,616] {processor.py:153} INFO - Started process (PID=2997) to work on /home/airflow/.local/lib/python3.7/site-packages/airflow/example_dags/example_short_circuit_operator.py
[2022-08-19 23:11:14,617] {processor.py:641} INFO - Processing file /home/airflow/.local/lib/python3.7/site-packages/airflow/example_dags/example_short_circuit_operator.py for tasks to queue
[2022-08-19 23:11:14,618] {logging_mixin.py:115} INFO - [2022-08-19 23:11:14,618] {dagbag.py:508} INFO - Filling up the DagBag from /home/airflow/.local/lib/python3.7/site-packages/airflow/example_dags/example_short_circuit_operator.py
[2022-08-19 23:11:14,624] {processor.py:651} INFO - DAG(s) dict_keys(['example_short_circuit_operator']) retrieved from /home/airflow/.local/lib/python3.7/site-packages/airflow/example_dags/example_short_circuit_operator.py
[2022-08-19 23:11:14,643] {logging_mixin.py:115} INFO - [2022-08-19 23:11:14,643] {dag.py:2420} INFO - Sync 1 DAGs
[2022-08-19 23:11:14,657] {logging_mixin.py:115} INFO - [2022-08-19 23:11:14,657] {dag.py:2972} INFO - Setting next_dagrun for example_short_circuit_operator to 2022-08-18T23:11:14.657702+00:00, run_after=2022-08-19T23:11:14.657702+00:00
[2022-08-19 23:11:14,664] {processor.py:161} INFO - Processing /home/airflow/.local/lib/python3.7/site-packages/airflow/example_dags/example_short_circuit_operator.py took 0.050 seconds
[2022-08-19 23:11:45,152] {processor.py:153} INFO - Started process (PID=3121) to work on /home/airflow/.local/lib/python3.7/site-packages/airflow/example_dags/example_short_circuit_operator.py
[2022-08-19 23:11:45,153] {processor.py:641} INFO - Processing file /home/airflow/.local/lib/python3.7/site-packages/airflow/example_dags/example_short_circuit_operator.py for tasks to queue
[2022-08-19 23:11:45,156] {logging_mixin.py:115} INFO - [2022-08-19 23:11:45,156] {dagbag.py:508} INFO - Filling up the DagBag from /home/airflow/.local/lib/python3.7/site-packages/airflow/example_dags/example_short_circuit_operator.py
[2022-08-19 23:11:45,167] {processor.py:651} INFO - DAG(s) dict_keys(['example_short_circuit_operator']) retrieved from /home/airflow/.local/lib/python3.7/site-packages/airflow/example_dags/example_short_circuit_operator.py
[2022-08-19 23:11:45,213] {logging_mixin.py:115} INFO - [2022-08-19 23:11:45,212] {dag.py:2420} INFO - Sync 1 DAGs
[2022-08-19 23:11:45,232] {logging_mixin.py:115} INFO - [2022-08-19 23:11:45,232] {dag.py:2972} INFO - Setting next_dagrun for example_short_circuit_operator to 2022-08-18T23:11:45.232281+00:00, run_after=2022-08-19T23:11:45.232281+00:00
[2022-08-19 23:11:45,243] {processor.py:161} INFO - Processing /home/airflow/.local/lib/python3.7/site-packages/airflow/example_dags/example_short_circuit_operator.py took 0.094 seconds
[2022-08-19 23:12:16,259] {processor.py:153} INFO - Started process (PID=3243) to work on /home/airflow/.local/lib/python3.7/site-packages/airflow/example_dags/example_short_circuit_operator.py
[2022-08-19 23:12:16,260] {processor.py:641} INFO - Processing file /home/airflow/.local/lib/python3.7/site-packages/airflow/example_dags/example_short_circuit_operator.py for tasks to queue
[2022-08-19 23:12:16,261] {logging_mixin.py:115} INFO - [2022-08-19 23:12:16,261] {dagbag.py:508} INFO - Filling up the DagBag from /home/airflow/.local/lib/python3.7/site-packages/airflow/example_dags/example_short_circuit_operator.py
[2022-08-19 23:12:16,269] {processor.py:651} INFO - DAG(s) dict_keys(['example_short_circuit_operator']) retrieved from /home/airflow/.local/lib/python3.7/site-packages/airflow/example_dags/example_short_circuit_operator.py
[2022-08-19 23:12:16,288] {logging_mixin.py:115} INFO - [2022-08-19 23:12:16,288] {dag.py:2420} INFO - Sync 1 DAGs
[2022-08-19 23:12:16,301] {logging_mixin.py:115} INFO - [2022-08-19 23:12:16,301] {dag.py:2972} INFO - Setting next_dagrun for example_short_circuit_operator to 2022-08-18T23:12:16.301076+00:00, run_after=2022-08-19T23:12:16.301076+00:00
[2022-08-19 23:12:16,308] {processor.py:161} INFO - Processing /home/airflow/.local/lib/python3.7/site-packages/airflow/example_dags/example_short_circuit_operator.py took 0.053 seconds
[2022-08-19 23:12:46,908] {processor.py:153} INFO - Started process (PID=3381) to work on /home/airflow/.local/lib/python3.7/site-packages/airflow/example_dags/example_short_circuit_operator.py
[2022-08-19 23:12:46,928] {processor.py:641} INFO - Processing file /home/airflow/.local/lib/python3.7/site-packages/airflow/example_dags/example_short_circuit_operator.py for tasks to queue
[2022-08-19 23:12:46,932] {logging_mixin.py:115} INFO - [2022-08-19 23:12:46,931] {dagbag.py:508} INFO - Filling up the DagBag from /home/airflow/.local/lib/python3.7/site-packages/airflow/example_dags/example_short_circuit_operator.py
[2022-08-19 23:12:46,943] {processor.py:651} INFO - DAG(s) dict_keys(['example_short_circuit_operator']) retrieved from /home/airflow/.local/lib/python3.7/site-packages/airflow/example_dags/example_short_circuit_operator.py
[2022-08-19 23:12:46,976] {logging_mixin.py:115} INFO - [2022-08-19 23:12:46,976] {dag.py:2420} INFO - Sync 1 DAGs
[2022-08-19 23:12:47,012] {logging_mixin.py:115} INFO - [2022-08-19 23:12:47,012] {dag.py:2972} INFO - Setting next_dagrun for example_short_circuit_operator to 2022-08-18T23:12:47.011976+00:00, run_after=2022-08-19T23:12:47.011976+00:00
[2022-08-19 23:12:47,025] {processor.py:161} INFO - Processing /home/airflow/.local/lib/python3.7/site-packages/airflow/example_dags/example_short_circuit_operator.py took 0.121 seconds
[2022-08-19 23:13:17,068] {processor.py:153} INFO - Started process (PID=3503) to work on /home/airflow/.local/lib/python3.7/site-packages/airflow/example_dags/example_short_circuit_operator.py
[2022-08-19 23:13:17,070] {processor.py:641} INFO - Processing file /home/airflow/.local/lib/python3.7/site-packages/airflow/example_dags/example_short_circuit_operator.py for tasks to queue
[2022-08-19 23:13:17,071] {logging_mixin.py:115} INFO - [2022-08-19 23:13:17,071] {dagbag.py:508} INFO - Filling up the DagBag from /home/airflow/.local/lib/python3.7/site-packages/airflow/example_dags/example_short_circuit_operator.py
[2022-08-19 23:13:17,079] {processor.py:651} INFO - DAG(s) dict_keys(['example_short_circuit_operator']) retrieved from /home/airflow/.local/lib/python3.7/site-packages/airflow/example_dags/example_short_circuit_operator.py
[2022-08-19 23:13:17,097] {logging_mixin.py:115} INFO - [2022-08-19 23:13:17,097] {dag.py:2420} INFO - Sync 1 DAGs
[2022-08-19 23:13:17,112] {logging_mixin.py:115} INFO - [2022-08-19 23:13:17,112] {dag.py:2972} INFO - Setting next_dagrun for example_short_circuit_operator to 2022-08-18T23:13:17.111947+00:00, run_after=2022-08-19T23:13:17.111947+00:00
[2022-08-19 23:13:17,122] {processor.py:161} INFO - Processing /home/airflow/.local/lib/python3.7/site-packages/airflow/example_dags/example_short_circuit_operator.py took 0.056 seconds
[2022-08-19 23:13:47,381] {processor.py:153} INFO - Started process (PID=3613) to work on /home/airflow/.local/lib/python3.7/site-packages/airflow/example_dags/example_short_circuit_operator.py
[2022-08-19 23:13:47,382] {processor.py:641} INFO - Processing file /home/airflow/.local/lib/python3.7/site-packages/airflow/example_dags/example_short_circuit_operator.py for tasks to queue
[2022-08-19 23:13:47,384] {logging_mixin.py:115} INFO - [2022-08-19 23:13:47,384] {dagbag.py:508} INFO - Filling up the DagBag from /home/airflow/.local/lib/python3.7/site-packages/airflow/example_dags/example_short_circuit_operator.py
[2022-08-19 23:13:47,392] {processor.py:651} INFO - DAG(s) dict_keys(['example_short_circuit_operator']) retrieved from /home/airflow/.local/lib/python3.7/site-packages/airflow/example_dags/example_short_circuit_operator.py
[2022-08-19 23:13:47,421] {logging_mixin.py:115} INFO - [2022-08-19 23:13:47,421] {dag.py:2420} INFO - Sync 1 DAGs
[2022-08-19 23:13:47,443] {logging_mixin.py:115} INFO - [2022-08-19 23:13:47,443] {dag.py:2972} INFO - Setting next_dagrun for example_short_circuit_operator to 2022-08-18T23:13:47.443285+00:00, run_after=2022-08-19T23:13:47.443285+00:00
[2022-08-19 23:13:47,456] {processor.py:161} INFO - Processing /home/airflow/.local/lib/python3.7/site-packages/airflow/example_dags/example_short_circuit_operator.py took 0.078 seconds
[2022-08-19 23:14:17,960] {processor.py:153} INFO - Started process (PID=3754) to work on /home/airflow/.local/lib/python3.7/site-packages/airflow/example_dags/example_short_circuit_operator.py
[2022-08-19 23:14:17,961] {processor.py:641} INFO - Processing file /home/airflow/.local/lib/python3.7/site-packages/airflow/example_dags/example_short_circuit_operator.py for tasks to queue
[2022-08-19 23:14:17,962] {logging_mixin.py:115} INFO - [2022-08-19 23:14:17,962] {dagbag.py:508} INFO - Filling up the DagBag from /home/airflow/.local/lib/python3.7/site-packages/airflow/example_dags/example_short_circuit_operator.py
[2022-08-19 23:14:17,972] {processor.py:651} INFO - DAG(s) dict_keys(['example_short_circuit_operator']) retrieved from /home/airflow/.local/lib/python3.7/site-packages/airflow/example_dags/example_short_circuit_operator.py
[2022-08-19 23:14:17,990] {logging_mixin.py:115} INFO - [2022-08-19 23:14:17,990] {dag.py:2420} INFO - Sync 1 DAGs
[2022-08-19 23:14:18,006] {logging_mixin.py:115} INFO - [2022-08-19 23:14:18,006] {dag.py:2972} INFO - Setting next_dagrun for example_short_circuit_operator to 2022-08-18T23:14:18.005893+00:00, run_after=2022-08-19T23:14:18.005893+00:00
[2022-08-19 23:14:18,016] {processor.py:161} INFO - Processing /home/airflow/.local/lib/python3.7/site-packages/airflow/example_dags/example_short_circuit_operator.py took 0.060 seconds
[2022-08-19 23:14:48,692] {processor.py:153} INFO - Started process (PID=3903) to work on /home/airflow/.local/lib/python3.7/site-packages/airflow/example_dags/example_short_circuit_operator.py
[2022-08-19 23:14:48,693] {processor.py:641} INFO - Processing file /home/airflow/.local/lib/python3.7/site-packages/airflow/example_dags/example_short_circuit_operator.py for tasks to queue
[2022-08-19 23:14:48,694] {logging_mixin.py:115} INFO - [2022-08-19 23:14:48,694] {dagbag.py:508} INFO - Filling up the DagBag from /home/airflow/.local/lib/python3.7/site-packages/airflow/example_dags/example_short_circuit_operator.py
[2022-08-19 23:14:48,701] {processor.py:651} INFO - DAG(s) dict_keys(['example_short_circuit_operator']) retrieved from /home/airflow/.local/lib/python3.7/site-packages/airflow/example_dags/example_short_circuit_operator.py
[2022-08-19 23:14:48,719] {logging_mixin.py:115} INFO - [2022-08-19 23:14:48,719] {dag.py:2420} INFO - Sync 1 DAGs
[2022-08-19 23:14:48,734] {logging_mixin.py:115} INFO - [2022-08-19 23:14:48,734] {dag.py:2972} INFO - Setting next_dagrun for example_short_circuit_operator to 2022-08-18T23:14:48.734368+00:00, run_after=2022-08-19T23:14:48.734368+00:00
[2022-08-19 23:14:48,743] {processor.py:161} INFO - Processing /home/airflow/.local/lib/python3.7/site-packages/airflow/example_dags/example_short_circuit_operator.py took 0.054 seconds
[2022-08-19 23:15:19,323] {processor.py:153} INFO - Started process (PID=4029) to work on /home/airflow/.local/lib/python3.7/site-packages/airflow/example_dags/example_short_circuit_operator.py
[2022-08-19 23:15:19,324] {processor.py:641} INFO - Processing file /home/airflow/.local/lib/python3.7/site-packages/airflow/example_dags/example_short_circuit_operator.py for tasks to queue
[2022-08-19 23:15:19,325] {logging_mixin.py:115} INFO - [2022-08-19 23:15:19,325] {dagbag.py:508} INFO - Filling up the DagBag from /home/airflow/.local/lib/python3.7/site-packages/airflow/example_dags/example_short_circuit_operator.py
[2022-08-19 23:15:19,332] {processor.py:651} INFO - DAG(s) dict_keys(['example_short_circuit_operator']) retrieved from /home/airflow/.local/lib/python3.7/site-packages/airflow/example_dags/example_short_circuit_operator.py
[2022-08-19 23:15:19,349] {logging_mixin.py:115} INFO - [2022-08-19 23:15:19,348] {dag.py:2420} INFO - Sync 1 DAGs
[2022-08-19 23:15:19,362] {logging_mixin.py:115} INFO - [2022-08-19 23:15:19,362] {dag.py:2972} INFO - Setting next_dagrun for example_short_circuit_operator to 2022-08-18T23:15:19.361889+00:00, run_after=2022-08-19T23:15:19.361889+00:00
[2022-08-19 23:15:19,370] {processor.py:161} INFO - Processing /home/airflow/.local/lib/python3.7/site-packages/airflow/example_dags/example_short_circuit_operator.py took 0.050 seconds
[2022-08-19 23:15:50,034] {processor.py:153} INFO - Started process (PID=4150) to work on /home/airflow/.local/lib/python3.7/site-packages/airflow/example_dags/example_short_circuit_operator.py
[2022-08-19 23:15:50,035] {processor.py:641} INFO - Processing file /home/airflow/.local/lib/python3.7/site-packages/airflow/example_dags/example_short_circuit_operator.py for tasks to queue
[2022-08-19 23:15:50,036] {logging_mixin.py:115} INFO - [2022-08-19 23:15:50,035] {dagbag.py:508} INFO - Filling up the DagBag from /home/airflow/.local/lib/python3.7/site-packages/airflow/example_dags/example_short_circuit_operator.py
[2022-08-19 23:15:50,044] {processor.py:651} INFO - DAG(s) dict_keys(['example_short_circuit_operator']) retrieved from /home/airflow/.local/lib/python3.7/site-packages/airflow/example_dags/example_short_circuit_operator.py
[2022-08-19 23:15:50,063] {logging_mixin.py:115} INFO - [2022-08-19 23:15:50,063] {dag.py:2420} INFO - Sync 1 DAGs
[2022-08-19 23:15:50,076] {logging_mixin.py:115} INFO - [2022-08-19 23:15:50,076] {dag.py:2972} INFO - Setting next_dagrun for example_short_circuit_operator to 2022-08-18T23:15:50.076438+00:00, run_after=2022-08-19T23:15:50.076438+00:00
[2022-08-19 23:15:50,084] {processor.py:161} INFO - Processing /home/airflow/.local/lib/python3.7/site-packages/airflow/example_dags/example_short_circuit_operator.py took 0.053 seconds
[2022-08-19 23:16:20,317] {processor.py:153} INFO - Started process (PID=4298) to work on /home/airflow/.local/lib/python3.7/site-packages/airflow/example_dags/example_short_circuit_operator.py
[2022-08-19 23:16:20,318] {processor.py:641} INFO - Processing file /home/airflow/.local/lib/python3.7/site-packages/airflow/example_dags/example_short_circuit_operator.py for tasks to queue
[2022-08-19 23:16:20,320] {logging_mixin.py:115} INFO - [2022-08-19 23:16:20,319] {dagbag.py:508} INFO - Filling up the DagBag from /home/airflow/.local/lib/python3.7/site-packages/airflow/example_dags/example_short_circuit_operator.py
[2022-08-19 23:16:20,328] {processor.py:651} INFO - DAG(s) dict_keys(['example_short_circuit_operator']) retrieved from /home/airflow/.local/lib/python3.7/site-packages/airflow/example_dags/example_short_circuit_operator.py
[2022-08-19 23:16:20,352] {logging_mixin.py:115} INFO - [2022-08-19 23:16:20,352] {dag.py:2420} INFO - Sync 1 DAGs
[2022-08-19 23:16:20,370] {logging_mixin.py:115} INFO - [2022-08-19 23:16:20,370] {dag.py:2972} INFO - Setting next_dagrun for example_short_circuit_operator to 2022-08-18T23:16:20.370147+00:00, run_after=2022-08-19T23:16:20.370147+00:00
[2022-08-19 23:16:20,380] {processor.py:161} INFO - Processing /home/airflow/.local/lib/python3.7/site-packages/airflow/example_dags/example_short_circuit_operator.py took 0.066 seconds
[2022-08-19 23:16:51,267] {processor.py:153} INFO - Started process (PID=4430) to work on /home/airflow/.local/lib/python3.7/site-packages/airflow/example_dags/example_short_circuit_operator.py
[2022-08-19 23:16:51,268] {processor.py:641} INFO - Processing file /home/airflow/.local/lib/python3.7/site-packages/airflow/example_dags/example_short_circuit_operator.py for tasks to queue
[2022-08-19 23:16:51,270] {logging_mixin.py:115} INFO - [2022-08-19 23:16:51,270] {dagbag.py:508} INFO - Filling up the DagBag from /home/airflow/.local/lib/python3.7/site-packages/airflow/example_dags/example_short_circuit_operator.py
[2022-08-19 23:16:51,278] {processor.py:651} INFO - DAG(s) dict_keys(['example_short_circuit_operator']) retrieved from /home/airflow/.local/lib/python3.7/site-packages/airflow/example_dags/example_short_circuit_operator.py
[2022-08-19 23:16:51,312] {logging_mixin.py:115} INFO - [2022-08-19 23:16:51,312] {dag.py:2420} INFO - Sync 1 DAGs
[2022-08-19 23:16:51,352] {logging_mixin.py:115} INFO - [2022-08-19 23:16:51,352] {dag.py:2972} INFO - Setting next_dagrun for example_short_circuit_operator to 2022-08-18T23:16:51.352352+00:00, run_after=2022-08-19T23:16:51.352352+00:00
[2022-08-19 23:16:51,372] {processor.py:161} INFO - Processing /home/airflow/.local/lib/python3.7/site-packages/airflow/example_dags/example_short_circuit_operator.py took 0.107 seconds
[2022-08-19 23:17:21,723] {processor.py:153} INFO - Started process (PID=4569) to work on /home/airflow/.local/lib/python3.7/site-packages/airflow/example_dags/example_short_circuit_operator.py
[2022-08-19 23:17:21,725] {processor.py:641} INFO - Processing file /home/airflow/.local/lib/python3.7/site-packages/airflow/example_dags/example_short_circuit_operator.py for tasks to queue
[2022-08-19 23:17:21,726] {logging_mixin.py:115} INFO - [2022-08-19 23:17:21,726] {dagbag.py:508} INFO - Filling up the DagBag from /home/airflow/.local/lib/python3.7/site-packages/airflow/example_dags/example_short_circuit_operator.py
[2022-08-19 23:17:21,734] {processor.py:651} INFO - DAG(s) dict_keys(['example_short_circuit_operator']) retrieved from /home/airflow/.local/lib/python3.7/site-packages/airflow/example_dags/example_short_circuit_operator.py
[2022-08-19 23:17:21,763] {logging_mixin.py:115} INFO - [2022-08-19 23:17:21,762] {dag.py:2420} INFO - Sync 1 DAGs
[2022-08-19 23:17:21,781] {logging_mixin.py:115} INFO - [2022-08-19 23:17:21,781] {dag.py:2972} INFO - Setting next_dagrun for example_short_circuit_operator to 2022-08-18T23:17:21.781254+00:00, run_after=2022-08-19T23:17:21.781254+00:00
[2022-08-19 23:17:21,792] {processor.py:161} INFO - Processing /home/airflow/.local/lib/python3.7/site-packages/airflow/example_dags/example_short_circuit_operator.py took 0.073 seconds
[2022-08-19 23:17:52,166] {processor.py:153} INFO - Started process (PID=4678) to work on /home/airflow/.local/lib/python3.7/site-packages/airflow/example_dags/example_short_circuit_operator.py
[2022-08-19 23:17:52,168] {processor.py:641} INFO - Processing file /home/airflow/.local/lib/python3.7/site-packages/airflow/example_dags/example_short_circuit_operator.py for tasks to queue
[2022-08-19 23:17:52,170] {logging_mixin.py:115} INFO - [2022-08-19 23:17:52,170] {dagbag.py:508} INFO - Filling up the DagBag from /home/airflow/.local/lib/python3.7/site-packages/airflow/example_dags/example_short_circuit_operator.py
[2022-08-19 23:17:52,178] {processor.py:651} INFO - DAG(s) dict_keys(['example_short_circuit_operator']) retrieved from /home/airflow/.local/lib/python3.7/site-packages/airflow/example_dags/example_short_circuit_operator.py
[2022-08-19 23:17:52,221] {logging_mixin.py:115} INFO - [2022-08-19 23:17:52,221] {dag.py:2420} INFO - Sync 1 DAGs
[2022-08-19 23:17:52,248] {logging_mixin.py:115} INFO - [2022-08-19 23:17:52,248] {dag.py:2972} INFO - Setting next_dagrun for example_short_circuit_operator to 2022-08-18T23:17:52.248755+00:00, run_after=2022-08-19T23:17:52.248755+00:00
[2022-08-19 23:17:52,260] {processor.py:161} INFO - Processing /home/airflow/.local/lib/python3.7/site-packages/airflow/example_dags/example_short_circuit_operator.py took 0.096 seconds
[2022-08-19 23:18:22,687] {processor.py:153} INFO - Started process (PID=4827) to work on /home/airflow/.local/lib/python3.7/site-packages/airflow/example_dags/example_short_circuit_operator.py
[2022-08-19 23:18:22,688] {processor.py:641} INFO - Processing file /home/airflow/.local/lib/python3.7/site-packages/airflow/example_dags/example_short_circuit_operator.py for tasks to queue
[2022-08-19 23:18:22,689] {logging_mixin.py:115} INFO - [2022-08-19 23:18:22,689] {dagbag.py:508} INFO - Filling up the DagBag from /home/airflow/.local/lib/python3.7/site-packages/airflow/example_dags/example_short_circuit_operator.py
[2022-08-19 23:18:22,698] {processor.py:651} INFO - DAG(s) dict_keys(['example_short_circuit_operator']) retrieved from /home/airflow/.local/lib/python3.7/site-packages/airflow/example_dags/example_short_circuit_operator.py
[2022-08-19 23:18:22,716] {logging_mixin.py:115} INFO - [2022-08-19 23:18:22,716] {dag.py:2420} INFO - Sync 1 DAGs
[2022-08-19 23:18:22,731] {logging_mixin.py:115} INFO - [2022-08-19 23:18:22,731] {dag.py:2972} INFO - Setting next_dagrun for example_short_circuit_operator to 2022-08-18T23:18:22.731702+00:00, run_after=2022-08-19T23:18:22.731702+00:00
[2022-08-19 23:18:22,740] {processor.py:161} INFO - Processing /home/airflow/.local/lib/python3.7/site-packages/airflow/example_dags/example_short_circuit_operator.py took 0.057 seconds
[2022-08-19 23:18:53,531] {processor.py:153} INFO - Started process (PID=4956) to work on /home/airflow/.local/lib/python3.7/site-packages/airflow/example_dags/example_short_circuit_operator.py
[2022-08-19 23:18:53,532] {processor.py:641} INFO - Processing file /home/airflow/.local/lib/python3.7/site-packages/airflow/example_dags/example_short_circuit_operator.py for tasks to queue
[2022-08-19 23:18:53,534] {logging_mixin.py:115} INFO - [2022-08-19 23:18:53,534] {dagbag.py:508} INFO - Filling up the DagBag from /home/airflow/.local/lib/python3.7/site-packages/airflow/example_dags/example_short_circuit_operator.py
[2022-08-19 23:18:53,542] {processor.py:651} INFO - DAG(s) dict_keys(['example_short_circuit_operator']) retrieved from /home/airflow/.local/lib/python3.7/site-packages/airflow/example_dags/example_short_circuit_operator.py
[2022-08-19 23:18:53,560] {logging_mixin.py:115} INFO - [2022-08-19 23:18:53,560] {dag.py:2420} INFO - Sync 1 DAGs
[2022-08-19 23:18:53,574] {logging_mixin.py:115} INFO - [2022-08-19 23:18:53,574] {dag.py:2972} INFO - Setting next_dagrun for example_short_circuit_operator to 2022-08-18T23:18:53.574398+00:00, run_after=2022-08-19T23:18:53.574398+00:00
[2022-08-19 23:18:53,586] {processor.py:161} INFO - Processing /home/airflow/.local/lib/python3.7/site-packages/airflow/example_dags/example_short_circuit_operator.py took 0.057 seconds
[2022-08-19 23:19:23,918] {processor.py:153} INFO - Started process (PID=5098) to work on /home/airflow/.local/lib/python3.7/site-packages/airflow/example_dags/example_short_circuit_operator.py
[2022-08-19 23:19:23,919] {processor.py:641} INFO - Processing file /home/airflow/.local/lib/python3.7/site-packages/airflow/example_dags/example_short_circuit_operator.py for tasks to queue
[2022-08-19 23:19:23,920] {logging_mixin.py:115} INFO - [2022-08-19 23:19:23,920] {dagbag.py:508} INFO - Filling up the DagBag from /home/airflow/.local/lib/python3.7/site-packages/airflow/example_dags/example_short_circuit_operator.py
[2022-08-19 23:19:23,933] {processor.py:651} INFO - DAG(s) dict_keys(['example_short_circuit_operator']) retrieved from /home/airflow/.local/lib/python3.7/site-packages/airflow/example_dags/example_short_circuit_operator.py
[2022-08-19 23:19:23,968] {logging_mixin.py:115} INFO - [2022-08-19 23:19:23,968] {dag.py:2420} INFO - Sync 1 DAGs
[2022-08-19 23:19:23,997] {logging_mixin.py:115} INFO - [2022-08-19 23:19:23,997] {dag.py:2972} INFO - Setting next_dagrun for example_short_circuit_operator to 2022-08-18T23:19:23.997015+00:00, run_after=2022-08-19T23:19:23.997015+00:00
[2022-08-19 23:19:24,018] {processor.py:161} INFO - Processing /home/airflow/.local/lib/python3.7/site-packages/airflow/example_dags/example_short_circuit_operator.py took 0.105 seconds
[2022-08-19 23:19:54,252] {processor.py:153} INFO - Started process (PID=5229) to work on /home/airflow/.local/lib/python3.7/site-packages/airflow/example_dags/example_short_circuit_operator.py
[2022-08-19 23:19:54,256] {processor.py:641} INFO - Processing file /home/airflow/.local/lib/python3.7/site-packages/airflow/example_dags/example_short_circuit_operator.py for tasks to queue
[2022-08-19 23:19:54,257] {logging_mixin.py:115} INFO - [2022-08-19 23:19:54,257] {dagbag.py:508} INFO - Filling up the DagBag from /home/airflow/.local/lib/python3.7/site-packages/airflow/example_dags/example_short_circuit_operator.py
[2022-08-19 23:19:54,267] {processor.py:651} INFO - DAG(s) dict_keys(['example_short_circuit_operator']) retrieved from /home/airflow/.local/lib/python3.7/site-packages/airflow/example_dags/example_short_circuit_operator.py
[2022-08-19 23:19:54,298] {logging_mixin.py:115} INFO - [2022-08-19 23:19:54,298] {dag.py:2420} INFO - Sync 1 DAGs
[2022-08-19 23:19:54,326] {logging_mixin.py:115} INFO - [2022-08-19 23:19:54,326] {dag.py:2972} INFO - Setting next_dagrun for example_short_circuit_operator to 2022-08-18T23:19:54.326089+00:00, run_after=2022-08-19T23:19:54.326089+00:00
[2022-08-19 23:19:54,348] {processor.py:161} INFO - Processing /home/airflow/.local/lib/python3.7/site-packages/airflow/example_dags/example_short_circuit_operator.py took 0.099 seconds
[2022-08-19 23:20:25,056] {processor.py:153} INFO - Started process (PID=5355) to work on /home/airflow/.local/lib/python3.7/site-packages/airflow/example_dags/example_short_circuit_operator.py
[2022-08-19 23:20:25,059] {processor.py:641} INFO - Processing file /home/airflow/.local/lib/python3.7/site-packages/airflow/example_dags/example_short_circuit_operator.py for tasks to queue
[2022-08-19 23:20:25,061] {logging_mixin.py:115} INFO - [2022-08-19 23:20:25,061] {dagbag.py:508} INFO - Filling up the DagBag from /home/airflow/.local/lib/python3.7/site-packages/airflow/example_dags/example_short_circuit_operator.py
[2022-08-19 23:20:25,069] {processor.py:651} INFO - DAG(s) dict_keys(['example_short_circuit_operator']) retrieved from /home/airflow/.local/lib/python3.7/site-packages/airflow/example_dags/example_short_circuit_operator.py
[2022-08-19 23:20:25,101] {logging_mixin.py:115} INFO - [2022-08-19 23:20:25,101] {dag.py:2420} INFO - Sync 1 DAGs
[2022-08-19 23:20:25,123] {logging_mixin.py:115} INFO - [2022-08-19 23:20:25,123] {dag.py:2972} INFO - Setting next_dagrun for example_short_circuit_operator to 2022-08-18T23:20:25.122996+00:00, run_after=2022-08-19T23:20:25.122996+00:00
[2022-08-19 23:20:25,140] {processor.py:161} INFO - Processing /home/airflow/.local/lib/python3.7/site-packages/airflow/example_dags/example_short_circuit_operator.py took 0.087 seconds
[2022-08-19 23:20:55,691] {processor.py:153} INFO - Started process (PID=5473) to work on /home/airflow/.local/lib/python3.7/site-packages/airflow/example_dags/example_short_circuit_operator.py
[2022-08-19 23:20:55,692] {processor.py:641} INFO - Processing file /home/airflow/.local/lib/python3.7/site-packages/airflow/example_dags/example_short_circuit_operator.py for tasks to queue
[2022-08-19 23:20:55,694] {logging_mixin.py:115} INFO - [2022-08-19 23:20:55,694] {dagbag.py:508} INFO - Filling up the DagBag from /home/airflow/.local/lib/python3.7/site-packages/airflow/example_dags/example_short_circuit_operator.py
[2022-08-19 23:20:55,705] {processor.py:651} INFO - DAG(s) dict_keys(['example_short_circuit_operator']) retrieved from /home/airflow/.local/lib/python3.7/site-packages/airflow/example_dags/example_short_circuit_operator.py
[2022-08-19 23:20:55,730] {logging_mixin.py:115} INFO - [2022-08-19 23:20:55,730] {dag.py:2420} INFO - Sync 1 DAGs
[2022-08-19 23:20:55,757] {logging_mixin.py:115} INFO - [2022-08-19 23:20:55,757] {dag.py:2972} INFO - Setting next_dagrun for example_short_circuit_operator to 2022-08-18T23:20:55.756914+00:00, run_after=2022-08-19T23:20:55.756914+00:00
[2022-08-19 23:20:55,771] {processor.py:161} INFO - Processing /home/airflow/.local/lib/python3.7/site-packages/airflow/example_dags/example_short_circuit_operator.py took 0.084 seconds
[2022-08-19 23:21:25,978] {processor.py:153} INFO - Started process (PID=5589) to work on /home/airflow/.local/lib/python3.7/site-packages/airflow/example_dags/example_short_circuit_operator.py
[2022-08-19 23:21:25,981] {processor.py:641} INFO - Processing file /home/airflow/.local/lib/python3.7/site-packages/airflow/example_dags/example_short_circuit_operator.py for tasks to queue
[2022-08-19 23:21:25,983] {logging_mixin.py:115} INFO - [2022-08-19 23:21:25,983] {dagbag.py:508} INFO - Filling up the DagBag from /home/airflow/.local/lib/python3.7/site-packages/airflow/example_dags/example_short_circuit_operator.py
[2022-08-19 23:21:25,999] {processor.py:651} INFO - DAG(s) dict_keys(['example_short_circuit_operator']) retrieved from /home/airflow/.local/lib/python3.7/site-packages/airflow/example_dags/example_short_circuit_operator.py
[2022-08-19 23:21:26,019] {logging_mixin.py:115} INFO - [2022-08-19 23:21:26,019] {dag.py:2420} INFO - Sync 1 DAGs
[2022-08-19 23:21:26,034] {logging_mixin.py:115} INFO - [2022-08-19 23:21:26,034] {dag.py:2972} INFO - Setting next_dagrun for example_short_circuit_operator to 2022-08-18T23:21:26.034002+00:00, run_after=2022-08-19T23:21:26.034002+00:00
[2022-08-19 23:21:26,042] {processor.py:161} INFO - Processing /home/airflow/.local/lib/python3.7/site-packages/airflow/example_dags/example_short_circuit_operator.py took 0.066 seconds
[2022-08-19 23:21:56,519] {processor.py:153} INFO - Started process (PID=5700) to work on /home/airflow/.local/lib/python3.7/site-packages/airflow/example_dags/example_short_circuit_operator.py
[2022-08-19 23:21:56,523] {processor.py:641} INFO - Processing file /home/airflow/.local/lib/python3.7/site-packages/airflow/example_dags/example_short_circuit_operator.py for tasks to queue
[2022-08-19 23:21:56,525] {logging_mixin.py:115} INFO - [2022-08-19 23:21:56,524] {dagbag.py:508} INFO - Filling up the DagBag from /home/airflow/.local/lib/python3.7/site-packages/airflow/example_dags/example_short_circuit_operator.py
[2022-08-19 23:21:56,532] {processor.py:651} INFO - DAG(s) dict_keys(['example_short_circuit_operator']) retrieved from /home/airflow/.local/lib/python3.7/site-packages/airflow/example_dags/example_short_circuit_operator.py
[2022-08-19 23:21:56,549] {logging_mixin.py:115} INFO - [2022-08-19 23:21:56,549] {dag.py:2420} INFO - Sync 1 DAGs
[2022-08-19 23:21:56,562] {logging_mixin.py:115} INFO - [2022-08-19 23:21:56,562] {dag.py:2972} INFO - Setting next_dagrun for example_short_circuit_operator to 2022-08-18T23:21:56.562600+00:00, run_after=2022-08-19T23:21:56.562600+00:00
[2022-08-19 23:21:56,571] {processor.py:161} INFO - Processing /home/airflow/.local/lib/python3.7/site-packages/airflow/example_dags/example_short_circuit_operator.py took 0.054 seconds
[2022-08-19 23:22:27,041] {processor.py:153} INFO - Started process (PID=5771) to work on /home/airflow/.local/lib/python3.7/site-packages/airflow/example_dags/example_short_circuit_operator.py
[2022-08-19 23:22:27,042] {processor.py:641} INFO - Processing file /home/airflow/.local/lib/python3.7/site-packages/airflow/example_dags/example_short_circuit_operator.py for tasks to queue
[2022-08-19 23:22:27,043] {logging_mixin.py:115} INFO - [2022-08-19 23:22:27,043] {dagbag.py:508} INFO - Filling up the DagBag from /home/airflow/.local/lib/python3.7/site-packages/airflow/example_dags/example_short_circuit_operator.py
[2022-08-19 23:22:27,052] {processor.py:651} INFO - DAG(s) dict_keys(['example_short_circuit_operator']) retrieved from /home/airflow/.local/lib/python3.7/site-packages/airflow/example_dags/example_short_circuit_operator.py
[2022-08-19 23:22:27,072] {logging_mixin.py:115} INFO - [2022-08-19 23:22:27,072] {dag.py:2420} INFO - Sync 1 DAGs
[2022-08-19 23:22:27,086] {logging_mixin.py:115} INFO - [2022-08-19 23:22:27,086] {dag.py:2972} INFO - Setting next_dagrun for example_short_circuit_operator to 2022-08-18T23:22:27.086171+00:00, run_after=2022-08-19T23:22:27.086171+00:00
[2022-08-19 23:22:27,095] {processor.py:161} INFO - Processing /home/airflow/.local/lib/python3.7/site-packages/airflow/example_dags/example_short_circuit_operator.py took 0.058 seconds
[2022-08-19 23:22:57,590] {processor.py:153} INFO - Started process (PID=5843) to work on /home/airflow/.local/lib/python3.7/site-packages/airflow/example_dags/example_short_circuit_operator.py
[2022-08-19 23:22:57,592] {processor.py:641} INFO - Processing file /home/airflow/.local/lib/python3.7/site-packages/airflow/example_dags/example_short_circuit_operator.py for tasks to queue
[2022-08-19 23:22:57,595] {logging_mixin.py:115} INFO - [2022-08-19 23:22:57,595] {dagbag.py:508} INFO - Filling up the DagBag from /home/airflow/.local/lib/python3.7/site-packages/airflow/example_dags/example_short_circuit_operator.py
[2022-08-19 23:22:57,605] {processor.py:651} INFO - DAG(s) dict_keys(['example_short_circuit_operator']) retrieved from /home/airflow/.local/lib/python3.7/site-packages/airflow/example_dags/example_short_circuit_operator.py
[2022-08-19 23:22:57,627] {logging_mixin.py:115} INFO - [2022-08-19 23:22:57,627] {dag.py:2420} INFO - Sync 1 DAGs
[2022-08-19 23:22:57,640] {logging_mixin.py:115} INFO - [2022-08-19 23:22:57,640] {dag.py:2972} INFO - Setting next_dagrun for example_short_circuit_operator to 2022-08-18T23:22:57.640528+00:00, run_after=2022-08-19T23:22:57.640528+00:00
[2022-08-19 23:22:57,648] {processor.py:161} INFO - Processing /home/airflow/.local/lib/python3.7/site-packages/airflow/example_dags/example_short_circuit_operator.py took 0.063 seconds
[2022-08-19 23:23:28,263] {processor.py:153} INFO - Started process (PID=5911) to work on /home/airflow/.local/lib/python3.7/site-packages/airflow/example_dags/example_short_circuit_operator.py
[2022-08-19 23:23:28,278] {processor.py:641} INFO - Processing file /home/airflow/.local/lib/python3.7/site-packages/airflow/example_dags/example_short_circuit_operator.py for tasks to queue
[2022-08-19 23:23:28,281] {logging_mixin.py:115} INFO - [2022-08-19 23:23:28,281] {dagbag.py:508} INFO - Filling up the DagBag from /home/airflow/.local/lib/python3.7/site-packages/airflow/example_dags/example_short_circuit_operator.py
[2022-08-19 23:23:28,288] {processor.py:651} INFO - DAG(s) dict_keys(['example_short_circuit_operator']) retrieved from /home/airflow/.local/lib/python3.7/site-packages/airflow/example_dags/example_short_circuit_operator.py
[2022-08-19 23:23:28,339] {logging_mixin.py:115} INFO - [2022-08-19 23:23:28,339] {dag.py:2420} INFO - Sync 1 DAGs
[2022-08-19 23:23:28,355] {logging_mixin.py:115} INFO - [2022-08-19 23:23:28,355] {dag.py:2972} INFO - Setting next_dagrun for example_short_circuit_operator to 2022-08-18T23:23:28.355300+00:00, run_after=2022-08-19T23:23:28.355300+00:00
[2022-08-19 23:23:28,401] {processor.py:161} INFO - Processing /home/airflow/.local/lib/python3.7/site-packages/airflow/example_dags/example_short_circuit_operator.py took 0.141 seconds
[2022-08-19 23:23:58,634] {processor.py:153} INFO - Started process (PID=5978) to work on /home/airflow/.local/lib/python3.7/site-packages/airflow/example_dags/example_short_circuit_operator.py
[2022-08-19 23:23:58,635] {processor.py:641} INFO - Processing file /home/airflow/.local/lib/python3.7/site-packages/airflow/example_dags/example_short_circuit_operator.py for tasks to queue
[2022-08-19 23:23:58,637] {logging_mixin.py:115} INFO - [2022-08-19 23:23:58,636] {dagbag.py:508} INFO - Filling up the DagBag from /home/airflow/.local/lib/python3.7/site-packages/airflow/example_dags/example_short_circuit_operator.py
[2022-08-19 23:23:58,643] {processor.py:651} INFO - DAG(s) dict_keys(['example_short_circuit_operator']) retrieved from /home/airflow/.local/lib/python3.7/site-packages/airflow/example_dags/example_short_circuit_operator.py
[2022-08-19 23:23:58,661] {logging_mixin.py:115} INFO - [2022-08-19 23:23:58,660] {dag.py:2420} INFO - Sync 1 DAGs
[2022-08-19 23:23:58,674] {logging_mixin.py:115} INFO - [2022-08-19 23:23:58,673] {dag.py:2972} INFO - Setting next_dagrun for example_short_circuit_operator to 2022-08-18T23:23:58.673771+00:00, run_after=2022-08-19T23:23:58.673771+00:00
[2022-08-19 23:23:58,682] {processor.py:161} INFO - Processing /home/airflow/.local/lib/python3.7/site-packages/airflow/example_dags/example_short_circuit_operator.py took 0.050 seconds
[2022-08-19 23:24:29,002] {processor.py:153} INFO - Started process (PID=6035) to work on /home/airflow/.local/lib/python3.7/site-packages/airflow/example_dags/example_short_circuit_operator.py
[2022-08-19 23:24:29,004] {processor.py:641} INFO - Processing file /home/airflow/.local/lib/python3.7/site-packages/airflow/example_dags/example_short_circuit_operator.py for tasks to queue
[2022-08-19 23:24:29,005] {logging_mixin.py:115} INFO - [2022-08-19 23:24:29,005] {dagbag.py:508} INFO - Filling up the DagBag from /home/airflow/.local/lib/python3.7/site-packages/airflow/example_dags/example_short_circuit_operator.py
[2022-08-19 23:24:29,013] {processor.py:651} INFO - DAG(s) dict_keys(['example_short_circuit_operator']) retrieved from /home/airflow/.local/lib/python3.7/site-packages/airflow/example_dags/example_short_circuit_operator.py
[2022-08-19 23:24:29,031] {logging_mixin.py:115} INFO - [2022-08-19 23:24:29,031] {dag.py:2420} INFO - Sync 1 DAGs
[2022-08-19 23:24:29,048] {logging_mixin.py:115} INFO - [2022-08-19 23:24:29,048] {dag.py:2972} INFO - Setting next_dagrun for example_short_circuit_operator to 2022-08-18T23:24:29.048446+00:00, run_after=2022-08-19T23:24:29.048446+00:00
[2022-08-19 23:24:29,060] {processor.py:161} INFO - Processing /home/airflow/.local/lib/python3.7/site-packages/airflow/example_dags/example_short_circuit_operator.py took 0.062 seconds
[2022-08-19 23:24:59,444] {processor.py:153} INFO - Started process (PID=6104) to work on /home/airflow/.local/lib/python3.7/site-packages/airflow/example_dags/example_short_circuit_operator.py
[2022-08-19 23:24:59,447] {processor.py:641} INFO - Processing file /home/airflow/.local/lib/python3.7/site-packages/airflow/example_dags/example_short_circuit_operator.py for tasks to queue
[2022-08-19 23:24:59,449] {logging_mixin.py:115} INFO - [2022-08-19 23:24:59,448] {dagbag.py:508} INFO - Filling up the DagBag from /home/airflow/.local/lib/python3.7/site-packages/airflow/example_dags/example_short_circuit_operator.py
[2022-08-19 23:24:59,458] {processor.py:651} INFO - DAG(s) dict_keys(['example_short_circuit_operator']) retrieved from /home/airflow/.local/lib/python3.7/site-packages/airflow/example_dags/example_short_circuit_operator.py
[2022-08-19 23:24:59,479] {logging_mixin.py:115} INFO - [2022-08-19 23:24:59,479] {dag.py:2420} INFO - Sync 1 DAGs
[2022-08-19 23:24:59,492] {logging_mixin.py:115} INFO - [2022-08-19 23:24:59,492] {dag.py:2972} INFO - Setting next_dagrun for example_short_circuit_operator to 2022-08-18T23:24:59.492166+00:00, run_after=2022-08-19T23:24:59.492166+00:00
[2022-08-19 23:24:59,500] {processor.py:161} INFO - Processing /home/airflow/.local/lib/python3.7/site-packages/airflow/example_dags/example_short_circuit_operator.py took 0.061 seconds
