[2022-08-19 22:31:44,845] {processor.py:153} INFO - Started process (PID=47) to work on /home/airflow/.local/lib/python3.7/site-packages/airflow/example_dags/example_skip_dag.py
[2022-08-19 22:31:44,848] {processor.py:641} INFO - Processing file /home/airflow/.local/lib/python3.7/site-packages/airflow/example_dags/example_skip_dag.py for tasks to queue
[2022-08-19 22:31:44,849] {logging_mixin.py:115} INFO - [2022-08-19 22:31:44,849] {dagbag.py:508} INFO - Filling up the DagBag from /home/airflow/.local/lib/python3.7/site-packages/airflow/example_dags/example_skip_dag.py
[2022-08-19 22:31:44,854] {processor.py:651} INFO - DAG(s) dict_keys(['example_skip_dag']) retrieved from /home/airflow/.local/lib/python3.7/site-packages/airflow/example_dags/example_skip_dag.py
[2022-08-19 22:31:44,924] {logging_mixin.py:115} INFO - [2022-08-19 22:31:44,924] {manager.py:508} INFO - Created Permission View: can delete on DAG:example_skip_dag
[2022-08-19 22:31:44,939] {logging_mixin.py:115} INFO - [2022-08-19 22:31:44,939] {manager.py:508} INFO - Created Permission View: can read on DAG:example_skip_dag
[2022-08-19 22:31:44,950] {logging_mixin.py:115} INFO - [2022-08-19 22:31:44,950] {manager.py:508} INFO - Created Permission View: can edit on DAG:example_skip_dag
[2022-08-19 22:31:44,951] {logging_mixin.py:115} INFO - [2022-08-19 22:31:44,951] {dag.py:2420} INFO - Sync 1 DAGs
[2022-08-19 22:31:44,967] {logging_mixin.py:115} INFO - [2022-08-19 22:31:44,967] {dag.py:2439} INFO - Creating ORM DAG for example_skip_dag
[2022-08-19 22:31:44,978] {logging_mixin.py:115} INFO - [2022-08-19 22:31:44,978] {dag.py:2972} INFO - Setting next_dagrun for example_skip_dag to 2022-08-18T22:31:44.978597+00:00, run_after=2022-08-19T22:31:44.978597+00:00
[2022-08-19 22:31:44,991] {processor.py:161} INFO - Processing /home/airflow/.local/lib/python3.7/site-packages/airflow/example_dags/example_skip_dag.py took 0.148 seconds
[2022-08-19 22:32:15,335] {processor.py:153} INFO - Started process (PID=110) to work on /home/airflow/.local/lib/python3.7/site-packages/airflow/example_dags/example_skip_dag.py
[2022-08-19 22:32:15,336] {processor.py:641} INFO - Processing file /home/airflow/.local/lib/python3.7/site-packages/airflow/example_dags/example_skip_dag.py for tasks to queue
[2022-08-19 22:32:15,337] {logging_mixin.py:115} INFO - [2022-08-19 22:32:15,337] {dagbag.py:508} INFO - Filling up the DagBag from /home/airflow/.local/lib/python3.7/site-packages/airflow/example_dags/example_skip_dag.py
[2022-08-19 22:32:15,341] {processor.py:651} INFO - DAG(s) dict_keys(['example_skip_dag']) retrieved from /home/airflow/.local/lib/python3.7/site-packages/airflow/example_dags/example_skip_dag.py
[2022-08-19 22:32:15,357] {logging_mixin.py:115} INFO - [2022-08-19 22:32:15,357] {dag.py:2420} INFO - Sync 1 DAGs
[2022-08-19 22:32:15,373] {logging_mixin.py:115} INFO - [2022-08-19 22:32:15,373] {dag.py:2972} INFO - Setting next_dagrun for example_skip_dag to 2022-08-18T22:32:15.372863+00:00, run_after=2022-08-19T22:32:15.372863+00:00
[2022-08-19 22:32:15,380] {processor.py:161} INFO - Processing /home/airflow/.local/lib/python3.7/site-packages/airflow/example_dags/example_skip_dag.py took 0.048 seconds
[2022-08-19 22:53:24,314] {processor.py:153} INFO - Started process (PID=47) to work on /home/airflow/.local/lib/python3.7/site-packages/airflow/example_dags/example_skip_dag.py
[2022-08-19 22:53:24,315] {processor.py:641} INFO - Processing file /home/airflow/.local/lib/python3.7/site-packages/airflow/example_dags/example_skip_dag.py for tasks to queue
[2022-08-19 22:53:24,316] {logging_mixin.py:115} INFO - [2022-08-19 22:53:24,316] {dagbag.py:508} INFO - Filling up the DagBag from /home/airflow/.local/lib/python3.7/site-packages/airflow/example_dags/example_skip_dag.py
[2022-08-19 22:53:24,328] {processor.py:651} INFO - DAG(s) dict_keys(['example_skip_dag']) retrieved from /home/airflow/.local/lib/python3.7/site-packages/airflow/example_dags/example_skip_dag.py
[2022-08-19 22:53:24,430] {logging_mixin.py:115} INFO - [2022-08-19 22:53:24,430] {manager.py:508} INFO - Created Permission View: can read on DAG:example_skip_dag
[2022-08-19 22:53:24,444] {logging_mixin.py:115} INFO - [2022-08-19 22:53:24,444] {manager.py:508} INFO - Created Permission View: can delete on DAG:example_skip_dag
[2022-08-19 22:53:24,455] {logging_mixin.py:115} INFO - [2022-08-19 22:53:24,455] {manager.py:508} INFO - Created Permission View: can edit on DAG:example_skip_dag
[2022-08-19 22:53:24,457] {logging_mixin.py:115} INFO - [2022-08-19 22:53:24,457] {dag.py:2420} INFO - Sync 1 DAGs
[2022-08-19 22:53:24,464] {logging_mixin.py:115} INFO - [2022-08-19 22:53:24,464] {dag.py:2439} INFO - Creating ORM DAG for example_skip_dag
[2022-08-19 22:53:24,477] {logging_mixin.py:115} INFO - [2022-08-19 22:53:24,477] {dag.py:2972} INFO - Setting next_dagrun for example_skip_dag to 2022-08-18T22:53:24.476313+00:00, run_after=2022-08-19T22:53:24.476313+00:00
[2022-08-19 22:53:24,504] {processor.py:161} INFO - Processing /home/airflow/.local/lib/python3.7/site-packages/airflow/example_dags/example_skip_dag.py took 0.194 seconds
[2022-08-19 22:53:54,991] {processor.py:153} INFO - Started process (PID=125) to work on /home/airflow/.local/lib/python3.7/site-packages/airflow/example_dags/example_skip_dag.py
[2022-08-19 22:53:54,992] {processor.py:641} INFO - Processing file /home/airflow/.local/lib/python3.7/site-packages/airflow/example_dags/example_skip_dag.py for tasks to queue
[2022-08-19 22:53:54,993] {logging_mixin.py:115} INFO - [2022-08-19 22:53:54,993] {dagbag.py:508} INFO - Filling up the DagBag from /home/airflow/.local/lib/python3.7/site-packages/airflow/example_dags/example_skip_dag.py
[2022-08-19 22:53:54,997] {processor.py:651} INFO - DAG(s) dict_keys(['example_skip_dag']) retrieved from /home/airflow/.local/lib/python3.7/site-packages/airflow/example_dags/example_skip_dag.py
[2022-08-19 22:53:55,016] {logging_mixin.py:115} INFO - [2022-08-19 22:53:55,016] {dag.py:2420} INFO - Sync 1 DAGs
[2022-08-19 22:53:55,029] {logging_mixin.py:115} INFO - [2022-08-19 22:53:55,028] {dag.py:2972} INFO - Setting next_dagrun for example_skip_dag to 2022-08-18T22:53:55.028816+00:00, run_after=2022-08-19T22:53:55.028816+00:00
[2022-08-19 22:53:55,037] {processor.py:161} INFO - Processing /home/airflow/.local/lib/python3.7/site-packages/airflow/example_dags/example_skip_dag.py took 0.049 seconds
[2022-08-19 22:54:25,565] {processor.py:153} INFO - Started process (PID=198) to work on /home/airflow/.local/lib/python3.7/site-packages/airflow/example_dags/example_skip_dag.py
[2022-08-19 22:54:25,567] {processor.py:641} INFO - Processing file /home/airflow/.local/lib/python3.7/site-packages/airflow/example_dags/example_skip_dag.py for tasks to queue
[2022-08-19 22:54:25,568] {logging_mixin.py:115} INFO - [2022-08-19 22:54:25,568] {dagbag.py:508} INFO - Filling up the DagBag from /home/airflow/.local/lib/python3.7/site-packages/airflow/example_dags/example_skip_dag.py
[2022-08-19 22:54:25,572] {processor.py:651} INFO - DAG(s) dict_keys(['example_skip_dag']) retrieved from /home/airflow/.local/lib/python3.7/site-packages/airflow/example_dags/example_skip_dag.py
[2022-08-19 22:54:25,590] {logging_mixin.py:115} INFO - [2022-08-19 22:54:25,590] {dag.py:2420} INFO - Sync 1 DAGs
[2022-08-19 22:54:25,602] {logging_mixin.py:115} INFO - [2022-08-19 22:54:25,602] {dag.py:2972} INFO - Setting next_dagrun for example_skip_dag to 2022-08-18T22:54:25.602658+00:00, run_after=2022-08-19T22:54:25.602658+00:00
[2022-08-19 22:54:25,610] {processor.py:161} INFO - Processing /home/airflow/.local/lib/python3.7/site-packages/airflow/example_dags/example_skip_dag.py took 0.049 seconds
[2022-08-19 22:54:56,061] {processor.py:153} INFO - Started process (PID=265) to work on /home/airflow/.local/lib/python3.7/site-packages/airflow/example_dags/example_skip_dag.py
[2022-08-19 22:54:56,062] {processor.py:641} INFO - Processing file /home/airflow/.local/lib/python3.7/site-packages/airflow/example_dags/example_skip_dag.py for tasks to queue
[2022-08-19 22:54:56,063] {logging_mixin.py:115} INFO - [2022-08-19 22:54:56,063] {dagbag.py:508} INFO - Filling up the DagBag from /home/airflow/.local/lib/python3.7/site-packages/airflow/example_dags/example_skip_dag.py
[2022-08-19 22:54:56,068] {processor.py:651} INFO - DAG(s) dict_keys(['example_skip_dag']) retrieved from /home/airflow/.local/lib/python3.7/site-packages/airflow/example_dags/example_skip_dag.py
[2022-08-19 22:54:56,085] {logging_mixin.py:115} INFO - [2022-08-19 22:54:56,085] {dag.py:2420} INFO - Sync 1 DAGs
[2022-08-19 22:54:56,098] {logging_mixin.py:115} INFO - [2022-08-19 22:54:56,098] {dag.py:2972} INFO - Setting next_dagrun for example_skip_dag to 2022-08-18T22:54:56.098189+00:00, run_after=2022-08-19T22:54:56.098189+00:00
[2022-08-19 22:54:56,108] {processor.py:161} INFO - Processing /home/airflow/.local/lib/python3.7/site-packages/airflow/example_dags/example_skip_dag.py took 0.049 seconds
[2022-08-19 22:55:26,562] {processor.py:153} INFO - Started process (PID=328) to work on /home/airflow/.local/lib/python3.7/site-packages/airflow/example_dags/example_skip_dag.py
[2022-08-19 22:55:26,563] {processor.py:641} INFO - Processing file /home/airflow/.local/lib/python3.7/site-packages/airflow/example_dags/example_skip_dag.py for tasks to queue
[2022-08-19 22:55:26,564] {logging_mixin.py:115} INFO - [2022-08-19 22:55:26,564] {dagbag.py:508} INFO - Filling up the DagBag from /home/airflow/.local/lib/python3.7/site-packages/airflow/example_dags/example_skip_dag.py
[2022-08-19 22:55:26,568] {processor.py:651} INFO - DAG(s) dict_keys(['example_skip_dag']) retrieved from /home/airflow/.local/lib/python3.7/site-packages/airflow/example_dags/example_skip_dag.py
[2022-08-19 22:55:26,584] {logging_mixin.py:115} INFO - [2022-08-19 22:55:26,584] {dag.py:2420} INFO - Sync 1 DAGs
[2022-08-19 22:55:26,598] {logging_mixin.py:115} INFO - [2022-08-19 22:55:26,598] {dag.py:2972} INFO - Setting next_dagrun for example_skip_dag to 2022-08-18T22:55:26.598147+00:00, run_after=2022-08-19T22:55:26.598147+00:00
[2022-08-19 22:55:26,608] {processor.py:161} INFO - Processing /home/airflow/.local/lib/python3.7/site-packages/airflow/example_dags/example_skip_dag.py took 0.048 seconds
[2022-08-19 22:55:57,054] {processor.py:153} INFO - Started process (PID=382) to work on /home/airflow/.local/lib/python3.7/site-packages/airflow/example_dags/example_skip_dag.py
[2022-08-19 22:55:57,055] {processor.py:641} INFO - Processing file /home/airflow/.local/lib/python3.7/site-packages/airflow/example_dags/example_skip_dag.py for tasks to queue
[2022-08-19 22:55:57,056] {logging_mixin.py:115} INFO - [2022-08-19 22:55:57,056] {dagbag.py:508} INFO - Filling up the DagBag from /home/airflow/.local/lib/python3.7/site-packages/airflow/example_dags/example_skip_dag.py
[2022-08-19 22:55:57,059] {processor.py:651} INFO - DAG(s) dict_keys(['example_skip_dag']) retrieved from /home/airflow/.local/lib/python3.7/site-packages/airflow/example_dags/example_skip_dag.py
[2022-08-19 22:55:57,077] {logging_mixin.py:115} INFO - [2022-08-19 22:55:57,077] {dag.py:2420} INFO - Sync 1 DAGs
[2022-08-19 22:55:57,089] {logging_mixin.py:115} INFO - [2022-08-19 22:55:57,089] {dag.py:2972} INFO - Setting next_dagrun for example_skip_dag to 2022-08-18T22:55:57.089251+00:00, run_after=2022-08-19T22:55:57.089251+00:00
[2022-08-19 22:55:57,096] {processor.py:161} INFO - Processing /home/airflow/.local/lib/python3.7/site-packages/airflow/example_dags/example_skip_dag.py took 0.044 seconds
[2022-08-19 22:56:27,531] {processor.py:153} INFO - Started process (PID=451) to work on /home/airflow/.local/lib/python3.7/site-packages/airflow/example_dags/example_skip_dag.py
[2022-08-19 22:56:27,532] {processor.py:641} INFO - Processing file /home/airflow/.local/lib/python3.7/site-packages/airflow/example_dags/example_skip_dag.py for tasks to queue
[2022-08-19 22:56:27,533] {logging_mixin.py:115} INFO - [2022-08-19 22:56:27,533] {dagbag.py:508} INFO - Filling up the DagBag from /home/airflow/.local/lib/python3.7/site-packages/airflow/example_dags/example_skip_dag.py
[2022-08-19 22:56:27,536] {processor.py:651} INFO - DAG(s) dict_keys(['example_skip_dag']) retrieved from /home/airflow/.local/lib/python3.7/site-packages/airflow/example_dags/example_skip_dag.py
[2022-08-19 22:56:27,553] {logging_mixin.py:115} INFO - [2022-08-19 22:56:27,553] {dag.py:2420} INFO - Sync 1 DAGs
[2022-08-19 22:56:27,565] {logging_mixin.py:115} INFO - [2022-08-19 22:56:27,565] {dag.py:2972} INFO - Setting next_dagrun for example_skip_dag to 2022-08-18T22:56:27.565481+00:00, run_after=2022-08-19T22:56:27.565481+00:00
[2022-08-19 22:56:27,572] {processor.py:161} INFO - Processing /home/airflow/.local/lib/python3.7/site-packages/airflow/example_dags/example_skip_dag.py took 0.043 seconds
[2022-08-19 22:56:57,953] {processor.py:153} INFO - Started process (PID=515) to work on /home/airflow/.local/lib/python3.7/site-packages/airflow/example_dags/example_skip_dag.py
[2022-08-19 22:56:57,954] {processor.py:641} INFO - Processing file /home/airflow/.local/lib/python3.7/site-packages/airflow/example_dags/example_skip_dag.py for tasks to queue
[2022-08-19 22:56:57,954] {logging_mixin.py:115} INFO - [2022-08-19 22:56:57,954] {dagbag.py:508} INFO - Filling up the DagBag from /home/airflow/.local/lib/python3.7/site-packages/airflow/example_dags/example_skip_dag.py
[2022-08-19 22:56:57,958] {processor.py:651} INFO - DAG(s) dict_keys(['example_skip_dag']) retrieved from /home/airflow/.local/lib/python3.7/site-packages/airflow/example_dags/example_skip_dag.py
[2022-08-19 22:56:57,976] {logging_mixin.py:115} INFO - [2022-08-19 22:56:57,976] {dag.py:2420} INFO - Sync 1 DAGs
[2022-08-19 22:56:57,989] {logging_mixin.py:115} INFO - [2022-08-19 22:56:57,989] {dag.py:2972} INFO - Setting next_dagrun for example_skip_dag to 2022-08-18T22:56:57.988898+00:00, run_after=2022-08-19T22:56:57.988898+00:00
[2022-08-19 22:56:57,997] {processor.py:161} INFO - Processing /home/airflow/.local/lib/python3.7/site-packages/airflow/example_dags/example_skip_dag.py took 0.046 seconds
[2022-08-19 22:57:28,357] {processor.py:153} INFO - Started process (PID=584) to work on /home/airflow/.local/lib/python3.7/site-packages/airflow/example_dags/example_skip_dag.py
[2022-08-19 22:57:28,358] {processor.py:641} INFO - Processing file /home/airflow/.local/lib/python3.7/site-packages/airflow/example_dags/example_skip_dag.py for tasks to queue
[2022-08-19 22:57:28,358] {logging_mixin.py:115} INFO - [2022-08-19 22:57:28,358] {dagbag.py:508} INFO - Filling up the DagBag from /home/airflow/.local/lib/python3.7/site-packages/airflow/example_dags/example_skip_dag.py
[2022-08-19 22:57:28,362] {processor.py:651} INFO - DAG(s) dict_keys(['example_skip_dag']) retrieved from /home/airflow/.local/lib/python3.7/site-packages/airflow/example_dags/example_skip_dag.py
[2022-08-19 22:57:28,382] {logging_mixin.py:115} INFO - [2022-08-19 22:57:28,382] {dag.py:2420} INFO - Sync 1 DAGs
[2022-08-19 22:57:28,394] {logging_mixin.py:115} INFO - [2022-08-19 22:57:28,394] {dag.py:2972} INFO - Setting next_dagrun for example_skip_dag to 2022-08-18T22:57:28.394391+00:00, run_after=2022-08-19T22:57:28.394391+00:00
[2022-08-19 22:57:28,401] {processor.py:161} INFO - Processing /home/airflow/.local/lib/python3.7/site-packages/airflow/example_dags/example_skip_dag.py took 0.047 seconds
[2022-08-19 22:57:58,770] {processor.py:153} INFO - Started process (PID=650) to work on /home/airflow/.local/lib/python3.7/site-packages/airflow/example_dags/example_skip_dag.py
[2022-08-19 22:57:58,771] {processor.py:641} INFO - Processing file /home/airflow/.local/lib/python3.7/site-packages/airflow/example_dags/example_skip_dag.py for tasks to queue
[2022-08-19 22:57:58,772] {logging_mixin.py:115} INFO - [2022-08-19 22:57:58,772] {dagbag.py:508} INFO - Filling up the DagBag from /home/airflow/.local/lib/python3.7/site-packages/airflow/example_dags/example_skip_dag.py
[2022-08-19 22:57:58,776] {processor.py:651} INFO - DAG(s) dict_keys(['example_skip_dag']) retrieved from /home/airflow/.local/lib/python3.7/site-packages/airflow/example_dags/example_skip_dag.py
[2022-08-19 22:57:58,796] {logging_mixin.py:115} INFO - [2022-08-19 22:57:58,796] {dag.py:2420} INFO - Sync 1 DAGs
[2022-08-19 22:57:58,809] {logging_mixin.py:115} INFO - [2022-08-19 22:57:58,809] {dag.py:2972} INFO - Setting next_dagrun for example_skip_dag to 2022-08-18T22:57:58.809305+00:00, run_after=2022-08-19T22:57:58.809305+00:00
[2022-08-19 22:57:58,818] {processor.py:161} INFO - Processing /home/airflow/.local/lib/python3.7/site-packages/airflow/example_dags/example_skip_dag.py took 0.051 seconds
[2022-08-19 22:58:29,275] {processor.py:153} INFO - Started process (PID=706) to work on /home/airflow/.local/lib/python3.7/site-packages/airflow/example_dags/example_skip_dag.py
[2022-08-19 22:58:29,276] {processor.py:641} INFO - Processing file /home/airflow/.local/lib/python3.7/site-packages/airflow/example_dags/example_skip_dag.py for tasks to queue
[2022-08-19 22:58:29,277] {logging_mixin.py:115} INFO - [2022-08-19 22:58:29,277] {dagbag.py:508} INFO - Filling up the DagBag from /home/airflow/.local/lib/python3.7/site-packages/airflow/example_dags/example_skip_dag.py
[2022-08-19 22:58:29,281] {processor.py:651} INFO - DAG(s) dict_keys(['example_skip_dag']) retrieved from /home/airflow/.local/lib/python3.7/site-packages/airflow/example_dags/example_skip_dag.py
[2022-08-19 22:58:29,298] {logging_mixin.py:115} INFO - [2022-08-19 22:58:29,298] {dag.py:2420} INFO - Sync 1 DAGs
[2022-08-19 22:58:29,311] {logging_mixin.py:115} INFO - [2022-08-19 22:58:29,311] {dag.py:2972} INFO - Setting next_dagrun for example_skip_dag to 2022-08-18T22:58:29.310978+00:00, run_after=2022-08-19T22:58:29.310978+00:00
[2022-08-19 22:58:29,318] {processor.py:161} INFO - Processing /home/airflow/.local/lib/python3.7/site-packages/airflow/example_dags/example_skip_dag.py took 0.045 seconds
[2022-08-19 22:58:59,655] {processor.py:153} INFO - Started process (PID=772) to work on /home/airflow/.local/lib/python3.7/site-packages/airflow/example_dags/example_skip_dag.py
[2022-08-19 22:58:59,656] {processor.py:641} INFO - Processing file /home/airflow/.local/lib/python3.7/site-packages/airflow/example_dags/example_skip_dag.py for tasks to queue
[2022-08-19 22:58:59,657] {logging_mixin.py:115} INFO - [2022-08-19 22:58:59,657] {dagbag.py:508} INFO - Filling up the DagBag from /home/airflow/.local/lib/python3.7/site-packages/airflow/example_dags/example_skip_dag.py
[2022-08-19 22:58:59,661] {processor.py:651} INFO - DAG(s) dict_keys(['example_skip_dag']) retrieved from /home/airflow/.local/lib/python3.7/site-packages/airflow/example_dags/example_skip_dag.py
[2022-08-19 22:58:59,677] {logging_mixin.py:115} INFO - [2022-08-19 22:58:59,677] {dag.py:2420} INFO - Sync 1 DAGs
[2022-08-19 22:58:59,689] {logging_mixin.py:115} INFO - [2022-08-19 22:58:59,689] {dag.py:2972} INFO - Setting next_dagrun for example_skip_dag to 2022-08-18T22:58:59.689403+00:00, run_after=2022-08-19T22:58:59.689403+00:00
[2022-08-19 22:58:59,696] {processor.py:161} INFO - Processing /home/airflow/.local/lib/python3.7/site-packages/airflow/example_dags/example_skip_dag.py took 0.043 seconds
[2022-08-19 22:59:30,182] {processor.py:153} INFO - Started process (PID=838) to work on /home/airflow/.local/lib/python3.7/site-packages/airflow/example_dags/example_skip_dag.py
[2022-08-19 22:59:30,183] {processor.py:641} INFO - Processing file /home/airflow/.local/lib/python3.7/site-packages/airflow/example_dags/example_skip_dag.py for tasks to queue
[2022-08-19 22:59:30,184] {logging_mixin.py:115} INFO - [2022-08-19 22:59:30,184] {dagbag.py:508} INFO - Filling up the DagBag from /home/airflow/.local/lib/python3.7/site-packages/airflow/example_dags/example_skip_dag.py
[2022-08-19 22:59:30,187] {processor.py:651} INFO - DAG(s) dict_keys(['example_skip_dag']) retrieved from /home/airflow/.local/lib/python3.7/site-packages/airflow/example_dags/example_skip_dag.py
[2022-08-19 22:59:30,209] {logging_mixin.py:115} INFO - [2022-08-19 22:59:30,209] {dag.py:2420} INFO - Sync 1 DAGs
[2022-08-19 22:59:30,222] {logging_mixin.py:115} INFO - [2022-08-19 22:59:30,222] {dag.py:2972} INFO - Setting next_dagrun for example_skip_dag to 2022-08-18T22:59:30.222297+00:00, run_after=2022-08-19T22:59:30.222297+00:00
[2022-08-19 22:59:30,230] {processor.py:161} INFO - Processing /home/airflow/.local/lib/python3.7/site-packages/airflow/example_dags/example_skip_dag.py took 0.050 seconds
[2022-08-19 23:00:00,668] {processor.py:153} INFO - Started process (PID=906) to work on /home/airflow/.local/lib/python3.7/site-packages/airflow/example_dags/example_skip_dag.py
[2022-08-19 23:00:00,669] {processor.py:641} INFO - Processing file /home/airflow/.local/lib/python3.7/site-packages/airflow/example_dags/example_skip_dag.py for tasks to queue
[2022-08-19 23:00:00,670] {logging_mixin.py:115} INFO - [2022-08-19 23:00:00,670] {dagbag.py:508} INFO - Filling up the DagBag from /home/airflow/.local/lib/python3.7/site-packages/airflow/example_dags/example_skip_dag.py
[2022-08-19 23:00:00,673] {processor.py:651} INFO - DAG(s) dict_keys(['example_skip_dag']) retrieved from /home/airflow/.local/lib/python3.7/site-packages/airflow/example_dags/example_skip_dag.py
[2022-08-19 23:00:00,692] {logging_mixin.py:115} INFO - [2022-08-19 23:00:00,692] {dag.py:2420} INFO - Sync 1 DAGs
[2022-08-19 23:00:00,705] {logging_mixin.py:115} INFO - [2022-08-19 23:00:00,705] {dag.py:2972} INFO - Setting next_dagrun for example_skip_dag to 2022-08-18T23:00:00.705669+00:00, run_after=2022-08-19T23:00:00.705669+00:00
[2022-08-19 23:00:00,713] {processor.py:161} INFO - Processing /home/airflow/.local/lib/python3.7/site-packages/airflow/example_dags/example_skip_dag.py took 0.047 seconds
[2022-08-19 23:00:31,117] {processor.py:153} INFO - Started process (PID=972) to work on /home/airflow/.local/lib/python3.7/site-packages/airflow/example_dags/example_skip_dag.py
[2022-08-19 23:00:31,120] {processor.py:641} INFO - Processing file /home/airflow/.local/lib/python3.7/site-packages/airflow/example_dags/example_skip_dag.py for tasks to queue
[2022-08-19 23:00:31,121] {logging_mixin.py:115} INFO - [2022-08-19 23:00:31,121] {dagbag.py:508} INFO - Filling up the DagBag from /home/airflow/.local/lib/python3.7/site-packages/airflow/example_dags/example_skip_dag.py
[2022-08-19 23:00:31,125] {processor.py:651} INFO - DAG(s) dict_keys(['example_skip_dag']) retrieved from /home/airflow/.local/lib/python3.7/site-packages/airflow/example_dags/example_skip_dag.py
[2022-08-19 23:00:31,144] {logging_mixin.py:115} INFO - [2022-08-19 23:00:31,144] {dag.py:2420} INFO - Sync 1 DAGs
[2022-08-19 23:00:31,156] {logging_mixin.py:115} INFO - [2022-08-19 23:00:31,156] {dag.py:2972} INFO - Setting next_dagrun for example_skip_dag to 2022-08-18T23:00:31.156546+00:00, run_after=2022-08-19T23:00:31.156546+00:00
[2022-08-19 23:00:31,164] {processor.py:161} INFO - Processing /home/airflow/.local/lib/python3.7/site-packages/airflow/example_dags/example_skip_dag.py took 0.050 seconds
[2022-08-19 23:01:01,505] {processor.py:153} INFO - Started process (PID=1042) to work on /home/airflow/.local/lib/python3.7/site-packages/airflow/example_dags/example_skip_dag.py
[2022-08-19 23:01:01,506] {processor.py:641} INFO - Processing file /home/airflow/.local/lib/python3.7/site-packages/airflow/example_dags/example_skip_dag.py for tasks to queue
[2022-08-19 23:01:01,507] {logging_mixin.py:115} INFO - [2022-08-19 23:01:01,507] {dagbag.py:508} INFO - Filling up the DagBag from /home/airflow/.local/lib/python3.7/site-packages/airflow/example_dags/example_skip_dag.py
[2022-08-19 23:01:01,510] {processor.py:651} INFO - DAG(s) dict_keys(['example_skip_dag']) retrieved from /home/airflow/.local/lib/python3.7/site-packages/airflow/example_dags/example_skip_dag.py
[2022-08-19 23:01:01,529] {logging_mixin.py:115} INFO - [2022-08-19 23:01:01,529] {dag.py:2420} INFO - Sync 1 DAGs
[2022-08-19 23:01:01,541] {logging_mixin.py:115} INFO - [2022-08-19 23:01:01,541] {dag.py:2972} INFO - Setting next_dagrun for example_skip_dag to 2022-08-18T23:01:01.541669+00:00, run_after=2022-08-19T23:01:01.541669+00:00
[2022-08-19 23:01:01,548] {processor.py:161} INFO - Processing /home/airflow/.local/lib/python3.7/site-packages/airflow/example_dags/example_skip_dag.py took 0.045 seconds
[2022-08-19 23:01:31,964] {processor.py:153} INFO - Started process (PID=1096) to work on /home/airflow/.local/lib/python3.7/site-packages/airflow/example_dags/example_skip_dag.py
[2022-08-19 23:01:31,966] {processor.py:641} INFO - Processing file /home/airflow/.local/lib/python3.7/site-packages/airflow/example_dags/example_skip_dag.py for tasks to queue
[2022-08-19 23:01:31,968] {logging_mixin.py:115} INFO - [2022-08-19 23:01:31,967] {dagbag.py:508} INFO - Filling up the DagBag from /home/airflow/.local/lib/python3.7/site-packages/airflow/example_dags/example_skip_dag.py
[2022-08-19 23:01:31,971] {processor.py:651} INFO - DAG(s) dict_keys(['example_skip_dag']) retrieved from /home/airflow/.local/lib/python3.7/site-packages/airflow/example_dags/example_skip_dag.py
[2022-08-19 23:01:31,988] {logging_mixin.py:115} INFO - [2022-08-19 23:01:31,988] {dag.py:2420} INFO - Sync 1 DAGs
[2022-08-19 23:01:32,000] {logging_mixin.py:115} INFO - [2022-08-19 23:01:32,000] {dag.py:2972} INFO - Setting next_dagrun for example_skip_dag to 2022-08-18T23:01:32.000127+00:00, run_after=2022-08-19T23:01:32.000127+00:00
[2022-08-19 23:01:32,007] {processor.py:161} INFO - Processing /home/airflow/.local/lib/python3.7/site-packages/airflow/example_dags/example_skip_dag.py took 0.045 seconds
[2022-08-19 23:02:02,466] {processor.py:153} INFO - Started process (PID=1162) to work on /home/airflow/.local/lib/python3.7/site-packages/airflow/example_dags/example_skip_dag.py
[2022-08-19 23:02:02,467] {processor.py:641} INFO - Processing file /home/airflow/.local/lib/python3.7/site-packages/airflow/example_dags/example_skip_dag.py for tasks to queue
[2022-08-19 23:02:02,468] {logging_mixin.py:115} INFO - [2022-08-19 23:02:02,468] {dagbag.py:508} INFO - Filling up the DagBag from /home/airflow/.local/lib/python3.7/site-packages/airflow/example_dags/example_skip_dag.py
[2022-08-19 23:02:02,472] {processor.py:651} INFO - DAG(s) dict_keys(['example_skip_dag']) retrieved from /home/airflow/.local/lib/python3.7/site-packages/airflow/example_dags/example_skip_dag.py
[2022-08-19 23:02:02,490] {logging_mixin.py:115} INFO - [2022-08-19 23:02:02,490] {dag.py:2420} INFO - Sync 1 DAGs
[2022-08-19 23:02:02,502] {logging_mixin.py:115} INFO - [2022-08-19 23:02:02,502] {dag.py:2972} INFO - Setting next_dagrun for example_skip_dag to 2022-08-18T23:02:02.502732+00:00, run_after=2022-08-19T23:02:02.502732+00:00
[2022-08-19 23:02:02,510] {processor.py:161} INFO - Processing /home/airflow/.local/lib/python3.7/site-packages/airflow/example_dags/example_skip_dag.py took 0.047 seconds
[2022-08-19 23:02:32,907] {processor.py:153} INFO - Started process (PID=1224) to work on /home/airflow/.local/lib/python3.7/site-packages/airflow/example_dags/example_skip_dag.py
[2022-08-19 23:02:32,908] {processor.py:641} INFO - Processing file /home/airflow/.local/lib/python3.7/site-packages/airflow/example_dags/example_skip_dag.py for tasks to queue
[2022-08-19 23:02:32,909] {logging_mixin.py:115} INFO - [2022-08-19 23:02:32,909] {dagbag.py:508} INFO - Filling up the DagBag from /home/airflow/.local/lib/python3.7/site-packages/airflow/example_dags/example_skip_dag.py
[2022-08-19 23:02:32,913] {processor.py:651} INFO - DAG(s) dict_keys(['example_skip_dag']) retrieved from /home/airflow/.local/lib/python3.7/site-packages/airflow/example_dags/example_skip_dag.py
[2022-08-19 23:02:32,935] {logging_mixin.py:115} INFO - [2022-08-19 23:02:32,935] {dag.py:2420} INFO - Sync 1 DAGs
[2022-08-19 23:02:32,948] {logging_mixin.py:115} INFO - [2022-08-19 23:02:32,948] {dag.py:2972} INFO - Setting next_dagrun for example_skip_dag to 2022-08-18T23:02:32.948684+00:00, run_after=2022-08-19T23:02:32.948684+00:00
[2022-08-19 23:02:32,956] {processor.py:161} INFO - Processing /home/airflow/.local/lib/python3.7/site-packages/airflow/example_dags/example_skip_dag.py took 0.052 seconds
[2022-08-19 23:03:03,314] {processor.py:153} INFO - Started process (PID=1289) to work on /home/airflow/.local/lib/python3.7/site-packages/airflow/example_dags/example_skip_dag.py
[2022-08-19 23:03:03,315] {processor.py:641} INFO - Processing file /home/airflow/.local/lib/python3.7/site-packages/airflow/example_dags/example_skip_dag.py for tasks to queue
[2022-08-19 23:03:03,316] {logging_mixin.py:115} INFO - [2022-08-19 23:03:03,316] {dagbag.py:508} INFO - Filling up the DagBag from /home/airflow/.local/lib/python3.7/site-packages/airflow/example_dags/example_skip_dag.py
[2022-08-19 23:03:03,320] {processor.py:651} INFO - DAG(s) dict_keys(['example_skip_dag']) retrieved from /home/airflow/.local/lib/python3.7/site-packages/airflow/example_dags/example_skip_dag.py
[2022-08-19 23:03:03,338] {logging_mixin.py:115} INFO - [2022-08-19 23:03:03,338] {dag.py:2420} INFO - Sync 1 DAGs
[2022-08-19 23:03:03,351] {logging_mixin.py:115} INFO - [2022-08-19 23:03:03,351] {dag.py:2972} INFO - Setting next_dagrun for example_skip_dag to 2022-08-18T23:03:03.350878+00:00, run_after=2022-08-19T23:03:03.350878+00:00
[2022-08-19 23:03:03,358] {processor.py:161} INFO - Processing /home/airflow/.local/lib/python3.7/site-packages/airflow/example_dags/example_skip_dag.py took 0.046 seconds
[2022-08-19 23:03:33,817] {processor.py:153} INFO - Started process (PID=1356) to work on /home/airflow/.local/lib/python3.7/site-packages/airflow/example_dags/example_skip_dag.py
[2022-08-19 23:03:33,818] {processor.py:641} INFO - Processing file /home/airflow/.local/lib/python3.7/site-packages/airflow/example_dags/example_skip_dag.py for tasks to queue
[2022-08-19 23:03:33,819] {logging_mixin.py:115} INFO - [2022-08-19 23:03:33,819] {dagbag.py:508} INFO - Filling up the DagBag from /home/airflow/.local/lib/python3.7/site-packages/airflow/example_dags/example_skip_dag.py
[2022-08-19 23:03:33,823] {processor.py:651} INFO - DAG(s) dict_keys(['example_skip_dag']) retrieved from /home/airflow/.local/lib/python3.7/site-packages/airflow/example_dags/example_skip_dag.py
[2022-08-19 23:03:33,841] {logging_mixin.py:115} INFO - [2022-08-19 23:03:33,841] {dag.py:2420} INFO - Sync 1 DAGs
[2022-08-19 23:03:33,854] {logging_mixin.py:115} INFO - [2022-08-19 23:03:33,854] {dag.py:2972} INFO - Setting next_dagrun for example_skip_dag to 2022-08-18T23:03:33.853936+00:00, run_after=2022-08-19T23:03:33.853936+00:00
[2022-08-19 23:03:33,862] {processor.py:161} INFO - Processing /home/airflow/.local/lib/python3.7/site-packages/airflow/example_dags/example_skip_dag.py took 0.049 seconds
[2022-08-19 23:04:04,031] {processor.py:153} INFO - Started process (PID=1432) to work on /home/airflow/.local/lib/python3.7/site-packages/airflow/example_dags/example_skip_dag.py
[2022-08-19 23:04:04,032] {processor.py:641} INFO - Processing file /home/airflow/.local/lib/python3.7/site-packages/airflow/example_dags/example_skip_dag.py for tasks to queue
[2022-08-19 23:04:04,033] {logging_mixin.py:115} INFO - [2022-08-19 23:04:04,033] {dagbag.py:508} INFO - Filling up the DagBag from /home/airflow/.local/lib/python3.7/site-packages/airflow/example_dags/example_skip_dag.py
[2022-08-19 23:04:04,041] {processor.py:651} INFO - DAG(s) dict_keys(['example_skip_dag']) retrieved from /home/airflow/.local/lib/python3.7/site-packages/airflow/example_dags/example_skip_dag.py
[2022-08-19 23:04:04,061] {logging_mixin.py:115} INFO - [2022-08-19 23:04:04,061] {dag.py:2420} INFO - Sync 1 DAGs
[2022-08-19 23:04:04,076] {logging_mixin.py:115} INFO - [2022-08-19 23:04:04,075] {dag.py:2972} INFO - Setting next_dagrun for example_skip_dag to 2022-08-18T23:04:04.075807+00:00, run_after=2022-08-19T23:04:04.075807+00:00
[2022-08-19 23:04:04,085] {processor.py:161} INFO - Processing /home/airflow/.local/lib/python3.7/site-packages/airflow/example_dags/example_skip_dag.py took 0.056 seconds
[2022-08-19 23:04:34,613] {processor.py:153} INFO - Started process (PID=1493) to work on /home/airflow/.local/lib/python3.7/site-packages/airflow/example_dags/example_skip_dag.py
[2022-08-19 23:04:34,614] {processor.py:641} INFO - Processing file /home/airflow/.local/lib/python3.7/site-packages/airflow/example_dags/example_skip_dag.py for tasks to queue
[2022-08-19 23:04:34,616] {logging_mixin.py:115} INFO - [2022-08-19 23:04:34,615] {dagbag.py:508} INFO - Filling up the DagBag from /home/airflow/.local/lib/python3.7/site-packages/airflow/example_dags/example_skip_dag.py
[2022-08-19 23:04:34,620] {processor.py:651} INFO - DAG(s) dict_keys(['example_skip_dag']) retrieved from /home/airflow/.local/lib/python3.7/site-packages/airflow/example_dags/example_skip_dag.py
[2022-08-19 23:04:34,640] {logging_mixin.py:115} INFO - [2022-08-19 23:04:34,640] {dag.py:2420} INFO - Sync 1 DAGs
[2022-08-19 23:04:34,652] {logging_mixin.py:115} INFO - [2022-08-19 23:04:34,652] {dag.py:2972} INFO - Setting next_dagrun for example_skip_dag to 2022-08-18T23:04:34.652240+00:00, run_after=2022-08-19T23:04:34.652240+00:00
[2022-08-19 23:04:34,660] {processor.py:161} INFO - Processing /home/airflow/.local/lib/python3.7/site-packages/airflow/example_dags/example_skip_dag.py took 0.049 seconds
[2022-08-19 23:05:05,296] {processor.py:153} INFO - Started process (PID=1561) to work on /home/airflow/.local/lib/python3.7/site-packages/airflow/example_dags/example_skip_dag.py
[2022-08-19 23:05:05,297] {processor.py:641} INFO - Processing file /home/airflow/.local/lib/python3.7/site-packages/airflow/example_dags/example_skip_dag.py for tasks to queue
[2022-08-19 23:05:05,299] {logging_mixin.py:115} INFO - [2022-08-19 23:05:05,298] {dagbag.py:508} INFO - Filling up the DagBag from /home/airflow/.local/lib/python3.7/site-packages/airflow/example_dags/example_skip_dag.py
[2022-08-19 23:05:05,303] {processor.py:651} INFO - DAG(s) dict_keys(['example_skip_dag']) retrieved from /home/airflow/.local/lib/python3.7/site-packages/airflow/example_dags/example_skip_dag.py
[2022-08-19 23:05:05,323] {logging_mixin.py:115} INFO - [2022-08-19 23:05:05,323] {dag.py:2420} INFO - Sync 1 DAGs
[2022-08-19 23:05:05,336] {logging_mixin.py:115} INFO - [2022-08-19 23:05:05,336] {dag.py:2972} INFO - Setting next_dagrun for example_skip_dag to 2022-08-18T23:05:05.336274+00:00, run_after=2022-08-19T23:05:05.336274+00:00
[2022-08-19 23:05:05,344] {processor.py:161} INFO - Processing /home/airflow/.local/lib/python3.7/site-packages/airflow/example_dags/example_skip_dag.py took 0.050 seconds
[2022-08-19 23:05:35,852] {processor.py:153} INFO - Started process (PID=1631) to work on /home/airflow/.local/lib/python3.7/site-packages/airflow/example_dags/example_skip_dag.py
[2022-08-19 23:05:35,853] {processor.py:641} INFO - Processing file /home/airflow/.local/lib/python3.7/site-packages/airflow/example_dags/example_skip_dag.py for tasks to queue
[2022-08-19 23:05:35,854] {logging_mixin.py:115} INFO - [2022-08-19 23:05:35,854] {dagbag.py:508} INFO - Filling up the DagBag from /home/airflow/.local/lib/python3.7/site-packages/airflow/example_dags/example_skip_dag.py
[2022-08-19 23:05:35,859] {processor.py:651} INFO - DAG(s) dict_keys(['example_skip_dag']) retrieved from /home/airflow/.local/lib/python3.7/site-packages/airflow/example_dags/example_skip_dag.py
[2022-08-19 23:05:35,878] {logging_mixin.py:115} INFO - [2022-08-19 23:05:35,877] {dag.py:2420} INFO - Sync 1 DAGs
[2022-08-19 23:05:35,891] {logging_mixin.py:115} INFO - [2022-08-19 23:05:35,891] {dag.py:2972} INFO - Setting next_dagrun for example_skip_dag to 2022-08-18T23:05:35.891384+00:00, run_after=2022-08-19T23:05:35.891384+00:00
[2022-08-19 23:05:35,900] {processor.py:161} INFO - Processing /home/airflow/.local/lib/python3.7/site-packages/airflow/example_dags/example_skip_dag.py took 0.052 seconds
[2022-08-19 23:06:06,588] {processor.py:153} INFO - Started process (PID=1722) to work on /home/airflow/.local/lib/python3.7/site-packages/airflow/example_dags/example_skip_dag.py
[2022-08-19 23:06:06,589] {processor.py:641} INFO - Processing file /home/airflow/.local/lib/python3.7/site-packages/airflow/example_dags/example_skip_dag.py for tasks to queue
[2022-08-19 23:06:06,590] {logging_mixin.py:115} INFO - [2022-08-19 23:06:06,590] {dagbag.py:508} INFO - Filling up the DagBag from /home/airflow/.local/lib/python3.7/site-packages/airflow/example_dags/example_skip_dag.py
[2022-08-19 23:06:06,598] {processor.py:651} INFO - DAG(s) dict_keys(['example_skip_dag']) retrieved from /home/airflow/.local/lib/python3.7/site-packages/airflow/example_dags/example_skip_dag.py
[2022-08-19 23:06:06,626] {logging_mixin.py:115} INFO - [2022-08-19 23:06:06,626] {dag.py:2420} INFO - Sync 1 DAGs
[2022-08-19 23:06:06,657] {logging_mixin.py:115} INFO - [2022-08-19 23:06:06,656] {dag.py:2972} INFO - Setting next_dagrun for example_skip_dag to 2022-08-18T23:06:06.656369+00:00, run_after=2022-08-19T23:06:06.656369+00:00
[2022-08-19 23:06:06,680] {processor.py:161} INFO - Processing /home/airflow/.local/lib/python3.7/site-packages/airflow/example_dags/example_skip_dag.py took 0.096 seconds
[2022-08-19 23:06:37,179] {processor.py:153} INFO - Started process (PID=1842) to work on /home/airflow/.local/lib/python3.7/site-packages/airflow/example_dags/example_skip_dag.py
[2022-08-19 23:06:37,180] {processor.py:641} INFO - Processing file /home/airflow/.local/lib/python3.7/site-packages/airflow/example_dags/example_skip_dag.py for tasks to queue
[2022-08-19 23:06:37,181] {logging_mixin.py:115} INFO - [2022-08-19 23:06:37,181] {dagbag.py:508} INFO - Filling up the DagBag from /home/airflow/.local/lib/python3.7/site-packages/airflow/example_dags/example_skip_dag.py
[2022-08-19 23:06:37,207] {processor.py:651} INFO - DAG(s) dict_keys(['example_skip_dag']) retrieved from /home/airflow/.local/lib/python3.7/site-packages/airflow/example_dags/example_skip_dag.py
[2022-08-19 23:06:37,247] {logging_mixin.py:115} INFO - [2022-08-19 23:06:37,247] {dag.py:2420} INFO - Sync 1 DAGs
[2022-08-19 23:06:37,275] {logging_mixin.py:115} INFO - [2022-08-19 23:06:37,275] {dag.py:2972} INFO - Setting next_dagrun for example_skip_dag to 2022-08-18T23:06:37.275400+00:00, run_after=2022-08-19T23:06:37.275400+00:00
[2022-08-19 23:06:37,298] {processor.py:161} INFO - Processing /home/airflow/.local/lib/python3.7/site-packages/airflow/example_dags/example_skip_dag.py took 0.129 seconds
[2022-08-19 23:07:07,405] {processor.py:153} INFO - Started process (PID=1972) to work on /home/airflow/.local/lib/python3.7/site-packages/airflow/example_dags/example_skip_dag.py
[2022-08-19 23:07:07,406] {processor.py:641} INFO - Processing file /home/airflow/.local/lib/python3.7/site-packages/airflow/example_dags/example_skip_dag.py for tasks to queue
[2022-08-19 23:07:07,407] {logging_mixin.py:115} INFO - [2022-08-19 23:07:07,407] {dagbag.py:508} INFO - Filling up the DagBag from /home/airflow/.local/lib/python3.7/site-packages/airflow/example_dags/example_skip_dag.py
[2022-08-19 23:07:07,411] {processor.py:651} INFO - DAG(s) dict_keys(['example_skip_dag']) retrieved from /home/airflow/.local/lib/python3.7/site-packages/airflow/example_dags/example_skip_dag.py
[2022-08-19 23:07:07,429] {logging_mixin.py:115} INFO - [2022-08-19 23:07:07,429] {dag.py:2420} INFO - Sync 1 DAGs
[2022-08-19 23:07:07,443] {logging_mixin.py:115} INFO - [2022-08-19 23:07:07,443] {dag.py:2972} INFO - Setting next_dagrun for example_skip_dag to 2022-08-18T23:07:07.443023+00:00, run_after=2022-08-19T23:07:07.443023+00:00
[2022-08-19 23:07:07,452] {processor.py:161} INFO - Processing /home/airflow/.local/lib/python3.7/site-packages/airflow/example_dags/example_skip_dag.py took 0.050 seconds
[2022-08-19 23:07:38,571] {processor.py:153} INFO - Started process (PID=2104) to work on /home/airflow/.local/lib/python3.7/site-packages/airflow/example_dags/example_skip_dag.py
[2022-08-19 23:07:38,573] {processor.py:641} INFO - Processing file /home/airflow/.local/lib/python3.7/site-packages/airflow/example_dags/example_skip_dag.py for tasks to queue
[2022-08-19 23:07:38,575] {logging_mixin.py:115} INFO - [2022-08-19 23:07:38,574] {dagbag.py:508} INFO - Filling up the DagBag from /home/airflow/.local/lib/python3.7/site-packages/airflow/example_dags/example_skip_dag.py
[2022-08-19 23:07:38,580] {processor.py:651} INFO - DAG(s) dict_keys(['example_skip_dag']) retrieved from /home/airflow/.local/lib/python3.7/site-packages/airflow/example_dags/example_skip_dag.py
[2022-08-19 23:07:38,610] {logging_mixin.py:115} INFO - [2022-08-19 23:07:38,610] {dag.py:2420} INFO - Sync 1 DAGs
[2022-08-19 23:07:38,629] {logging_mixin.py:115} INFO - [2022-08-19 23:07:38,628] {dag.py:2972} INFO - Setting next_dagrun for example_skip_dag to 2022-08-18T23:07:38.628813+00:00, run_after=2022-08-19T23:07:38.628813+00:00
[2022-08-19 23:07:38,640] {processor.py:161} INFO - Processing /home/airflow/.local/lib/python3.7/site-packages/airflow/example_dags/example_skip_dag.py took 0.071 seconds
[2022-08-19 23:08:09,589] {processor.py:153} INFO - Started process (PID=2224) to work on /home/airflow/.local/lib/python3.7/site-packages/airflow/example_dags/example_skip_dag.py
[2022-08-19 23:08:09,591] {processor.py:641} INFO - Processing file /home/airflow/.local/lib/python3.7/site-packages/airflow/example_dags/example_skip_dag.py for tasks to queue
[2022-08-19 23:08:09,592] {logging_mixin.py:115} INFO - [2022-08-19 23:08:09,592] {dagbag.py:508} INFO - Filling up the DagBag from /home/airflow/.local/lib/python3.7/site-packages/airflow/example_dags/example_skip_dag.py
[2022-08-19 23:08:09,596] {processor.py:651} INFO - DAG(s) dict_keys(['example_skip_dag']) retrieved from /home/airflow/.local/lib/python3.7/site-packages/airflow/example_dags/example_skip_dag.py
[2022-08-19 23:08:09,623] {logging_mixin.py:115} INFO - [2022-08-19 23:08:09,623] {dag.py:2420} INFO - Sync 1 DAGs
[2022-08-19 23:08:09,645] {logging_mixin.py:115} INFO - [2022-08-19 23:08:09,645] {dag.py:2972} INFO - Setting next_dagrun for example_skip_dag to 2022-08-18T23:08:09.645300+00:00, run_after=2022-08-19T23:08:09.645300+00:00
[2022-08-19 23:08:09,663] {processor.py:161} INFO - Processing /home/airflow/.local/lib/python3.7/site-packages/airflow/example_dags/example_skip_dag.py took 0.076 seconds
[2022-08-19 23:08:40,153] {processor.py:153} INFO - Started process (PID=2342) to work on /home/airflow/.local/lib/python3.7/site-packages/airflow/example_dags/example_skip_dag.py
[2022-08-19 23:08:40,154] {processor.py:641} INFO - Processing file /home/airflow/.local/lib/python3.7/site-packages/airflow/example_dags/example_skip_dag.py for tasks to queue
[2022-08-19 23:08:40,155] {logging_mixin.py:115} INFO - [2022-08-19 23:08:40,155] {dagbag.py:508} INFO - Filling up the DagBag from /home/airflow/.local/lib/python3.7/site-packages/airflow/example_dags/example_skip_dag.py
[2022-08-19 23:08:40,159] {processor.py:651} INFO - DAG(s) dict_keys(['example_skip_dag']) retrieved from /home/airflow/.local/lib/python3.7/site-packages/airflow/example_dags/example_skip_dag.py
[2022-08-19 23:08:40,177] {logging_mixin.py:115} INFO - [2022-08-19 23:08:40,177] {dag.py:2420} INFO - Sync 1 DAGs
[2022-08-19 23:08:40,191] {logging_mixin.py:115} INFO - [2022-08-19 23:08:40,191] {dag.py:2972} INFO - Setting next_dagrun for example_skip_dag to 2022-08-18T23:08:40.191121+00:00, run_after=2022-08-19T23:08:40.191121+00:00
[2022-08-19 23:08:40,198] {processor.py:161} INFO - Processing /home/airflow/.local/lib/python3.7/site-packages/airflow/example_dags/example_skip_dag.py took 0.047 seconds
[2022-08-19 23:09:10,463] {processor.py:153} INFO - Started process (PID=2467) to work on /home/airflow/.local/lib/python3.7/site-packages/airflow/example_dags/example_skip_dag.py
[2022-08-19 23:09:10,464] {processor.py:641} INFO - Processing file /home/airflow/.local/lib/python3.7/site-packages/airflow/example_dags/example_skip_dag.py for tasks to queue
[2022-08-19 23:09:10,467] {logging_mixin.py:115} INFO - [2022-08-19 23:09:10,467] {dagbag.py:508} INFO - Filling up the DagBag from /home/airflow/.local/lib/python3.7/site-packages/airflow/example_dags/example_skip_dag.py
[2022-08-19 23:09:10,476] {processor.py:651} INFO - DAG(s) dict_keys(['example_skip_dag']) retrieved from /home/airflow/.local/lib/python3.7/site-packages/airflow/example_dags/example_skip_dag.py
[2022-08-19 23:09:10,518] {logging_mixin.py:115} INFO - [2022-08-19 23:09:10,518] {dag.py:2420} INFO - Sync 1 DAGs
[2022-08-19 23:09:10,546] {logging_mixin.py:115} INFO - [2022-08-19 23:09:10,546] {dag.py:2972} INFO - Setting next_dagrun for example_skip_dag to 2022-08-18T23:09:10.546052+00:00, run_after=2022-08-19T23:09:10.546052+00:00
[2022-08-19 23:09:10,563] {processor.py:161} INFO - Processing /home/airflow/.local/lib/python3.7/site-packages/airflow/example_dags/example_skip_dag.py took 0.103 seconds
[2022-08-19 23:09:40,950] {processor.py:153} INFO - Started process (PID=2593) to work on /home/airflow/.local/lib/python3.7/site-packages/airflow/example_dags/example_skip_dag.py
[2022-08-19 23:09:40,969] {processor.py:641} INFO - Processing file /home/airflow/.local/lib/python3.7/site-packages/airflow/example_dags/example_skip_dag.py for tasks to queue
[2022-08-19 23:09:40,971] {logging_mixin.py:115} INFO - [2022-08-19 23:09:40,970] {dagbag.py:508} INFO - Filling up the DagBag from /home/airflow/.local/lib/python3.7/site-packages/airflow/example_dags/example_skip_dag.py
[2022-08-19 23:09:40,976] {processor.py:651} INFO - DAG(s) dict_keys(['example_skip_dag']) retrieved from /home/airflow/.local/lib/python3.7/site-packages/airflow/example_dags/example_skip_dag.py
[2022-08-19 23:09:41,007] {logging_mixin.py:115} INFO - [2022-08-19 23:09:41,007] {dag.py:2420} INFO - Sync 1 DAGs
[2022-08-19 23:09:41,045] {logging_mixin.py:115} INFO - [2022-08-19 23:09:41,045] {dag.py:2972} INFO - Setting next_dagrun for example_skip_dag to 2022-08-18T23:09:41.045239+00:00, run_after=2022-08-19T23:09:41.045239+00:00
[2022-08-19 23:09:41,056] {processor.py:161} INFO - Processing /home/airflow/.local/lib/python3.7/site-packages/airflow/example_dags/example_skip_dag.py took 0.109 seconds
[2022-08-19 23:10:11,164] {processor.py:153} INFO - Started process (PID=2725) to work on /home/airflow/.local/lib/python3.7/site-packages/airflow/example_dags/example_skip_dag.py
[2022-08-19 23:10:11,165] {processor.py:641} INFO - Processing file /home/airflow/.local/lib/python3.7/site-packages/airflow/example_dags/example_skip_dag.py for tasks to queue
[2022-08-19 23:10:11,169] {logging_mixin.py:115} INFO - [2022-08-19 23:10:11,169] {dagbag.py:508} INFO - Filling up the DagBag from /home/airflow/.local/lib/python3.7/site-packages/airflow/example_dags/example_skip_dag.py
[2022-08-19 23:10:11,175] {processor.py:651} INFO - DAG(s) dict_keys(['example_skip_dag']) retrieved from /home/airflow/.local/lib/python3.7/site-packages/airflow/example_dags/example_skip_dag.py
[2022-08-19 23:10:11,212] {logging_mixin.py:115} INFO - [2022-08-19 23:10:11,211] {dag.py:2420} INFO - Sync 1 DAGs
[2022-08-19 23:10:11,239] {logging_mixin.py:115} INFO - [2022-08-19 23:10:11,239] {dag.py:2972} INFO - Setting next_dagrun for example_skip_dag to 2022-08-18T23:10:11.239065+00:00, run_after=2022-08-19T23:10:11.239065+00:00
[2022-08-19 23:10:11,255] {processor.py:161} INFO - Processing /home/airflow/.local/lib/python3.7/site-packages/airflow/example_dags/example_skip_dag.py took 0.093 seconds
[2022-08-19 23:10:41,721] {processor.py:153} INFO - Started process (PID=2864) to work on /home/airflow/.local/lib/python3.7/site-packages/airflow/example_dags/example_skip_dag.py
[2022-08-19 23:10:41,723] {processor.py:641} INFO - Processing file /home/airflow/.local/lib/python3.7/site-packages/airflow/example_dags/example_skip_dag.py for tasks to queue
[2022-08-19 23:10:41,724] {logging_mixin.py:115} INFO - [2022-08-19 23:10:41,724] {dagbag.py:508} INFO - Filling up the DagBag from /home/airflow/.local/lib/python3.7/site-packages/airflow/example_dags/example_skip_dag.py
[2022-08-19 23:10:41,730] {processor.py:651} INFO - DAG(s) dict_keys(['example_skip_dag']) retrieved from /home/airflow/.local/lib/python3.7/site-packages/airflow/example_dags/example_skip_dag.py
[2022-08-19 23:10:41,771] {logging_mixin.py:115} INFO - [2022-08-19 23:10:41,771] {dag.py:2420} INFO - Sync 1 DAGs
[2022-08-19 23:10:41,792] {logging_mixin.py:115} INFO - [2022-08-19 23:10:41,792] {dag.py:2972} INFO - Setting next_dagrun for example_skip_dag to 2022-08-18T23:10:41.792566+00:00, run_after=2022-08-19T23:10:41.792566+00:00
[2022-08-19 23:10:41,807] {processor.py:161} INFO - Processing /home/airflow/.local/lib/python3.7/site-packages/airflow/example_dags/example_skip_dag.py took 0.090 seconds
[2022-08-19 23:11:11,888] {processor.py:153} INFO - Started process (PID=2971) to work on /home/airflow/.local/lib/python3.7/site-packages/airflow/example_dags/example_skip_dag.py
[2022-08-19 23:11:11,889] {processor.py:641} INFO - Processing file /home/airflow/.local/lib/python3.7/site-packages/airflow/example_dags/example_skip_dag.py for tasks to queue
[2022-08-19 23:11:11,890] {logging_mixin.py:115} INFO - [2022-08-19 23:11:11,890] {dagbag.py:508} INFO - Filling up the DagBag from /home/airflow/.local/lib/python3.7/site-packages/airflow/example_dags/example_skip_dag.py
[2022-08-19 23:11:11,895] {processor.py:651} INFO - DAG(s) dict_keys(['example_skip_dag']) retrieved from /home/airflow/.local/lib/python3.7/site-packages/airflow/example_dags/example_skip_dag.py
[2022-08-19 23:11:11,913] {logging_mixin.py:115} INFO - [2022-08-19 23:11:11,913] {dag.py:2420} INFO - Sync 1 DAGs
[2022-08-19 23:11:11,925] {logging_mixin.py:115} INFO - [2022-08-19 23:11:11,925] {dag.py:2972} INFO - Setting next_dagrun for example_skip_dag to 2022-08-18T23:11:11.925014+00:00, run_after=2022-08-19T23:11:11.925014+00:00
[2022-08-19 23:11:11,933] {processor.py:161} INFO - Processing /home/airflow/.local/lib/python3.7/site-packages/airflow/example_dags/example_skip_dag.py took 0.047 seconds
[2022-08-19 23:11:42,132] {processor.py:153} INFO - Started process (PID=3092) to work on /home/airflow/.local/lib/python3.7/site-packages/airflow/example_dags/example_skip_dag.py
[2022-08-19 23:11:42,134] {processor.py:641} INFO - Processing file /home/airflow/.local/lib/python3.7/site-packages/airflow/example_dags/example_skip_dag.py for tasks to queue
[2022-08-19 23:11:42,135] {logging_mixin.py:115} INFO - [2022-08-19 23:11:42,135] {dagbag.py:508} INFO - Filling up the DagBag from /home/airflow/.local/lib/python3.7/site-packages/airflow/example_dags/example_skip_dag.py
[2022-08-19 23:11:42,143] {processor.py:651} INFO - DAG(s) dict_keys(['example_skip_dag']) retrieved from /home/airflow/.local/lib/python3.7/site-packages/airflow/example_dags/example_skip_dag.py
[2022-08-19 23:11:42,176] {logging_mixin.py:115} INFO - [2022-08-19 23:11:42,175] {dag.py:2420} INFO - Sync 1 DAGs
[2022-08-19 23:11:42,194] {logging_mixin.py:115} INFO - [2022-08-19 23:11:42,194] {dag.py:2972} INFO - Setting next_dagrun for example_skip_dag to 2022-08-18T23:11:42.194401+00:00, run_after=2022-08-19T23:11:42.194401+00:00
[2022-08-19 23:11:42,206] {processor.py:161} INFO - Processing /home/airflow/.local/lib/python3.7/site-packages/airflow/example_dags/example_skip_dag.py took 0.078 seconds
[2022-08-19 23:12:12,532] {processor.py:153} INFO - Started process (PID=3227) to work on /home/airflow/.local/lib/python3.7/site-packages/airflow/example_dags/example_skip_dag.py
[2022-08-19 23:12:12,534] {processor.py:641} INFO - Processing file /home/airflow/.local/lib/python3.7/site-packages/airflow/example_dags/example_skip_dag.py for tasks to queue
[2022-08-19 23:12:12,535] {logging_mixin.py:115} INFO - [2022-08-19 23:12:12,535] {dagbag.py:508} INFO - Filling up the DagBag from /home/airflow/.local/lib/python3.7/site-packages/airflow/example_dags/example_skip_dag.py
[2022-08-19 23:12:12,541] {processor.py:651} INFO - DAG(s) dict_keys(['example_skip_dag']) retrieved from /home/airflow/.local/lib/python3.7/site-packages/airflow/example_dags/example_skip_dag.py
[2022-08-19 23:12:12,560] {logging_mixin.py:115} INFO - [2022-08-19 23:12:12,560] {dag.py:2420} INFO - Sync 1 DAGs
[2022-08-19 23:12:12,574] {logging_mixin.py:115} INFO - [2022-08-19 23:12:12,574] {dag.py:2972} INFO - Setting next_dagrun for example_skip_dag to 2022-08-18T23:12:12.573980+00:00, run_after=2022-08-19T23:12:12.573980+00:00
[2022-08-19 23:12:12,582] {processor.py:161} INFO - Processing /home/airflow/.local/lib/python3.7/site-packages/airflow/example_dags/example_skip_dag.py took 0.053 seconds
[2022-08-19 23:12:42,694] {processor.py:153} INFO - Started process (PID=3340) to work on /home/airflow/.local/lib/python3.7/site-packages/airflow/example_dags/example_skip_dag.py
[2022-08-19 23:12:42,695] {processor.py:641} INFO - Processing file /home/airflow/.local/lib/python3.7/site-packages/airflow/example_dags/example_skip_dag.py for tasks to queue
[2022-08-19 23:12:42,696] {logging_mixin.py:115} INFO - [2022-08-19 23:12:42,696] {dagbag.py:508} INFO - Filling up the DagBag from /home/airflow/.local/lib/python3.7/site-packages/airflow/example_dags/example_skip_dag.py
[2022-08-19 23:12:42,701] {processor.py:651} INFO - DAG(s) dict_keys(['example_skip_dag']) retrieved from /home/airflow/.local/lib/python3.7/site-packages/airflow/example_dags/example_skip_dag.py
[2022-08-19 23:12:42,718] {logging_mixin.py:115} INFO - [2022-08-19 23:12:42,718] {dag.py:2420} INFO - Sync 1 DAGs
[2022-08-19 23:12:42,731] {logging_mixin.py:115} INFO - [2022-08-19 23:12:42,731] {dag.py:2972} INFO - Setting next_dagrun for example_skip_dag to 2022-08-18T23:12:42.731129+00:00, run_after=2022-08-19T23:12:42.731129+00:00
[2022-08-19 23:12:42,738] {processor.py:161} INFO - Processing /home/airflow/.local/lib/python3.7/site-packages/airflow/example_dags/example_skip_dag.py took 0.046 seconds
[2022-08-19 23:13:13,031] {processor.py:153} INFO - Started process (PID=3473) to work on /home/airflow/.local/lib/python3.7/site-packages/airflow/example_dags/example_skip_dag.py
[2022-08-19 23:13:13,032] {processor.py:641} INFO - Processing file /home/airflow/.local/lib/python3.7/site-packages/airflow/example_dags/example_skip_dag.py for tasks to queue
[2022-08-19 23:13:13,034] {logging_mixin.py:115} INFO - [2022-08-19 23:13:13,034] {dagbag.py:508} INFO - Filling up the DagBag from /home/airflow/.local/lib/python3.7/site-packages/airflow/example_dags/example_skip_dag.py
[2022-08-19 23:13:13,039] {processor.py:651} INFO - DAG(s) dict_keys(['example_skip_dag']) retrieved from /home/airflow/.local/lib/python3.7/site-packages/airflow/example_dags/example_skip_dag.py
[2022-08-19 23:13:13,079] {logging_mixin.py:115} INFO - [2022-08-19 23:13:13,079] {dag.py:2420} INFO - Sync 1 DAGs
[2022-08-19 23:13:13,110] {logging_mixin.py:115} INFO - [2022-08-19 23:13:13,110] {dag.py:2972} INFO - Setting next_dagrun for example_skip_dag to 2022-08-18T23:13:13.110604+00:00, run_after=2022-08-19T23:13:13.110604+00:00
[2022-08-19 23:13:13,125] {processor.py:161} INFO - Processing /home/airflow/.local/lib/python3.7/site-packages/airflow/example_dags/example_skip_dag.py took 0.097 seconds
[2022-08-19 23:13:43,664] {processor.py:153} INFO - Started process (PID=3597) to work on /home/airflow/.local/lib/python3.7/site-packages/airflow/example_dags/example_skip_dag.py
[2022-08-19 23:13:43,665] {processor.py:641} INFO - Processing file /home/airflow/.local/lib/python3.7/site-packages/airflow/example_dags/example_skip_dag.py for tasks to queue
[2022-08-19 23:13:43,666] {logging_mixin.py:115} INFO - [2022-08-19 23:13:43,666] {dagbag.py:508} INFO - Filling up the DagBag from /home/airflow/.local/lib/python3.7/site-packages/airflow/example_dags/example_skip_dag.py
[2022-08-19 23:13:43,670] {processor.py:651} INFO - DAG(s) dict_keys(['example_skip_dag']) retrieved from /home/airflow/.local/lib/python3.7/site-packages/airflow/example_dags/example_skip_dag.py
[2022-08-19 23:13:43,692] {logging_mixin.py:115} INFO - [2022-08-19 23:13:43,692] {dag.py:2420} INFO - Sync 1 DAGs
[2022-08-19 23:13:43,706] {logging_mixin.py:115} INFO - [2022-08-19 23:13:43,706] {dag.py:2972} INFO - Setting next_dagrun for example_skip_dag to 2022-08-18T23:13:43.705952+00:00, run_after=2022-08-19T23:13:43.705952+00:00
[2022-08-19 23:13:43,713] {processor.py:161} INFO - Processing /home/airflow/.local/lib/python3.7/site-packages/airflow/example_dags/example_skip_dag.py took 0.051 seconds
[2022-08-19 23:14:14,148] {processor.py:153} INFO - Started process (PID=3733) to work on /home/airflow/.local/lib/python3.7/site-packages/airflow/example_dags/example_skip_dag.py
[2022-08-19 23:14:14,149] {processor.py:641} INFO - Processing file /home/airflow/.local/lib/python3.7/site-packages/airflow/example_dags/example_skip_dag.py for tasks to queue
[2022-08-19 23:14:14,150] {logging_mixin.py:115} INFO - [2022-08-19 23:14:14,150] {dagbag.py:508} INFO - Filling up the DagBag from /home/airflow/.local/lib/python3.7/site-packages/airflow/example_dags/example_skip_dag.py
[2022-08-19 23:14:14,154] {processor.py:651} INFO - DAG(s) dict_keys(['example_skip_dag']) retrieved from /home/airflow/.local/lib/python3.7/site-packages/airflow/example_dags/example_skip_dag.py
[2022-08-19 23:14:14,188] {logging_mixin.py:115} INFO - [2022-08-19 23:14:14,188] {dag.py:2420} INFO - Sync 1 DAGs
[2022-08-19 23:14:14,210] {logging_mixin.py:115} INFO - [2022-08-19 23:14:14,210] {dag.py:2972} INFO - Setting next_dagrun for example_skip_dag to 2022-08-18T23:14:14.209989+00:00, run_after=2022-08-19T23:14:14.209989+00:00
[2022-08-19 23:14:14,223] {processor.py:161} INFO - Processing /home/airflow/.local/lib/python3.7/site-packages/airflow/example_dags/example_skip_dag.py took 0.078 seconds
[2022-08-19 23:14:44,405] {processor.py:153} INFO - Started process (PID=3868) to work on /home/airflow/.local/lib/python3.7/site-packages/airflow/example_dags/example_skip_dag.py
[2022-08-19 23:14:44,407] {processor.py:641} INFO - Processing file /home/airflow/.local/lib/python3.7/site-packages/airflow/example_dags/example_skip_dag.py for tasks to queue
[2022-08-19 23:14:44,414] {logging_mixin.py:115} INFO - [2022-08-19 23:14:44,413] {dagbag.py:508} INFO - Filling up the DagBag from /home/airflow/.local/lib/python3.7/site-packages/airflow/example_dags/example_skip_dag.py
[2022-08-19 23:14:44,425] {processor.py:651} INFO - DAG(s) dict_keys(['example_skip_dag']) retrieved from /home/airflow/.local/lib/python3.7/site-packages/airflow/example_dags/example_skip_dag.py
[2022-08-19 23:14:44,458] {logging_mixin.py:115} INFO - [2022-08-19 23:14:44,458] {dag.py:2420} INFO - Sync 1 DAGs
[2022-08-19 23:14:44,487] {logging_mixin.py:115} INFO - [2022-08-19 23:14:44,487] {dag.py:2972} INFO - Setting next_dagrun for example_skip_dag to 2022-08-18T23:14:44.487729+00:00, run_after=2022-08-19T23:14:44.487729+00:00
[2022-08-19 23:14:44,504] {processor.py:161} INFO - Processing /home/airflow/.local/lib/python3.7/site-packages/airflow/example_dags/example_skip_dag.py took 0.103 seconds
[2022-08-19 23:15:14,666] {processor.py:153} INFO - Started process (PID=4002) to work on /home/airflow/.local/lib/python3.7/site-packages/airflow/example_dags/example_skip_dag.py
[2022-08-19 23:15:14,668] {processor.py:641} INFO - Processing file /home/airflow/.local/lib/python3.7/site-packages/airflow/example_dags/example_skip_dag.py for tasks to queue
[2022-08-19 23:15:14,669] {logging_mixin.py:115} INFO - [2022-08-19 23:15:14,669] {dagbag.py:508} INFO - Filling up the DagBag from /home/airflow/.local/lib/python3.7/site-packages/airflow/example_dags/example_skip_dag.py
[2022-08-19 23:15:14,672] {processor.py:651} INFO - DAG(s) dict_keys(['example_skip_dag']) retrieved from /home/airflow/.local/lib/python3.7/site-packages/airflow/example_dags/example_skip_dag.py
[2022-08-19 23:15:14,698] {logging_mixin.py:115} INFO - [2022-08-19 23:15:14,698] {dag.py:2420} INFO - Sync 1 DAGs
[2022-08-19 23:15:14,714] {logging_mixin.py:115} INFO - [2022-08-19 23:15:14,714] {dag.py:2972} INFO - Setting next_dagrun for example_skip_dag to 2022-08-18T23:15:14.713961+00:00, run_after=2022-08-19T23:15:14.713961+00:00
[2022-08-19 23:15:14,722] {processor.py:161} INFO - Processing /home/airflow/.local/lib/python3.7/site-packages/airflow/example_dags/example_skip_dag.py took 0.058 seconds
[2022-08-19 23:15:45,018] {processor.py:153} INFO - Started process (PID=4121) to work on /home/airflow/.local/lib/python3.7/site-packages/airflow/example_dags/example_skip_dag.py
[2022-08-19 23:15:45,019] {processor.py:641} INFO - Processing file /home/airflow/.local/lib/python3.7/site-packages/airflow/example_dags/example_skip_dag.py for tasks to queue
[2022-08-19 23:15:45,022] {logging_mixin.py:115} INFO - [2022-08-19 23:15:45,022] {dagbag.py:508} INFO - Filling up the DagBag from /home/airflow/.local/lib/python3.7/site-packages/airflow/example_dags/example_skip_dag.py
[2022-08-19 23:15:45,027] {processor.py:651} INFO - DAG(s) dict_keys(['example_skip_dag']) retrieved from /home/airflow/.local/lib/python3.7/site-packages/airflow/example_dags/example_skip_dag.py
[2022-08-19 23:15:45,060] {logging_mixin.py:115} INFO - [2022-08-19 23:15:45,060] {dag.py:2420} INFO - Sync 1 DAGs
[2022-08-19 23:15:45,083] {logging_mixin.py:115} INFO - [2022-08-19 23:15:45,083] {dag.py:2972} INFO - Setting next_dagrun for example_skip_dag to 2022-08-18T23:15:45.082862+00:00, run_after=2022-08-19T23:15:45.082862+00:00
[2022-08-19 23:15:45,097] {processor.py:161} INFO - Processing /home/airflow/.local/lib/python3.7/site-packages/airflow/example_dags/example_skip_dag.py took 0.083 seconds
[2022-08-19 23:16:15,971] {processor.py:153} INFO - Started process (PID=4269) to work on /home/airflow/.local/lib/python3.7/site-packages/airflow/example_dags/example_skip_dag.py
[2022-08-19 23:16:15,972] {processor.py:641} INFO - Processing file /home/airflow/.local/lib/python3.7/site-packages/airflow/example_dags/example_skip_dag.py for tasks to queue
[2022-08-19 23:16:15,974] {logging_mixin.py:115} INFO - [2022-08-19 23:16:15,974] {dagbag.py:508} INFO - Filling up the DagBag from /home/airflow/.local/lib/python3.7/site-packages/airflow/example_dags/example_skip_dag.py
[2022-08-19 23:16:15,984] {processor.py:651} INFO - DAG(s) dict_keys(['example_skip_dag']) retrieved from /home/airflow/.local/lib/python3.7/site-packages/airflow/example_dags/example_skip_dag.py
[2022-08-19 23:16:16,025] {logging_mixin.py:115} INFO - [2022-08-19 23:16:16,024] {dag.py:2420} INFO - Sync 1 DAGs
[2022-08-19 23:16:16,067] {logging_mixin.py:115} INFO - [2022-08-19 23:16:16,067] {dag.py:2972} INFO - Setting next_dagrun for example_skip_dag to 2022-08-18T23:16:16.067542+00:00, run_after=2022-08-19T23:16:16.067542+00:00
[2022-08-19 23:16:16,091] {processor.py:161} INFO - Processing /home/airflow/.local/lib/python3.7/site-packages/airflow/example_dags/example_skip_dag.py took 0.126 seconds
[2022-08-19 23:16:46,252] {processor.py:153} INFO - Started process (PID=4388) to work on /home/airflow/.local/lib/python3.7/site-packages/airflow/example_dags/example_skip_dag.py
[2022-08-19 23:16:46,253] {processor.py:641} INFO - Processing file /home/airflow/.local/lib/python3.7/site-packages/airflow/example_dags/example_skip_dag.py for tasks to queue
[2022-08-19 23:16:46,254] {logging_mixin.py:115} INFO - [2022-08-19 23:16:46,254] {dagbag.py:508} INFO - Filling up the DagBag from /home/airflow/.local/lib/python3.7/site-packages/airflow/example_dags/example_skip_dag.py
[2022-08-19 23:16:46,258] {processor.py:651} INFO - DAG(s) dict_keys(['example_skip_dag']) retrieved from /home/airflow/.local/lib/python3.7/site-packages/airflow/example_dags/example_skip_dag.py
[2022-08-19 23:16:46,276] {logging_mixin.py:115} INFO - [2022-08-19 23:16:46,276] {dag.py:2420} INFO - Sync 1 DAGs
[2022-08-19 23:16:46,290] {logging_mixin.py:115} INFO - [2022-08-19 23:16:46,290] {dag.py:2972} INFO - Setting next_dagrun for example_skip_dag to 2022-08-18T23:16:46.290388+00:00, run_after=2022-08-19T23:16:46.290388+00:00
[2022-08-19 23:16:46,298] {processor.py:161} INFO - Processing /home/airflow/.local/lib/python3.7/site-packages/airflow/example_dags/example_skip_dag.py took 0.049 seconds
[2022-08-19 23:17:16,797] {processor.py:153} INFO - Started process (PID=4530) to work on /home/airflow/.local/lib/python3.7/site-packages/airflow/example_dags/example_skip_dag.py
[2022-08-19 23:17:16,800] {processor.py:641} INFO - Processing file /home/airflow/.local/lib/python3.7/site-packages/airflow/example_dags/example_skip_dag.py for tasks to queue
[2022-08-19 23:17:16,802] {logging_mixin.py:115} INFO - [2022-08-19 23:17:16,802] {dagbag.py:508} INFO - Filling up the DagBag from /home/airflow/.local/lib/python3.7/site-packages/airflow/example_dags/example_skip_dag.py
[2022-08-19 23:17:16,807] {processor.py:651} INFO - DAG(s) dict_keys(['example_skip_dag']) retrieved from /home/airflow/.local/lib/python3.7/site-packages/airflow/example_dags/example_skip_dag.py
[2022-08-19 23:17:16,845] {logging_mixin.py:115} INFO - [2022-08-19 23:17:16,845] {dag.py:2420} INFO - Sync 1 DAGs
[2022-08-19 23:17:16,869] {logging_mixin.py:115} INFO - [2022-08-19 23:17:16,869] {dag.py:2972} INFO - Setting next_dagrun for example_skip_dag to 2022-08-18T23:17:16.869289+00:00, run_after=2022-08-19T23:17:16.869289+00:00
[2022-08-19 23:17:16,882] {processor.py:161} INFO - Processing /home/airflow/.local/lib/python3.7/site-packages/airflow/example_dags/example_skip_dag.py took 0.088 seconds
[2022-08-19 23:17:47,238] {processor.py:153} INFO - Started process (PID=4662) to work on /home/airflow/.local/lib/python3.7/site-packages/airflow/example_dags/example_skip_dag.py
[2022-08-19 23:17:47,239] {processor.py:641} INFO - Processing file /home/airflow/.local/lib/python3.7/site-packages/airflow/example_dags/example_skip_dag.py for tasks to queue
[2022-08-19 23:17:47,240] {logging_mixin.py:115} INFO - [2022-08-19 23:17:47,240] {dagbag.py:508} INFO - Filling up the DagBag from /home/airflow/.local/lib/python3.7/site-packages/airflow/example_dags/example_skip_dag.py
[2022-08-19 23:17:47,244] {processor.py:651} INFO - DAG(s) dict_keys(['example_skip_dag']) retrieved from /home/airflow/.local/lib/python3.7/site-packages/airflow/example_dags/example_skip_dag.py
[2022-08-19 23:17:47,275] {logging_mixin.py:115} INFO - [2022-08-19 23:17:47,274] {dag.py:2420} INFO - Sync 1 DAGs
[2022-08-19 23:17:47,296] {logging_mixin.py:115} INFO - [2022-08-19 23:17:47,296] {dag.py:2972} INFO - Setting next_dagrun for example_skip_dag to 2022-08-18T23:17:47.296755+00:00, run_after=2022-08-19T23:17:47.296755+00:00
[2022-08-19 23:17:47,309] {processor.py:161} INFO - Processing /home/airflow/.local/lib/python3.7/site-packages/airflow/example_dags/example_skip_dag.py took 0.074 seconds
[2022-08-19 23:18:17,536] {processor.py:153} INFO - Started process (PID=4798) to work on /home/airflow/.local/lib/python3.7/site-packages/airflow/example_dags/example_skip_dag.py
[2022-08-19 23:18:17,537] {processor.py:641} INFO - Processing file /home/airflow/.local/lib/python3.7/site-packages/airflow/example_dags/example_skip_dag.py for tasks to queue
[2022-08-19 23:18:17,539] {logging_mixin.py:115} INFO - [2022-08-19 23:18:17,539] {dagbag.py:508} INFO - Filling up the DagBag from /home/airflow/.local/lib/python3.7/site-packages/airflow/example_dags/example_skip_dag.py
[2022-08-19 23:18:17,543] {processor.py:651} INFO - DAG(s) dict_keys(['example_skip_dag']) retrieved from /home/airflow/.local/lib/python3.7/site-packages/airflow/example_dags/example_skip_dag.py
[2022-08-19 23:18:17,577] {logging_mixin.py:115} INFO - [2022-08-19 23:18:17,577] {dag.py:2420} INFO - Sync 1 DAGs
[2022-08-19 23:18:17,617] {logging_mixin.py:115} INFO - [2022-08-19 23:18:17,617] {dag.py:2972} INFO - Setting next_dagrun for example_skip_dag to 2022-08-18T23:18:17.617384+00:00, run_after=2022-08-19T23:18:17.617384+00:00
[2022-08-19 23:18:17,642] {processor.py:161} INFO - Processing /home/airflow/.local/lib/python3.7/site-packages/airflow/example_dags/example_skip_dag.py took 0.109 seconds
[2022-08-19 23:18:48,569] {processor.py:153} INFO - Started process (PID=4925) to work on /home/airflow/.local/lib/python3.7/site-packages/airflow/example_dags/example_skip_dag.py
[2022-08-19 23:18:48,570] {processor.py:641} INFO - Processing file /home/airflow/.local/lib/python3.7/site-packages/airflow/example_dags/example_skip_dag.py for tasks to queue
[2022-08-19 23:18:48,571] {logging_mixin.py:115} INFO - [2022-08-19 23:18:48,571] {dagbag.py:508} INFO - Filling up the DagBag from /home/airflow/.local/lib/python3.7/site-packages/airflow/example_dags/example_skip_dag.py
[2022-08-19 23:18:48,578] {processor.py:651} INFO - DAG(s) dict_keys(['example_skip_dag']) retrieved from /home/airflow/.local/lib/python3.7/site-packages/airflow/example_dags/example_skip_dag.py
[2022-08-19 23:18:48,605] {logging_mixin.py:115} INFO - [2022-08-19 23:18:48,605] {dag.py:2420} INFO - Sync 1 DAGs
[2022-08-19 23:18:48,626] {logging_mixin.py:115} INFO - [2022-08-19 23:18:48,626] {dag.py:2972} INFO - Setting next_dagrun for example_skip_dag to 2022-08-18T23:18:48.626511+00:00, run_after=2022-08-19T23:18:48.626511+00:00
[2022-08-19 23:18:48,638] {processor.py:161} INFO - Processing /home/airflow/.local/lib/python3.7/site-packages/airflow/example_dags/example_skip_dag.py took 0.072 seconds
[2022-08-19 23:19:18,964] {processor.py:153} INFO - Started process (PID=5059) to work on /home/airflow/.local/lib/python3.7/site-packages/airflow/example_dags/example_skip_dag.py
[2022-08-19 23:19:18,971] {processor.py:641} INFO - Processing file /home/airflow/.local/lib/python3.7/site-packages/airflow/example_dags/example_skip_dag.py for tasks to queue
[2022-08-19 23:19:18,972] {logging_mixin.py:115} INFO - [2022-08-19 23:19:18,972] {dagbag.py:508} INFO - Filling up the DagBag from /home/airflow/.local/lib/python3.7/site-packages/airflow/example_dags/example_skip_dag.py
[2022-08-19 23:19:18,976] {processor.py:651} INFO - DAG(s) dict_keys(['example_skip_dag']) retrieved from /home/airflow/.local/lib/python3.7/site-packages/airflow/example_dags/example_skip_dag.py
[2022-08-19 23:19:19,024] {logging_mixin.py:115} INFO - [2022-08-19 23:19:19,024] {dag.py:2420} INFO - Sync 1 DAGs
[2022-08-19 23:19:19,064] {logging_mixin.py:115} INFO - [2022-08-19 23:19:19,064] {dag.py:2972} INFO - Setting next_dagrun for example_skip_dag to 2022-08-18T23:19:19.064112+00:00, run_after=2022-08-19T23:19:19.064112+00:00
[2022-08-19 23:19:19,085] {processor.py:161} INFO - Processing /home/airflow/.local/lib/python3.7/site-packages/airflow/example_dags/example_skip_dag.py took 0.125 seconds
[2022-08-19 23:19:49,252] {processor.py:153} INFO - Started process (PID=5199) to work on /home/airflow/.local/lib/python3.7/site-packages/airflow/example_dags/example_skip_dag.py
[2022-08-19 23:19:49,254] {processor.py:641} INFO - Processing file /home/airflow/.local/lib/python3.7/site-packages/airflow/example_dags/example_skip_dag.py for tasks to queue
[2022-08-19 23:19:49,255] {logging_mixin.py:115} INFO - [2022-08-19 23:19:49,255] {dagbag.py:508} INFO - Filling up the DagBag from /home/airflow/.local/lib/python3.7/site-packages/airflow/example_dags/example_skip_dag.py
[2022-08-19 23:19:49,260] {processor.py:651} INFO - DAG(s) dict_keys(['example_skip_dag']) retrieved from /home/airflow/.local/lib/python3.7/site-packages/airflow/example_dags/example_skip_dag.py
[2022-08-19 23:19:49,307] {logging_mixin.py:115} INFO - [2022-08-19 23:19:49,307] {dag.py:2420} INFO - Sync 1 DAGs
[2022-08-19 23:19:49,351] {logging_mixin.py:115} INFO - [2022-08-19 23:19:49,350] {dag.py:2972} INFO - Setting next_dagrun for example_skip_dag to 2022-08-18T23:19:49.350830+00:00, run_after=2022-08-19T23:19:49.350830+00:00
[2022-08-19 23:19:49,365] {processor.py:161} INFO - Processing /home/airflow/.local/lib/python3.7/site-packages/airflow/example_dags/example_skip_dag.py took 0.116 seconds
[2022-08-19 23:20:20,121] {processor.py:153} INFO - Started process (PID=5321) to work on /home/airflow/.local/lib/python3.7/site-packages/airflow/example_dags/example_skip_dag.py
[2022-08-19 23:20:20,122] {processor.py:641} INFO - Processing file /home/airflow/.local/lib/python3.7/site-packages/airflow/example_dags/example_skip_dag.py for tasks to queue
[2022-08-19 23:20:20,124] {logging_mixin.py:115} INFO - [2022-08-19 23:20:20,124] {dagbag.py:508} INFO - Filling up the DagBag from /home/airflow/.local/lib/python3.7/site-packages/airflow/example_dags/example_skip_dag.py
[2022-08-19 23:20:20,131] {processor.py:651} INFO - DAG(s) dict_keys(['example_skip_dag']) retrieved from /home/airflow/.local/lib/python3.7/site-packages/airflow/example_dags/example_skip_dag.py
[2022-08-19 23:20:20,195] {logging_mixin.py:115} INFO - [2022-08-19 23:20:20,195] {dag.py:2420} INFO - Sync 1 DAGs
[2022-08-19 23:20:20,239] {logging_mixin.py:115} INFO - [2022-08-19 23:20:20,239] {dag.py:2972} INFO - Setting next_dagrun for example_skip_dag to 2022-08-18T23:20:20.238830+00:00, run_after=2022-08-19T23:20:20.238830+00:00
[2022-08-19 23:20:20,258] {processor.py:161} INFO - Processing /home/airflow/.local/lib/python3.7/site-packages/airflow/example_dags/example_skip_dag.py took 0.143 seconds
[2022-08-19 23:20:50,492] {processor.py:153} INFO - Started process (PID=5436) to work on /home/airflow/.local/lib/python3.7/site-packages/airflow/example_dags/example_skip_dag.py
[2022-08-19 23:20:50,494] {processor.py:641} INFO - Processing file /home/airflow/.local/lib/python3.7/site-packages/airflow/example_dags/example_skip_dag.py for tasks to queue
[2022-08-19 23:20:50,495] {logging_mixin.py:115} INFO - [2022-08-19 23:20:50,495] {dagbag.py:508} INFO - Filling up the DagBag from /home/airflow/.local/lib/python3.7/site-packages/airflow/example_dags/example_skip_dag.py
[2022-08-19 23:20:50,500] {processor.py:651} INFO - DAG(s) dict_keys(['example_skip_dag']) retrieved from /home/airflow/.local/lib/python3.7/site-packages/airflow/example_dags/example_skip_dag.py
[2022-08-19 23:20:50,536] {logging_mixin.py:115} INFO - [2022-08-19 23:20:50,536] {dag.py:2420} INFO - Sync 1 DAGs
[2022-08-19 23:20:50,562] {logging_mixin.py:115} INFO - [2022-08-19 23:20:50,562] {dag.py:2972} INFO - Setting next_dagrun for example_skip_dag to 2022-08-18T23:20:50.562472+00:00, run_after=2022-08-19T23:20:50.562472+00:00
[2022-08-19 23:20:50,573] {processor.py:161} INFO - Processing /home/airflow/.local/lib/python3.7/site-packages/airflow/example_dags/example_skip_dag.py took 0.084 seconds
[2022-08-19 23:21:20,713] {processor.py:153} INFO - Started process (PID=5564) to work on /home/airflow/.local/lib/python3.7/site-packages/airflow/example_dags/example_skip_dag.py
[2022-08-19 23:21:20,715] {processor.py:641} INFO - Processing file /home/airflow/.local/lib/python3.7/site-packages/airflow/example_dags/example_skip_dag.py for tasks to queue
[2022-08-19 23:21:20,716] {logging_mixin.py:115} INFO - [2022-08-19 23:21:20,716] {dagbag.py:508} INFO - Filling up the DagBag from /home/airflow/.local/lib/python3.7/site-packages/airflow/example_dags/example_skip_dag.py
[2022-08-19 23:21:20,725] {processor.py:651} INFO - DAG(s) dict_keys(['example_skip_dag']) retrieved from /home/airflow/.local/lib/python3.7/site-packages/airflow/example_dags/example_skip_dag.py
[2022-08-19 23:21:20,780] {logging_mixin.py:115} INFO - [2022-08-19 23:21:20,780] {dag.py:2420} INFO - Sync 1 DAGs
[2022-08-19 23:21:20,828] {logging_mixin.py:115} INFO - [2022-08-19 23:21:20,828] {dag.py:2972} INFO - Setting next_dagrun for example_skip_dag to 2022-08-18T23:21:20.827150+00:00, run_after=2022-08-19T23:21:20.827150+00:00
[2022-08-19 23:21:20,845] {processor.py:161} INFO - Processing /home/airflow/.local/lib/python3.7/site-packages/airflow/example_dags/example_skip_dag.py took 0.136 seconds
[2022-08-19 23:21:50,893] {processor.py:153} INFO - Started process (PID=5684) to work on /home/airflow/.local/lib/python3.7/site-packages/airflow/example_dags/example_skip_dag.py
[2022-08-19 23:21:50,894] {processor.py:641} INFO - Processing file /home/airflow/.local/lib/python3.7/site-packages/airflow/example_dags/example_skip_dag.py for tasks to queue
[2022-08-19 23:21:50,896] {logging_mixin.py:115} INFO - [2022-08-19 23:21:50,896] {dagbag.py:508} INFO - Filling up the DagBag from /home/airflow/.local/lib/python3.7/site-packages/airflow/example_dags/example_skip_dag.py
[2022-08-19 23:21:50,899] {processor.py:651} INFO - DAG(s) dict_keys(['example_skip_dag']) retrieved from /home/airflow/.local/lib/python3.7/site-packages/airflow/example_dags/example_skip_dag.py
[2022-08-19 23:21:50,915] {logging_mixin.py:115} INFO - [2022-08-19 23:21:50,915] {dag.py:2420} INFO - Sync 1 DAGs
[2022-08-19 23:21:50,927] {logging_mixin.py:115} INFO - [2022-08-19 23:21:50,927] {dag.py:2972} INFO - Setting next_dagrun for example_skip_dag to 2022-08-18T23:21:50.927093+00:00, run_after=2022-08-19T23:21:50.927093+00:00
[2022-08-19 23:21:50,933] {processor.py:161} INFO - Processing /home/airflow/.local/lib/python3.7/site-packages/airflow/example_dags/example_skip_dag.py took 0.042 seconds
[2022-08-19 23:22:21,358] {processor.py:153} INFO - Started process (PID=5753) to work on /home/airflow/.local/lib/python3.7/site-packages/airflow/example_dags/example_skip_dag.py
[2022-08-19 23:22:21,359] {processor.py:641} INFO - Processing file /home/airflow/.local/lib/python3.7/site-packages/airflow/example_dags/example_skip_dag.py for tasks to queue
[2022-08-19 23:22:21,360] {logging_mixin.py:115} INFO - [2022-08-19 23:22:21,360] {dagbag.py:508} INFO - Filling up the DagBag from /home/airflow/.local/lib/python3.7/site-packages/airflow/example_dags/example_skip_dag.py
[2022-08-19 23:22:21,364] {processor.py:651} INFO - DAG(s) dict_keys(['example_skip_dag']) retrieved from /home/airflow/.local/lib/python3.7/site-packages/airflow/example_dags/example_skip_dag.py
[2022-08-19 23:22:21,384] {logging_mixin.py:115} INFO - [2022-08-19 23:22:21,384] {dag.py:2420} INFO - Sync 1 DAGs
[2022-08-19 23:22:21,398] {logging_mixin.py:115} INFO - [2022-08-19 23:22:21,398] {dag.py:2972} INFO - Setting next_dagrun for example_skip_dag to 2022-08-18T23:22:21.397977+00:00, run_after=2022-08-19T23:22:21.397977+00:00
[2022-08-19 23:22:21,406] {processor.py:161} INFO - Processing /home/airflow/.local/lib/python3.7/site-packages/airflow/example_dags/example_skip_dag.py took 0.051 seconds
[2022-08-19 23:22:51,928] {processor.py:153} INFO - Started process (PID=5815) to work on /home/airflow/.local/lib/python3.7/site-packages/airflow/example_dags/example_skip_dag.py
[2022-08-19 23:22:51,929] {processor.py:641} INFO - Processing file /home/airflow/.local/lib/python3.7/site-packages/airflow/example_dags/example_skip_dag.py for tasks to queue
[2022-08-19 23:22:51,930] {logging_mixin.py:115} INFO - [2022-08-19 23:22:51,930] {dagbag.py:508} INFO - Filling up the DagBag from /home/airflow/.local/lib/python3.7/site-packages/airflow/example_dags/example_skip_dag.py
[2022-08-19 23:22:51,934] {processor.py:651} INFO - DAG(s) dict_keys(['example_skip_dag']) retrieved from /home/airflow/.local/lib/python3.7/site-packages/airflow/example_dags/example_skip_dag.py
[2022-08-19 23:22:51,951] {logging_mixin.py:115} INFO - [2022-08-19 23:22:51,951] {dag.py:2420} INFO - Sync 1 DAGs
[2022-08-19 23:22:51,964] {logging_mixin.py:115} INFO - [2022-08-19 23:22:51,964] {dag.py:2972} INFO - Setting next_dagrun for example_skip_dag to 2022-08-18T23:22:51.964644+00:00, run_after=2022-08-19T23:22:51.964644+00:00
[2022-08-19 23:22:51,971] {processor.py:161} INFO - Processing /home/airflow/.local/lib/python3.7/site-packages/airflow/example_dags/example_skip_dag.py took 0.046 seconds
[2022-08-19 23:23:22,410] {processor.py:153} INFO - Started process (PID=5886) to work on /home/airflow/.local/lib/python3.7/site-packages/airflow/example_dags/example_skip_dag.py
[2022-08-19 23:23:22,412] {processor.py:641} INFO - Processing file /home/airflow/.local/lib/python3.7/site-packages/airflow/example_dags/example_skip_dag.py for tasks to queue
[2022-08-19 23:23:22,413] {logging_mixin.py:115} INFO - [2022-08-19 23:23:22,413] {dagbag.py:508} INFO - Filling up the DagBag from /home/airflow/.local/lib/python3.7/site-packages/airflow/example_dags/example_skip_dag.py
[2022-08-19 23:23:22,419] {processor.py:651} INFO - DAG(s) dict_keys(['example_skip_dag']) retrieved from /home/airflow/.local/lib/python3.7/site-packages/airflow/example_dags/example_skip_dag.py
[2022-08-19 23:23:22,438] {logging_mixin.py:115} INFO - [2022-08-19 23:23:22,438] {dag.py:2420} INFO - Sync 1 DAGs
[2022-08-19 23:23:22,451] {logging_mixin.py:115} INFO - [2022-08-19 23:23:22,450] {dag.py:2972} INFO - Setting next_dagrun for example_skip_dag to 2022-08-18T23:23:22.450834+00:00, run_after=2022-08-19T23:23:22.450834+00:00
[2022-08-19 23:23:22,459] {processor.py:161} INFO - Processing /home/airflow/.local/lib/python3.7/site-packages/airflow/example_dags/example_skip_dag.py took 0.052 seconds
[2022-08-19 23:23:53,038] {processor.py:153} INFO - Started process (PID=5952) to work on /home/airflow/.local/lib/python3.7/site-packages/airflow/example_dags/example_skip_dag.py
[2022-08-19 23:23:53,039] {processor.py:641} INFO - Processing file /home/airflow/.local/lib/python3.7/site-packages/airflow/example_dags/example_skip_dag.py for tasks to queue
[2022-08-19 23:23:53,040] {logging_mixin.py:115} INFO - [2022-08-19 23:23:53,040] {dagbag.py:508} INFO - Filling up the DagBag from /home/airflow/.local/lib/python3.7/site-packages/airflow/example_dags/example_skip_dag.py
[2022-08-19 23:23:53,046] {processor.py:651} INFO - DAG(s) dict_keys(['example_skip_dag']) retrieved from /home/airflow/.local/lib/python3.7/site-packages/airflow/example_dags/example_skip_dag.py
[2022-08-19 23:23:53,066] {logging_mixin.py:115} INFO - [2022-08-19 23:23:53,066] {dag.py:2420} INFO - Sync 1 DAGs
[2022-08-19 23:23:53,079] {logging_mixin.py:115} INFO - [2022-08-19 23:23:53,079] {dag.py:2972} INFO - Setting next_dagrun for example_skip_dag to 2022-08-18T23:23:53.078960+00:00, run_after=2022-08-19T23:23:53.078960+00:00
[2022-08-19 23:23:53,086] {processor.py:161} INFO - Processing /home/airflow/.local/lib/python3.7/site-packages/airflow/example_dags/example_skip_dag.py took 0.051 seconds
[2022-08-19 23:24:23,397] {processor.py:153} INFO - Started process (PID=6019) to work on /home/airflow/.local/lib/python3.7/site-packages/airflow/example_dags/example_skip_dag.py
[2022-08-19 23:24:23,398] {processor.py:641} INFO - Processing file /home/airflow/.local/lib/python3.7/site-packages/airflow/example_dags/example_skip_dag.py for tasks to queue
[2022-08-19 23:24:23,399] {logging_mixin.py:115} INFO - [2022-08-19 23:24:23,399] {dagbag.py:508} INFO - Filling up the DagBag from /home/airflow/.local/lib/python3.7/site-packages/airflow/example_dags/example_skip_dag.py
[2022-08-19 23:24:23,404] {processor.py:651} INFO - DAG(s) dict_keys(['example_skip_dag']) retrieved from /home/airflow/.local/lib/python3.7/site-packages/airflow/example_dags/example_skip_dag.py
[2022-08-19 23:24:23,423] {logging_mixin.py:115} INFO - [2022-08-19 23:24:23,423] {dag.py:2420} INFO - Sync 1 DAGs
[2022-08-19 23:24:23,436] {logging_mixin.py:115} INFO - [2022-08-19 23:24:23,436] {dag.py:2972} INFO - Setting next_dagrun for example_skip_dag to 2022-08-18T23:24:23.435999+00:00, run_after=2022-08-19T23:24:23.435999+00:00
[2022-08-19 23:24:23,443] {processor.py:161} INFO - Processing /home/airflow/.local/lib/python3.7/site-packages/airflow/example_dags/example_skip_dag.py took 0.048 seconds
[2022-08-19 23:24:53,859] {processor.py:153} INFO - Started process (PID=6088) to work on /home/airflow/.local/lib/python3.7/site-packages/airflow/example_dags/example_skip_dag.py
[2022-08-19 23:24:53,860] {processor.py:641} INFO - Processing file /home/airflow/.local/lib/python3.7/site-packages/airflow/example_dags/example_skip_dag.py for tasks to queue
[2022-08-19 23:24:53,861] {logging_mixin.py:115} INFO - [2022-08-19 23:24:53,861] {dagbag.py:508} INFO - Filling up the DagBag from /home/airflow/.local/lib/python3.7/site-packages/airflow/example_dags/example_skip_dag.py
[2022-08-19 23:24:53,865] {processor.py:651} INFO - DAG(s) dict_keys(['example_skip_dag']) retrieved from /home/airflow/.local/lib/python3.7/site-packages/airflow/example_dags/example_skip_dag.py
[2022-08-19 23:24:53,883] {logging_mixin.py:115} INFO - [2022-08-19 23:24:53,883] {dag.py:2420} INFO - Sync 1 DAGs
[2022-08-19 23:24:53,896] {logging_mixin.py:115} INFO - [2022-08-19 23:24:53,896] {dag.py:2972} INFO - Setting next_dagrun for example_skip_dag to 2022-08-18T23:24:53.896463+00:00, run_after=2022-08-19T23:24:53.896463+00:00
[2022-08-19 23:24:53,904] {processor.py:161} INFO - Processing /home/airflow/.local/lib/python3.7/site-packages/airflow/example_dags/example_skip_dag.py took 0.047 seconds
[2022-08-19 23:25:24,219] {processor.py:153} INFO - Started process (PID=6156) to work on /home/airflow/.local/lib/python3.7/site-packages/airflow/example_dags/example_skip_dag.py
[2022-08-19 23:25:24,220] {processor.py:641} INFO - Processing file /home/airflow/.local/lib/python3.7/site-packages/airflow/example_dags/example_skip_dag.py for tasks to queue
[2022-08-19 23:25:24,221] {logging_mixin.py:115} INFO - [2022-08-19 23:25:24,221] {dagbag.py:508} INFO - Filling up the DagBag from /home/airflow/.local/lib/python3.7/site-packages/airflow/example_dags/example_skip_dag.py
[2022-08-19 23:25:24,226] {processor.py:651} INFO - DAG(s) dict_keys(['example_skip_dag']) retrieved from /home/airflow/.local/lib/python3.7/site-packages/airflow/example_dags/example_skip_dag.py
[2022-08-19 23:25:24,244] {logging_mixin.py:115} INFO - [2022-08-19 23:25:24,244] {dag.py:2420} INFO - Sync 1 DAGs
[2022-08-19 23:25:24,257] {logging_mixin.py:115} INFO - [2022-08-19 23:25:24,257] {dag.py:2972} INFO - Setting next_dagrun for example_skip_dag to 2022-08-18T23:25:24.257123+00:00, run_after=2022-08-19T23:25:24.257123+00:00
[2022-08-19 23:25:24,265] {processor.py:161} INFO - Processing /home/airflow/.local/lib/python3.7/site-packages/airflow/example_dags/example_skip_dag.py took 0.049 seconds
[2022-08-19 23:25:54,872] {processor.py:153} INFO - Started process (PID=6214) to work on /home/airflow/.local/lib/python3.7/site-packages/airflow/example_dags/example_skip_dag.py
[2022-08-19 23:25:54,873] {processor.py:641} INFO - Processing file /home/airflow/.local/lib/python3.7/site-packages/airflow/example_dags/example_skip_dag.py for tasks to queue
[2022-08-19 23:25:54,874] {logging_mixin.py:115} INFO - [2022-08-19 23:25:54,874] {dagbag.py:508} INFO - Filling up the DagBag from /home/airflow/.local/lib/python3.7/site-packages/airflow/example_dags/example_skip_dag.py
[2022-08-19 23:25:54,878] {processor.py:651} INFO - DAG(s) dict_keys(['example_skip_dag']) retrieved from /home/airflow/.local/lib/python3.7/site-packages/airflow/example_dags/example_skip_dag.py
[2022-08-19 23:25:54,898] {logging_mixin.py:115} INFO - [2022-08-19 23:25:54,898] {dag.py:2420} INFO - Sync 1 DAGs
[2022-08-19 23:25:54,914] {logging_mixin.py:115} INFO - [2022-08-19 23:25:54,914] {dag.py:2972} INFO - Setting next_dagrun for example_skip_dag to 2022-08-18T23:25:54.914680+00:00, run_after=2022-08-19T23:25:54.914680+00:00
[2022-08-19 23:25:54,923] {processor.py:161} INFO - Processing /home/airflow/.local/lib/python3.7/site-packages/airflow/example_dags/example_skip_dag.py took 0.053 seconds
[2022-08-19 23:26:25,350] {processor.py:153} INFO - Started process (PID=6283) to work on /home/airflow/.local/lib/python3.7/site-packages/airflow/example_dags/example_skip_dag.py
[2022-08-19 23:26:25,351] {processor.py:641} INFO - Processing file /home/airflow/.local/lib/python3.7/site-packages/airflow/example_dags/example_skip_dag.py for tasks to queue
[2022-08-19 23:26:25,352] {logging_mixin.py:115} INFO - [2022-08-19 23:26:25,352] {dagbag.py:508} INFO - Filling up the DagBag from /home/airflow/.local/lib/python3.7/site-packages/airflow/example_dags/example_skip_dag.py
[2022-08-19 23:26:25,356] {processor.py:651} INFO - DAG(s) dict_keys(['example_skip_dag']) retrieved from /home/airflow/.local/lib/python3.7/site-packages/airflow/example_dags/example_skip_dag.py
[2022-08-19 23:26:25,373] {logging_mixin.py:115} INFO - [2022-08-19 23:26:25,373] {dag.py:2420} INFO - Sync 1 DAGs
[2022-08-19 23:26:25,385] {logging_mixin.py:115} INFO - [2022-08-19 23:26:25,385] {dag.py:2972} INFO - Setting next_dagrun for example_skip_dag to 2022-08-18T23:26:25.385306+00:00, run_after=2022-08-19T23:26:25.385306+00:00
[2022-08-19 23:26:25,392] {processor.py:161} INFO - Processing /home/airflow/.local/lib/python3.7/site-packages/airflow/example_dags/example_skip_dag.py took 0.044 seconds
[2022-08-19 23:26:55,907] {processor.py:153} INFO - Started process (PID=6350) to work on /home/airflow/.local/lib/python3.7/site-packages/airflow/example_dags/example_skip_dag.py
[2022-08-19 23:26:55,909] {processor.py:641} INFO - Processing file /home/airflow/.local/lib/python3.7/site-packages/airflow/example_dags/example_skip_dag.py for tasks to queue
[2022-08-19 23:26:55,910] {logging_mixin.py:115} INFO - [2022-08-19 23:26:55,910] {dagbag.py:508} INFO - Filling up the DagBag from /home/airflow/.local/lib/python3.7/site-packages/airflow/example_dags/example_skip_dag.py
[2022-08-19 23:26:55,914] {processor.py:651} INFO - DAG(s) dict_keys(['example_skip_dag']) retrieved from /home/airflow/.local/lib/python3.7/site-packages/airflow/example_dags/example_skip_dag.py
[2022-08-19 23:26:55,931] {logging_mixin.py:115} INFO - [2022-08-19 23:26:55,931] {dag.py:2420} INFO - Sync 1 DAGs
[2022-08-19 23:26:55,944] {logging_mixin.py:115} INFO - [2022-08-19 23:26:55,944] {dag.py:2972} INFO - Setting next_dagrun for example_skip_dag to 2022-08-18T23:26:55.944355+00:00, run_after=2022-08-19T23:26:55.944355+00:00
[2022-08-19 23:26:55,951] {processor.py:161} INFO - Processing /home/airflow/.local/lib/python3.7/site-packages/airflow/example_dags/example_skip_dag.py took 0.046 seconds
[2022-08-19 23:27:26,303] {processor.py:153} INFO - Started process (PID=6417) to work on /home/airflow/.local/lib/python3.7/site-packages/airflow/example_dags/example_skip_dag.py
[2022-08-19 23:27:26,305] {processor.py:641} INFO - Processing file /home/airflow/.local/lib/python3.7/site-packages/airflow/example_dags/example_skip_dag.py for tasks to queue
[2022-08-19 23:27:26,306] {logging_mixin.py:115} INFO - [2022-08-19 23:27:26,306] {dagbag.py:508} INFO - Filling up the DagBag from /home/airflow/.local/lib/python3.7/site-packages/airflow/example_dags/example_skip_dag.py
[2022-08-19 23:27:26,310] {processor.py:651} INFO - DAG(s) dict_keys(['example_skip_dag']) retrieved from /home/airflow/.local/lib/python3.7/site-packages/airflow/example_dags/example_skip_dag.py
[2022-08-19 23:27:26,328] {logging_mixin.py:115} INFO - [2022-08-19 23:27:26,328] {dag.py:2420} INFO - Sync 1 DAGs
[2022-08-19 23:27:26,341] {logging_mixin.py:115} INFO - [2022-08-19 23:27:26,341] {dag.py:2972} INFO - Setting next_dagrun for example_skip_dag to 2022-08-18T23:27:26.341242+00:00, run_after=2022-08-19T23:27:26.341242+00:00
[2022-08-19 23:27:26,348] {processor.py:161} INFO - Processing /home/airflow/.local/lib/python3.7/site-packages/airflow/example_dags/example_skip_dag.py took 0.048 seconds
[2022-08-19 23:27:56,830] {processor.py:153} INFO - Started process (PID=6486) to work on /home/airflow/.local/lib/python3.7/site-packages/airflow/example_dags/example_skip_dag.py
[2022-08-19 23:27:56,831] {processor.py:641} INFO - Processing file /home/airflow/.local/lib/python3.7/site-packages/airflow/example_dags/example_skip_dag.py for tasks to queue
[2022-08-19 23:27:56,832] {logging_mixin.py:115} INFO - [2022-08-19 23:27:56,832] {dagbag.py:508} INFO - Filling up the DagBag from /home/airflow/.local/lib/python3.7/site-packages/airflow/example_dags/example_skip_dag.py
[2022-08-19 23:27:56,836] {processor.py:651} INFO - DAG(s) dict_keys(['example_skip_dag']) retrieved from /home/airflow/.local/lib/python3.7/site-packages/airflow/example_dags/example_skip_dag.py
[2022-08-19 23:27:56,884] {logging_mixin.py:115} INFO - [2022-08-19 23:27:56,884] {dag.py:2420} INFO - Sync 1 DAGs
[2022-08-19 23:27:56,896] {logging_mixin.py:115} INFO - [2022-08-19 23:27:56,896] {dag.py:2972} INFO - Setting next_dagrun for example_skip_dag to 2022-08-18T23:27:56.896710+00:00, run_after=2022-08-19T23:27:56.896710+00:00
[2022-08-19 23:27:56,903] {processor.py:161} INFO - Processing /home/airflow/.local/lib/python3.7/site-packages/airflow/example_dags/example_skip_dag.py took 0.076 seconds
[2022-08-19 23:28:27,325] {processor.py:153} INFO - Started process (PID=6555) to work on /home/airflow/.local/lib/python3.7/site-packages/airflow/example_dags/example_skip_dag.py
[2022-08-19 23:28:27,326] {processor.py:641} INFO - Processing file /home/airflow/.local/lib/python3.7/site-packages/airflow/example_dags/example_skip_dag.py for tasks to queue
[2022-08-19 23:28:27,327] {logging_mixin.py:115} INFO - [2022-08-19 23:28:27,327] {dagbag.py:508} INFO - Filling up the DagBag from /home/airflow/.local/lib/python3.7/site-packages/airflow/example_dags/example_skip_dag.py
[2022-08-19 23:28:27,331] {processor.py:651} INFO - DAG(s) dict_keys(['example_skip_dag']) retrieved from /home/airflow/.local/lib/python3.7/site-packages/airflow/example_dags/example_skip_dag.py
[2022-08-19 23:28:27,349] {logging_mixin.py:115} INFO - [2022-08-19 23:28:27,349] {dag.py:2420} INFO - Sync 1 DAGs
[2022-08-19 23:28:27,362] {logging_mixin.py:115} INFO - [2022-08-19 23:28:27,361] {dag.py:2972} INFO - Setting next_dagrun for example_skip_dag to 2022-08-18T23:28:27.361780+00:00, run_after=2022-08-19T23:28:27.361780+00:00
[2022-08-19 23:28:27,368] {processor.py:161} INFO - Processing /home/airflow/.local/lib/python3.7/site-packages/airflow/example_dags/example_skip_dag.py took 0.046 seconds
[2022-08-19 23:28:57,693] {processor.py:153} INFO - Started process (PID=6613) to work on /home/airflow/.local/lib/python3.7/site-packages/airflow/example_dags/example_skip_dag.py
[2022-08-19 23:28:57,694] {processor.py:641} INFO - Processing file /home/airflow/.local/lib/python3.7/site-packages/airflow/example_dags/example_skip_dag.py for tasks to queue
[2022-08-19 23:28:57,695] {logging_mixin.py:115} INFO - [2022-08-19 23:28:57,695] {dagbag.py:508} INFO - Filling up the DagBag from /home/airflow/.local/lib/python3.7/site-packages/airflow/example_dags/example_skip_dag.py
[2022-08-19 23:28:57,699] {processor.py:651} INFO - DAG(s) dict_keys(['example_skip_dag']) retrieved from /home/airflow/.local/lib/python3.7/site-packages/airflow/example_dags/example_skip_dag.py
[2022-08-19 23:28:57,717] {logging_mixin.py:115} INFO - [2022-08-19 23:28:57,717] {dag.py:2420} INFO - Sync 1 DAGs
[2022-08-19 23:28:57,732] {logging_mixin.py:115} INFO - [2022-08-19 23:28:57,731] {dag.py:2972} INFO - Setting next_dagrun for example_skip_dag to 2022-08-18T23:28:57.731813+00:00, run_after=2022-08-19T23:28:57.731813+00:00
[2022-08-19 23:28:57,739] {processor.py:161} INFO - Processing /home/airflow/.local/lib/python3.7/site-packages/airflow/example_dags/example_skip_dag.py took 0.049 seconds
[2022-08-19 23:29:28,169] {processor.py:153} INFO - Started process (PID=6680) to work on /home/airflow/.local/lib/python3.7/site-packages/airflow/example_dags/example_skip_dag.py
[2022-08-19 23:29:28,170] {processor.py:641} INFO - Processing file /home/airflow/.local/lib/python3.7/site-packages/airflow/example_dags/example_skip_dag.py for tasks to queue
[2022-08-19 23:29:28,171] {logging_mixin.py:115} INFO - [2022-08-19 23:29:28,171] {dagbag.py:508} INFO - Filling up the DagBag from /home/airflow/.local/lib/python3.7/site-packages/airflow/example_dags/example_skip_dag.py
[2022-08-19 23:29:28,174] {processor.py:651} INFO - DAG(s) dict_keys(['example_skip_dag']) retrieved from /home/airflow/.local/lib/python3.7/site-packages/airflow/example_dags/example_skip_dag.py
[2022-08-19 23:29:28,192] {logging_mixin.py:115} INFO - [2022-08-19 23:29:28,192] {dag.py:2420} INFO - Sync 1 DAGs
[2022-08-19 23:29:28,205] {logging_mixin.py:115} INFO - [2022-08-19 23:29:28,205] {dag.py:2972} INFO - Setting next_dagrun for example_skip_dag to 2022-08-18T23:29:28.205395+00:00, run_after=2022-08-19T23:29:28.205395+00:00
[2022-08-19 23:29:28,212] {processor.py:161} INFO - Processing /home/airflow/.local/lib/python3.7/site-packages/airflow/example_dags/example_skip_dag.py took 0.046 seconds
