[2022-08-19 22:31:46,000] {processor.py:153} INFO - Started process (PID=59) to work on /home/airflow/.local/lib/python3.7/site-packages/airflow/example_dags/example_bash_operator.py
[2022-08-19 22:31:46,001] {processor.py:641} INFO - Processing file /home/airflow/.local/lib/python3.7/site-packages/airflow/example_dags/example_bash_operator.py for tasks to queue
[2022-08-19 22:31:46,002] {logging_mixin.py:115} INFO - [2022-08-19 22:31:46,001] {dagbag.py:508} INFO - Filling up the DagBag from /home/airflow/.local/lib/python3.7/site-packages/airflow/example_dags/example_bash_operator.py
[2022-08-19 22:31:46,010] {processor.py:651} INFO - DAG(s) dict_keys(['example_bash_operator']) retrieved from /home/airflow/.local/lib/python3.7/site-packages/airflow/example_dags/example_bash_operator.py
[2022-08-19 22:31:46,083] {logging_mixin.py:115} INFO - [2022-08-19 22:31:46,083] {manager.py:508} INFO - Created Permission View: can delete on DAG:example_bash_operator
[2022-08-19 22:31:46,091] {logging_mixin.py:115} INFO - [2022-08-19 22:31:46,091] {manager.py:508} INFO - Created Permission View: can read on DAG:example_bash_operator
[2022-08-19 22:31:46,097] {logging_mixin.py:115} INFO - [2022-08-19 22:31:46,097] {manager.py:508} INFO - Created Permission View: can edit on DAG:example_bash_operator
[2022-08-19 22:31:46,098] {logging_mixin.py:115} INFO - [2022-08-19 22:31:46,098] {dag.py:2420} INFO - Sync 1 DAGs
[2022-08-19 22:31:46,104] {logging_mixin.py:115} INFO - [2022-08-19 22:31:46,104] {dag.py:2439} INFO - Creating ORM DAG for example_bash_operator
[2022-08-19 22:31:46,116] {logging_mixin.py:115} INFO - [2022-08-19 22:31:46,116] {dag.py:2972} INFO - Setting next_dagrun for example_bash_operator to 2022-08-18T00:00:00+00:00, run_after=2022-08-19T00:00:00+00:00
[2022-08-19 22:31:46,131] {processor.py:161} INFO - Processing /home/airflow/.local/lib/python3.7/site-packages/airflow/example_dags/example_bash_operator.py took 0.134 seconds
[2022-08-19 22:32:16,793] {processor.py:153} INFO - Started process (PID=122) to work on /home/airflow/.local/lib/python3.7/site-packages/airflow/example_dags/example_bash_operator.py
[2022-08-19 22:32:16,794] {processor.py:641} INFO - Processing file /home/airflow/.local/lib/python3.7/site-packages/airflow/example_dags/example_bash_operator.py for tasks to queue
[2022-08-19 22:32:16,795] {logging_mixin.py:115} INFO - [2022-08-19 22:32:16,795] {dagbag.py:508} INFO - Filling up the DagBag from /home/airflow/.local/lib/python3.7/site-packages/airflow/example_dags/example_bash_operator.py
[2022-08-19 22:32:16,803] {processor.py:651} INFO - DAG(s) dict_keys(['example_bash_operator']) retrieved from /home/airflow/.local/lib/python3.7/site-packages/airflow/example_dags/example_bash_operator.py
[2022-08-19 22:32:16,821] {logging_mixin.py:115} INFO - [2022-08-19 22:32:16,821] {dag.py:2420} INFO - Sync 1 DAGs
[2022-08-19 22:32:16,834] {logging_mixin.py:115} INFO - [2022-08-19 22:32:16,834] {dag.py:2972} INFO - Setting next_dagrun for example_bash_operator to 2022-08-18T00:00:00+00:00, run_after=2022-08-19T00:00:00+00:00
[2022-08-19 22:32:16,900] {processor.py:161} INFO - Processing /home/airflow/.local/lib/python3.7/site-packages/airflow/example_dags/example_bash_operator.py took 0.110 seconds
[2022-08-19 22:53:25,462] {processor.py:153} INFO - Started process (PID=59) to work on /home/airflow/.local/lib/python3.7/site-packages/airflow/example_dags/example_bash_operator.py
[2022-08-19 22:53:25,463] {processor.py:641} INFO - Processing file /home/airflow/.local/lib/python3.7/site-packages/airflow/example_dags/example_bash_operator.py for tasks to queue
[2022-08-19 22:53:25,463] {logging_mixin.py:115} INFO - [2022-08-19 22:53:25,463] {dagbag.py:508} INFO - Filling up the DagBag from /home/airflow/.local/lib/python3.7/site-packages/airflow/example_dags/example_bash_operator.py
[2022-08-19 22:53:25,482] {processor.py:651} INFO - DAG(s) dict_keys(['example_bash_operator']) retrieved from /home/airflow/.local/lib/python3.7/site-packages/airflow/example_dags/example_bash_operator.py
[2022-08-19 22:53:25,576] {logging_mixin.py:115} INFO - [2022-08-19 22:53:25,576] {manager.py:508} INFO - Created Permission View: can read on DAG:example_bash_operator
[2022-08-19 22:53:25,583] {logging_mixin.py:115} INFO - [2022-08-19 22:53:25,583] {manager.py:508} INFO - Created Permission View: can delete on DAG:example_bash_operator
[2022-08-19 22:53:25,589] {logging_mixin.py:115} INFO - [2022-08-19 22:53:25,589] {manager.py:508} INFO - Created Permission View: can edit on DAG:example_bash_operator
[2022-08-19 22:53:25,590] {logging_mixin.py:115} INFO - [2022-08-19 22:53:25,590] {dag.py:2420} INFO - Sync 1 DAGs
[2022-08-19 22:53:25,598] {logging_mixin.py:115} INFO - [2022-08-19 22:53:25,598] {dag.py:2439} INFO - Creating ORM DAG for example_bash_operator
[2022-08-19 22:53:25,609] {logging_mixin.py:115} INFO - [2022-08-19 22:53:25,609] {dag.py:2972} INFO - Setting next_dagrun for example_bash_operator to 2022-08-18T00:00:00+00:00, run_after=2022-08-19T00:00:00+00:00
[2022-08-19 22:53:25,621] {processor.py:161} INFO - Processing /home/airflow/.local/lib/python3.7/site-packages/airflow/example_dags/example_bash_operator.py took 0.162 seconds
[2022-08-19 22:53:56,396] {processor.py:153} INFO - Started process (PID=137) to work on /home/airflow/.local/lib/python3.7/site-packages/airflow/example_dags/example_bash_operator.py
[2022-08-19 22:53:56,397] {processor.py:641} INFO - Processing file /home/airflow/.local/lib/python3.7/site-packages/airflow/example_dags/example_bash_operator.py for tasks to queue
[2022-08-19 22:53:56,399] {logging_mixin.py:115} INFO - [2022-08-19 22:53:56,399] {dagbag.py:508} INFO - Filling up the DagBag from /home/airflow/.local/lib/python3.7/site-packages/airflow/example_dags/example_bash_operator.py
[2022-08-19 22:53:56,408] {processor.py:651} INFO - DAG(s) dict_keys(['example_bash_operator']) retrieved from /home/airflow/.local/lib/python3.7/site-packages/airflow/example_dags/example_bash_operator.py
[2022-08-19 22:53:56,427] {logging_mixin.py:115} INFO - [2022-08-19 22:53:56,427] {dag.py:2420} INFO - Sync 1 DAGs
[2022-08-19 22:53:56,441] {logging_mixin.py:115} INFO - [2022-08-19 22:53:56,441] {dag.py:2972} INFO - Setting next_dagrun for example_bash_operator to 2022-08-19T00:00:00+00:00, run_after=2022-08-20T00:00:00+00:00
[2022-08-19 22:53:56,452] {processor.py:161} INFO - Processing /home/airflow/.local/lib/python3.7/site-packages/airflow/example_dags/example_bash_operator.py took 0.059 seconds
[2022-08-19 22:54:26,959] {processor.py:153} INFO - Started process (PID=210) to work on /home/airflow/.local/lib/python3.7/site-packages/airflow/example_dags/example_bash_operator.py
[2022-08-19 22:54:26,960] {processor.py:641} INFO - Processing file /home/airflow/.local/lib/python3.7/site-packages/airflow/example_dags/example_bash_operator.py for tasks to queue
[2022-08-19 22:54:26,961] {logging_mixin.py:115} INFO - [2022-08-19 22:54:26,961] {dagbag.py:508} INFO - Filling up the DagBag from /home/airflow/.local/lib/python3.7/site-packages/airflow/example_dags/example_bash_operator.py
[2022-08-19 22:54:26,968] {processor.py:651} INFO - DAG(s) dict_keys(['example_bash_operator']) retrieved from /home/airflow/.local/lib/python3.7/site-packages/airflow/example_dags/example_bash_operator.py
[2022-08-19 22:54:26,985] {logging_mixin.py:115} INFO - [2022-08-19 22:54:26,985] {dag.py:2420} INFO - Sync 1 DAGs
[2022-08-19 22:54:26,998] {logging_mixin.py:115} INFO - [2022-08-19 22:54:26,997] {dag.py:2972} INFO - Setting next_dagrun for example_bash_operator to 2022-08-19T00:00:00+00:00, run_after=2022-08-20T00:00:00+00:00
[2022-08-19 22:54:27,005] {processor.py:161} INFO - Processing /home/airflow/.local/lib/python3.7/site-packages/airflow/example_dags/example_bash_operator.py took 0.049 seconds
[2022-08-19 22:54:57,513] {processor.py:153} INFO - Started process (PID=277) to work on /home/airflow/.local/lib/python3.7/site-packages/airflow/example_dags/example_bash_operator.py
[2022-08-19 22:54:57,514] {processor.py:641} INFO - Processing file /home/airflow/.local/lib/python3.7/site-packages/airflow/example_dags/example_bash_operator.py for tasks to queue
[2022-08-19 22:54:57,516] {logging_mixin.py:115} INFO - [2022-08-19 22:54:57,516] {dagbag.py:508} INFO - Filling up the DagBag from /home/airflow/.local/lib/python3.7/site-packages/airflow/example_dags/example_bash_operator.py
[2022-08-19 22:54:57,524] {processor.py:651} INFO - DAG(s) dict_keys(['example_bash_operator']) retrieved from /home/airflow/.local/lib/python3.7/site-packages/airflow/example_dags/example_bash_operator.py
[2022-08-19 22:54:57,540] {logging_mixin.py:115} INFO - [2022-08-19 22:54:57,540] {dag.py:2420} INFO - Sync 1 DAGs
[2022-08-19 22:54:57,552] {logging_mixin.py:115} INFO - [2022-08-19 22:54:57,552] {dag.py:2972} INFO - Setting next_dagrun for example_bash_operator to 2022-08-19T00:00:00+00:00, run_after=2022-08-20T00:00:00+00:00
[2022-08-19 22:54:57,560] {processor.py:161} INFO - Processing /home/airflow/.local/lib/python3.7/site-packages/airflow/example_dags/example_bash_operator.py took 0.049 seconds
[2022-08-19 22:55:28,034] {processor.py:153} INFO - Started process (PID=340) to work on /home/airflow/.local/lib/python3.7/site-packages/airflow/example_dags/example_bash_operator.py
[2022-08-19 22:55:28,035] {processor.py:641} INFO - Processing file /home/airflow/.local/lib/python3.7/site-packages/airflow/example_dags/example_bash_operator.py for tasks to queue
[2022-08-19 22:55:28,036] {logging_mixin.py:115} INFO - [2022-08-19 22:55:28,036] {dagbag.py:508} INFO - Filling up the DagBag from /home/airflow/.local/lib/python3.7/site-packages/airflow/example_dags/example_bash_operator.py
[2022-08-19 22:55:28,043] {processor.py:651} INFO - DAG(s) dict_keys(['example_bash_operator']) retrieved from /home/airflow/.local/lib/python3.7/site-packages/airflow/example_dags/example_bash_operator.py
[2022-08-19 22:55:28,059] {logging_mixin.py:115} INFO - [2022-08-19 22:55:28,059] {dag.py:2420} INFO - Sync 1 DAGs
[2022-08-19 22:55:28,075] {logging_mixin.py:115} INFO - [2022-08-19 22:55:28,075] {dag.py:2972} INFO - Setting next_dagrun for example_bash_operator to 2022-08-19T00:00:00+00:00, run_after=2022-08-20T00:00:00+00:00
[2022-08-19 22:55:28,083] {processor.py:161} INFO - Processing /home/airflow/.local/lib/python3.7/site-packages/airflow/example_dags/example_bash_operator.py took 0.051 seconds
[2022-08-19 22:55:58,541] {processor.py:153} INFO - Started process (PID=394) to work on /home/airflow/.local/lib/python3.7/site-packages/airflow/example_dags/example_bash_operator.py
[2022-08-19 22:55:58,543] {processor.py:641} INFO - Processing file /home/airflow/.local/lib/python3.7/site-packages/airflow/example_dags/example_bash_operator.py for tasks to queue
[2022-08-19 22:55:58,544] {logging_mixin.py:115} INFO - [2022-08-19 22:55:58,544] {dagbag.py:508} INFO - Filling up the DagBag from /home/airflow/.local/lib/python3.7/site-packages/airflow/example_dags/example_bash_operator.py
[2022-08-19 22:55:58,551] {processor.py:651} INFO - DAG(s) dict_keys(['example_bash_operator']) retrieved from /home/airflow/.local/lib/python3.7/site-packages/airflow/example_dags/example_bash_operator.py
[2022-08-19 22:55:58,568] {logging_mixin.py:115} INFO - [2022-08-19 22:55:58,568] {dag.py:2420} INFO - Sync 1 DAGs
[2022-08-19 22:55:58,581] {logging_mixin.py:115} INFO - [2022-08-19 22:55:58,581] {dag.py:2972} INFO - Setting next_dagrun for example_bash_operator to 2022-08-19T00:00:00+00:00, run_after=2022-08-20T00:00:00+00:00
[2022-08-19 22:55:58,589] {processor.py:161} INFO - Processing /home/airflow/.local/lib/python3.7/site-packages/airflow/example_dags/example_bash_operator.py took 0.050 seconds
[2022-08-19 22:56:28,994] {processor.py:153} INFO - Started process (PID=463) to work on /home/airflow/.local/lib/python3.7/site-packages/airflow/example_dags/example_bash_operator.py
[2022-08-19 22:56:28,995] {processor.py:641} INFO - Processing file /home/airflow/.local/lib/python3.7/site-packages/airflow/example_dags/example_bash_operator.py for tasks to queue
[2022-08-19 22:56:28,996] {logging_mixin.py:115} INFO - [2022-08-19 22:56:28,996] {dagbag.py:508} INFO - Filling up the DagBag from /home/airflow/.local/lib/python3.7/site-packages/airflow/example_dags/example_bash_operator.py
[2022-08-19 22:56:29,004] {processor.py:651} INFO - DAG(s) dict_keys(['example_bash_operator']) retrieved from /home/airflow/.local/lib/python3.7/site-packages/airflow/example_dags/example_bash_operator.py
[2022-08-19 22:56:29,019] {logging_mixin.py:115} INFO - [2022-08-19 22:56:29,019] {dag.py:2420} INFO - Sync 1 DAGs
[2022-08-19 22:56:29,031] {logging_mixin.py:115} INFO - [2022-08-19 22:56:29,031] {dag.py:2972} INFO - Setting next_dagrun for example_bash_operator to 2022-08-19T00:00:00+00:00, run_after=2022-08-20T00:00:00+00:00
[2022-08-19 22:56:29,038] {processor.py:161} INFO - Processing /home/airflow/.local/lib/python3.7/site-packages/airflow/example_dags/example_bash_operator.py took 0.046 seconds
[2022-08-19 22:56:59,342] {processor.py:153} INFO - Started process (PID=527) to work on /home/airflow/.local/lib/python3.7/site-packages/airflow/example_dags/example_bash_operator.py
[2022-08-19 22:56:59,343] {processor.py:641} INFO - Processing file /home/airflow/.local/lib/python3.7/site-packages/airflow/example_dags/example_bash_operator.py for tasks to queue
[2022-08-19 22:56:59,344] {logging_mixin.py:115} INFO - [2022-08-19 22:56:59,344] {dagbag.py:508} INFO - Filling up the DagBag from /home/airflow/.local/lib/python3.7/site-packages/airflow/example_dags/example_bash_operator.py
[2022-08-19 22:56:59,351] {processor.py:651} INFO - DAG(s) dict_keys(['example_bash_operator']) retrieved from /home/airflow/.local/lib/python3.7/site-packages/airflow/example_dags/example_bash_operator.py
[2022-08-19 22:56:59,367] {logging_mixin.py:115} INFO - [2022-08-19 22:56:59,367] {dag.py:2420} INFO - Sync 1 DAGs
[2022-08-19 22:56:59,380] {logging_mixin.py:115} INFO - [2022-08-19 22:56:59,380] {dag.py:2972} INFO - Setting next_dagrun for example_bash_operator to 2022-08-19T00:00:00+00:00, run_after=2022-08-20T00:00:00+00:00
[2022-08-19 22:56:59,388] {processor.py:161} INFO - Processing /home/airflow/.local/lib/python3.7/site-packages/airflow/example_dags/example_bash_operator.py took 0.048 seconds
[2022-08-19 22:57:29,782] {processor.py:153} INFO - Started process (PID=596) to work on /home/airflow/.local/lib/python3.7/site-packages/airflow/example_dags/example_bash_operator.py
[2022-08-19 22:57:29,783] {processor.py:641} INFO - Processing file /home/airflow/.local/lib/python3.7/site-packages/airflow/example_dags/example_bash_operator.py for tasks to queue
[2022-08-19 22:57:29,784] {logging_mixin.py:115} INFO - [2022-08-19 22:57:29,783] {dagbag.py:508} INFO - Filling up the DagBag from /home/airflow/.local/lib/python3.7/site-packages/airflow/example_dags/example_bash_operator.py
[2022-08-19 22:57:29,792] {processor.py:651} INFO - DAG(s) dict_keys(['example_bash_operator']) retrieved from /home/airflow/.local/lib/python3.7/site-packages/airflow/example_dags/example_bash_operator.py
[2022-08-19 22:57:29,809] {logging_mixin.py:115} INFO - [2022-08-19 22:57:29,809] {dag.py:2420} INFO - Sync 1 DAGs
[2022-08-19 22:57:29,822] {logging_mixin.py:115} INFO - [2022-08-19 22:57:29,822] {dag.py:2972} INFO - Setting next_dagrun for example_bash_operator to 2022-08-19T00:00:00+00:00, run_after=2022-08-20T00:00:00+00:00
[2022-08-19 22:57:29,829] {processor.py:161} INFO - Processing /home/airflow/.local/lib/python3.7/site-packages/airflow/example_dags/example_bash_operator.py took 0.049 seconds
[2022-08-19 22:58:00,205] {processor.py:153} INFO - Started process (PID=662) to work on /home/airflow/.local/lib/python3.7/site-packages/airflow/example_dags/example_bash_operator.py
[2022-08-19 22:58:00,206] {processor.py:641} INFO - Processing file /home/airflow/.local/lib/python3.7/site-packages/airflow/example_dags/example_bash_operator.py for tasks to queue
[2022-08-19 22:58:00,208] {logging_mixin.py:115} INFO - [2022-08-19 22:58:00,207] {dagbag.py:508} INFO - Filling up the DagBag from /home/airflow/.local/lib/python3.7/site-packages/airflow/example_dags/example_bash_operator.py
[2022-08-19 22:58:00,215] {processor.py:651} INFO - DAG(s) dict_keys(['example_bash_operator']) retrieved from /home/airflow/.local/lib/python3.7/site-packages/airflow/example_dags/example_bash_operator.py
[2022-08-19 22:58:00,232] {logging_mixin.py:115} INFO - [2022-08-19 22:58:00,232] {dag.py:2420} INFO - Sync 1 DAGs
[2022-08-19 22:58:00,244] {logging_mixin.py:115} INFO - [2022-08-19 22:58:00,244] {dag.py:2972} INFO - Setting next_dagrun for example_bash_operator to 2022-08-19T00:00:00+00:00, run_after=2022-08-20T00:00:00+00:00
[2022-08-19 22:58:00,267] {processor.py:161} INFO - Processing /home/airflow/.local/lib/python3.7/site-packages/airflow/example_dags/example_bash_operator.py took 0.064 seconds
[2022-08-19 22:58:30,685] {processor.py:153} INFO - Started process (PID=730) to work on /home/airflow/.local/lib/python3.7/site-packages/airflow/example_dags/example_bash_operator.py
[2022-08-19 22:58:30,686] {processor.py:641} INFO - Processing file /home/airflow/.local/lib/python3.7/site-packages/airflow/example_dags/example_bash_operator.py for tasks to queue
[2022-08-19 22:58:30,686] {logging_mixin.py:115} INFO - [2022-08-19 22:58:30,686] {dagbag.py:508} INFO - Filling up the DagBag from /home/airflow/.local/lib/python3.7/site-packages/airflow/example_dags/example_bash_operator.py
[2022-08-19 22:58:30,694] {processor.py:651} INFO - DAG(s) dict_keys(['example_bash_operator']) retrieved from /home/airflow/.local/lib/python3.7/site-packages/airflow/example_dags/example_bash_operator.py
[2022-08-19 22:58:30,710] {logging_mixin.py:115} INFO - [2022-08-19 22:58:30,710] {dag.py:2420} INFO - Sync 1 DAGs
[2022-08-19 22:58:30,723] {logging_mixin.py:115} INFO - [2022-08-19 22:58:30,723] {dag.py:2972} INFO - Setting next_dagrun for example_bash_operator to 2022-08-19T00:00:00+00:00, run_after=2022-08-20T00:00:00+00:00
[2022-08-19 22:58:30,730] {processor.py:161} INFO - Processing /home/airflow/.local/lib/python3.7/site-packages/airflow/example_dags/example_bash_operator.py took 0.048 seconds
[2022-08-19 22:59:01,162] {processor.py:153} INFO - Started process (PID=784) to work on /home/airflow/.local/lib/python3.7/site-packages/airflow/example_dags/example_bash_operator.py
[2022-08-19 22:59:01,163] {processor.py:641} INFO - Processing file /home/airflow/.local/lib/python3.7/site-packages/airflow/example_dags/example_bash_operator.py for tasks to queue
[2022-08-19 22:59:01,164] {logging_mixin.py:115} INFO - [2022-08-19 22:59:01,164] {dagbag.py:508} INFO - Filling up the DagBag from /home/airflow/.local/lib/python3.7/site-packages/airflow/example_dags/example_bash_operator.py
[2022-08-19 22:59:01,175] {processor.py:651} INFO - DAG(s) dict_keys(['example_bash_operator']) retrieved from /home/airflow/.local/lib/python3.7/site-packages/airflow/example_dags/example_bash_operator.py
[2022-08-19 22:59:01,194] {logging_mixin.py:115} INFO - [2022-08-19 22:59:01,194] {dag.py:2420} INFO - Sync 1 DAGs
[2022-08-19 22:59:01,208] {logging_mixin.py:115} INFO - [2022-08-19 22:59:01,208] {dag.py:2972} INFO - Setting next_dagrun for example_bash_operator to 2022-08-19T00:00:00+00:00, run_after=2022-08-20T00:00:00+00:00
[2022-08-19 22:59:01,217] {processor.py:161} INFO - Processing /home/airflow/.local/lib/python3.7/site-packages/airflow/example_dags/example_bash_operator.py took 0.057 seconds
[2022-08-19 22:59:31,693] {processor.py:153} INFO - Started process (PID=850) to work on /home/airflow/.local/lib/python3.7/site-packages/airflow/example_dags/example_bash_operator.py
[2022-08-19 22:59:31,694] {processor.py:641} INFO - Processing file /home/airflow/.local/lib/python3.7/site-packages/airflow/example_dags/example_bash_operator.py for tasks to queue
[2022-08-19 22:59:31,695] {logging_mixin.py:115} INFO - [2022-08-19 22:59:31,695] {dagbag.py:508} INFO - Filling up the DagBag from /home/airflow/.local/lib/python3.7/site-packages/airflow/example_dags/example_bash_operator.py
[2022-08-19 22:59:31,703] {processor.py:651} INFO - DAG(s) dict_keys(['example_bash_operator']) retrieved from /home/airflow/.local/lib/python3.7/site-packages/airflow/example_dags/example_bash_operator.py
[2022-08-19 22:59:31,722] {logging_mixin.py:115} INFO - [2022-08-19 22:59:31,722] {dag.py:2420} INFO - Sync 1 DAGs
[2022-08-19 22:59:31,740] {logging_mixin.py:115} INFO - [2022-08-19 22:59:31,740] {dag.py:2972} INFO - Setting next_dagrun for example_bash_operator to 2022-08-19T00:00:00+00:00, run_after=2022-08-20T00:00:00+00:00
[2022-08-19 22:59:31,747] {processor.py:161} INFO - Processing /home/airflow/.local/lib/python3.7/site-packages/airflow/example_dags/example_bash_operator.py took 0.056 seconds
[2022-08-19 23:00:02,094] {processor.py:153} INFO - Started process (PID=918) to work on /home/airflow/.local/lib/python3.7/site-packages/airflow/example_dags/example_bash_operator.py
[2022-08-19 23:00:02,095] {processor.py:641} INFO - Processing file /home/airflow/.local/lib/python3.7/site-packages/airflow/example_dags/example_bash_operator.py for tasks to queue
[2022-08-19 23:00:02,096] {logging_mixin.py:115} INFO - [2022-08-19 23:00:02,096] {dagbag.py:508} INFO - Filling up the DagBag from /home/airflow/.local/lib/python3.7/site-packages/airflow/example_dags/example_bash_operator.py
[2022-08-19 23:00:02,104] {processor.py:651} INFO - DAG(s) dict_keys(['example_bash_operator']) retrieved from /home/airflow/.local/lib/python3.7/site-packages/airflow/example_dags/example_bash_operator.py
[2022-08-19 23:00:02,121] {logging_mixin.py:115} INFO - [2022-08-19 23:00:02,121] {dag.py:2420} INFO - Sync 1 DAGs
[2022-08-19 23:00:02,133] {logging_mixin.py:115} INFO - [2022-08-19 23:00:02,133] {dag.py:2972} INFO - Setting next_dagrun for example_bash_operator to 2022-08-19T00:00:00+00:00, run_after=2022-08-20T00:00:00+00:00
[2022-08-19 23:00:02,140] {processor.py:161} INFO - Processing /home/airflow/.local/lib/python3.7/site-packages/airflow/example_dags/example_bash_operator.py took 0.049 seconds
[2022-08-19 23:00:32,544] {processor.py:153} INFO - Started process (PID=984) to work on /home/airflow/.local/lib/python3.7/site-packages/airflow/example_dags/example_bash_operator.py
[2022-08-19 23:00:32,546] {processor.py:641} INFO - Processing file /home/airflow/.local/lib/python3.7/site-packages/airflow/example_dags/example_bash_operator.py for tasks to queue
[2022-08-19 23:00:32,547] {logging_mixin.py:115} INFO - [2022-08-19 23:00:32,547] {dagbag.py:508} INFO - Filling up the DagBag from /home/airflow/.local/lib/python3.7/site-packages/airflow/example_dags/example_bash_operator.py
[2022-08-19 23:00:32,555] {processor.py:651} INFO - DAG(s) dict_keys(['example_bash_operator']) retrieved from /home/airflow/.local/lib/python3.7/site-packages/airflow/example_dags/example_bash_operator.py
[2022-08-19 23:00:32,573] {logging_mixin.py:115} INFO - [2022-08-19 23:00:32,573] {dag.py:2420} INFO - Sync 1 DAGs
[2022-08-19 23:00:32,586] {logging_mixin.py:115} INFO - [2022-08-19 23:00:32,586] {dag.py:2972} INFO - Setting next_dagrun for example_bash_operator to 2022-08-19T00:00:00+00:00, run_after=2022-08-20T00:00:00+00:00
[2022-08-19 23:00:32,594] {processor.py:161} INFO - Processing /home/airflow/.local/lib/python3.7/site-packages/airflow/example_dags/example_bash_operator.py took 0.052 seconds
[2022-08-19 23:01:02,917] {processor.py:153} INFO - Started process (PID=1054) to work on /home/airflow/.local/lib/python3.7/site-packages/airflow/example_dags/example_bash_operator.py
[2022-08-19 23:01:02,918] {processor.py:641} INFO - Processing file /home/airflow/.local/lib/python3.7/site-packages/airflow/example_dags/example_bash_operator.py for tasks to queue
[2022-08-19 23:01:02,920] {logging_mixin.py:115} INFO - [2022-08-19 23:01:02,920] {dagbag.py:508} INFO - Filling up the DagBag from /home/airflow/.local/lib/python3.7/site-packages/airflow/example_dags/example_bash_operator.py
[2022-08-19 23:01:02,930] {processor.py:651} INFO - DAG(s) dict_keys(['example_bash_operator']) retrieved from /home/airflow/.local/lib/python3.7/site-packages/airflow/example_dags/example_bash_operator.py
[2022-08-19 23:01:02,947] {logging_mixin.py:115} INFO - [2022-08-19 23:01:02,947] {dag.py:2420} INFO - Sync 1 DAGs
[2022-08-19 23:01:02,960] {logging_mixin.py:115} INFO - [2022-08-19 23:01:02,960] {dag.py:2972} INFO - Setting next_dagrun for example_bash_operator to 2022-08-19T00:00:00+00:00, run_after=2022-08-20T00:00:00+00:00
[2022-08-19 23:01:02,969] {processor.py:161} INFO - Processing /home/airflow/.local/lib/python3.7/site-packages/airflow/example_dags/example_bash_operator.py took 0.054 seconds
[2022-08-19 23:01:33,436] {processor.py:153} INFO - Started process (PID=1120) to work on /home/airflow/.local/lib/python3.7/site-packages/airflow/example_dags/example_bash_operator.py
[2022-08-19 23:01:33,437] {processor.py:641} INFO - Processing file /home/airflow/.local/lib/python3.7/site-packages/airflow/example_dags/example_bash_operator.py for tasks to queue
[2022-08-19 23:01:33,439] {logging_mixin.py:115} INFO - [2022-08-19 23:01:33,439] {dagbag.py:508} INFO - Filling up the DagBag from /home/airflow/.local/lib/python3.7/site-packages/airflow/example_dags/example_bash_operator.py
[2022-08-19 23:01:33,446] {processor.py:651} INFO - DAG(s) dict_keys(['example_bash_operator']) retrieved from /home/airflow/.local/lib/python3.7/site-packages/airflow/example_dags/example_bash_operator.py
[2022-08-19 23:01:33,464] {logging_mixin.py:115} INFO - [2022-08-19 23:01:33,464] {dag.py:2420} INFO - Sync 1 DAGs
[2022-08-19 23:01:33,476] {logging_mixin.py:115} INFO - [2022-08-19 23:01:33,476] {dag.py:2972} INFO - Setting next_dagrun for example_bash_operator to 2022-08-19T00:00:00+00:00, run_after=2022-08-20T00:00:00+00:00
[2022-08-19 23:01:33,485] {processor.py:161} INFO - Processing /home/airflow/.local/lib/python3.7/site-packages/airflow/example_dags/example_bash_operator.py took 0.052 seconds
[2022-08-19 23:02:03,898] {processor.py:153} INFO - Started process (PID=1174) to work on /home/airflow/.local/lib/python3.7/site-packages/airflow/example_dags/example_bash_operator.py
[2022-08-19 23:02:03,898] {processor.py:641} INFO - Processing file /home/airflow/.local/lib/python3.7/site-packages/airflow/example_dags/example_bash_operator.py for tasks to queue
[2022-08-19 23:02:03,900] {logging_mixin.py:115} INFO - [2022-08-19 23:02:03,900] {dagbag.py:508} INFO - Filling up the DagBag from /home/airflow/.local/lib/python3.7/site-packages/airflow/example_dags/example_bash_operator.py
[2022-08-19 23:02:03,908] {processor.py:651} INFO - DAG(s) dict_keys(['example_bash_operator']) retrieved from /home/airflow/.local/lib/python3.7/site-packages/airflow/example_dags/example_bash_operator.py
[2022-08-19 23:02:03,926] {logging_mixin.py:115} INFO - [2022-08-19 23:02:03,926] {dag.py:2420} INFO - Sync 1 DAGs
[2022-08-19 23:02:03,939] {logging_mixin.py:115} INFO - [2022-08-19 23:02:03,939] {dag.py:2972} INFO - Setting next_dagrun for example_bash_operator to 2022-08-19T00:00:00+00:00, run_after=2022-08-20T00:00:00+00:00
[2022-08-19 23:02:03,946] {processor.py:161} INFO - Processing /home/airflow/.local/lib/python3.7/site-packages/airflow/example_dags/example_bash_operator.py took 0.051 seconds
[2022-08-19 23:02:34,389] {processor.py:153} INFO - Started process (PID=1236) to work on /home/airflow/.local/lib/python3.7/site-packages/airflow/example_dags/example_bash_operator.py
[2022-08-19 23:02:34,390] {processor.py:641} INFO - Processing file /home/airflow/.local/lib/python3.7/site-packages/airflow/example_dags/example_bash_operator.py for tasks to queue
[2022-08-19 23:02:34,391] {logging_mixin.py:115} INFO - [2022-08-19 23:02:34,391] {dagbag.py:508} INFO - Filling up the DagBag from /home/airflow/.local/lib/python3.7/site-packages/airflow/example_dags/example_bash_operator.py
[2022-08-19 23:02:34,399] {processor.py:651} INFO - DAG(s) dict_keys(['example_bash_operator']) retrieved from /home/airflow/.local/lib/python3.7/site-packages/airflow/example_dags/example_bash_operator.py
[2022-08-19 23:02:34,416] {logging_mixin.py:115} INFO - [2022-08-19 23:02:34,416] {dag.py:2420} INFO - Sync 1 DAGs
[2022-08-19 23:02:34,428] {logging_mixin.py:115} INFO - [2022-08-19 23:02:34,428] {dag.py:2972} INFO - Setting next_dagrun for example_bash_operator to 2022-08-19T00:00:00+00:00, run_after=2022-08-20T00:00:00+00:00
[2022-08-19 23:02:34,436] {processor.py:161} INFO - Processing /home/airflow/.local/lib/python3.7/site-packages/airflow/example_dags/example_bash_operator.py took 0.049 seconds
[2022-08-19 23:03:04,743] {processor.py:153} INFO - Started process (PID=1301) to work on /home/airflow/.local/lib/python3.7/site-packages/airflow/example_dags/example_bash_operator.py
[2022-08-19 23:03:04,744] {processor.py:641} INFO - Processing file /home/airflow/.local/lib/python3.7/site-packages/airflow/example_dags/example_bash_operator.py for tasks to queue
[2022-08-19 23:03:04,745] {logging_mixin.py:115} INFO - [2022-08-19 23:03:04,745] {dagbag.py:508} INFO - Filling up the DagBag from /home/airflow/.local/lib/python3.7/site-packages/airflow/example_dags/example_bash_operator.py
[2022-08-19 23:03:04,753] {processor.py:651} INFO - DAG(s) dict_keys(['example_bash_operator']) retrieved from /home/airflow/.local/lib/python3.7/site-packages/airflow/example_dags/example_bash_operator.py
[2022-08-19 23:03:04,768] {logging_mixin.py:115} INFO - [2022-08-19 23:03:04,768] {dag.py:2420} INFO - Sync 1 DAGs
[2022-08-19 23:03:04,781] {logging_mixin.py:115} INFO - [2022-08-19 23:03:04,781] {dag.py:2972} INFO - Setting next_dagrun for example_bash_operator to 2022-08-19T00:00:00+00:00, run_after=2022-08-20T00:00:00+00:00
[2022-08-19 23:03:04,790] {processor.py:161} INFO - Processing /home/airflow/.local/lib/python3.7/site-packages/airflow/example_dags/example_bash_operator.py took 0.049 seconds
[2022-08-19 23:03:35,299] {processor.py:153} INFO - Started process (PID=1369) to work on /home/airflow/.local/lib/python3.7/site-packages/airflow/example_dags/example_bash_operator.py
[2022-08-19 23:03:35,300] {processor.py:641} INFO - Processing file /home/airflow/.local/lib/python3.7/site-packages/airflow/example_dags/example_bash_operator.py for tasks to queue
[2022-08-19 23:03:35,301] {logging_mixin.py:115} INFO - [2022-08-19 23:03:35,301] {dagbag.py:508} INFO - Filling up the DagBag from /home/airflow/.local/lib/python3.7/site-packages/airflow/example_dags/example_bash_operator.py
[2022-08-19 23:03:35,310] {processor.py:651} INFO - DAG(s) dict_keys(['example_bash_operator']) retrieved from /home/airflow/.local/lib/python3.7/site-packages/airflow/example_dags/example_bash_operator.py
[2022-08-19 23:03:35,325] {logging_mixin.py:115} INFO - [2022-08-19 23:03:35,325] {dag.py:2420} INFO - Sync 1 DAGs
[2022-08-19 23:03:35,338] {logging_mixin.py:115} INFO - [2022-08-19 23:03:35,338] {dag.py:2972} INFO - Setting next_dagrun for example_bash_operator to 2022-08-19T00:00:00+00:00, run_after=2022-08-20T00:00:00+00:00
[2022-08-19 23:03:35,346] {processor.py:161} INFO - Processing /home/airflow/.local/lib/python3.7/site-packages/airflow/example_dags/example_bash_operator.py took 0.050 seconds
[2022-08-19 23:04:05,503] {processor.py:153} INFO - Started process (PID=1444) to work on /home/airflow/.local/lib/python3.7/site-packages/airflow/example_dags/example_bash_operator.py
[2022-08-19 23:04:05,505] {processor.py:641} INFO - Processing file /home/airflow/.local/lib/python3.7/site-packages/airflow/example_dags/example_bash_operator.py for tasks to queue
[2022-08-19 23:04:05,506] {logging_mixin.py:115} INFO - [2022-08-19 23:04:05,506] {dagbag.py:508} INFO - Filling up the DagBag from /home/airflow/.local/lib/python3.7/site-packages/airflow/example_dags/example_bash_operator.py
[2022-08-19 23:04:05,514] {processor.py:651} INFO - DAG(s) dict_keys(['example_bash_operator']) retrieved from /home/airflow/.local/lib/python3.7/site-packages/airflow/example_dags/example_bash_operator.py
[2022-08-19 23:04:05,530] {logging_mixin.py:115} INFO - [2022-08-19 23:04:05,530] {dag.py:2420} INFO - Sync 1 DAGs
[2022-08-19 23:04:05,543] {logging_mixin.py:115} INFO - [2022-08-19 23:04:05,543] {dag.py:2972} INFO - Setting next_dagrun for example_bash_operator to 2022-08-19T00:00:00+00:00, run_after=2022-08-20T00:00:00+00:00
[2022-08-19 23:04:05,550] {processor.py:161} INFO - Processing /home/airflow/.local/lib/python3.7/site-packages/airflow/example_dags/example_bash_operator.py took 0.049 seconds
[2022-08-19 23:04:36,133] {processor.py:153} INFO - Started process (PID=1512) to work on /home/airflow/.local/lib/python3.7/site-packages/airflow/example_dags/example_bash_operator.py
[2022-08-19 23:04:36,135] {processor.py:641} INFO - Processing file /home/airflow/.local/lib/python3.7/site-packages/airflow/example_dags/example_bash_operator.py for tasks to queue
[2022-08-19 23:04:36,136] {logging_mixin.py:115} INFO - [2022-08-19 23:04:36,136] {dagbag.py:508} INFO - Filling up the DagBag from /home/airflow/.local/lib/python3.7/site-packages/airflow/example_dags/example_bash_operator.py
[2022-08-19 23:04:36,153] {processor.py:651} INFO - DAG(s) dict_keys(['example_bash_operator']) retrieved from /home/airflow/.local/lib/python3.7/site-packages/airflow/example_dags/example_bash_operator.py
[2022-08-19 23:04:36,171] {logging_mixin.py:115} INFO - [2022-08-19 23:04:36,171] {dag.py:2420} INFO - Sync 1 DAGs
[2022-08-19 23:04:36,186] {logging_mixin.py:115} INFO - [2022-08-19 23:04:36,186] {dag.py:2972} INFO - Setting next_dagrun for example_bash_operator to 2022-08-19T00:00:00+00:00, run_after=2022-08-20T00:00:00+00:00
[2022-08-19 23:04:36,193] {processor.py:161} INFO - Processing /home/airflow/.local/lib/python3.7/site-packages/airflow/example_dags/example_bash_operator.py took 0.063 seconds
[2022-08-19 23:05:06,827] {processor.py:153} INFO - Started process (PID=1573) to work on /home/airflow/.local/lib/python3.7/site-packages/airflow/example_dags/example_bash_operator.py
[2022-08-19 23:05:06,828] {processor.py:641} INFO - Processing file /home/airflow/.local/lib/python3.7/site-packages/airflow/example_dags/example_bash_operator.py for tasks to queue
[2022-08-19 23:05:06,829] {logging_mixin.py:115} INFO - [2022-08-19 23:05:06,829] {dagbag.py:508} INFO - Filling up the DagBag from /home/airflow/.local/lib/python3.7/site-packages/airflow/example_dags/example_bash_operator.py
[2022-08-19 23:05:06,838] {processor.py:651} INFO - DAG(s) dict_keys(['example_bash_operator']) retrieved from /home/airflow/.local/lib/python3.7/site-packages/airflow/example_dags/example_bash_operator.py
[2022-08-19 23:05:06,856] {logging_mixin.py:115} INFO - [2022-08-19 23:05:06,856] {dag.py:2420} INFO - Sync 1 DAGs
[2022-08-19 23:05:06,869] {logging_mixin.py:115} INFO - [2022-08-19 23:05:06,869] {dag.py:2972} INFO - Setting next_dagrun for example_bash_operator to 2022-08-19T00:00:00+00:00, run_after=2022-08-20T00:00:00+00:00
[2022-08-19 23:05:06,876] {processor.py:161} INFO - Processing /home/airflow/.local/lib/python3.7/site-packages/airflow/example_dags/example_bash_operator.py took 0.052 seconds
[2022-08-19 23:05:37,379] {processor.py:153} INFO - Started process (PID=1643) to work on /home/airflow/.local/lib/python3.7/site-packages/airflow/example_dags/example_bash_operator.py
[2022-08-19 23:05:37,381] {processor.py:641} INFO - Processing file /home/airflow/.local/lib/python3.7/site-packages/airflow/example_dags/example_bash_operator.py for tasks to queue
[2022-08-19 23:05:37,382] {logging_mixin.py:115} INFO - [2022-08-19 23:05:37,382] {dagbag.py:508} INFO - Filling up the DagBag from /home/airflow/.local/lib/python3.7/site-packages/airflow/example_dags/example_bash_operator.py
[2022-08-19 23:05:37,390] {processor.py:651} INFO - DAG(s) dict_keys(['example_bash_operator']) retrieved from /home/airflow/.local/lib/python3.7/site-packages/airflow/example_dags/example_bash_operator.py
[2022-08-19 23:05:37,407] {logging_mixin.py:115} INFO - [2022-08-19 23:05:37,407] {dag.py:2420} INFO - Sync 1 DAGs
[2022-08-19 23:05:37,419] {logging_mixin.py:115} INFO - [2022-08-19 23:05:37,419] {dag.py:2972} INFO - Setting next_dagrun for example_bash_operator to 2022-08-19T00:00:00+00:00, run_after=2022-08-20T00:00:00+00:00
[2022-08-19 23:05:37,426] {processor.py:161} INFO - Processing /home/airflow/.local/lib/python3.7/site-packages/airflow/example_dags/example_bash_operator.py took 0.050 seconds
[2022-08-19 23:06:08,444] {processor.py:153} INFO - Started process (PID=1734) to work on /home/airflow/.local/lib/python3.7/site-packages/airflow/example_dags/example_bash_operator.py
[2022-08-19 23:06:08,446] {processor.py:641} INFO - Processing file /home/airflow/.local/lib/python3.7/site-packages/airflow/example_dags/example_bash_operator.py for tasks to queue
[2022-08-19 23:06:08,448] {logging_mixin.py:115} INFO - [2022-08-19 23:06:08,448] {dagbag.py:508} INFO - Filling up the DagBag from /home/airflow/.local/lib/python3.7/site-packages/airflow/example_dags/example_bash_operator.py
[2022-08-19 23:06:08,463] {processor.py:651} INFO - DAG(s) dict_keys(['example_bash_operator']) retrieved from /home/airflow/.local/lib/python3.7/site-packages/airflow/example_dags/example_bash_operator.py
[2022-08-19 23:06:08,485] {logging_mixin.py:115} INFO - [2022-08-19 23:06:08,485] {dag.py:2420} INFO - Sync 1 DAGs
[2022-08-19 23:06:08,501] {logging_mixin.py:115} INFO - [2022-08-19 23:06:08,501] {dag.py:2972} INFO - Setting next_dagrun for example_bash_operator to 2022-08-19T00:00:00+00:00, run_after=2022-08-20T00:00:00+00:00
[2022-08-19 23:06:08,509] {processor.py:161} INFO - Processing /home/airflow/.local/lib/python3.7/site-packages/airflow/example_dags/example_bash_operator.py took 0.067 seconds
[2022-08-19 23:06:38,860] {processor.py:153} INFO - Started process (PID=1859) to work on /home/airflow/.local/lib/python3.7/site-packages/airflow/example_dags/example_bash_operator.py
[2022-08-19 23:06:38,864] {processor.py:641} INFO - Processing file /home/airflow/.local/lib/python3.7/site-packages/airflow/example_dags/example_bash_operator.py for tasks to queue
[2022-08-19 23:06:38,865] {logging_mixin.py:115} INFO - [2022-08-19 23:06:38,865] {dagbag.py:508} INFO - Filling up the DagBag from /home/airflow/.local/lib/python3.7/site-packages/airflow/example_dags/example_bash_operator.py
[2022-08-19 23:06:38,886] {processor.py:651} INFO - DAG(s) dict_keys(['example_bash_operator']) retrieved from /home/airflow/.local/lib/python3.7/site-packages/airflow/example_dags/example_bash_operator.py
[2022-08-19 23:06:38,929] {logging_mixin.py:115} INFO - [2022-08-19 23:06:38,929] {dag.py:2420} INFO - Sync 1 DAGs
[2022-08-19 23:06:38,962] {logging_mixin.py:115} INFO - [2022-08-19 23:06:38,962] {dag.py:2972} INFO - Setting next_dagrun for example_bash_operator to 2022-08-19T00:00:00+00:00, run_after=2022-08-20T00:00:00+00:00
[2022-08-19 23:06:38,983] {processor.py:161} INFO - Processing /home/airflow/.local/lib/python3.7/site-packages/airflow/example_dags/example_bash_operator.py took 0.126 seconds
[2022-08-19 23:07:09,885] {processor.py:153} INFO - Started process (PID=1994) to work on /home/airflow/.local/lib/python3.7/site-packages/airflow/example_dags/example_bash_operator.py
[2022-08-19 23:07:09,887] {processor.py:641} INFO - Processing file /home/airflow/.local/lib/python3.7/site-packages/airflow/example_dags/example_bash_operator.py for tasks to queue
[2022-08-19 23:07:09,894] {logging_mixin.py:115} INFO - [2022-08-19 23:07:09,892] {dagbag.py:508} INFO - Filling up the DagBag from /home/airflow/.local/lib/python3.7/site-packages/airflow/example_dags/example_bash_operator.py
[2022-08-19 23:07:09,919] {processor.py:651} INFO - DAG(s) dict_keys(['example_bash_operator']) retrieved from /home/airflow/.local/lib/python3.7/site-packages/airflow/example_dags/example_bash_operator.py
[2022-08-19 23:07:09,969] {logging_mixin.py:115} INFO - [2022-08-19 23:07:09,969] {dag.py:2420} INFO - Sync 1 DAGs
[2022-08-19 23:07:09,997] {logging_mixin.py:115} INFO - [2022-08-19 23:07:09,997] {dag.py:2972} INFO - Setting next_dagrun for example_bash_operator to 2022-08-19T00:00:00+00:00, run_after=2022-08-20T00:00:00+00:00
[2022-08-19 23:07:10,020] {processor.py:161} INFO - Processing /home/airflow/.local/lib/python3.7/site-packages/airflow/example_dags/example_bash_operator.py took 0.138 seconds
[2022-08-19 23:07:40,338] {processor.py:153} INFO - Started process (PID=2121) to work on /home/airflow/.local/lib/python3.7/site-packages/airflow/example_dags/example_bash_operator.py
[2022-08-19 23:07:40,340] {processor.py:641} INFO - Processing file /home/airflow/.local/lib/python3.7/site-packages/airflow/example_dags/example_bash_operator.py for tasks to queue
[2022-08-19 23:07:40,342] {logging_mixin.py:115} INFO - [2022-08-19 23:07:40,342] {dagbag.py:508} INFO - Filling up the DagBag from /home/airflow/.local/lib/python3.7/site-packages/airflow/example_dags/example_bash_operator.py
[2022-08-19 23:07:40,351] {processor.py:651} INFO - DAG(s) dict_keys(['example_bash_operator']) retrieved from /home/airflow/.local/lib/python3.7/site-packages/airflow/example_dags/example_bash_operator.py
[2022-08-19 23:07:40,395] {logging_mixin.py:115} INFO - [2022-08-19 23:07:40,395] {dag.py:2420} INFO - Sync 1 DAGs
[2022-08-19 23:07:40,423] {logging_mixin.py:115} INFO - [2022-08-19 23:07:40,423] {dag.py:2972} INFO - Setting next_dagrun for example_bash_operator to 2022-08-19T00:00:00+00:00, run_after=2022-08-20T00:00:00+00:00
[2022-08-19 23:07:40,432] {processor.py:161} INFO - Processing /home/airflow/.local/lib/python3.7/site-packages/airflow/example_dags/example_bash_operator.py took 0.101 seconds
[2022-08-19 23:08:11,305] {processor.py:153} INFO - Started process (PID=2236) to work on /home/airflow/.local/lib/python3.7/site-packages/airflow/example_dags/example_bash_operator.py
[2022-08-19 23:08:11,306] {processor.py:641} INFO - Processing file /home/airflow/.local/lib/python3.7/site-packages/airflow/example_dags/example_bash_operator.py for tasks to queue
[2022-08-19 23:08:11,307] {logging_mixin.py:115} INFO - [2022-08-19 23:08:11,307] {dagbag.py:508} INFO - Filling up the DagBag from /home/airflow/.local/lib/python3.7/site-packages/airflow/example_dags/example_bash_operator.py
[2022-08-19 23:08:11,315] {processor.py:651} INFO - DAG(s) dict_keys(['example_bash_operator']) retrieved from /home/airflow/.local/lib/python3.7/site-packages/airflow/example_dags/example_bash_operator.py
[2022-08-19 23:08:11,332] {logging_mixin.py:115} INFO - [2022-08-19 23:08:11,332] {dag.py:2420} INFO - Sync 1 DAGs
[2022-08-19 23:08:11,345] {logging_mixin.py:115} INFO - [2022-08-19 23:08:11,345] {dag.py:2972} INFO - Setting next_dagrun for example_bash_operator to 2022-08-19T00:00:00+00:00, run_after=2022-08-20T00:00:00+00:00
[2022-08-19 23:08:11,353] {processor.py:161} INFO - Processing /home/airflow/.local/lib/python3.7/site-packages/airflow/example_dags/example_bash_operator.py took 0.050 seconds
[2022-08-19 23:08:41,619] {processor.py:153} INFO - Started process (PID=2354) to work on /home/airflow/.local/lib/python3.7/site-packages/airflow/example_dags/example_bash_operator.py
[2022-08-19 23:08:41,620] {processor.py:641} INFO - Processing file /home/airflow/.local/lib/python3.7/site-packages/airflow/example_dags/example_bash_operator.py for tasks to queue
[2022-08-19 23:08:41,621] {logging_mixin.py:115} INFO - [2022-08-19 23:08:41,621] {dagbag.py:508} INFO - Filling up the DagBag from /home/airflow/.local/lib/python3.7/site-packages/airflow/example_dags/example_bash_operator.py
[2022-08-19 23:08:41,630] {processor.py:651} INFO - DAG(s) dict_keys(['example_bash_operator']) retrieved from /home/airflow/.local/lib/python3.7/site-packages/airflow/example_dags/example_bash_operator.py
[2022-08-19 23:08:41,652] {logging_mixin.py:115} INFO - [2022-08-19 23:08:41,651] {dag.py:2420} INFO - Sync 1 DAGs
[2022-08-19 23:08:41,666] {logging_mixin.py:115} INFO - [2022-08-19 23:08:41,666] {dag.py:2972} INFO - Setting next_dagrun for example_bash_operator to 2022-08-19T00:00:00+00:00, run_after=2022-08-20T00:00:00+00:00
[2022-08-19 23:08:41,673] {processor.py:161} INFO - Processing /home/airflow/.local/lib/python3.7/site-packages/airflow/example_dags/example_bash_operator.py took 0.056 seconds
[2022-08-19 23:09:12,409] {processor.py:153} INFO - Started process (PID=2498) to work on /home/airflow/.local/lib/python3.7/site-packages/airflow/example_dags/example_bash_operator.py
[2022-08-19 23:09:12,410] {processor.py:641} INFO - Processing file /home/airflow/.local/lib/python3.7/site-packages/airflow/example_dags/example_bash_operator.py for tasks to queue
[2022-08-19 23:09:12,416] {logging_mixin.py:115} INFO - [2022-08-19 23:09:12,416] {dagbag.py:508} INFO - Filling up the DagBag from /home/airflow/.local/lib/python3.7/site-packages/airflow/example_dags/example_bash_operator.py
[2022-08-19 23:09:12,430] {processor.py:651} INFO - DAG(s) dict_keys(['example_bash_operator']) retrieved from /home/airflow/.local/lib/python3.7/site-packages/airflow/example_dags/example_bash_operator.py
[2022-08-19 23:09:12,460] {logging_mixin.py:115} INFO - [2022-08-19 23:09:12,460] {dag.py:2420} INFO - Sync 1 DAGs
[2022-08-19 23:09:12,479] {logging_mixin.py:115} INFO - [2022-08-19 23:09:12,479] {dag.py:2972} INFO - Setting next_dagrun for example_bash_operator to 2022-08-19T00:00:00+00:00, run_after=2022-08-20T00:00:00+00:00
[2022-08-19 23:09:12,493] {processor.py:161} INFO - Processing /home/airflow/.local/lib/python3.7/site-packages/airflow/example_dags/example_bash_operator.py took 0.088 seconds
[2022-08-19 23:09:42,753] {processor.py:153} INFO - Started process (PID=2614) to work on /home/airflow/.local/lib/python3.7/site-packages/airflow/example_dags/example_bash_operator.py
[2022-08-19 23:09:42,754] {processor.py:641} INFO - Processing file /home/airflow/.local/lib/python3.7/site-packages/airflow/example_dags/example_bash_operator.py for tasks to queue
[2022-08-19 23:09:42,756] {logging_mixin.py:115} INFO - [2022-08-19 23:09:42,756] {dagbag.py:508} INFO - Filling up the DagBag from /home/airflow/.local/lib/python3.7/site-packages/airflow/example_dags/example_bash_operator.py
[2022-08-19 23:09:42,777] {processor.py:651} INFO - DAG(s) dict_keys(['example_bash_operator']) retrieved from /home/airflow/.local/lib/python3.7/site-packages/airflow/example_dags/example_bash_operator.py
[2022-08-19 23:09:42,823] {logging_mixin.py:115} INFO - [2022-08-19 23:09:42,823] {dag.py:2420} INFO - Sync 1 DAGs
[2022-08-19 23:09:42,865] {logging_mixin.py:115} INFO - [2022-08-19 23:09:42,865] {dag.py:2972} INFO - Setting next_dagrun for example_bash_operator to 2022-08-19T00:00:00+00:00, run_after=2022-08-20T00:00:00+00:00
[2022-08-19 23:09:42,875] {processor.py:161} INFO - Processing /home/airflow/.local/lib/python3.7/site-packages/airflow/example_dags/example_bash_operator.py took 0.129 seconds
[2022-08-19 23:10:13,096] {processor.py:153} INFO - Started process (PID=2749) to work on /home/airflow/.local/lib/python3.7/site-packages/airflow/example_dags/example_bash_operator.py
[2022-08-19 23:10:13,098] {processor.py:641} INFO - Processing file /home/airflow/.local/lib/python3.7/site-packages/airflow/example_dags/example_bash_operator.py for tasks to queue
[2022-08-19 23:10:13,101] {logging_mixin.py:115} INFO - [2022-08-19 23:10:13,101] {dagbag.py:508} INFO - Filling up the DagBag from /home/airflow/.local/lib/python3.7/site-packages/airflow/example_dags/example_bash_operator.py
[2022-08-19 23:10:13,121] {processor.py:651} INFO - DAG(s) dict_keys(['example_bash_operator']) retrieved from /home/airflow/.local/lib/python3.7/site-packages/airflow/example_dags/example_bash_operator.py
[2022-08-19 23:10:13,153] {logging_mixin.py:115} INFO - [2022-08-19 23:10:13,152] {dag.py:2420} INFO - Sync 1 DAGs
[2022-08-19 23:10:13,175] {logging_mixin.py:115} INFO - [2022-08-19 23:10:13,175] {dag.py:2972} INFO - Setting next_dagrun for example_bash_operator to 2022-08-19T00:00:00+00:00, run_after=2022-08-20T00:00:00+00:00
[2022-08-19 23:10:13,189] {processor.py:161} INFO - Processing /home/airflow/.local/lib/python3.7/site-packages/airflow/example_dags/example_bash_operator.py took 0.096 seconds
[2022-08-19 23:10:43,597] {processor.py:153} INFO - Started process (PID=2881) to work on /home/airflow/.local/lib/python3.7/site-packages/airflow/example_dags/example_bash_operator.py
[2022-08-19 23:10:43,600] {processor.py:641} INFO - Processing file /home/airflow/.local/lib/python3.7/site-packages/airflow/example_dags/example_bash_operator.py for tasks to queue
[2022-08-19 23:10:43,636] {logging_mixin.py:115} INFO - [2022-08-19 23:10:43,636] {dagbag.py:508} INFO - Filling up the DagBag from /home/airflow/.local/lib/python3.7/site-packages/airflow/example_dags/example_bash_operator.py
[2022-08-19 23:10:43,652] {processor.py:651} INFO - DAG(s) dict_keys(['example_bash_operator']) retrieved from /home/airflow/.local/lib/python3.7/site-packages/airflow/example_dags/example_bash_operator.py
[2022-08-19 23:10:43,678] {logging_mixin.py:115} INFO - [2022-08-19 23:10:43,678] {dag.py:2420} INFO - Sync 1 DAGs
[2022-08-19 23:10:43,702] {logging_mixin.py:115} INFO - [2022-08-19 23:10:43,702] {dag.py:2972} INFO - Setting next_dagrun for example_bash_operator to 2022-08-19T00:00:00+00:00, run_after=2022-08-20T00:00:00+00:00
[2022-08-19 23:10:43,717] {processor.py:161} INFO - Processing /home/airflow/.local/lib/python3.7/site-packages/airflow/example_dags/example_bash_operator.py took 0.123 seconds
[2022-08-19 23:11:14,456] {processor.py:153} INFO - Started process (PID=2993) to work on /home/airflow/.local/lib/python3.7/site-packages/airflow/example_dags/example_bash_operator.py
[2022-08-19 23:11:14,457] {processor.py:641} INFO - Processing file /home/airflow/.local/lib/python3.7/site-packages/airflow/example_dags/example_bash_operator.py for tasks to queue
[2022-08-19 23:11:14,458] {logging_mixin.py:115} INFO - [2022-08-19 23:11:14,458] {dagbag.py:508} INFO - Filling up the DagBag from /home/airflow/.local/lib/python3.7/site-packages/airflow/example_dags/example_bash_operator.py
[2022-08-19 23:11:14,468] {processor.py:651} INFO - DAG(s) dict_keys(['example_bash_operator']) retrieved from /home/airflow/.local/lib/python3.7/site-packages/airflow/example_dags/example_bash_operator.py
[2022-08-19 23:11:14,489] {logging_mixin.py:115} INFO - [2022-08-19 23:11:14,489] {dag.py:2420} INFO - Sync 1 DAGs
[2022-08-19 23:11:14,509] {logging_mixin.py:115} INFO - [2022-08-19 23:11:14,509] {dag.py:2972} INFO - Setting next_dagrun for example_bash_operator to 2022-08-19T00:00:00+00:00, run_after=2022-08-20T00:00:00+00:00
[2022-08-19 23:11:14,517] {processor.py:161} INFO - Processing /home/airflow/.local/lib/python3.7/site-packages/airflow/example_dags/example_bash_operator.py took 0.063 seconds
[2022-08-19 23:11:44,927] {processor.py:153} INFO - Started process (PID=3117) to work on /home/airflow/.local/lib/python3.7/site-packages/airflow/example_dags/example_bash_operator.py
[2022-08-19 23:11:44,929] {processor.py:641} INFO - Processing file /home/airflow/.local/lib/python3.7/site-packages/airflow/example_dags/example_bash_operator.py for tasks to queue
[2022-08-19 23:11:44,931] {logging_mixin.py:115} INFO - [2022-08-19 23:11:44,931] {dagbag.py:508} INFO - Filling up the DagBag from /home/airflow/.local/lib/python3.7/site-packages/airflow/example_dags/example_bash_operator.py
[2022-08-19 23:11:44,955] {processor.py:651} INFO - DAG(s) dict_keys(['example_bash_operator']) retrieved from /home/airflow/.local/lib/python3.7/site-packages/airflow/example_dags/example_bash_operator.py
[2022-08-19 23:11:44,990] {logging_mixin.py:115} INFO - [2022-08-19 23:11:44,990] {dag.py:2420} INFO - Sync 1 DAGs
[2022-08-19 23:11:45,009] {logging_mixin.py:115} INFO - [2022-08-19 23:11:45,009] {dag.py:2972} INFO - Setting next_dagrun for example_bash_operator to 2022-08-19T00:00:00+00:00, run_after=2022-08-20T00:00:00+00:00
[2022-08-19 23:11:45,020] {processor.py:161} INFO - Processing /home/airflow/.local/lib/python3.7/site-packages/airflow/example_dags/example_bash_operator.py took 0.098 seconds
[2022-08-19 23:12:15,099] {processor.py:153} INFO - Started process (PID=3239) to work on /home/airflow/.local/lib/python3.7/site-packages/airflow/example_dags/example_bash_operator.py
[2022-08-19 23:12:15,100] {processor.py:641} INFO - Processing file /home/airflow/.local/lib/python3.7/site-packages/airflow/example_dags/example_bash_operator.py for tasks to queue
[2022-08-19 23:12:15,101] {logging_mixin.py:115} INFO - [2022-08-19 23:12:15,101] {dagbag.py:508} INFO - Filling up the DagBag from /home/airflow/.local/lib/python3.7/site-packages/airflow/example_dags/example_bash_operator.py
[2022-08-19 23:12:15,110] {processor.py:651} INFO - DAG(s) dict_keys(['example_bash_operator']) retrieved from /home/airflow/.local/lib/python3.7/site-packages/airflow/example_dags/example_bash_operator.py
[2022-08-19 23:12:15,128] {logging_mixin.py:115} INFO - [2022-08-19 23:12:15,128] {dag.py:2420} INFO - Sync 1 DAGs
[2022-08-19 23:12:15,142] {logging_mixin.py:115} INFO - [2022-08-19 23:12:15,142] {dag.py:2972} INFO - Setting next_dagrun for example_bash_operator to 2022-08-19T00:00:00+00:00, run_after=2022-08-20T00:00:00+00:00
[2022-08-19 23:12:15,151] {processor.py:161} INFO - Processing /home/airflow/.local/lib/python3.7/site-packages/airflow/example_dags/example_bash_operator.py took 0.054 seconds
[2022-08-19 23:12:45,636] {processor.py:153} INFO - Started process (PID=3373) to work on /home/airflow/.local/lib/python3.7/site-packages/airflow/example_dags/example_bash_operator.py
[2022-08-19 23:12:45,642] {processor.py:641} INFO - Processing file /home/airflow/.local/lib/python3.7/site-packages/airflow/example_dags/example_bash_operator.py for tasks to queue
[2022-08-19 23:12:45,645] {logging_mixin.py:115} INFO - [2022-08-19 23:12:45,645] {dagbag.py:508} INFO - Filling up the DagBag from /home/airflow/.local/lib/python3.7/site-packages/airflow/example_dags/example_bash_operator.py
[2022-08-19 23:12:45,662] {processor.py:651} INFO - DAG(s) dict_keys(['example_bash_operator']) retrieved from /home/airflow/.local/lib/python3.7/site-packages/airflow/example_dags/example_bash_operator.py
[2022-08-19 23:12:45,698] {logging_mixin.py:115} INFO - [2022-08-19 23:12:45,698] {dag.py:2420} INFO - Sync 1 DAGs
[2022-08-19 23:12:45,740] {logging_mixin.py:115} INFO - [2022-08-19 23:12:45,739] {dag.py:2972} INFO - Setting next_dagrun for example_bash_operator to 2022-08-19T00:00:00+00:00, run_after=2022-08-20T00:00:00+00:00
[2022-08-19 23:12:45,755] {processor.py:161} INFO - Processing /home/airflow/.local/lib/python3.7/site-packages/airflow/example_dags/example_bash_operator.py took 0.121 seconds
[2022-08-19 23:13:15,910] {processor.py:153} INFO - Started process (PID=3489) to work on /home/airflow/.local/lib/python3.7/site-packages/airflow/example_dags/example_bash_operator.py
[2022-08-19 23:13:15,911] {processor.py:641} INFO - Processing file /home/airflow/.local/lib/python3.7/site-packages/airflow/example_dags/example_bash_operator.py for tasks to queue
[2022-08-19 23:13:15,913] {logging_mixin.py:115} INFO - [2022-08-19 23:13:15,913] {dagbag.py:508} INFO - Filling up the DagBag from /home/airflow/.local/lib/python3.7/site-packages/airflow/example_dags/example_bash_operator.py
[2022-08-19 23:13:15,922] {processor.py:651} INFO - DAG(s) dict_keys(['example_bash_operator']) retrieved from /home/airflow/.local/lib/python3.7/site-packages/airflow/example_dags/example_bash_operator.py
[2022-08-19 23:13:15,941] {logging_mixin.py:115} INFO - [2022-08-19 23:13:15,941] {dag.py:2420} INFO - Sync 1 DAGs
[2022-08-19 23:13:15,955] {logging_mixin.py:115} INFO - [2022-08-19 23:13:15,955] {dag.py:2972} INFO - Setting next_dagrun for example_bash_operator to 2022-08-19T00:00:00+00:00, run_after=2022-08-20T00:00:00+00:00
[2022-08-19 23:13:15,963] {processor.py:161} INFO - Processing /home/airflow/.local/lib/python3.7/site-packages/airflow/example_dags/example_bash_operator.py took 0.056 seconds
[2022-08-19 23:13:46,233] {processor.py:153} INFO - Started process (PID=3609) to work on /home/airflow/.local/lib/python3.7/site-packages/airflow/example_dags/example_bash_operator.py
[2022-08-19 23:13:46,234] {processor.py:641} INFO - Processing file /home/airflow/.local/lib/python3.7/site-packages/airflow/example_dags/example_bash_operator.py for tasks to queue
[2022-08-19 23:13:46,236] {logging_mixin.py:115} INFO - [2022-08-19 23:13:46,236] {dagbag.py:508} INFO - Filling up the DagBag from /home/airflow/.local/lib/python3.7/site-packages/airflow/example_dags/example_bash_operator.py
[2022-08-19 23:13:46,245] {processor.py:651} INFO - DAG(s) dict_keys(['example_bash_operator']) retrieved from /home/airflow/.local/lib/python3.7/site-packages/airflow/example_dags/example_bash_operator.py
[2022-08-19 23:13:46,264] {logging_mixin.py:115} INFO - [2022-08-19 23:13:46,264] {dag.py:2420} INFO - Sync 1 DAGs
[2022-08-19 23:13:46,278] {logging_mixin.py:115} INFO - [2022-08-19 23:13:46,278] {dag.py:2972} INFO - Setting next_dagrun for example_bash_operator to 2022-08-19T00:00:00+00:00, run_after=2022-08-20T00:00:00+00:00
[2022-08-19 23:13:46,285] {processor.py:161} INFO - Processing /home/airflow/.local/lib/python3.7/site-packages/airflow/example_dags/example_bash_operator.py took 0.055 seconds
[2022-08-19 23:14:16,797] {processor.py:153} INFO - Started process (PID=3750) to work on /home/airflow/.local/lib/python3.7/site-packages/airflow/example_dags/example_bash_operator.py
[2022-08-19 23:14:16,798] {processor.py:641} INFO - Processing file /home/airflow/.local/lib/python3.7/site-packages/airflow/example_dags/example_bash_operator.py for tasks to queue
[2022-08-19 23:14:16,800] {logging_mixin.py:115} INFO - [2022-08-19 23:14:16,800] {dagbag.py:508} INFO - Filling up the DagBag from /home/airflow/.local/lib/python3.7/site-packages/airflow/example_dags/example_bash_operator.py
[2022-08-19 23:14:16,811] {processor.py:651} INFO - DAG(s) dict_keys(['example_bash_operator']) retrieved from /home/airflow/.local/lib/python3.7/site-packages/airflow/example_dags/example_bash_operator.py
[2022-08-19 23:14:16,832] {logging_mixin.py:115} INFO - [2022-08-19 23:14:16,831] {dag.py:2420} INFO - Sync 1 DAGs
[2022-08-19 23:14:16,851] {logging_mixin.py:115} INFO - [2022-08-19 23:14:16,851] {dag.py:2972} INFO - Setting next_dagrun for example_bash_operator to 2022-08-19T00:00:00+00:00, run_after=2022-08-20T00:00:00+00:00
[2022-08-19 23:14:16,859] {processor.py:161} INFO - Processing /home/airflow/.local/lib/python3.7/site-packages/airflow/example_dags/example_bash_operator.py took 0.064 seconds
[2022-08-19 23:14:47,427] {processor.py:153} INFO - Started process (PID=3899) to work on /home/airflow/.local/lib/python3.7/site-packages/airflow/example_dags/example_bash_operator.py
[2022-08-19 23:14:47,429] {processor.py:641} INFO - Processing file /home/airflow/.local/lib/python3.7/site-packages/airflow/example_dags/example_bash_operator.py for tasks to queue
[2022-08-19 23:14:47,430] {logging_mixin.py:115} INFO - [2022-08-19 23:14:47,430] {dagbag.py:508} INFO - Filling up the DagBag from /home/airflow/.local/lib/python3.7/site-packages/airflow/example_dags/example_bash_operator.py
[2022-08-19 23:14:47,443] {processor.py:651} INFO - DAG(s) dict_keys(['example_bash_operator']) retrieved from /home/airflow/.local/lib/python3.7/site-packages/airflow/example_dags/example_bash_operator.py
[2022-08-19 23:14:47,481] {logging_mixin.py:115} INFO - [2022-08-19 23:14:47,481] {dag.py:2420} INFO - Sync 1 DAGs
[2022-08-19 23:14:47,505] {logging_mixin.py:115} INFO - [2022-08-19 23:14:47,505] {dag.py:2972} INFO - Setting next_dagrun for example_bash_operator to 2022-08-19T00:00:00+00:00, run_after=2022-08-20T00:00:00+00:00
[2022-08-19 23:14:47,518] {processor.py:161} INFO - Processing /home/airflow/.local/lib/python3.7/site-packages/airflow/example_dags/example_bash_operator.py took 0.095 seconds
[2022-08-19 23:15:18,171] {processor.py:153} INFO - Started process (PID=4014) to work on /home/airflow/.local/lib/python3.7/site-packages/airflow/example_dags/example_bash_operator.py
[2022-08-19 23:15:18,172] {processor.py:641} INFO - Processing file /home/airflow/.local/lib/python3.7/site-packages/airflow/example_dags/example_bash_operator.py for tasks to queue
[2022-08-19 23:15:18,173] {logging_mixin.py:115} INFO - [2022-08-19 23:15:18,173] {dagbag.py:508} INFO - Filling up the DagBag from /home/airflow/.local/lib/python3.7/site-packages/airflow/example_dags/example_bash_operator.py
[2022-08-19 23:15:18,181] {processor.py:651} INFO - DAG(s) dict_keys(['example_bash_operator']) retrieved from /home/airflow/.local/lib/python3.7/site-packages/airflow/example_dags/example_bash_operator.py
[2022-08-19 23:15:18,198] {logging_mixin.py:115} INFO - [2022-08-19 23:15:18,198] {dag.py:2420} INFO - Sync 1 DAGs
[2022-08-19 23:15:18,213] {logging_mixin.py:115} INFO - [2022-08-19 23:15:18,213] {dag.py:2972} INFO - Setting next_dagrun for example_bash_operator to 2022-08-19T00:00:00+00:00, run_after=2022-08-20T00:00:00+00:00
[2022-08-19 23:15:18,221] {processor.py:161} INFO - Processing /home/airflow/.local/lib/python3.7/site-packages/airflow/example_dags/example_bash_operator.py took 0.052 seconds
[2022-08-19 23:15:48,740] {processor.py:153} INFO - Started process (PID=4141) to work on /home/airflow/.local/lib/python3.7/site-packages/airflow/example_dags/example_bash_operator.py
[2022-08-19 23:15:48,743] {processor.py:641} INFO - Processing file /home/airflow/.local/lib/python3.7/site-packages/airflow/example_dags/example_bash_operator.py for tasks to queue
[2022-08-19 23:15:48,744] {logging_mixin.py:115} INFO - [2022-08-19 23:15:48,744] {dagbag.py:508} INFO - Filling up the DagBag from /home/airflow/.local/lib/python3.7/site-packages/airflow/example_dags/example_bash_operator.py
[2022-08-19 23:15:48,758] {processor.py:651} INFO - DAG(s) dict_keys(['example_bash_operator']) retrieved from /home/airflow/.local/lib/python3.7/site-packages/airflow/example_dags/example_bash_operator.py
[2022-08-19 23:15:48,803] {logging_mixin.py:115} INFO - [2022-08-19 23:15:48,803] {dag.py:2420} INFO - Sync 1 DAGs
[2022-08-19 23:15:48,823] {logging_mixin.py:115} INFO - [2022-08-19 23:15:48,823] {dag.py:2972} INFO - Setting next_dagrun for example_bash_operator to 2022-08-19T00:00:00+00:00, run_after=2022-08-20T00:00:00+00:00
[2022-08-19 23:15:48,834] {processor.py:161} INFO - Processing /home/airflow/.local/lib/python3.7/site-packages/airflow/example_dags/example_bash_operator.py took 0.098 seconds
[2022-08-19 23:16:18,915] {processor.py:153} INFO - Started process (PID=4294) to work on /home/airflow/.local/lib/python3.7/site-packages/airflow/example_dags/example_bash_operator.py
[2022-08-19 23:16:18,916] {processor.py:641} INFO - Processing file /home/airflow/.local/lib/python3.7/site-packages/airflow/example_dags/example_bash_operator.py for tasks to queue
[2022-08-19 23:16:18,918] {logging_mixin.py:115} INFO - [2022-08-19 23:16:18,918] {dagbag.py:508} INFO - Filling up the DagBag from /home/airflow/.local/lib/python3.7/site-packages/airflow/example_dags/example_bash_operator.py
[2022-08-19 23:16:18,942] {processor.py:651} INFO - DAG(s) dict_keys(['example_bash_operator']) retrieved from /home/airflow/.local/lib/python3.7/site-packages/airflow/example_dags/example_bash_operator.py
[2022-08-19 23:16:18,992] {logging_mixin.py:115} INFO - [2022-08-19 23:16:18,992] {dag.py:2420} INFO - Sync 1 DAGs
[2022-08-19 23:16:19,034] {logging_mixin.py:115} INFO - [2022-08-19 23:16:19,034] {dag.py:2972} INFO - Setting next_dagrun for example_bash_operator to 2022-08-19T00:00:00+00:00, run_after=2022-08-20T00:00:00+00:00
[2022-08-19 23:16:19,070] {processor.py:161} INFO - Processing /home/airflow/.local/lib/python3.7/site-packages/airflow/example_dags/example_bash_operator.py took 0.172 seconds
[2022-08-19 23:16:49,919] {processor.py:153} INFO - Started process (PID=4413) to work on /home/airflow/.local/lib/python3.7/site-packages/airflow/example_dags/example_bash_operator.py
[2022-08-19 23:16:49,922] {processor.py:641} INFO - Processing file /home/airflow/.local/lib/python3.7/site-packages/airflow/example_dags/example_bash_operator.py for tasks to queue
[2022-08-19 23:16:49,924] {logging_mixin.py:115} INFO - [2022-08-19 23:16:49,924] {dagbag.py:508} INFO - Filling up the DagBag from /home/airflow/.local/lib/python3.7/site-packages/airflow/example_dags/example_bash_operator.py
[2022-08-19 23:16:49,939] {processor.py:651} INFO - DAG(s) dict_keys(['example_bash_operator']) retrieved from /home/airflow/.local/lib/python3.7/site-packages/airflow/example_dags/example_bash_operator.py
[2022-08-19 23:16:49,964] {logging_mixin.py:115} INFO - [2022-08-19 23:16:49,964] {dag.py:2420} INFO - Sync 1 DAGs
[2022-08-19 23:16:49,983] {logging_mixin.py:115} INFO - [2022-08-19 23:16:49,983] {dag.py:2972} INFO - Setting next_dagrun for example_bash_operator to 2022-08-19T00:00:00+00:00, run_after=2022-08-20T00:00:00+00:00
[2022-08-19 23:16:49,998] {processor.py:161} INFO - Processing /home/airflow/.local/lib/python3.7/site-packages/airflow/example_dags/example_bash_operator.py took 0.081 seconds
[2022-08-19 23:17:20,372] {processor.py:153} INFO - Started process (PID=4565) to work on /home/airflow/.local/lib/python3.7/site-packages/airflow/example_dags/example_bash_operator.py
[2022-08-19 23:17:20,382] {processor.py:641} INFO - Processing file /home/airflow/.local/lib/python3.7/site-packages/airflow/example_dags/example_bash_operator.py for tasks to queue
[2022-08-19 23:17:20,389] {logging_mixin.py:115} INFO - [2022-08-19 23:17:20,389] {dagbag.py:508} INFO - Filling up the DagBag from /home/airflow/.local/lib/python3.7/site-packages/airflow/example_dags/example_bash_operator.py
[2022-08-19 23:17:20,416] {processor.py:651} INFO - DAG(s) dict_keys(['example_bash_operator']) retrieved from /home/airflow/.local/lib/python3.7/site-packages/airflow/example_dags/example_bash_operator.py
[2022-08-19 23:17:20,474] {logging_mixin.py:115} INFO - [2022-08-19 23:17:20,474] {dag.py:2420} INFO - Sync 1 DAGs
[2022-08-19 23:17:20,516] {logging_mixin.py:115} INFO - [2022-08-19 23:17:20,516] {dag.py:2972} INFO - Setting next_dagrun for example_bash_operator to 2022-08-19T00:00:00+00:00, run_after=2022-08-20T00:00:00+00:00
[2022-08-19 23:17:20,530] {processor.py:161} INFO - Processing /home/airflow/.local/lib/python3.7/site-packages/airflow/example_dags/example_bash_operator.py took 0.163 seconds
[2022-08-19 23:17:50,883] {processor.py:153} INFO - Started process (PID=4674) to work on /home/airflow/.local/lib/python3.7/site-packages/airflow/example_dags/example_bash_operator.py
[2022-08-19 23:17:50,886] {processor.py:641} INFO - Processing file /home/airflow/.local/lib/python3.7/site-packages/airflow/example_dags/example_bash_operator.py for tasks to queue
[2022-08-19 23:17:50,888] {logging_mixin.py:115} INFO - [2022-08-19 23:17:50,888] {dagbag.py:508} INFO - Filling up the DagBag from /home/airflow/.local/lib/python3.7/site-packages/airflow/example_dags/example_bash_operator.py
[2022-08-19 23:17:50,907] {processor.py:651} INFO - DAG(s) dict_keys(['example_bash_operator']) retrieved from /home/airflow/.local/lib/python3.7/site-packages/airflow/example_dags/example_bash_operator.py
[2022-08-19 23:17:50,931] {logging_mixin.py:115} INFO - [2022-08-19 23:17:50,931] {dag.py:2420} INFO - Sync 1 DAGs
[2022-08-19 23:17:50,951] {logging_mixin.py:115} INFO - [2022-08-19 23:17:50,951] {dag.py:2972} INFO - Setting next_dagrun for example_bash_operator to 2022-08-19T00:00:00+00:00, run_after=2022-08-20T00:00:00+00:00
[2022-08-19 23:17:50,961] {processor.py:161} INFO - Processing /home/airflow/.local/lib/python3.7/site-packages/airflow/example_dags/example_bash_operator.py took 0.081 seconds
[2022-08-19 23:18:21,365] {processor.py:153} INFO - Started process (PID=4823) to work on /home/airflow/.local/lib/python3.7/site-packages/airflow/example_dags/example_bash_operator.py
[2022-08-19 23:18:21,366] {processor.py:641} INFO - Processing file /home/airflow/.local/lib/python3.7/site-packages/airflow/example_dags/example_bash_operator.py for tasks to queue
[2022-08-19 23:18:21,367] {logging_mixin.py:115} INFO - [2022-08-19 23:18:21,367] {dagbag.py:508} INFO - Filling up the DagBag from /home/airflow/.local/lib/python3.7/site-packages/airflow/example_dags/example_bash_operator.py
[2022-08-19 23:18:21,380] {processor.py:651} INFO - DAG(s) dict_keys(['example_bash_operator']) retrieved from /home/airflow/.local/lib/python3.7/site-packages/airflow/example_dags/example_bash_operator.py
[2022-08-19 23:18:21,407] {logging_mixin.py:115} INFO - [2022-08-19 23:18:21,407] {dag.py:2420} INFO - Sync 1 DAGs
[2022-08-19 23:18:21,430] {logging_mixin.py:115} INFO - [2022-08-19 23:18:21,430] {dag.py:2972} INFO - Setting next_dagrun for example_bash_operator to 2022-08-19T00:00:00+00:00, run_after=2022-08-20T00:00:00+00:00
[2022-08-19 23:18:21,445] {processor.py:161} INFO - Processing /home/airflow/.local/lib/python3.7/site-packages/airflow/example_dags/example_bash_operator.py took 0.083 seconds
[2022-08-19 23:18:52,334] {processor.py:153} INFO - Started process (PID=4952) to work on /home/airflow/.local/lib/python3.7/site-packages/airflow/example_dags/example_bash_operator.py
[2022-08-19 23:18:52,335] {processor.py:641} INFO - Processing file /home/airflow/.local/lib/python3.7/site-packages/airflow/example_dags/example_bash_operator.py for tasks to queue
[2022-08-19 23:18:52,337] {logging_mixin.py:115} INFO - [2022-08-19 23:18:52,337] {dagbag.py:508} INFO - Filling up the DagBag from /home/airflow/.local/lib/python3.7/site-packages/airflow/example_dags/example_bash_operator.py
[2022-08-19 23:18:52,349] {processor.py:651} INFO - DAG(s) dict_keys(['example_bash_operator']) retrieved from /home/airflow/.local/lib/python3.7/site-packages/airflow/example_dags/example_bash_operator.py
[2022-08-19 23:18:52,371] {logging_mixin.py:115} INFO - [2022-08-19 23:18:52,371] {dag.py:2420} INFO - Sync 1 DAGs
[2022-08-19 23:18:52,387] {logging_mixin.py:115} INFO - [2022-08-19 23:18:52,387] {dag.py:2972} INFO - Setting next_dagrun for example_bash_operator to 2022-08-19T00:00:00+00:00, run_after=2022-08-20T00:00:00+00:00
[2022-08-19 23:18:52,394] {processor.py:161} INFO - Processing /home/airflow/.local/lib/python3.7/site-packages/airflow/example_dags/example_bash_operator.py took 0.063 seconds
[2022-08-19 23:19:22,649] {processor.py:153} INFO - Started process (PID=5085) to work on /home/airflow/.local/lib/python3.7/site-packages/airflow/example_dags/example_bash_operator.py
[2022-08-19 23:19:22,651] {processor.py:641} INFO - Processing file /home/airflow/.local/lib/python3.7/site-packages/airflow/example_dags/example_bash_operator.py for tasks to queue
[2022-08-19 23:19:22,653] {logging_mixin.py:115} INFO - [2022-08-19 23:19:22,653] {dagbag.py:508} INFO - Filling up the DagBag from /home/airflow/.local/lib/python3.7/site-packages/airflow/example_dags/example_bash_operator.py
[2022-08-19 23:19:22,665] {processor.py:651} INFO - DAG(s) dict_keys(['example_bash_operator']) retrieved from /home/airflow/.local/lib/python3.7/site-packages/airflow/example_dags/example_bash_operator.py
[2022-08-19 23:19:22,689] {logging_mixin.py:115} INFO - [2022-08-19 23:19:22,689] {dag.py:2420} INFO - Sync 1 DAGs
[2022-08-19 23:19:22,709] {logging_mixin.py:115} INFO - [2022-08-19 23:19:22,709] {dag.py:2972} INFO - Setting next_dagrun for example_bash_operator to 2022-08-19T00:00:00+00:00, run_after=2022-08-20T00:00:00+00:00
[2022-08-19 23:19:22,724] {processor.py:161} INFO - Processing /home/airflow/.local/lib/python3.7/site-packages/airflow/example_dags/example_bash_operator.py took 0.077 seconds
[2022-08-19 23:19:52,971] {processor.py:153} INFO - Started process (PID=5225) to work on /home/airflow/.local/lib/python3.7/site-packages/airflow/example_dags/example_bash_operator.py
[2022-08-19 23:19:52,973] {processor.py:641} INFO - Processing file /home/airflow/.local/lib/python3.7/site-packages/airflow/example_dags/example_bash_operator.py for tasks to queue
[2022-08-19 23:19:52,975] {logging_mixin.py:115} INFO - [2022-08-19 23:19:52,975] {dagbag.py:508} INFO - Filling up the DagBag from /home/airflow/.local/lib/python3.7/site-packages/airflow/example_dags/example_bash_operator.py
[2022-08-19 23:19:52,995] {processor.py:651} INFO - DAG(s) dict_keys(['example_bash_operator']) retrieved from /home/airflow/.local/lib/python3.7/site-packages/airflow/example_dags/example_bash_operator.py
[2022-08-19 23:19:53,034] {logging_mixin.py:115} INFO - [2022-08-19 23:19:53,033] {dag.py:2420} INFO - Sync 1 DAGs
[2022-08-19 23:19:53,075] {logging_mixin.py:115} INFO - [2022-08-19 23:19:53,075] {dag.py:2972} INFO - Setting next_dagrun for example_bash_operator to 2022-08-19T00:00:00+00:00, run_after=2022-08-20T00:00:00+00:00
[2022-08-19 23:19:53,100] {processor.py:161} INFO - Processing /home/airflow/.local/lib/python3.7/site-packages/airflow/example_dags/example_bash_operator.py took 0.132 seconds
[2022-08-19 23:20:23,796] {processor.py:153} INFO - Started process (PID=5347) to work on /home/airflow/.local/lib/python3.7/site-packages/airflow/example_dags/example_bash_operator.py
[2022-08-19 23:20:23,799] {processor.py:641} INFO - Processing file /home/airflow/.local/lib/python3.7/site-packages/airflow/example_dags/example_bash_operator.py for tasks to queue
[2022-08-19 23:20:23,801] {logging_mixin.py:115} INFO - [2022-08-19 23:20:23,801] {dagbag.py:508} INFO - Filling up the DagBag from /home/airflow/.local/lib/python3.7/site-packages/airflow/example_dags/example_bash_operator.py
[2022-08-19 23:20:23,814] {processor.py:651} INFO - DAG(s) dict_keys(['example_bash_operator']) retrieved from /home/airflow/.local/lib/python3.7/site-packages/airflow/example_dags/example_bash_operator.py
[2022-08-19 23:20:23,845] {logging_mixin.py:115} INFO - [2022-08-19 23:20:23,845] {dag.py:2420} INFO - Sync 1 DAGs
[2022-08-19 23:20:23,875] {logging_mixin.py:115} INFO - [2022-08-19 23:20:23,875] {dag.py:2972} INFO - Setting next_dagrun for example_bash_operator to 2022-08-19T00:00:00+00:00, run_after=2022-08-20T00:00:00+00:00
[2022-08-19 23:20:23,894] {processor.py:161} INFO - Processing /home/airflow/.local/lib/python3.7/site-packages/airflow/example_dags/example_bash_operator.py took 0.102 seconds
[2022-08-19 23:20:54,404] {processor.py:153} INFO - Started process (PID=5469) to work on /home/airflow/.local/lib/python3.7/site-packages/airflow/example_dags/example_bash_operator.py
[2022-08-19 23:20:54,406] {processor.py:641} INFO - Processing file /home/airflow/.local/lib/python3.7/site-packages/airflow/example_dags/example_bash_operator.py for tasks to queue
[2022-08-19 23:20:54,407] {logging_mixin.py:115} INFO - [2022-08-19 23:20:54,407] {dagbag.py:508} INFO - Filling up the DagBag from /home/airflow/.local/lib/python3.7/site-packages/airflow/example_dags/example_bash_operator.py
[2022-08-19 23:20:54,416] {processor.py:651} INFO - DAG(s) dict_keys(['example_bash_operator']) retrieved from /home/airflow/.local/lib/python3.7/site-packages/airflow/example_dags/example_bash_operator.py
[2022-08-19 23:20:54,454] {logging_mixin.py:115} INFO - [2022-08-19 23:20:54,454] {dag.py:2420} INFO - Sync 1 DAGs
[2022-08-19 23:20:54,481] {logging_mixin.py:115} INFO - [2022-08-19 23:20:54,481] {dag.py:2972} INFO - Setting next_dagrun for example_bash_operator to 2022-08-19T00:00:00+00:00, run_after=2022-08-20T00:00:00+00:00
[2022-08-19 23:20:54,496] {processor.py:161} INFO - Processing /home/airflow/.local/lib/python3.7/site-packages/airflow/example_dags/example_bash_operator.py took 0.094 seconds
[2022-08-19 23:21:24,782] {processor.py:153} INFO - Started process (PID=5584) to work on /home/airflow/.local/lib/python3.7/site-packages/airflow/example_dags/example_bash_operator.py
[2022-08-19 23:21:24,783] {processor.py:641} INFO - Processing file /home/airflow/.local/lib/python3.7/site-packages/airflow/example_dags/example_bash_operator.py for tasks to queue
[2022-08-19 23:21:24,784] {logging_mixin.py:115} INFO - [2022-08-19 23:21:24,784] {dagbag.py:508} INFO - Filling up the DagBag from /home/airflow/.local/lib/python3.7/site-packages/airflow/example_dags/example_bash_operator.py
[2022-08-19 23:21:24,793] {processor.py:651} INFO - DAG(s) dict_keys(['example_bash_operator']) retrieved from /home/airflow/.local/lib/python3.7/site-packages/airflow/example_dags/example_bash_operator.py
[2022-08-19 23:21:24,815] {logging_mixin.py:115} INFO - [2022-08-19 23:21:24,815] {dag.py:2420} INFO - Sync 1 DAGs
[2022-08-19 23:21:24,829] {logging_mixin.py:115} INFO - [2022-08-19 23:21:24,829] {dag.py:2972} INFO - Setting next_dagrun for example_bash_operator to 2022-08-19T00:00:00+00:00, run_after=2022-08-20T00:00:00+00:00
[2022-08-19 23:21:24,837] {processor.py:161} INFO - Processing /home/airflow/.local/lib/python3.7/site-packages/airflow/example_dags/example_bash_operator.py took 0.057 seconds
[2022-08-19 23:21:55,340] {processor.py:153} INFO - Started process (PID=5696) to work on /home/airflow/.local/lib/python3.7/site-packages/airflow/example_dags/example_bash_operator.py
[2022-08-19 23:21:55,342] {processor.py:641} INFO - Processing file /home/airflow/.local/lib/python3.7/site-packages/airflow/example_dags/example_bash_operator.py for tasks to queue
[2022-08-19 23:21:55,344] {logging_mixin.py:115} INFO - [2022-08-19 23:21:55,344] {dagbag.py:508} INFO - Filling up the DagBag from /home/airflow/.local/lib/python3.7/site-packages/airflow/example_dags/example_bash_operator.py
[2022-08-19 23:21:55,358] {processor.py:651} INFO - DAG(s) dict_keys(['example_bash_operator']) retrieved from /home/airflow/.local/lib/python3.7/site-packages/airflow/example_dags/example_bash_operator.py
[2022-08-19 23:21:55,380] {logging_mixin.py:115} INFO - [2022-08-19 23:21:55,380] {dag.py:2420} INFO - Sync 1 DAGs
[2022-08-19 23:21:55,393] {logging_mixin.py:115} INFO - [2022-08-19 23:21:55,393] {dag.py:2972} INFO - Setting next_dagrun for example_bash_operator to 2022-08-19T00:00:00+00:00, run_after=2022-08-20T00:00:00+00:00
[2022-08-19 23:21:55,402] {processor.py:161} INFO - Processing /home/airflow/.local/lib/python3.7/site-packages/airflow/example_dags/example_bash_operator.py took 0.067 seconds
[2022-08-19 23:22:25,847] {processor.py:153} INFO - Started process (PID=5767) to work on /home/airflow/.local/lib/python3.7/site-packages/airflow/example_dags/example_bash_operator.py
[2022-08-19 23:22:25,849] {processor.py:641} INFO - Processing file /home/airflow/.local/lib/python3.7/site-packages/airflow/example_dags/example_bash_operator.py for tasks to queue
[2022-08-19 23:22:25,850] {logging_mixin.py:115} INFO - [2022-08-19 23:22:25,850] {dagbag.py:508} INFO - Filling up the DagBag from /home/airflow/.local/lib/python3.7/site-packages/airflow/example_dags/example_bash_operator.py
[2022-08-19 23:22:25,863] {processor.py:651} INFO - DAG(s) dict_keys(['example_bash_operator']) retrieved from /home/airflow/.local/lib/python3.7/site-packages/airflow/example_dags/example_bash_operator.py
[2022-08-19 23:22:25,884] {logging_mixin.py:115} INFO - [2022-08-19 23:22:25,884] {dag.py:2420} INFO - Sync 1 DAGs
[2022-08-19 23:22:25,898] {logging_mixin.py:115} INFO - [2022-08-19 23:22:25,897] {dag.py:2972} INFO - Setting next_dagrun for example_bash_operator to 2022-08-19T00:00:00+00:00, run_after=2022-08-20T00:00:00+00:00
[2022-08-19 23:22:25,905] {processor.py:161} INFO - Processing /home/airflow/.local/lib/python3.7/site-packages/airflow/example_dags/example_bash_operator.py took 0.062 seconds
[2022-08-19 23:22:56,389] {processor.py:153} INFO - Started process (PID=5839) to work on /home/airflow/.local/lib/python3.7/site-packages/airflow/example_dags/example_bash_operator.py
[2022-08-19 23:22:56,390] {processor.py:641} INFO - Processing file /home/airflow/.local/lib/python3.7/site-packages/airflow/example_dags/example_bash_operator.py for tasks to queue
[2022-08-19 23:22:56,392] {logging_mixin.py:115} INFO - [2022-08-19 23:22:56,392] {dagbag.py:508} INFO - Filling up the DagBag from /home/airflow/.local/lib/python3.7/site-packages/airflow/example_dags/example_bash_operator.py
[2022-08-19 23:22:56,403] {processor.py:651} INFO - DAG(s) dict_keys(['example_bash_operator']) retrieved from /home/airflow/.local/lib/python3.7/site-packages/airflow/example_dags/example_bash_operator.py
[2022-08-19 23:22:56,423] {logging_mixin.py:115} INFO - [2022-08-19 23:22:56,423] {dag.py:2420} INFO - Sync 1 DAGs
[2022-08-19 23:22:56,437] {logging_mixin.py:115} INFO - [2022-08-19 23:22:56,437] {dag.py:2972} INFO - Setting next_dagrun for example_bash_operator to 2022-08-19T00:00:00+00:00, run_after=2022-08-20T00:00:00+00:00
[2022-08-19 23:22:56,445] {processor.py:161} INFO - Processing /home/airflow/.local/lib/python3.7/site-packages/airflow/example_dags/example_bash_operator.py took 0.059 seconds
[2022-08-19 23:23:27,019] {processor.py:153} INFO - Started process (PID=5907) to work on /home/airflow/.local/lib/python3.7/site-packages/airflow/example_dags/example_bash_operator.py
[2022-08-19 23:23:27,023] {processor.py:641} INFO - Processing file /home/airflow/.local/lib/python3.7/site-packages/airflow/example_dags/example_bash_operator.py for tasks to queue
[2022-08-19 23:23:27,025] {logging_mixin.py:115} INFO - [2022-08-19 23:23:27,025] {dagbag.py:508} INFO - Filling up the DagBag from /home/airflow/.local/lib/python3.7/site-packages/airflow/example_dags/example_bash_operator.py
[2022-08-19 23:23:27,054] {processor.py:651} INFO - DAG(s) dict_keys(['example_bash_operator']) retrieved from /home/airflow/.local/lib/python3.7/site-packages/airflow/example_dags/example_bash_operator.py
[2022-08-19 23:23:27,086] {logging_mixin.py:115} INFO - [2022-08-19 23:23:27,086] {dag.py:2420} INFO - Sync 1 DAGs
[2022-08-19 23:23:27,105] {logging_mixin.py:115} INFO - [2022-08-19 23:23:27,105] {dag.py:2972} INFO - Setting next_dagrun for example_bash_operator to 2022-08-19T00:00:00+00:00, run_after=2022-08-20T00:00:00+00:00
[2022-08-19 23:23:27,113] {processor.py:161} INFO - Processing /home/airflow/.local/lib/python3.7/site-packages/airflow/example_dags/example_bash_operator.py took 0.097 seconds
[2022-08-19 23:23:57,477] {processor.py:153} INFO - Started process (PID=5964) to work on /home/airflow/.local/lib/python3.7/site-packages/airflow/example_dags/example_bash_operator.py
[2022-08-19 23:23:57,479] {processor.py:641} INFO - Processing file /home/airflow/.local/lib/python3.7/site-packages/airflow/example_dags/example_bash_operator.py for tasks to queue
[2022-08-19 23:23:57,480] {logging_mixin.py:115} INFO - [2022-08-19 23:23:57,480] {dagbag.py:508} INFO - Filling up the DagBag from /home/airflow/.local/lib/python3.7/site-packages/airflow/example_dags/example_bash_operator.py
[2022-08-19 23:23:57,492] {processor.py:651} INFO - DAG(s) dict_keys(['example_bash_operator']) retrieved from /home/airflow/.local/lib/python3.7/site-packages/airflow/example_dags/example_bash_operator.py
[2022-08-19 23:23:57,511] {logging_mixin.py:115} INFO - [2022-08-19 23:23:57,511] {dag.py:2420} INFO - Sync 1 DAGs
[2022-08-19 23:23:57,525] {logging_mixin.py:115} INFO - [2022-08-19 23:23:57,525] {dag.py:2972} INFO - Setting next_dagrun for example_bash_operator to 2022-08-19T00:00:00+00:00, run_after=2022-08-20T00:00:00+00:00
[2022-08-19 23:23:57,534] {processor.py:161} INFO - Processing /home/airflow/.local/lib/python3.7/site-packages/airflow/example_dags/example_bash_operator.py took 0.060 seconds
[2022-08-19 23:24:27,814] {processor.py:153} INFO - Started process (PID=6031) to work on /home/airflow/.local/lib/python3.7/site-packages/airflow/example_dags/example_bash_operator.py
[2022-08-19 23:24:27,817] {processor.py:641} INFO - Processing file /home/airflow/.local/lib/python3.7/site-packages/airflow/example_dags/example_bash_operator.py for tasks to queue
[2022-08-19 23:24:27,819] {logging_mixin.py:115} INFO - [2022-08-19 23:24:27,819] {dagbag.py:508} INFO - Filling up the DagBag from /home/airflow/.local/lib/python3.7/site-packages/airflow/example_dags/example_bash_operator.py
[2022-08-19 23:24:27,831] {processor.py:651} INFO - DAG(s) dict_keys(['example_bash_operator']) retrieved from /home/airflow/.local/lib/python3.7/site-packages/airflow/example_dags/example_bash_operator.py
[2022-08-19 23:24:27,853] {logging_mixin.py:115} INFO - [2022-08-19 23:24:27,852] {dag.py:2420} INFO - Sync 1 DAGs
[2022-08-19 23:24:27,866] {logging_mixin.py:115} INFO - [2022-08-19 23:24:27,866] {dag.py:2972} INFO - Setting next_dagrun for example_bash_operator to 2022-08-19T00:00:00+00:00, run_after=2022-08-20T00:00:00+00:00
[2022-08-19 23:24:27,875] {processor.py:161} INFO - Processing /home/airflow/.local/lib/python3.7/site-packages/airflow/example_dags/example_bash_operator.py took 0.065 seconds
[2022-08-19 23:24:58,287] {processor.py:153} INFO - Started process (PID=6100) to work on /home/airflow/.local/lib/python3.7/site-packages/airflow/example_dags/example_bash_operator.py
[2022-08-19 23:24:58,289] {processor.py:641} INFO - Processing file /home/airflow/.local/lib/python3.7/site-packages/airflow/example_dags/example_bash_operator.py for tasks to queue
[2022-08-19 23:24:58,290] {logging_mixin.py:115} INFO - [2022-08-19 23:24:58,290] {dagbag.py:508} INFO - Filling up the DagBag from /home/airflow/.local/lib/python3.7/site-packages/airflow/example_dags/example_bash_operator.py
[2022-08-19 23:24:58,302] {processor.py:651} INFO - DAG(s) dict_keys(['example_bash_operator']) retrieved from /home/airflow/.local/lib/python3.7/site-packages/airflow/example_dags/example_bash_operator.py
[2022-08-19 23:24:58,322] {logging_mixin.py:115} INFO - [2022-08-19 23:24:58,322] {dag.py:2420} INFO - Sync 1 DAGs
[2022-08-19 23:24:58,336] {logging_mixin.py:115} INFO - [2022-08-19 23:24:58,336] {dag.py:2972} INFO - Setting next_dagrun for example_bash_operator to 2022-08-19T00:00:00+00:00, run_after=2022-08-20T00:00:00+00:00
[2022-08-19 23:24:58,344] {processor.py:161} INFO - Processing /home/airflow/.local/lib/python3.7/site-packages/airflow/example_dags/example_bash_operator.py took 0.062 seconds
[2022-08-19 23:25:28,691] {processor.py:153} INFO - Started process (PID=6168) to work on /home/airflow/.local/lib/python3.7/site-packages/airflow/example_dags/example_bash_operator.py
[2022-08-19 23:25:28,693] {processor.py:641} INFO - Processing file /home/airflow/.local/lib/python3.7/site-packages/airflow/example_dags/example_bash_operator.py for tasks to queue
[2022-08-19 23:25:28,694] {logging_mixin.py:115} INFO - [2022-08-19 23:25:28,694] {dagbag.py:508} INFO - Filling up the DagBag from /home/airflow/.local/lib/python3.7/site-packages/airflow/example_dags/example_bash_operator.py
[2022-08-19 23:25:28,707] {processor.py:651} INFO - DAG(s) dict_keys(['example_bash_operator']) retrieved from /home/airflow/.local/lib/python3.7/site-packages/airflow/example_dags/example_bash_operator.py
[2022-08-19 23:25:28,727] {logging_mixin.py:115} INFO - [2022-08-19 23:25:28,727] {dag.py:2420} INFO - Sync 1 DAGs
[2022-08-19 23:25:28,742] {logging_mixin.py:115} INFO - [2022-08-19 23:25:28,742] {dag.py:2972} INFO - Setting next_dagrun for example_bash_operator to 2022-08-19T00:00:00+00:00, run_after=2022-08-20T00:00:00+00:00
[2022-08-19 23:25:28,750] {processor.py:161} INFO - Processing /home/airflow/.local/lib/python3.7/site-packages/airflow/example_dags/example_bash_operator.py took 0.067 seconds
[2022-08-19 23:25:59,290] {processor.py:153} INFO - Started process (PID=6236) to work on /home/airflow/.local/lib/python3.7/site-packages/airflow/example_dags/example_bash_operator.py
[2022-08-19 23:25:59,291] {processor.py:641} INFO - Processing file /home/airflow/.local/lib/python3.7/site-packages/airflow/example_dags/example_bash_operator.py for tasks to queue
[2022-08-19 23:25:59,292] {logging_mixin.py:115} INFO - [2022-08-19 23:25:59,292] {dagbag.py:508} INFO - Filling up the DagBag from /home/airflow/.local/lib/python3.7/site-packages/airflow/example_dags/example_bash_operator.py
[2022-08-19 23:25:59,303] {processor.py:651} INFO - DAG(s) dict_keys(['example_bash_operator']) retrieved from /home/airflow/.local/lib/python3.7/site-packages/airflow/example_dags/example_bash_operator.py
[2022-08-19 23:25:59,322] {logging_mixin.py:115} INFO - [2022-08-19 23:25:59,322] {dag.py:2420} INFO - Sync 1 DAGs
[2022-08-19 23:25:59,337] {logging_mixin.py:115} INFO - [2022-08-19 23:25:59,337] {dag.py:2972} INFO - Setting next_dagrun for example_bash_operator to 2022-08-19T00:00:00+00:00, run_after=2022-08-20T00:00:00+00:00
[2022-08-19 23:25:59,345] {processor.py:161} INFO - Processing /home/airflow/.local/lib/python3.7/site-packages/airflow/example_dags/example_bash_operator.py took 0.059 seconds
[2022-08-19 23:26:29,768] {processor.py:153} INFO - Started process (PID=6305) to work on /home/airflow/.local/lib/python3.7/site-packages/airflow/example_dags/example_bash_operator.py
[2022-08-19 23:26:29,769] {processor.py:641} INFO - Processing file /home/airflow/.local/lib/python3.7/site-packages/airflow/example_dags/example_bash_operator.py for tasks to queue
[2022-08-19 23:26:29,771] {logging_mixin.py:115} INFO - [2022-08-19 23:26:29,770] {dagbag.py:508} INFO - Filling up the DagBag from /home/airflow/.local/lib/python3.7/site-packages/airflow/example_dags/example_bash_operator.py
[2022-08-19 23:26:29,782] {processor.py:651} INFO - DAG(s) dict_keys(['example_bash_operator']) retrieved from /home/airflow/.local/lib/python3.7/site-packages/airflow/example_dags/example_bash_operator.py
[2022-08-19 23:26:29,804] {logging_mixin.py:115} INFO - [2022-08-19 23:26:29,804] {dag.py:2420} INFO - Sync 1 DAGs
[2022-08-19 23:26:29,819] {logging_mixin.py:115} INFO - [2022-08-19 23:26:29,819] {dag.py:2972} INFO - Setting next_dagrun for example_bash_operator to 2022-08-19T00:00:00+00:00, run_after=2022-08-20T00:00:00+00:00
[2022-08-19 23:26:29,827] {processor.py:161} INFO - Processing /home/airflow/.local/lib/python3.7/site-packages/airflow/example_dags/example_bash_operator.py took 0.062 seconds
[2022-08-19 23:27:00,268] {processor.py:153} INFO - Started process (PID=6362) to work on /home/airflow/.local/lib/python3.7/site-packages/airflow/example_dags/example_bash_operator.py
[2022-08-19 23:27:00,270] {processor.py:641} INFO - Processing file /home/airflow/.local/lib/python3.7/site-packages/airflow/example_dags/example_bash_operator.py for tasks to queue
[2022-08-19 23:27:00,271] {logging_mixin.py:115} INFO - [2022-08-19 23:27:00,271] {dagbag.py:508} INFO - Filling up the DagBag from /home/airflow/.local/lib/python3.7/site-packages/airflow/example_dags/example_bash_operator.py
[2022-08-19 23:27:00,280] {processor.py:651} INFO - DAG(s) dict_keys(['example_bash_operator']) retrieved from /home/airflow/.local/lib/python3.7/site-packages/airflow/example_dags/example_bash_operator.py
[2022-08-19 23:27:00,297] {logging_mixin.py:115} INFO - [2022-08-19 23:27:00,297] {dag.py:2420} INFO - Sync 1 DAGs
[2022-08-19 23:27:00,310] {logging_mixin.py:115} INFO - [2022-08-19 23:27:00,310] {dag.py:2972} INFO - Setting next_dagrun for example_bash_operator to 2022-08-19T00:00:00+00:00, run_after=2022-08-20T00:00:00+00:00
[2022-08-19 23:27:00,317] {processor.py:161} INFO - Processing /home/airflow/.local/lib/python3.7/site-packages/airflow/example_dags/example_bash_operator.py took 0.051 seconds
[2022-08-19 23:27:30,785] {processor.py:153} INFO - Started process (PID=6429) to work on /home/airflow/.local/lib/python3.7/site-packages/airflow/example_dags/example_bash_operator.py
[2022-08-19 23:27:30,787] {processor.py:641} INFO - Processing file /home/airflow/.local/lib/python3.7/site-packages/airflow/example_dags/example_bash_operator.py for tasks to queue
[2022-08-19 23:27:30,788] {logging_mixin.py:115} INFO - [2022-08-19 23:27:30,788] {dagbag.py:508} INFO - Filling up the DagBag from /home/airflow/.local/lib/python3.7/site-packages/airflow/example_dags/example_bash_operator.py
[2022-08-19 23:27:30,800] {processor.py:651} INFO - DAG(s) dict_keys(['example_bash_operator']) retrieved from /home/airflow/.local/lib/python3.7/site-packages/airflow/example_dags/example_bash_operator.py
[2022-08-19 23:27:30,820] {logging_mixin.py:115} INFO - [2022-08-19 23:27:30,820] {dag.py:2420} INFO - Sync 1 DAGs
[2022-08-19 23:27:30,834] {logging_mixin.py:115} INFO - [2022-08-19 23:27:30,834] {dag.py:2972} INFO - Setting next_dagrun for example_bash_operator to 2022-08-19T00:00:00+00:00, run_after=2022-08-20T00:00:00+00:00
[2022-08-19 23:27:30,842] {processor.py:161} INFO - Processing /home/airflow/.local/lib/python3.7/site-packages/airflow/example_dags/example_bash_operator.py took 0.063 seconds
[2022-08-19 23:28:01,322] {processor.py:153} INFO - Started process (PID=6498) to work on /home/airflow/.local/lib/python3.7/site-packages/airflow/example_dags/example_bash_operator.py
[2022-08-19 23:28:01,324] {processor.py:641} INFO - Processing file /home/airflow/.local/lib/python3.7/site-packages/airflow/example_dags/example_bash_operator.py for tasks to queue
[2022-08-19 23:28:01,325] {logging_mixin.py:115} INFO - [2022-08-19 23:28:01,325] {dagbag.py:508} INFO - Filling up the DagBag from /home/airflow/.local/lib/python3.7/site-packages/airflow/example_dags/example_bash_operator.py
[2022-08-19 23:28:01,337] {processor.py:651} INFO - DAG(s) dict_keys(['example_bash_operator']) retrieved from /home/airflow/.local/lib/python3.7/site-packages/airflow/example_dags/example_bash_operator.py
[2022-08-19 23:28:01,359] {logging_mixin.py:115} INFO - [2022-08-19 23:28:01,358] {dag.py:2420} INFO - Sync 1 DAGs
[2022-08-19 23:28:01,372] {logging_mixin.py:115} INFO - [2022-08-19 23:28:01,372] {dag.py:2972} INFO - Setting next_dagrun for example_bash_operator to 2022-08-19T00:00:00+00:00, run_after=2022-08-20T00:00:00+00:00
[2022-08-19 23:28:01,380] {processor.py:161} INFO - Processing /home/airflow/.local/lib/python3.7/site-packages/airflow/example_dags/example_bash_operator.py took 0.063 seconds
[2022-08-19 23:28:31,725] {processor.py:153} INFO - Started process (PID=6567) to work on /home/airflow/.local/lib/python3.7/site-packages/airflow/example_dags/example_bash_operator.py
[2022-08-19 23:28:31,756] {processor.py:641} INFO - Processing file /home/airflow/.local/lib/python3.7/site-packages/airflow/example_dags/example_bash_operator.py for tasks to queue
[2022-08-19 23:28:31,758] {logging_mixin.py:115} INFO - [2022-08-19 23:28:31,758] {dagbag.py:508} INFO - Filling up the DagBag from /home/airflow/.local/lib/python3.7/site-packages/airflow/example_dags/example_bash_operator.py
[2022-08-19 23:28:31,785] {processor.py:651} INFO - DAG(s) dict_keys(['example_bash_operator']) retrieved from /home/airflow/.local/lib/python3.7/site-packages/airflow/example_dags/example_bash_operator.py
[2022-08-19 23:28:31,801] {logging_mixin.py:115} INFO - [2022-08-19 23:28:31,801] {dag.py:2420} INFO - Sync 1 DAGs
[2022-08-19 23:28:31,814] {logging_mixin.py:115} INFO - [2022-08-19 23:28:31,814] {dag.py:2972} INFO - Setting next_dagrun for example_bash_operator to 2022-08-19T00:00:00+00:00, run_after=2022-08-20T00:00:00+00:00
[2022-08-19 23:28:31,822] {processor.py:161} INFO - Processing /home/airflow/.local/lib/python3.7/site-packages/airflow/example_dags/example_bash_operator.py took 0.100 seconds
[2022-08-19 23:29:02,186] {processor.py:153} INFO - Started process (PID=6635) to work on /home/airflow/.local/lib/python3.7/site-packages/airflow/example_dags/example_bash_operator.py
[2022-08-19 23:29:02,188] {processor.py:641} INFO - Processing file /home/airflow/.local/lib/python3.7/site-packages/airflow/example_dags/example_bash_operator.py for tasks to queue
[2022-08-19 23:29:02,189] {logging_mixin.py:115} INFO - [2022-08-19 23:29:02,189] {dagbag.py:508} INFO - Filling up the DagBag from /home/airflow/.local/lib/python3.7/site-packages/airflow/example_dags/example_bash_operator.py
[2022-08-19 23:29:02,201] {processor.py:651} INFO - DAG(s) dict_keys(['example_bash_operator']) retrieved from /home/airflow/.local/lib/python3.7/site-packages/airflow/example_dags/example_bash_operator.py
[2022-08-19 23:29:02,224] {logging_mixin.py:115} INFO - [2022-08-19 23:29:02,224] {dag.py:2420} INFO - Sync 1 DAGs
[2022-08-19 23:29:02,238] {logging_mixin.py:115} INFO - [2022-08-19 23:29:02,238] {dag.py:2972} INFO - Setting next_dagrun for example_bash_operator to 2022-08-19T00:00:00+00:00, run_after=2022-08-20T00:00:00+00:00
[2022-08-19 23:29:02,247] {processor.py:161} INFO - Processing /home/airflow/.local/lib/python3.7/site-packages/airflow/example_dags/example_bash_operator.py took 0.064 seconds
[2022-08-19 23:29:32,619] {processor.py:153} INFO - Started process (PID=6701) to work on /home/airflow/.local/lib/python3.7/site-packages/airflow/example_dags/example_bash_operator.py
[2022-08-19 23:29:32,620] {processor.py:641} INFO - Processing file /home/airflow/.local/lib/python3.7/site-packages/airflow/example_dags/example_bash_operator.py for tasks to queue
[2022-08-19 23:29:32,621] {logging_mixin.py:115} INFO - [2022-08-19 23:29:32,621] {dagbag.py:508} INFO - Filling up the DagBag from /home/airflow/.local/lib/python3.7/site-packages/airflow/example_dags/example_bash_operator.py
[2022-08-19 23:29:32,629] {processor.py:651} INFO - DAG(s) dict_keys(['example_bash_operator']) retrieved from /home/airflow/.local/lib/python3.7/site-packages/airflow/example_dags/example_bash_operator.py
[2022-08-19 23:29:32,645] {logging_mixin.py:115} INFO - [2022-08-19 23:29:32,645] {dag.py:2420} INFO - Sync 1 DAGs
[2022-08-19 23:29:32,660] {logging_mixin.py:115} INFO - [2022-08-19 23:29:32,660] {dag.py:2972} INFO - Setting next_dagrun for example_bash_operator to 2022-08-19T00:00:00+00:00, run_after=2022-08-20T00:00:00+00:00
[2022-08-19 23:29:32,668] {processor.py:161} INFO - Processing /home/airflow/.local/lib/python3.7/site-packages/airflow/example_dags/example_bash_operator.py took 0.052 seconds
