[2022-08-19 22:31:45,911] {processor.py:153} INFO - Started process (PID=58) to work on /home/airflow/.local/lib/python3.7/site-packages/airflow/example_dags/example_xcom.py
[2022-08-19 22:31:45,913] {processor.py:641} INFO - Processing file /home/airflow/.local/lib/python3.7/site-packages/airflow/example_dags/example_xcom.py for tasks to queue
[2022-08-19 22:31:45,916] {logging_mixin.py:115} INFO - [2022-08-19 22:31:45,916] {dagbag.py:508} INFO - Filling up the DagBag from /home/airflow/.local/lib/python3.7/site-packages/airflow/example_dags/example_xcom.py
[2022-08-19 22:31:45,931] {processor.py:651} INFO - DAG(s) dict_keys(['example_xcom']) retrieved from /home/airflow/.local/lib/python3.7/site-packages/airflow/example_dags/example_xcom.py
[2022-08-19 22:31:45,995] {logging_mixin.py:115} INFO - [2022-08-19 22:31:45,995] {manager.py:508} INFO - Created Permission View: can delete on DAG:example_xcom
[2022-08-19 22:31:46,002] {logging_mixin.py:115} INFO - [2022-08-19 22:31:46,002] {manager.py:508} INFO - Created Permission View: can read on DAG:example_xcom
[2022-08-19 22:31:46,007] {logging_mixin.py:115} INFO - [2022-08-19 22:31:46,007] {manager.py:508} INFO - Created Permission View: can edit on DAG:example_xcom
[2022-08-19 22:31:46,008] {logging_mixin.py:115} INFO - [2022-08-19 22:31:46,008] {dag.py:2420} INFO - Sync 1 DAGs
[2022-08-19 22:31:46,017] {logging_mixin.py:115} INFO - [2022-08-19 22:31:46,017] {dag.py:2439} INFO - Creating ORM DAG for example_xcom
[2022-08-19 22:31:46,028] {logging_mixin.py:115} INFO - [2022-08-19 22:31:46,028] {dag.py:2972} INFO - Setting next_dagrun for example_xcom to 2021-01-01T00:00:00+00:00, run_after=2021-01-01T00:00:00+00:00
[2022-08-19 22:31:46,040] {processor.py:161} INFO - Processing /home/airflow/.local/lib/python3.7/site-packages/airflow/example_dags/example_xcom.py took 0.132 seconds
[2022-08-19 22:32:16,754] {processor.py:153} INFO - Started process (PID=121) to work on /home/airflow/.local/lib/python3.7/site-packages/airflow/example_dags/example_xcom.py
[2022-08-19 22:32:16,755] {processor.py:641} INFO - Processing file /home/airflow/.local/lib/python3.7/site-packages/airflow/example_dags/example_xcom.py for tasks to queue
[2022-08-19 22:32:16,756] {logging_mixin.py:115} INFO - [2022-08-19 22:32:16,756] {dagbag.py:508} INFO - Filling up the DagBag from /home/airflow/.local/lib/python3.7/site-packages/airflow/example_dags/example_xcom.py
[2022-08-19 22:32:16,766] {processor.py:651} INFO - DAG(s) dict_keys(['example_xcom']) retrieved from /home/airflow/.local/lib/python3.7/site-packages/airflow/example_dags/example_xcom.py
[2022-08-19 22:32:16,813] {logging_mixin.py:115} INFO - [2022-08-19 22:32:16,813] {dag.py:2420} INFO - Sync 1 DAGs
[2022-08-19 22:32:16,826] {logging_mixin.py:115} INFO - [2022-08-19 22:32:16,826] {dag.py:2972} INFO - Setting next_dagrun for example_xcom to 2021-01-01T00:00:00+00:00, run_after=2021-01-01T00:00:00+00:00
[2022-08-19 22:32:16,865] {processor.py:161} INFO - Processing /home/airflow/.local/lib/python3.7/site-packages/airflow/example_dags/example_xcom.py took 0.113 seconds
[2022-08-19 22:53:25,457] {processor.py:153} INFO - Started process (PID=58) to work on /home/airflow/.local/lib/python3.7/site-packages/airflow/example_dags/example_xcom.py
[2022-08-19 22:53:25,459] {processor.py:641} INFO - Processing file /home/airflow/.local/lib/python3.7/site-packages/airflow/example_dags/example_xcom.py for tasks to queue
[2022-08-19 22:53:25,461] {logging_mixin.py:115} INFO - [2022-08-19 22:53:25,461] {dagbag.py:508} INFO - Filling up the DagBag from /home/airflow/.local/lib/python3.7/site-packages/airflow/example_dags/example_xcom.py
[2022-08-19 22:53:25,478] {processor.py:651} INFO - DAG(s) dict_keys(['example_xcom']) retrieved from /home/airflow/.local/lib/python3.7/site-packages/airflow/example_dags/example_xcom.py
[2022-08-19 22:53:25,575] {logging_mixin.py:115} INFO - [2022-08-19 22:53:25,575] {manager.py:508} INFO - Created Permission View: can read on DAG:example_xcom
[2022-08-19 22:53:25,585] {logging_mixin.py:115} INFO - [2022-08-19 22:53:25,585] {manager.py:508} INFO - Created Permission View: can delete on DAG:example_xcom
[2022-08-19 22:53:25,592] {logging_mixin.py:115} INFO - [2022-08-19 22:53:25,592] {manager.py:508} INFO - Created Permission View: can edit on DAG:example_xcom
[2022-08-19 22:53:25,593] {logging_mixin.py:115} INFO - [2022-08-19 22:53:25,593] {dag.py:2420} INFO - Sync 1 DAGs
[2022-08-19 22:53:25,598] {logging_mixin.py:115} INFO - [2022-08-19 22:53:25,598] {dag.py:2439} INFO - Creating ORM DAG for example_xcom
[2022-08-19 22:53:25,609] {logging_mixin.py:115} INFO - [2022-08-19 22:53:25,609] {dag.py:2972} INFO - Setting next_dagrun for example_xcom to 2021-01-01T00:00:00+00:00, run_after=2021-01-01T00:00:00+00:00
[2022-08-19 22:53:25,618] {processor.py:161} INFO - Processing /home/airflow/.local/lib/python3.7/site-packages/airflow/example_dags/example_xcom.py took 0.164 seconds
[2022-08-19 22:53:56,384] {processor.py:153} INFO - Started process (PID=136) to work on /home/airflow/.local/lib/python3.7/site-packages/airflow/example_dags/example_xcom.py
[2022-08-19 22:53:56,385] {processor.py:641} INFO - Processing file /home/airflow/.local/lib/python3.7/site-packages/airflow/example_dags/example_xcom.py for tasks to queue
[2022-08-19 22:53:56,386] {logging_mixin.py:115} INFO - [2022-08-19 22:53:56,386] {dagbag.py:508} INFO - Filling up the DagBag from /home/airflow/.local/lib/python3.7/site-packages/airflow/example_dags/example_xcom.py
[2022-08-19 22:53:56,399] {processor.py:651} INFO - DAG(s) dict_keys(['example_xcom']) retrieved from /home/airflow/.local/lib/python3.7/site-packages/airflow/example_dags/example_xcom.py
[2022-08-19 22:53:56,439] {logging_mixin.py:115} INFO - [2022-08-19 22:53:56,439] {dag.py:2420} INFO - Sync 1 DAGs
[2022-08-19 22:53:56,453] {logging_mixin.py:115} INFO - [2022-08-19 22:53:56,452] {dag.py:2972} INFO - Setting next_dagrun for example_xcom to 2021-01-01T00:00:00+00:00, run_after=2021-01-01T00:00:00+00:00
[2022-08-19 22:53:56,464] {processor.py:161} INFO - Processing /home/airflow/.local/lib/python3.7/site-packages/airflow/example_dags/example_xcom.py took 0.083 seconds
[2022-08-19 22:54:26,942] {processor.py:153} INFO - Started process (PID=209) to work on /home/airflow/.local/lib/python3.7/site-packages/airflow/example_dags/example_xcom.py
[2022-08-19 22:54:26,943] {processor.py:641} INFO - Processing file /home/airflow/.local/lib/python3.7/site-packages/airflow/example_dags/example_xcom.py for tasks to queue
[2022-08-19 22:54:26,944] {logging_mixin.py:115} INFO - [2022-08-19 22:54:26,944] {dagbag.py:508} INFO - Filling up the DagBag from /home/airflow/.local/lib/python3.7/site-packages/airflow/example_dags/example_xcom.py
[2022-08-19 22:54:26,954] {processor.py:651} INFO - DAG(s) dict_keys(['example_xcom']) retrieved from /home/airflow/.local/lib/python3.7/site-packages/airflow/example_dags/example_xcom.py
[2022-08-19 22:54:26,992] {logging_mixin.py:115} INFO - [2022-08-19 22:54:26,992] {dag.py:2420} INFO - Sync 1 DAGs
[2022-08-19 22:54:27,005] {logging_mixin.py:115} INFO - [2022-08-19 22:54:27,005] {dag.py:2972} INFO - Setting next_dagrun for example_xcom to 2021-01-01T00:00:00+00:00, run_after=2021-01-01T00:00:00+00:00
[2022-08-19 22:54:27,014] {processor.py:161} INFO - Processing /home/airflow/.local/lib/python3.7/site-packages/airflow/example_dags/example_xcom.py took 0.074 seconds
[2022-08-19 22:54:57,505] {processor.py:153} INFO - Started process (PID=276) to work on /home/airflow/.local/lib/python3.7/site-packages/airflow/example_dags/example_xcom.py
[2022-08-19 22:54:57,506] {processor.py:641} INFO - Processing file /home/airflow/.local/lib/python3.7/site-packages/airflow/example_dags/example_xcom.py for tasks to queue
[2022-08-19 22:54:57,507] {logging_mixin.py:115} INFO - [2022-08-19 22:54:57,507] {dagbag.py:508} INFO - Filling up the DagBag from /home/airflow/.local/lib/python3.7/site-packages/airflow/example_dags/example_xcom.py
[2022-08-19 22:54:57,518] {processor.py:651} INFO - DAG(s) dict_keys(['example_xcom']) retrieved from /home/airflow/.local/lib/python3.7/site-packages/airflow/example_dags/example_xcom.py
[2022-08-19 22:54:57,554] {logging_mixin.py:115} INFO - [2022-08-19 22:54:57,554] {dag.py:2420} INFO - Sync 1 DAGs
[2022-08-19 22:54:57,566] {logging_mixin.py:115} INFO - [2022-08-19 22:54:57,566] {dag.py:2972} INFO - Setting next_dagrun for example_xcom to 2021-01-01T00:00:00+00:00, run_after=2021-01-01T00:00:00+00:00
[2022-08-19 22:54:57,575] {processor.py:161} INFO - Processing /home/airflow/.local/lib/python3.7/site-packages/airflow/example_dags/example_xcom.py took 0.073 seconds
[2022-08-19 22:55:28,017] {processor.py:153} INFO - Started process (PID=339) to work on /home/airflow/.local/lib/python3.7/site-packages/airflow/example_dags/example_xcom.py
[2022-08-19 22:55:28,018] {processor.py:641} INFO - Processing file /home/airflow/.local/lib/python3.7/site-packages/airflow/example_dags/example_xcom.py for tasks to queue
[2022-08-19 22:55:28,019] {logging_mixin.py:115} INFO - [2022-08-19 22:55:28,018] {dagbag.py:508} INFO - Filling up the DagBag from /home/airflow/.local/lib/python3.7/site-packages/airflow/example_dags/example_xcom.py
[2022-08-19 22:55:28,029] {processor.py:651} INFO - DAG(s) dict_keys(['example_xcom']) retrieved from /home/airflow/.local/lib/python3.7/site-packages/airflow/example_dags/example_xcom.py
[2022-08-19 22:55:28,066] {logging_mixin.py:115} INFO - [2022-08-19 22:55:28,066] {dag.py:2420} INFO - Sync 1 DAGs
[2022-08-19 22:55:28,077] {logging_mixin.py:115} INFO - [2022-08-19 22:55:28,077] {dag.py:2972} INFO - Setting next_dagrun for example_xcom to 2021-01-01T00:00:00+00:00, run_after=2021-01-01T00:00:00+00:00
[2022-08-19 22:55:28,084] {processor.py:161} INFO - Processing /home/airflow/.local/lib/python3.7/site-packages/airflow/example_dags/example_xcom.py took 0.070 seconds
[2022-08-19 22:55:58,526] {processor.py:153} INFO - Started process (PID=393) to work on /home/airflow/.local/lib/python3.7/site-packages/airflow/example_dags/example_xcom.py
[2022-08-19 22:55:58,527] {processor.py:641} INFO - Processing file /home/airflow/.local/lib/python3.7/site-packages/airflow/example_dags/example_xcom.py for tasks to queue
[2022-08-19 22:55:58,527] {logging_mixin.py:115} INFO - [2022-08-19 22:55:58,527] {dagbag.py:508} INFO - Filling up the DagBag from /home/airflow/.local/lib/python3.7/site-packages/airflow/example_dags/example_xcom.py
[2022-08-19 22:55:58,538] {processor.py:651} INFO - DAG(s) dict_keys(['example_xcom']) retrieved from /home/airflow/.local/lib/python3.7/site-packages/airflow/example_dags/example_xcom.py
[2022-08-19 22:55:58,574] {logging_mixin.py:115} INFO - [2022-08-19 22:55:58,574] {dag.py:2420} INFO - Sync 1 DAGs
[2022-08-19 22:55:58,586] {logging_mixin.py:115} INFO - [2022-08-19 22:55:58,586] {dag.py:2972} INFO - Setting next_dagrun for example_xcom to 2021-01-01T00:00:00+00:00, run_after=2021-01-01T00:00:00+00:00
[2022-08-19 22:55:58,595] {processor.py:161} INFO - Processing /home/airflow/.local/lib/python3.7/site-packages/airflow/example_dags/example_xcom.py took 0.072 seconds
[2022-08-19 22:56:28,931] {processor.py:153} INFO - Started process (PID=462) to work on /home/airflow/.local/lib/python3.7/site-packages/airflow/example_dags/example_xcom.py
[2022-08-19 22:56:28,932] {processor.py:641} INFO - Processing file /home/airflow/.local/lib/python3.7/site-packages/airflow/example_dags/example_xcom.py for tasks to queue
[2022-08-19 22:56:28,933] {logging_mixin.py:115} INFO - [2022-08-19 22:56:28,933] {dagbag.py:508} INFO - Filling up the DagBag from /home/airflow/.local/lib/python3.7/site-packages/airflow/example_dags/example_xcom.py
[2022-08-19 22:56:28,944] {processor.py:651} INFO - DAG(s) dict_keys(['example_xcom']) retrieved from /home/airflow/.local/lib/python3.7/site-packages/airflow/example_dags/example_xcom.py
[2022-08-19 22:56:28,960] {logging_mixin.py:115} INFO - [2022-08-19 22:56:28,960] {dag.py:2420} INFO - Sync 1 DAGs
[2022-08-19 22:56:28,972] {logging_mixin.py:115} INFO - [2022-08-19 22:56:28,971] {dag.py:2972} INFO - Setting next_dagrun for example_xcom to 2021-01-01T00:00:00+00:00, run_after=2021-01-01T00:00:00+00:00
[2022-08-19 22:56:28,978] {processor.py:161} INFO - Processing /home/airflow/.local/lib/python3.7/site-packages/airflow/example_dags/example_xcom.py took 0.049 seconds
[2022-08-19 22:56:59,320] {processor.py:153} INFO - Started process (PID=526) to work on /home/airflow/.local/lib/python3.7/site-packages/airflow/example_dags/example_xcom.py
[2022-08-19 22:56:59,321] {processor.py:641} INFO - Processing file /home/airflow/.local/lib/python3.7/site-packages/airflow/example_dags/example_xcom.py for tasks to queue
[2022-08-19 22:56:59,322] {logging_mixin.py:115} INFO - [2022-08-19 22:56:59,322] {dagbag.py:508} INFO - Filling up the DagBag from /home/airflow/.local/lib/python3.7/site-packages/airflow/example_dags/example_xcom.py
[2022-08-19 22:56:59,333] {processor.py:651} INFO - DAG(s) dict_keys(['example_xcom']) retrieved from /home/airflow/.local/lib/python3.7/site-packages/airflow/example_dags/example_xcom.py
[2022-08-19 22:56:59,371] {logging_mixin.py:115} INFO - [2022-08-19 22:56:59,371] {dag.py:2420} INFO - Sync 1 DAGs
[2022-08-19 22:56:59,383] {logging_mixin.py:115} INFO - [2022-08-19 22:56:59,382] {dag.py:2972} INFO - Setting next_dagrun for example_xcom to 2021-01-01T00:00:00+00:00, run_after=2021-01-01T00:00:00+00:00
[2022-08-19 22:56:59,391] {processor.py:161} INFO - Processing /home/airflow/.local/lib/python3.7/site-packages/airflow/example_dags/example_xcom.py took 0.073 seconds
[2022-08-19 22:57:29,723] {processor.py:153} INFO - Started process (PID=595) to work on /home/airflow/.local/lib/python3.7/site-packages/airflow/example_dags/example_xcom.py
[2022-08-19 22:57:29,724] {processor.py:641} INFO - Processing file /home/airflow/.local/lib/python3.7/site-packages/airflow/example_dags/example_xcom.py for tasks to queue
[2022-08-19 22:57:29,725] {logging_mixin.py:115} INFO - [2022-08-19 22:57:29,725] {dagbag.py:508} INFO - Filling up the DagBag from /home/airflow/.local/lib/python3.7/site-packages/airflow/example_dags/example_xcom.py
[2022-08-19 22:57:29,735] {processor.py:651} INFO - DAG(s) dict_keys(['example_xcom']) retrieved from /home/airflow/.local/lib/python3.7/site-packages/airflow/example_dags/example_xcom.py
[2022-08-19 22:57:29,752] {logging_mixin.py:115} INFO - [2022-08-19 22:57:29,752] {dag.py:2420} INFO - Sync 1 DAGs
[2022-08-19 22:57:29,763] {logging_mixin.py:115} INFO - [2022-08-19 22:57:29,763] {dag.py:2972} INFO - Setting next_dagrun for example_xcom to 2021-01-01T00:00:00+00:00, run_after=2021-01-01T00:00:00+00:00
[2022-08-19 22:57:29,770] {processor.py:161} INFO - Processing /home/airflow/.local/lib/python3.7/site-packages/airflow/example_dags/example_xcom.py took 0.050 seconds
[2022-08-19 22:58:00,200] {processor.py:153} INFO - Started process (PID=661) to work on /home/airflow/.local/lib/python3.7/site-packages/airflow/example_dags/example_xcom.py
[2022-08-19 22:58:00,201] {processor.py:641} INFO - Processing file /home/airflow/.local/lib/python3.7/site-packages/airflow/example_dags/example_xcom.py for tasks to queue
[2022-08-19 22:58:00,203] {logging_mixin.py:115} INFO - [2022-08-19 22:58:00,203] {dagbag.py:508} INFO - Filling up the DagBag from /home/airflow/.local/lib/python3.7/site-packages/airflow/example_dags/example_xcom.py
[2022-08-19 22:58:00,213] {processor.py:651} INFO - DAG(s) dict_keys(['example_xcom']) retrieved from /home/airflow/.local/lib/python3.7/site-packages/airflow/example_dags/example_xcom.py
[2022-08-19 22:58:00,230] {logging_mixin.py:115} INFO - [2022-08-19 22:58:00,230] {dag.py:2420} INFO - Sync 1 DAGs
[2022-08-19 22:58:00,242] {logging_mixin.py:115} INFO - [2022-08-19 22:58:00,242] {dag.py:2972} INFO - Setting next_dagrun for example_xcom to 2021-01-01T00:00:00+00:00, run_after=2021-01-01T00:00:00+00:00
[2022-08-19 22:58:00,267] {processor.py:161} INFO - Processing /home/airflow/.local/lib/python3.7/site-packages/airflow/example_dags/example_xcom.py took 0.069 seconds
[2022-08-19 22:58:30,669] {processor.py:153} INFO - Started process (PID=729) to work on /home/airflow/.local/lib/python3.7/site-packages/airflow/example_dags/example_xcom.py
[2022-08-19 22:58:30,670] {processor.py:641} INFO - Processing file /home/airflow/.local/lib/python3.7/site-packages/airflow/example_dags/example_xcom.py for tasks to queue
[2022-08-19 22:58:30,671] {logging_mixin.py:115} INFO - [2022-08-19 22:58:30,671] {dagbag.py:508} INFO - Filling up the DagBag from /home/airflow/.local/lib/python3.7/site-packages/airflow/example_dags/example_xcom.py
[2022-08-19 22:58:30,687] {processor.py:651} INFO - DAG(s) dict_keys(['example_xcom']) retrieved from /home/airflow/.local/lib/python3.7/site-packages/airflow/example_dags/example_xcom.py
[2022-08-19 22:58:30,723] {logging_mixin.py:115} INFO - [2022-08-19 22:58:30,723] {dag.py:2420} INFO - Sync 1 DAGs
[2022-08-19 22:58:30,736] {logging_mixin.py:115} INFO - [2022-08-19 22:58:30,736] {dag.py:2972} INFO - Setting next_dagrun for example_xcom to 2021-01-01T00:00:00+00:00, run_after=2021-01-01T00:00:00+00:00
[2022-08-19 22:58:30,747] {processor.py:161} INFO - Processing /home/airflow/.local/lib/python3.7/site-packages/airflow/example_dags/example_xcom.py took 0.081 seconds
[2022-08-19 22:59:01,097] {processor.py:153} INFO - Started process (PID=783) to work on /home/airflow/.local/lib/python3.7/site-packages/airflow/example_dags/example_xcom.py
[2022-08-19 22:59:01,098] {processor.py:641} INFO - Processing file /home/airflow/.local/lib/python3.7/site-packages/airflow/example_dags/example_xcom.py for tasks to queue
[2022-08-19 22:59:01,099] {logging_mixin.py:115} INFO - [2022-08-19 22:59:01,099] {dagbag.py:508} INFO - Filling up the DagBag from /home/airflow/.local/lib/python3.7/site-packages/airflow/example_dags/example_xcom.py
[2022-08-19 22:59:01,110] {processor.py:651} INFO - DAG(s) dict_keys(['example_xcom']) retrieved from /home/airflow/.local/lib/python3.7/site-packages/airflow/example_dags/example_xcom.py
[2022-08-19 22:59:01,126] {logging_mixin.py:115} INFO - [2022-08-19 22:59:01,126] {dag.py:2420} INFO - Sync 1 DAGs
[2022-08-19 22:59:01,137] {logging_mixin.py:115} INFO - [2022-08-19 22:59:01,137] {dag.py:2972} INFO - Setting next_dagrun for example_xcom to 2021-01-01T00:00:00+00:00, run_after=2021-01-01T00:00:00+00:00
[2022-08-19 22:59:01,144] {processor.py:161} INFO - Processing /home/airflow/.local/lib/python3.7/site-packages/airflow/example_dags/example_xcom.py took 0.050 seconds
[2022-08-19 22:59:31,635] {processor.py:153} INFO - Started process (PID=849) to work on /home/airflow/.local/lib/python3.7/site-packages/airflow/example_dags/example_xcom.py
[2022-08-19 22:59:31,636] {processor.py:641} INFO - Processing file /home/airflow/.local/lib/python3.7/site-packages/airflow/example_dags/example_xcom.py for tasks to queue
[2022-08-19 22:59:31,637] {logging_mixin.py:115} INFO - [2022-08-19 22:59:31,637] {dagbag.py:508} INFO - Filling up the DagBag from /home/airflow/.local/lib/python3.7/site-packages/airflow/example_dags/example_xcom.py
[2022-08-19 22:59:31,648] {processor.py:651} INFO - DAG(s) dict_keys(['example_xcom']) retrieved from /home/airflow/.local/lib/python3.7/site-packages/airflow/example_dags/example_xcom.py
[2022-08-19 22:59:31,686] {logging_mixin.py:115} INFO - [2022-08-19 22:59:31,686] {dag.py:2420} INFO - Sync 1 DAGs
[2022-08-19 22:59:31,702] {logging_mixin.py:115} INFO - [2022-08-19 22:59:31,702] {dag.py:2972} INFO - Setting next_dagrun for example_xcom to 2021-01-01T00:00:00+00:00, run_after=2021-01-01T00:00:00+00:00
[2022-08-19 22:59:31,712] {processor.py:161} INFO - Processing /home/airflow/.local/lib/python3.7/site-packages/airflow/example_dags/example_xcom.py took 0.080 seconds
[2022-08-19 23:00:02,068] {processor.py:153} INFO - Started process (PID=917) to work on /home/airflow/.local/lib/python3.7/site-packages/airflow/example_dags/example_xcom.py
[2022-08-19 23:00:02,069] {processor.py:641} INFO - Processing file /home/airflow/.local/lib/python3.7/site-packages/airflow/example_dags/example_xcom.py for tasks to queue
[2022-08-19 23:00:02,070] {logging_mixin.py:115} INFO - [2022-08-19 23:00:02,070] {dagbag.py:508} INFO - Filling up the DagBag from /home/airflow/.local/lib/python3.7/site-packages/airflow/example_dags/example_xcom.py
[2022-08-19 23:00:02,081] {processor.py:651} INFO - DAG(s) dict_keys(['example_xcom']) retrieved from /home/airflow/.local/lib/python3.7/site-packages/airflow/example_dags/example_xcom.py
[2022-08-19 23:00:02,121] {logging_mixin.py:115} INFO - [2022-08-19 23:00:02,121] {dag.py:2420} INFO - Sync 1 DAGs
[2022-08-19 23:00:02,132] {logging_mixin.py:115} INFO - [2022-08-19 23:00:02,132] {dag.py:2972} INFO - Setting next_dagrun for example_xcom to 2021-01-01T00:00:00+00:00, run_after=2021-01-01T00:00:00+00:00
[2022-08-19 23:00:02,141] {processor.py:161} INFO - Processing /home/airflow/.local/lib/python3.7/site-packages/airflow/example_dags/example_xcom.py took 0.075 seconds
[2022-08-19 23:00:32,481] {processor.py:153} INFO - Started process (PID=983) to work on /home/airflow/.local/lib/python3.7/site-packages/airflow/example_dags/example_xcom.py
[2022-08-19 23:00:32,482] {processor.py:641} INFO - Processing file /home/airflow/.local/lib/python3.7/site-packages/airflow/example_dags/example_xcom.py for tasks to queue
[2022-08-19 23:00:32,483] {logging_mixin.py:115} INFO - [2022-08-19 23:00:32,483] {dagbag.py:508} INFO - Filling up the DagBag from /home/airflow/.local/lib/python3.7/site-packages/airflow/example_dags/example_xcom.py
[2022-08-19 23:00:32,493] {processor.py:651} INFO - DAG(s) dict_keys(['example_xcom']) retrieved from /home/airflow/.local/lib/python3.7/site-packages/airflow/example_dags/example_xcom.py
[2022-08-19 23:00:32,531] {logging_mixin.py:115} INFO - [2022-08-19 23:00:32,531] {dag.py:2420} INFO - Sync 1 DAGs
[2022-08-19 23:00:32,544] {logging_mixin.py:115} INFO - [2022-08-19 23:00:32,544] {dag.py:2972} INFO - Setting next_dagrun for example_xcom to 2021-01-01T00:00:00+00:00, run_after=2021-01-01T00:00:00+00:00
[2022-08-19 23:00:32,553] {processor.py:161} INFO - Processing /home/airflow/.local/lib/python3.7/site-packages/airflow/example_dags/example_xcom.py took 0.074 seconds
[2022-08-19 23:01:02,856] {processor.py:153} INFO - Started process (PID=1053) to work on /home/airflow/.local/lib/python3.7/site-packages/airflow/example_dags/example_xcom.py
[2022-08-19 23:01:02,857] {processor.py:641} INFO - Processing file /home/airflow/.local/lib/python3.7/site-packages/airflow/example_dags/example_xcom.py for tasks to queue
[2022-08-19 23:01:02,858] {logging_mixin.py:115} INFO - [2022-08-19 23:01:02,858] {dagbag.py:508} INFO - Filling up the DagBag from /home/airflow/.local/lib/python3.7/site-packages/airflow/example_dags/example_xcom.py
[2022-08-19 23:01:02,868] {processor.py:651} INFO - DAG(s) dict_keys(['example_xcom']) retrieved from /home/airflow/.local/lib/python3.7/site-packages/airflow/example_dags/example_xcom.py
[2022-08-19 23:01:02,904] {logging_mixin.py:115} INFO - [2022-08-19 23:01:02,904] {dag.py:2420} INFO - Sync 1 DAGs
[2022-08-19 23:01:02,918] {logging_mixin.py:115} INFO - [2022-08-19 23:01:02,918] {dag.py:2972} INFO - Setting next_dagrun for example_xcom to 2021-01-01T00:00:00+00:00, run_after=2021-01-01T00:00:00+00:00
[2022-08-19 23:01:02,927] {processor.py:161} INFO - Processing /home/airflow/.local/lib/python3.7/site-packages/airflow/example_dags/example_xcom.py took 0.074 seconds
[2022-08-19 23:01:33,418] {processor.py:153} INFO - Started process (PID=1119) to work on /home/airflow/.local/lib/python3.7/site-packages/airflow/example_dags/example_xcom.py
[2022-08-19 23:01:33,419] {processor.py:641} INFO - Processing file /home/airflow/.local/lib/python3.7/site-packages/airflow/example_dags/example_xcom.py for tasks to queue
[2022-08-19 23:01:33,420] {logging_mixin.py:115} INFO - [2022-08-19 23:01:33,420] {dagbag.py:508} INFO - Filling up the DagBag from /home/airflow/.local/lib/python3.7/site-packages/airflow/example_dags/example_xcom.py
[2022-08-19 23:01:33,430] {processor.py:651} INFO - DAG(s) dict_keys(['example_xcom']) retrieved from /home/airflow/.local/lib/python3.7/site-packages/airflow/example_dags/example_xcom.py
[2022-08-19 23:01:33,447] {logging_mixin.py:115} INFO - [2022-08-19 23:01:33,447] {dag.py:2420} INFO - Sync 1 DAGs
[2022-08-19 23:01:33,460] {logging_mixin.py:115} INFO - [2022-08-19 23:01:33,460] {dag.py:2972} INFO - Setting next_dagrun for example_xcom to 2021-01-01T00:00:00+00:00, run_after=2021-01-01T00:00:00+00:00
[2022-08-19 23:01:33,468] {processor.py:161} INFO - Processing /home/airflow/.local/lib/python3.7/site-packages/airflow/example_dags/example_xcom.py took 0.053 seconds
[2022-08-19 23:02:03,833] {processor.py:153} INFO - Started process (PID=1173) to work on /home/airflow/.local/lib/python3.7/site-packages/airflow/example_dags/example_xcom.py
[2022-08-19 23:02:03,835] {processor.py:641} INFO - Processing file /home/airflow/.local/lib/python3.7/site-packages/airflow/example_dags/example_xcom.py for tasks to queue
[2022-08-19 23:02:03,836] {logging_mixin.py:115} INFO - [2022-08-19 23:02:03,836] {dagbag.py:508} INFO - Filling up the DagBag from /home/airflow/.local/lib/python3.7/site-packages/airflow/example_dags/example_xcom.py
[2022-08-19 23:02:03,847] {processor.py:651} INFO - DAG(s) dict_keys(['example_xcom']) retrieved from /home/airflow/.local/lib/python3.7/site-packages/airflow/example_dags/example_xcom.py
[2022-08-19 23:02:03,864] {logging_mixin.py:115} INFO - [2022-08-19 23:02:03,864] {dag.py:2420} INFO - Sync 1 DAGs
[2022-08-19 23:02:03,876] {logging_mixin.py:115} INFO - [2022-08-19 23:02:03,876] {dag.py:2972} INFO - Setting next_dagrun for example_xcom to 2021-01-01T00:00:00+00:00, run_after=2021-01-01T00:00:00+00:00
[2022-08-19 23:02:03,883] {processor.py:161} INFO - Processing /home/airflow/.local/lib/python3.7/site-packages/airflow/example_dags/example_xcom.py took 0.052 seconds
[2022-08-19 23:02:34,311] {processor.py:153} INFO - Started process (PID=1235) to work on /home/airflow/.local/lib/python3.7/site-packages/airflow/example_dags/example_xcom.py
[2022-08-19 23:02:34,312] {processor.py:641} INFO - Processing file /home/airflow/.local/lib/python3.7/site-packages/airflow/example_dags/example_xcom.py for tasks to queue
[2022-08-19 23:02:34,313] {logging_mixin.py:115} INFO - [2022-08-19 23:02:34,313] {dagbag.py:508} INFO - Filling up the DagBag from /home/airflow/.local/lib/python3.7/site-packages/airflow/example_dags/example_xcom.py
[2022-08-19 23:02:34,322] {processor.py:651} INFO - DAG(s) dict_keys(['example_xcom']) retrieved from /home/airflow/.local/lib/python3.7/site-packages/airflow/example_dags/example_xcom.py
[2022-08-19 23:02:34,355] {logging_mixin.py:115} INFO - [2022-08-19 23:02:34,355] {dag.py:2420} INFO - Sync 1 DAGs
[2022-08-19 23:02:34,365] {logging_mixin.py:115} INFO - [2022-08-19 23:02:34,365] {dag.py:2972} INFO - Setting next_dagrun for example_xcom to 2021-01-01T00:00:00+00:00, run_after=2021-01-01T00:00:00+00:00
[2022-08-19 23:02:34,372] {processor.py:161} INFO - Processing /home/airflow/.local/lib/python3.7/site-packages/airflow/example_dags/example_xcom.py took 0.063 seconds
[2022-08-19 23:03:04,737] {processor.py:153} INFO - Started process (PID=1300) to work on /home/airflow/.local/lib/python3.7/site-packages/airflow/example_dags/example_xcom.py
[2022-08-19 23:03:04,738] {processor.py:641} INFO - Processing file /home/airflow/.local/lib/python3.7/site-packages/airflow/example_dags/example_xcom.py for tasks to queue
[2022-08-19 23:03:04,739] {logging_mixin.py:115} INFO - [2022-08-19 23:03:04,739] {dagbag.py:508} INFO - Filling up the DagBag from /home/airflow/.local/lib/python3.7/site-packages/airflow/example_dags/example_xcom.py
[2022-08-19 23:03:04,750] {processor.py:651} INFO - DAG(s) dict_keys(['example_xcom']) retrieved from /home/airflow/.local/lib/python3.7/site-packages/airflow/example_dags/example_xcom.py
[2022-08-19 23:03:04,787] {logging_mixin.py:115} INFO - [2022-08-19 23:03:04,787] {dag.py:2420} INFO - Sync 1 DAGs
[2022-08-19 23:03:04,800] {logging_mixin.py:115} INFO - [2022-08-19 23:03:04,800] {dag.py:2972} INFO - Setting next_dagrun for example_xcom to 2021-01-01T00:00:00+00:00, run_after=2021-01-01T00:00:00+00:00
[2022-08-19 23:03:04,810] {processor.py:161} INFO - Processing /home/airflow/.local/lib/python3.7/site-packages/airflow/example_dags/example_xcom.py took 0.075 seconds
[2022-08-19 23:03:35,281] {processor.py:153} INFO - Started process (PID=1368) to work on /home/airflow/.local/lib/python3.7/site-packages/airflow/example_dags/example_xcom.py
[2022-08-19 23:03:35,282] {processor.py:641} INFO - Processing file /home/airflow/.local/lib/python3.7/site-packages/airflow/example_dags/example_xcom.py for tasks to queue
[2022-08-19 23:03:35,283] {logging_mixin.py:115} INFO - [2022-08-19 23:03:35,283] {dagbag.py:508} INFO - Filling up the DagBag from /home/airflow/.local/lib/python3.7/site-packages/airflow/example_dags/example_xcom.py
[2022-08-19 23:03:35,295] {processor.py:651} INFO - DAG(s) dict_keys(['example_xcom']) retrieved from /home/airflow/.local/lib/python3.7/site-packages/airflow/example_dags/example_xcom.py
[2022-08-19 23:03:35,332] {logging_mixin.py:115} INFO - [2022-08-19 23:03:35,332] {dag.py:2420} INFO - Sync 1 DAGs
[2022-08-19 23:03:35,343] {logging_mixin.py:115} INFO - [2022-08-19 23:03:35,343] {dag.py:2972} INFO - Setting next_dagrun for example_xcom to 2021-01-01T00:00:00+00:00, run_after=2021-01-01T00:00:00+00:00
[2022-08-19 23:03:35,351] {processor.py:161} INFO - Processing /home/airflow/.local/lib/python3.7/site-packages/airflow/example_dags/example_xcom.py took 0.072 seconds
[2022-08-19 23:04:05,486] {processor.py:153} INFO - Started process (PID=1443) to work on /home/airflow/.local/lib/python3.7/site-packages/airflow/example_dags/example_xcom.py
[2022-08-19 23:04:05,487] {processor.py:641} INFO - Processing file /home/airflow/.local/lib/python3.7/site-packages/airflow/example_dags/example_xcom.py for tasks to queue
[2022-08-19 23:04:05,488] {logging_mixin.py:115} INFO - [2022-08-19 23:04:05,488] {dagbag.py:508} INFO - Filling up the DagBag from /home/airflow/.local/lib/python3.7/site-packages/airflow/example_dags/example_xcom.py
[2022-08-19 23:04:05,499] {processor.py:651} INFO - DAG(s) dict_keys(['example_xcom']) retrieved from /home/airflow/.local/lib/python3.7/site-packages/airflow/example_dags/example_xcom.py
[2022-08-19 23:04:05,537] {logging_mixin.py:115} INFO - [2022-08-19 23:04:05,536] {dag.py:2420} INFO - Sync 1 DAGs
[2022-08-19 23:04:05,547] {logging_mixin.py:115} INFO - [2022-08-19 23:04:05,547] {dag.py:2972} INFO - Setting next_dagrun for example_xcom to 2021-01-01T00:00:00+00:00, run_after=2021-01-01T00:00:00+00:00
[2022-08-19 23:04:05,555] {processor.py:161} INFO - Processing /home/airflow/.local/lib/python3.7/site-packages/airflow/example_dags/example_xcom.py took 0.072 seconds
[2022-08-19 23:04:36,060] {processor.py:153} INFO - Started process (PID=1511) to work on /home/airflow/.local/lib/python3.7/site-packages/airflow/example_dags/example_xcom.py
[2022-08-19 23:04:36,061] {processor.py:641} INFO - Processing file /home/airflow/.local/lib/python3.7/site-packages/airflow/example_dags/example_xcom.py for tasks to queue
[2022-08-19 23:04:36,064] {logging_mixin.py:115} INFO - [2022-08-19 23:04:36,064] {dagbag.py:508} INFO - Filling up the DagBag from /home/airflow/.local/lib/python3.7/site-packages/airflow/example_dags/example_xcom.py
[2022-08-19 23:04:36,075] {processor.py:651} INFO - DAG(s) dict_keys(['example_xcom']) retrieved from /home/airflow/.local/lib/python3.7/site-packages/airflow/example_dags/example_xcom.py
[2022-08-19 23:04:36,092] {logging_mixin.py:115} INFO - [2022-08-19 23:04:36,092] {dag.py:2420} INFO - Sync 1 DAGs
[2022-08-19 23:04:36,108] {logging_mixin.py:115} INFO - [2022-08-19 23:04:36,108] {dag.py:2972} INFO - Setting next_dagrun for example_xcom to 2021-01-01T00:00:00+00:00, run_after=2021-01-01T00:00:00+00:00
[2022-08-19 23:04:36,124] {processor.py:161} INFO - Processing /home/airflow/.local/lib/python3.7/site-packages/airflow/example_dags/example_xcom.py took 0.067 seconds
[2022-08-19 23:05:06,768] {processor.py:153} INFO - Started process (PID=1572) to work on /home/airflow/.local/lib/python3.7/site-packages/airflow/example_dags/example_xcom.py
[2022-08-19 23:05:06,769] {processor.py:641} INFO - Processing file /home/airflow/.local/lib/python3.7/site-packages/airflow/example_dags/example_xcom.py for tasks to queue
[2022-08-19 23:05:06,770] {logging_mixin.py:115} INFO - [2022-08-19 23:05:06,770] {dagbag.py:508} INFO - Filling up the DagBag from /home/airflow/.local/lib/python3.7/site-packages/airflow/example_dags/example_xcom.py
[2022-08-19 23:05:06,784] {processor.py:651} INFO - DAG(s) dict_keys(['example_xcom']) retrieved from /home/airflow/.local/lib/python3.7/site-packages/airflow/example_dags/example_xcom.py
[2022-08-19 23:05:06,801] {logging_mixin.py:115} INFO - [2022-08-19 23:05:06,801] {dag.py:2420} INFO - Sync 1 DAGs
[2022-08-19 23:05:06,814] {logging_mixin.py:115} INFO - [2022-08-19 23:05:06,813] {dag.py:2972} INFO - Setting next_dagrun for example_xcom to 2021-01-01T00:00:00+00:00, run_after=2021-01-01T00:00:00+00:00
[2022-08-19 23:05:06,821] {processor.py:161} INFO - Processing /home/airflow/.local/lib/python3.7/site-packages/airflow/example_dags/example_xcom.py took 0.056 seconds
[2022-08-19 23:05:37,316] {processor.py:153} INFO - Started process (PID=1642) to work on /home/airflow/.local/lib/python3.7/site-packages/airflow/example_dags/example_xcom.py
[2022-08-19 23:05:37,317] {processor.py:641} INFO - Processing file /home/airflow/.local/lib/python3.7/site-packages/airflow/example_dags/example_xcom.py for tasks to queue
[2022-08-19 23:05:37,318] {logging_mixin.py:115} INFO - [2022-08-19 23:05:37,318] {dagbag.py:508} INFO - Filling up the DagBag from /home/airflow/.local/lib/python3.7/site-packages/airflow/example_dags/example_xcom.py
[2022-08-19 23:05:37,328] {processor.py:651} INFO - DAG(s) dict_keys(['example_xcom']) retrieved from /home/airflow/.local/lib/python3.7/site-packages/airflow/example_dags/example_xcom.py
[2022-08-19 23:05:37,363] {logging_mixin.py:115} INFO - [2022-08-19 23:05:37,362] {dag.py:2420} INFO - Sync 1 DAGs
[2022-08-19 23:05:37,375] {logging_mixin.py:115} INFO - [2022-08-19 23:05:37,375] {dag.py:2972} INFO - Setting next_dagrun for example_xcom to 2021-01-01T00:00:00+00:00, run_after=2021-01-01T00:00:00+00:00
[2022-08-19 23:05:37,387] {processor.py:161} INFO - Processing /home/airflow/.local/lib/python3.7/site-packages/airflow/example_dags/example_xcom.py took 0.073 seconds
[2022-08-19 23:06:08,414] {processor.py:153} INFO - Started process (PID=1733) to work on /home/airflow/.local/lib/python3.7/site-packages/airflow/example_dags/example_xcom.py
[2022-08-19 23:06:08,415] {processor.py:641} INFO - Processing file /home/airflow/.local/lib/python3.7/site-packages/airflow/example_dags/example_xcom.py for tasks to queue
[2022-08-19 23:06:08,416] {logging_mixin.py:115} INFO - [2022-08-19 23:06:08,416] {dagbag.py:508} INFO - Filling up the DagBag from /home/airflow/.local/lib/python3.7/site-packages/airflow/example_dags/example_xcom.py
[2022-08-19 23:06:08,433] {processor.py:651} INFO - DAG(s) dict_keys(['example_xcom']) retrieved from /home/airflow/.local/lib/python3.7/site-packages/airflow/example_dags/example_xcom.py
[2022-08-19 23:06:08,486] {logging_mixin.py:115} INFO - [2022-08-19 23:06:08,486] {dag.py:2420} INFO - Sync 1 DAGs
[2022-08-19 23:06:08,500] {logging_mixin.py:115} INFO - [2022-08-19 23:06:08,500] {dag.py:2972} INFO - Setting next_dagrun for example_xcom to 2021-01-01T00:00:00+00:00, run_after=2021-01-01T00:00:00+00:00
[2022-08-19 23:06:08,524] {processor.py:161} INFO - Processing /home/airflow/.local/lib/python3.7/site-packages/airflow/example_dags/example_xcom.py took 0.114 seconds
[2022-08-19 23:06:38,768] {processor.py:153} INFO - Started process (PID=1858) to work on /home/airflow/.local/lib/python3.7/site-packages/airflow/example_dags/example_xcom.py
[2022-08-19 23:06:38,770] {processor.py:641} INFO - Processing file /home/airflow/.local/lib/python3.7/site-packages/airflow/example_dags/example_xcom.py for tasks to queue
[2022-08-19 23:06:38,771] {logging_mixin.py:115} INFO - [2022-08-19 23:06:38,771] {dagbag.py:508} INFO - Filling up the DagBag from /home/airflow/.local/lib/python3.7/site-packages/airflow/example_dags/example_xcom.py
[2022-08-19 23:06:38,788] {processor.py:651} INFO - DAG(s) dict_keys(['example_xcom']) retrieved from /home/airflow/.local/lib/python3.7/site-packages/airflow/example_dags/example_xcom.py
[2022-08-19 23:06:38,856] {logging_mixin.py:115} INFO - [2022-08-19 23:06:38,856] {dag.py:2420} INFO - Sync 1 DAGs
[2022-08-19 23:06:38,877] {logging_mixin.py:115} INFO - [2022-08-19 23:06:38,877] {dag.py:2972} INFO - Setting next_dagrun for example_xcom to 2021-01-01T00:00:00+00:00, run_after=2021-01-01T00:00:00+00:00
[2022-08-19 23:06:38,893] {processor.py:161} INFO - Processing /home/airflow/.local/lib/python3.7/site-packages/airflow/example_dags/example_xcom.py took 0.127 seconds
[2022-08-19 23:07:09,786] {processor.py:153} INFO - Started process (PID=1993) to work on /home/airflow/.local/lib/python3.7/site-packages/airflow/example_dags/example_xcom.py
[2022-08-19 23:07:09,787] {processor.py:641} INFO - Processing file /home/airflow/.local/lib/python3.7/site-packages/airflow/example_dags/example_xcom.py for tasks to queue
[2022-08-19 23:07:09,790] {logging_mixin.py:115} INFO - [2022-08-19 23:07:09,790] {dagbag.py:508} INFO - Filling up the DagBag from /home/airflow/.local/lib/python3.7/site-packages/airflow/example_dags/example_xcom.py
[2022-08-19 23:07:09,818] {processor.py:651} INFO - DAG(s) dict_keys(['example_xcom']) retrieved from /home/airflow/.local/lib/python3.7/site-packages/airflow/example_dags/example_xcom.py
[2022-08-19 23:07:09,887] {logging_mixin.py:115} INFO - [2022-08-19 23:07:09,887] {dag.py:2420} INFO - Sync 1 DAGs
[2022-08-19 23:07:09,902] {logging_mixin.py:115} INFO - [2022-08-19 23:07:09,902] {dag.py:2972} INFO - Setting next_dagrun for example_xcom to 2021-01-01T00:00:00+00:00, run_after=2021-01-01T00:00:00+00:00
[2022-08-19 23:07:09,913] {processor.py:161} INFO - Processing /home/airflow/.local/lib/python3.7/site-packages/airflow/example_dags/example_xcom.py took 0.130 seconds
[2022-08-19 23:07:40,224] {processor.py:153} INFO - Started process (PID=2120) to work on /home/airflow/.local/lib/python3.7/site-packages/airflow/example_dags/example_xcom.py
[2022-08-19 23:07:40,226] {processor.py:641} INFO - Processing file /home/airflow/.local/lib/python3.7/site-packages/airflow/example_dags/example_xcom.py for tasks to queue
[2022-08-19 23:07:40,228] {logging_mixin.py:115} INFO - [2022-08-19 23:07:40,228] {dagbag.py:508} INFO - Filling up the DagBag from /home/airflow/.local/lib/python3.7/site-packages/airflow/example_dags/example_xcom.py
[2022-08-19 23:07:40,247] {processor.py:651} INFO - DAG(s) dict_keys(['example_xcom']) retrieved from /home/airflow/.local/lib/python3.7/site-packages/airflow/example_dags/example_xcom.py
[2022-08-19 23:07:40,322] {logging_mixin.py:115} INFO - [2022-08-19 23:07:40,322] {dag.py:2420} INFO - Sync 1 DAGs
[2022-08-19 23:07:40,350] {logging_mixin.py:115} INFO - [2022-08-19 23:07:40,350] {dag.py:2972} INFO - Setting next_dagrun for example_xcom to 2021-01-01T00:00:00+00:00, run_after=2021-01-01T00:00:00+00:00
[2022-08-19 23:07:40,363] {processor.py:161} INFO - Processing /home/airflow/.local/lib/python3.7/site-packages/airflow/example_dags/example_xcom.py took 0.141 seconds
[2022-08-19 23:08:11,236] {processor.py:153} INFO - Started process (PID=2235) to work on /home/airflow/.local/lib/python3.7/site-packages/airflow/example_dags/example_xcom.py
[2022-08-19 23:08:11,237] {processor.py:641} INFO - Processing file /home/airflow/.local/lib/python3.7/site-packages/airflow/example_dags/example_xcom.py for tasks to queue
[2022-08-19 23:08:11,238] {logging_mixin.py:115} INFO - [2022-08-19 23:08:11,238] {dagbag.py:508} INFO - Filling up the DagBag from /home/airflow/.local/lib/python3.7/site-packages/airflow/example_dags/example_xcom.py
[2022-08-19 23:08:11,249] {processor.py:651} INFO - DAG(s) dict_keys(['example_xcom']) retrieved from /home/airflow/.local/lib/python3.7/site-packages/airflow/example_dags/example_xcom.py
[2022-08-19 23:08:11,266] {logging_mixin.py:115} INFO - [2022-08-19 23:08:11,266] {dag.py:2420} INFO - Sync 1 DAGs
[2022-08-19 23:08:11,278] {logging_mixin.py:115} INFO - [2022-08-19 23:08:11,278] {dag.py:2972} INFO - Setting next_dagrun for example_xcom to 2021-01-01T00:00:00+00:00, run_after=2021-01-01T00:00:00+00:00
[2022-08-19 23:08:11,286] {processor.py:161} INFO - Processing /home/airflow/.local/lib/python3.7/site-packages/airflow/example_dags/example_xcom.py took 0.053 seconds
[2022-08-19 23:08:41,554] {processor.py:153} INFO - Started process (PID=2353) to work on /home/airflow/.local/lib/python3.7/site-packages/airflow/example_dags/example_xcom.py
[2022-08-19 23:08:41,556] {processor.py:641} INFO - Processing file /home/airflow/.local/lib/python3.7/site-packages/airflow/example_dags/example_xcom.py for tasks to queue
[2022-08-19 23:08:41,557] {logging_mixin.py:115} INFO - [2022-08-19 23:08:41,557] {dagbag.py:508} INFO - Filling up the DagBag from /home/airflow/.local/lib/python3.7/site-packages/airflow/example_dags/example_xcom.py
[2022-08-19 23:08:41,571] {processor.py:651} INFO - DAG(s) dict_keys(['example_xcom']) retrieved from /home/airflow/.local/lib/python3.7/site-packages/airflow/example_dags/example_xcom.py
[2022-08-19 23:08:41,612] {logging_mixin.py:115} INFO - [2022-08-19 23:08:41,612] {dag.py:2420} INFO - Sync 1 DAGs
[2022-08-19 23:08:41,624] {logging_mixin.py:115} INFO - [2022-08-19 23:08:41,624] {dag.py:2972} INFO - Setting next_dagrun for example_xcom to 2021-01-01T00:00:00+00:00, run_after=2021-01-01T00:00:00+00:00
[2022-08-19 23:08:41,632] {processor.py:161} INFO - Processing /home/airflow/.local/lib/python3.7/site-packages/airflow/example_dags/example_xcom.py took 0.082 seconds
[2022-08-19 23:09:12,296] {processor.py:153} INFO - Started process (PID=2497) to work on /home/airflow/.local/lib/python3.7/site-packages/airflow/example_dags/example_xcom.py
[2022-08-19 23:09:12,297] {processor.py:641} INFO - Processing file /home/airflow/.local/lib/python3.7/site-packages/airflow/example_dags/example_xcom.py for tasks to queue
[2022-08-19 23:09:12,298] {logging_mixin.py:115} INFO - [2022-08-19 23:09:12,298] {dagbag.py:508} INFO - Filling up the DagBag from /home/airflow/.local/lib/python3.7/site-packages/airflow/example_dags/example_xcom.py
[2022-08-19 23:09:12,323] {processor.py:651} INFO - DAG(s) dict_keys(['example_xcom']) retrieved from /home/airflow/.local/lib/python3.7/site-packages/airflow/example_dags/example_xcom.py
[2022-08-19 23:09:12,350] {logging_mixin.py:115} INFO - [2022-08-19 23:09:12,349] {dag.py:2420} INFO - Sync 1 DAGs
[2022-08-19 23:09:12,372] {logging_mixin.py:115} INFO - [2022-08-19 23:09:12,372] {dag.py:2972} INFO - Setting next_dagrun for example_xcom to 2021-01-01T00:00:00+00:00, run_after=2021-01-01T00:00:00+00:00
[2022-08-19 23:09:12,384] {processor.py:161} INFO - Processing /home/airflow/.local/lib/python3.7/site-packages/airflow/example_dags/example_xcom.py took 0.091 seconds
[2022-08-19 23:09:42,652] {processor.py:153} INFO - Started process (PID=2613) to work on /home/airflow/.local/lib/python3.7/site-packages/airflow/example_dags/example_xcom.py
[2022-08-19 23:09:42,660] {processor.py:641} INFO - Processing file /home/airflow/.local/lib/python3.7/site-packages/airflow/example_dags/example_xcom.py for tasks to queue
[2022-08-19 23:09:42,662] {logging_mixin.py:115} INFO - [2022-08-19 23:09:42,662] {dagbag.py:508} INFO - Filling up the DagBag from /home/airflow/.local/lib/python3.7/site-packages/airflow/example_dags/example_xcom.py
[2022-08-19 23:09:42,688] {processor.py:651} INFO - DAG(s) dict_keys(['example_xcom']) retrieved from /home/airflow/.local/lib/python3.7/site-packages/airflow/example_dags/example_xcom.py
[2022-08-19 23:09:42,778] {logging_mixin.py:115} INFO - [2022-08-19 23:09:42,777] {dag.py:2420} INFO - Sync 1 DAGs
[2022-08-19 23:09:42,798] {logging_mixin.py:115} INFO - [2022-08-19 23:09:42,798] {dag.py:2972} INFO - Setting next_dagrun for example_xcom to 2021-01-01T00:00:00+00:00, run_after=2021-01-01T00:00:00+00:00
[2022-08-19 23:09:42,813] {processor.py:161} INFO - Processing /home/airflow/.local/lib/python3.7/site-packages/airflow/example_dags/example_xcom.py took 0.165 seconds
[2022-08-19 23:10:12,926] {processor.py:153} INFO - Started process (PID=2748) to work on /home/airflow/.local/lib/python3.7/site-packages/airflow/example_dags/example_xcom.py
[2022-08-19 23:10:12,929] {processor.py:641} INFO - Processing file /home/airflow/.local/lib/python3.7/site-packages/airflow/example_dags/example_xcom.py for tasks to queue
[2022-08-19 23:10:12,932] {logging_mixin.py:115} INFO - [2022-08-19 23:10:12,932] {dagbag.py:508} INFO - Filling up the DagBag from /home/airflow/.local/lib/python3.7/site-packages/airflow/example_dags/example_xcom.py
[2022-08-19 23:10:12,954] {processor.py:651} INFO - DAG(s) dict_keys(['example_xcom']) retrieved from /home/airflow/.local/lib/python3.7/site-packages/airflow/example_dags/example_xcom.py
[2022-08-19 23:10:13,016] {logging_mixin.py:115} INFO - [2022-08-19 23:10:13,016] {dag.py:2420} INFO - Sync 1 DAGs
[2022-08-19 23:10:13,036] {logging_mixin.py:115} INFO - [2022-08-19 23:10:13,036] {dag.py:2972} INFO - Setting next_dagrun for example_xcom to 2021-01-01T00:00:00+00:00, run_after=2021-01-01T00:00:00+00:00
[2022-08-19 23:10:13,048] {processor.py:161} INFO - Processing /home/airflow/.local/lib/python3.7/site-packages/airflow/example_dags/example_xcom.py took 0.125 seconds
[2022-08-19 23:10:43,513] {processor.py:153} INFO - Started process (PID=2880) to work on /home/airflow/.local/lib/python3.7/site-packages/airflow/example_dags/example_xcom.py
[2022-08-19 23:10:43,514] {processor.py:641} INFO - Processing file /home/airflow/.local/lib/python3.7/site-packages/airflow/example_dags/example_xcom.py for tasks to queue
[2022-08-19 23:10:43,515] {logging_mixin.py:115} INFO - [2022-08-19 23:10:43,515] {dagbag.py:508} INFO - Filling up the DagBag from /home/airflow/.local/lib/python3.7/site-packages/airflow/example_dags/example_xcom.py
[2022-08-19 23:10:43,533] {processor.py:651} INFO - DAG(s) dict_keys(['example_xcom']) retrieved from /home/airflow/.local/lib/python3.7/site-packages/airflow/example_dags/example_xcom.py
[2022-08-19 23:10:43,563] {logging_mixin.py:115} INFO - [2022-08-19 23:10:43,563] {dag.py:2420} INFO - Sync 1 DAGs
[2022-08-19 23:10:43,584] {logging_mixin.py:115} INFO - [2022-08-19 23:10:43,584] {dag.py:2972} INFO - Setting next_dagrun for example_xcom to 2021-01-01T00:00:00+00:00, run_after=2021-01-01T00:00:00+00:00
[2022-08-19 23:10:43,606] {processor.py:161} INFO - Processing /home/airflow/.local/lib/python3.7/site-packages/airflow/example_dags/example_xcom.py took 0.096 seconds
[2022-08-19 23:11:14,394] {processor.py:153} INFO - Started process (PID=2992) to work on /home/airflow/.local/lib/python3.7/site-packages/airflow/example_dags/example_xcom.py
[2022-08-19 23:11:14,395] {processor.py:641} INFO - Processing file /home/airflow/.local/lib/python3.7/site-packages/airflow/example_dags/example_xcom.py for tasks to queue
[2022-08-19 23:11:14,396] {logging_mixin.py:115} INFO - [2022-08-19 23:11:14,396] {dagbag.py:508} INFO - Filling up the DagBag from /home/airflow/.local/lib/python3.7/site-packages/airflow/example_dags/example_xcom.py
[2022-08-19 23:11:14,409] {processor.py:651} INFO - DAG(s) dict_keys(['example_xcom']) retrieved from /home/airflow/.local/lib/python3.7/site-packages/airflow/example_dags/example_xcom.py
[2022-08-19 23:11:14,451] {logging_mixin.py:115} INFO - [2022-08-19 23:11:14,451] {dag.py:2420} INFO - Sync 1 DAGs
[2022-08-19 23:11:14,466] {logging_mixin.py:115} INFO - [2022-08-19 23:11:14,466] {dag.py:2972} INFO - Setting next_dagrun for example_xcom to 2021-01-01T00:00:00+00:00, run_after=2021-01-01T00:00:00+00:00
[2022-08-19 23:11:14,476] {processor.py:161} INFO - Processing /home/airflow/.local/lib/python3.7/site-packages/airflow/example_dags/example_xcom.py took 0.085 seconds
[2022-08-19 23:11:44,769] {processor.py:153} INFO - Started process (PID=3116) to work on /home/airflow/.local/lib/python3.7/site-packages/airflow/example_dags/example_xcom.py
[2022-08-19 23:11:44,771] {processor.py:641} INFO - Processing file /home/airflow/.local/lib/python3.7/site-packages/airflow/example_dags/example_xcom.py for tasks to queue
[2022-08-19 23:11:44,776] {logging_mixin.py:115} INFO - [2022-08-19 23:11:44,776] {dagbag.py:508} INFO - Filling up the DagBag from /home/airflow/.local/lib/python3.7/site-packages/airflow/example_dags/example_xcom.py
[2022-08-19 23:11:44,797] {processor.py:651} INFO - DAG(s) dict_keys(['example_xcom']) retrieved from /home/airflow/.local/lib/python3.7/site-packages/airflow/example_dags/example_xcom.py
[2022-08-19 23:11:44,887] {logging_mixin.py:115} INFO - [2022-08-19 23:11:44,887] {dag.py:2420} INFO - Sync 1 DAGs
[2022-08-19 23:11:44,918] {logging_mixin.py:115} INFO - [2022-08-19 23:11:44,918] {dag.py:2972} INFO - Setting next_dagrun for example_xcom to 2021-01-01T00:00:00+00:00, run_after=2021-01-01T00:00:00+00:00
[2022-08-19 23:11:44,944] {processor.py:161} INFO - Processing /home/airflow/.local/lib/python3.7/site-packages/airflow/example_dags/example_xcom.py took 0.177 seconds
[2022-08-19 23:12:15,026] {processor.py:153} INFO - Started process (PID=3238) to work on /home/airflow/.local/lib/python3.7/site-packages/airflow/example_dags/example_xcom.py
[2022-08-19 23:12:15,028] {processor.py:641} INFO - Processing file /home/airflow/.local/lib/python3.7/site-packages/airflow/example_dags/example_xcom.py for tasks to queue
[2022-08-19 23:12:15,029] {logging_mixin.py:115} INFO - [2022-08-19 23:12:15,029] {dagbag.py:508} INFO - Filling up the DagBag from /home/airflow/.local/lib/python3.7/site-packages/airflow/example_dags/example_xcom.py
[2022-08-19 23:12:15,044] {processor.py:651} INFO - DAG(s) dict_keys(['example_xcom']) retrieved from /home/airflow/.local/lib/python3.7/site-packages/airflow/example_dags/example_xcom.py
[2022-08-19 23:12:15,085] {logging_mixin.py:115} INFO - [2022-08-19 23:12:15,085] {dag.py:2420} INFO - Sync 1 DAGs
[2022-08-19 23:12:15,098] {logging_mixin.py:115} INFO - [2022-08-19 23:12:15,098] {dag.py:2972} INFO - Setting next_dagrun for example_xcom to 2021-01-01T00:00:00+00:00, run_after=2021-01-01T00:00:00+00:00
[2022-08-19 23:12:15,107] {processor.py:161} INFO - Processing /home/airflow/.local/lib/python3.7/site-packages/airflow/example_dags/example_xcom.py took 0.084 seconds
[2022-08-19 23:12:45,519] {processor.py:153} INFO - Started process (PID=3372) to work on /home/airflow/.local/lib/python3.7/site-packages/airflow/example_dags/example_xcom.py
[2022-08-19 23:12:45,522] {processor.py:641} INFO - Processing file /home/airflow/.local/lib/python3.7/site-packages/airflow/example_dags/example_xcom.py for tasks to queue
[2022-08-19 23:12:45,523] {logging_mixin.py:115} INFO - [2022-08-19 23:12:45,523] {dagbag.py:508} INFO - Filling up the DagBag from /home/airflow/.local/lib/python3.7/site-packages/airflow/example_dags/example_xcom.py
[2022-08-19 23:12:45,545] {processor.py:651} INFO - DAG(s) dict_keys(['example_xcom']) retrieved from /home/airflow/.local/lib/python3.7/site-packages/airflow/example_dags/example_xcom.py
[2022-08-19 23:12:45,578] {logging_mixin.py:115} INFO - [2022-08-19 23:12:45,578] {dag.py:2420} INFO - Sync 1 DAGs
[2022-08-19 23:12:45,616] {logging_mixin.py:115} INFO - [2022-08-19 23:12:45,616] {dag.py:2972} INFO - Setting next_dagrun for example_xcom to 2021-01-01T00:00:00+00:00, run_after=2021-01-01T00:00:00+00:00
[2022-08-19 23:12:45,639] {processor.py:161} INFO - Processing /home/airflow/.local/lib/python3.7/site-packages/airflow/example_dags/example_xcom.py took 0.123 seconds
[2022-08-19 23:13:15,833] {processor.py:153} INFO - Started process (PID=3488) to work on /home/airflow/.local/lib/python3.7/site-packages/airflow/example_dags/example_xcom.py
[2022-08-19 23:13:15,835] {processor.py:641} INFO - Processing file /home/airflow/.local/lib/python3.7/site-packages/airflow/example_dags/example_xcom.py for tasks to queue
[2022-08-19 23:13:15,836] {logging_mixin.py:115} INFO - [2022-08-19 23:13:15,836] {dagbag.py:508} INFO - Filling up the DagBag from /home/airflow/.local/lib/python3.7/site-packages/airflow/example_dags/example_xcom.py
[2022-08-19 23:13:15,849] {processor.py:651} INFO - DAG(s) dict_keys(['example_xcom']) retrieved from /home/airflow/.local/lib/python3.7/site-packages/airflow/example_dags/example_xcom.py
[2022-08-19 23:13:15,895] {logging_mixin.py:115} INFO - [2022-08-19 23:13:15,894] {dag.py:2420} INFO - Sync 1 DAGs
[2022-08-19 23:13:15,908] {logging_mixin.py:115} INFO - [2022-08-19 23:13:15,908] {dag.py:2972} INFO - Setting next_dagrun for example_xcom to 2021-01-01T00:00:00+00:00, run_after=2021-01-01T00:00:00+00:00
[2022-08-19 23:13:15,918] {processor.py:161} INFO - Processing /home/airflow/.local/lib/python3.7/site-packages/airflow/example_dags/example_xcom.py took 0.087 seconds
[2022-08-19 23:13:46,158] {processor.py:153} INFO - Started process (PID=3608) to work on /home/airflow/.local/lib/python3.7/site-packages/airflow/example_dags/example_xcom.py
[2022-08-19 23:13:46,160] {processor.py:641} INFO - Processing file /home/airflow/.local/lib/python3.7/site-packages/airflow/example_dags/example_xcom.py for tasks to queue
[2022-08-19 23:13:46,162] {logging_mixin.py:115} INFO - [2022-08-19 23:13:46,161] {dagbag.py:508} INFO - Filling up the DagBag from /home/airflow/.local/lib/python3.7/site-packages/airflow/example_dags/example_xcom.py
[2022-08-19 23:13:46,176] {processor.py:651} INFO - DAG(s) dict_keys(['example_xcom']) retrieved from /home/airflow/.local/lib/python3.7/site-packages/airflow/example_dags/example_xcom.py
[2022-08-19 23:13:46,218] {logging_mixin.py:115} INFO - [2022-08-19 23:13:46,218] {dag.py:2420} INFO - Sync 1 DAGs
[2022-08-19 23:13:46,230] {logging_mixin.py:115} INFO - [2022-08-19 23:13:46,230] {dag.py:2972} INFO - Setting next_dagrun for example_xcom to 2021-01-01T00:00:00+00:00, run_after=2021-01-01T00:00:00+00:00
[2022-08-19 23:13:46,244] {processor.py:161} INFO - Processing /home/airflow/.local/lib/python3.7/site-packages/airflow/example_dags/example_xcom.py took 0.094 seconds
[2022-08-19 23:14:16,714] {processor.py:153} INFO - Started process (PID=3749) to work on /home/airflow/.local/lib/python3.7/site-packages/airflow/example_dags/example_xcom.py
[2022-08-19 23:14:16,716] {processor.py:641} INFO - Processing file /home/airflow/.local/lib/python3.7/site-packages/airflow/example_dags/example_xcom.py for tasks to queue
[2022-08-19 23:14:16,717] {logging_mixin.py:115} INFO - [2022-08-19 23:14:16,716] {dagbag.py:508} INFO - Filling up the DagBag from /home/airflow/.local/lib/python3.7/site-packages/airflow/example_dags/example_xcom.py
[2022-08-19 23:14:16,735] {processor.py:651} INFO - DAG(s) dict_keys(['example_xcom']) retrieved from /home/airflow/.local/lib/python3.7/site-packages/airflow/example_dags/example_xcom.py
[2022-08-19 23:14:16,786] {logging_mixin.py:115} INFO - [2022-08-19 23:14:16,786] {dag.py:2420} INFO - Sync 1 DAGs
[2022-08-19 23:14:16,802] {logging_mixin.py:115} INFO - [2022-08-19 23:14:16,802] {dag.py:2972} INFO - Setting next_dagrun for example_xcom to 2021-01-01T00:00:00+00:00, run_after=2021-01-01T00:00:00+00:00
[2022-08-19 23:14:16,812] {processor.py:161} INFO - Processing /home/airflow/.local/lib/python3.7/site-packages/airflow/example_dags/example_xcom.py took 0.101 seconds
[2022-08-19 23:14:47,301] {processor.py:153} INFO - Started process (PID=3898) to work on /home/airflow/.local/lib/python3.7/site-packages/airflow/example_dags/example_xcom.py
[2022-08-19 23:14:47,305] {processor.py:641} INFO - Processing file /home/airflow/.local/lib/python3.7/site-packages/airflow/example_dags/example_xcom.py for tasks to queue
[2022-08-19 23:14:47,307] {logging_mixin.py:115} INFO - [2022-08-19 23:14:47,307] {dagbag.py:508} INFO - Filling up the DagBag from /home/airflow/.local/lib/python3.7/site-packages/airflow/example_dags/example_xcom.py
[2022-08-19 23:14:47,323] {processor.py:651} INFO - DAG(s) dict_keys(['example_xcom']) retrieved from /home/airflow/.local/lib/python3.7/site-packages/airflow/example_dags/example_xcom.py
[2022-08-19 23:14:47,363] {logging_mixin.py:115} INFO - [2022-08-19 23:14:47,363] {dag.py:2420} INFO - Sync 1 DAGs
[2022-08-19 23:14:47,394] {logging_mixin.py:115} INFO - [2022-08-19 23:14:47,394] {dag.py:2972} INFO - Setting next_dagrun for example_xcom to 2021-01-01T00:00:00+00:00, run_after=2021-01-01T00:00:00+00:00
[2022-08-19 23:14:47,405] {processor.py:161} INFO - Processing /home/airflow/.local/lib/python3.7/site-packages/airflow/example_dags/example_xcom.py took 0.107 seconds
[2022-08-19 23:15:18,109] {processor.py:153} INFO - Started process (PID=4013) to work on /home/airflow/.local/lib/python3.7/site-packages/airflow/example_dags/example_xcom.py
[2022-08-19 23:15:18,111] {processor.py:641} INFO - Processing file /home/airflow/.local/lib/python3.7/site-packages/airflow/example_dags/example_xcom.py for tasks to queue
[2022-08-19 23:15:18,112] {logging_mixin.py:115} INFO - [2022-08-19 23:15:18,112] {dagbag.py:508} INFO - Filling up the DagBag from /home/airflow/.local/lib/python3.7/site-packages/airflow/example_dags/example_xcom.py
[2022-08-19 23:15:18,125] {processor.py:651} INFO - DAG(s) dict_keys(['example_xcom']) retrieved from /home/airflow/.local/lib/python3.7/site-packages/airflow/example_dags/example_xcom.py
[2022-08-19 23:15:18,166] {logging_mixin.py:115} INFO - [2022-08-19 23:15:18,166] {dag.py:2420} INFO - Sync 1 DAGs
[2022-08-19 23:15:18,178] {logging_mixin.py:115} INFO - [2022-08-19 23:15:18,178] {dag.py:2972} INFO - Setting next_dagrun for example_xcom to 2021-01-01T00:00:00+00:00, run_after=2021-01-01T00:00:00+00:00
[2022-08-19 23:15:18,187] {processor.py:161} INFO - Processing /home/airflow/.local/lib/python3.7/site-packages/airflow/example_dags/example_xcom.py took 0.083 seconds
[2022-08-19 23:15:48,648] {processor.py:153} INFO - Started process (PID=4140) to work on /home/airflow/.local/lib/python3.7/site-packages/airflow/example_dags/example_xcom.py
[2022-08-19 23:15:48,654] {processor.py:641} INFO - Processing file /home/airflow/.local/lib/python3.7/site-packages/airflow/example_dags/example_xcom.py for tasks to queue
[2022-08-19 23:15:48,656] {logging_mixin.py:115} INFO - [2022-08-19 23:15:48,655] {dagbag.py:508} INFO - Filling up the DagBag from /home/airflow/.local/lib/python3.7/site-packages/airflow/example_dags/example_xcom.py
[2022-08-19 23:15:48,676] {processor.py:651} INFO - DAG(s) dict_keys(['example_xcom']) retrieved from /home/airflow/.local/lib/python3.7/site-packages/airflow/example_dags/example_xcom.py
[2022-08-19 23:15:48,721] {logging_mixin.py:115} INFO - [2022-08-19 23:15:48,721] {dag.py:2420} INFO - Sync 1 DAGs
[2022-08-19 23:15:48,740] {logging_mixin.py:115} INFO - [2022-08-19 23:15:48,740] {dag.py:2972} INFO - Setting next_dagrun for example_xcom to 2021-01-01T00:00:00+00:00, run_after=2021-01-01T00:00:00+00:00
[2022-08-19 23:15:48,753] {processor.py:161} INFO - Processing /home/airflow/.local/lib/python3.7/site-packages/airflow/example_dags/example_xcom.py took 0.107 seconds
[2022-08-19 23:16:18,887] {processor.py:153} INFO - Started process (PID=4293) to work on /home/airflow/.local/lib/python3.7/site-packages/airflow/example_dags/example_xcom.py
[2022-08-19 23:16:18,888] {processor.py:641} INFO - Processing file /home/airflow/.local/lib/python3.7/site-packages/airflow/example_dags/example_xcom.py for tasks to queue
[2022-08-19 23:16:18,889] {logging_mixin.py:115} INFO - [2022-08-19 23:16:18,889] {dagbag.py:508} INFO - Filling up the DagBag from /home/airflow/.local/lib/python3.7/site-packages/airflow/example_dags/example_xcom.py
[2022-08-19 23:16:18,915] {processor.py:651} INFO - DAG(s) dict_keys(['example_xcom']) retrieved from /home/airflow/.local/lib/python3.7/site-packages/airflow/example_dags/example_xcom.py
[2022-08-19 23:16:19,046] {logging_mixin.py:115} INFO - [2022-08-19 23:16:19,046] {dag.py:2420} INFO - Sync 1 DAGs
[2022-08-19 23:16:19,070] {logging_mixin.py:115} INFO - [2022-08-19 23:16:19,070] {dag.py:2972} INFO - Setting next_dagrun for example_xcom to 2021-01-01T00:00:00+00:00, run_after=2021-01-01T00:00:00+00:00
[2022-08-19 23:16:19,083] {processor.py:161} INFO - Processing /home/airflow/.local/lib/python3.7/site-packages/airflow/example_dags/example_xcom.py took 0.200 seconds
[2022-08-19 23:16:49,921] {processor.py:153} INFO - Started process (PID=4412) to work on /home/airflow/.local/lib/python3.7/site-packages/airflow/example_dags/example_xcom.py
[2022-08-19 23:16:49,925] {processor.py:641} INFO - Processing file /home/airflow/.local/lib/python3.7/site-packages/airflow/example_dags/example_xcom.py for tasks to queue
[2022-08-19 23:16:49,927] {logging_mixin.py:115} INFO - [2022-08-19 23:16:49,927] {dagbag.py:508} INFO - Filling up the DagBag from /home/airflow/.local/lib/python3.7/site-packages/airflow/example_dags/example_xcom.py
[2022-08-19 23:16:49,961] {processor.py:651} INFO - DAG(s) dict_keys(['example_xcom']) retrieved from /home/airflow/.local/lib/python3.7/site-packages/airflow/example_dags/example_xcom.py
[2022-08-19 23:16:49,998] {logging_mixin.py:115} INFO - [2022-08-19 23:16:49,998] {dag.py:2420} INFO - Sync 1 DAGs
[2022-08-19 23:16:50,037] {logging_mixin.py:115} INFO - [2022-08-19 23:16:50,037] {dag.py:2972} INFO - Setting next_dagrun for example_xcom to 2021-01-01T00:00:00+00:00, run_after=2021-01-01T00:00:00+00:00
[2022-08-19 23:16:50,065] {processor.py:161} INFO - Processing /home/airflow/.local/lib/python3.7/site-packages/airflow/example_dags/example_xcom.py took 0.149 seconds
[2022-08-19 23:17:20,367] {processor.py:153} INFO - Started process (PID=4564) to work on /home/airflow/.local/lib/python3.7/site-packages/airflow/example_dags/example_xcom.py
[2022-08-19 23:17:20,369] {processor.py:641} INFO - Processing file /home/airflow/.local/lib/python3.7/site-packages/airflow/example_dags/example_xcom.py for tasks to queue
[2022-08-19 23:17:20,372] {logging_mixin.py:115} INFO - [2022-08-19 23:17:20,372] {dagbag.py:508} INFO - Filling up the DagBag from /home/airflow/.local/lib/python3.7/site-packages/airflow/example_dags/example_xcom.py
[2022-08-19 23:17:20,397] {processor.py:651} INFO - DAG(s) dict_keys(['example_xcom']) retrieved from /home/airflow/.local/lib/python3.7/site-packages/airflow/example_dags/example_xcom.py
[2022-08-19 23:17:20,429] {logging_mixin.py:115} INFO - [2022-08-19 23:17:20,429] {dag.py:2420} INFO - Sync 1 DAGs
[2022-08-19 23:17:20,459] {logging_mixin.py:115} INFO - [2022-08-19 23:17:20,459] {dag.py:2972} INFO - Setting next_dagrun for example_xcom to 2021-01-01T00:00:00+00:00, run_after=2021-01-01T00:00:00+00:00
[2022-08-19 23:17:20,470] {processor.py:161} INFO - Processing /home/airflow/.local/lib/python3.7/site-packages/airflow/example_dags/example_xcom.py took 0.107 seconds
[2022-08-19 23:17:50,889] {processor.py:153} INFO - Started process (PID=4673) to work on /home/airflow/.local/lib/python3.7/site-packages/airflow/example_dags/example_xcom.py
[2022-08-19 23:17:50,890] {processor.py:641} INFO - Processing file /home/airflow/.local/lib/python3.7/site-packages/airflow/example_dags/example_xcom.py for tasks to queue
[2022-08-19 23:17:50,894] {logging_mixin.py:115} INFO - [2022-08-19 23:17:50,894] {dagbag.py:508} INFO - Filling up the DagBag from /home/airflow/.local/lib/python3.7/site-packages/airflow/example_dags/example_xcom.py
[2022-08-19 23:17:50,915] {processor.py:651} INFO - DAG(s) dict_keys(['example_xcom']) retrieved from /home/airflow/.local/lib/python3.7/site-packages/airflow/example_dags/example_xcom.py
[2022-08-19 23:17:50,952] {logging_mixin.py:115} INFO - [2022-08-19 23:17:50,952] {dag.py:2420} INFO - Sync 1 DAGs
[2022-08-19 23:17:50,988] {logging_mixin.py:115} INFO - [2022-08-19 23:17:50,988] {dag.py:2972} INFO - Setting next_dagrun for example_xcom to 2021-01-01T00:00:00+00:00, run_after=2021-01-01T00:00:00+00:00
[2022-08-19 23:17:51,006] {processor.py:161} INFO - Processing /home/airflow/.local/lib/python3.7/site-packages/airflow/example_dags/example_xcom.py took 0.121 seconds
[2022-08-19 23:18:21,358] {processor.py:153} INFO - Started process (PID=4822) to work on /home/airflow/.local/lib/python3.7/site-packages/airflow/example_dags/example_xcom.py
[2022-08-19 23:18:21,359] {processor.py:641} INFO - Processing file /home/airflow/.local/lib/python3.7/site-packages/airflow/example_dags/example_xcom.py for tasks to queue
[2022-08-19 23:18:21,361] {logging_mixin.py:115} INFO - [2022-08-19 23:18:21,361] {dagbag.py:508} INFO - Filling up the DagBag from /home/airflow/.local/lib/python3.7/site-packages/airflow/example_dags/example_xcom.py
[2022-08-19 23:18:21,379] {processor.py:651} INFO - DAG(s) dict_keys(['example_xcom']) retrieved from /home/airflow/.local/lib/python3.7/site-packages/airflow/example_dags/example_xcom.py
[2022-08-19 23:18:21,407] {logging_mixin.py:115} INFO - [2022-08-19 23:18:21,407] {dag.py:2420} INFO - Sync 1 DAGs
[2022-08-19 23:18:21,432] {logging_mixin.py:115} INFO - [2022-08-19 23:18:21,432] {dag.py:2972} INFO - Setting next_dagrun for example_xcom to 2021-01-01T00:00:00+00:00, run_after=2021-01-01T00:00:00+00:00
[2022-08-19 23:18:21,447] {processor.py:161} INFO - Processing /home/airflow/.local/lib/python3.7/site-packages/airflow/example_dags/example_xcom.py took 0.092 seconds
[2022-08-19 23:18:52,332] {processor.py:153} INFO - Started process (PID=4951) to work on /home/airflow/.local/lib/python3.7/site-packages/airflow/example_dags/example_xcom.py
[2022-08-19 23:18:52,333] {processor.py:641} INFO - Processing file /home/airflow/.local/lib/python3.7/site-packages/airflow/example_dags/example_xcom.py for tasks to queue
[2022-08-19 23:18:52,334] {logging_mixin.py:115} INFO - [2022-08-19 23:18:52,334] {dagbag.py:508} INFO - Filling up the DagBag from /home/airflow/.local/lib/python3.7/site-packages/airflow/example_dags/example_xcom.py
[2022-08-19 23:18:52,350] {processor.py:651} INFO - DAG(s) dict_keys(['example_xcom']) retrieved from /home/airflow/.local/lib/python3.7/site-packages/airflow/example_dags/example_xcom.py
[2022-08-19 23:18:52,398] {logging_mixin.py:115} INFO - [2022-08-19 23:18:52,398] {dag.py:2420} INFO - Sync 1 DAGs
[2022-08-19 23:18:52,411] {logging_mixin.py:115} INFO - [2022-08-19 23:18:52,411] {dag.py:2972} INFO - Setting next_dagrun for example_xcom to 2021-01-01T00:00:00+00:00, run_after=2021-01-01T00:00:00+00:00
[2022-08-19 23:18:52,422] {processor.py:161} INFO - Processing /home/airflow/.local/lib/python3.7/site-packages/airflow/example_dags/example_xcom.py took 0.093 seconds
[2022-08-19 23:19:22,643] {processor.py:153} INFO - Started process (PID=5084) to work on /home/airflow/.local/lib/python3.7/site-packages/airflow/example_dags/example_xcom.py
[2022-08-19 23:19:22,644] {processor.py:641} INFO - Processing file /home/airflow/.local/lib/python3.7/site-packages/airflow/example_dags/example_xcom.py for tasks to queue
[2022-08-19 23:19:22,646] {logging_mixin.py:115} INFO - [2022-08-19 23:19:22,646] {dagbag.py:508} INFO - Filling up the DagBag from /home/airflow/.local/lib/python3.7/site-packages/airflow/example_dags/example_xcom.py
[2022-08-19 23:19:22,662] {processor.py:651} INFO - DAG(s) dict_keys(['example_xcom']) retrieved from /home/airflow/.local/lib/python3.7/site-packages/airflow/example_dags/example_xcom.py
[2022-08-19 23:19:22,725] {logging_mixin.py:115} INFO - [2022-08-19 23:19:22,725] {dag.py:2420} INFO - Sync 1 DAGs
[2022-08-19 23:19:22,745] {logging_mixin.py:115} INFO - [2022-08-19 23:19:22,745] {dag.py:2972} INFO - Setting next_dagrun for example_xcom to 2021-01-01T00:00:00+00:00, run_after=2021-01-01T00:00:00+00:00
[2022-08-19 23:19:22,761] {processor.py:161} INFO - Processing /home/airflow/.local/lib/python3.7/site-packages/airflow/example_dags/example_xcom.py took 0.121 seconds
[2022-08-19 23:19:52,958] {processor.py:153} INFO - Started process (PID=5224) to work on /home/airflow/.local/lib/python3.7/site-packages/airflow/example_dags/example_xcom.py
[2022-08-19 23:19:52,961] {processor.py:641} INFO - Processing file /home/airflow/.local/lib/python3.7/site-packages/airflow/example_dags/example_xcom.py for tasks to queue
[2022-08-19 23:19:52,963] {logging_mixin.py:115} INFO - [2022-08-19 23:19:52,963] {dagbag.py:508} INFO - Filling up the DagBag from /home/airflow/.local/lib/python3.7/site-packages/airflow/example_dags/example_xcom.py
[2022-08-19 23:19:52,987] {processor.py:651} INFO - DAG(s) dict_keys(['example_xcom']) retrieved from /home/airflow/.local/lib/python3.7/site-packages/airflow/example_dags/example_xcom.py
[2022-08-19 23:19:53,025] {logging_mixin.py:115} INFO - [2022-08-19 23:19:53,025] {dag.py:2420} INFO - Sync 1 DAGs
[2022-08-19 23:19:53,048] {logging_mixin.py:115} INFO - [2022-08-19 23:19:53,048] {dag.py:2972} INFO - Setting next_dagrun for example_xcom to 2021-01-01T00:00:00+00:00, run_after=2021-01-01T00:00:00+00:00
[2022-08-19 23:19:53,062] {processor.py:161} INFO - Processing /home/airflow/.local/lib/python3.7/site-packages/airflow/example_dags/example_xcom.py took 0.108 seconds
[2022-08-19 23:20:23,791] {processor.py:153} INFO - Started process (PID=5346) to work on /home/airflow/.local/lib/python3.7/site-packages/airflow/example_dags/example_xcom.py
[2022-08-19 23:20:23,793] {processor.py:641} INFO - Processing file /home/airflow/.local/lib/python3.7/site-packages/airflow/example_dags/example_xcom.py for tasks to queue
[2022-08-19 23:20:23,794] {logging_mixin.py:115} INFO - [2022-08-19 23:20:23,794] {dagbag.py:508} INFO - Filling up the DagBag from /home/airflow/.local/lib/python3.7/site-packages/airflow/example_dags/example_xcom.py
[2022-08-19 23:20:23,816] {processor.py:651} INFO - DAG(s) dict_keys(['example_xcom']) retrieved from /home/airflow/.local/lib/python3.7/site-packages/airflow/example_dags/example_xcom.py
[2022-08-19 23:20:23,844] {logging_mixin.py:115} INFO - [2022-08-19 23:20:23,844] {dag.py:2420} INFO - Sync 1 DAGs
[2022-08-19 23:20:23,866] {logging_mixin.py:115} INFO - [2022-08-19 23:20:23,866] {dag.py:2972} INFO - Setting next_dagrun for example_xcom to 2021-01-01T00:00:00+00:00, run_after=2021-01-01T00:00:00+00:00
[2022-08-19 23:20:23,880] {processor.py:161} INFO - Processing /home/airflow/.local/lib/python3.7/site-packages/airflow/example_dags/example_xcom.py took 0.092 seconds
[2022-08-19 23:20:54,399] {processor.py:153} INFO - Started process (PID=5468) to work on /home/airflow/.local/lib/python3.7/site-packages/airflow/example_dags/example_xcom.py
[2022-08-19 23:20:54,402] {processor.py:641} INFO - Processing file /home/airflow/.local/lib/python3.7/site-packages/airflow/example_dags/example_xcom.py for tasks to queue
[2022-08-19 23:20:54,404] {logging_mixin.py:115} INFO - [2022-08-19 23:20:54,404] {dagbag.py:508} INFO - Filling up the DagBag from /home/airflow/.local/lib/python3.7/site-packages/airflow/example_dags/example_xcom.py
[2022-08-19 23:20:54,431] {processor.py:651} INFO - DAG(s) dict_keys(['example_xcom']) retrieved from /home/airflow/.local/lib/python3.7/site-packages/airflow/example_dags/example_xcom.py
[2022-08-19 23:20:54,463] {logging_mixin.py:115} INFO - [2022-08-19 23:20:54,463] {dag.py:2420} INFO - Sync 1 DAGs
[2022-08-19 23:20:54,505] {logging_mixin.py:115} INFO - [2022-08-19 23:20:54,505] {dag.py:2972} INFO - Setting next_dagrun for example_xcom to 2021-01-01T00:00:00+00:00, run_after=2021-01-01T00:00:00+00:00
[2022-08-19 23:20:54,525] {processor.py:161} INFO - Processing /home/airflow/.local/lib/python3.7/site-packages/airflow/example_dags/example_xcom.py took 0.135 seconds
[2022-08-19 23:21:24,779] {processor.py:153} INFO - Started process (PID=5583) to work on /home/airflow/.local/lib/python3.7/site-packages/airflow/example_dags/example_xcom.py
[2022-08-19 23:21:24,782] {processor.py:641} INFO - Processing file /home/airflow/.local/lib/python3.7/site-packages/airflow/example_dags/example_xcom.py for tasks to queue
[2022-08-19 23:21:24,783] {logging_mixin.py:115} INFO - [2022-08-19 23:21:24,783] {dagbag.py:508} INFO - Filling up the DagBag from /home/airflow/.local/lib/python3.7/site-packages/airflow/example_dags/example_xcom.py
[2022-08-19 23:21:24,796] {processor.py:651} INFO - DAG(s) dict_keys(['example_xcom']) retrieved from /home/airflow/.local/lib/python3.7/site-packages/airflow/example_dags/example_xcom.py
[2022-08-19 23:21:24,844] {logging_mixin.py:115} INFO - [2022-08-19 23:21:24,844] {dag.py:2420} INFO - Sync 1 DAGs
[2022-08-19 23:21:24,865] {logging_mixin.py:115} INFO - [2022-08-19 23:21:24,864] {dag.py:2972} INFO - Setting next_dagrun for example_xcom to 2021-01-01T00:00:00+00:00, run_after=2021-01-01T00:00:00+00:00
[2022-08-19 23:21:24,873] {processor.py:161} INFO - Processing /home/airflow/.local/lib/python3.7/site-packages/airflow/example_dags/example_xcom.py took 0.098 seconds
[2022-08-19 23:21:55,340] {processor.py:153} INFO - Started process (PID=5695) to work on /home/airflow/.local/lib/python3.7/site-packages/airflow/example_dags/example_xcom.py
[2022-08-19 23:21:55,342] {processor.py:641} INFO - Processing file /home/airflow/.local/lib/python3.7/site-packages/airflow/example_dags/example_xcom.py for tasks to queue
[2022-08-19 23:21:55,344] {logging_mixin.py:115} INFO - [2022-08-19 23:21:55,344] {dagbag.py:508} INFO - Filling up the DagBag from /home/airflow/.local/lib/python3.7/site-packages/airflow/example_dags/example_xcom.py
[2022-08-19 23:21:55,363] {processor.py:651} INFO - DAG(s) dict_keys(['example_xcom']) retrieved from /home/airflow/.local/lib/python3.7/site-packages/airflow/example_dags/example_xcom.py
[2022-08-19 23:21:55,403] {logging_mixin.py:115} INFO - [2022-08-19 23:21:55,403] {dag.py:2420} INFO - Sync 1 DAGs
[2022-08-19 23:21:55,416] {logging_mixin.py:115} INFO - [2022-08-19 23:21:55,415] {dag.py:2972} INFO - Setting next_dagrun for example_xcom to 2021-01-01T00:00:00+00:00, run_after=2021-01-01T00:00:00+00:00
[2022-08-19 23:21:55,425] {processor.py:161} INFO - Processing /home/airflow/.local/lib/python3.7/site-packages/airflow/example_dags/example_xcom.py took 0.095 seconds
[2022-08-19 23:22:25,843] {processor.py:153} INFO - Started process (PID=5766) to work on /home/airflow/.local/lib/python3.7/site-packages/airflow/example_dags/example_xcom.py
[2022-08-19 23:22:25,846] {processor.py:641} INFO - Processing file /home/airflow/.local/lib/python3.7/site-packages/airflow/example_dags/example_xcom.py for tasks to queue
[2022-08-19 23:22:25,849] {logging_mixin.py:115} INFO - [2022-08-19 23:22:25,848] {dagbag.py:508} INFO - Filling up the DagBag from /home/airflow/.local/lib/python3.7/site-packages/airflow/example_dags/example_xcom.py
[2022-08-19 23:22:25,868] {processor.py:651} INFO - DAG(s) dict_keys(['example_xcom']) retrieved from /home/airflow/.local/lib/python3.7/site-packages/airflow/example_dags/example_xcom.py
[2022-08-19 23:22:25,909] {logging_mixin.py:115} INFO - [2022-08-19 23:22:25,909] {dag.py:2420} INFO - Sync 1 DAGs
[2022-08-19 23:22:25,927] {logging_mixin.py:115} INFO - [2022-08-19 23:22:25,927] {dag.py:2972} INFO - Setting next_dagrun for example_xcom to 2021-01-01T00:00:00+00:00, run_after=2021-01-01T00:00:00+00:00
[2022-08-19 23:22:25,937] {processor.py:161} INFO - Processing /home/airflow/.local/lib/python3.7/site-packages/airflow/example_dags/example_xcom.py took 0.098 seconds
[2022-08-19 23:22:56,386] {processor.py:153} INFO - Started process (PID=5838) to work on /home/airflow/.local/lib/python3.7/site-packages/airflow/example_dags/example_xcom.py
[2022-08-19 23:22:56,388] {processor.py:641} INFO - Processing file /home/airflow/.local/lib/python3.7/site-packages/airflow/example_dags/example_xcom.py for tasks to queue
[2022-08-19 23:22:56,390] {logging_mixin.py:115} INFO - [2022-08-19 23:22:56,390] {dagbag.py:508} INFO - Filling up the DagBag from /home/airflow/.local/lib/python3.7/site-packages/airflow/example_dags/example_xcom.py
[2022-08-19 23:22:56,406] {processor.py:651} INFO - DAG(s) dict_keys(['example_xcom']) retrieved from /home/airflow/.local/lib/python3.7/site-packages/airflow/example_dags/example_xcom.py
[2022-08-19 23:22:56,446] {logging_mixin.py:115} INFO - [2022-08-19 23:22:56,446] {dag.py:2420} INFO - Sync 1 DAGs
[2022-08-19 23:22:56,458] {logging_mixin.py:115} INFO - [2022-08-19 23:22:56,458] {dag.py:2972} INFO - Setting next_dagrun for example_xcom to 2021-01-01T00:00:00+00:00, run_after=2021-01-01T00:00:00+00:00
[2022-08-19 23:22:56,468] {processor.py:161} INFO - Processing /home/airflow/.local/lib/python3.7/site-packages/airflow/example_dags/example_xcom.py took 0.089 seconds
[2022-08-19 23:23:27,020] {processor.py:153} INFO - Started process (PID=5906) to work on /home/airflow/.local/lib/python3.7/site-packages/airflow/example_dags/example_xcom.py
[2022-08-19 23:23:27,023] {processor.py:641} INFO - Processing file /home/airflow/.local/lib/python3.7/site-packages/airflow/example_dags/example_xcom.py for tasks to queue
[2022-08-19 23:23:27,025] {logging_mixin.py:115} INFO - [2022-08-19 23:23:27,025] {dagbag.py:508} INFO - Filling up the DagBag from /home/airflow/.local/lib/python3.7/site-packages/airflow/example_dags/example_xcom.py
[2022-08-19 23:23:27,057] {processor.py:651} INFO - DAG(s) dict_keys(['example_xcom']) retrieved from /home/airflow/.local/lib/python3.7/site-packages/airflow/example_dags/example_xcom.py
[2022-08-19 23:23:27,110] {logging_mixin.py:115} INFO - [2022-08-19 23:23:27,110] {dag.py:2420} INFO - Sync 1 DAGs
[2022-08-19 23:23:27,124] {logging_mixin.py:115} INFO - [2022-08-19 23:23:27,123] {dag.py:2972} INFO - Setting next_dagrun for example_xcom to 2021-01-01T00:00:00+00:00, run_after=2021-01-01T00:00:00+00:00
[2022-08-19 23:23:27,133] {processor.py:161} INFO - Processing /home/airflow/.local/lib/python3.7/site-packages/airflow/example_dags/example_xcom.py took 0.116 seconds
[2022-08-19 23:23:57,473] {processor.py:153} INFO - Started process (PID=5963) to work on /home/airflow/.local/lib/python3.7/site-packages/airflow/example_dags/example_xcom.py
[2022-08-19 23:23:57,474] {processor.py:641} INFO - Processing file /home/airflow/.local/lib/python3.7/site-packages/airflow/example_dags/example_xcom.py for tasks to queue
[2022-08-19 23:23:57,476] {logging_mixin.py:115} INFO - [2022-08-19 23:23:57,476] {dagbag.py:508} INFO - Filling up the DagBag from /home/airflow/.local/lib/python3.7/site-packages/airflow/example_dags/example_xcom.py
[2022-08-19 23:23:57,494] {processor.py:651} INFO - DAG(s) dict_keys(['example_xcom']) retrieved from /home/airflow/.local/lib/python3.7/site-packages/airflow/example_dags/example_xcom.py
[2022-08-19 23:23:57,512] {logging_mixin.py:115} INFO - [2022-08-19 23:23:57,512] {dag.py:2420} INFO - Sync 1 DAGs
[2022-08-19 23:23:57,525] {logging_mixin.py:115} INFO - [2022-08-19 23:23:57,524] {dag.py:2972} INFO - Setting next_dagrun for example_xcom to 2021-01-01T00:00:00+00:00, run_after=2021-01-01T00:00:00+00:00
[2022-08-19 23:23:57,535] {processor.py:161} INFO - Processing /home/airflow/.local/lib/python3.7/site-packages/airflow/example_dags/example_xcom.py took 0.064 seconds
[2022-08-19 23:24:27,811] {processor.py:153} INFO - Started process (PID=6030) to work on /home/airflow/.local/lib/python3.7/site-packages/airflow/example_dags/example_xcom.py
[2022-08-19 23:24:27,813] {processor.py:641} INFO - Processing file /home/airflow/.local/lib/python3.7/site-packages/airflow/example_dags/example_xcom.py for tasks to queue
[2022-08-19 23:24:27,815] {logging_mixin.py:115} INFO - [2022-08-19 23:24:27,815] {dagbag.py:508} INFO - Filling up the DagBag from /home/airflow/.local/lib/python3.7/site-packages/airflow/example_dags/example_xcom.py
[2022-08-19 23:24:27,833] {processor.py:651} INFO - DAG(s) dict_keys(['example_xcom']) retrieved from /home/airflow/.local/lib/python3.7/site-packages/airflow/example_dags/example_xcom.py
[2022-08-19 23:24:27,873] {logging_mixin.py:115} INFO - [2022-08-19 23:24:27,873] {dag.py:2420} INFO - Sync 1 DAGs
[2022-08-19 23:24:27,885] {logging_mixin.py:115} INFO - [2022-08-19 23:24:27,885] {dag.py:2972} INFO - Setting next_dagrun for example_xcom to 2021-01-01T00:00:00+00:00, run_after=2021-01-01T00:00:00+00:00
[2022-08-19 23:24:27,897] {processor.py:161} INFO - Processing /home/airflow/.local/lib/python3.7/site-packages/airflow/example_dags/example_xcom.py took 0.093 seconds
[2022-08-19 23:24:58,283] {processor.py:153} INFO - Started process (PID=6099) to work on /home/airflow/.local/lib/python3.7/site-packages/airflow/example_dags/example_xcom.py
[2022-08-19 23:24:58,285] {processor.py:641} INFO - Processing file /home/airflow/.local/lib/python3.7/site-packages/airflow/example_dags/example_xcom.py for tasks to queue
[2022-08-19 23:24:58,287] {logging_mixin.py:115} INFO - [2022-08-19 23:24:58,287] {dagbag.py:508} INFO - Filling up the DagBag from /home/airflow/.local/lib/python3.7/site-packages/airflow/example_dags/example_xcom.py
[2022-08-19 23:24:58,304] {processor.py:651} INFO - DAG(s) dict_keys(['example_xcom']) retrieved from /home/airflow/.local/lib/python3.7/site-packages/airflow/example_dags/example_xcom.py
[2022-08-19 23:24:58,322] {logging_mixin.py:115} INFO - [2022-08-19 23:24:58,322] {dag.py:2420} INFO - Sync 1 DAGs
[2022-08-19 23:24:58,335] {logging_mixin.py:115} INFO - [2022-08-19 23:24:58,335] {dag.py:2972} INFO - Setting next_dagrun for example_xcom to 2021-01-01T00:00:00+00:00, run_after=2021-01-01T00:00:00+00:00
[2022-08-19 23:24:58,344] {processor.py:161} INFO - Processing /home/airflow/.local/lib/python3.7/site-packages/airflow/example_dags/example_xcom.py took 0.066 seconds
[2022-08-19 23:25:28,684] {processor.py:153} INFO - Started process (PID=6167) to work on /home/airflow/.local/lib/python3.7/site-packages/airflow/example_dags/example_xcom.py
[2022-08-19 23:25:28,686] {processor.py:641} INFO - Processing file /home/airflow/.local/lib/python3.7/site-packages/airflow/example_dags/example_xcom.py for tasks to queue
[2022-08-19 23:25:28,688] {logging_mixin.py:115} INFO - [2022-08-19 23:25:28,688] {dagbag.py:508} INFO - Filling up the DagBag from /home/airflow/.local/lib/python3.7/site-packages/airflow/example_dags/example_xcom.py
[2022-08-19 23:25:28,707] {processor.py:651} INFO - DAG(s) dict_keys(['example_xcom']) retrieved from /home/airflow/.local/lib/python3.7/site-packages/airflow/example_dags/example_xcom.py
[2022-08-19 23:25:28,751] {logging_mixin.py:115} INFO - [2022-08-19 23:25:28,751] {dag.py:2420} INFO - Sync 1 DAGs
[2022-08-19 23:25:28,763] {logging_mixin.py:115} INFO - [2022-08-19 23:25:28,763] {dag.py:2972} INFO - Setting next_dagrun for example_xcom to 2021-01-01T00:00:00+00:00, run_after=2021-01-01T00:00:00+00:00
[2022-08-19 23:25:28,773] {processor.py:161} INFO - Processing /home/airflow/.local/lib/python3.7/site-packages/airflow/example_dags/example_xcom.py took 0.095 seconds
[2022-08-19 23:25:59,279] {processor.py:153} INFO - Started process (PID=6235) to work on /home/airflow/.local/lib/python3.7/site-packages/airflow/example_dags/example_xcom.py
[2022-08-19 23:25:59,281] {processor.py:641} INFO - Processing file /home/airflow/.local/lib/python3.7/site-packages/airflow/example_dags/example_xcom.py for tasks to queue
[2022-08-19 23:25:59,283] {logging_mixin.py:115} INFO - [2022-08-19 23:25:59,283] {dagbag.py:508} INFO - Filling up the DagBag from /home/airflow/.local/lib/python3.7/site-packages/airflow/example_dags/example_xcom.py
[2022-08-19 23:25:59,302] {processor.py:651} INFO - DAG(s) dict_keys(['example_xcom']) retrieved from /home/airflow/.local/lib/python3.7/site-packages/airflow/example_dags/example_xcom.py
[2022-08-19 23:25:59,322] {logging_mixin.py:115} INFO - [2022-08-19 23:25:59,322] {dag.py:2420} INFO - Sync 1 DAGs
[2022-08-19 23:25:59,335] {logging_mixin.py:115} INFO - [2022-08-19 23:25:59,335] {dag.py:2972} INFO - Setting next_dagrun for example_xcom to 2021-01-01T00:00:00+00:00, run_after=2021-01-01T00:00:00+00:00
[2022-08-19 23:25:59,345] {processor.py:161} INFO - Processing /home/airflow/.local/lib/python3.7/site-packages/airflow/example_dags/example_xcom.py took 0.070 seconds
[2022-08-19 23:26:29,762] {processor.py:153} INFO - Started process (PID=6304) to work on /home/airflow/.local/lib/python3.7/site-packages/airflow/example_dags/example_xcom.py
[2022-08-19 23:26:29,764] {processor.py:641} INFO - Processing file /home/airflow/.local/lib/python3.7/site-packages/airflow/example_dags/example_xcom.py for tasks to queue
[2022-08-19 23:26:29,765] {logging_mixin.py:115} INFO - [2022-08-19 23:26:29,765] {dagbag.py:508} INFO - Filling up the DagBag from /home/airflow/.local/lib/python3.7/site-packages/airflow/example_dags/example_xcom.py
[2022-08-19 23:26:29,781] {processor.py:651} INFO - DAG(s) dict_keys(['example_xcom']) retrieved from /home/airflow/.local/lib/python3.7/site-packages/airflow/example_dags/example_xcom.py
[2022-08-19 23:26:29,804] {logging_mixin.py:115} INFO - [2022-08-19 23:26:29,804] {dag.py:2420} INFO - Sync 1 DAGs
[2022-08-19 23:26:29,818] {logging_mixin.py:115} INFO - [2022-08-19 23:26:29,818] {dag.py:2972} INFO - Setting next_dagrun for example_xcom to 2021-01-01T00:00:00+00:00, run_after=2021-01-01T00:00:00+00:00
[2022-08-19 23:26:29,827] {processor.py:161} INFO - Processing /home/airflow/.local/lib/python3.7/site-packages/airflow/example_dags/example_xcom.py took 0.068 seconds
[2022-08-19 23:27:00,268] {processor.py:153} INFO - Started process (PID=6361) to work on /home/airflow/.local/lib/python3.7/site-packages/airflow/example_dags/example_xcom.py
[2022-08-19 23:27:00,270] {processor.py:641} INFO - Processing file /home/airflow/.local/lib/python3.7/site-packages/airflow/example_dags/example_xcom.py for tasks to queue
[2022-08-19 23:27:00,272] {logging_mixin.py:115} INFO - [2022-08-19 23:27:00,272] {dagbag.py:508} INFO - Filling up the DagBag from /home/airflow/.local/lib/python3.7/site-packages/airflow/example_dags/example_xcom.py
[2022-08-19 23:27:00,283] {processor.py:651} INFO - DAG(s) dict_keys(['example_xcom']) retrieved from /home/airflow/.local/lib/python3.7/site-packages/airflow/example_dags/example_xcom.py
[2022-08-19 23:27:00,319] {logging_mixin.py:115} INFO - [2022-08-19 23:27:00,319] {dag.py:2420} INFO - Sync 1 DAGs
[2022-08-19 23:27:00,334] {logging_mixin.py:115} INFO - [2022-08-19 23:27:00,334] {dag.py:2972} INFO - Setting next_dagrun for example_xcom to 2021-01-01T00:00:00+00:00, run_after=2021-01-01T00:00:00+00:00
[2022-08-19 23:27:00,343] {processor.py:161} INFO - Processing /home/airflow/.local/lib/python3.7/site-packages/airflow/example_dags/example_xcom.py took 0.079 seconds
[2022-08-19 23:27:30,775] {processor.py:153} INFO - Started process (PID=6428) to work on /home/airflow/.local/lib/python3.7/site-packages/airflow/example_dags/example_xcom.py
[2022-08-19 23:27:30,779] {processor.py:641} INFO - Processing file /home/airflow/.local/lib/python3.7/site-packages/airflow/example_dags/example_xcom.py for tasks to queue
[2022-08-19 23:27:30,781] {logging_mixin.py:115} INFO - [2022-08-19 23:27:30,781] {dagbag.py:508} INFO - Filling up the DagBag from /home/airflow/.local/lib/python3.7/site-packages/airflow/example_dags/example_xcom.py
[2022-08-19 23:27:30,802] {processor.py:651} INFO - DAG(s) dict_keys(['example_xcom']) retrieved from /home/airflow/.local/lib/python3.7/site-packages/airflow/example_dags/example_xcom.py
[2022-08-19 23:27:30,820] {logging_mixin.py:115} INFO - [2022-08-19 23:27:30,820] {dag.py:2420} INFO - Sync 1 DAGs
[2022-08-19 23:27:30,833] {logging_mixin.py:115} INFO - [2022-08-19 23:27:30,833] {dag.py:2972} INFO - Setting next_dagrun for example_xcom to 2021-01-01T00:00:00+00:00, run_after=2021-01-01T00:00:00+00:00
[2022-08-19 23:27:30,843] {processor.py:161} INFO - Processing /home/airflow/.local/lib/python3.7/site-packages/airflow/example_dags/example_xcom.py took 0.074 seconds
[2022-08-19 23:28:01,318] {processor.py:153} INFO - Started process (PID=6497) to work on /home/airflow/.local/lib/python3.7/site-packages/airflow/example_dags/example_xcom.py
[2022-08-19 23:28:01,321] {processor.py:641} INFO - Processing file /home/airflow/.local/lib/python3.7/site-packages/airflow/example_dags/example_xcom.py for tasks to queue
[2022-08-19 23:28:01,322] {logging_mixin.py:115} INFO - [2022-08-19 23:28:01,322] {dagbag.py:508} INFO - Filling up the DagBag from /home/airflow/.local/lib/python3.7/site-packages/airflow/example_dags/example_xcom.py
[2022-08-19 23:28:01,339] {processor.py:651} INFO - DAG(s) dict_keys(['example_xcom']) retrieved from /home/airflow/.local/lib/python3.7/site-packages/airflow/example_dags/example_xcom.py
[2022-08-19 23:28:01,360] {logging_mixin.py:115} INFO - [2022-08-19 23:28:01,359] {dag.py:2420} INFO - Sync 1 DAGs
[2022-08-19 23:28:01,372] {logging_mixin.py:115} INFO - [2022-08-19 23:28:01,371] {dag.py:2972} INFO - Setting next_dagrun for example_xcom to 2021-01-01T00:00:00+00:00, run_after=2021-01-01T00:00:00+00:00
[2022-08-19 23:28:01,380] {processor.py:161} INFO - Processing /home/airflow/.local/lib/python3.7/site-packages/airflow/example_dags/example_xcom.py took 0.068 seconds
[2022-08-19 23:28:31,723] {processor.py:153} INFO - Started process (PID=6566) to work on /home/airflow/.local/lib/python3.7/site-packages/airflow/example_dags/example_xcom.py
[2022-08-19 23:28:31,736] {processor.py:641} INFO - Processing file /home/airflow/.local/lib/python3.7/site-packages/airflow/example_dags/example_xcom.py for tasks to queue
[2022-08-19 23:28:31,756] {logging_mixin.py:115} INFO - [2022-08-19 23:28:31,756] {dagbag.py:508} INFO - Filling up the DagBag from /home/airflow/.local/lib/python3.7/site-packages/airflow/example_dags/example_xcom.py
[2022-08-19 23:28:31,769] {processor.py:651} INFO - DAG(s) dict_keys(['example_xcom']) retrieved from /home/airflow/.local/lib/python3.7/site-packages/airflow/example_dags/example_xcom.py
[2022-08-19 23:28:31,814] {logging_mixin.py:115} INFO - [2022-08-19 23:28:31,814] {dag.py:2420} INFO - Sync 1 DAGs
[2022-08-19 23:28:31,826] {logging_mixin.py:115} INFO - [2022-08-19 23:28:31,826] {dag.py:2972} INFO - Setting next_dagrun for example_xcom to 2021-01-01T00:00:00+00:00, run_after=2021-01-01T00:00:00+00:00
[2022-08-19 23:28:31,836] {processor.py:161} INFO - Processing /home/airflow/.local/lib/python3.7/site-packages/airflow/example_dags/example_xcom.py took 0.116 seconds
[2022-08-19 23:29:02,183] {processor.py:153} INFO - Started process (PID=6634) to work on /home/airflow/.local/lib/python3.7/site-packages/airflow/example_dags/example_xcom.py
[2022-08-19 23:29:02,185] {processor.py:641} INFO - Processing file /home/airflow/.local/lib/python3.7/site-packages/airflow/example_dags/example_xcom.py for tasks to queue
[2022-08-19 23:29:02,187] {logging_mixin.py:115} INFO - [2022-08-19 23:29:02,187] {dagbag.py:508} INFO - Filling up the DagBag from /home/airflow/.local/lib/python3.7/site-packages/airflow/example_dags/example_xcom.py
[2022-08-19 23:29:02,204] {processor.py:651} INFO - DAG(s) dict_keys(['example_xcom']) retrieved from /home/airflow/.local/lib/python3.7/site-packages/airflow/example_dags/example_xcom.py
[2022-08-19 23:29:02,246] {logging_mixin.py:115} INFO - [2022-08-19 23:29:02,246] {dag.py:2420} INFO - Sync 1 DAGs
[2022-08-19 23:29:02,258] {logging_mixin.py:115} INFO - [2022-08-19 23:29:02,258] {dag.py:2972} INFO - Setting next_dagrun for example_xcom to 2021-01-01T00:00:00+00:00, run_after=2021-01-01T00:00:00+00:00
[2022-08-19 23:29:02,268] {processor.py:161} INFO - Processing /home/airflow/.local/lib/python3.7/site-packages/airflow/example_dags/example_xcom.py took 0.089 seconds
[2022-08-19 23:29:32,616] {processor.py:153} INFO - Started process (PID=6700) to work on /home/airflow/.local/lib/python3.7/site-packages/airflow/example_dags/example_xcom.py
[2022-08-19 23:29:32,618] {processor.py:641} INFO - Processing file /home/airflow/.local/lib/python3.7/site-packages/airflow/example_dags/example_xcom.py for tasks to queue
[2022-08-19 23:29:32,619] {logging_mixin.py:115} INFO - [2022-08-19 23:29:32,618] {dagbag.py:508} INFO - Filling up the DagBag from /home/airflow/.local/lib/python3.7/site-packages/airflow/example_dags/example_xcom.py
[2022-08-19 23:29:32,630] {processor.py:651} INFO - DAG(s) dict_keys(['example_xcom']) retrieved from /home/airflow/.local/lib/python3.7/site-packages/airflow/example_dags/example_xcom.py
[2022-08-19 23:29:32,667] {logging_mixin.py:115} INFO - [2022-08-19 23:29:32,667] {dag.py:2420} INFO - Sync 1 DAGs
[2022-08-19 23:29:32,679] {logging_mixin.py:115} INFO - [2022-08-19 23:29:32,679] {dag.py:2972} INFO - Setting next_dagrun for example_xcom to 2021-01-01T00:00:00+00:00, run_after=2021-01-01T00:00:00+00:00
[2022-08-19 23:29:32,689] {processor.py:161} INFO - Processing /home/airflow/.local/lib/python3.7/site-packages/airflow/example_dags/example_xcom.py took 0.075 seconds
