[2022-08-19 22:31:44,734] {processor.py:153} INFO - Started process (PID=46) to work on /home/airflow/.local/lib/python3.7/site-packages/airflow/example_dags/example_xcomargs.py
[2022-08-19 22:31:44,737] {processor.py:641} INFO - Processing file /home/airflow/.local/lib/python3.7/site-packages/airflow/example_dags/example_xcomargs.py for tasks to queue
[2022-08-19 22:31:44,738] {logging_mixin.py:115} INFO - [2022-08-19 22:31:44,738] {dagbag.py:508} INFO - Filling up the DagBag from /home/airflow/.local/lib/python3.7/site-packages/airflow/example_dags/example_xcomargs.py
[2022-08-19 22:31:44,759] {processor.py:651} INFO - DAG(s) dict_keys(['example_xcom_args', 'example_xcom_args_with_operators']) retrieved from /home/airflow/.local/lib/python3.7/site-packages/airflow/example_dags/example_xcomargs.py
[2022-08-19 22:31:44,847] {logging_mixin.py:115} INFO - [2022-08-19 22:31:44,847] {manager.py:508} INFO - Created Permission View: can delete on DAG:example_xcom_args
[2022-08-19 22:31:44,857] {logging_mixin.py:115} INFO - [2022-08-19 22:31:44,857] {manager.py:508} INFO - Created Permission View: can read on DAG:example_xcom_args
[2022-08-19 22:31:44,867] {logging_mixin.py:115} INFO - [2022-08-19 22:31:44,867] {manager.py:508} INFO - Created Permission View: can edit on DAG:example_xcom_args
[2022-08-19 22:31:44,879] {logging_mixin.py:115} INFO - [2022-08-19 22:31:44,879] {manager.py:508} INFO - Created Permission View: can delete on DAG:example_xcom_args_with_operators
[2022-08-19 22:31:44,886] {logging_mixin.py:115} INFO - [2022-08-19 22:31:44,886] {manager.py:508} INFO - Created Permission View: can read on DAG:example_xcom_args_with_operators
[2022-08-19 22:31:44,891] {logging_mixin.py:115} INFO - [2022-08-19 22:31:44,891] {manager.py:508} INFO - Created Permission View: can edit on DAG:example_xcom_args_with_operators
[2022-08-19 22:31:44,892] {logging_mixin.py:115} INFO - [2022-08-19 22:31:44,892] {dag.py:2420} INFO - Sync 2 DAGs
[2022-08-19 22:31:44,905] {logging_mixin.py:115} INFO - [2022-08-19 22:31:44,905] {dag.py:2439} INFO - Creating ORM DAG for example_xcom_args
[2022-08-19 22:31:44,906] {logging_mixin.py:115} INFO - [2022-08-19 22:31:44,906] {dag.py:2439} INFO - Creating ORM DAG for example_xcom_args_with_operators
[2022-08-19 22:31:44,917] {logging_mixin.py:115} INFO - [2022-08-19 22:31:44,917] {dag.py:2972} INFO - Setting next_dagrun for example_xcom_args to None, run_after=None
[2022-08-19 22:31:44,920] {logging_mixin.py:115} INFO - [2022-08-19 22:31:44,920] {dag.py:2972} INFO - Setting next_dagrun for example_xcom_args_with_operators to None, run_after=None
[2022-08-19 22:31:44,938] {processor.py:161} INFO - Processing /home/airflow/.local/lib/python3.7/site-packages/airflow/example_dags/example_xcomargs.py took 0.206 seconds
[2022-08-19 22:32:15,273] {processor.py:153} INFO - Started process (PID=109) to work on /home/airflow/.local/lib/python3.7/site-packages/airflow/example_dags/example_xcomargs.py
[2022-08-19 22:32:15,275] {processor.py:641} INFO - Processing file /home/airflow/.local/lib/python3.7/site-packages/airflow/example_dags/example_xcomargs.py for tasks to queue
[2022-08-19 22:32:15,275] {logging_mixin.py:115} INFO - [2022-08-19 22:32:15,275] {dagbag.py:508} INFO - Filling up the DagBag from /home/airflow/.local/lib/python3.7/site-packages/airflow/example_dags/example_xcomargs.py
[2022-08-19 22:32:15,286] {processor.py:651} INFO - DAG(s) dict_keys(['example_xcom_args', 'example_xcom_args_with_operators']) retrieved from /home/airflow/.local/lib/python3.7/site-packages/airflow/example_dags/example_xcomargs.py
[2022-08-19 22:32:15,324] {logging_mixin.py:115} INFO - [2022-08-19 22:32:15,324] {dag.py:2420} INFO - Sync 2 DAGs
[2022-08-19 22:32:15,339] {logging_mixin.py:115} INFO - [2022-08-19 22:32:15,339] {dag.py:2972} INFO - Setting next_dagrun for example_xcom_args to None, run_after=None
[2022-08-19 22:32:15,339] {logging_mixin.py:115} INFO - [2022-08-19 22:32:15,339] {dag.py:2972} INFO - Setting next_dagrun for example_xcom_args_with_operators to None, run_after=None
[2022-08-19 22:32:15,348] {processor.py:161} INFO - Processing /home/airflow/.local/lib/python3.7/site-packages/airflow/example_dags/example_xcomargs.py took 0.077 seconds
[2022-08-19 22:53:24,317] {processor.py:153} INFO - Started process (PID=46) to work on /home/airflow/.local/lib/python3.7/site-packages/airflow/example_dags/example_xcomargs.py
[2022-08-19 22:53:24,325] {processor.py:641} INFO - Processing file /home/airflow/.local/lib/python3.7/site-packages/airflow/example_dags/example_xcomargs.py for tasks to queue
[2022-08-19 22:53:24,330] {logging_mixin.py:115} INFO - [2022-08-19 22:53:24,330] {dagbag.py:508} INFO - Filling up the DagBag from /home/airflow/.local/lib/python3.7/site-packages/airflow/example_dags/example_xcomargs.py
[2022-08-19 22:53:24,350] {processor.py:651} INFO - DAG(s) dict_keys(['example_xcom_args', 'example_xcom_args_with_operators']) retrieved from /home/airflow/.local/lib/python3.7/site-packages/airflow/example_dags/example_xcomargs.py
[2022-08-19 22:53:24,418] {logging_mixin.py:115} INFO - [2022-08-19 22:53:24,418] {manager.py:508} INFO - Created Permission View: can read on DAG:example_xcom_args
[2022-08-19 22:53:24,426] {logging_mixin.py:115} INFO - [2022-08-19 22:53:24,426] {manager.py:508} INFO - Created Permission View: can delete on DAG:example_xcom_args
[2022-08-19 22:53:24,432] {logging_mixin.py:115} INFO - [2022-08-19 22:53:24,432] {manager.py:508} INFO - Created Permission View: can edit on DAG:example_xcom_args
[2022-08-19 22:53:24,451] {logging_mixin.py:115} INFO - [2022-08-19 22:53:24,451] {manager.py:508} INFO - Created Permission View: can read on DAG:example_xcom_args_with_operators
[2022-08-19 22:53:24,457] {logging_mixin.py:115} INFO - [2022-08-19 22:53:24,457] {manager.py:508} INFO - Created Permission View: can delete on DAG:example_xcom_args_with_operators
[2022-08-19 22:53:24,475] {logging_mixin.py:115} INFO - [2022-08-19 22:53:24,475] {manager.py:508} INFO - Created Permission View: can edit on DAG:example_xcom_args_with_operators
[2022-08-19 22:53:24,476] {logging_mixin.py:115} INFO - [2022-08-19 22:53:24,476] {dag.py:2420} INFO - Sync 2 DAGs
[2022-08-19 22:53:24,483] {logging_mixin.py:115} INFO - [2022-08-19 22:53:24,483] {dag.py:2439} INFO - Creating ORM DAG for example_xcom_args_with_operators
[2022-08-19 22:53:24,485] {logging_mixin.py:115} INFO - [2022-08-19 22:53:24,485] {dag.py:2439} INFO - Creating ORM DAG for example_xcom_args
[2022-08-19 22:53:24,497] {logging_mixin.py:115} INFO - [2022-08-19 22:53:24,496] {dag.py:2972} INFO - Setting next_dagrun for example_xcom_args to None, run_after=None
[2022-08-19 22:53:24,499] {logging_mixin.py:115} INFO - [2022-08-19 22:53:24,498] {dag.py:2972} INFO - Setting next_dagrun for example_xcom_args_with_operators to None, run_after=None
[2022-08-19 22:53:24,511] {processor.py:161} INFO - Processing /home/airflow/.local/lib/python3.7/site-packages/airflow/example_dags/example_xcomargs.py took 0.199 seconds
[2022-08-19 22:53:54,918] {processor.py:153} INFO - Started process (PID=124) to work on /home/airflow/.local/lib/python3.7/site-packages/airflow/example_dags/example_xcomargs.py
[2022-08-19 22:53:54,920] {processor.py:641} INFO - Processing file /home/airflow/.local/lib/python3.7/site-packages/airflow/example_dags/example_xcomargs.py for tasks to queue
[2022-08-19 22:53:54,921] {logging_mixin.py:115} INFO - [2022-08-19 22:53:54,920] {dagbag.py:508} INFO - Filling up the DagBag from /home/airflow/.local/lib/python3.7/site-packages/airflow/example_dags/example_xcomargs.py
[2022-08-19 22:53:54,931] {processor.py:651} INFO - DAG(s) dict_keys(['example_xcom_args', 'example_xcom_args_with_operators']) retrieved from /home/airflow/.local/lib/python3.7/site-packages/airflow/example_dags/example_xcomargs.py
[2022-08-19 22:53:54,969] {logging_mixin.py:115} INFO - [2022-08-19 22:53:54,969] {dag.py:2420} INFO - Sync 2 DAGs
[2022-08-19 22:53:54,981] {logging_mixin.py:115} INFO - [2022-08-19 22:53:54,981] {dag.py:2972} INFO - Setting next_dagrun for example_xcom_args to None, run_after=None
[2022-08-19 22:53:54,982] {logging_mixin.py:115} INFO - [2022-08-19 22:53:54,982] {dag.py:2972} INFO - Setting next_dagrun for example_xcom_args_with_operators to None, run_after=None
[2022-08-19 22:53:54,992] {processor.py:161} INFO - Processing /home/airflow/.local/lib/python3.7/site-packages/airflow/example_dags/example_xcomargs.py took 0.076 seconds
[2022-08-19 22:54:25,478] {processor.py:153} INFO - Started process (PID=197) to work on /home/airflow/.local/lib/python3.7/site-packages/airflow/example_dags/example_xcomargs.py
[2022-08-19 22:54:25,479] {processor.py:641} INFO - Processing file /home/airflow/.local/lib/python3.7/site-packages/airflow/example_dags/example_xcomargs.py for tasks to queue
[2022-08-19 22:54:25,479] {logging_mixin.py:115} INFO - [2022-08-19 22:54:25,479] {dagbag.py:508} INFO - Filling up the DagBag from /home/airflow/.local/lib/python3.7/site-packages/airflow/example_dags/example_xcomargs.py
[2022-08-19 22:54:25,489] {processor.py:651} INFO - DAG(s) dict_keys(['example_xcom_args', 'example_xcom_args_with_operators']) retrieved from /home/airflow/.local/lib/python3.7/site-packages/airflow/example_dags/example_xcomargs.py
[2022-08-19 22:54:25,523] {logging_mixin.py:115} INFO - [2022-08-19 22:54:25,523] {dag.py:2420} INFO - Sync 2 DAGs
[2022-08-19 22:54:25,538] {logging_mixin.py:115} INFO - [2022-08-19 22:54:25,538] {dag.py:2972} INFO - Setting next_dagrun for example_xcom_args to None, run_after=None
[2022-08-19 22:54:25,539] {logging_mixin.py:115} INFO - [2022-08-19 22:54:25,539] {dag.py:2972} INFO - Setting next_dagrun for example_xcom_args_with_operators to None, run_after=None
[2022-08-19 22:54:25,549] {processor.py:161} INFO - Processing /home/airflow/.local/lib/python3.7/site-packages/airflow/example_dags/example_xcomargs.py took 0.073 seconds
[2022-08-19 22:54:56,011] {processor.py:153} INFO - Started process (PID=264) to work on /home/airflow/.local/lib/python3.7/site-packages/airflow/example_dags/example_xcomargs.py
[2022-08-19 22:54:56,012] {processor.py:641} INFO - Processing file /home/airflow/.local/lib/python3.7/site-packages/airflow/example_dags/example_xcomargs.py for tasks to queue
[2022-08-19 22:54:56,013] {logging_mixin.py:115} INFO - [2022-08-19 22:54:56,013] {dagbag.py:508} INFO - Filling up the DagBag from /home/airflow/.local/lib/python3.7/site-packages/airflow/example_dags/example_xcomargs.py
[2022-08-19 22:54:56,023] {processor.py:651} INFO - DAG(s) dict_keys(['example_xcom_args', 'example_xcom_args_with_operators']) retrieved from /home/airflow/.local/lib/python3.7/site-packages/airflow/example_dags/example_xcomargs.py
[2022-08-19 22:54:56,070] {logging_mixin.py:115} INFO - [2022-08-19 22:54:56,070] {dag.py:2420} INFO - Sync 2 DAGs
[2022-08-19 22:54:56,082] {logging_mixin.py:115} INFO - [2022-08-19 22:54:56,082] {dag.py:2972} INFO - Setting next_dagrun for example_xcom_args to None, run_after=None
[2022-08-19 22:54:56,083] {logging_mixin.py:115} INFO - [2022-08-19 22:54:56,083] {dag.py:2972} INFO - Setting next_dagrun for example_xcom_args_with_operators to None, run_after=None
[2022-08-19 22:54:56,092] {processor.py:161} INFO - Processing /home/airflow/.local/lib/python3.7/site-packages/airflow/example_dags/example_xcomargs.py took 0.083 seconds
[2022-08-19 22:55:26,551] {processor.py:153} INFO - Started process (PID=327) to work on /home/airflow/.local/lib/python3.7/site-packages/airflow/example_dags/example_xcomargs.py
[2022-08-19 22:55:26,552] {processor.py:641} INFO - Processing file /home/airflow/.local/lib/python3.7/site-packages/airflow/example_dags/example_xcomargs.py for tasks to queue
[2022-08-19 22:55:26,553] {logging_mixin.py:115} INFO - [2022-08-19 22:55:26,553] {dagbag.py:508} INFO - Filling up the DagBag from /home/airflow/.local/lib/python3.7/site-packages/airflow/example_dags/example_xcomargs.py
[2022-08-19 22:55:26,566] {processor.py:651} INFO - DAG(s) dict_keys(['example_xcom_args', 'example_xcom_args_with_operators']) retrieved from /home/airflow/.local/lib/python3.7/site-packages/airflow/example_dags/example_xcomargs.py
[2022-08-19 22:55:26,605] {logging_mixin.py:115} INFO - [2022-08-19 22:55:26,605] {dag.py:2420} INFO - Sync 2 DAGs
[2022-08-19 22:55:26,620] {logging_mixin.py:115} INFO - [2022-08-19 22:55:26,620] {dag.py:2972} INFO - Setting next_dagrun for example_xcom_args to None, run_after=None
[2022-08-19 22:55:26,622] {logging_mixin.py:115} INFO - [2022-08-19 22:55:26,622] {dag.py:2972} INFO - Setting next_dagrun for example_xcom_args_with_operators to None, run_after=None
[2022-08-19 22:55:26,632] {processor.py:161} INFO - Processing /home/airflow/.local/lib/python3.7/site-packages/airflow/example_dags/example_xcomargs.py took 0.083 seconds
[2022-08-19 22:55:57,050] {processor.py:153} INFO - Started process (PID=381) to work on /home/airflow/.local/lib/python3.7/site-packages/airflow/example_dags/example_xcomargs.py
[2022-08-19 22:55:57,051] {processor.py:641} INFO - Processing file /home/airflow/.local/lib/python3.7/site-packages/airflow/example_dags/example_xcomargs.py for tasks to queue
[2022-08-19 22:55:57,052] {logging_mixin.py:115} INFO - [2022-08-19 22:55:57,052] {dagbag.py:508} INFO - Filling up the DagBag from /home/airflow/.local/lib/python3.7/site-packages/airflow/example_dags/example_xcomargs.py
[2022-08-19 22:55:57,063] {processor.py:651} INFO - DAG(s) dict_keys(['example_xcom_args', 'example_xcom_args_with_operators']) retrieved from /home/airflow/.local/lib/python3.7/site-packages/airflow/example_dags/example_xcomargs.py
[2022-08-19 22:55:57,101] {logging_mixin.py:115} INFO - [2022-08-19 22:55:57,101] {dag.py:2420} INFO - Sync 2 DAGs
[2022-08-19 22:55:57,114] {logging_mixin.py:115} INFO - [2022-08-19 22:55:57,114] {dag.py:2972} INFO - Setting next_dagrun for example_xcom_args to None, run_after=None
[2022-08-19 22:55:57,115] {logging_mixin.py:115} INFO - [2022-08-19 22:55:57,115] {dag.py:2972} INFO - Setting next_dagrun for example_xcom_args_with_operators to None, run_after=None
[2022-08-19 22:55:57,123] {processor.py:161} INFO - Processing /home/airflow/.local/lib/python3.7/site-packages/airflow/example_dags/example_xcomargs.py took 0.075 seconds
[2022-08-19 22:56:27,445] {processor.py:153} INFO - Started process (PID=450) to work on /home/airflow/.local/lib/python3.7/site-packages/airflow/example_dags/example_xcomargs.py
[2022-08-19 22:56:27,446] {processor.py:641} INFO - Processing file /home/airflow/.local/lib/python3.7/site-packages/airflow/example_dags/example_xcomargs.py for tasks to queue
[2022-08-19 22:56:27,447] {logging_mixin.py:115} INFO - [2022-08-19 22:56:27,447] {dagbag.py:508} INFO - Filling up the DagBag from /home/airflow/.local/lib/python3.7/site-packages/airflow/example_dags/example_xcomargs.py
[2022-08-19 22:56:27,457] {processor.py:651} INFO - DAG(s) dict_keys(['example_xcom_args', 'example_xcom_args_with_operators']) retrieved from /home/airflow/.local/lib/python3.7/site-packages/airflow/example_dags/example_xcomargs.py
[2022-08-19 22:56:27,494] {logging_mixin.py:115} INFO - [2022-08-19 22:56:27,494] {dag.py:2420} INFO - Sync 2 DAGs
[2022-08-19 22:56:27,506] {logging_mixin.py:115} INFO - [2022-08-19 22:56:27,506] {dag.py:2972} INFO - Setting next_dagrun for example_xcom_args to None, run_after=None
[2022-08-19 22:56:27,507] {logging_mixin.py:115} INFO - [2022-08-19 22:56:27,507] {dag.py:2972} INFO - Setting next_dagrun for example_xcom_args_with_operators to None, run_after=None
[2022-08-19 22:56:27,515] {processor.py:161} INFO - Processing /home/airflow/.local/lib/python3.7/site-packages/airflow/example_dags/example_xcomargs.py took 0.071 seconds
[2022-08-19 22:56:57,875] {processor.py:153} INFO - Started process (PID=514) to work on /home/airflow/.local/lib/python3.7/site-packages/airflow/example_dags/example_xcomargs.py
[2022-08-19 22:56:57,875] {processor.py:641} INFO - Processing file /home/airflow/.local/lib/python3.7/site-packages/airflow/example_dags/example_xcomargs.py for tasks to queue
[2022-08-19 22:56:57,876] {logging_mixin.py:115} INFO - [2022-08-19 22:56:57,876] {dagbag.py:508} INFO - Filling up the DagBag from /home/airflow/.local/lib/python3.7/site-packages/airflow/example_dags/example_xcomargs.py
[2022-08-19 22:56:57,887] {processor.py:651} INFO - DAG(s) dict_keys(['example_xcom_args', 'example_xcom_args_with_operators']) retrieved from /home/airflow/.local/lib/python3.7/site-packages/airflow/example_dags/example_xcomargs.py
[2022-08-19 22:56:57,924] {logging_mixin.py:115} INFO - [2022-08-19 22:56:57,924] {dag.py:2420} INFO - Sync 2 DAGs
[2022-08-19 22:56:57,935] {logging_mixin.py:115} INFO - [2022-08-19 22:56:57,935] {dag.py:2972} INFO - Setting next_dagrun for example_xcom_args to None, run_after=None
[2022-08-19 22:56:57,936] {logging_mixin.py:115} INFO - [2022-08-19 22:56:57,936] {dag.py:2972} INFO - Setting next_dagrun for example_xcom_args_with_operators to None, run_after=None
[2022-08-19 22:56:57,945] {processor.py:161} INFO - Processing /home/airflow/.local/lib/python3.7/site-packages/airflow/example_dags/example_xcomargs.py took 0.072 seconds
[2022-08-19 22:57:28,285] {processor.py:153} INFO - Started process (PID=583) to work on /home/airflow/.local/lib/python3.7/site-packages/airflow/example_dags/example_xcomargs.py
[2022-08-19 22:57:28,286] {processor.py:641} INFO - Processing file /home/airflow/.local/lib/python3.7/site-packages/airflow/example_dags/example_xcomargs.py for tasks to queue
[2022-08-19 22:57:28,287] {logging_mixin.py:115} INFO - [2022-08-19 22:57:28,287] {dagbag.py:508} INFO - Filling up the DagBag from /home/airflow/.local/lib/python3.7/site-packages/airflow/example_dags/example_xcomargs.py
[2022-08-19 22:57:28,298] {processor.py:651} INFO - DAG(s) dict_keys(['example_xcom_args', 'example_xcom_args_with_operators']) retrieved from /home/airflow/.local/lib/python3.7/site-packages/airflow/example_dags/example_xcomargs.py
[2022-08-19 22:57:28,316] {logging_mixin.py:115} INFO - [2022-08-19 22:57:28,316] {dag.py:2420} INFO - Sync 2 DAGs
[2022-08-19 22:57:28,329] {logging_mixin.py:115} INFO - [2022-08-19 22:57:28,329] {dag.py:2972} INFO - Setting next_dagrun for example_xcom_args to None, run_after=None
[2022-08-19 22:57:28,330] {logging_mixin.py:115} INFO - [2022-08-19 22:57:28,330] {dag.py:2972} INFO - Setting next_dagrun for example_xcom_args_with_operators to None, run_after=None
[2022-08-19 22:57:28,337] {processor.py:161} INFO - Processing /home/airflow/.local/lib/python3.7/site-packages/airflow/example_dags/example_xcomargs.py took 0.054 seconds
[2022-08-19 22:57:58,698] {processor.py:153} INFO - Started process (PID=649) to work on /home/airflow/.local/lib/python3.7/site-packages/airflow/example_dags/example_xcomargs.py
[2022-08-19 22:57:58,699] {processor.py:641} INFO - Processing file /home/airflow/.local/lib/python3.7/site-packages/airflow/example_dags/example_xcomargs.py for tasks to queue
[2022-08-19 22:57:58,700] {logging_mixin.py:115} INFO - [2022-08-19 22:57:58,700] {dagbag.py:508} INFO - Filling up the DagBag from /home/airflow/.local/lib/python3.7/site-packages/airflow/example_dags/example_xcomargs.py
[2022-08-19 22:57:58,712] {processor.py:651} INFO - DAG(s) dict_keys(['example_xcom_args', 'example_xcom_args_with_operators']) retrieved from /home/airflow/.local/lib/python3.7/site-packages/airflow/example_dags/example_xcomargs.py
[2022-08-19 22:57:58,731] {logging_mixin.py:115} INFO - [2022-08-19 22:57:58,731] {dag.py:2420} INFO - Sync 2 DAGs
[2022-08-19 22:57:58,743] {logging_mixin.py:115} INFO - [2022-08-19 22:57:58,743] {dag.py:2972} INFO - Setting next_dagrun for example_xcom_args to None, run_after=None
[2022-08-19 22:57:58,744] {logging_mixin.py:115} INFO - [2022-08-19 22:57:58,744] {dag.py:2972} INFO - Setting next_dagrun for example_xcom_args_with_operators to None, run_after=None
[2022-08-19 22:57:58,752] {processor.py:161} INFO - Processing /home/airflow/.local/lib/python3.7/site-packages/airflow/example_dags/example_xcomargs.py took 0.056 seconds
[2022-08-19 22:58:29,197] {processor.py:153} INFO - Started process (PID=705) to work on /home/airflow/.local/lib/python3.7/site-packages/airflow/example_dags/example_xcomargs.py
[2022-08-19 22:58:29,198] {processor.py:641} INFO - Processing file /home/airflow/.local/lib/python3.7/site-packages/airflow/example_dags/example_xcomargs.py for tasks to queue
[2022-08-19 22:58:29,199] {logging_mixin.py:115} INFO - [2022-08-19 22:58:29,199] {dagbag.py:508} INFO - Filling up the DagBag from /home/airflow/.local/lib/python3.7/site-packages/airflow/example_dags/example_xcomargs.py
[2022-08-19 22:58:29,210] {processor.py:651} INFO - DAG(s) dict_keys(['example_xcom_args', 'example_xcom_args_with_operators']) retrieved from /home/airflow/.local/lib/python3.7/site-packages/airflow/example_dags/example_xcomargs.py
[2022-08-19 22:58:29,246] {logging_mixin.py:115} INFO - [2022-08-19 22:58:29,246] {dag.py:2420} INFO - Sync 2 DAGs
[2022-08-19 22:58:29,258] {logging_mixin.py:115} INFO - [2022-08-19 22:58:29,257] {dag.py:2972} INFO - Setting next_dagrun for example_xcom_args to None, run_after=None
[2022-08-19 22:58:29,258] {logging_mixin.py:115} INFO - [2022-08-19 22:58:29,258] {dag.py:2972} INFO - Setting next_dagrun for example_xcom_args_with_operators to None, run_after=None
[2022-08-19 22:58:29,267] {processor.py:161} INFO - Processing /home/airflow/.local/lib/python3.7/site-packages/airflow/example_dags/example_xcomargs.py took 0.072 seconds
[2022-08-19 22:58:59,589] {processor.py:153} INFO - Started process (PID=771) to work on /home/airflow/.local/lib/python3.7/site-packages/airflow/example_dags/example_xcomargs.py
[2022-08-19 22:58:59,590] {processor.py:641} INFO - Processing file /home/airflow/.local/lib/python3.7/site-packages/airflow/example_dags/example_xcomargs.py for tasks to queue
[2022-08-19 22:58:59,591] {logging_mixin.py:115} INFO - [2022-08-19 22:58:59,591] {dagbag.py:508} INFO - Filling up the DagBag from /home/airflow/.local/lib/python3.7/site-packages/airflow/example_dags/example_xcomargs.py
[2022-08-19 22:58:59,601] {processor.py:651} INFO - DAG(s) dict_keys(['example_xcom_args', 'example_xcom_args_with_operators']) retrieved from /home/airflow/.local/lib/python3.7/site-packages/airflow/example_dags/example_xcomargs.py
[2022-08-19 22:58:59,618] {logging_mixin.py:115} INFO - [2022-08-19 22:58:59,618] {dag.py:2420} INFO - Sync 2 DAGs
[2022-08-19 22:58:59,629] {logging_mixin.py:115} INFO - [2022-08-19 22:58:59,629] {dag.py:2972} INFO - Setting next_dagrun for example_xcom_args to None, run_after=None
[2022-08-19 22:58:59,631] {logging_mixin.py:115} INFO - [2022-08-19 22:58:59,631] {dag.py:2972} INFO - Setting next_dagrun for example_xcom_args_with_operators to None, run_after=None
[2022-08-19 22:58:59,638] {processor.py:161} INFO - Processing /home/airflow/.local/lib/python3.7/site-packages/airflow/example_dags/example_xcomargs.py took 0.051 seconds
[2022-08-19 22:59:30,115] {processor.py:153} INFO - Started process (PID=837) to work on /home/airflow/.local/lib/python3.7/site-packages/airflow/example_dags/example_xcomargs.py
[2022-08-19 22:59:30,117] {processor.py:641} INFO - Processing file /home/airflow/.local/lib/python3.7/site-packages/airflow/example_dags/example_xcomargs.py for tasks to queue
[2022-08-19 22:59:30,117] {logging_mixin.py:115} INFO - [2022-08-19 22:59:30,117] {dagbag.py:508} INFO - Filling up the DagBag from /home/airflow/.local/lib/python3.7/site-packages/airflow/example_dags/example_xcomargs.py
[2022-08-19 22:59:30,127] {processor.py:651} INFO - DAG(s) dict_keys(['example_xcom_args', 'example_xcom_args_with_operators']) retrieved from /home/airflow/.local/lib/python3.7/site-packages/airflow/example_dags/example_xcomargs.py
[2022-08-19 22:59:30,144] {logging_mixin.py:115} INFO - [2022-08-19 22:59:30,144] {dag.py:2420} INFO - Sync 2 DAGs
[2022-08-19 22:59:30,156] {logging_mixin.py:115} INFO - [2022-08-19 22:59:30,156] {dag.py:2972} INFO - Setting next_dagrun for example_xcom_args to None, run_after=None
[2022-08-19 22:59:30,157] {logging_mixin.py:115} INFO - [2022-08-19 22:59:30,157] {dag.py:2972} INFO - Setting next_dagrun for example_xcom_args_with_operators to None, run_after=None
[2022-08-19 22:59:30,165] {processor.py:161} INFO - Processing /home/airflow/.local/lib/python3.7/site-packages/airflow/example_dags/example_xcomargs.py took 0.051 seconds
[2022-08-19 23:00:00,595] {processor.py:153} INFO - Started process (PID=905) to work on /home/airflow/.local/lib/python3.7/site-packages/airflow/example_dags/example_xcomargs.py
[2022-08-19 23:00:00,597] {processor.py:641} INFO - Processing file /home/airflow/.local/lib/python3.7/site-packages/airflow/example_dags/example_xcomargs.py for tasks to queue
[2022-08-19 23:00:00,598] {logging_mixin.py:115} INFO - [2022-08-19 23:00:00,598] {dagbag.py:508} INFO - Filling up the DagBag from /home/airflow/.local/lib/python3.7/site-packages/airflow/example_dags/example_xcomargs.py
[2022-08-19 23:00:00,608] {processor.py:651} INFO - DAG(s) dict_keys(['example_xcom_args', 'example_xcom_args_with_operators']) retrieved from /home/airflow/.local/lib/python3.7/site-packages/airflow/example_dags/example_xcomargs.py
[2022-08-19 23:00:00,645] {logging_mixin.py:115} INFO - [2022-08-19 23:00:00,645] {dag.py:2420} INFO - Sync 2 DAGs
[2022-08-19 23:00:00,657] {logging_mixin.py:115} INFO - [2022-08-19 23:00:00,657] {dag.py:2972} INFO - Setting next_dagrun for example_xcom_args to None, run_after=None
[2022-08-19 23:00:00,659] {logging_mixin.py:115} INFO - [2022-08-19 23:00:00,659] {dag.py:2972} INFO - Setting next_dagrun for example_xcom_args_with_operators to None, run_after=None
[2022-08-19 23:00:00,668] {processor.py:161} INFO - Processing /home/airflow/.local/lib/python3.7/site-packages/airflow/example_dags/example_xcomargs.py took 0.075 seconds
[2022-08-19 23:00:31,046] {processor.py:153} INFO - Started process (PID=971) to work on /home/airflow/.local/lib/python3.7/site-packages/airflow/example_dags/example_xcomargs.py
[2022-08-19 23:00:31,047] {processor.py:641} INFO - Processing file /home/airflow/.local/lib/python3.7/site-packages/airflow/example_dags/example_xcomargs.py for tasks to queue
[2022-08-19 23:00:31,048] {logging_mixin.py:115} INFO - [2022-08-19 23:00:31,048] {dagbag.py:508} INFO - Filling up the DagBag from /home/airflow/.local/lib/python3.7/site-packages/airflow/example_dags/example_xcomargs.py
[2022-08-19 23:00:31,058] {processor.py:651} INFO - DAG(s) dict_keys(['example_xcom_args', 'example_xcom_args_with_operators']) retrieved from /home/airflow/.local/lib/python3.7/site-packages/airflow/example_dags/example_xcomargs.py
[2022-08-19 23:00:31,094] {logging_mixin.py:115} INFO - [2022-08-19 23:00:31,094] {dag.py:2420} INFO - Sync 2 DAGs
[2022-08-19 23:00:31,106] {logging_mixin.py:115} INFO - [2022-08-19 23:00:31,106] {dag.py:2972} INFO - Setting next_dagrun for example_xcom_args to None, run_after=None
[2022-08-19 23:00:31,107] {logging_mixin.py:115} INFO - [2022-08-19 23:00:31,107] {dag.py:2972} INFO - Setting next_dagrun for example_xcom_args_with_operators to None, run_after=None
[2022-08-19 23:00:31,116] {processor.py:161} INFO - Processing /home/airflow/.local/lib/python3.7/site-packages/airflow/example_dags/example_xcomargs.py took 0.073 seconds
[2022-08-19 23:01:01,442] {processor.py:153} INFO - Started process (PID=1041) to work on /home/airflow/.local/lib/python3.7/site-packages/airflow/example_dags/example_xcomargs.py
[2022-08-19 23:01:01,443] {processor.py:641} INFO - Processing file /home/airflow/.local/lib/python3.7/site-packages/airflow/example_dags/example_xcomargs.py for tasks to queue
[2022-08-19 23:01:01,444] {logging_mixin.py:115} INFO - [2022-08-19 23:01:01,444] {dagbag.py:508} INFO - Filling up the DagBag from /home/airflow/.local/lib/python3.7/site-packages/airflow/example_dags/example_xcomargs.py
[2022-08-19 23:01:01,455] {processor.py:651} INFO - DAG(s) dict_keys(['example_xcom_args', 'example_xcom_args_with_operators']) retrieved from /home/airflow/.local/lib/python3.7/site-packages/airflow/example_dags/example_xcomargs.py
[2022-08-19 23:01:01,473] {logging_mixin.py:115} INFO - [2022-08-19 23:01:01,473] {dag.py:2420} INFO - Sync 2 DAGs
[2022-08-19 23:01:01,485] {logging_mixin.py:115} INFO - [2022-08-19 23:01:01,485] {dag.py:2972} INFO - Setting next_dagrun for example_xcom_args to None, run_after=None
[2022-08-19 23:01:01,486] {logging_mixin.py:115} INFO - [2022-08-19 23:01:01,486] {dag.py:2972} INFO - Setting next_dagrun for example_xcom_args_with_operators to None, run_after=None
[2022-08-19 23:01:01,494] {processor.py:161} INFO - Processing /home/airflow/.local/lib/python3.7/site-packages/airflow/example_dags/example_xcomargs.py took 0.054 seconds
[2022-08-19 23:01:31,898] {processor.py:153} INFO - Started process (PID=1095) to work on /home/airflow/.local/lib/python3.7/site-packages/airflow/example_dags/example_xcomargs.py
[2022-08-19 23:01:31,899] {processor.py:641} INFO - Processing file /home/airflow/.local/lib/python3.7/site-packages/airflow/example_dags/example_xcomargs.py for tasks to queue
[2022-08-19 23:01:31,900] {logging_mixin.py:115} INFO - [2022-08-19 23:01:31,900] {dagbag.py:508} INFO - Filling up the DagBag from /home/airflow/.local/lib/python3.7/site-packages/airflow/example_dags/example_xcomargs.py
[2022-08-19 23:01:31,909] {processor.py:651} INFO - DAG(s) dict_keys(['example_xcom_args', 'example_xcom_args_with_operators']) retrieved from /home/airflow/.local/lib/python3.7/site-packages/airflow/example_dags/example_xcomargs.py
[2022-08-19 23:01:31,928] {logging_mixin.py:115} INFO - [2022-08-19 23:01:31,927] {dag.py:2420} INFO - Sync 2 DAGs
[2022-08-19 23:01:31,939] {logging_mixin.py:115} INFO - [2022-08-19 23:01:31,939] {dag.py:2972} INFO - Setting next_dagrun for example_xcom_args to None, run_after=None
[2022-08-19 23:01:31,940] {logging_mixin.py:115} INFO - [2022-08-19 23:01:31,940] {dag.py:2972} INFO - Setting next_dagrun for example_xcom_args_with_operators to None, run_after=None
[2022-08-19 23:01:31,947] {processor.py:161} INFO - Processing /home/airflow/.local/lib/python3.7/site-packages/airflow/example_dags/example_xcomargs.py took 0.052 seconds
[2022-08-19 23:02:02,390] {processor.py:153} INFO - Started process (PID=1161) to work on /home/airflow/.local/lib/python3.7/site-packages/airflow/example_dags/example_xcomargs.py
[2022-08-19 23:02:02,391] {processor.py:641} INFO - Processing file /home/airflow/.local/lib/python3.7/site-packages/airflow/example_dags/example_xcomargs.py for tasks to queue
[2022-08-19 23:02:02,392] {logging_mixin.py:115} INFO - [2022-08-19 23:02:02,392] {dagbag.py:508} INFO - Filling up the DagBag from /home/airflow/.local/lib/python3.7/site-packages/airflow/example_dags/example_xcomargs.py
[2022-08-19 23:02:02,401] {processor.py:651} INFO - DAG(s) dict_keys(['example_xcom_args', 'example_xcom_args_with_operators']) retrieved from /home/airflow/.local/lib/python3.7/site-packages/airflow/example_dags/example_xcomargs.py
[2022-08-19 23:02:02,418] {logging_mixin.py:115} INFO - [2022-08-19 23:02:02,418] {dag.py:2420} INFO - Sync 2 DAGs
[2022-08-19 23:02:02,431] {logging_mixin.py:115} INFO - [2022-08-19 23:02:02,431] {dag.py:2972} INFO - Setting next_dagrun for example_xcom_args to None, run_after=None
[2022-08-19 23:02:02,441] {logging_mixin.py:115} INFO - [2022-08-19 23:02:02,441] {dag.py:2972} INFO - Setting next_dagrun for example_xcom_args_with_operators to None, run_after=None
[2022-08-19 23:02:02,448] {processor.py:161} INFO - Processing /home/airflow/.local/lib/python3.7/site-packages/airflow/example_dags/example_xcomargs.py took 0.060 seconds
[2022-08-19 23:02:32,841] {processor.py:153} INFO - Started process (PID=1223) to work on /home/airflow/.local/lib/python3.7/site-packages/airflow/example_dags/example_xcomargs.py
[2022-08-19 23:02:32,842] {processor.py:641} INFO - Processing file /home/airflow/.local/lib/python3.7/site-packages/airflow/example_dags/example_xcomargs.py for tasks to queue
[2022-08-19 23:02:32,842] {logging_mixin.py:115} INFO - [2022-08-19 23:02:32,842] {dagbag.py:508} INFO - Filling up the DagBag from /home/airflow/.local/lib/python3.7/site-packages/airflow/example_dags/example_xcomargs.py
[2022-08-19 23:02:32,851] {processor.py:651} INFO - DAG(s) dict_keys(['example_xcom_args', 'example_xcom_args_with_operators']) retrieved from /home/airflow/.local/lib/python3.7/site-packages/airflow/example_dags/example_xcomargs.py
[2022-08-19 23:02:32,869] {logging_mixin.py:115} INFO - [2022-08-19 23:02:32,869] {dag.py:2420} INFO - Sync 2 DAGs
[2022-08-19 23:02:32,881] {logging_mixin.py:115} INFO - [2022-08-19 23:02:32,881] {dag.py:2972} INFO - Setting next_dagrun for example_xcom_args to None, run_after=None
[2022-08-19 23:02:32,883] {logging_mixin.py:115} INFO - [2022-08-19 23:02:32,883] {dag.py:2972} INFO - Setting next_dagrun for example_xcom_args_with_operators to None, run_after=None
[2022-08-19 23:02:32,890] {processor.py:161} INFO - Processing /home/airflow/.local/lib/python3.7/site-packages/airflow/example_dags/example_xcomargs.py took 0.051 seconds
[2022-08-19 23:03:03,261] {processor.py:153} INFO - Started process (PID=1288) to work on /home/airflow/.local/lib/python3.7/site-packages/airflow/example_dags/example_xcomargs.py
[2022-08-19 23:03:03,262] {processor.py:641} INFO - Processing file /home/airflow/.local/lib/python3.7/site-packages/airflow/example_dags/example_xcomargs.py for tasks to queue
[2022-08-19 23:03:03,263] {logging_mixin.py:115} INFO - [2022-08-19 23:03:03,263] {dagbag.py:508} INFO - Filling up the DagBag from /home/airflow/.local/lib/python3.7/site-packages/airflow/example_dags/example_xcomargs.py
[2022-08-19 23:03:03,274] {processor.py:651} INFO - DAG(s) dict_keys(['example_xcom_args', 'example_xcom_args_with_operators']) retrieved from /home/airflow/.local/lib/python3.7/site-packages/airflow/example_dags/example_xcomargs.py
[2022-08-19 23:03:03,293] {logging_mixin.py:115} INFO - [2022-08-19 23:03:03,293] {dag.py:2420} INFO - Sync 2 DAGs
[2022-08-19 23:03:03,306] {logging_mixin.py:115} INFO - [2022-08-19 23:03:03,306] {dag.py:2972} INFO - Setting next_dagrun for example_xcom_args to None, run_after=None
[2022-08-19 23:03:03,307] {logging_mixin.py:115} INFO - [2022-08-19 23:03:03,307] {dag.py:2972} INFO - Setting next_dagrun for example_xcom_args_with_operators to None, run_after=None
[2022-08-19 23:03:03,315] {processor.py:161} INFO - Processing /home/airflow/.local/lib/python3.7/site-packages/airflow/example_dags/example_xcomargs.py took 0.056 seconds
[2022-08-19 23:03:33,731] {processor.py:153} INFO - Started process (PID=1355) to work on /home/airflow/.local/lib/python3.7/site-packages/airflow/example_dags/example_xcomargs.py
[2022-08-19 23:03:33,732] {processor.py:641} INFO - Processing file /home/airflow/.local/lib/python3.7/site-packages/airflow/example_dags/example_xcomargs.py for tasks to queue
[2022-08-19 23:03:33,733] {logging_mixin.py:115} INFO - [2022-08-19 23:03:33,732] {dagbag.py:508} INFO - Filling up the DagBag from /home/airflow/.local/lib/python3.7/site-packages/airflow/example_dags/example_xcomargs.py
[2022-08-19 23:03:33,743] {processor.py:651} INFO - DAG(s) dict_keys(['example_xcom_args', 'example_xcom_args_with_operators']) retrieved from /home/airflow/.local/lib/python3.7/site-packages/airflow/example_dags/example_xcomargs.py
[2022-08-19 23:03:33,779] {logging_mixin.py:115} INFO - [2022-08-19 23:03:33,779] {dag.py:2420} INFO - Sync 2 DAGs
[2022-08-19 23:03:33,789] {logging_mixin.py:115} INFO - [2022-08-19 23:03:33,789] {dag.py:2972} INFO - Setting next_dagrun for example_xcom_args to None, run_after=None
[2022-08-19 23:03:33,790] {logging_mixin.py:115} INFO - [2022-08-19 23:03:33,790] {dag.py:2972} INFO - Setting next_dagrun for example_xcom_args_with_operators to None, run_after=None
[2022-08-19 23:03:33,798] {processor.py:161} INFO - Processing /home/airflow/.local/lib/python3.7/site-packages/airflow/example_dags/example_xcomargs.py took 0.070 seconds
[2022-08-19 23:04:03,970] {processor.py:153} INFO - Started process (PID=1431) to work on /home/airflow/.local/lib/python3.7/site-packages/airflow/example_dags/example_xcomargs.py
[2022-08-19 23:04:03,971] {processor.py:641} INFO - Processing file /home/airflow/.local/lib/python3.7/site-packages/airflow/example_dags/example_xcomargs.py for tasks to queue
[2022-08-19 23:04:03,972] {logging_mixin.py:115} INFO - [2022-08-19 23:04:03,972] {dagbag.py:508} INFO - Filling up the DagBag from /home/airflow/.local/lib/python3.7/site-packages/airflow/example_dags/example_xcomargs.py
[2022-08-19 23:04:03,984] {processor.py:651} INFO - DAG(s) dict_keys(['example_xcom_args', 'example_xcom_args_with_operators']) retrieved from /home/airflow/.local/lib/python3.7/site-packages/airflow/example_dags/example_xcomargs.py
[2022-08-19 23:04:04,004] {logging_mixin.py:115} INFO - [2022-08-19 23:04:04,004] {dag.py:2420} INFO - Sync 2 DAGs
[2022-08-19 23:04:04,019] {logging_mixin.py:115} INFO - [2022-08-19 23:04:04,019] {dag.py:2972} INFO - Setting next_dagrun for example_xcom_args to None, run_after=None
[2022-08-19 23:04:04,020] {logging_mixin.py:115} INFO - [2022-08-19 23:04:04,020] {dag.py:2972} INFO - Setting next_dagrun for example_xcom_args_with_operators to None, run_after=None
[2022-08-19 23:04:04,027] {processor.py:161} INFO - Processing /home/airflow/.local/lib/python3.7/site-packages/airflow/example_dags/example_xcomargs.py took 0.060 seconds
[2022-08-19 23:04:34,544] {processor.py:153} INFO - Started process (PID=1492) to work on /home/airflow/.local/lib/python3.7/site-packages/airflow/example_dags/example_xcomargs.py
[2022-08-19 23:04:34,546] {processor.py:641} INFO - Processing file /home/airflow/.local/lib/python3.7/site-packages/airflow/example_dags/example_xcomargs.py for tasks to queue
[2022-08-19 23:04:34,547] {logging_mixin.py:115} INFO - [2022-08-19 23:04:34,547] {dagbag.py:508} INFO - Filling up the DagBag from /home/airflow/.local/lib/python3.7/site-packages/airflow/example_dags/example_xcomargs.py
[2022-08-19 23:04:34,558] {processor.py:651} INFO - DAG(s) dict_keys(['example_xcom_args', 'example_xcom_args_with_operators']) retrieved from /home/airflow/.local/lib/python3.7/site-packages/airflow/example_dags/example_xcomargs.py
[2022-08-19 23:04:34,600] {logging_mixin.py:115} INFO - [2022-08-19 23:04:34,600] {dag.py:2420} INFO - Sync 2 DAGs
[2022-08-19 23:04:34,614] {logging_mixin.py:115} INFO - [2022-08-19 23:04:34,614] {dag.py:2972} INFO - Setting next_dagrun for example_xcom_args to None, run_after=None
[2022-08-19 23:04:34,615] {logging_mixin.py:115} INFO - [2022-08-19 23:04:34,615] {dag.py:2972} INFO - Setting next_dagrun for example_xcom_args_with_operators to None, run_after=None
[2022-08-19 23:04:34,623] {processor.py:161} INFO - Processing /home/airflow/.local/lib/python3.7/site-packages/airflow/example_dags/example_xcomargs.py took 0.082 seconds
[2022-08-19 23:05:05,224] {processor.py:153} INFO - Started process (PID=1560) to work on /home/airflow/.local/lib/python3.7/site-packages/airflow/example_dags/example_xcomargs.py
[2022-08-19 23:05:05,225] {processor.py:641} INFO - Processing file /home/airflow/.local/lib/python3.7/site-packages/airflow/example_dags/example_xcomargs.py for tasks to queue
[2022-08-19 23:05:05,226] {logging_mixin.py:115} INFO - [2022-08-19 23:05:05,226] {dagbag.py:508} INFO - Filling up the DagBag from /home/airflow/.local/lib/python3.7/site-packages/airflow/example_dags/example_xcomargs.py
[2022-08-19 23:05:05,237] {processor.py:651} INFO - DAG(s) dict_keys(['example_xcom_args', 'example_xcom_args_with_operators']) retrieved from /home/airflow/.local/lib/python3.7/site-packages/airflow/example_dags/example_xcomargs.py
[2022-08-19 23:05:05,255] {logging_mixin.py:115} INFO - [2022-08-19 23:05:05,255] {dag.py:2420} INFO - Sync 2 DAGs
[2022-08-19 23:05:05,268] {logging_mixin.py:115} INFO - [2022-08-19 23:05:05,268] {dag.py:2972} INFO - Setting next_dagrun for example_xcom_args to None, run_after=None
[2022-08-19 23:05:05,269] {logging_mixin.py:115} INFO - [2022-08-19 23:05:05,269] {dag.py:2972} INFO - Setting next_dagrun for example_xcom_args_with_operators to None, run_after=None
[2022-08-19 23:05:05,276] {processor.py:161} INFO - Processing /home/airflow/.local/lib/python3.7/site-packages/airflow/example_dags/example_xcomargs.py took 0.055 seconds
[2022-08-19 23:05:35,781] {processor.py:153} INFO - Started process (PID=1630) to work on /home/airflow/.local/lib/python3.7/site-packages/airflow/example_dags/example_xcomargs.py
[2022-08-19 23:05:35,782] {processor.py:641} INFO - Processing file /home/airflow/.local/lib/python3.7/site-packages/airflow/example_dags/example_xcomargs.py for tasks to queue
[2022-08-19 23:05:35,783] {logging_mixin.py:115} INFO - [2022-08-19 23:05:35,783] {dagbag.py:508} INFO - Filling up the DagBag from /home/airflow/.local/lib/python3.7/site-packages/airflow/example_dags/example_xcomargs.py
[2022-08-19 23:05:35,794] {processor.py:651} INFO - DAG(s) dict_keys(['example_xcom_args', 'example_xcom_args_with_operators']) retrieved from /home/airflow/.local/lib/python3.7/site-packages/airflow/example_dags/example_xcomargs.py
[2022-08-19 23:05:35,812] {logging_mixin.py:115} INFO - [2022-08-19 23:05:35,812] {dag.py:2420} INFO - Sync 2 DAGs
[2022-08-19 23:05:35,824] {logging_mixin.py:115} INFO - [2022-08-19 23:05:35,824] {dag.py:2972} INFO - Setting next_dagrun for example_xcom_args to None, run_after=None
[2022-08-19 23:05:35,825] {logging_mixin.py:115} INFO - [2022-08-19 23:05:35,825] {dag.py:2972} INFO - Setting next_dagrun for example_xcom_args_with_operators to None, run_after=None
[2022-08-19 23:05:35,832] {processor.py:161} INFO - Processing /home/airflow/.local/lib/python3.7/site-packages/airflow/example_dags/example_xcomargs.py took 0.054 seconds
[2022-08-19 23:06:06,487] {processor.py:153} INFO - Started process (PID=1721) to work on /home/airflow/.local/lib/python3.7/site-packages/airflow/example_dags/example_xcomargs.py
[2022-08-19 23:06:06,497] {processor.py:641} INFO - Processing file /home/airflow/.local/lib/python3.7/site-packages/airflow/example_dags/example_xcomargs.py for tasks to queue
[2022-08-19 23:06:06,498] {logging_mixin.py:115} INFO - [2022-08-19 23:06:06,498] {dagbag.py:508} INFO - Filling up the DagBag from /home/airflow/.local/lib/python3.7/site-packages/airflow/example_dags/example_xcomargs.py
[2022-08-19 23:06:06,530] {processor.py:651} INFO - DAG(s) dict_keys(['example_xcom_args', 'example_xcom_args_with_operators']) retrieved from /home/airflow/.local/lib/python3.7/site-packages/airflow/example_dags/example_xcomargs.py
[2022-08-19 23:06:06,562] {logging_mixin.py:115} INFO - [2022-08-19 23:06:06,562] {dag.py:2420} INFO - Sync 2 DAGs
[2022-08-19 23:06:06,582] {logging_mixin.py:115} INFO - [2022-08-19 23:06:06,582] {dag.py:2972} INFO - Setting next_dagrun for example_xcom_args to None, run_after=None
[2022-08-19 23:06:06,585] {logging_mixin.py:115} INFO - [2022-08-19 23:06:06,585] {dag.py:2972} INFO - Setting next_dagrun for example_xcom_args_with_operators to None, run_after=None
[2022-08-19 23:06:06,595] {processor.py:161} INFO - Processing /home/airflow/.local/lib/python3.7/site-packages/airflow/example_dags/example_xcomargs.py took 0.113 seconds
[2022-08-19 23:06:36,954] {processor.py:153} INFO - Started process (PID=1841) to work on /home/airflow/.local/lib/python3.7/site-packages/airflow/example_dags/example_xcomargs.py
[2022-08-19 23:06:36,957] {processor.py:641} INFO - Processing file /home/airflow/.local/lib/python3.7/site-packages/airflow/example_dags/example_xcomargs.py for tasks to queue
[2022-08-19 23:06:36,958] {logging_mixin.py:115} INFO - [2022-08-19 23:06:36,958] {dagbag.py:508} INFO - Filling up the DagBag from /home/airflow/.local/lib/python3.7/site-packages/airflow/example_dags/example_xcomargs.py
[2022-08-19 23:06:36,983] {processor.py:651} INFO - DAG(s) dict_keys(['example_xcom_args', 'example_xcom_args_with_operators']) retrieved from /home/airflow/.local/lib/python3.7/site-packages/airflow/example_dags/example_xcomargs.py
[2022-08-19 23:06:37,071] {logging_mixin.py:115} INFO - [2022-08-19 23:06:37,071] {dag.py:2420} INFO - Sync 2 DAGs
[2022-08-19 23:06:37,107] {logging_mixin.py:115} INFO - [2022-08-19 23:06:37,107] {dag.py:2972} INFO - Setting next_dagrun for example_xcom_args to None, run_after=None
[2022-08-19 23:06:37,113] {logging_mixin.py:115} INFO - [2022-08-19 23:06:37,112] {dag.py:2972} INFO - Setting next_dagrun for example_xcom_args_with_operators to None, run_after=None
[2022-08-19 23:06:37,129] {processor.py:161} INFO - Processing /home/airflow/.local/lib/python3.7/site-packages/airflow/example_dags/example_xcomargs.py took 0.179 seconds
[2022-08-19 23:07:07,329] {processor.py:153} INFO - Started process (PID=1970) to work on /home/airflow/.local/lib/python3.7/site-packages/airflow/example_dags/example_xcomargs.py
[2022-08-19 23:07:07,330] {processor.py:641} INFO - Processing file /home/airflow/.local/lib/python3.7/site-packages/airflow/example_dags/example_xcomargs.py for tasks to queue
[2022-08-19 23:07:07,331] {logging_mixin.py:115} INFO - [2022-08-19 23:07:07,331] {dagbag.py:508} INFO - Filling up the DagBag from /home/airflow/.local/lib/python3.7/site-packages/airflow/example_dags/example_xcomargs.py
[2022-08-19 23:07:07,342] {processor.py:651} INFO - DAG(s) dict_keys(['example_xcom_args', 'example_xcom_args_with_operators']) retrieved from /home/airflow/.local/lib/python3.7/site-packages/airflow/example_dags/example_xcomargs.py
[2022-08-19 23:07:07,359] {logging_mixin.py:115} INFO - [2022-08-19 23:07:07,359] {dag.py:2420} INFO - Sync 2 DAGs
[2022-08-19 23:07:07,372] {logging_mixin.py:115} INFO - [2022-08-19 23:07:07,371] {dag.py:2972} INFO - Setting next_dagrun for example_xcom_args to None, run_after=None
[2022-08-19 23:07:07,373] {logging_mixin.py:115} INFO - [2022-08-19 23:07:07,373] {dag.py:2972} INFO - Setting next_dagrun for example_xcom_args_with_operators to None, run_after=None
[2022-08-19 23:07:07,381] {processor.py:161} INFO - Processing /home/airflow/.local/lib/python3.7/site-packages/airflow/example_dags/example_xcomargs.py took 0.054 seconds
[2022-08-19 23:07:38,559] {processor.py:153} INFO - Started process (PID=2103) to work on /home/airflow/.local/lib/python3.7/site-packages/airflow/example_dags/example_xcomargs.py
[2022-08-19 23:07:38,560] {processor.py:641} INFO - Processing file /home/airflow/.local/lib/python3.7/site-packages/airflow/example_dags/example_xcomargs.py for tasks to queue
[2022-08-19 23:07:38,561] {logging_mixin.py:115} INFO - [2022-08-19 23:07:38,561] {dagbag.py:508} INFO - Filling up the DagBag from /home/airflow/.local/lib/python3.7/site-packages/airflow/example_dags/example_xcomargs.py
[2022-08-19 23:07:38,577] {processor.py:651} INFO - DAG(s) dict_keys(['example_xcom_args', 'example_xcom_args_with_operators']) retrieved from /home/airflow/.local/lib/python3.7/site-packages/airflow/example_dags/example_xcomargs.py
[2022-08-19 23:07:38,661] {logging_mixin.py:115} INFO - [2022-08-19 23:07:38,660] {dag.py:2420} INFO - Sync 2 DAGs
[2022-08-19 23:07:38,681] {logging_mixin.py:115} INFO - [2022-08-19 23:07:38,681] {dag.py:2972} INFO - Setting next_dagrun for example_xcom_args to None, run_after=None
[2022-08-19 23:07:38,682] {logging_mixin.py:115} INFO - [2022-08-19 23:07:38,682] {dag.py:2972} INFO - Setting next_dagrun for example_xcom_args_with_operators to None, run_after=None
[2022-08-19 23:07:38,710] {processor.py:161} INFO - Processing /home/airflow/.local/lib/python3.7/site-packages/airflow/example_dags/example_xcomargs.py took 0.154 seconds
[2022-08-19 23:08:09,475] {processor.py:153} INFO - Started process (PID=2223) to work on /home/airflow/.local/lib/python3.7/site-packages/airflow/example_dags/example_xcomargs.py
[2022-08-19 23:08:09,479] {processor.py:641} INFO - Processing file /home/airflow/.local/lib/python3.7/site-packages/airflow/example_dags/example_xcomargs.py for tasks to queue
[2022-08-19 23:08:09,482] {logging_mixin.py:115} INFO - [2022-08-19 23:08:09,482] {dagbag.py:508} INFO - Filling up the DagBag from /home/airflow/.local/lib/python3.7/site-packages/airflow/example_dags/example_xcomargs.py
[2022-08-19 23:08:09,509] {processor.py:651} INFO - DAG(s) dict_keys(['example_xcom_args', 'example_xcom_args_with_operators']) retrieved from /home/airflow/.local/lib/python3.7/site-packages/airflow/example_dags/example_xcomargs.py
[2022-08-19 23:08:09,595] {logging_mixin.py:115} INFO - [2022-08-19 23:08:09,595] {dag.py:2420} INFO - Sync 2 DAGs
[2022-08-19 23:08:09,613] {logging_mixin.py:115} INFO - [2022-08-19 23:08:09,613] {dag.py:2972} INFO - Setting next_dagrun for example_xcom_args to None, run_after=None
[2022-08-19 23:08:09,614] {logging_mixin.py:115} INFO - [2022-08-19 23:08:09,614] {dag.py:2972} INFO - Setting next_dagrun for example_xcom_args_with_operators to None, run_after=None
[2022-08-19 23:08:09,628] {processor.py:161} INFO - Processing /home/airflow/.local/lib/python3.7/site-packages/airflow/example_dags/example_xcomargs.py took 0.156 seconds
[2022-08-19 23:08:40,070] {processor.py:153} INFO - Started process (PID=2341) to work on /home/airflow/.local/lib/python3.7/site-packages/airflow/example_dags/example_xcomargs.py
[2022-08-19 23:08:40,072] {processor.py:641} INFO - Processing file /home/airflow/.local/lib/python3.7/site-packages/airflow/example_dags/example_xcomargs.py for tasks to queue
[2022-08-19 23:08:40,073] {logging_mixin.py:115} INFO - [2022-08-19 23:08:40,073] {dagbag.py:508} INFO - Filling up the DagBag from /home/airflow/.local/lib/python3.7/site-packages/airflow/example_dags/example_xcomargs.py
[2022-08-19 23:08:40,084] {processor.py:651} INFO - DAG(s) dict_keys(['example_xcom_args', 'example_xcom_args_with_operators']) retrieved from /home/airflow/.local/lib/python3.7/site-packages/airflow/example_dags/example_xcomargs.py
[2022-08-19 23:08:40,121] {logging_mixin.py:115} INFO - [2022-08-19 23:08:40,121] {dag.py:2420} INFO - Sync 2 DAGs
[2022-08-19 23:08:40,133] {logging_mixin.py:115} INFO - [2022-08-19 23:08:40,132] {dag.py:2972} INFO - Setting next_dagrun for example_xcom_args to None, run_after=None
[2022-08-19 23:08:40,134] {logging_mixin.py:115} INFO - [2022-08-19 23:08:40,134] {dag.py:2972} INFO - Setting next_dagrun for example_xcom_args_with_operators to None, run_after=None
[2022-08-19 23:08:40,142] {processor.py:161} INFO - Processing /home/airflow/.local/lib/python3.7/site-packages/airflow/example_dags/example_xcomargs.py took 0.074 seconds
[2022-08-19 23:09:10,327] {processor.py:153} INFO - Started process (PID=2466) to work on /home/airflow/.local/lib/python3.7/site-packages/airflow/example_dags/example_xcomargs.py
[2022-08-19 23:09:10,329] {processor.py:641} INFO - Processing file /home/airflow/.local/lib/python3.7/site-packages/airflow/example_dags/example_xcomargs.py for tasks to queue
[2022-08-19 23:09:10,334] {logging_mixin.py:115} INFO - [2022-08-19 23:09:10,334] {dagbag.py:508} INFO - Filling up the DagBag from /home/airflow/.local/lib/python3.7/site-packages/airflow/example_dags/example_xcomargs.py
[2022-08-19 23:09:10,381] {processor.py:651} INFO - DAG(s) dict_keys(['example_xcom_args', 'example_xcom_args_with_operators']) retrieved from /home/airflow/.local/lib/python3.7/site-packages/airflow/example_dags/example_xcomargs.py
[2022-08-19 23:09:10,512] {logging_mixin.py:115} INFO - [2022-08-19 23:09:10,512] {dag.py:2420} INFO - Sync 2 DAGs
[2022-08-19 23:09:10,539] {logging_mixin.py:115} INFO - [2022-08-19 23:09:10,539] {dag.py:2972} INFO - Setting next_dagrun for example_xcom_args to None, run_after=None
[2022-08-19 23:09:10,541] {logging_mixin.py:115} INFO - [2022-08-19 23:09:10,541] {dag.py:2972} INFO - Setting next_dagrun for example_xcom_args_with_operators to None, run_after=None
[2022-08-19 23:09:10,584] {processor.py:161} INFO - Processing /home/airflow/.local/lib/python3.7/site-packages/airflow/example_dags/example_xcomargs.py took 0.265 seconds
[2022-08-19 23:09:40,797] {processor.py:153} INFO - Started process (PID=2592) to work on /home/airflow/.local/lib/python3.7/site-packages/airflow/example_dags/example_xcomargs.py
[2022-08-19 23:09:40,800] {processor.py:641} INFO - Processing file /home/airflow/.local/lib/python3.7/site-packages/airflow/example_dags/example_xcomargs.py for tasks to queue
[2022-08-19 23:09:40,801] {logging_mixin.py:115} INFO - [2022-08-19 23:09:40,801] {dagbag.py:508} INFO - Filling up the DagBag from /home/airflow/.local/lib/python3.7/site-packages/airflow/example_dags/example_xcomargs.py
[2022-08-19 23:09:40,830] {processor.py:651} INFO - DAG(s) dict_keys(['example_xcom_args', 'example_xcom_args_with_operators']) retrieved from /home/airflow/.local/lib/python3.7/site-packages/airflow/example_dags/example_xcomargs.py
[2022-08-19 23:09:40,934] {logging_mixin.py:115} INFO - [2022-08-19 23:09:40,934] {dag.py:2420} INFO - Sync 2 DAGs
[2022-08-19 23:09:40,954] {logging_mixin.py:115} INFO - [2022-08-19 23:09:40,954] {dag.py:2972} INFO - Setting next_dagrun for example_xcom_args to None, run_after=None
[2022-08-19 23:09:40,967] {logging_mixin.py:115} INFO - [2022-08-19 23:09:40,967] {dag.py:2972} INFO - Setting next_dagrun for example_xcom_args_with_operators to None, run_after=None
[2022-08-19 23:09:40,983] {processor.py:161} INFO - Processing /home/airflow/.local/lib/python3.7/site-packages/airflow/example_dags/example_xcomargs.py took 0.189 seconds
[2022-08-19 23:10:11,029] {processor.py:153} INFO - Started process (PID=2724) to work on /home/airflow/.local/lib/python3.7/site-packages/airflow/example_dags/example_xcomargs.py
[2022-08-19 23:10:11,030] {processor.py:641} INFO - Processing file /home/airflow/.local/lib/python3.7/site-packages/airflow/example_dags/example_xcomargs.py for tasks to queue
[2022-08-19 23:10:11,033] {logging_mixin.py:115} INFO - [2022-08-19 23:10:11,032] {dagbag.py:508} INFO - Filling up the DagBag from /home/airflow/.local/lib/python3.7/site-packages/airflow/example_dags/example_xcomargs.py
[2022-08-19 23:10:11,059] {processor.py:651} INFO - DAG(s) dict_keys(['example_xcom_args', 'example_xcom_args_with_operators']) retrieved from /home/airflow/.local/lib/python3.7/site-packages/airflow/example_dags/example_xcomargs.py
[2022-08-19 23:10:11,091] {logging_mixin.py:115} INFO - [2022-08-19 23:10:11,091] {dag.py:2420} INFO - Sync 2 DAGs
[2022-08-19 23:10:11,112] {logging_mixin.py:115} INFO - [2022-08-19 23:10:11,111] {dag.py:2972} INFO - Setting next_dagrun for example_xcom_args to None, run_after=None
[2022-08-19 23:10:11,114] {logging_mixin.py:115} INFO - [2022-08-19 23:10:11,114] {dag.py:2972} INFO - Setting next_dagrun for example_xcom_args_with_operators to None, run_after=None
[2022-08-19 23:10:11,127] {processor.py:161} INFO - Processing /home/airflow/.local/lib/python3.7/site-packages/airflow/example_dags/example_xcomargs.py took 0.100 seconds
[2022-08-19 23:10:41,541] {processor.py:153} INFO - Started process (PID=2863) to work on /home/airflow/.local/lib/python3.7/site-packages/airflow/example_dags/example_xcomargs.py
[2022-08-19 23:10:41,542] {processor.py:641} INFO - Processing file /home/airflow/.local/lib/python3.7/site-packages/airflow/example_dags/example_xcomargs.py for tasks to queue
[2022-08-19 23:10:41,544] {logging_mixin.py:115} INFO - [2022-08-19 23:10:41,544] {dagbag.py:508} INFO - Filling up the DagBag from /home/airflow/.local/lib/python3.7/site-packages/airflow/example_dags/example_xcomargs.py
[2022-08-19 23:10:41,563] {processor.py:651} INFO - DAG(s) dict_keys(['example_xcom_args', 'example_xcom_args_with_operators']) retrieved from /home/airflow/.local/lib/python3.7/site-packages/airflow/example_dags/example_xcomargs.py
[2022-08-19 23:10:41,650] {logging_mixin.py:115} INFO - [2022-08-19 23:10:41,650] {dag.py:2420} INFO - Sync 2 DAGs
[2022-08-19 23:10:41,669] {logging_mixin.py:115} INFO - [2022-08-19 23:10:41,669] {dag.py:2972} INFO - Setting next_dagrun for example_xcom_args to None, run_after=None
[2022-08-19 23:10:41,671] {logging_mixin.py:115} INFO - [2022-08-19 23:10:41,671] {dag.py:2972} INFO - Setting next_dagrun for example_xcom_args_with_operators to None, run_after=None
[2022-08-19 23:10:41,686] {processor.py:161} INFO - Processing /home/airflow/.local/lib/python3.7/site-packages/airflow/example_dags/example_xcomargs.py took 0.148 seconds
[2022-08-19 23:11:11,711] {processor.py:153} INFO - Started process (PID=2969) to work on /home/airflow/.local/lib/python3.7/site-packages/airflow/example_dags/example_xcomargs.py
[2022-08-19 23:11:11,712] {processor.py:641} INFO - Processing file /home/airflow/.local/lib/python3.7/site-packages/airflow/example_dags/example_xcomargs.py for tasks to queue
[2022-08-19 23:11:11,713] {logging_mixin.py:115} INFO - [2022-08-19 23:11:11,713] {dagbag.py:508} INFO - Filling up the DagBag from /home/airflow/.local/lib/python3.7/site-packages/airflow/example_dags/example_xcomargs.py
[2022-08-19 23:11:11,725] {processor.py:651} INFO - DAG(s) dict_keys(['example_xcom_args', 'example_xcom_args_with_operators']) retrieved from /home/airflow/.local/lib/python3.7/site-packages/airflow/example_dags/example_xcomargs.py
[2022-08-19 23:11:11,761] {logging_mixin.py:115} INFO - [2022-08-19 23:11:11,761] {dag.py:2420} INFO - Sync 2 DAGs
[2022-08-19 23:11:11,772] {logging_mixin.py:115} INFO - [2022-08-19 23:11:11,772] {dag.py:2972} INFO - Setting next_dagrun for example_xcom_args to None, run_after=None
[2022-08-19 23:11:11,774] {logging_mixin.py:115} INFO - [2022-08-19 23:11:11,774] {dag.py:2972} INFO - Setting next_dagrun for example_xcom_args_with_operators to None, run_after=None
[2022-08-19 23:11:11,781] {processor.py:161} INFO - Processing /home/airflow/.local/lib/python3.7/site-packages/airflow/example_dags/example_xcomargs.py took 0.073 seconds
[2022-08-19 23:11:41,989] {processor.py:153} INFO - Started process (PID=3091) to work on /home/airflow/.local/lib/python3.7/site-packages/airflow/example_dags/example_xcomargs.py
[2022-08-19 23:11:41,991] {processor.py:641} INFO - Processing file /home/airflow/.local/lib/python3.7/site-packages/airflow/example_dags/example_xcomargs.py for tasks to queue
[2022-08-19 23:11:41,992] {logging_mixin.py:115} INFO - [2022-08-19 23:11:41,992] {dagbag.py:508} INFO - Filling up the DagBag from /home/airflow/.local/lib/python3.7/site-packages/airflow/example_dags/example_xcomargs.py
[2022-08-19 23:11:42,012] {processor.py:651} INFO - DAG(s) dict_keys(['example_xcom_args', 'example_xcom_args_with_operators']) retrieved from /home/airflow/.local/lib/python3.7/site-packages/airflow/example_dags/example_xcomargs.py
[2022-08-19 23:11:42,081] {logging_mixin.py:115} INFO - [2022-08-19 23:11:42,081] {dag.py:2420} INFO - Sync 2 DAGs
[2022-08-19 23:11:42,100] {logging_mixin.py:115} INFO - [2022-08-19 23:11:42,100] {dag.py:2972} INFO - Setting next_dagrun for example_xcom_args to None, run_after=None
[2022-08-19 23:11:42,102] {logging_mixin.py:115} INFO - [2022-08-19 23:11:42,102] {dag.py:2972} INFO - Setting next_dagrun for example_xcom_args_with_operators to None, run_after=None
[2022-08-19 23:11:42,128] {processor.py:161} INFO - Processing /home/airflow/.local/lib/python3.7/site-packages/airflow/example_dags/example_xcomargs.py took 0.141 seconds
[2022-08-19 23:12:12,431] {processor.py:153} INFO - Started process (PID=3226) to work on /home/airflow/.local/lib/python3.7/site-packages/airflow/example_dags/example_xcomargs.py
[2022-08-19 23:12:12,432] {processor.py:641} INFO - Processing file /home/airflow/.local/lib/python3.7/site-packages/airflow/example_dags/example_xcomargs.py for tasks to queue
[2022-08-19 23:12:12,433] {logging_mixin.py:115} INFO - [2022-08-19 23:12:12,433] {dagbag.py:508} INFO - Filling up the DagBag from /home/airflow/.local/lib/python3.7/site-packages/airflow/example_dags/example_xcomargs.py
[2022-08-19 23:12:12,444] {processor.py:651} INFO - DAG(s) dict_keys(['example_xcom_args', 'example_xcom_args_with_operators']) retrieved from /home/airflow/.local/lib/python3.7/site-packages/airflow/example_dags/example_xcomargs.py
[2022-08-19 23:12:12,485] {logging_mixin.py:115} INFO - [2022-08-19 23:12:12,484] {dag.py:2420} INFO - Sync 2 DAGs
[2022-08-19 23:12:12,497] {logging_mixin.py:115} INFO - [2022-08-19 23:12:12,497] {dag.py:2972} INFO - Setting next_dagrun for example_xcom_args to None, run_after=None
[2022-08-19 23:12:12,500] {logging_mixin.py:115} INFO - [2022-08-19 23:12:12,500] {dag.py:2972} INFO - Setting next_dagrun for example_xcom_args_with_operators to None, run_after=None
[2022-08-19 23:12:12,509] {processor.py:161} INFO - Processing /home/airflow/.local/lib/python3.7/site-packages/airflow/example_dags/example_xcomargs.py took 0.080 seconds
[2022-08-19 23:12:42,624] {processor.py:153} INFO - Started process (PID=3339) to work on /home/airflow/.local/lib/python3.7/site-packages/airflow/example_dags/example_xcomargs.py
[2022-08-19 23:12:42,625] {processor.py:641} INFO - Processing file /home/airflow/.local/lib/python3.7/site-packages/airflow/example_dags/example_xcomargs.py for tasks to queue
[2022-08-19 23:12:42,626] {logging_mixin.py:115} INFO - [2022-08-19 23:12:42,626] {dagbag.py:508} INFO - Filling up the DagBag from /home/airflow/.local/lib/python3.7/site-packages/airflow/example_dags/example_xcomargs.py
[2022-08-19 23:12:42,637] {processor.py:651} INFO - DAG(s) dict_keys(['example_xcom_args', 'example_xcom_args_with_operators']) retrieved from /home/airflow/.local/lib/python3.7/site-packages/airflow/example_dags/example_xcomargs.py
[2022-08-19 23:12:42,656] {logging_mixin.py:115} INFO - [2022-08-19 23:12:42,656] {dag.py:2420} INFO - Sync 2 DAGs
[2022-08-19 23:12:42,668] {logging_mixin.py:115} INFO - [2022-08-19 23:12:42,668] {dag.py:2972} INFO - Setting next_dagrun for example_xcom_args to None, run_after=None
[2022-08-19 23:12:42,669] {logging_mixin.py:115} INFO - [2022-08-19 23:12:42,668] {dag.py:2972} INFO - Setting next_dagrun for example_xcom_args_with_operators to None, run_after=None
[2022-08-19 23:12:42,675] {processor.py:161} INFO - Processing /home/airflow/.local/lib/python3.7/site-packages/airflow/example_dags/example_xcomargs.py took 0.054 seconds
[2022-08-19 23:13:13,023] {processor.py:153} INFO - Started process (PID=3472) to work on /home/airflow/.local/lib/python3.7/site-packages/airflow/example_dags/example_xcomargs.py
[2022-08-19 23:13:13,024] {processor.py:641} INFO - Processing file /home/airflow/.local/lib/python3.7/site-packages/airflow/example_dags/example_xcomargs.py for tasks to queue
[2022-08-19 23:13:13,025] {logging_mixin.py:115} INFO - [2022-08-19 23:13:13,025] {dagbag.py:508} INFO - Filling up the DagBag from /home/airflow/.local/lib/python3.7/site-packages/airflow/example_dags/example_xcomargs.py
[2022-08-19 23:13:13,047] {processor.py:651} INFO - DAG(s) dict_keys(['example_xcom_args', 'example_xcom_args_with_operators']) retrieved from /home/airflow/.local/lib/python3.7/site-packages/airflow/example_dags/example_xcomargs.py
[2022-08-19 23:13:13,182] {logging_mixin.py:115} INFO - [2022-08-19 23:13:13,182] {dag.py:2420} INFO - Sync 2 DAGs
[2022-08-19 23:13:13,214] {logging_mixin.py:115} INFO - [2022-08-19 23:13:13,214] {dag.py:2972} INFO - Setting next_dagrun for example_xcom_args to None, run_after=None
[2022-08-19 23:13:13,215] {logging_mixin.py:115} INFO - [2022-08-19 23:13:13,215] {dag.py:2972} INFO - Setting next_dagrun for example_xcom_args_with_operators to None, run_after=None
[2022-08-19 23:13:13,229] {processor.py:161} INFO - Processing /home/airflow/.local/lib/python3.7/site-packages/airflow/example_dags/example_xcomargs.py took 0.208 seconds
[2022-08-19 23:13:43,591] {processor.py:153} INFO - Started process (PID=3596) to work on /home/airflow/.local/lib/python3.7/site-packages/airflow/example_dags/example_xcomargs.py
[2022-08-19 23:13:43,592] {processor.py:641} INFO - Processing file /home/airflow/.local/lib/python3.7/site-packages/airflow/example_dags/example_xcomargs.py for tasks to queue
[2022-08-19 23:13:43,593] {logging_mixin.py:115} INFO - [2022-08-19 23:13:43,593] {dagbag.py:508} INFO - Filling up the DagBag from /home/airflow/.local/lib/python3.7/site-packages/airflow/example_dags/example_xcomargs.py
[2022-08-19 23:13:43,604] {processor.py:651} INFO - DAG(s) dict_keys(['example_xcom_args', 'example_xcom_args_with_operators']) retrieved from /home/airflow/.local/lib/python3.7/site-packages/airflow/example_dags/example_xcomargs.py
[2022-08-19 23:13:43,643] {logging_mixin.py:115} INFO - [2022-08-19 23:13:43,643] {dag.py:2420} INFO - Sync 2 DAGs
[2022-08-19 23:13:43,657] {logging_mixin.py:115} INFO - [2022-08-19 23:13:43,657] {dag.py:2972} INFO - Setting next_dagrun for example_xcom_args to None, run_after=None
[2022-08-19 23:13:43,658] {logging_mixin.py:115} INFO - [2022-08-19 23:13:43,658] {dag.py:2972} INFO - Setting next_dagrun for example_xcom_args_with_operators to None, run_after=None
[2022-08-19 23:13:43,669] {processor.py:161} INFO - Processing /home/airflow/.local/lib/python3.7/site-packages/airflow/example_dags/example_xcomargs.py took 0.080 seconds
[2022-08-19 23:14:14,031] {processor.py:153} INFO - Started process (PID=3732) to work on /home/airflow/.local/lib/python3.7/site-packages/airflow/example_dags/example_xcomargs.py
[2022-08-19 23:14:14,033] {processor.py:641} INFO - Processing file /home/airflow/.local/lib/python3.7/site-packages/airflow/example_dags/example_xcomargs.py for tasks to queue
[2022-08-19 23:14:14,037] {logging_mixin.py:115} INFO - [2022-08-19 23:14:14,037] {dagbag.py:508} INFO - Filling up the DagBag from /home/airflow/.local/lib/python3.7/site-packages/airflow/example_dags/example_xcomargs.py
[2022-08-19 23:14:14,057] {processor.py:651} INFO - DAG(s) dict_keys(['example_xcom_args', 'example_xcom_args_with_operators']) retrieved from /home/airflow/.local/lib/python3.7/site-packages/airflow/example_dags/example_xcomargs.py
[2022-08-19 23:14:14,096] {logging_mixin.py:115} INFO - [2022-08-19 23:14:14,096] {dag.py:2420} INFO - Sync 2 DAGs
[2022-08-19 23:14:14,116] {logging_mixin.py:115} INFO - [2022-08-19 23:14:14,116] {dag.py:2972} INFO - Setting next_dagrun for example_xcom_args to None, run_after=None
[2022-08-19 23:14:14,117] {logging_mixin.py:115} INFO - [2022-08-19 23:14:14,117] {dag.py:2972} INFO - Setting next_dagrun for example_xcom_args_with_operators to None, run_after=None
[2022-08-19 23:14:14,126] {processor.py:161} INFO - Processing /home/airflow/.local/lib/python3.7/site-packages/airflow/example_dags/example_xcomargs.py took 0.097 seconds
[2022-08-19 23:14:44,340] {processor.py:153} INFO - Started process (PID=3867) to work on /home/airflow/.local/lib/python3.7/site-packages/airflow/example_dags/example_xcomargs.py
[2022-08-19 23:14:44,343] {processor.py:641} INFO - Processing file /home/airflow/.local/lib/python3.7/site-packages/airflow/example_dags/example_xcomargs.py for tasks to queue
[2022-08-19 23:14:44,346] {logging_mixin.py:115} INFO - [2022-08-19 23:14:44,346] {dagbag.py:508} INFO - Filling up the DagBag from /home/airflow/.local/lib/python3.7/site-packages/airflow/example_dags/example_xcomargs.py
[2022-08-19 23:14:44,375] {processor.py:651} INFO - DAG(s) dict_keys(['example_xcom_args', 'example_xcom_args_with_operators']) retrieved from /home/airflow/.local/lib/python3.7/site-packages/airflow/example_dags/example_xcomargs.py
[2022-08-19 23:14:44,433] {logging_mixin.py:115} INFO - [2022-08-19 23:14:44,433] {dag.py:2420} INFO - Sync 2 DAGs
[2022-08-19 23:14:44,462] {logging_mixin.py:115} INFO - [2022-08-19 23:14:44,461] {dag.py:2972} INFO - Setting next_dagrun for example_xcom_args to None, run_after=None
[2022-08-19 23:14:44,463] {logging_mixin.py:115} INFO - [2022-08-19 23:14:44,462] {dag.py:2972} INFO - Setting next_dagrun for example_xcom_args_with_operators to None, run_after=None
[2022-08-19 23:14:44,482] {processor.py:161} INFO - Processing /home/airflow/.local/lib/python3.7/site-packages/airflow/example_dags/example_xcomargs.py took 0.148 seconds
[2022-08-19 23:15:14,597] {processor.py:153} INFO - Started process (PID=4001) to work on /home/airflow/.local/lib/python3.7/site-packages/airflow/example_dags/example_xcomargs.py
[2022-08-19 23:15:14,599] {processor.py:641} INFO - Processing file /home/airflow/.local/lib/python3.7/site-packages/airflow/example_dags/example_xcomargs.py for tasks to queue
[2022-08-19 23:15:14,600] {logging_mixin.py:115} INFO - [2022-08-19 23:15:14,600] {dagbag.py:508} INFO - Filling up the DagBag from /home/airflow/.local/lib/python3.7/site-packages/airflow/example_dags/example_xcomargs.py
[2022-08-19 23:15:14,613] {processor.py:651} INFO - DAG(s) dict_keys(['example_xcom_args', 'example_xcom_args_with_operators']) retrieved from /home/airflow/.local/lib/python3.7/site-packages/airflow/example_dags/example_xcomargs.py
[2022-08-19 23:15:14,659] {logging_mixin.py:115} INFO - [2022-08-19 23:15:14,659] {dag.py:2420} INFO - Sync 2 DAGs
[2022-08-19 23:15:14,672] {logging_mixin.py:115} INFO - [2022-08-19 23:15:14,672] {dag.py:2972} INFO - Setting next_dagrun for example_xcom_args to None, run_after=None
[2022-08-19 23:15:14,673] {logging_mixin.py:115} INFO - [2022-08-19 23:15:14,673] {dag.py:2972} INFO - Setting next_dagrun for example_xcom_args_with_operators to None, run_after=None
[2022-08-19 23:15:14,682] {processor.py:161} INFO - Processing /home/airflow/.local/lib/python3.7/site-packages/airflow/example_dags/example_xcomargs.py took 0.087 seconds
[2022-08-19 23:15:44,943] {processor.py:153} INFO - Started process (PID=4120) to work on /home/airflow/.local/lib/python3.7/site-packages/airflow/example_dags/example_xcomargs.py
[2022-08-19 23:15:44,944] {processor.py:641} INFO - Processing file /home/airflow/.local/lib/python3.7/site-packages/airflow/example_dags/example_xcomargs.py for tasks to queue
[2022-08-19 23:15:44,947] {logging_mixin.py:115} INFO - [2022-08-19 23:15:44,947] {dagbag.py:508} INFO - Filling up the DagBag from /home/airflow/.local/lib/python3.7/site-packages/airflow/example_dags/example_xcomargs.py
[2022-08-19 23:15:44,976] {processor.py:651} INFO - DAG(s) dict_keys(['example_xcom_args', 'example_xcom_args_with_operators']) retrieved from /home/airflow/.local/lib/python3.7/site-packages/airflow/example_dags/example_xcomargs.py
[2022-08-19 23:15:45,020] {logging_mixin.py:115} INFO - [2022-08-19 23:15:45,020] {dag.py:2420} INFO - Sync 2 DAGs
[2022-08-19 23:15:45,044] {logging_mixin.py:115} INFO - [2022-08-19 23:15:45,044] {dag.py:2972} INFO - Setting next_dagrun for example_xcom_args to None, run_after=None
[2022-08-19 23:15:45,048] {logging_mixin.py:115} INFO - [2022-08-19 23:15:45,047] {dag.py:2972} INFO - Setting next_dagrun for example_xcom_args_with_operators to None, run_after=None
[2022-08-19 23:15:45,074] {processor.py:161} INFO - Processing /home/airflow/.local/lib/python3.7/site-packages/airflow/example_dags/example_xcomargs.py took 0.133 seconds
[2022-08-19 23:16:15,857] {processor.py:153} INFO - Started process (PID=4268) to work on /home/airflow/.local/lib/python3.7/site-packages/airflow/example_dags/example_xcomargs.py
[2022-08-19 23:16:15,860] {processor.py:641} INFO - Processing file /home/airflow/.local/lib/python3.7/site-packages/airflow/example_dags/example_xcomargs.py for tasks to queue
[2022-08-19 23:16:15,862] {logging_mixin.py:115} INFO - [2022-08-19 23:16:15,861] {dagbag.py:508} INFO - Filling up the DagBag from /home/airflow/.local/lib/python3.7/site-packages/airflow/example_dags/example_xcomargs.py
[2022-08-19 23:16:15,880] {processor.py:651} INFO - DAG(s) dict_keys(['example_xcom_args', 'example_xcom_args_with_operators']) retrieved from /home/airflow/.local/lib/python3.7/site-packages/airflow/example_dags/example_xcomargs.py
[2022-08-19 23:16:15,908] {logging_mixin.py:115} INFO - [2022-08-19 23:16:15,907] {dag.py:2420} INFO - Sync 2 DAGs
[2022-08-19 23:16:15,929] {logging_mixin.py:115} INFO - [2022-08-19 23:16:15,929] {dag.py:2972} INFO - Setting next_dagrun for example_xcom_args to None, run_after=None
[2022-08-19 23:16:15,930] {logging_mixin.py:115} INFO - [2022-08-19 23:16:15,930] {dag.py:2972} INFO - Setting next_dagrun for example_xcom_args_with_operators to None, run_after=None
[2022-08-19 23:16:15,939] {processor.py:161} INFO - Processing /home/airflow/.local/lib/python3.7/site-packages/airflow/example_dags/example_xcomargs.py took 0.084 seconds
[2022-08-19 23:16:46,106] {processor.py:153} INFO - Started process (PID=4386) to work on /home/airflow/.local/lib/python3.7/site-packages/airflow/example_dags/example_xcomargs.py
[2022-08-19 23:16:46,107] {processor.py:641} INFO - Processing file /home/airflow/.local/lib/python3.7/site-packages/airflow/example_dags/example_xcomargs.py for tasks to queue
[2022-08-19 23:16:46,109] {logging_mixin.py:115} INFO - [2022-08-19 23:16:46,108] {dagbag.py:508} INFO - Filling up the DagBag from /home/airflow/.local/lib/python3.7/site-packages/airflow/example_dags/example_xcomargs.py
[2022-08-19 23:16:46,120] {processor.py:651} INFO - DAG(s) dict_keys(['example_xcom_args', 'example_xcom_args_with_operators']) retrieved from /home/airflow/.local/lib/python3.7/site-packages/airflow/example_dags/example_xcomargs.py
[2022-08-19 23:16:46,138] {logging_mixin.py:115} INFO - [2022-08-19 23:16:46,138] {dag.py:2420} INFO - Sync 2 DAGs
[2022-08-19 23:16:46,152] {logging_mixin.py:115} INFO - [2022-08-19 23:16:46,152] {dag.py:2972} INFO - Setting next_dagrun for example_xcom_args to None, run_after=None
[2022-08-19 23:16:46,152] {logging_mixin.py:115} INFO - [2022-08-19 23:16:46,152] {dag.py:2972} INFO - Setting next_dagrun for example_xcom_args_with_operators to None, run_after=None
[2022-08-19 23:16:46,161] {processor.py:161} INFO - Processing /home/airflow/.local/lib/python3.7/site-packages/airflow/example_dags/example_xcomargs.py took 0.057 seconds
[2022-08-19 23:17:16,714] {processor.py:153} INFO - Started process (PID=4529) to work on /home/airflow/.local/lib/python3.7/site-packages/airflow/example_dags/example_xcomargs.py
[2022-08-19 23:17:16,715] {processor.py:641} INFO - Processing file /home/airflow/.local/lib/python3.7/site-packages/airflow/example_dags/example_xcomargs.py for tasks to queue
[2022-08-19 23:17:16,716] {logging_mixin.py:115} INFO - [2022-08-19 23:17:16,716] {dagbag.py:508} INFO - Filling up the DagBag from /home/airflow/.local/lib/python3.7/site-packages/airflow/example_dags/example_xcomargs.py
[2022-08-19 23:17:16,737] {processor.py:651} INFO - DAG(s) dict_keys(['example_xcom_args', 'example_xcom_args_with_operators']) retrieved from /home/airflow/.local/lib/python3.7/site-packages/airflow/example_dags/example_xcomargs.py
[2022-08-19 23:17:16,798] {logging_mixin.py:115} INFO - [2022-08-19 23:17:16,798] {dag.py:2420} INFO - Sync 2 DAGs
[2022-08-19 23:17:16,834] {logging_mixin.py:115} INFO - [2022-08-19 23:17:16,834] {dag.py:2972} INFO - Setting next_dagrun for example_xcom_args to None, run_after=None
[2022-08-19 23:17:16,835] {logging_mixin.py:115} INFO - [2022-08-19 23:17:16,835] {dag.py:2972} INFO - Setting next_dagrun for example_xcom_args_with_operators to None, run_after=None
[2022-08-19 23:17:16,858] {processor.py:161} INFO - Processing /home/airflow/.local/lib/python3.7/site-packages/airflow/example_dags/example_xcomargs.py took 0.147 seconds
[2022-08-19 23:17:47,237] {processor.py:153} INFO - Started process (PID=4661) to work on /home/airflow/.local/lib/python3.7/site-packages/airflow/example_dags/example_xcomargs.py
[2022-08-19 23:17:47,241] {processor.py:641} INFO - Processing file /home/airflow/.local/lib/python3.7/site-packages/airflow/example_dags/example_xcomargs.py for tasks to queue
[2022-08-19 23:17:47,242] {logging_mixin.py:115} INFO - [2022-08-19 23:17:47,242] {dagbag.py:508} INFO - Filling up the DagBag from /home/airflow/.local/lib/python3.7/site-packages/airflow/example_dags/example_xcomargs.py
[2022-08-19 23:17:47,261] {processor.py:651} INFO - DAG(s) dict_keys(['example_xcom_args', 'example_xcom_args_with_operators']) retrieved from /home/airflow/.local/lib/python3.7/site-packages/airflow/example_dags/example_xcomargs.py
[2022-08-19 23:17:47,325] {logging_mixin.py:115} INFO - [2022-08-19 23:17:47,325] {dag.py:2420} INFO - Sync 2 DAGs
[2022-08-19 23:17:47,348] {logging_mixin.py:115} INFO - [2022-08-19 23:17:47,348] {dag.py:2972} INFO - Setting next_dagrun for example_xcom_args to None, run_after=None
[2022-08-19 23:17:47,350] {logging_mixin.py:115} INFO - [2022-08-19 23:17:47,350] {dag.py:2972} INFO - Setting next_dagrun for example_xcom_args_with_operators to None, run_after=None
[2022-08-19 23:17:47,361] {processor.py:161} INFO - Processing /home/airflow/.local/lib/python3.7/site-packages/airflow/example_dags/example_xcomargs.py took 0.127 seconds
[2022-08-19 23:18:17,449] {processor.py:153} INFO - Started process (PID=4797) to work on /home/airflow/.local/lib/python3.7/site-packages/airflow/example_dags/example_xcomargs.py
[2022-08-19 23:18:17,450] {processor.py:641} INFO - Processing file /home/airflow/.local/lib/python3.7/site-packages/airflow/example_dags/example_xcomargs.py for tasks to queue
[2022-08-19 23:18:17,452] {logging_mixin.py:115} INFO - [2022-08-19 23:18:17,452] {dagbag.py:508} INFO - Filling up the DagBag from /home/airflow/.local/lib/python3.7/site-packages/airflow/example_dags/example_xcomargs.py
[2022-08-19 23:18:17,480] {processor.py:651} INFO - DAG(s) dict_keys(['example_xcom_args', 'example_xcom_args_with_operators']) retrieved from /home/airflow/.local/lib/python3.7/site-packages/airflow/example_dags/example_xcomargs.py
[2022-08-19 23:18:17,576] {logging_mixin.py:115} INFO - [2022-08-19 23:18:17,576] {dag.py:2420} INFO - Sync 2 DAGs
[2022-08-19 23:18:17,597] {logging_mixin.py:115} INFO - [2022-08-19 23:18:17,597] {dag.py:2972} INFO - Setting next_dagrun for example_xcom_args to None, run_after=None
[2022-08-19 23:18:17,598] {logging_mixin.py:115} INFO - [2022-08-19 23:18:17,598] {dag.py:2972} INFO - Setting next_dagrun for example_xcom_args_with_operators to None, run_after=None
[2022-08-19 23:18:17,623] {processor.py:161} INFO - Processing /home/airflow/.local/lib/python3.7/site-packages/airflow/example_dags/example_xcomargs.py took 0.179 seconds
[2022-08-19 23:18:48,443] {processor.py:153} INFO - Started process (PID=4920) to work on /home/airflow/.local/lib/python3.7/site-packages/airflow/example_dags/example_xcomargs.py
[2022-08-19 23:18:48,445] {processor.py:641} INFO - Processing file /home/airflow/.local/lib/python3.7/site-packages/airflow/example_dags/example_xcomargs.py for tasks to queue
[2022-08-19 23:18:48,447] {logging_mixin.py:115} INFO - [2022-08-19 23:18:48,447] {dagbag.py:508} INFO - Filling up the DagBag from /home/airflow/.local/lib/python3.7/site-packages/airflow/example_dags/example_xcomargs.py
[2022-08-19 23:18:48,497] {processor.py:651} INFO - DAG(s) dict_keys(['example_xcom_args', 'example_xcom_args_with_operators']) retrieved from /home/airflow/.local/lib/python3.7/site-packages/airflow/example_dags/example_xcomargs.py
[2022-08-19 23:18:48,612] {logging_mixin.py:115} INFO - [2022-08-19 23:18:48,611] {dag.py:2420} INFO - Sync 2 DAGs
[2022-08-19 23:18:48,643] {logging_mixin.py:115} INFO - [2022-08-19 23:18:48,643] {dag.py:2972} INFO - Setting next_dagrun for example_xcom_args to None, run_after=None
[2022-08-19 23:18:48,645] {logging_mixin.py:115} INFO - [2022-08-19 23:18:48,644] {dag.py:2972} INFO - Setting next_dagrun for example_xcom_args_with_operators to None, run_after=None
[2022-08-19 23:18:48,673] {processor.py:161} INFO - Processing /home/airflow/.local/lib/python3.7/site-packages/airflow/example_dags/example_xcomargs.py took 0.234 seconds
[2022-08-19 23:19:18,839] {processor.py:153} INFO - Started process (PID=5058) to work on /home/airflow/.local/lib/python3.7/site-packages/airflow/example_dags/example_xcomargs.py
[2022-08-19 23:19:18,841] {processor.py:641} INFO - Processing file /home/airflow/.local/lib/python3.7/site-packages/airflow/example_dags/example_xcomargs.py for tasks to queue
[2022-08-19 23:19:18,844] {logging_mixin.py:115} INFO - [2022-08-19 23:19:18,843] {dagbag.py:508} INFO - Filling up the DagBag from /home/airflow/.local/lib/python3.7/site-packages/airflow/example_dags/example_xcomargs.py
[2022-08-19 23:19:18,868] {processor.py:651} INFO - DAG(s) dict_keys(['example_xcom_args', 'example_xcom_args_with_operators']) retrieved from /home/airflow/.local/lib/python3.7/site-packages/airflow/example_dags/example_xcomargs.py
[2022-08-19 23:19:18,909] {logging_mixin.py:115} INFO - [2022-08-19 23:19:18,909] {dag.py:2420} INFO - Sync 2 DAGs
[2022-08-19 23:19:18,934] {logging_mixin.py:115} INFO - [2022-08-19 23:19:18,934] {dag.py:2972} INFO - Setting next_dagrun for example_xcom_args to None, run_after=None
[2022-08-19 23:19:18,936] {logging_mixin.py:115} INFO - [2022-08-19 23:19:18,936] {dag.py:2972} INFO - Setting next_dagrun for example_xcom_args_with_operators to None, run_after=None
[2022-08-19 23:19:18,948] {processor.py:161} INFO - Processing /home/airflow/.local/lib/python3.7/site-packages/airflow/example_dags/example_xcomargs.py took 0.112 seconds
[2022-08-19 23:19:49,095] {processor.py:153} INFO - Started process (PID=5198) to work on /home/airflow/.local/lib/python3.7/site-packages/airflow/example_dags/example_xcomargs.py
[2022-08-19 23:19:49,098] {processor.py:641} INFO - Processing file /home/airflow/.local/lib/python3.7/site-packages/airflow/example_dags/example_xcomargs.py for tasks to queue
[2022-08-19 23:19:49,100] {logging_mixin.py:115} INFO - [2022-08-19 23:19:49,100] {dagbag.py:508} INFO - Filling up the DagBag from /home/airflow/.local/lib/python3.7/site-packages/airflow/example_dags/example_xcomargs.py
[2022-08-19 23:19:49,129] {processor.py:651} INFO - DAG(s) dict_keys(['example_xcom_args', 'example_xcom_args_with_operators']) retrieved from /home/airflow/.local/lib/python3.7/site-packages/airflow/example_dags/example_xcomargs.py
[2022-08-19 23:19:49,176] {logging_mixin.py:115} INFO - [2022-08-19 23:19:49,176] {dag.py:2420} INFO - Sync 2 DAGs
[2022-08-19 23:19:49,197] {logging_mixin.py:115} INFO - [2022-08-19 23:19:49,197] {dag.py:2972} INFO - Setting next_dagrun for example_xcom_args to None, run_after=None
[2022-08-19 23:19:49,198] {logging_mixin.py:115} INFO - [2022-08-19 23:19:49,198] {dag.py:2972} INFO - Setting next_dagrun for example_xcom_args_with_operators to None, run_after=None
[2022-08-19 23:19:49,210] {processor.py:161} INFO - Processing /home/airflow/.local/lib/python3.7/site-packages/airflow/example_dags/example_xcomargs.py took 0.118 seconds
[2022-08-19 23:20:19,565] {processor.py:153} INFO - Started process (PID=5315) to work on /home/airflow/.local/lib/python3.7/site-packages/airflow/example_dags/example_xcomargs.py
[2022-08-19 23:20:19,566] {processor.py:641} INFO - Processing file /home/airflow/.local/lib/python3.7/site-packages/airflow/example_dags/example_xcomargs.py for tasks to queue
[2022-08-19 23:20:19,568] {logging_mixin.py:115} INFO - [2022-08-19 23:20:19,568] {dagbag.py:508} INFO - Filling up the DagBag from /home/airflow/.local/lib/python3.7/site-packages/airflow/example_dags/example_xcomargs.py
[2022-08-19 23:20:19,595] {processor.py:651} INFO - DAG(s) dict_keys(['example_xcom_args', 'example_xcom_args_with_operators']) retrieved from /home/airflow/.local/lib/python3.7/site-packages/airflow/example_dags/example_xcomargs.py
[2022-08-19 23:20:19,650] {logging_mixin.py:115} INFO - [2022-08-19 23:20:19,650] {dag.py:2420} INFO - Sync 2 DAGs
[2022-08-19 23:20:19,685] {logging_mixin.py:115} INFO - [2022-08-19 23:20:19,685] {dag.py:2972} INFO - Setting next_dagrun for example_xcom_args to None, run_after=None
[2022-08-19 23:20:19,686] {logging_mixin.py:115} INFO - [2022-08-19 23:20:19,686] {dag.py:2972} INFO - Setting next_dagrun for example_xcom_args_with_operators to None, run_after=None
[2022-08-19 23:20:19,727] {processor.py:161} INFO - Processing /home/airflow/.local/lib/python3.7/site-packages/airflow/example_dags/example_xcomargs.py took 0.166 seconds
[2022-08-19 23:20:50,185] {processor.py:153} INFO - Started process (PID=5432) to work on /home/airflow/.local/lib/python3.7/site-packages/airflow/example_dags/example_xcomargs.py
[2022-08-19 23:20:50,187] {processor.py:641} INFO - Processing file /home/airflow/.local/lib/python3.7/site-packages/airflow/example_dags/example_xcomargs.py for tasks to queue
[2022-08-19 23:20:50,188] {logging_mixin.py:115} INFO - [2022-08-19 23:20:50,188] {dagbag.py:508} INFO - Filling up the DagBag from /home/airflow/.local/lib/python3.7/site-packages/airflow/example_dags/example_xcomargs.py
[2022-08-19 23:20:50,208] {processor.py:651} INFO - DAG(s) dict_keys(['example_xcom_args', 'example_xcom_args_with_operators']) retrieved from /home/airflow/.local/lib/python3.7/site-packages/airflow/example_dags/example_xcomargs.py
[2022-08-19 23:20:50,242] {logging_mixin.py:115} INFO - [2022-08-19 23:20:50,242] {dag.py:2420} INFO - Sync 2 DAGs
[2022-08-19 23:20:50,269] {logging_mixin.py:115} INFO - [2022-08-19 23:20:50,269] {dag.py:2972} INFO - Setting next_dagrun for example_xcom_args to None, run_after=None
[2022-08-19 23:20:50,270] {logging_mixin.py:115} INFO - [2022-08-19 23:20:50,270] {dag.py:2972} INFO - Setting next_dagrun for example_xcom_args_with_operators to None, run_after=None
[2022-08-19 23:20:50,283] {processor.py:161} INFO - Processing /home/airflow/.local/lib/python3.7/site-packages/airflow/example_dags/example_xcomargs.py took 0.101 seconds
[2022-08-19 23:21:20,541] {processor.py:153} INFO - Started process (PID=5562) to work on /home/airflow/.local/lib/python3.7/site-packages/airflow/example_dags/example_xcomargs.py
[2022-08-19 23:21:20,544] {processor.py:641} INFO - Processing file /home/airflow/.local/lib/python3.7/site-packages/airflow/example_dags/example_xcomargs.py for tasks to queue
[2022-08-19 23:21:20,545] {logging_mixin.py:115} INFO - [2022-08-19 23:21:20,545] {dagbag.py:508} INFO - Filling up the DagBag from /home/airflow/.local/lib/python3.7/site-packages/airflow/example_dags/example_xcomargs.py
[2022-08-19 23:21:20,562] {processor.py:651} INFO - DAG(s) dict_keys(['example_xcom_args', 'example_xcom_args_with_operators']) retrieved from /home/airflow/.local/lib/python3.7/site-packages/airflow/example_dags/example_xcomargs.py
[2022-08-19 23:21:20,609] {logging_mixin.py:115} INFO - [2022-08-19 23:21:20,608] {dag.py:2420} INFO - Sync 2 DAGs
[2022-08-19 23:21:20,646] {logging_mixin.py:115} INFO - [2022-08-19 23:21:20,646] {dag.py:2972} INFO - Setting next_dagrun for example_xcom_args to None, run_after=None
[2022-08-19 23:21:20,648] {logging_mixin.py:115} INFO - [2022-08-19 23:21:20,647] {dag.py:2972} INFO - Setting next_dagrun for example_xcom_args_with_operators to None, run_after=None
[2022-08-19 23:21:20,670] {processor.py:161} INFO - Processing /home/airflow/.local/lib/python3.7/site-packages/airflow/example_dags/example_xcomargs.py took 0.132 seconds
[2022-08-19 23:21:50,710] {processor.py:153} INFO - Started process (PID=5682) to work on /home/airflow/.local/lib/python3.7/site-packages/airflow/example_dags/example_xcomargs.py
[2022-08-19 23:21:50,711] {processor.py:641} INFO - Processing file /home/airflow/.local/lib/python3.7/site-packages/airflow/example_dags/example_xcomargs.py for tasks to queue
[2022-08-19 23:21:50,713] {logging_mixin.py:115} INFO - [2022-08-19 23:21:50,713] {dagbag.py:508} INFO - Filling up the DagBag from /home/airflow/.local/lib/python3.7/site-packages/airflow/example_dags/example_xcomargs.py
[2022-08-19 23:21:50,724] {processor.py:651} INFO - DAG(s) dict_keys(['example_xcom_args', 'example_xcom_args_with_operators']) retrieved from /home/airflow/.local/lib/python3.7/site-packages/airflow/example_dags/example_xcomargs.py
[2022-08-19 23:21:50,765] {logging_mixin.py:115} INFO - [2022-08-19 23:21:50,765] {dag.py:2420} INFO - Sync 2 DAGs
[2022-08-19 23:21:50,775] {logging_mixin.py:115} INFO - [2022-08-19 23:21:50,775] {dag.py:2972} INFO - Setting next_dagrun for example_xcom_args to None, run_after=None
[2022-08-19 23:21:50,777] {logging_mixin.py:115} INFO - [2022-08-19 23:21:50,777] {dag.py:2972} INFO - Setting next_dagrun for example_xcom_args_with_operators to None, run_after=None
[2022-08-19 23:21:50,785] {processor.py:161} INFO - Processing /home/airflow/.local/lib/python3.7/site-packages/airflow/example_dags/example_xcomargs.py took 0.077 seconds
[2022-08-19 23:22:21,307] {processor.py:153} INFO - Started process (PID=5744) to work on /home/airflow/.local/lib/python3.7/site-packages/airflow/example_dags/example_xcomargs.py
[2022-08-19 23:22:21,310] {processor.py:641} INFO - Processing file /home/airflow/.local/lib/python3.7/site-packages/airflow/example_dags/example_xcomargs.py for tasks to queue
[2022-08-19 23:22:21,311] {logging_mixin.py:115} INFO - [2022-08-19 23:22:21,311] {dagbag.py:508} INFO - Filling up the DagBag from /home/airflow/.local/lib/python3.7/site-packages/airflow/example_dags/example_xcomargs.py
[2022-08-19 23:22:21,325] {processor.py:651} INFO - DAG(s) dict_keys(['example_xcom_args', 'example_xcom_args_with_operators']) retrieved from /home/airflow/.local/lib/python3.7/site-packages/airflow/example_dags/example_xcomargs.py
[2022-08-19 23:22:21,369] {logging_mixin.py:115} INFO - [2022-08-19 23:22:21,369] {dag.py:2420} INFO - Sync 2 DAGs
[2022-08-19 23:22:21,382] {logging_mixin.py:115} INFO - [2022-08-19 23:22:21,382] {dag.py:2972} INFO - Setting next_dagrun for example_xcom_args to None, run_after=None
[2022-08-19 23:22:21,383] {logging_mixin.py:115} INFO - [2022-08-19 23:22:21,383] {dag.py:2972} INFO - Setting next_dagrun for example_xcom_args_with_operators to None, run_after=None
[2022-08-19 23:22:21,392] {processor.py:161} INFO - Processing /home/airflow/.local/lib/python3.7/site-packages/airflow/example_dags/example_xcomargs.py took 0.087 seconds
[2022-08-19 23:22:51,902] {processor.py:153} INFO - Started process (PID=5814) to work on /home/airflow/.local/lib/python3.7/site-packages/airflow/example_dags/example_xcomargs.py
[2022-08-19 23:22:51,903] {processor.py:641} INFO - Processing file /home/airflow/.local/lib/python3.7/site-packages/airflow/example_dags/example_xcomargs.py for tasks to queue
[2022-08-19 23:22:51,904] {logging_mixin.py:115} INFO - [2022-08-19 23:22:51,904] {dagbag.py:508} INFO - Filling up the DagBag from /home/airflow/.local/lib/python3.7/site-packages/airflow/example_dags/example_xcomargs.py
[2022-08-19 23:22:51,918] {processor.py:651} INFO - DAG(s) dict_keys(['example_xcom_args', 'example_xcom_args_with_operators']) retrieved from /home/airflow/.local/lib/python3.7/site-packages/airflow/example_dags/example_xcomargs.py
[2022-08-19 23:22:51,960] {logging_mixin.py:115} INFO - [2022-08-19 23:22:51,960] {dag.py:2420} INFO - Sync 2 DAGs
[2022-08-19 23:22:51,970] {logging_mixin.py:115} INFO - [2022-08-19 23:22:51,970] {dag.py:2972} INFO - Setting next_dagrun for example_xcom_args to None, run_after=None
[2022-08-19 23:22:51,971] {logging_mixin.py:115} INFO - [2022-08-19 23:22:51,971] {dag.py:2972} INFO - Setting next_dagrun for example_xcom_args_with_operators to None, run_after=None
[2022-08-19 23:22:51,979] {processor.py:161} INFO - Processing /home/airflow/.local/lib/python3.7/site-packages/airflow/example_dags/example_xcomargs.py took 0.080 seconds
[2022-08-19 23:23:22,369] {processor.py:153} INFO - Started process (PID=5885) to work on /home/airflow/.local/lib/python3.7/site-packages/airflow/example_dags/example_xcomargs.py
[2022-08-19 23:23:22,370] {processor.py:641} INFO - Processing file /home/airflow/.local/lib/python3.7/site-packages/airflow/example_dags/example_xcomargs.py for tasks to queue
[2022-08-19 23:23:22,372] {logging_mixin.py:115} INFO - [2022-08-19 23:23:22,372] {dagbag.py:508} INFO - Filling up the DagBag from /home/airflow/.local/lib/python3.7/site-packages/airflow/example_dags/example_xcomargs.py
[2022-08-19 23:23:22,383] {processor.py:651} INFO - DAG(s) dict_keys(['example_xcom_args', 'example_xcom_args_with_operators']) retrieved from /home/airflow/.local/lib/python3.7/site-packages/airflow/example_dags/example_xcomargs.py
[2022-08-19 23:23:22,403] {logging_mixin.py:115} INFO - [2022-08-19 23:23:22,403] {dag.py:2420} INFO - Sync 2 DAGs
[2022-08-19 23:23:22,417] {logging_mixin.py:115} INFO - [2022-08-19 23:23:22,416] {dag.py:2972} INFO - Setting next_dagrun for example_xcom_args to None, run_after=None
[2022-08-19 23:23:22,417] {logging_mixin.py:115} INFO - [2022-08-19 23:23:22,417] {dag.py:2972} INFO - Setting next_dagrun for example_xcom_args_with_operators to None, run_after=None
[2022-08-19 23:23:22,426] {processor.py:161} INFO - Processing /home/airflow/.local/lib/python3.7/site-packages/airflow/example_dags/example_xcomargs.py took 0.060 seconds
[2022-08-19 23:23:52,986] {processor.py:153} INFO - Started process (PID=5951) to work on /home/airflow/.local/lib/python3.7/site-packages/airflow/example_dags/example_xcomargs.py
[2022-08-19 23:23:52,988] {processor.py:641} INFO - Processing file /home/airflow/.local/lib/python3.7/site-packages/airflow/example_dags/example_xcomargs.py for tasks to queue
[2022-08-19 23:23:52,989] {logging_mixin.py:115} INFO - [2022-08-19 23:23:52,988] {dagbag.py:508} INFO - Filling up the DagBag from /home/airflow/.local/lib/python3.7/site-packages/airflow/example_dags/example_xcomargs.py
[2022-08-19 23:23:53,000] {processor.py:651} INFO - DAG(s) dict_keys(['example_xcom_args', 'example_xcom_args_with_operators']) retrieved from /home/airflow/.local/lib/python3.7/site-packages/airflow/example_dags/example_xcomargs.py
[2022-08-19 23:23:53,042] {logging_mixin.py:115} INFO - [2022-08-19 23:23:53,042] {dag.py:2420} INFO - Sync 2 DAGs
[2022-08-19 23:23:53,054] {logging_mixin.py:115} INFO - [2022-08-19 23:23:53,054] {dag.py:2972} INFO - Setting next_dagrun for example_xcom_args to None, run_after=None
[2022-08-19 23:23:53,056] {logging_mixin.py:115} INFO - [2022-08-19 23:23:53,055] {dag.py:2972} INFO - Setting next_dagrun for example_xcom_args_with_operators to None, run_after=None
[2022-08-19 23:23:53,065] {processor.py:161} INFO - Processing /home/airflow/.local/lib/python3.7/site-packages/airflow/example_dags/example_xcomargs.py took 0.081 seconds
[2022-08-19 23:24:23,349] {processor.py:153} INFO - Started process (PID=6018) to work on /home/airflow/.local/lib/python3.7/site-packages/airflow/example_dags/example_xcomargs.py
[2022-08-19 23:24:23,351] {processor.py:641} INFO - Processing file /home/airflow/.local/lib/python3.7/site-packages/airflow/example_dags/example_xcomargs.py for tasks to queue
[2022-08-19 23:24:23,352] {logging_mixin.py:115} INFO - [2022-08-19 23:24:23,352] {dagbag.py:508} INFO - Filling up the DagBag from /home/airflow/.local/lib/python3.7/site-packages/airflow/example_dags/example_xcomargs.py
[2022-08-19 23:24:23,363] {processor.py:651} INFO - DAG(s) dict_keys(['example_xcom_args', 'example_xcom_args_with_operators']) retrieved from /home/airflow/.local/lib/python3.7/site-packages/airflow/example_dags/example_xcomargs.py
[2022-08-19 23:24:23,384] {logging_mixin.py:115} INFO - [2022-08-19 23:24:23,384] {dag.py:2420} INFO - Sync 2 DAGs
[2022-08-19 23:24:23,402] {logging_mixin.py:115} INFO - [2022-08-19 23:24:23,402] {dag.py:2972} INFO - Setting next_dagrun for example_xcom_args to None, run_after=None
[2022-08-19 23:24:23,403] {logging_mixin.py:115} INFO - [2022-08-19 23:24:23,403] {dag.py:2972} INFO - Setting next_dagrun for example_xcom_args_with_operators to None, run_after=None
[2022-08-19 23:24:23,411] {processor.py:161} INFO - Processing /home/airflow/.local/lib/python3.7/site-packages/airflow/example_dags/example_xcomargs.py took 0.064 seconds
[2022-08-19 23:24:53,807] {processor.py:153} INFO - Started process (PID=6087) to work on /home/airflow/.local/lib/python3.7/site-packages/airflow/example_dags/example_xcomargs.py
[2022-08-19 23:24:53,808] {processor.py:641} INFO - Processing file /home/airflow/.local/lib/python3.7/site-packages/airflow/example_dags/example_xcomargs.py for tasks to queue
[2022-08-19 23:24:53,809] {logging_mixin.py:115} INFO - [2022-08-19 23:24:53,809] {dagbag.py:508} INFO - Filling up the DagBag from /home/airflow/.local/lib/python3.7/site-packages/airflow/example_dags/example_xcomargs.py
[2022-08-19 23:24:53,820] {processor.py:651} INFO - DAG(s) dict_keys(['example_xcom_args', 'example_xcom_args_with_operators']) retrieved from /home/airflow/.local/lib/python3.7/site-packages/airflow/example_dags/example_xcomargs.py
[2022-08-19 23:24:53,861] {logging_mixin.py:115} INFO - [2022-08-19 23:24:53,861] {dag.py:2420} INFO - Sync 2 DAGs
[2022-08-19 23:24:53,874] {logging_mixin.py:115} INFO - [2022-08-19 23:24:53,874] {dag.py:2972} INFO - Setting next_dagrun for example_xcom_args to None, run_after=None
[2022-08-19 23:24:53,876] {logging_mixin.py:115} INFO - [2022-08-19 23:24:53,875] {dag.py:2972} INFO - Setting next_dagrun for example_xcom_args_with_operators to None, run_after=None
[2022-08-19 23:24:53,883] {processor.py:161} INFO - Processing /home/airflow/.local/lib/python3.7/site-packages/airflow/example_dags/example_xcomargs.py took 0.079 seconds
