[2022-08-19 22:31:44,469] {processor.py:153} INFO - Started process (PID=43) to work on /home/airflow/.local/lib/python3.7/site-packages/airflow/example_dags/example_python_operator.py
[2022-08-19 22:31:44,471] {processor.py:641} INFO - Processing file /home/airflow/.local/lib/python3.7/site-packages/airflow/example_dags/example_python_operator.py for tasks to queue
[2022-08-19 22:31:44,472] {logging_mixin.py:115} INFO - [2022-08-19 22:31:44,472] {dagbag.py:508} INFO - Filling up the DagBag from /home/airflow/.local/lib/python3.7/site-packages/airflow/example_dags/example_python_operator.py
[2022-08-19 22:31:44,491] {processor.py:651} INFO - DAG(s) dict_keys(['example_python_operator']) retrieved from /home/airflow/.local/lib/python3.7/site-packages/airflow/example_dags/example_python_operator.py
[2022-08-19 22:31:44,569] {logging_mixin.py:115} INFO - [2022-08-19 22:31:44,569] {manager.py:508} INFO - Created Permission View: can delete on DAG:example_python_operator
[2022-08-19 22:31:44,579] {logging_mixin.py:115} INFO - [2022-08-19 22:31:44,579] {manager.py:508} INFO - Created Permission View: can read on DAG:example_python_operator
[2022-08-19 22:31:44,592] {logging_mixin.py:115} INFO - [2022-08-19 22:31:44,592] {manager.py:508} INFO - Created Permission View: can edit on DAG:example_python_operator
[2022-08-19 22:31:44,593] {logging_mixin.py:115} INFO - [2022-08-19 22:31:44,593] {dag.py:2420} INFO - Sync 1 DAGs
[2022-08-19 22:31:44,602] {logging_mixin.py:115} INFO - [2022-08-19 22:31:44,602] {dag.py:2439} INFO - Creating ORM DAG for example_python_operator
[2022-08-19 22:31:44,610] {logging_mixin.py:115} INFO - [2022-08-19 22:31:44,610] {dag.py:2972} INFO - Setting next_dagrun for example_python_operator to None, run_after=None
[2022-08-19 22:31:44,620] {processor.py:161} INFO - Processing /home/airflow/.local/lib/python3.7/site-packages/airflow/example_dags/example_python_operator.py took 0.154 seconds
[2022-08-19 22:32:15,169] {processor.py:153} INFO - Started process (PID=106) to work on /home/airflow/.local/lib/python3.7/site-packages/airflow/example_dags/example_python_operator.py
[2022-08-19 22:32:15,170] {processor.py:641} INFO - Processing file /home/airflow/.local/lib/python3.7/site-packages/airflow/example_dags/example_python_operator.py for tasks to queue
[2022-08-19 22:32:15,171] {logging_mixin.py:115} INFO - [2022-08-19 22:32:15,171] {dagbag.py:508} INFO - Filling up the DagBag from /home/airflow/.local/lib/python3.7/site-packages/airflow/example_dags/example_python_operator.py
[2022-08-19 22:32:15,182] {processor.py:651} INFO - DAG(s) dict_keys(['example_python_operator']) retrieved from /home/airflow/.local/lib/python3.7/site-packages/airflow/example_dags/example_python_operator.py
[2022-08-19 22:32:15,200] {logging_mixin.py:115} INFO - [2022-08-19 22:32:15,199] {dag.py:2420} INFO - Sync 1 DAGs
[2022-08-19 22:32:15,217] {logging_mixin.py:115} INFO - [2022-08-19 22:32:15,217] {dag.py:2972} INFO - Setting next_dagrun for example_python_operator to None, run_after=None
[2022-08-19 22:32:15,226] {processor.py:161} INFO - Processing /home/airflow/.local/lib/python3.7/site-packages/airflow/example_dags/example_python_operator.py took 0.059 seconds
[2022-08-19 22:53:23,973] {processor.py:153} INFO - Started process (PID=43) to work on /home/airflow/.local/lib/python3.7/site-packages/airflow/example_dags/example_python_operator.py
[2022-08-19 22:53:23,978] {processor.py:641} INFO - Processing file /home/airflow/.local/lib/python3.7/site-packages/airflow/example_dags/example_python_operator.py for tasks to queue
[2022-08-19 22:53:23,979] {logging_mixin.py:115} INFO - [2022-08-19 22:53:23,979] {dagbag.py:508} INFO - Filling up the DagBag from /home/airflow/.local/lib/python3.7/site-packages/airflow/example_dags/example_python_operator.py
[2022-08-19 22:53:23,998] {processor.py:651} INFO - DAG(s) dict_keys(['example_python_operator']) retrieved from /home/airflow/.local/lib/python3.7/site-packages/airflow/example_dags/example_python_operator.py
[2022-08-19 22:53:24,061] {logging_mixin.py:115} INFO - [2022-08-19 22:53:24,061] {manager.py:508} INFO - Created Permission View: can read on DAG:example_python_operator
[2022-08-19 22:53:24,070] {logging_mixin.py:115} INFO - [2022-08-19 22:53:24,070] {manager.py:508} INFO - Created Permission View: can delete on DAG:example_python_operator
[2022-08-19 22:53:24,078] {logging_mixin.py:115} INFO - [2022-08-19 22:53:24,078] {manager.py:508} INFO - Created Permission View: can edit on DAG:example_python_operator
[2022-08-19 22:53:24,079] {logging_mixin.py:115} INFO - [2022-08-19 22:53:24,079] {dag.py:2420} INFO - Sync 1 DAGs
[2022-08-19 22:53:24,087] {logging_mixin.py:115} INFO - [2022-08-19 22:53:24,087] {dag.py:2439} INFO - Creating ORM DAG for example_python_operator
[2022-08-19 22:53:24,095] {logging_mixin.py:115} INFO - [2022-08-19 22:53:24,095] {dag.py:2972} INFO - Setting next_dagrun for example_python_operator to None, run_after=None
[2022-08-19 22:53:24,135] {processor.py:161} INFO - Processing /home/airflow/.local/lib/python3.7/site-packages/airflow/example_dags/example_python_operator.py took 0.164 seconds
[2022-08-19 22:53:54,815] {processor.py:153} INFO - Started process (PID=121) to work on /home/airflow/.local/lib/python3.7/site-packages/airflow/example_dags/example_python_operator.py
[2022-08-19 22:53:54,817] {processor.py:641} INFO - Processing file /home/airflow/.local/lib/python3.7/site-packages/airflow/example_dags/example_python_operator.py for tasks to queue
[2022-08-19 22:53:54,818] {logging_mixin.py:115} INFO - [2022-08-19 22:53:54,818] {dagbag.py:508} INFO - Filling up the DagBag from /home/airflow/.local/lib/python3.7/site-packages/airflow/example_dags/example_python_operator.py
[2022-08-19 22:53:54,829] {processor.py:651} INFO - DAG(s) dict_keys(['example_python_operator']) retrieved from /home/airflow/.local/lib/python3.7/site-packages/airflow/example_dags/example_python_operator.py
[2022-08-19 22:53:54,848] {logging_mixin.py:115} INFO - [2022-08-19 22:53:54,848] {dag.py:2420} INFO - Sync 1 DAGs
[2022-08-19 22:53:54,861] {logging_mixin.py:115} INFO - [2022-08-19 22:53:54,861] {dag.py:2972} INFO - Setting next_dagrun for example_python_operator to None, run_after=None
[2022-08-19 22:53:54,869] {processor.py:161} INFO - Processing /home/airflow/.local/lib/python3.7/site-packages/airflow/example_dags/example_python_operator.py took 0.057 seconds
[2022-08-19 22:54:25,390] {processor.py:153} INFO - Started process (PID=194) to work on /home/airflow/.local/lib/python3.7/site-packages/airflow/example_dags/example_python_operator.py
[2022-08-19 22:54:25,391] {processor.py:641} INFO - Processing file /home/airflow/.local/lib/python3.7/site-packages/airflow/example_dags/example_python_operator.py for tasks to queue
[2022-08-19 22:54:25,393] {logging_mixin.py:115} INFO - [2022-08-19 22:54:25,393] {dagbag.py:508} INFO - Filling up the DagBag from /home/airflow/.local/lib/python3.7/site-packages/airflow/example_dags/example_python_operator.py
[2022-08-19 22:54:25,407] {processor.py:651} INFO - DAG(s) dict_keys(['example_python_operator']) retrieved from /home/airflow/.local/lib/python3.7/site-packages/airflow/example_dags/example_python_operator.py
[2022-08-19 22:54:25,427] {logging_mixin.py:115} INFO - [2022-08-19 22:54:25,427] {dag.py:2420} INFO - Sync 1 DAGs
[2022-08-19 22:54:25,441] {logging_mixin.py:115} INFO - [2022-08-19 22:54:25,441] {dag.py:2972} INFO - Setting next_dagrun for example_python_operator to None, run_after=None
[2022-08-19 22:54:25,451] {processor.py:161} INFO - Processing /home/airflow/.local/lib/python3.7/site-packages/airflow/example_dags/example_python_operator.py took 0.064 seconds
[2022-08-19 22:54:55,896] {processor.py:153} INFO - Started process (PID=261) to work on /home/airflow/.local/lib/python3.7/site-packages/airflow/example_dags/example_python_operator.py
[2022-08-19 22:54:55,897] {processor.py:641} INFO - Processing file /home/airflow/.local/lib/python3.7/site-packages/airflow/example_dags/example_python_operator.py for tasks to queue
[2022-08-19 22:54:55,897] {logging_mixin.py:115} INFO - [2022-08-19 22:54:55,897] {dagbag.py:508} INFO - Filling up the DagBag from /home/airflow/.local/lib/python3.7/site-packages/airflow/example_dags/example_python_operator.py
[2022-08-19 22:54:55,909] {processor.py:651} INFO - DAG(s) dict_keys(['example_python_operator']) retrieved from /home/airflow/.local/lib/python3.7/site-packages/airflow/example_dags/example_python_operator.py
[2022-08-19 22:54:55,926] {logging_mixin.py:115} INFO - [2022-08-19 22:54:55,926] {dag.py:2420} INFO - Sync 1 DAGs
[2022-08-19 22:54:55,939] {logging_mixin.py:115} INFO - [2022-08-19 22:54:55,939] {dag.py:2972} INFO - Setting next_dagrun for example_python_operator to None, run_after=None
[2022-08-19 22:54:55,946] {processor.py:161} INFO - Processing /home/airflow/.local/lib/python3.7/site-packages/airflow/example_dags/example_python_operator.py took 0.053 seconds
[2022-08-19 22:55:26,381] {processor.py:153} INFO - Started process (PID=322) to work on /home/airflow/.local/lib/python3.7/site-packages/airflow/example_dags/example_python_operator.py
[2022-08-19 22:55:26,382] {processor.py:641} INFO - Processing file /home/airflow/.local/lib/python3.7/site-packages/airflow/example_dags/example_python_operator.py for tasks to queue
[2022-08-19 22:55:26,383] {logging_mixin.py:115} INFO - [2022-08-19 22:55:26,383] {dagbag.py:508} INFO - Filling up the DagBag from /home/airflow/.local/lib/python3.7/site-packages/airflow/example_dags/example_python_operator.py
[2022-08-19 22:55:26,395] {processor.py:651} INFO - DAG(s) dict_keys(['example_python_operator']) retrieved from /home/airflow/.local/lib/python3.7/site-packages/airflow/example_dags/example_python_operator.py
[2022-08-19 22:55:26,415] {logging_mixin.py:115} INFO - [2022-08-19 22:55:26,415] {dag.py:2420} INFO - Sync 1 DAGs
[2022-08-19 22:55:26,430] {logging_mixin.py:115} INFO - [2022-08-19 22:55:26,429] {dag.py:2972} INFO - Setting next_dagrun for example_python_operator to None, run_after=None
[2022-08-19 22:55:26,438] {processor.py:161} INFO - Processing /home/airflow/.local/lib/python3.7/site-packages/airflow/example_dags/example_python_operator.py took 0.060 seconds
[2022-08-19 22:55:56,895] {processor.py:153} INFO - Started process (PID=378) to work on /home/airflow/.local/lib/python3.7/site-packages/airflow/example_dags/example_python_operator.py
[2022-08-19 22:55:56,896] {processor.py:641} INFO - Processing file /home/airflow/.local/lib/python3.7/site-packages/airflow/example_dags/example_python_operator.py for tasks to queue
[2022-08-19 22:55:56,897] {logging_mixin.py:115} INFO - [2022-08-19 22:55:56,897] {dagbag.py:508} INFO - Filling up the DagBag from /home/airflow/.local/lib/python3.7/site-packages/airflow/example_dags/example_python_operator.py
[2022-08-19 22:55:56,909] {processor.py:651} INFO - DAG(s) dict_keys(['example_python_operator']) retrieved from /home/airflow/.local/lib/python3.7/site-packages/airflow/example_dags/example_python_operator.py
[2022-08-19 22:55:56,925] {logging_mixin.py:115} INFO - [2022-08-19 22:55:56,925] {dag.py:2420} INFO - Sync 1 DAGs
[2022-08-19 22:55:56,937] {logging_mixin.py:115} INFO - [2022-08-19 22:55:56,937] {dag.py:2972} INFO - Setting next_dagrun for example_python_operator to None, run_after=None
[2022-08-19 22:55:56,945] {processor.py:161} INFO - Processing /home/airflow/.local/lib/python3.7/site-packages/airflow/example_dags/example_python_operator.py took 0.052 seconds
[2022-08-19 22:56:27,371] {processor.py:153} INFO - Started process (PID=447) to work on /home/airflow/.local/lib/python3.7/site-packages/airflow/example_dags/example_python_operator.py
[2022-08-19 22:56:27,372] {processor.py:641} INFO - Processing file /home/airflow/.local/lib/python3.7/site-packages/airflow/example_dags/example_python_operator.py for tasks to queue
[2022-08-19 22:56:27,373] {logging_mixin.py:115} INFO - [2022-08-19 22:56:27,373] {dagbag.py:508} INFO - Filling up the DagBag from /home/airflow/.local/lib/python3.7/site-packages/airflow/example_dags/example_python_operator.py
[2022-08-19 22:56:27,383] {processor.py:651} INFO - DAG(s) dict_keys(['example_python_operator']) retrieved from /home/airflow/.local/lib/python3.7/site-packages/airflow/example_dags/example_python_operator.py
[2022-08-19 22:56:27,402] {logging_mixin.py:115} INFO - [2022-08-19 22:56:27,402] {dag.py:2420} INFO - Sync 1 DAGs
[2022-08-19 22:56:27,415] {logging_mixin.py:115} INFO - [2022-08-19 22:56:27,415] {dag.py:2972} INFO - Setting next_dagrun for example_python_operator to None, run_after=None
[2022-08-19 22:56:27,423] {processor.py:161} INFO - Processing /home/airflow/.local/lib/python3.7/site-packages/airflow/example_dags/example_python_operator.py took 0.054 seconds
[2022-08-19 22:56:57,793] {processor.py:153} INFO - Started process (PID=511) to work on /home/airflow/.local/lib/python3.7/site-packages/airflow/example_dags/example_python_operator.py
[2022-08-19 22:56:57,794] {processor.py:641} INFO - Processing file /home/airflow/.local/lib/python3.7/site-packages/airflow/example_dags/example_python_operator.py for tasks to queue
[2022-08-19 22:56:57,795] {logging_mixin.py:115} INFO - [2022-08-19 22:56:57,795] {dagbag.py:508} INFO - Filling up the DagBag from /home/airflow/.local/lib/python3.7/site-packages/airflow/example_dags/example_python_operator.py
[2022-08-19 22:56:57,805] {processor.py:651} INFO - DAG(s) dict_keys(['example_python_operator']) retrieved from /home/airflow/.local/lib/python3.7/site-packages/airflow/example_dags/example_python_operator.py
[2022-08-19 22:56:57,822] {logging_mixin.py:115} INFO - [2022-08-19 22:56:57,822] {dag.py:2420} INFO - Sync 1 DAGs
[2022-08-19 22:56:57,834] {logging_mixin.py:115} INFO - [2022-08-19 22:56:57,834] {dag.py:2972} INFO - Setting next_dagrun for example_python_operator to None, run_after=None
[2022-08-19 22:56:57,842] {processor.py:161} INFO - Processing /home/airflow/.local/lib/python3.7/site-packages/airflow/example_dags/example_python_operator.py took 0.052 seconds
[2022-08-19 22:57:28,204] {processor.py:153} INFO - Started process (PID=580) to work on /home/airflow/.local/lib/python3.7/site-packages/airflow/example_dags/example_python_operator.py
[2022-08-19 22:57:28,206] {processor.py:641} INFO - Processing file /home/airflow/.local/lib/python3.7/site-packages/airflow/example_dags/example_python_operator.py for tasks to queue
[2022-08-19 22:57:28,207] {logging_mixin.py:115} INFO - [2022-08-19 22:57:28,207] {dagbag.py:508} INFO - Filling up the DagBag from /home/airflow/.local/lib/python3.7/site-packages/airflow/example_dags/example_python_operator.py
[2022-08-19 22:57:28,217] {processor.py:651} INFO - DAG(s) dict_keys(['example_python_operator']) retrieved from /home/airflow/.local/lib/python3.7/site-packages/airflow/example_dags/example_python_operator.py
[2022-08-19 22:57:28,234] {logging_mixin.py:115} INFO - [2022-08-19 22:57:28,234] {dag.py:2420} INFO - Sync 1 DAGs
[2022-08-19 22:57:28,247] {logging_mixin.py:115} INFO - [2022-08-19 22:57:28,247] {dag.py:2972} INFO - Setting next_dagrun for example_python_operator to None, run_after=None
[2022-08-19 22:57:28,254] {processor.py:161} INFO - Processing /home/airflow/.local/lib/python3.7/site-packages/airflow/example_dags/example_python_operator.py took 0.052 seconds
[2022-08-19 22:57:58,606] {processor.py:153} INFO - Started process (PID=646) to work on /home/airflow/.local/lib/python3.7/site-packages/airflow/example_dags/example_python_operator.py
[2022-08-19 22:57:58,607] {processor.py:641} INFO - Processing file /home/airflow/.local/lib/python3.7/site-packages/airflow/example_dags/example_python_operator.py for tasks to queue
[2022-08-19 22:57:58,609] {logging_mixin.py:115} INFO - [2022-08-19 22:57:58,609] {dagbag.py:508} INFO - Filling up the DagBag from /home/airflow/.local/lib/python3.7/site-packages/airflow/example_dags/example_python_operator.py
[2022-08-19 22:57:58,620] {processor.py:651} INFO - DAG(s) dict_keys(['example_python_operator']) retrieved from /home/airflow/.local/lib/python3.7/site-packages/airflow/example_dags/example_python_operator.py
[2022-08-19 22:57:58,642] {logging_mixin.py:115} INFO - [2022-08-19 22:57:58,642] {dag.py:2420} INFO - Sync 1 DAGs
[2022-08-19 22:57:58,655] {logging_mixin.py:115} INFO - [2022-08-19 22:57:58,655] {dag.py:2972} INFO - Setting next_dagrun for example_python_operator to None, run_after=None
[2022-08-19 22:57:58,664] {processor.py:161} INFO - Processing /home/airflow/.local/lib/python3.7/site-packages/airflow/example_dags/example_python_operator.py took 0.060 seconds
[2022-08-19 22:58:29,104] {processor.py:153} INFO - Started process (PID=702) to work on /home/airflow/.local/lib/python3.7/site-packages/airflow/example_dags/example_python_operator.py
[2022-08-19 22:58:29,105] {processor.py:641} INFO - Processing file /home/airflow/.local/lib/python3.7/site-packages/airflow/example_dags/example_python_operator.py for tasks to queue
[2022-08-19 22:58:29,110] {logging_mixin.py:115} INFO - [2022-08-19 22:58:29,110] {dagbag.py:508} INFO - Filling up the DagBag from /home/airflow/.local/lib/python3.7/site-packages/airflow/example_dags/example_python_operator.py
[2022-08-19 22:58:29,120] {processor.py:651} INFO - DAG(s) dict_keys(['example_python_operator']) retrieved from /home/airflow/.local/lib/python3.7/site-packages/airflow/example_dags/example_python_operator.py
[2022-08-19 22:58:29,137] {logging_mixin.py:115} INFO - [2022-08-19 22:58:29,137] {dag.py:2420} INFO - Sync 1 DAGs
[2022-08-19 22:58:29,150] {logging_mixin.py:115} INFO - [2022-08-19 22:58:29,150] {dag.py:2972} INFO - Setting next_dagrun for example_python_operator to None, run_after=None
[2022-08-19 22:58:29,157] {processor.py:161} INFO - Processing /home/airflow/.local/lib/python3.7/site-packages/airflow/example_dags/example_python_operator.py took 0.055 seconds
[2022-08-19 22:58:59,496] {processor.py:153} INFO - Started process (PID=768) to work on /home/airflow/.local/lib/python3.7/site-packages/airflow/example_dags/example_python_operator.py
[2022-08-19 22:58:59,497] {processor.py:641} INFO - Processing file /home/airflow/.local/lib/python3.7/site-packages/airflow/example_dags/example_python_operator.py for tasks to queue
[2022-08-19 22:58:59,498] {logging_mixin.py:115} INFO - [2022-08-19 22:58:59,498] {dagbag.py:508} INFO - Filling up the DagBag from /home/airflow/.local/lib/python3.7/site-packages/airflow/example_dags/example_python_operator.py
[2022-08-19 22:58:59,508] {processor.py:651} INFO - DAG(s) dict_keys(['example_python_operator']) retrieved from /home/airflow/.local/lib/python3.7/site-packages/airflow/example_dags/example_python_operator.py
[2022-08-19 22:58:59,525] {logging_mixin.py:115} INFO - [2022-08-19 22:58:59,525] {dag.py:2420} INFO - Sync 1 DAGs
[2022-08-19 22:58:59,537] {logging_mixin.py:115} INFO - [2022-08-19 22:58:59,537] {dag.py:2972} INFO - Setting next_dagrun for example_python_operator to None, run_after=None
[2022-08-19 22:58:59,545] {processor.py:161} INFO - Processing /home/airflow/.local/lib/python3.7/site-packages/airflow/example_dags/example_python_operator.py took 0.051 seconds
[2022-08-19 22:59:30,033] {processor.py:153} INFO - Started process (PID=834) to work on /home/airflow/.local/lib/python3.7/site-packages/airflow/example_dags/example_python_operator.py
[2022-08-19 22:59:30,034] {processor.py:641} INFO - Processing file /home/airflow/.local/lib/python3.7/site-packages/airflow/example_dags/example_python_operator.py for tasks to queue
[2022-08-19 22:59:30,036] {logging_mixin.py:115} INFO - [2022-08-19 22:59:30,036] {dagbag.py:508} INFO - Filling up the DagBag from /home/airflow/.local/lib/python3.7/site-packages/airflow/example_dags/example_python_operator.py
[2022-08-19 22:59:30,050] {processor.py:651} INFO - DAG(s) dict_keys(['example_python_operator']) retrieved from /home/airflow/.local/lib/python3.7/site-packages/airflow/example_dags/example_python_operator.py
[2022-08-19 22:59:30,068] {logging_mixin.py:115} INFO - [2022-08-19 22:59:30,068] {dag.py:2420} INFO - Sync 1 DAGs
[2022-08-19 22:59:30,081] {logging_mixin.py:115} INFO - [2022-08-19 22:59:30,081] {dag.py:2972} INFO - Setting next_dagrun for example_python_operator to None, run_after=None
[2022-08-19 22:59:30,088] {processor.py:161} INFO - Processing /home/airflow/.local/lib/python3.7/site-packages/airflow/example_dags/example_python_operator.py took 0.057 seconds
[2022-08-19 23:00:00,503] {processor.py:153} INFO - Started process (PID=902) to work on /home/airflow/.local/lib/python3.7/site-packages/airflow/example_dags/example_python_operator.py
[2022-08-19 23:00:00,504] {processor.py:641} INFO - Processing file /home/airflow/.local/lib/python3.7/site-packages/airflow/example_dags/example_python_operator.py for tasks to queue
[2022-08-19 23:00:00,505] {logging_mixin.py:115} INFO - [2022-08-19 23:00:00,505] {dagbag.py:508} INFO - Filling up the DagBag from /home/airflow/.local/lib/python3.7/site-packages/airflow/example_dags/example_python_operator.py
[2022-08-19 23:00:00,515] {processor.py:651} INFO - DAG(s) dict_keys(['example_python_operator']) retrieved from /home/airflow/.local/lib/python3.7/site-packages/airflow/example_dags/example_python_operator.py
[2022-08-19 23:00:00,536] {logging_mixin.py:115} INFO - [2022-08-19 23:00:00,536] {dag.py:2420} INFO - Sync 1 DAGs
[2022-08-19 23:00:00,549] {logging_mixin.py:115} INFO - [2022-08-19 23:00:00,549] {dag.py:2972} INFO - Setting next_dagrun for example_python_operator to None, run_after=None
[2022-08-19 23:00:00,557] {processor.py:161} INFO - Processing /home/airflow/.local/lib/python3.7/site-packages/airflow/example_dags/example_python_operator.py took 0.057 seconds
[2022-08-19 23:00:30,945] {processor.py:153} INFO - Started process (PID=968) to work on /home/airflow/.local/lib/python3.7/site-packages/airflow/example_dags/example_python_operator.py
[2022-08-19 23:00:30,946] {processor.py:641} INFO - Processing file /home/airflow/.local/lib/python3.7/site-packages/airflow/example_dags/example_python_operator.py for tasks to queue
[2022-08-19 23:00:30,947] {logging_mixin.py:115} INFO - [2022-08-19 23:00:30,947] {dagbag.py:508} INFO - Filling up the DagBag from /home/airflow/.local/lib/python3.7/site-packages/airflow/example_dags/example_python_operator.py
[2022-08-19 23:00:30,957] {processor.py:651} INFO - DAG(s) dict_keys(['example_python_operator']) retrieved from /home/airflow/.local/lib/python3.7/site-packages/airflow/example_dags/example_python_operator.py
[2022-08-19 23:00:30,976] {logging_mixin.py:115} INFO - [2022-08-19 23:00:30,976] {dag.py:2420} INFO - Sync 1 DAGs
[2022-08-19 23:00:30,993] {logging_mixin.py:115} INFO - [2022-08-19 23:00:30,993] {dag.py:2972} INFO - Setting next_dagrun for example_python_operator to None, run_after=None
[2022-08-19 23:00:31,000] {processor.py:161} INFO - Processing /home/airflow/.local/lib/python3.7/site-packages/airflow/example_dags/example_python_operator.py took 0.057 seconds
[2022-08-19 23:01:01,364] {processor.py:153} INFO - Started process (PID=1038) to work on /home/airflow/.local/lib/python3.7/site-packages/airflow/example_dags/example_python_operator.py
[2022-08-19 23:01:01,365] {processor.py:641} INFO - Processing file /home/airflow/.local/lib/python3.7/site-packages/airflow/example_dags/example_python_operator.py for tasks to queue
[2022-08-19 23:01:01,367] {logging_mixin.py:115} INFO - [2022-08-19 23:01:01,366] {dagbag.py:508} INFO - Filling up the DagBag from /home/airflow/.local/lib/python3.7/site-packages/airflow/example_dags/example_python_operator.py
[2022-08-19 23:01:01,378] {processor.py:651} INFO - DAG(s) dict_keys(['example_python_operator']) retrieved from /home/airflow/.local/lib/python3.7/site-packages/airflow/example_dags/example_python_operator.py
[2022-08-19 23:01:01,396] {logging_mixin.py:115} INFO - [2022-08-19 23:01:01,396] {dag.py:2420} INFO - Sync 1 DAGs
[2022-08-19 23:01:01,409] {logging_mixin.py:115} INFO - [2022-08-19 23:01:01,409] {dag.py:2972} INFO - Setting next_dagrun for example_python_operator to None, run_after=None
[2022-08-19 23:01:01,416] {processor.py:161} INFO - Processing /home/airflow/.local/lib/python3.7/site-packages/airflow/example_dags/example_python_operator.py took 0.054 seconds
[2022-08-19 23:01:31,818] {processor.py:153} INFO - Started process (PID=1092) to work on /home/airflow/.local/lib/python3.7/site-packages/airflow/example_dags/example_python_operator.py
[2022-08-19 23:01:31,819] {processor.py:641} INFO - Processing file /home/airflow/.local/lib/python3.7/site-packages/airflow/example_dags/example_python_operator.py for tasks to queue
[2022-08-19 23:01:31,821] {logging_mixin.py:115} INFO - [2022-08-19 23:01:31,820] {dagbag.py:508} INFO - Filling up the DagBag from /home/airflow/.local/lib/python3.7/site-packages/airflow/example_dags/example_python_operator.py
[2022-08-19 23:01:31,835] {processor.py:651} INFO - DAG(s) dict_keys(['example_python_operator']) retrieved from /home/airflow/.local/lib/python3.7/site-packages/airflow/example_dags/example_python_operator.py
[2022-08-19 23:01:31,853] {logging_mixin.py:115} INFO - [2022-08-19 23:01:31,853] {dag.py:2420} INFO - Sync 1 DAGs
[2022-08-19 23:01:31,865] {logging_mixin.py:115} INFO - [2022-08-19 23:01:31,865] {dag.py:2972} INFO - Setting next_dagrun for example_python_operator to None, run_after=None
[2022-08-19 23:01:31,871] {processor.py:161} INFO - Processing /home/airflow/.local/lib/python3.7/site-packages/airflow/example_dags/example_python_operator.py took 0.056 seconds
[2022-08-19 23:02:02,312] {processor.py:153} INFO - Started process (PID=1158) to work on /home/airflow/.local/lib/python3.7/site-packages/airflow/example_dags/example_python_operator.py
[2022-08-19 23:02:02,313] {processor.py:641} INFO - Processing file /home/airflow/.local/lib/python3.7/site-packages/airflow/example_dags/example_python_operator.py for tasks to queue
[2022-08-19 23:02:02,314] {logging_mixin.py:115} INFO - [2022-08-19 23:02:02,314] {dagbag.py:508} INFO - Filling up the DagBag from /home/airflow/.local/lib/python3.7/site-packages/airflow/example_dags/example_python_operator.py
[2022-08-19 23:02:02,325] {processor.py:651} INFO - DAG(s) dict_keys(['example_python_operator']) retrieved from /home/airflow/.local/lib/python3.7/site-packages/airflow/example_dags/example_python_operator.py
[2022-08-19 23:02:02,343] {logging_mixin.py:115} INFO - [2022-08-19 23:02:02,343] {dag.py:2420} INFO - Sync 1 DAGs
[2022-08-19 23:02:02,356] {logging_mixin.py:115} INFO - [2022-08-19 23:02:02,355] {dag.py:2972} INFO - Setting next_dagrun for example_python_operator to None, run_after=None
[2022-08-19 23:02:02,362] {processor.py:161} INFO - Processing /home/airflow/.local/lib/python3.7/site-packages/airflow/example_dags/example_python_operator.py took 0.053 seconds
[2022-08-19 23:02:32,759] {processor.py:153} INFO - Started process (PID=1220) to work on /home/airflow/.local/lib/python3.7/site-packages/airflow/example_dags/example_python_operator.py
[2022-08-19 23:02:32,761] {processor.py:641} INFO - Processing file /home/airflow/.local/lib/python3.7/site-packages/airflow/example_dags/example_python_operator.py for tasks to queue
[2022-08-19 23:02:32,762] {logging_mixin.py:115} INFO - [2022-08-19 23:02:32,762] {dagbag.py:508} INFO - Filling up the DagBag from /home/airflow/.local/lib/python3.7/site-packages/airflow/example_dags/example_python_operator.py
[2022-08-19 23:02:32,774] {processor.py:651} INFO - DAG(s) dict_keys(['example_python_operator']) retrieved from /home/airflow/.local/lib/python3.7/site-packages/airflow/example_dags/example_python_operator.py
[2022-08-19 23:02:32,798] {logging_mixin.py:115} INFO - [2022-08-19 23:02:32,797] {dag.py:2420} INFO - Sync 1 DAGs
[2022-08-19 23:02:32,810] {logging_mixin.py:115} INFO - [2022-08-19 23:02:32,810] {dag.py:2972} INFO - Setting next_dagrun for example_python_operator to None, run_after=None
[2022-08-19 23:02:32,818] {processor.py:161} INFO - Processing /home/airflow/.local/lib/python3.7/site-packages/airflow/example_dags/example_python_operator.py took 0.062 seconds
[2022-08-19 23:03:03,173] {processor.py:153} INFO - Started process (PID=1285) to work on /home/airflow/.local/lib/python3.7/site-packages/airflow/example_dags/example_python_operator.py
[2022-08-19 23:03:03,174] {processor.py:641} INFO - Processing file /home/airflow/.local/lib/python3.7/site-packages/airflow/example_dags/example_python_operator.py for tasks to queue
[2022-08-19 23:03:03,175] {logging_mixin.py:115} INFO - [2022-08-19 23:03:03,175] {dagbag.py:508} INFO - Filling up the DagBag from /home/airflow/.local/lib/python3.7/site-packages/airflow/example_dags/example_python_operator.py
[2022-08-19 23:03:03,188] {processor.py:651} INFO - DAG(s) dict_keys(['example_python_operator']) retrieved from /home/airflow/.local/lib/python3.7/site-packages/airflow/example_dags/example_python_operator.py
[2022-08-19 23:03:03,207] {logging_mixin.py:115} INFO - [2022-08-19 23:03:03,207] {dag.py:2420} INFO - Sync 1 DAGs
[2022-08-19 23:03:03,219] {logging_mixin.py:115} INFO - [2022-08-19 23:03:03,219] {dag.py:2972} INFO - Setting next_dagrun for example_python_operator to None, run_after=None
[2022-08-19 23:03:03,225] {processor.py:161} INFO - Processing /home/airflow/.local/lib/python3.7/site-packages/airflow/example_dags/example_python_operator.py took 0.055 seconds
[2022-08-19 23:03:33,645] {processor.py:153} INFO - Started process (PID=1352) to work on /home/airflow/.local/lib/python3.7/site-packages/airflow/example_dags/example_python_operator.py
[2022-08-19 23:03:33,646] {processor.py:641} INFO - Processing file /home/airflow/.local/lib/python3.7/site-packages/airflow/example_dags/example_python_operator.py for tasks to queue
[2022-08-19 23:03:33,647] {logging_mixin.py:115} INFO - [2022-08-19 23:03:33,647] {dagbag.py:508} INFO - Filling up the DagBag from /home/airflow/.local/lib/python3.7/site-packages/airflow/example_dags/example_python_operator.py
[2022-08-19 23:03:33,658] {processor.py:651} INFO - DAG(s) dict_keys(['example_python_operator']) retrieved from /home/airflow/.local/lib/python3.7/site-packages/airflow/example_dags/example_python_operator.py
[2022-08-19 23:03:33,678] {logging_mixin.py:115} INFO - [2022-08-19 23:03:33,678] {dag.py:2420} INFO - Sync 1 DAGs
[2022-08-19 23:03:33,690] {logging_mixin.py:115} INFO - [2022-08-19 23:03:33,690] {dag.py:2972} INFO - Setting next_dagrun for example_python_operator to None, run_after=None
[2022-08-19 23:03:33,698] {processor.py:161} INFO - Processing /home/airflow/.local/lib/python3.7/site-packages/airflow/example_dags/example_python_operator.py took 0.056 seconds
[2022-08-19 23:04:03,837] {processor.py:153} INFO - Started process (PID=1428) to work on /home/airflow/.local/lib/python3.7/site-packages/airflow/example_dags/example_python_operator.py
[2022-08-19 23:04:03,838] {processor.py:641} INFO - Processing file /home/airflow/.local/lib/python3.7/site-packages/airflow/example_dags/example_python_operator.py for tasks to queue
[2022-08-19 23:04:03,839] {logging_mixin.py:115} INFO - [2022-08-19 23:04:03,839] {dagbag.py:508} INFO - Filling up the DagBag from /home/airflow/.local/lib/python3.7/site-packages/airflow/example_dags/example_python_operator.py
[2022-08-19 23:04:03,852] {processor.py:651} INFO - DAG(s) dict_keys(['example_python_operator']) retrieved from /home/airflow/.local/lib/python3.7/site-packages/airflow/example_dags/example_python_operator.py
[2022-08-19 23:04:03,869] {logging_mixin.py:115} INFO - [2022-08-19 23:04:03,869] {dag.py:2420} INFO - Sync 1 DAGs
[2022-08-19 23:04:03,884] {logging_mixin.py:115} INFO - [2022-08-19 23:04:03,884] {dag.py:2972} INFO - Setting next_dagrun for example_python_operator to None, run_after=None
[2022-08-19 23:04:03,893] {processor.py:161} INFO - Processing /home/airflow/.local/lib/python3.7/site-packages/airflow/example_dags/example_python_operator.py took 0.059 seconds
[2022-08-19 23:04:34,432] {processor.py:153} INFO - Started process (PID=1489) to work on /home/airflow/.local/lib/python3.7/site-packages/airflow/example_dags/example_python_operator.py
[2022-08-19 23:04:34,433] {processor.py:641} INFO - Processing file /home/airflow/.local/lib/python3.7/site-packages/airflow/example_dags/example_python_operator.py for tasks to queue
[2022-08-19 23:04:34,434] {logging_mixin.py:115} INFO - [2022-08-19 23:04:34,434] {dagbag.py:508} INFO - Filling up the DagBag from /home/airflow/.local/lib/python3.7/site-packages/airflow/example_dags/example_python_operator.py
[2022-08-19 23:04:34,444] {processor.py:651} INFO - DAG(s) dict_keys(['example_python_operator']) retrieved from /home/airflow/.local/lib/python3.7/site-packages/airflow/example_dags/example_python_operator.py
[2022-08-19 23:04:34,466] {logging_mixin.py:115} INFO - [2022-08-19 23:04:34,466] {dag.py:2420} INFO - Sync 1 DAGs
[2022-08-19 23:04:34,485] {logging_mixin.py:115} INFO - [2022-08-19 23:04:34,485] {dag.py:2972} INFO - Setting next_dagrun for example_python_operator to None, run_after=None
[2022-08-19 23:04:34,494] {processor.py:161} INFO - Processing /home/airflow/.local/lib/python3.7/site-packages/airflow/example_dags/example_python_operator.py took 0.064 seconds
[2022-08-19 23:05:05,131] {processor.py:153} INFO - Started process (PID=1557) to work on /home/airflow/.local/lib/python3.7/site-packages/airflow/example_dags/example_python_operator.py
[2022-08-19 23:05:05,132] {processor.py:641} INFO - Processing file /home/airflow/.local/lib/python3.7/site-packages/airflow/example_dags/example_python_operator.py for tasks to queue
[2022-08-19 23:05:05,133] {logging_mixin.py:115} INFO - [2022-08-19 23:05:05,133] {dagbag.py:508} INFO - Filling up the DagBag from /home/airflow/.local/lib/python3.7/site-packages/airflow/example_dags/example_python_operator.py
[2022-08-19 23:05:05,143] {processor.py:651} INFO - DAG(s) dict_keys(['example_python_operator']) retrieved from /home/airflow/.local/lib/python3.7/site-packages/airflow/example_dags/example_python_operator.py
[2022-08-19 23:05:05,162] {logging_mixin.py:115} INFO - [2022-08-19 23:05:05,162] {dag.py:2420} INFO - Sync 1 DAGs
[2022-08-19 23:05:05,177] {logging_mixin.py:115} INFO - [2022-08-19 23:05:05,177] {dag.py:2972} INFO - Setting next_dagrun for example_python_operator to None, run_after=None
[2022-08-19 23:05:05,186] {processor.py:161} INFO - Processing /home/airflow/.local/lib/python3.7/site-packages/airflow/example_dags/example_python_operator.py took 0.057 seconds
[2022-08-19 23:05:35,701] {processor.py:153} INFO - Started process (PID=1627) to work on /home/airflow/.local/lib/python3.7/site-packages/airflow/example_dags/example_python_operator.py
[2022-08-19 23:05:35,702] {processor.py:641} INFO - Processing file /home/airflow/.local/lib/python3.7/site-packages/airflow/example_dags/example_python_operator.py for tasks to queue
[2022-08-19 23:05:35,703] {logging_mixin.py:115} INFO - [2022-08-19 23:05:35,703] {dagbag.py:508} INFO - Filling up the DagBag from /home/airflow/.local/lib/python3.7/site-packages/airflow/example_dags/example_python_operator.py
[2022-08-19 23:05:35,717] {processor.py:651} INFO - DAG(s) dict_keys(['example_python_operator']) retrieved from /home/airflow/.local/lib/python3.7/site-packages/airflow/example_dags/example_python_operator.py
[2022-08-19 23:05:35,734] {logging_mixin.py:115} INFO - [2022-08-19 23:05:35,734] {dag.py:2420} INFO - Sync 1 DAGs
[2022-08-19 23:05:35,748] {logging_mixin.py:115} INFO - [2022-08-19 23:05:35,748] {dag.py:2972} INFO - Setting next_dagrun for example_python_operator to None, run_after=None
[2022-08-19 23:05:35,756] {processor.py:161} INFO - Processing /home/airflow/.local/lib/python3.7/site-packages/airflow/example_dags/example_python_operator.py took 0.058 seconds
[2022-08-19 23:06:06,291] {processor.py:153} INFO - Started process (PID=1718) to work on /home/airflow/.local/lib/python3.7/site-packages/airflow/example_dags/example_python_operator.py
[2022-08-19 23:06:06,294] {processor.py:641} INFO - Processing file /home/airflow/.local/lib/python3.7/site-packages/airflow/example_dags/example_python_operator.py for tasks to queue
[2022-08-19 23:06:06,296] {logging_mixin.py:115} INFO - [2022-08-19 23:06:06,296] {dagbag.py:508} INFO - Filling up the DagBag from /home/airflow/.local/lib/python3.7/site-packages/airflow/example_dags/example_python_operator.py
[2022-08-19 23:06:06,318] {processor.py:651} INFO - DAG(s) dict_keys(['example_python_operator']) retrieved from /home/airflow/.local/lib/python3.7/site-packages/airflow/example_dags/example_python_operator.py
[2022-08-19 23:06:06,361] {logging_mixin.py:115} INFO - [2022-08-19 23:06:06,361] {dag.py:2420} INFO - Sync 1 DAGs
[2022-08-19 23:06:06,396] {logging_mixin.py:115} INFO - [2022-08-19 23:06:06,395] {dag.py:2972} INFO - Setting next_dagrun for example_python_operator to None, run_after=None
[2022-08-19 23:06:06,417] {processor.py:161} INFO - Processing /home/airflow/.local/lib/python3.7/site-packages/airflow/example_dags/example_python_operator.py took 0.129 seconds
[2022-08-19 23:06:36,746] {processor.py:153} INFO - Started process (PID=1838) to work on /home/airflow/.local/lib/python3.7/site-packages/airflow/example_dags/example_python_operator.py
[2022-08-19 23:06:36,747] {processor.py:641} INFO - Processing file /home/airflow/.local/lib/python3.7/site-packages/airflow/example_dags/example_python_operator.py for tasks to queue
[2022-08-19 23:06:36,749] {logging_mixin.py:115} INFO - [2022-08-19 23:06:36,749] {dagbag.py:508} INFO - Filling up the DagBag from /home/airflow/.local/lib/python3.7/site-packages/airflow/example_dags/example_python_operator.py
[2022-08-19 23:06:36,778] {processor.py:651} INFO - DAG(s) dict_keys(['example_python_operator']) retrieved from /home/airflow/.local/lib/python3.7/site-packages/airflow/example_dags/example_python_operator.py
[2022-08-19 23:06:36,820] {logging_mixin.py:115} INFO - [2022-08-19 23:06:36,820] {dag.py:2420} INFO - Sync 1 DAGs
[2022-08-19 23:06:36,851] {logging_mixin.py:115} INFO - [2022-08-19 23:06:36,851] {dag.py:2972} INFO - Setting next_dagrun for example_python_operator to None, run_after=None
[2022-08-19 23:06:36,867] {processor.py:161} INFO - Processing /home/airflow/.local/lib/python3.7/site-packages/airflow/example_dags/example_python_operator.py took 0.126 seconds
[2022-08-19 23:07:07,247] {processor.py:153} INFO - Started process (PID=1967) to work on /home/airflow/.local/lib/python3.7/site-packages/airflow/example_dags/example_python_operator.py
[2022-08-19 23:07:07,248] {processor.py:641} INFO - Processing file /home/airflow/.local/lib/python3.7/site-packages/airflow/example_dags/example_python_operator.py for tasks to queue
[2022-08-19 23:07:07,249] {logging_mixin.py:115} INFO - [2022-08-19 23:07:07,249] {dagbag.py:508} INFO - Filling up the DagBag from /home/airflow/.local/lib/python3.7/site-packages/airflow/example_dags/example_python_operator.py
[2022-08-19 23:07:07,262] {processor.py:651} INFO - DAG(s) dict_keys(['example_python_operator']) retrieved from /home/airflow/.local/lib/python3.7/site-packages/airflow/example_dags/example_python_operator.py
[2022-08-19 23:07:07,282] {logging_mixin.py:115} INFO - [2022-08-19 23:07:07,282] {dag.py:2420} INFO - Sync 1 DAGs
[2022-08-19 23:07:07,294] {logging_mixin.py:115} INFO - [2022-08-19 23:07:07,294] {dag.py:2972} INFO - Setting next_dagrun for example_python_operator to None, run_after=None
[2022-08-19 23:07:07,301] {processor.py:161} INFO - Processing /home/airflow/.local/lib/python3.7/site-packages/airflow/example_dags/example_python_operator.py took 0.056 seconds
[2022-08-19 23:07:38,301] {processor.py:153} INFO - Started process (PID=2100) to work on /home/airflow/.local/lib/python3.7/site-packages/airflow/example_dags/example_python_operator.py
[2022-08-19 23:07:38,303] {processor.py:641} INFO - Processing file /home/airflow/.local/lib/python3.7/site-packages/airflow/example_dags/example_python_operator.py for tasks to queue
[2022-08-19 23:07:38,305] {logging_mixin.py:115} INFO - [2022-08-19 23:07:38,305] {dagbag.py:508} INFO - Filling up the DagBag from /home/airflow/.local/lib/python3.7/site-packages/airflow/example_dags/example_python_operator.py
[2022-08-19 23:07:38,335] {processor.py:651} INFO - DAG(s) dict_keys(['example_python_operator']) retrieved from /home/airflow/.local/lib/python3.7/site-packages/airflow/example_dags/example_python_operator.py
[2022-08-19 23:07:38,374] {logging_mixin.py:115} INFO - [2022-08-19 23:07:38,374] {dag.py:2420} INFO - Sync 1 DAGs
[2022-08-19 23:07:38,405] {logging_mixin.py:115} INFO - [2022-08-19 23:07:38,405] {dag.py:2972} INFO - Setting next_dagrun for example_python_operator to None, run_after=None
[2022-08-19 23:07:38,419] {processor.py:161} INFO - Processing /home/airflow/.local/lib/python3.7/site-packages/airflow/example_dags/example_python_operator.py took 0.120 seconds
[2022-08-19 23:08:09,309] {processor.py:153} INFO - Started process (PID=2220) to work on /home/airflow/.local/lib/python3.7/site-packages/airflow/example_dags/example_python_operator.py
[2022-08-19 23:08:09,313] {processor.py:641} INFO - Processing file /home/airflow/.local/lib/python3.7/site-packages/airflow/example_dags/example_python_operator.py for tasks to queue
[2022-08-19 23:08:09,315] {logging_mixin.py:115} INFO - [2022-08-19 23:08:09,315] {dagbag.py:508} INFO - Filling up the DagBag from /home/airflow/.local/lib/python3.7/site-packages/airflow/example_dags/example_python_operator.py
[2022-08-19 23:08:09,336] {processor.py:651} INFO - DAG(s) dict_keys(['example_python_operator']) retrieved from /home/airflow/.local/lib/python3.7/site-packages/airflow/example_dags/example_python_operator.py
[2022-08-19 23:08:09,380] {logging_mixin.py:115} INFO - [2022-08-19 23:08:09,380] {dag.py:2420} INFO - Sync 1 DAGs
[2022-08-19 23:08:09,404] {logging_mixin.py:115} INFO - [2022-08-19 23:08:09,404] {dag.py:2972} INFO - Setting next_dagrun for example_python_operator to None, run_after=None
[2022-08-19 23:08:09,420] {processor.py:161} INFO - Processing /home/airflow/.local/lib/python3.7/site-packages/airflow/example_dags/example_python_operator.py took 0.114 seconds
[2022-08-19 23:08:39,985] {processor.py:153} INFO - Started process (PID=2338) to work on /home/airflow/.local/lib/python3.7/site-packages/airflow/example_dags/example_python_operator.py
[2022-08-19 23:08:39,986] {processor.py:641} INFO - Processing file /home/airflow/.local/lib/python3.7/site-packages/airflow/example_dags/example_python_operator.py for tasks to queue
[2022-08-19 23:08:39,987] {logging_mixin.py:115} INFO - [2022-08-19 23:08:39,987] {dagbag.py:508} INFO - Filling up the DagBag from /home/airflow/.local/lib/python3.7/site-packages/airflow/example_dags/example_python_operator.py
[2022-08-19 23:08:39,998] {processor.py:651} INFO - DAG(s) dict_keys(['example_python_operator']) retrieved from /home/airflow/.local/lib/python3.7/site-packages/airflow/example_dags/example_python_operator.py
[2022-08-19 23:08:40,018] {logging_mixin.py:115} INFO - [2022-08-19 23:08:40,018] {dag.py:2420} INFO - Sync 1 DAGs
[2022-08-19 23:08:40,031] {logging_mixin.py:115} INFO - [2022-08-19 23:08:40,031] {dag.py:2972} INFO - Setting next_dagrun for example_python_operator to None, run_after=None
[2022-08-19 23:08:40,039] {processor.py:161} INFO - Processing /home/airflow/.local/lib/python3.7/site-packages/airflow/example_dags/example_python_operator.py took 0.056 seconds
[2022-08-19 23:09:10,191] {processor.py:153} INFO - Started process (PID=2463) to work on /home/airflow/.local/lib/python3.7/site-packages/airflow/example_dags/example_python_operator.py
[2022-08-19 23:09:10,192] {processor.py:641} INFO - Processing file /home/airflow/.local/lib/python3.7/site-packages/airflow/example_dags/example_python_operator.py for tasks to queue
[2022-08-19 23:09:10,194] {logging_mixin.py:115} INFO - [2022-08-19 23:09:10,194] {dagbag.py:508} INFO - Filling up the DagBag from /home/airflow/.local/lib/python3.7/site-packages/airflow/example_dags/example_python_operator.py
[2022-08-19 23:09:10,212] {processor.py:651} INFO - DAG(s) dict_keys(['example_python_operator']) retrieved from /home/airflow/.local/lib/python3.7/site-packages/airflow/example_dags/example_python_operator.py
[2022-08-19 23:09:10,236] {logging_mixin.py:115} INFO - [2022-08-19 23:09:10,236] {dag.py:2420} INFO - Sync 1 DAGs
[2022-08-19 23:09:10,258] {logging_mixin.py:115} INFO - [2022-08-19 23:09:10,258] {dag.py:2972} INFO - Setting next_dagrun for example_python_operator to None, run_after=None
[2022-08-19 23:09:10,270] {processor.py:161} INFO - Processing /home/airflow/.local/lib/python3.7/site-packages/airflow/example_dags/example_python_operator.py took 0.081 seconds
[2022-08-19 23:09:40,640] {processor.py:153} INFO - Started process (PID=2589) to work on /home/airflow/.local/lib/python3.7/site-packages/airflow/example_dags/example_python_operator.py
[2022-08-19 23:09:40,641] {processor.py:641} INFO - Processing file /home/airflow/.local/lib/python3.7/site-packages/airflow/example_dags/example_python_operator.py for tasks to queue
[2022-08-19 23:09:40,643] {logging_mixin.py:115} INFO - [2022-08-19 23:09:40,642] {dagbag.py:508} INFO - Filling up the DagBag from /home/airflow/.local/lib/python3.7/site-packages/airflow/example_dags/example_python_operator.py
[2022-08-19 23:09:40,657] {processor.py:651} INFO - DAG(s) dict_keys(['example_python_operator']) retrieved from /home/airflow/.local/lib/python3.7/site-packages/airflow/example_dags/example_python_operator.py
[2022-08-19 23:09:40,688] {logging_mixin.py:115} INFO - [2022-08-19 23:09:40,688] {dag.py:2420} INFO - Sync 1 DAGs
[2022-08-19 23:09:40,714] {logging_mixin.py:115} INFO - [2022-08-19 23:09:40,714] {dag.py:2972} INFO - Setting next_dagrun for example_python_operator to None, run_after=None
[2022-08-19 23:09:40,728] {processor.py:161} INFO - Processing /home/airflow/.local/lib/python3.7/site-packages/airflow/example_dags/example_python_operator.py took 0.091 seconds
[2022-08-19 23:10:10,850] {processor.py:153} INFO - Started process (PID=2721) to work on /home/airflow/.local/lib/python3.7/site-packages/airflow/example_dags/example_python_operator.py
[2022-08-19 23:10:10,852] {processor.py:641} INFO - Processing file /home/airflow/.local/lib/python3.7/site-packages/airflow/example_dags/example_python_operator.py for tasks to queue
[2022-08-19 23:10:10,854] {logging_mixin.py:115} INFO - [2022-08-19 23:10:10,854] {dagbag.py:508} INFO - Filling up the DagBag from /home/airflow/.local/lib/python3.7/site-packages/airflow/example_dags/example_python_operator.py
[2022-08-19 23:10:10,882] {processor.py:651} INFO - DAG(s) dict_keys(['example_python_operator']) retrieved from /home/airflow/.local/lib/python3.7/site-packages/airflow/example_dags/example_python_operator.py
[2022-08-19 23:10:10,918] {logging_mixin.py:115} INFO - [2022-08-19 23:10:10,917] {dag.py:2420} INFO - Sync 1 DAGs
[2022-08-19 23:10:10,943] {logging_mixin.py:115} INFO - [2022-08-19 23:10:10,943] {dag.py:2972} INFO - Setting next_dagrun for example_python_operator to None, run_after=None
[2022-08-19 23:10:10,956] {processor.py:161} INFO - Processing /home/airflow/.local/lib/python3.7/site-packages/airflow/example_dags/example_python_operator.py took 0.109 seconds
[2022-08-19 23:10:41,378] {processor.py:153} INFO - Started process (PID=2860) to work on /home/airflow/.local/lib/python3.7/site-packages/airflow/example_dags/example_python_operator.py
[2022-08-19 23:10:41,379] {processor.py:641} INFO - Processing file /home/airflow/.local/lib/python3.7/site-packages/airflow/example_dags/example_python_operator.py for tasks to queue
[2022-08-19 23:10:41,382] {logging_mixin.py:115} INFO - [2022-08-19 23:10:41,381] {dagbag.py:508} INFO - Filling up the DagBag from /home/airflow/.local/lib/python3.7/site-packages/airflow/example_dags/example_python_operator.py
[2022-08-19 23:10:41,403] {processor.py:651} INFO - DAG(s) dict_keys(['example_python_operator']) retrieved from /home/airflow/.local/lib/python3.7/site-packages/airflow/example_dags/example_python_operator.py
[2022-08-19 23:10:41,437] {logging_mixin.py:115} INFO - [2022-08-19 23:10:41,437] {dag.py:2420} INFO - Sync 1 DAGs
[2022-08-19 23:10:41,463] {logging_mixin.py:115} INFO - [2022-08-19 23:10:41,462] {dag.py:2972} INFO - Setting next_dagrun for example_python_operator to None, run_after=None
[2022-08-19 23:10:41,474] {processor.py:161} INFO - Processing /home/airflow/.local/lib/python3.7/site-packages/airflow/example_dags/example_python_operator.py took 0.098 seconds
[2022-08-19 23:11:11,618] {processor.py:153} INFO - Started process (PID=2967) to work on /home/airflow/.local/lib/python3.7/site-packages/airflow/example_dags/example_python_operator.py
[2022-08-19 23:11:11,619] {processor.py:641} INFO - Processing file /home/airflow/.local/lib/python3.7/site-packages/airflow/example_dags/example_python_operator.py for tasks to queue
[2022-08-19 23:11:11,621] {logging_mixin.py:115} INFO - [2022-08-19 23:11:11,621] {dagbag.py:508} INFO - Filling up the DagBag from /home/airflow/.local/lib/python3.7/site-packages/airflow/example_dags/example_python_operator.py
[2022-08-19 23:11:11,633] {processor.py:651} INFO - DAG(s) dict_keys(['example_python_operator']) retrieved from /home/airflow/.local/lib/python3.7/site-packages/airflow/example_dags/example_python_operator.py
[2022-08-19 23:11:11,651] {logging_mixin.py:115} INFO - [2022-08-19 23:11:11,651] {dag.py:2420} INFO - Sync 1 DAGs
[2022-08-19 23:11:11,664] {logging_mixin.py:115} INFO - [2022-08-19 23:11:11,664] {dag.py:2972} INFO - Setting next_dagrun for example_python_operator to None, run_after=None
[2022-08-19 23:11:11,672] {processor.py:161} INFO - Processing /home/airflow/.local/lib/python3.7/site-packages/airflow/example_dags/example_python_operator.py took 0.056 seconds
[2022-08-19 23:11:41,834] {processor.py:153} INFO - Started process (PID=3088) to work on /home/airflow/.local/lib/python3.7/site-packages/airflow/example_dags/example_python_operator.py
[2022-08-19 23:11:41,835] {processor.py:641} INFO - Processing file /home/airflow/.local/lib/python3.7/site-packages/airflow/example_dags/example_python_operator.py for tasks to queue
[2022-08-19 23:11:41,837] {logging_mixin.py:115} INFO - [2022-08-19 23:11:41,837] {dagbag.py:508} INFO - Filling up the DagBag from /home/airflow/.local/lib/python3.7/site-packages/airflow/example_dags/example_python_operator.py
[2022-08-19 23:11:41,852] {processor.py:651} INFO - DAG(s) dict_keys(['example_python_operator']) retrieved from /home/airflow/.local/lib/python3.7/site-packages/airflow/example_dags/example_python_operator.py
[2022-08-19 23:11:41,885] {logging_mixin.py:115} INFO - [2022-08-19 23:11:41,885] {dag.py:2420} INFO - Sync 1 DAGs
[2022-08-19 23:11:41,913] {logging_mixin.py:115} INFO - [2022-08-19 23:11:41,912] {dag.py:2972} INFO - Setting next_dagrun for example_python_operator to None, run_after=None
[2022-08-19 23:11:41,923] {processor.py:161} INFO - Processing /home/airflow/.local/lib/python3.7/site-packages/airflow/example_dags/example_python_operator.py took 0.092 seconds
[2022-08-19 23:12:12,351] {processor.py:153} INFO - Started process (PID=3223) to work on /home/airflow/.local/lib/python3.7/site-packages/airflow/example_dags/example_python_operator.py
[2022-08-19 23:12:12,352] {processor.py:641} INFO - Processing file /home/airflow/.local/lib/python3.7/site-packages/airflow/example_dags/example_python_operator.py for tasks to queue
[2022-08-19 23:12:12,353] {logging_mixin.py:115} INFO - [2022-08-19 23:12:12,353] {dagbag.py:508} INFO - Filling up the DagBag from /home/airflow/.local/lib/python3.7/site-packages/airflow/example_dags/example_python_operator.py
[2022-08-19 23:12:12,365] {processor.py:651} INFO - DAG(s) dict_keys(['example_python_operator']) retrieved from /home/airflow/.local/lib/python3.7/site-packages/airflow/example_dags/example_python_operator.py
[2022-08-19 23:12:12,384] {logging_mixin.py:115} INFO - [2022-08-19 23:12:12,384] {dag.py:2420} INFO - Sync 1 DAGs
[2022-08-19 23:12:12,398] {logging_mixin.py:115} INFO - [2022-08-19 23:12:12,398] {dag.py:2972} INFO - Setting next_dagrun for example_python_operator to None, run_after=None
[2022-08-19 23:12:12,405] {processor.py:161} INFO - Processing /home/airflow/.local/lib/python3.7/site-packages/airflow/example_dags/example_python_operator.py took 0.057 seconds
[2022-08-19 23:12:42,545] {processor.py:153} INFO - Started process (PID=3336) to work on /home/airflow/.local/lib/python3.7/site-packages/airflow/example_dags/example_python_operator.py
[2022-08-19 23:12:42,546] {processor.py:641} INFO - Processing file /home/airflow/.local/lib/python3.7/site-packages/airflow/example_dags/example_python_operator.py for tasks to queue
[2022-08-19 23:12:42,547] {logging_mixin.py:115} INFO - [2022-08-19 23:12:42,547] {dagbag.py:508} INFO - Filling up the DagBag from /home/airflow/.local/lib/python3.7/site-packages/airflow/example_dags/example_python_operator.py
[2022-08-19 23:12:42,559] {processor.py:651} INFO - DAG(s) dict_keys(['example_python_operator']) retrieved from /home/airflow/.local/lib/python3.7/site-packages/airflow/example_dags/example_python_operator.py
[2022-08-19 23:12:42,578] {logging_mixin.py:115} INFO - [2022-08-19 23:12:42,578] {dag.py:2420} INFO - Sync 1 DAGs
[2022-08-19 23:12:42,592] {logging_mixin.py:115} INFO - [2022-08-19 23:12:42,591] {dag.py:2972} INFO - Setting next_dagrun for example_python_operator to None, run_after=None
[2022-08-19 23:12:42,598] {processor.py:161} INFO - Processing /home/airflow/.local/lib/python3.7/site-packages/airflow/example_dags/example_python_operator.py took 0.055 seconds
[2022-08-19 23:13:12,797] {processor.py:153} INFO - Started process (PID=3469) to work on /home/airflow/.local/lib/python3.7/site-packages/airflow/example_dags/example_python_operator.py
[2022-08-19 23:13:12,798] {processor.py:641} INFO - Processing file /home/airflow/.local/lib/python3.7/site-packages/airflow/example_dags/example_python_operator.py for tasks to queue
[2022-08-19 23:13:12,799] {logging_mixin.py:115} INFO - [2022-08-19 23:13:12,799] {dagbag.py:508} INFO - Filling up the DagBag from /home/airflow/.local/lib/python3.7/site-packages/airflow/example_dags/example_python_operator.py
[2022-08-19 23:13:12,819] {processor.py:651} INFO - DAG(s) dict_keys(['example_python_operator']) retrieved from /home/airflow/.local/lib/python3.7/site-packages/airflow/example_dags/example_python_operator.py
[2022-08-19 23:13:12,844] {logging_mixin.py:115} INFO - [2022-08-19 23:13:12,844] {dag.py:2420} INFO - Sync 1 DAGs
[2022-08-19 23:13:12,863] {logging_mixin.py:115} INFO - [2022-08-19 23:13:12,863] {dag.py:2972} INFO - Setting next_dagrun for example_python_operator to None, run_after=None
[2022-08-19 23:13:12,873] {processor.py:161} INFO - Processing /home/airflow/.local/lib/python3.7/site-packages/airflow/example_dags/example_python_operator.py took 0.079 seconds
[2022-08-19 23:13:43,493] {processor.py:153} INFO - Started process (PID=3593) to work on /home/airflow/.local/lib/python3.7/site-packages/airflow/example_dags/example_python_operator.py
[2022-08-19 23:13:43,494] {processor.py:641} INFO - Processing file /home/airflow/.local/lib/python3.7/site-packages/airflow/example_dags/example_python_operator.py for tasks to queue
[2022-08-19 23:13:43,495] {logging_mixin.py:115} INFO - [2022-08-19 23:13:43,495] {dagbag.py:508} INFO - Filling up the DagBag from /home/airflow/.local/lib/python3.7/site-packages/airflow/example_dags/example_python_operator.py
[2022-08-19 23:13:43,506] {processor.py:651} INFO - DAG(s) dict_keys(['example_python_operator']) retrieved from /home/airflow/.local/lib/python3.7/site-packages/airflow/example_dags/example_python_operator.py
[2022-08-19 23:13:43,523] {logging_mixin.py:115} INFO - [2022-08-19 23:13:43,523] {dag.py:2420} INFO - Sync 1 DAGs
[2022-08-19 23:13:43,536] {logging_mixin.py:115} INFO - [2022-08-19 23:13:43,536] {dag.py:2972} INFO - Setting next_dagrun for example_python_operator to None, run_after=None
[2022-08-19 23:13:43,543] {processor.py:161} INFO - Processing /home/airflow/.local/lib/python3.7/site-packages/airflow/example_dags/example_python_operator.py took 0.052 seconds
[2022-08-19 23:14:13,883] {processor.py:153} INFO - Started process (PID=3729) to work on /home/airflow/.local/lib/python3.7/site-packages/airflow/example_dags/example_python_operator.py
[2022-08-19 23:14:13,886] {processor.py:641} INFO - Processing file /home/airflow/.local/lib/python3.7/site-packages/airflow/example_dags/example_python_operator.py for tasks to queue
[2022-08-19 23:14:13,893] {logging_mixin.py:115} INFO - [2022-08-19 23:14:13,893] {dagbag.py:508} INFO - Filling up the DagBag from /home/airflow/.local/lib/python3.7/site-packages/airflow/example_dags/example_python_operator.py
[2022-08-19 23:14:13,921] {processor.py:651} INFO - DAG(s) dict_keys(['example_python_operator']) retrieved from /home/airflow/.local/lib/python3.7/site-packages/airflow/example_dags/example_python_operator.py
[2022-08-19 23:14:13,948] {logging_mixin.py:115} INFO - [2022-08-19 23:14:13,948] {dag.py:2420} INFO - Sync 1 DAGs
[2022-08-19 23:14:13,968] {logging_mixin.py:115} INFO - [2022-08-19 23:14:13,968] {dag.py:2972} INFO - Setting next_dagrun for example_python_operator to None, run_after=None
[2022-08-19 23:14:13,987] {processor.py:161} INFO - Processing /home/airflow/.local/lib/python3.7/site-packages/airflow/example_dags/example_python_operator.py took 0.108 seconds
[2022-08-19 23:14:44,146] {processor.py:153} INFO - Started process (PID=3864) to work on /home/airflow/.local/lib/python3.7/site-packages/airflow/example_dags/example_python_operator.py
[2022-08-19 23:14:44,147] {processor.py:641} INFO - Processing file /home/airflow/.local/lib/python3.7/site-packages/airflow/example_dags/example_python_operator.py for tasks to queue
[2022-08-19 23:14:44,148] {logging_mixin.py:115} INFO - [2022-08-19 23:14:44,148] {dagbag.py:508} INFO - Filling up the DagBag from /home/airflow/.local/lib/python3.7/site-packages/airflow/example_dags/example_python_operator.py
[2022-08-19 23:14:44,164] {processor.py:651} INFO - DAG(s) dict_keys(['example_python_operator']) retrieved from /home/airflow/.local/lib/python3.7/site-packages/airflow/example_dags/example_python_operator.py
[2022-08-19 23:14:44,189] {logging_mixin.py:115} INFO - [2022-08-19 23:14:44,189] {dag.py:2420} INFO - Sync 1 DAGs
[2022-08-19 23:14:44,211] {logging_mixin.py:115} INFO - [2022-08-19 23:14:44,210] {dag.py:2972} INFO - Setting next_dagrun for example_python_operator to None, run_after=None
[2022-08-19 23:14:44,226] {processor.py:161} INFO - Processing /home/airflow/.local/lib/python3.7/site-packages/airflow/example_dags/example_python_operator.py took 0.083 seconds
[2022-08-19 23:15:14,414] {processor.py:153} INFO - Started process (PID=3998) to work on /home/airflow/.local/lib/python3.7/site-packages/airflow/example_dags/example_python_operator.py
[2022-08-19 23:15:14,418] {processor.py:641} INFO - Processing file /home/airflow/.local/lib/python3.7/site-packages/airflow/example_dags/example_python_operator.py for tasks to queue
[2022-08-19 23:15:14,419] {logging_mixin.py:115} INFO - [2022-08-19 23:15:14,419] {dagbag.py:508} INFO - Filling up the DagBag from /home/airflow/.local/lib/python3.7/site-packages/airflow/example_dags/example_python_operator.py
[2022-08-19 23:15:14,444] {processor.py:651} INFO - DAG(s) dict_keys(['example_python_operator']) retrieved from /home/airflow/.local/lib/python3.7/site-packages/airflow/example_dags/example_python_operator.py
[2022-08-19 23:15:14,467] {logging_mixin.py:115} INFO - [2022-08-19 23:15:14,467] {dag.py:2420} INFO - Sync 1 DAGs
[2022-08-19 23:15:14,484] {logging_mixin.py:115} INFO - [2022-08-19 23:15:14,483] {dag.py:2972} INFO - Setting next_dagrun for example_python_operator to None, run_after=None
[2022-08-19 23:15:14,501] {processor.py:161} INFO - Processing /home/airflow/.local/lib/python3.7/site-packages/airflow/example_dags/example_python_operator.py took 0.093 seconds
[2022-08-19 23:15:44,645] {processor.py:153} INFO - Started process (PID=4117) to work on /home/airflow/.local/lib/python3.7/site-packages/airflow/example_dags/example_python_operator.py
[2022-08-19 23:15:44,647] {processor.py:641} INFO - Processing file /home/airflow/.local/lib/python3.7/site-packages/airflow/example_dags/example_python_operator.py for tasks to queue
[2022-08-19 23:15:44,650] {logging_mixin.py:115} INFO - [2022-08-19 23:15:44,650] {dagbag.py:508} INFO - Filling up the DagBag from /home/airflow/.local/lib/python3.7/site-packages/airflow/example_dags/example_python_operator.py
[2022-08-19 23:15:44,673] {processor.py:651} INFO - DAG(s) dict_keys(['example_python_operator']) retrieved from /home/airflow/.local/lib/python3.7/site-packages/airflow/example_dags/example_python_operator.py
[2022-08-19 23:15:44,722] {logging_mixin.py:115} INFO - [2022-08-19 23:15:44,722] {dag.py:2420} INFO - Sync 1 DAGs
[2022-08-19 23:15:44,752] {logging_mixin.py:115} INFO - [2022-08-19 23:15:44,752] {dag.py:2972} INFO - Setting next_dagrun for example_python_operator to None, run_after=None
[2022-08-19 23:15:44,772] {processor.py:161} INFO - Processing /home/airflow/.local/lib/python3.7/site-packages/airflow/example_dags/example_python_operator.py took 0.129 seconds
[2022-08-19 23:16:15,649] {processor.py:153} INFO - Started process (PID=4265) to work on /home/airflow/.local/lib/python3.7/site-packages/airflow/example_dags/example_python_operator.py
[2022-08-19 23:16:15,651] {processor.py:641} INFO - Processing file /home/airflow/.local/lib/python3.7/site-packages/airflow/example_dags/example_python_operator.py for tasks to queue
[2022-08-19 23:16:15,653] {logging_mixin.py:115} INFO - [2022-08-19 23:16:15,653] {dagbag.py:508} INFO - Filling up the DagBag from /home/airflow/.local/lib/python3.7/site-packages/airflow/example_dags/example_python_operator.py
[2022-08-19 23:16:15,673] {processor.py:651} INFO - DAG(s) dict_keys(['example_python_operator']) retrieved from /home/airflow/.local/lib/python3.7/site-packages/airflow/example_dags/example_python_operator.py
[2022-08-19 23:16:15,710] {logging_mixin.py:115} INFO - [2022-08-19 23:16:15,709] {dag.py:2420} INFO - Sync 1 DAGs
[2022-08-19 23:16:15,727] {logging_mixin.py:115} INFO - [2022-08-19 23:16:15,727] {dag.py:2972} INFO - Setting next_dagrun for example_python_operator to None, run_after=None
[2022-08-19 23:16:15,736] {processor.py:161} INFO - Processing /home/airflow/.local/lib/python3.7/site-packages/airflow/example_dags/example_python_operator.py took 0.090 seconds
[2022-08-19 23:16:46,000] {processor.py:153} INFO - Started process (PID=4383) to work on /home/airflow/.local/lib/python3.7/site-packages/airflow/example_dags/example_python_operator.py
[2022-08-19 23:16:46,002] {processor.py:641} INFO - Processing file /home/airflow/.local/lib/python3.7/site-packages/airflow/example_dags/example_python_operator.py for tasks to queue
[2022-08-19 23:16:46,003] {logging_mixin.py:115} INFO - [2022-08-19 23:16:46,003] {dagbag.py:508} INFO - Filling up the DagBag from /home/airflow/.local/lib/python3.7/site-packages/airflow/example_dags/example_python_operator.py
[2022-08-19 23:16:46,017] {processor.py:651} INFO - DAG(s) dict_keys(['example_python_operator']) retrieved from /home/airflow/.local/lib/python3.7/site-packages/airflow/example_dags/example_python_operator.py
[2022-08-19 23:16:46,034] {logging_mixin.py:115} INFO - [2022-08-19 23:16:46,034] {dag.py:2420} INFO - Sync 1 DAGs
[2022-08-19 23:16:46,049] {logging_mixin.py:115} INFO - [2022-08-19 23:16:46,049] {dag.py:2972} INFO - Setting next_dagrun for example_python_operator to None, run_after=None
[2022-08-19 23:16:46,056] {processor.py:161} INFO - Processing /home/airflow/.local/lib/python3.7/site-packages/airflow/example_dags/example_python_operator.py took 0.060 seconds
[2022-08-19 23:17:16,503] {processor.py:153} INFO - Started process (PID=4522) to work on /home/airflow/.local/lib/python3.7/site-packages/airflow/example_dags/example_python_operator.py
[2022-08-19 23:17:16,504] {processor.py:641} INFO - Processing file /home/airflow/.local/lib/python3.7/site-packages/airflow/example_dags/example_python_operator.py for tasks to queue
[2022-08-19 23:17:16,506] {logging_mixin.py:115} INFO - [2022-08-19 23:17:16,506] {dagbag.py:508} INFO - Filling up the DagBag from /home/airflow/.local/lib/python3.7/site-packages/airflow/example_dags/example_python_operator.py
[2022-08-19 23:17:16,523] {processor.py:651} INFO - DAG(s) dict_keys(['example_python_operator']) retrieved from /home/airflow/.local/lib/python3.7/site-packages/airflow/example_dags/example_python_operator.py
[2022-08-19 23:17:16,552] {logging_mixin.py:115} INFO - [2022-08-19 23:17:16,551] {dag.py:2420} INFO - Sync 1 DAGs
[2022-08-19 23:17:16,577] {logging_mixin.py:115} INFO - [2022-08-19 23:17:16,577] {dag.py:2972} INFO - Setting next_dagrun for example_python_operator to None, run_after=None
[2022-08-19 23:17:16,587] {processor.py:161} INFO - Processing /home/airflow/.local/lib/python3.7/site-packages/airflow/example_dags/example_python_operator.py took 0.088 seconds
[2022-08-19 23:17:46,923] {processor.py:153} INFO - Started process (PID=4658) to work on /home/airflow/.local/lib/python3.7/site-packages/airflow/example_dags/example_python_operator.py
[2022-08-19 23:17:46,943] {processor.py:641} INFO - Processing file /home/airflow/.local/lib/python3.7/site-packages/airflow/example_dags/example_python_operator.py for tasks to queue
[2022-08-19 23:17:46,946] {logging_mixin.py:115} INFO - [2022-08-19 23:17:46,946] {dagbag.py:508} INFO - Filling up the DagBag from /home/airflow/.local/lib/python3.7/site-packages/airflow/example_dags/example_python_operator.py
[2022-08-19 23:17:46,966] {processor.py:651} INFO - DAG(s) dict_keys(['example_python_operator']) retrieved from /home/airflow/.local/lib/python3.7/site-packages/airflow/example_dags/example_python_operator.py
[2022-08-19 23:17:47,013] {logging_mixin.py:115} INFO - [2022-08-19 23:17:47,013] {dag.py:2420} INFO - Sync 1 DAGs
[2022-08-19 23:17:47,055] {logging_mixin.py:115} INFO - [2022-08-19 23:17:47,055] {dag.py:2972} INFO - Setting next_dagrun for example_python_operator to None, run_after=None
[2022-08-19 23:17:47,069] {processor.py:161} INFO - Processing /home/airflow/.local/lib/python3.7/site-packages/airflow/example_dags/example_python_operator.py took 0.149 seconds
[2022-08-19 23:18:17,187] {processor.py:153} INFO - Started process (PID=4794) to work on /home/airflow/.local/lib/python3.7/site-packages/airflow/example_dags/example_python_operator.py
[2022-08-19 23:18:17,190] {processor.py:641} INFO - Processing file /home/airflow/.local/lib/python3.7/site-packages/airflow/example_dags/example_python_operator.py for tasks to queue
[2022-08-19 23:18:17,193] {logging_mixin.py:115} INFO - [2022-08-19 23:18:17,193] {dagbag.py:508} INFO - Filling up the DagBag from /home/airflow/.local/lib/python3.7/site-packages/airflow/example_dags/example_python_operator.py
[2022-08-19 23:18:17,220] {processor.py:651} INFO - DAG(s) dict_keys(['example_python_operator']) retrieved from /home/airflow/.local/lib/python3.7/site-packages/airflow/example_dags/example_python_operator.py
[2022-08-19 23:18:17,255] {logging_mixin.py:115} INFO - [2022-08-19 23:18:17,255] {dag.py:2420} INFO - Sync 1 DAGs
[2022-08-19 23:18:17,284] {logging_mixin.py:115} INFO - [2022-08-19 23:18:17,283] {dag.py:2972} INFO - Setting next_dagrun for example_python_operator to None, run_after=None
[2022-08-19 23:18:17,297] {processor.py:161} INFO - Processing /home/airflow/.local/lib/python3.7/site-packages/airflow/example_dags/example_python_operator.py took 0.112 seconds
[2022-08-19 23:18:48,200] {processor.py:153} INFO - Started process (PID=4917) to work on /home/airflow/.local/lib/python3.7/site-packages/airflow/example_dags/example_python_operator.py
[2022-08-19 23:18:48,202] {processor.py:641} INFO - Processing file /home/airflow/.local/lib/python3.7/site-packages/airflow/example_dags/example_python_operator.py for tasks to queue
[2022-08-19 23:18:48,203] {logging_mixin.py:115} INFO - [2022-08-19 23:18:48,203] {dagbag.py:508} INFO - Filling up the DagBag from /home/airflow/.local/lib/python3.7/site-packages/airflow/example_dags/example_python_operator.py
[2022-08-19 23:18:48,219] {processor.py:651} INFO - DAG(s) dict_keys(['example_python_operator']) retrieved from /home/airflow/.local/lib/python3.7/site-packages/airflow/example_dags/example_python_operator.py
[2022-08-19 23:18:48,256] {logging_mixin.py:115} INFO - [2022-08-19 23:18:48,256] {dag.py:2420} INFO - Sync 1 DAGs
[2022-08-19 23:18:48,278] {logging_mixin.py:115} INFO - [2022-08-19 23:18:48,278] {dag.py:2972} INFO - Setting next_dagrun for example_python_operator to None, run_after=None
[2022-08-19 23:18:48,293] {processor.py:161} INFO - Processing /home/airflow/.local/lib/python3.7/site-packages/airflow/example_dags/example_python_operator.py took 0.096 seconds
[2022-08-19 23:19:18,591] {processor.py:153} INFO - Started process (PID=5055) to work on /home/airflow/.local/lib/python3.7/site-packages/airflow/example_dags/example_python_operator.py
[2022-08-19 23:19:18,594] {processor.py:641} INFO - Processing file /home/airflow/.local/lib/python3.7/site-packages/airflow/example_dags/example_python_operator.py for tasks to queue
[2022-08-19 23:19:18,596] {logging_mixin.py:115} INFO - [2022-08-19 23:19:18,596] {dagbag.py:508} INFO - Filling up the DagBag from /home/airflow/.local/lib/python3.7/site-packages/airflow/example_dags/example_python_operator.py
[2022-08-19 23:19:18,616] {processor.py:651} INFO - DAG(s) dict_keys(['example_python_operator']) retrieved from /home/airflow/.local/lib/python3.7/site-packages/airflow/example_dags/example_python_operator.py
[2022-08-19 23:19:18,644] {logging_mixin.py:115} INFO - [2022-08-19 23:19:18,644] {dag.py:2420} INFO - Sync 1 DAGs
[2022-08-19 23:19:18,663] {logging_mixin.py:115} INFO - [2022-08-19 23:19:18,663] {dag.py:2972} INFO - Setting next_dagrun for example_python_operator to None, run_after=None
[2022-08-19 23:19:18,678] {processor.py:161} INFO - Processing /home/airflow/.local/lib/python3.7/site-packages/airflow/example_dags/example_python_operator.py took 0.089 seconds
[2022-08-19 23:19:48,790] {processor.py:153} INFO - Started process (PID=5195) to work on /home/airflow/.local/lib/python3.7/site-packages/airflow/example_dags/example_python_operator.py
[2022-08-19 23:19:48,791] {processor.py:641} INFO - Processing file /home/airflow/.local/lib/python3.7/site-packages/airflow/example_dags/example_python_operator.py for tasks to queue
[2022-08-19 23:19:48,793] {logging_mixin.py:115} INFO - [2022-08-19 23:19:48,793] {dagbag.py:508} INFO - Filling up the DagBag from /home/airflow/.local/lib/python3.7/site-packages/airflow/example_dags/example_python_operator.py
[2022-08-19 23:19:48,841] {processor.py:651} INFO - DAG(s) dict_keys(['example_python_operator']) retrieved from /home/airflow/.local/lib/python3.7/site-packages/airflow/example_dags/example_python_operator.py
[2022-08-19 23:19:48,879] {logging_mixin.py:115} INFO - [2022-08-19 23:19:48,879] {dag.py:2420} INFO - Sync 1 DAGs
[2022-08-19 23:19:48,909] {logging_mixin.py:115} INFO - [2022-08-19 23:19:48,909] {dag.py:2972} INFO - Setting next_dagrun for example_python_operator to None, run_after=None
[2022-08-19 23:19:48,922] {processor.py:161} INFO - Processing /home/airflow/.local/lib/python3.7/site-packages/airflow/example_dags/example_python_operator.py took 0.133 seconds
[2022-08-19 23:20:19,255] {processor.py:153} INFO - Started process (PID=5312) to work on /home/airflow/.local/lib/python3.7/site-packages/airflow/example_dags/example_python_operator.py
[2022-08-19 23:20:19,257] {processor.py:641} INFO - Processing file /home/airflow/.local/lib/python3.7/site-packages/airflow/example_dags/example_python_operator.py for tasks to queue
[2022-08-19 23:20:19,259] {logging_mixin.py:115} INFO - [2022-08-19 23:20:19,259] {dagbag.py:508} INFO - Filling up the DagBag from /home/airflow/.local/lib/python3.7/site-packages/airflow/example_dags/example_python_operator.py
[2022-08-19 23:20:19,280] {processor.py:651} INFO - DAG(s) dict_keys(['example_python_operator']) retrieved from /home/airflow/.local/lib/python3.7/site-packages/airflow/example_dags/example_python_operator.py
[2022-08-19 23:20:19,325] {logging_mixin.py:115} INFO - [2022-08-19 23:20:19,325] {dag.py:2420} INFO - Sync 1 DAGs
[2022-08-19 23:20:19,342] {logging_mixin.py:115} INFO - [2022-08-19 23:20:19,342] {dag.py:2972} INFO - Setting next_dagrun for example_python_operator to None, run_after=None
[2022-08-19 23:20:19,357] {processor.py:161} INFO - Processing /home/airflow/.local/lib/python3.7/site-packages/airflow/example_dags/example_python_operator.py took 0.105 seconds
[2022-08-19 23:20:50,005] {processor.py:153} INFO - Started process (PID=5430) to work on /home/airflow/.local/lib/python3.7/site-packages/airflow/example_dags/example_python_operator.py
[2022-08-19 23:20:50,007] {processor.py:641} INFO - Processing file /home/airflow/.local/lib/python3.7/site-packages/airflow/example_dags/example_python_operator.py for tasks to queue
[2022-08-19 23:20:50,008] {logging_mixin.py:115} INFO - [2022-08-19 23:20:50,008] {dagbag.py:508} INFO - Filling up the DagBag from /home/airflow/.local/lib/python3.7/site-packages/airflow/example_dags/example_python_operator.py
[2022-08-19 23:20:50,025] {processor.py:651} INFO - DAG(s) dict_keys(['example_python_operator']) retrieved from /home/airflow/.local/lib/python3.7/site-packages/airflow/example_dags/example_python_operator.py
[2022-08-19 23:20:50,058] {logging_mixin.py:115} INFO - [2022-08-19 23:20:50,058] {dag.py:2420} INFO - Sync 1 DAGs
[2022-08-19 23:20:50,076] {logging_mixin.py:115} INFO - [2022-08-19 23:20:50,076] {dag.py:2972} INFO - Setting next_dagrun for example_python_operator to None, run_after=None
[2022-08-19 23:20:50,090] {processor.py:161} INFO - Processing /home/airflow/.local/lib/python3.7/site-packages/airflow/example_dags/example_python_operator.py took 0.088 seconds
[2022-08-19 23:21:20,389] {processor.py:153} INFO - Started process (PID=5556) to work on /home/airflow/.local/lib/python3.7/site-packages/airflow/example_dags/example_python_operator.py
[2022-08-19 23:21:20,390] {processor.py:641} INFO - Processing file /home/airflow/.local/lib/python3.7/site-packages/airflow/example_dags/example_python_operator.py for tasks to queue
[2022-08-19 23:21:20,391] {logging_mixin.py:115} INFO - [2022-08-19 23:21:20,391] {dagbag.py:508} INFO - Filling up the DagBag from /home/airflow/.local/lib/python3.7/site-packages/airflow/example_dags/example_python_operator.py
[2022-08-19 23:21:20,408] {processor.py:651} INFO - DAG(s) dict_keys(['example_python_operator']) retrieved from /home/airflow/.local/lib/python3.7/site-packages/airflow/example_dags/example_python_operator.py
[2022-08-19 23:21:20,434] {logging_mixin.py:115} INFO - [2022-08-19 23:21:20,434] {dag.py:2420} INFO - Sync 1 DAGs
[2022-08-19 23:21:20,453] {logging_mixin.py:115} INFO - [2022-08-19 23:21:20,453] {dag.py:2972} INFO - Setting next_dagrun for example_python_operator to None, run_after=None
[2022-08-19 23:21:20,463] {processor.py:161} INFO - Processing /home/airflow/.local/lib/python3.7/site-packages/airflow/example_dags/example_python_operator.py took 0.077 seconds
[2022-08-19 23:21:50,618] {processor.py:153} INFO - Started process (PID=5680) to work on /home/airflow/.local/lib/python3.7/site-packages/airflow/example_dags/example_python_operator.py
[2022-08-19 23:21:50,620] {processor.py:641} INFO - Processing file /home/airflow/.local/lib/python3.7/site-packages/airflow/example_dags/example_python_operator.py for tasks to queue
[2022-08-19 23:21:50,621] {logging_mixin.py:115} INFO - [2022-08-19 23:21:50,621] {dagbag.py:508} INFO - Filling up the DagBag from /home/airflow/.local/lib/python3.7/site-packages/airflow/example_dags/example_python_operator.py
[2022-08-19 23:21:50,632] {processor.py:651} INFO - DAG(s) dict_keys(['example_python_operator']) retrieved from /home/airflow/.local/lib/python3.7/site-packages/airflow/example_dags/example_python_operator.py
[2022-08-19 23:21:50,650] {logging_mixin.py:115} INFO - [2022-08-19 23:21:50,650] {dag.py:2420} INFO - Sync 1 DAGs
[2022-08-19 23:21:50,664] {logging_mixin.py:115} INFO - [2022-08-19 23:21:50,664] {dag.py:2972} INFO - Setting next_dagrun for example_python_operator to None, run_after=None
[2022-08-19 23:21:50,671] {processor.py:161} INFO - Processing /home/airflow/.local/lib/python3.7/site-packages/airflow/example_dags/example_python_operator.py took 0.056 seconds
[2022-08-19 23:22:21,152] {processor.py:153} INFO - Started process (PID=5739) to work on /home/airflow/.local/lib/python3.7/site-packages/airflow/example_dags/example_python_operator.py
[2022-08-19 23:22:21,161] {processor.py:641} INFO - Processing file /home/airflow/.local/lib/python3.7/site-packages/airflow/example_dags/example_python_operator.py for tasks to queue
[2022-08-19 23:22:21,163] {logging_mixin.py:115} INFO - [2022-08-19 23:22:21,162] {dagbag.py:508} INFO - Filling up the DagBag from /home/airflow/.local/lib/python3.7/site-packages/airflow/example_dags/example_python_operator.py
[2022-08-19 23:22:21,174] {processor.py:651} INFO - DAG(s) dict_keys(['example_python_operator']) retrieved from /home/airflow/.local/lib/python3.7/site-packages/airflow/example_dags/example_python_operator.py
[2022-08-19 23:22:21,192] {logging_mixin.py:115} INFO - [2022-08-19 23:22:21,192] {dag.py:2420} INFO - Sync 1 DAGs
[2022-08-19 23:22:21,204] {logging_mixin.py:115} INFO - [2022-08-19 23:22:21,204] {dag.py:2972} INFO - Setting next_dagrun for example_python_operator to None, run_after=None
[2022-08-19 23:22:21,213] {processor.py:161} INFO - Processing /home/airflow/.local/lib/python3.7/site-packages/airflow/example_dags/example_python_operator.py took 0.063 seconds
[2022-08-19 23:22:51,761] {processor.py:153} INFO - Started process (PID=5811) to work on /home/airflow/.local/lib/python3.7/site-packages/airflow/example_dags/example_python_operator.py
[2022-08-19 23:22:51,763] {processor.py:641} INFO - Processing file /home/airflow/.local/lib/python3.7/site-packages/airflow/example_dags/example_python_operator.py for tasks to queue
[2022-08-19 23:22:51,764] {logging_mixin.py:115} INFO - [2022-08-19 23:22:51,764] {dagbag.py:508} INFO - Filling up the DagBag from /home/airflow/.local/lib/python3.7/site-packages/airflow/example_dags/example_python_operator.py
[2022-08-19 23:22:51,779] {processor.py:651} INFO - DAG(s) dict_keys(['example_python_operator']) retrieved from /home/airflow/.local/lib/python3.7/site-packages/airflow/example_dags/example_python_operator.py
[2022-08-19 23:22:51,797] {logging_mixin.py:115} INFO - [2022-08-19 23:22:51,797] {dag.py:2420} INFO - Sync 1 DAGs
[2022-08-19 23:22:51,808] {logging_mixin.py:115} INFO - [2022-08-19 23:22:51,808] {dag.py:2972} INFO - Setting next_dagrun for example_python_operator to None, run_after=None
[2022-08-19 23:22:51,816] {processor.py:161} INFO - Processing /home/airflow/.local/lib/python3.7/site-packages/airflow/example_dags/example_python_operator.py took 0.059 seconds
[2022-08-19 23:23:22,222] {processor.py:153} INFO - Started process (PID=5882) to work on /home/airflow/.local/lib/python3.7/site-packages/airflow/example_dags/example_python_operator.py
[2022-08-19 23:23:22,224] {processor.py:641} INFO - Processing file /home/airflow/.local/lib/python3.7/site-packages/airflow/example_dags/example_python_operator.py for tasks to queue
[2022-08-19 23:23:22,225] {logging_mixin.py:115} INFO - [2022-08-19 23:23:22,225] {dagbag.py:508} INFO - Filling up the DagBag from /home/airflow/.local/lib/python3.7/site-packages/airflow/example_dags/example_python_operator.py
[2022-08-19 23:23:22,237] {processor.py:651} INFO - DAG(s) dict_keys(['example_python_operator']) retrieved from /home/airflow/.local/lib/python3.7/site-packages/airflow/example_dags/example_python_operator.py
[2022-08-19 23:23:22,255] {logging_mixin.py:115} INFO - [2022-08-19 23:23:22,255] {dag.py:2420} INFO - Sync 1 DAGs
[2022-08-19 23:23:22,269] {logging_mixin.py:115} INFO - [2022-08-19 23:23:22,269] {dag.py:2972} INFO - Setting next_dagrun for example_python_operator to None, run_after=None
[2022-08-19 23:23:22,277] {processor.py:161} INFO - Processing /home/airflow/.local/lib/python3.7/site-packages/airflow/example_dags/example_python_operator.py took 0.057 seconds
[2022-08-19 23:23:52,838] {processor.py:153} INFO - Started process (PID=5948) to work on /home/airflow/.local/lib/python3.7/site-packages/airflow/example_dags/example_python_operator.py
[2022-08-19 23:23:52,839] {processor.py:641} INFO - Processing file /home/airflow/.local/lib/python3.7/site-packages/airflow/example_dags/example_python_operator.py for tasks to queue
[2022-08-19 23:23:52,840] {logging_mixin.py:115} INFO - [2022-08-19 23:23:52,840] {dagbag.py:508} INFO - Filling up the DagBag from /home/airflow/.local/lib/python3.7/site-packages/airflow/example_dags/example_python_operator.py
[2022-08-19 23:23:52,853] {processor.py:651} INFO - DAG(s) dict_keys(['example_python_operator']) retrieved from /home/airflow/.local/lib/python3.7/site-packages/airflow/example_dags/example_python_operator.py
[2022-08-19 23:23:52,873] {logging_mixin.py:115} INFO - [2022-08-19 23:23:52,873] {dag.py:2420} INFO - Sync 1 DAGs
[2022-08-19 23:23:52,886] {logging_mixin.py:115} INFO - [2022-08-19 23:23:52,886] {dag.py:2972} INFO - Setting next_dagrun for example_python_operator to None, run_after=None
[2022-08-19 23:23:52,894] {processor.py:161} INFO - Processing /home/airflow/.local/lib/python3.7/site-packages/airflow/example_dags/example_python_operator.py took 0.059 seconds
[2022-08-19 23:24:23,206] {processor.py:153} INFO - Started process (PID=6015) to work on /home/airflow/.local/lib/python3.7/site-packages/airflow/example_dags/example_python_operator.py
[2022-08-19 23:24:23,208] {processor.py:641} INFO - Processing file /home/airflow/.local/lib/python3.7/site-packages/airflow/example_dags/example_python_operator.py for tasks to queue
[2022-08-19 23:24:23,209] {logging_mixin.py:115} INFO - [2022-08-19 23:24:23,209] {dagbag.py:508} INFO - Filling up the DagBag from /home/airflow/.local/lib/python3.7/site-packages/airflow/example_dags/example_python_operator.py
[2022-08-19 23:24:23,219] {processor.py:651} INFO - DAG(s) dict_keys(['example_python_operator']) retrieved from /home/airflow/.local/lib/python3.7/site-packages/airflow/example_dags/example_python_operator.py
[2022-08-19 23:24:23,238] {logging_mixin.py:115} INFO - [2022-08-19 23:24:23,237] {dag.py:2420} INFO - Sync 1 DAGs
[2022-08-19 23:24:23,252] {logging_mixin.py:115} INFO - [2022-08-19 23:24:23,251] {dag.py:2972} INFO - Setting next_dagrun for example_python_operator to None, run_after=None
[2022-08-19 23:24:23,263] {processor.py:161} INFO - Processing /home/airflow/.local/lib/python3.7/site-packages/airflow/example_dags/example_python_operator.py took 0.061 seconds
[2022-08-19 23:24:53,658] {processor.py:153} INFO - Started process (PID=6084) to work on /home/airflow/.local/lib/python3.7/site-packages/airflow/example_dags/example_python_operator.py
[2022-08-19 23:24:53,665] {processor.py:641} INFO - Processing file /home/airflow/.local/lib/python3.7/site-packages/airflow/example_dags/example_python_operator.py for tasks to queue
[2022-08-19 23:24:53,667] {logging_mixin.py:115} INFO - [2022-08-19 23:24:53,667] {dagbag.py:508} INFO - Filling up the DagBag from /home/airflow/.local/lib/python3.7/site-packages/airflow/example_dags/example_python_operator.py
[2022-08-19 23:24:53,681] {processor.py:651} INFO - DAG(s) dict_keys(['example_python_operator']) retrieved from /home/airflow/.local/lib/python3.7/site-packages/airflow/example_dags/example_python_operator.py
[2022-08-19 23:24:53,700] {logging_mixin.py:115} INFO - [2022-08-19 23:24:53,700] {dag.py:2420} INFO - Sync 1 DAGs
[2022-08-19 23:24:53,713] {logging_mixin.py:115} INFO - [2022-08-19 23:24:53,713] {dag.py:2972} INFO - Setting next_dagrun for example_python_operator to None, run_after=None
[2022-08-19 23:24:53,721] {processor.py:161} INFO - Processing /home/airflow/.local/lib/python3.7/site-packages/airflow/example_dags/example_python_operator.py took 0.067 seconds
