[2022-08-19 22:31:44,432] {processor.py:153} INFO - Started process (PID=42) to work on /home/airflow/.local/lib/python3.7/site-packages/airflow/example_dags/example_trigger_target_dag.py
[2022-08-19 22:31:44,434] {processor.py:641} INFO - Processing file /home/airflow/.local/lib/python3.7/site-packages/airflow/example_dags/example_trigger_target_dag.py for tasks to queue
[2022-08-19 22:31:44,435] {logging_mixin.py:115} INFO - [2022-08-19 22:31:44,435] {dagbag.py:508} INFO - Filling up the DagBag from /home/airflow/.local/lib/python3.7/site-packages/airflow/example_dags/example_trigger_target_dag.py
[2022-08-19 22:31:44,452] {processor.py:651} INFO - DAG(s) dict_keys(['example_trigger_target_dag']) retrieved from /home/airflow/.local/lib/python3.7/site-packages/airflow/example_dags/example_trigger_target_dag.py
[2022-08-19 22:31:44,512] {logging_mixin.py:115} INFO - [2022-08-19 22:31:44,512] {manager.py:508} INFO - Created Permission View: can delete on DAG:example_trigger_target_dag
[2022-08-19 22:31:44,521] {logging_mixin.py:115} INFO - [2022-08-19 22:31:44,521] {manager.py:508} INFO - Created Permission View: can read on DAG:example_trigger_target_dag
[2022-08-19 22:31:44,526] {logging_mixin.py:115} INFO - [2022-08-19 22:31:44,526] {manager.py:508} INFO - Created Permission View: can edit on DAG:example_trigger_target_dag
[2022-08-19 22:31:44,527] {logging_mixin.py:115} INFO - [2022-08-19 22:31:44,527] {dag.py:2420} INFO - Sync 1 DAGs
[2022-08-19 22:31:44,534] {logging_mixin.py:115} INFO - [2022-08-19 22:31:44,534] {dag.py:2439} INFO - Creating ORM DAG for example_trigger_target_dag
[2022-08-19 22:31:44,542] {logging_mixin.py:115} INFO - [2022-08-19 22:31:44,542] {dag.py:2972} INFO - Setting next_dagrun for example_trigger_target_dag to None, run_after=None
[2022-08-19 22:31:44,552] {processor.py:161} INFO - Processing /home/airflow/.local/lib/python3.7/site-packages/airflow/example_dags/example_trigger_target_dag.py took 0.126 seconds
[2022-08-19 22:32:15,143] {processor.py:153} INFO - Started process (PID=105) to work on /home/airflow/.local/lib/python3.7/site-packages/airflow/example_dags/example_trigger_target_dag.py
[2022-08-19 22:32:15,145] {processor.py:641} INFO - Processing file /home/airflow/.local/lib/python3.7/site-packages/airflow/example_dags/example_trigger_target_dag.py for tasks to queue
[2022-08-19 22:32:15,145] {logging_mixin.py:115} INFO - [2022-08-19 22:32:15,145] {dagbag.py:508} INFO - Filling up the DagBag from /home/airflow/.local/lib/python3.7/site-packages/airflow/example_dags/example_trigger_target_dag.py
[2022-08-19 22:32:15,156] {processor.py:651} INFO - DAG(s) dict_keys(['example_trigger_target_dag']) retrieved from /home/airflow/.local/lib/python3.7/site-packages/airflow/example_dags/example_trigger_target_dag.py
[2022-08-19 22:32:15,173] {logging_mixin.py:115} INFO - [2022-08-19 22:32:15,173] {dag.py:2420} INFO - Sync 1 DAGs
[2022-08-19 22:32:15,186] {logging_mixin.py:115} INFO - [2022-08-19 22:32:15,186] {dag.py:2972} INFO - Setting next_dagrun for example_trigger_target_dag to None, run_after=None
[2022-08-19 22:32:15,193] {processor.py:161} INFO - Processing /home/airflow/.local/lib/python3.7/site-packages/airflow/example_dags/example_trigger_target_dag.py took 0.052 seconds
[2022-08-19 22:53:23,793] {processor.py:153} INFO - Started process (PID=42) to work on /home/airflow/.local/lib/python3.7/site-packages/airflow/example_dags/example_trigger_target_dag.py
[2022-08-19 22:53:23,794] {processor.py:641} INFO - Processing file /home/airflow/.local/lib/python3.7/site-packages/airflow/example_dags/example_trigger_target_dag.py for tasks to queue
[2022-08-19 22:53:23,795] {logging_mixin.py:115} INFO - [2022-08-19 22:53:23,795] {dagbag.py:508} INFO - Filling up the DagBag from /home/airflow/.local/lib/python3.7/site-packages/airflow/example_dags/example_trigger_target_dag.py
[2022-08-19 22:53:23,811] {processor.py:651} INFO - DAG(s) dict_keys(['example_trigger_target_dag']) retrieved from /home/airflow/.local/lib/python3.7/site-packages/airflow/example_dags/example_trigger_target_dag.py
[2022-08-19 22:53:23,898] {logging_mixin.py:115} INFO - [2022-08-19 22:53:23,898] {manager.py:508} INFO - Created Permission View: can read on DAG:example_trigger_target_dag
[2022-08-19 22:53:23,906] {logging_mixin.py:115} INFO - [2022-08-19 22:53:23,905] {manager.py:508} INFO - Created Permission View: can delete on DAG:example_trigger_target_dag
[2022-08-19 22:53:23,912] {logging_mixin.py:115} INFO - [2022-08-19 22:53:23,912] {manager.py:508} INFO - Created Permission View: can edit on DAG:example_trigger_target_dag
[2022-08-19 22:53:23,913] {logging_mixin.py:115} INFO - [2022-08-19 22:53:23,913] {dag.py:2420} INFO - Sync 1 DAGs
[2022-08-19 22:53:23,922] {logging_mixin.py:115} INFO - [2022-08-19 22:53:23,922] {dag.py:2439} INFO - Creating ORM DAG for example_trigger_target_dag
[2022-08-19 22:53:23,933] {logging_mixin.py:115} INFO - [2022-08-19 22:53:23,932] {dag.py:2972} INFO - Setting next_dagrun for example_trigger_target_dag to None, run_after=None
[2022-08-19 22:53:23,951] {processor.py:161} INFO - Processing /home/airflow/.local/lib/python3.7/site-packages/airflow/example_dags/example_trigger_target_dag.py took 0.161 seconds
[2022-08-19 22:53:54,763] {processor.py:153} INFO - Started process (PID=120) to work on /home/airflow/.local/lib/python3.7/site-packages/airflow/example_dags/example_trigger_target_dag.py
[2022-08-19 22:53:54,764] {processor.py:641} INFO - Processing file /home/airflow/.local/lib/python3.7/site-packages/airflow/example_dags/example_trigger_target_dag.py for tasks to queue
[2022-08-19 22:53:54,766] {logging_mixin.py:115} INFO - [2022-08-19 22:53:54,766] {dagbag.py:508} INFO - Filling up the DagBag from /home/airflow/.local/lib/python3.7/site-packages/airflow/example_dags/example_trigger_target_dag.py
[2022-08-19 22:53:54,776] {processor.py:651} INFO - DAG(s) dict_keys(['example_trigger_target_dag']) retrieved from /home/airflow/.local/lib/python3.7/site-packages/airflow/example_dags/example_trigger_target_dag.py
[2022-08-19 22:53:54,794] {logging_mixin.py:115} INFO - [2022-08-19 22:53:54,794] {dag.py:2420} INFO - Sync 1 DAGs
[2022-08-19 22:53:54,812] {logging_mixin.py:115} INFO - [2022-08-19 22:53:54,812] {dag.py:2972} INFO - Setting next_dagrun for example_trigger_target_dag to None, run_after=None
[2022-08-19 22:53:54,825] {processor.py:161} INFO - Processing /home/airflow/.local/lib/python3.7/site-packages/airflow/example_dags/example_trigger_target_dag.py took 0.064 seconds
[2022-08-19 22:54:25,293] {processor.py:153} INFO - Started process (PID=193) to work on /home/airflow/.local/lib/python3.7/site-packages/airflow/example_dags/example_trigger_target_dag.py
[2022-08-19 22:54:25,295] {processor.py:641} INFO - Processing file /home/airflow/.local/lib/python3.7/site-packages/airflow/example_dags/example_trigger_target_dag.py for tasks to queue
[2022-08-19 22:54:25,296] {logging_mixin.py:115} INFO - [2022-08-19 22:54:25,296] {dagbag.py:508} INFO - Filling up the DagBag from /home/airflow/.local/lib/python3.7/site-packages/airflow/example_dags/example_trigger_target_dag.py
[2022-08-19 22:54:25,307] {processor.py:651} INFO - DAG(s) dict_keys(['example_trigger_target_dag']) retrieved from /home/airflow/.local/lib/python3.7/site-packages/airflow/example_dags/example_trigger_target_dag.py
[2022-08-19 22:54:25,331] {logging_mixin.py:115} INFO - [2022-08-19 22:54:25,331] {dag.py:2420} INFO - Sync 1 DAGs
[2022-08-19 22:54:25,356] {logging_mixin.py:115} INFO - [2022-08-19 22:54:25,355] {dag.py:2972} INFO - Setting next_dagrun for example_trigger_target_dag to None, run_after=None
[2022-08-19 22:54:25,370] {processor.py:161} INFO - Processing /home/airflow/.local/lib/python3.7/site-packages/airflow/example_dags/example_trigger_target_dag.py took 0.079 seconds
[2022-08-19 22:54:55,875] {processor.py:153} INFO - Started process (PID=260) to work on /home/airflow/.local/lib/python3.7/site-packages/airflow/example_dags/example_trigger_target_dag.py
[2022-08-19 22:54:55,876] {processor.py:641} INFO - Processing file /home/airflow/.local/lib/python3.7/site-packages/airflow/example_dags/example_trigger_target_dag.py for tasks to queue
[2022-08-19 22:54:55,878] {logging_mixin.py:115} INFO - [2022-08-19 22:54:55,878] {dagbag.py:508} INFO - Filling up the DagBag from /home/airflow/.local/lib/python3.7/site-packages/airflow/example_dags/example_trigger_target_dag.py
[2022-08-19 22:54:55,889] {processor.py:651} INFO - DAG(s) dict_keys(['example_trigger_target_dag']) retrieved from /home/airflow/.local/lib/python3.7/site-packages/airflow/example_dags/example_trigger_target_dag.py
[2022-08-19 22:54:55,907] {logging_mixin.py:115} INFO - [2022-08-19 22:54:55,907] {dag.py:2420} INFO - Sync 1 DAGs
[2022-08-19 22:54:55,920] {logging_mixin.py:115} INFO - [2022-08-19 22:54:55,920] {dag.py:2972} INFO - Setting next_dagrun for example_trigger_target_dag to None, run_after=None
[2022-08-19 22:54:55,928] {processor.py:161} INFO - Processing /home/airflow/.local/lib/python3.7/site-packages/airflow/example_dags/example_trigger_target_dag.py took 0.056 seconds
[2022-08-19 22:55:26,319] {processor.py:153} INFO - Started process (PID=321) to work on /home/airflow/.local/lib/python3.7/site-packages/airflow/example_dags/example_trigger_target_dag.py
[2022-08-19 22:55:26,320] {processor.py:641} INFO - Processing file /home/airflow/.local/lib/python3.7/site-packages/airflow/example_dags/example_trigger_target_dag.py for tasks to queue
[2022-08-19 22:55:26,322] {logging_mixin.py:115} INFO - [2022-08-19 22:55:26,321] {dagbag.py:508} INFO - Filling up the DagBag from /home/airflow/.local/lib/python3.7/site-packages/airflow/example_dags/example_trigger_target_dag.py
[2022-08-19 22:55:26,331] {processor.py:651} INFO - DAG(s) dict_keys(['example_trigger_target_dag']) retrieved from /home/airflow/.local/lib/python3.7/site-packages/airflow/example_dags/example_trigger_target_dag.py
[2022-08-19 22:55:26,350] {logging_mixin.py:115} INFO - [2022-08-19 22:55:26,350] {dag.py:2420} INFO - Sync 1 DAGs
[2022-08-19 22:55:26,363] {logging_mixin.py:115} INFO - [2022-08-19 22:55:26,363] {dag.py:2972} INFO - Setting next_dagrun for example_trigger_target_dag to None, run_after=None
[2022-08-19 22:55:26,371] {processor.py:161} INFO - Processing /home/airflow/.local/lib/python3.7/site-packages/airflow/example_dags/example_trigger_target_dag.py took 0.054 seconds
[2022-08-19 22:55:56,839] {processor.py:153} INFO - Started process (PID=377) to work on /home/airflow/.local/lib/python3.7/site-packages/airflow/example_dags/example_trigger_target_dag.py
[2022-08-19 22:55:56,840] {processor.py:641} INFO - Processing file /home/airflow/.local/lib/python3.7/site-packages/airflow/example_dags/example_trigger_target_dag.py for tasks to queue
[2022-08-19 22:55:56,841] {logging_mixin.py:115} INFO - [2022-08-19 22:55:56,841] {dagbag.py:508} INFO - Filling up the DagBag from /home/airflow/.local/lib/python3.7/site-packages/airflow/example_dags/example_trigger_target_dag.py
[2022-08-19 22:55:56,850] {processor.py:651} INFO - DAG(s) dict_keys(['example_trigger_target_dag']) retrieved from /home/airflow/.local/lib/python3.7/site-packages/airflow/example_dags/example_trigger_target_dag.py
[2022-08-19 22:55:56,868] {logging_mixin.py:115} INFO - [2022-08-19 22:55:56,868] {dag.py:2420} INFO - Sync 1 DAGs
[2022-08-19 22:55:56,881] {logging_mixin.py:115} INFO - [2022-08-19 22:55:56,881] {dag.py:2972} INFO - Setting next_dagrun for example_trigger_target_dag to None, run_after=None
[2022-08-19 22:55:56,888] {processor.py:161} INFO - Processing /home/airflow/.local/lib/python3.7/site-packages/airflow/example_dags/example_trigger_target_dag.py took 0.051 seconds
[2022-08-19 22:56:27,318] {processor.py:153} INFO - Started process (PID=446) to work on /home/airflow/.local/lib/python3.7/site-packages/airflow/example_dags/example_trigger_target_dag.py
[2022-08-19 22:56:27,319] {processor.py:641} INFO - Processing file /home/airflow/.local/lib/python3.7/site-packages/airflow/example_dags/example_trigger_target_dag.py for tasks to queue
[2022-08-19 22:56:27,320] {logging_mixin.py:115} INFO - [2022-08-19 22:56:27,320] {dagbag.py:508} INFO - Filling up the DagBag from /home/airflow/.local/lib/python3.7/site-packages/airflow/example_dags/example_trigger_target_dag.py
[2022-08-19 22:56:27,329] {processor.py:651} INFO - DAG(s) dict_keys(['example_trigger_target_dag']) retrieved from /home/airflow/.local/lib/python3.7/site-packages/airflow/example_dags/example_trigger_target_dag.py
[2022-08-19 22:56:27,345] {logging_mixin.py:115} INFO - [2022-08-19 22:56:27,345] {dag.py:2420} INFO - Sync 1 DAGs
[2022-08-19 22:56:27,357] {logging_mixin.py:115} INFO - [2022-08-19 22:56:27,357] {dag.py:2972} INFO - Setting next_dagrun for example_trigger_target_dag to None, run_after=None
[2022-08-19 22:56:27,365] {processor.py:161} INFO - Processing /home/airflow/.local/lib/python3.7/site-packages/airflow/example_dags/example_trigger_target_dag.py took 0.050 seconds
[2022-08-19 22:56:57,727] {processor.py:153} INFO - Started process (PID=510) to work on /home/airflow/.local/lib/python3.7/site-packages/airflow/example_dags/example_trigger_target_dag.py
[2022-08-19 22:56:57,728] {processor.py:641} INFO - Processing file /home/airflow/.local/lib/python3.7/site-packages/airflow/example_dags/example_trigger_target_dag.py for tasks to queue
[2022-08-19 22:56:57,729] {logging_mixin.py:115} INFO - [2022-08-19 22:56:57,729] {dagbag.py:508} INFO - Filling up the DagBag from /home/airflow/.local/lib/python3.7/site-packages/airflow/example_dags/example_trigger_target_dag.py
[2022-08-19 22:56:57,739] {processor.py:651} INFO - DAG(s) dict_keys(['example_trigger_target_dag']) retrieved from /home/airflow/.local/lib/python3.7/site-packages/airflow/example_dags/example_trigger_target_dag.py
[2022-08-19 22:56:57,755] {logging_mixin.py:115} INFO - [2022-08-19 22:56:57,755] {dag.py:2420} INFO - Sync 1 DAGs
[2022-08-19 22:56:57,768] {logging_mixin.py:115} INFO - [2022-08-19 22:56:57,768] {dag.py:2972} INFO - Setting next_dagrun for example_trigger_target_dag to None, run_after=None
[2022-08-19 22:56:57,775] {processor.py:161} INFO - Processing /home/airflow/.local/lib/python3.7/site-packages/airflow/example_dags/example_trigger_target_dag.py took 0.050 seconds
[2022-08-19 22:57:28,158] {processor.py:153} INFO - Started process (PID=579) to work on /home/airflow/.local/lib/python3.7/site-packages/airflow/example_dags/example_trigger_target_dag.py
[2022-08-19 22:57:28,159] {processor.py:641} INFO - Processing file /home/airflow/.local/lib/python3.7/site-packages/airflow/example_dags/example_trigger_target_dag.py for tasks to queue
[2022-08-19 22:57:28,161] {logging_mixin.py:115} INFO - [2022-08-19 22:57:28,161] {dagbag.py:508} INFO - Filling up the DagBag from /home/airflow/.local/lib/python3.7/site-packages/airflow/example_dags/example_trigger_target_dag.py
[2022-08-19 22:57:28,170] {processor.py:651} INFO - DAG(s) dict_keys(['example_trigger_target_dag']) retrieved from /home/airflow/.local/lib/python3.7/site-packages/airflow/example_dags/example_trigger_target_dag.py
[2022-08-19 22:57:28,186] {logging_mixin.py:115} INFO - [2022-08-19 22:57:28,186] {dag.py:2420} INFO - Sync 1 DAGs
[2022-08-19 22:57:28,199] {logging_mixin.py:115} INFO - [2022-08-19 22:57:28,199] {dag.py:2972} INFO - Setting next_dagrun for example_trigger_target_dag to None, run_after=None
[2022-08-19 22:57:28,208] {processor.py:161} INFO - Processing /home/airflow/.local/lib/python3.7/site-packages/airflow/example_dags/example_trigger_target_dag.py took 0.052 seconds
[2022-08-19 22:57:58,561] {processor.py:153} INFO - Started process (PID=645) to work on /home/airflow/.local/lib/python3.7/site-packages/airflow/example_dags/example_trigger_target_dag.py
[2022-08-19 22:57:58,563] {processor.py:641} INFO - Processing file /home/airflow/.local/lib/python3.7/site-packages/airflow/example_dags/example_trigger_target_dag.py for tasks to queue
[2022-08-19 22:57:58,563] {logging_mixin.py:115} INFO - [2022-08-19 22:57:58,563] {dagbag.py:508} INFO - Filling up the DagBag from /home/airflow/.local/lib/python3.7/site-packages/airflow/example_dags/example_trigger_target_dag.py
[2022-08-19 22:57:58,573] {processor.py:651} INFO - DAG(s) dict_keys(['example_trigger_target_dag']) retrieved from /home/airflow/.local/lib/python3.7/site-packages/airflow/example_dags/example_trigger_target_dag.py
[2022-08-19 22:57:58,590] {logging_mixin.py:115} INFO - [2022-08-19 22:57:58,590] {dag.py:2420} INFO - Sync 1 DAGs
[2022-08-19 22:57:58,608] {logging_mixin.py:115} INFO - [2022-08-19 22:57:58,608] {dag.py:2972} INFO - Setting next_dagrun for example_trigger_target_dag to None, run_after=None
[2022-08-19 22:57:58,616] {processor.py:161} INFO - Processing /home/airflow/.local/lib/python3.7/site-packages/airflow/example_dags/example_trigger_target_dag.py took 0.057 seconds
[2022-08-19 22:58:29,063] {processor.py:153} INFO - Started process (PID=701) to work on /home/airflow/.local/lib/python3.7/site-packages/airflow/example_dags/example_trigger_target_dag.py
[2022-08-19 22:58:29,064] {processor.py:641} INFO - Processing file /home/airflow/.local/lib/python3.7/site-packages/airflow/example_dags/example_trigger_target_dag.py for tasks to queue
[2022-08-19 22:58:29,066] {logging_mixin.py:115} INFO - [2022-08-19 22:58:29,066] {dagbag.py:508} INFO - Filling up the DagBag from /home/airflow/.local/lib/python3.7/site-packages/airflow/example_dags/example_trigger_target_dag.py
[2022-08-19 22:58:29,078] {processor.py:651} INFO - DAG(s) dict_keys(['example_trigger_target_dag']) retrieved from /home/airflow/.local/lib/python3.7/site-packages/airflow/example_dags/example_trigger_target_dag.py
[2022-08-19 22:58:29,096] {logging_mixin.py:115} INFO - [2022-08-19 22:58:29,096] {dag.py:2420} INFO - Sync 1 DAGs
[2022-08-19 22:58:29,113] {logging_mixin.py:115} INFO - [2022-08-19 22:58:29,112] {dag.py:2972} INFO - Setting next_dagrun for example_trigger_target_dag to None, run_after=None
[2022-08-19 22:58:29,119] {processor.py:161} INFO - Processing /home/airflow/.local/lib/python3.7/site-packages/airflow/example_dags/example_trigger_target_dag.py took 0.059 seconds
[2022-08-19 22:58:59,456] {processor.py:153} INFO - Started process (PID=767) to work on /home/airflow/.local/lib/python3.7/site-packages/airflow/example_dags/example_trigger_target_dag.py
[2022-08-19 22:58:59,457] {processor.py:641} INFO - Processing file /home/airflow/.local/lib/python3.7/site-packages/airflow/example_dags/example_trigger_target_dag.py for tasks to queue
[2022-08-19 22:58:59,458] {logging_mixin.py:115} INFO - [2022-08-19 22:58:59,458] {dagbag.py:508} INFO - Filling up the DagBag from /home/airflow/.local/lib/python3.7/site-packages/airflow/example_dags/example_trigger_target_dag.py
[2022-08-19 22:58:59,470] {processor.py:651} INFO - DAG(s) dict_keys(['example_trigger_target_dag']) retrieved from /home/airflow/.local/lib/python3.7/site-packages/airflow/example_dags/example_trigger_target_dag.py
[2022-08-19 22:58:59,487] {logging_mixin.py:115} INFO - [2022-08-19 22:58:59,487] {dag.py:2420} INFO - Sync 1 DAGs
[2022-08-19 22:58:59,500] {logging_mixin.py:115} INFO - [2022-08-19 22:58:59,500] {dag.py:2972} INFO - Setting next_dagrun for example_trigger_target_dag to None, run_after=None
[2022-08-19 22:58:59,507] {processor.py:161} INFO - Processing /home/airflow/.local/lib/python3.7/site-packages/airflow/example_dags/example_trigger_target_dag.py took 0.053 seconds
[2022-08-19 22:59:29,947] {processor.py:153} INFO - Started process (PID=833) to work on /home/airflow/.local/lib/python3.7/site-packages/airflow/example_dags/example_trigger_target_dag.py
[2022-08-19 22:59:29,949] {processor.py:641} INFO - Processing file /home/airflow/.local/lib/python3.7/site-packages/airflow/example_dags/example_trigger_target_dag.py for tasks to queue
[2022-08-19 22:59:29,950] {logging_mixin.py:115} INFO - [2022-08-19 22:59:29,950] {dagbag.py:508} INFO - Filling up the DagBag from /home/airflow/.local/lib/python3.7/site-packages/airflow/example_dags/example_trigger_target_dag.py
[2022-08-19 22:59:29,962] {processor.py:651} INFO - DAG(s) dict_keys(['example_trigger_target_dag']) retrieved from /home/airflow/.local/lib/python3.7/site-packages/airflow/example_dags/example_trigger_target_dag.py
[2022-08-19 22:59:29,979] {logging_mixin.py:115} INFO - [2022-08-19 22:59:29,979] {dag.py:2420} INFO - Sync 1 DAGs
[2022-08-19 22:59:29,993] {logging_mixin.py:115} INFO - [2022-08-19 22:59:29,993] {dag.py:2972} INFO - Setting next_dagrun for example_trigger_target_dag to None, run_after=None
[2022-08-19 22:59:30,007] {processor.py:161} INFO - Processing /home/airflow/.local/lib/python3.7/site-packages/airflow/example_dags/example_trigger_target_dag.py took 0.062 seconds
[2022-08-19 23:00:00,437] {processor.py:153} INFO - Started process (PID=901) to work on /home/airflow/.local/lib/python3.7/site-packages/airflow/example_dags/example_trigger_target_dag.py
[2022-08-19 23:00:00,455] {processor.py:641} INFO - Processing file /home/airflow/.local/lib/python3.7/site-packages/airflow/example_dags/example_trigger_target_dag.py for tasks to queue
[2022-08-19 23:00:00,456] {logging_mixin.py:115} INFO - [2022-08-19 23:00:00,456] {dagbag.py:508} INFO - Filling up the DagBag from /home/airflow/.local/lib/python3.7/site-packages/airflow/example_dags/example_trigger_target_dag.py
[2022-08-19 23:00:00,467] {processor.py:651} INFO - DAG(s) dict_keys(['example_trigger_target_dag']) retrieved from /home/airflow/.local/lib/python3.7/site-packages/airflow/example_dags/example_trigger_target_dag.py
[2022-08-19 23:00:00,487] {logging_mixin.py:115} INFO - [2022-08-19 23:00:00,487] {dag.py:2420} INFO - Sync 1 DAGs
[2022-08-19 23:00:00,503] {logging_mixin.py:115} INFO - [2022-08-19 23:00:00,503] {dag.py:2972} INFO - Setting next_dagrun for example_trigger_target_dag to None, run_after=None
[2022-08-19 23:00:00,511] {processor.py:161} INFO - Processing /home/airflow/.local/lib/python3.7/site-packages/airflow/example_dags/example_trigger_target_dag.py took 0.078 seconds
[2022-08-19 23:00:30,919] {processor.py:153} INFO - Started process (PID=967) to work on /home/airflow/.local/lib/python3.7/site-packages/airflow/example_dags/example_trigger_target_dag.py
[2022-08-19 23:00:30,920] {processor.py:641} INFO - Processing file /home/airflow/.local/lib/python3.7/site-packages/airflow/example_dags/example_trigger_target_dag.py for tasks to queue
[2022-08-19 23:00:30,921] {logging_mixin.py:115} INFO - [2022-08-19 23:00:30,921] {dagbag.py:508} INFO - Filling up the DagBag from /home/airflow/.local/lib/python3.7/site-packages/airflow/example_dags/example_trigger_target_dag.py
[2022-08-19 23:00:30,930] {processor.py:651} INFO - DAG(s) dict_keys(['example_trigger_target_dag']) retrieved from /home/airflow/.local/lib/python3.7/site-packages/airflow/example_dags/example_trigger_target_dag.py
[2022-08-19 23:00:30,948] {logging_mixin.py:115} INFO - [2022-08-19 23:00:30,948] {dag.py:2420} INFO - Sync 1 DAGs
[2022-08-19 23:00:30,961] {logging_mixin.py:115} INFO - [2022-08-19 23:00:30,960] {dag.py:2972} INFO - Setting next_dagrun for example_trigger_target_dag to None, run_after=None
[2022-08-19 23:00:30,968] {processor.py:161} INFO - Processing /home/airflow/.local/lib/python3.7/site-packages/airflow/example_dags/example_trigger_target_dag.py took 0.051 seconds
[2022-08-19 23:01:01,291] {processor.py:153} INFO - Started process (PID=1037) to work on /home/airflow/.local/lib/python3.7/site-packages/airflow/example_dags/example_trigger_target_dag.py
[2022-08-19 23:01:01,292] {processor.py:641} INFO - Processing file /home/airflow/.local/lib/python3.7/site-packages/airflow/example_dags/example_trigger_target_dag.py for tasks to queue
[2022-08-19 23:01:01,293] {logging_mixin.py:115} INFO - [2022-08-19 23:01:01,293] {dagbag.py:508} INFO - Filling up the DagBag from /home/airflow/.local/lib/python3.7/site-packages/airflow/example_dags/example_trigger_target_dag.py
[2022-08-19 23:01:01,303] {processor.py:651} INFO - DAG(s) dict_keys(['example_trigger_target_dag']) retrieved from /home/airflow/.local/lib/python3.7/site-packages/airflow/example_dags/example_trigger_target_dag.py
[2022-08-19 23:01:01,321] {logging_mixin.py:115} INFO - [2022-08-19 23:01:01,321] {dag.py:2420} INFO - Sync 1 DAGs
[2022-08-19 23:01:01,335] {logging_mixin.py:115} INFO - [2022-08-19 23:01:01,335] {dag.py:2972} INFO - Setting next_dagrun for example_trigger_target_dag to None, run_after=None
[2022-08-19 23:01:01,343] {processor.py:161} INFO - Processing /home/airflow/.local/lib/python3.7/site-packages/airflow/example_dags/example_trigger_target_dag.py took 0.054 seconds
[2022-08-19 23:01:31,752] {processor.py:153} INFO - Started process (PID=1091) to work on /home/airflow/.local/lib/python3.7/site-packages/airflow/example_dags/example_trigger_target_dag.py
[2022-08-19 23:01:31,753] {processor.py:641} INFO - Processing file /home/airflow/.local/lib/python3.7/site-packages/airflow/example_dags/example_trigger_target_dag.py for tasks to queue
[2022-08-19 23:01:31,754] {logging_mixin.py:115} INFO - [2022-08-19 23:01:31,754] {dagbag.py:508} INFO - Filling up the DagBag from /home/airflow/.local/lib/python3.7/site-packages/airflow/example_dags/example_trigger_target_dag.py
[2022-08-19 23:01:31,763] {processor.py:651} INFO - DAG(s) dict_keys(['example_trigger_target_dag']) retrieved from /home/airflow/.local/lib/python3.7/site-packages/airflow/example_dags/example_trigger_target_dag.py
[2022-08-19 23:01:31,780] {logging_mixin.py:115} INFO - [2022-08-19 23:01:31,780] {dag.py:2420} INFO - Sync 1 DAGs
[2022-08-19 23:01:31,792] {logging_mixin.py:115} INFO - [2022-08-19 23:01:31,792] {dag.py:2972} INFO - Setting next_dagrun for example_trigger_target_dag to None, run_after=None
[2022-08-19 23:01:31,800] {processor.py:161} INFO - Processing /home/airflow/.local/lib/python3.7/site-packages/airflow/example_dags/example_trigger_target_dag.py took 0.049 seconds
[2022-08-19 23:02:02,248] {processor.py:153} INFO - Started process (PID=1157) to work on /home/airflow/.local/lib/python3.7/site-packages/airflow/example_dags/example_trigger_target_dag.py
[2022-08-19 23:02:02,248] {processor.py:641} INFO - Processing file /home/airflow/.local/lib/python3.7/site-packages/airflow/example_dags/example_trigger_target_dag.py for tasks to queue
[2022-08-19 23:02:02,249] {logging_mixin.py:115} INFO - [2022-08-19 23:02:02,249] {dagbag.py:508} INFO - Filling up the DagBag from /home/airflow/.local/lib/python3.7/site-packages/airflow/example_dags/example_trigger_target_dag.py
[2022-08-19 23:02:02,258] {processor.py:651} INFO - DAG(s) dict_keys(['example_trigger_target_dag']) retrieved from /home/airflow/.local/lib/python3.7/site-packages/airflow/example_dags/example_trigger_target_dag.py
[2022-08-19 23:02:02,274] {logging_mixin.py:115} INFO - [2022-08-19 23:02:02,274] {dag.py:2420} INFO - Sync 1 DAGs
[2022-08-19 23:02:02,286] {logging_mixin.py:115} INFO - [2022-08-19 23:02:02,286] {dag.py:2972} INFO - Setting next_dagrun for example_trigger_target_dag to None, run_after=None
[2022-08-19 23:02:02,293] {processor.py:161} INFO - Processing /home/airflow/.local/lib/python3.7/site-packages/airflow/example_dags/example_trigger_target_dag.py took 0.048 seconds
[2022-08-19 23:02:32,683] {processor.py:153} INFO - Started process (PID=1219) to work on /home/airflow/.local/lib/python3.7/site-packages/airflow/example_dags/example_trigger_target_dag.py
[2022-08-19 23:02:32,685] {processor.py:641} INFO - Processing file /home/airflow/.local/lib/python3.7/site-packages/airflow/example_dags/example_trigger_target_dag.py for tasks to queue
[2022-08-19 23:02:32,686] {logging_mixin.py:115} INFO - [2022-08-19 23:02:32,686] {dagbag.py:508} INFO - Filling up the DagBag from /home/airflow/.local/lib/python3.7/site-packages/airflow/example_dags/example_trigger_target_dag.py
[2022-08-19 23:02:32,696] {processor.py:651} INFO - DAG(s) dict_keys(['example_trigger_target_dag']) retrieved from /home/airflow/.local/lib/python3.7/site-packages/airflow/example_dags/example_trigger_target_dag.py
[2022-08-19 23:02:32,714] {logging_mixin.py:115} INFO - [2022-08-19 23:02:32,714] {dag.py:2420} INFO - Sync 1 DAGs
[2022-08-19 23:02:32,729] {logging_mixin.py:115} INFO - [2022-08-19 23:02:32,729] {dag.py:2972} INFO - Setting next_dagrun for example_trigger_target_dag to None, run_after=None
[2022-08-19 23:02:32,738] {processor.py:161} INFO - Processing /home/airflow/.local/lib/python3.7/site-packages/airflow/example_dags/example_trigger_target_dag.py took 0.057 seconds
[2022-08-19 23:03:03,125] {processor.py:153} INFO - Started process (PID=1284) to work on /home/airflow/.local/lib/python3.7/site-packages/airflow/example_dags/example_trigger_target_dag.py
[2022-08-19 23:03:03,127] {processor.py:641} INFO - Processing file /home/airflow/.local/lib/python3.7/site-packages/airflow/example_dags/example_trigger_target_dag.py for tasks to queue
[2022-08-19 23:03:03,127] {logging_mixin.py:115} INFO - [2022-08-19 23:03:03,127] {dagbag.py:508} INFO - Filling up the DagBag from /home/airflow/.local/lib/python3.7/site-packages/airflow/example_dags/example_trigger_target_dag.py
[2022-08-19 23:03:03,137] {processor.py:651} INFO - DAG(s) dict_keys(['example_trigger_target_dag']) retrieved from /home/airflow/.local/lib/python3.7/site-packages/airflow/example_dags/example_trigger_target_dag.py
[2022-08-19 23:03:03,154] {logging_mixin.py:115} INFO - [2022-08-19 23:03:03,154] {dag.py:2420} INFO - Sync 1 DAGs
[2022-08-19 23:03:03,169] {logging_mixin.py:115} INFO - [2022-08-19 23:03:03,169] {dag.py:2972} INFO - Setting next_dagrun for example_trigger_target_dag to None, run_after=None
[2022-08-19 23:03:03,180] {processor.py:161} INFO - Processing /home/airflow/.local/lib/python3.7/site-packages/airflow/example_dags/example_trigger_target_dag.py took 0.057 seconds
[2022-08-19 23:03:33,595] {processor.py:153} INFO - Started process (PID=1351) to work on /home/airflow/.local/lib/python3.7/site-packages/airflow/example_dags/example_trigger_target_dag.py
[2022-08-19 23:03:33,596] {processor.py:641} INFO - Processing file /home/airflow/.local/lib/python3.7/site-packages/airflow/example_dags/example_trigger_target_dag.py for tasks to queue
[2022-08-19 23:03:33,597] {logging_mixin.py:115} INFO - [2022-08-19 23:03:33,597] {dagbag.py:508} INFO - Filling up the DagBag from /home/airflow/.local/lib/python3.7/site-packages/airflow/example_dags/example_trigger_target_dag.py
[2022-08-19 23:03:33,606] {processor.py:651} INFO - DAG(s) dict_keys(['example_trigger_target_dag']) retrieved from /home/airflow/.local/lib/python3.7/site-packages/airflow/example_dags/example_trigger_target_dag.py
[2022-08-19 23:03:33,625] {logging_mixin.py:115} INFO - [2022-08-19 23:03:33,625] {dag.py:2420} INFO - Sync 1 DAGs
[2022-08-19 23:03:33,640] {logging_mixin.py:115} INFO - [2022-08-19 23:03:33,640] {dag.py:2972} INFO - Setting next_dagrun for example_trigger_target_dag to None, run_after=None
[2022-08-19 23:03:33,650] {processor.py:161} INFO - Processing /home/airflow/.local/lib/python3.7/site-packages/airflow/example_dags/example_trigger_target_dag.py took 0.058 seconds
[2022-08-19 23:04:03,808] {processor.py:153} INFO - Started process (PID=1425) to work on /home/airflow/.local/lib/python3.7/site-packages/airflow/example_dags/example_trigger_target_dag.py
[2022-08-19 23:04:03,809] {processor.py:641} INFO - Processing file /home/airflow/.local/lib/python3.7/site-packages/airflow/example_dags/example_trigger_target_dag.py for tasks to queue
[2022-08-19 23:04:03,811] {logging_mixin.py:115} INFO - [2022-08-19 23:04:03,811] {dagbag.py:508} INFO - Filling up the DagBag from /home/airflow/.local/lib/python3.7/site-packages/airflow/example_dags/example_trigger_target_dag.py
[2022-08-19 23:04:03,824] {processor.py:651} INFO - DAG(s) dict_keys(['example_trigger_target_dag']) retrieved from /home/airflow/.local/lib/python3.7/site-packages/airflow/example_dags/example_trigger_target_dag.py
[2022-08-19 23:04:03,845] {logging_mixin.py:115} INFO - [2022-08-19 23:04:03,845] {dag.py:2420} INFO - Sync 1 DAGs
[2022-08-19 23:04:03,858] {logging_mixin.py:115} INFO - [2022-08-19 23:04:03,858] {dag.py:2972} INFO - Setting next_dagrun for example_trigger_target_dag to None, run_after=None
[2022-08-19 23:04:03,868] {processor.py:161} INFO - Processing /home/airflow/.local/lib/python3.7/site-packages/airflow/example_dags/example_trigger_target_dag.py took 0.063 seconds
[2022-08-19 23:04:34,394] {processor.py:153} INFO - Started process (PID=1488) to work on /home/airflow/.local/lib/python3.7/site-packages/airflow/example_dags/example_trigger_target_dag.py
[2022-08-19 23:04:34,395] {processor.py:641} INFO - Processing file /home/airflow/.local/lib/python3.7/site-packages/airflow/example_dags/example_trigger_target_dag.py for tasks to queue
[2022-08-19 23:04:34,397] {logging_mixin.py:115} INFO - [2022-08-19 23:04:34,397] {dagbag.py:508} INFO - Filling up the DagBag from /home/airflow/.local/lib/python3.7/site-packages/airflow/example_dags/example_trigger_target_dag.py
[2022-08-19 23:04:34,409] {processor.py:651} INFO - DAG(s) dict_keys(['example_trigger_target_dag']) retrieved from /home/airflow/.local/lib/python3.7/site-packages/airflow/example_dags/example_trigger_target_dag.py
[2022-08-19 23:04:34,430] {logging_mixin.py:115} INFO - [2022-08-19 23:04:34,430] {dag.py:2420} INFO - Sync 1 DAGs
[2022-08-19 23:04:34,445] {logging_mixin.py:115} INFO - [2022-08-19 23:04:34,445] {dag.py:2972} INFO - Setting next_dagrun for example_trigger_target_dag to None, run_after=None
[2022-08-19 23:04:34,454] {processor.py:161} INFO - Processing /home/airflow/.local/lib/python3.7/site-packages/airflow/example_dags/example_trigger_target_dag.py took 0.063 seconds
[2022-08-19 23:05:05,087] {processor.py:153} INFO - Started process (PID=1556) to work on /home/airflow/.local/lib/python3.7/site-packages/airflow/example_dags/example_trigger_target_dag.py
[2022-08-19 23:05:05,088] {processor.py:641} INFO - Processing file /home/airflow/.local/lib/python3.7/site-packages/airflow/example_dags/example_trigger_target_dag.py for tasks to queue
[2022-08-19 23:05:05,089] {logging_mixin.py:115} INFO - [2022-08-19 23:05:05,089] {dagbag.py:508} INFO - Filling up the DagBag from /home/airflow/.local/lib/python3.7/site-packages/airflow/example_dags/example_trigger_target_dag.py
[2022-08-19 23:05:05,099] {processor.py:651} INFO - DAG(s) dict_keys(['example_trigger_target_dag']) retrieved from /home/airflow/.local/lib/python3.7/site-packages/airflow/example_dags/example_trigger_target_dag.py
[2022-08-19 23:05:05,117] {logging_mixin.py:115} INFO - [2022-08-19 23:05:05,116] {dag.py:2420} INFO - Sync 1 DAGs
[2022-08-19 23:05:05,130] {logging_mixin.py:115} INFO - [2022-08-19 23:05:05,130] {dag.py:2972} INFO - Setting next_dagrun for example_trigger_target_dag to None, run_after=None
[2022-08-19 23:05:05,138] {processor.py:161} INFO - Processing /home/airflow/.local/lib/python3.7/site-packages/airflow/example_dags/example_trigger_target_dag.py took 0.053 seconds
[2022-08-19 23:05:35,650] {processor.py:153} INFO - Started process (PID=1626) to work on /home/airflow/.local/lib/python3.7/site-packages/airflow/example_dags/example_trigger_target_dag.py
[2022-08-19 23:05:35,651] {processor.py:641} INFO - Processing file /home/airflow/.local/lib/python3.7/site-packages/airflow/example_dags/example_trigger_target_dag.py for tasks to queue
[2022-08-19 23:05:35,652] {logging_mixin.py:115} INFO - [2022-08-19 23:05:35,652] {dagbag.py:508} INFO - Filling up the DagBag from /home/airflow/.local/lib/python3.7/site-packages/airflow/example_dags/example_trigger_target_dag.py
[2022-08-19 23:05:35,661] {processor.py:651} INFO - DAG(s) dict_keys(['example_trigger_target_dag']) retrieved from /home/airflow/.local/lib/python3.7/site-packages/airflow/example_dags/example_trigger_target_dag.py
[2022-08-19 23:05:35,678] {logging_mixin.py:115} INFO - [2022-08-19 23:05:35,678] {dag.py:2420} INFO - Sync 1 DAGs
[2022-08-19 23:05:35,692] {logging_mixin.py:115} INFO - [2022-08-19 23:05:35,692] {dag.py:2972} INFO - Setting next_dagrun for example_trigger_target_dag to None, run_after=None
[2022-08-19 23:05:35,701] {processor.py:161} INFO - Processing /home/airflow/.local/lib/python3.7/site-packages/airflow/example_dags/example_trigger_target_dag.py took 0.053 seconds
[2022-08-19 23:06:06,166] {processor.py:153} INFO - Started process (PID=1717) to work on /home/airflow/.local/lib/python3.7/site-packages/airflow/example_dags/example_trigger_target_dag.py
[2022-08-19 23:06:06,169] {processor.py:641} INFO - Processing file /home/airflow/.local/lib/python3.7/site-packages/airflow/example_dags/example_trigger_target_dag.py for tasks to queue
[2022-08-19 23:06:06,170] {logging_mixin.py:115} INFO - [2022-08-19 23:06:06,170] {dagbag.py:508} INFO - Filling up the DagBag from /home/airflow/.local/lib/python3.7/site-packages/airflow/example_dags/example_trigger_target_dag.py
[2022-08-19 23:06:06,194] {processor.py:651} INFO - DAG(s) dict_keys(['example_trigger_target_dag']) retrieved from /home/airflow/.local/lib/python3.7/site-packages/airflow/example_dags/example_trigger_target_dag.py
[2022-08-19 23:06:06,226] {logging_mixin.py:115} INFO - [2022-08-19 23:06:06,226] {dag.py:2420} INFO - Sync 1 DAGs
[2022-08-19 23:06:06,249] {logging_mixin.py:115} INFO - [2022-08-19 23:06:06,249] {dag.py:2972} INFO - Setting next_dagrun for example_trigger_target_dag to None, run_after=None
[2022-08-19 23:06:06,260] {processor.py:161} INFO - Processing /home/airflow/.local/lib/python3.7/site-packages/airflow/example_dags/example_trigger_target_dag.py took 0.097 seconds
[2022-08-19 23:06:36,602] {processor.py:153} INFO - Started process (PID=1833) to work on /home/airflow/.local/lib/python3.7/site-packages/airflow/example_dags/example_trigger_target_dag.py
[2022-08-19 23:06:36,604] {processor.py:641} INFO - Processing file /home/airflow/.local/lib/python3.7/site-packages/airflow/example_dags/example_trigger_target_dag.py for tasks to queue
[2022-08-19 23:06:36,608] {logging_mixin.py:115} INFO - [2022-08-19 23:06:36,608] {dagbag.py:508} INFO - Filling up the DagBag from /home/airflow/.local/lib/python3.7/site-packages/airflow/example_dags/example_trigger_target_dag.py
[2022-08-19 23:06:36,635] {processor.py:651} INFO - DAG(s) dict_keys(['example_trigger_target_dag']) retrieved from /home/airflow/.local/lib/python3.7/site-packages/airflow/example_dags/example_trigger_target_dag.py
[2022-08-19 23:06:36,685] {logging_mixin.py:115} INFO - [2022-08-19 23:06:36,685] {dag.py:2420} INFO - Sync 1 DAGs
[2022-08-19 23:06:36,745] {logging_mixin.py:115} INFO - [2022-08-19 23:06:36,745] {dag.py:2972} INFO - Setting next_dagrun for example_trigger_target_dag to None, run_after=None
[2022-08-19 23:06:36,760] {processor.py:161} INFO - Processing /home/airflow/.local/lib/python3.7/site-packages/airflow/example_dags/example_trigger_target_dag.py took 0.161 seconds
[2022-08-19 23:07:07,181] {processor.py:153} INFO - Started process (PID=1966) to work on /home/airflow/.local/lib/python3.7/site-packages/airflow/example_dags/example_trigger_target_dag.py
[2022-08-19 23:07:07,182] {processor.py:641} INFO - Processing file /home/airflow/.local/lib/python3.7/site-packages/airflow/example_dags/example_trigger_target_dag.py for tasks to queue
[2022-08-19 23:07:07,183] {logging_mixin.py:115} INFO - [2022-08-19 23:07:07,183] {dagbag.py:508} INFO - Filling up the DagBag from /home/airflow/.local/lib/python3.7/site-packages/airflow/example_dags/example_trigger_target_dag.py
[2022-08-19 23:07:07,193] {processor.py:651} INFO - DAG(s) dict_keys(['example_trigger_target_dag']) retrieved from /home/airflow/.local/lib/python3.7/site-packages/airflow/example_dags/example_trigger_target_dag.py
[2022-08-19 23:07:07,209] {logging_mixin.py:115} INFO - [2022-08-19 23:07:07,209] {dag.py:2420} INFO - Sync 1 DAGs
[2022-08-19 23:07:07,221] {logging_mixin.py:115} INFO - [2022-08-19 23:07:07,221] {dag.py:2972} INFO - Setting next_dagrun for example_trigger_target_dag to None, run_after=None
[2022-08-19 23:07:07,228] {processor.py:161} INFO - Processing /home/airflow/.local/lib/python3.7/site-packages/airflow/example_dags/example_trigger_target_dag.py took 0.049 seconds
[2022-08-19 23:07:38,114] {processor.py:153} INFO - Started process (PID=2099) to work on /home/airflow/.local/lib/python3.7/site-packages/airflow/example_dags/example_trigger_target_dag.py
[2022-08-19 23:07:38,125] {processor.py:641} INFO - Processing file /home/airflow/.local/lib/python3.7/site-packages/airflow/example_dags/example_trigger_target_dag.py for tasks to queue
[2022-08-19 23:07:38,128] {logging_mixin.py:115} INFO - [2022-08-19 23:07:38,128] {dagbag.py:508} INFO - Filling up the DagBag from /home/airflow/.local/lib/python3.7/site-packages/airflow/example_dags/example_trigger_target_dag.py
[2022-08-19 23:07:38,181] {processor.py:651} INFO - DAG(s) dict_keys(['example_trigger_target_dag']) retrieved from /home/airflow/.local/lib/python3.7/site-packages/airflow/example_dags/example_trigger_target_dag.py
[2022-08-19 23:07:38,223] {logging_mixin.py:115} INFO - [2022-08-19 23:07:38,223] {dag.py:2420} INFO - Sync 1 DAGs
[2022-08-19 23:07:38,264] {logging_mixin.py:115} INFO - [2022-08-19 23:07:38,263] {dag.py:2972} INFO - Setting next_dagrun for example_trigger_target_dag to None, run_after=None
[2022-08-19 23:07:38,280] {processor.py:161} INFO - Processing /home/airflow/.local/lib/python3.7/site-packages/airflow/example_dags/example_trigger_target_dag.py took 0.169 seconds
[2022-08-19 23:08:09,198] {processor.py:153} INFO - Started process (PID=2219) to work on /home/airflow/.local/lib/python3.7/site-packages/airflow/example_dags/example_trigger_target_dag.py
[2022-08-19 23:08:09,200] {processor.py:641} INFO - Processing file /home/airflow/.local/lib/python3.7/site-packages/airflow/example_dags/example_trigger_target_dag.py for tasks to queue
[2022-08-19 23:08:09,202] {logging_mixin.py:115} INFO - [2022-08-19 23:08:09,202] {dagbag.py:508} INFO - Filling up the DagBag from /home/airflow/.local/lib/python3.7/site-packages/airflow/example_dags/example_trigger_target_dag.py
[2022-08-19 23:08:09,219] {processor.py:651} INFO - DAG(s) dict_keys(['example_trigger_target_dag']) retrieved from /home/airflow/.local/lib/python3.7/site-packages/airflow/example_dags/example_trigger_target_dag.py
[2022-08-19 23:08:09,242] {logging_mixin.py:115} INFO - [2022-08-19 23:08:09,242] {dag.py:2420} INFO - Sync 1 DAGs
[2022-08-19 23:08:09,264] {logging_mixin.py:115} INFO - [2022-08-19 23:08:09,264] {dag.py:2972} INFO - Setting next_dagrun for example_trigger_target_dag to None, run_after=None
[2022-08-19 23:08:09,276] {processor.py:161} INFO - Processing /home/airflow/.local/lib/python3.7/site-packages/airflow/example_dags/example_trigger_target_dag.py took 0.086 seconds
[2022-08-19 23:08:39,912] {processor.py:153} INFO - Started process (PID=2337) to work on /home/airflow/.local/lib/python3.7/site-packages/airflow/example_dags/example_trigger_target_dag.py
[2022-08-19 23:08:39,914] {processor.py:641} INFO - Processing file /home/airflow/.local/lib/python3.7/site-packages/airflow/example_dags/example_trigger_target_dag.py for tasks to queue
[2022-08-19 23:08:39,915] {logging_mixin.py:115} INFO - [2022-08-19 23:08:39,915] {dagbag.py:508} INFO - Filling up the DagBag from /home/airflow/.local/lib/python3.7/site-packages/airflow/example_dags/example_trigger_target_dag.py
[2022-08-19 23:08:39,926] {processor.py:651} INFO - DAG(s) dict_keys(['example_trigger_target_dag']) retrieved from /home/airflow/.local/lib/python3.7/site-packages/airflow/example_dags/example_trigger_target_dag.py
[2022-08-19 23:08:39,944] {logging_mixin.py:115} INFO - [2022-08-19 23:08:39,944] {dag.py:2420} INFO - Sync 1 DAGs
[2022-08-19 23:08:39,956] {logging_mixin.py:115} INFO - [2022-08-19 23:08:39,956] {dag.py:2972} INFO - Setting next_dagrun for example_trigger_target_dag to None, run_after=None
[2022-08-19 23:08:39,964] {processor.py:161} INFO - Processing /home/airflow/.local/lib/python3.7/site-packages/airflow/example_dags/example_trigger_target_dag.py took 0.056 seconds
[2022-08-19 23:09:10,083] {processor.py:153} INFO - Started process (PID=2462) to work on /home/airflow/.local/lib/python3.7/site-packages/airflow/example_dags/example_trigger_target_dag.py
[2022-08-19 23:09:10,085] {processor.py:641} INFO - Processing file /home/airflow/.local/lib/python3.7/site-packages/airflow/example_dags/example_trigger_target_dag.py for tasks to queue
[2022-08-19 23:09:10,087] {logging_mixin.py:115} INFO - [2022-08-19 23:09:10,087] {dagbag.py:508} INFO - Filling up the DagBag from /home/airflow/.local/lib/python3.7/site-packages/airflow/example_dags/example_trigger_target_dag.py
[2022-08-19 23:09:10,101] {processor.py:651} INFO - DAG(s) dict_keys(['example_trigger_target_dag']) retrieved from /home/airflow/.local/lib/python3.7/site-packages/airflow/example_dags/example_trigger_target_dag.py
[2022-08-19 23:09:10,128] {logging_mixin.py:115} INFO - [2022-08-19 23:09:10,127] {dag.py:2420} INFO - Sync 1 DAGs
[2022-08-19 23:09:10,151] {logging_mixin.py:115} INFO - [2022-08-19 23:09:10,151] {dag.py:2972} INFO - Setting next_dagrun for example_trigger_target_dag to None, run_after=None
[2022-08-19 23:09:10,161] {processor.py:161} INFO - Processing /home/airflow/.local/lib/python3.7/site-packages/airflow/example_dags/example_trigger_target_dag.py took 0.081 seconds
[2022-08-19 23:09:40,532] {processor.py:153} INFO - Started process (PID=2588) to work on /home/airflow/.local/lib/python3.7/site-packages/airflow/example_dags/example_trigger_target_dag.py
[2022-08-19 23:09:40,534] {processor.py:641} INFO - Processing file /home/airflow/.local/lib/python3.7/site-packages/airflow/example_dags/example_trigger_target_dag.py for tasks to queue
[2022-08-19 23:09:40,535] {logging_mixin.py:115} INFO - [2022-08-19 23:09:40,535] {dagbag.py:508} INFO - Filling up the DagBag from /home/airflow/.local/lib/python3.7/site-packages/airflow/example_dags/example_trigger_target_dag.py
[2022-08-19 23:09:40,551] {processor.py:651} INFO - DAG(s) dict_keys(['example_trigger_target_dag']) retrieved from /home/airflow/.local/lib/python3.7/site-packages/airflow/example_dags/example_trigger_target_dag.py
[2022-08-19 23:09:40,578] {logging_mixin.py:115} INFO - [2022-08-19 23:09:40,578] {dag.py:2420} INFO - Sync 1 DAGs
[2022-08-19 23:09:40,598] {logging_mixin.py:115} INFO - [2022-08-19 23:09:40,598] {dag.py:2972} INFO - Setting next_dagrun for example_trigger_target_dag to None, run_after=None
[2022-08-19 23:09:40,613] {processor.py:161} INFO - Processing /home/airflow/.local/lib/python3.7/site-packages/airflow/example_dags/example_trigger_target_dag.py took 0.084 seconds
[2022-08-19 23:10:10,725] {processor.py:153} INFO - Started process (PID=2720) to work on /home/airflow/.local/lib/python3.7/site-packages/airflow/example_dags/example_trigger_target_dag.py
[2022-08-19 23:10:10,728] {processor.py:641} INFO - Processing file /home/airflow/.local/lib/python3.7/site-packages/airflow/example_dags/example_trigger_target_dag.py for tasks to queue
[2022-08-19 23:10:10,729] {logging_mixin.py:115} INFO - [2022-08-19 23:10:10,729] {dagbag.py:508} INFO - Filling up the DagBag from /home/airflow/.local/lib/python3.7/site-packages/airflow/example_dags/example_trigger_target_dag.py
[2022-08-19 23:10:10,750] {processor.py:651} INFO - DAG(s) dict_keys(['example_trigger_target_dag']) retrieved from /home/airflow/.local/lib/python3.7/site-packages/airflow/example_dags/example_trigger_target_dag.py
[2022-08-19 23:10:10,781] {logging_mixin.py:115} INFO - [2022-08-19 23:10:10,780] {dag.py:2420} INFO - Sync 1 DAGs
[2022-08-19 23:10:10,803] {logging_mixin.py:115} INFO - [2022-08-19 23:10:10,803] {dag.py:2972} INFO - Setting next_dagrun for example_trigger_target_dag to None, run_after=None
[2022-08-19 23:10:10,822] {processor.py:161} INFO - Processing /home/airflow/.local/lib/python3.7/site-packages/airflow/example_dags/example_trigger_target_dag.py took 0.101 seconds
[2022-08-19 23:10:41,245] {processor.py:153} INFO - Started process (PID=2859) to work on /home/airflow/.local/lib/python3.7/site-packages/airflow/example_dags/example_trigger_target_dag.py
[2022-08-19 23:10:41,246] {processor.py:641} INFO - Processing file /home/airflow/.local/lib/python3.7/site-packages/airflow/example_dags/example_trigger_target_dag.py for tasks to queue
[2022-08-19 23:10:41,247] {logging_mixin.py:115} INFO - [2022-08-19 23:10:41,247] {dagbag.py:508} INFO - Filling up the DagBag from /home/airflow/.local/lib/python3.7/site-packages/airflow/example_dags/example_trigger_target_dag.py
[2022-08-19 23:10:41,268] {processor.py:651} INFO - DAG(s) dict_keys(['example_trigger_target_dag']) retrieved from /home/airflow/.local/lib/python3.7/site-packages/airflow/example_dags/example_trigger_target_dag.py
[2022-08-19 23:10:41,311] {logging_mixin.py:115} INFO - [2022-08-19 23:10:41,311] {dag.py:2420} INFO - Sync 1 DAGs
[2022-08-19 23:10:41,333] {logging_mixin.py:115} INFO - [2022-08-19 23:10:41,333] {dag.py:2972} INFO - Setting next_dagrun for example_trigger_target_dag to None, run_after=None
[2022-08-19 23:10:41,347] {processor.py:161} INFO - Processing /home/airflow/.local/lib/python3.7/site-packages/airflow/example_dags/example_trigger_target_dag.py took 0.106 seconds
[2022-08-19 23:11:11,528] {processor.py:153} INFO - Started process (PID=2966) to work on /home/airflow/.local/lib/python3.7/site-packages/airflow/example_dags/example_trigger_target_dag.py
[2022-08-19 23:11:11,530] {processor.py:641} INFO - Processing file /home/airflow/.local/lib/python3.7/site-packages/airflow/example_dags/example_trigger_target_dag.py for tasks to queue
[2022-08-19 23:11:11,531] {logging_mixin.py:115} INFO - [2022-08-19 23:11:11,531] {dagbag.py:508} INFO - Filling up the DagBag from /home/airflow/.local/lib/python3.7/site-packages/airflow/example_dags/example_trigger_target_dag.py
[2022-08-19 23:11:11,546] {processor.py:651} INFO - DAG(s) dict_keys(['example_trigger_target_dag']) retrieved from /home/airflow/.local/lib/python3.7/site-packages/airflow/example_dags/example_trigger_target_dag.py
[2022-08-19 23:11:11,570] {logging_mixin.py:115} INFO - [2022-08-19 23:11:11,570] {dag.py:2420} INFO - Sync 1 DAGs
[2022-08-19 23:11:11,584] {logging_mixin.py:115} INFO - [2022-08-19 23:11:11,584] {dag.py:2972} INFO - Setting next_dagrun for example_trigger_target_dag to None, run_after=None
[2022-08-19 23:11:11,600] {processor.py:161} INFO - Processing /home/airflow/.local/lib/python3.7/site-packages/airflow/example_dags/example_trigger_target_dag.py took 0.077 seconds
[2022-08-19 23:11:41,692] {processor.py:153} INFO - Started process (PID=3083) to work on /home/airflow/.local/lib/python3.7/site-packages/airflow/example_dags/example_trigger_target_dag.py
[2022-08-19 23:11:41,700] {processor.py:641} INFO - Processing file /home/airflow/.local/lib/python3.7/site-packages/airflow/example_dags/example_trigger_target_dag.py for tasks to queue
[2022-08-19 23:11:41,701] {logging_mixin.py:115} INFO - [2022-08-19 23:11:41,701] {dagbag.py:508} INFO - Filling up the DagBag from /home/airflow/.local/lib/python3.7/site-packages/airflow/example_dags/example_trigger_target_dag.py
[2022-08-19 23:11:41,751] {processor.py:651} INFO - DAG(s) dict_keys(['example_trigger_target_dag']) retrieved from /home/airflow/.local/lib/python3.7/site-packages/airflow/example_dags/example_trigger_target_dag.py
[2022-08-19 23:11:41,792] {logging_mixin.py:115} INFO - [2022-08-19 23:11:41,792] {dag.py:2420} INFO - Sync 1 DAGs
[2022-08-19 23:11:41,822] {logging_mixin.py:115} INFO - [2022-08-19 23:11:41,822] {dag.py:2972} INFO - Setting next_dagrun for example_trigger_target_dag to None, run_after=None
[2022-08-19 23:11:41,835] {processor.py:161} INFO - Processing /home/airflow/.local/lib/python3.7/site-packages/airflow/example_dags/example_trigger_target_dag.py took 0.148 seconds
[2022-08-19 23:12:12,260] {processor.py:153} INFO - Started process (PID=3222) to work on /home/airflow/.local/lib/python3.7/site-packages/airflow/example_dags/example_trigger_target_dag.py
[2022-08-19 23:12:12,261] {processor.py:641} INFO - Processing file /home/airflow/.local/lib/python3.7/site-packages/airflow/example_dags/example_trigger_target_dag.py for tasks to queue
[2022-08-19 23:12:12,262] {logging_mixin.py:115} INFO - [2022-08-19 23:12:12,262] {dagbag.py:508} INFO - Filling up the DagBag from /home/airflow/.local/lib/python3.7/site-packages/airflow/example_dags/example_trigger_target_dag.py
[2022-08-19 23:12:12,273] {processor.py:651} INFO - DAG(s) dict_keys(['example_trigger_target_dag']) retrieved from /home/airflow/.local/lib/python3.7/site-packages/airflow/example_dags/example_trigger_target_dag.py
[2022-08-19 23:12:12,296] {logging_mixin.py:115} INFO - [2022-08-19 23:12:12,296] {dag.py:2420} INFO - Sync 1 DAGs
[2022-08-19 23:12:12,311] {logging_mixin.py:115} INFO - [2022-08-19 23:12:12,311] {dag.py:2972} INFO - Setting next_dagrun for example_trigger_target_dag to None, run_after=None
[2022-08-19 23:12:12,323] {processor.py:161} INFO - Processing /home/airflow/.local/lib/python3.7/site-packages/airflow/example_dags/example_trigger_target_dag.py took 0.065 seconds
[2022-08-19 23:12:42,468] {processor.py:153} INFO - Started process (PID=3335) to work on /home/airflow/.local/lib/python3.7/site-packages/airflow/example_dags/example_trigger_target_dag.py
[2022-08-19 23:12:42,470] {processor.py:641} INFO - Processing file /home/airflow/.local/lib/python3.7/site-packages/airflow/example_dags/example_trigger_target_dag.py for tasks to queue
[2022-08-19 23:12:42,471] {logging_mixin.py:115} INFO - [2022-08-19 23:12:42,471] {dagbag.py:508} INFO - Filling up the DagBag from /home/airflow/.local/lib/python3.7/site-packages/airflow/example_dags/example_trigger_target_dag.py
[2022-08-19 23:12:42,486] {processor.py:651} INFO - DAG(s) dict_keys(['example_trigger_target_dag']) retrieved from /home/airflow/.local/lib/python3.7/site-packages/airflow/example_dags/example_trigger_target_dag.py
[2022-08-19 23:12:42,506] {logging_mixin.py:115} INFO - [2022-08-19 23:12:42,506] {dag.py:2420} INFO - Sync 1 DAGs
[2022-08-19 23:12:42,518] {logging_mixin.py:115} INFO - [2022-08-19 23:12:42,518] {dag.py:2972} INFO - Setting next_dagrun for example_trigger_target_dag to None, run_after=None
[2022-08-19 23:12:42,526] {processor.py:161} INFO - Processing /home/airflow/.local/lib/python3.7/site-packages/airflow/example_dags/example_trigger_target_dag.py took 0.062 seconds
[2022-08-19 23:13:12,664] {processor.py:153} INFO - Started process (PID=3468) to work on /home/airflow/.local/lib/python3.7/site-packages/airflow/example_dags/example_trigger_target_dag.py
[2022-08-19 23:13:12,666] {processor.py:641} INFO - Processing file /home/airflow/.local/lib/python3.7/site-packages/airflow/example_dags/example_trigger_target_dag.py for tasks to queue
[2022-08-19 23:13:12,667] {logging_mixin.py:115} INFO - [2022-08-19 23:13:12,667] {dagbag.py:508} INFO - Filling up the DagBag from /home/airflow/.local/lib/python3.7/site-packages/airflow/example_dags/example_trigger_target_dag.py
[2022-08-19 23:13:12,684] {processor.py:651} INFO - DAG(s) dict_keys(['example_trigger_target_dag']) retrieved from /home/airflow/.local/lib/python3.7/site-packages/airflow/example_dags/example_trigger_target_dag.py
[2022-08-19 23:13:12,710] {logging_mixin.py:115} INFO - [2022-08-19 23:13:12,710] {dag.py:2420} INFO - Sync 1 DAGs
[2022-08-19 23:13:12,732] {logging_mixin.py:115} INFO - [2022-08-19 23:13:12,732] {dag.py:2972} INFO - Setting next_dagrun for example_trigger_target_dag to None, run_after=None
[2022-08-19 23:13:12,742] {processor.py:161} INFO - Processing /home/airflow/.local/lib/python3.7/site-packages/airflow/example_dags/example_trigger_target_dag.py took 0.081 seconds
[2022-08-19 23:13:43,417] {processor.py:153} INFO - Started process (PID=3592) to work on /home/airflow/.local/lib/python3.7/site-packages/airflow/example_dags/example_trigger_target_dag.py
[2022-08-19 23:13:43,419] {processor.py:641} INFO - Processing file /home/airflow/.local/lib/python3.7/site-packages/airflow/example_dags/example_trigger_target_dag.py for tasks to queue
[2022-08-19 23:13:43,421] {logging_mixin.py:115} INFO - [2022-08-19 23:13:43,421] {dagbag.py:508} INFO - Filling up the DagBag from /home/airflow/.local/lib/python3.7/site-packages/airflow/example_dags/example_trigger_target_dag.py
[2022-08-19 23:13:43,436] {processor.py:651} INFO - DAG(s) dict_keys(['example_trigger_target_dag']) retrieved from /home/airflow/.local/lib/python3.7/site-packages/airflow/example_dags/example_trigger_target_dag.py
[2022-08-19 23:13:43,455] {logging_mixin.py:115} INFO - [2022-08-19 23:13:43,455] {dag.py:2420} INFO - Sync 1 DAGs
[2022-08-19 23:13:43,468] {logging_mixin.py:115} INFO - [2022-08-19 23:13:43,468] {dag.py:2972} INFO - Setting next_dagrun for example_trigger_target_dag to None, run_after=None
[2022-08-19 23:13:43,474] {processor.py:161} INFO - Processing /home/airflow/.local/lib/python3.7/site-packages/airflow/example_dags/example_trigger_target_dag.py took 0.064 seconds
[2022-08-19 23:14:13,755] {processor.py:153} INFO - Started process (PID=3728) to work on /home/airflow/.local/lib/python3.7/site-packages/airflow/example_dags/example_trigger_target_dag.py
[2022-08-19 23:14:13,757] {processor.py:641} INFO - Processing file /home/airflow/.local/lib/python3.7/site-packages/airflow/example_dags/example_trigger_target_dag.py for tasks to queue
[2022-08-19 23:14:13,759] {logging_mixin.py:115} INFO - [2022-08-19 23:14:13,759] {dagbag.py:508} INFO - Filling up the DagBag from /home/airflow/.local/lib/python3.7/site-packages/airflow/example_dags/example_trigger_target_dag.py
[2022-08-19 23:14:13,779] {processor.py:651} INFO - DAG(s) dict_keys(['example_trigger_target_dag']) retrieved from /home/airflow/.local/lib/python3.7/site-packages/airflow/example_dags/example_trigger_target_dag.py
[2022-08-19 23:14:13,806] {logging_mixin.py:115} INFO - [2022-08-19 23:14:13,806] {dag.py:2420} INFO - Sync 1 DAGs
[2022-08-19 23:14:13,835] {logging_mixin.py:115} INFO - [2022-08-19 23:14:13,835] {dag.py:2972} INFO - Setting next_dagrun for example_trigger_target_dag to None, run_after=None
[2022-08-19 23:14:13,854] {processor.py:161} INFO - Processing /home/airflow/.local/lib/python3.7/site-packages/airflow/example_dags/example_trigger_target_dag.py took 0.101 seconds
[2022-08-19 23:14:44,026] {processor.py:153} INFO - Started process (PID=3863) to work on /home/airflow/.local/lib/python3.7/site-packages/airflow/example_dags/example_trigger_target_dag.py
[2022-08-19 23:14:44,029] {processor.py:641} INFO - Processing file /home/airflow/.local/lib/python3.7/site-packages/airflow/example_dags/example_trigger_target_dag.py for tasks to queue
[2022-08-19 23:14:44,033] {logging_mixin.py:115} INFO - [2022-08-19 23:14:44,033] {dagbag.py:508} INFO - Filling up the DagBag from /home/airflow/.local/lib/python3.7/site-packages/airflow/example_dags/example_trigger_target_dag.py
[2022-08-19 23:14:44,060] {processor.py:651} INFO - DAG(s) dict_keys(['example_trigger_target_dag']) retrieved from /home/airflow/.local/lib/python3.7/site-packages/airflow/example_dags/example_trigger_target_dag.py
[2022-08-19 23:14:44,112] {logging_mixin.py:115} INFO - [2022-08-19 23:14:44,112] {dag.py:2420} INFO - Sync 1 DAGs
[2022-08-19 23:14:44,149] {logging_mixin.py:115} INFO - [2022-08-19 23:14:44,149] {dag.py:2972} INFO - Setting next_dagrun for example_trigger_target_dag to None, run_after=None
[2022-08-19 23:14:44,179] {processor.py:161} INFO - Processing /home/airflow/.local/lib/python3.7/site-packages/airflow/example_dags/example_trigger_target_dag.py took 0.156 seconds
[2022-08-19 23:15:14,285] {processor.py:153} INFO - Started process (PID=3997) to work on /home/airflow/.local/lib/python3.7/site-packages/airflow/example_dags/example_trigger_target_dag.py
[2022-08-19 23:15:14,287] {processor.py:641} INFO - Processing file /home/airflow/.local/lib/python3.7/site-packages/airflow/example_dags/example_trigger_target_dag.py for tasks to queue
[2022-08-19 23:15:14,288] {logging_mixin.py:115} INFO - [2022-08-19 23:15:14,288] {dagbag.py:508} INFO - Filling up the DagBag from /home/airflow/.local/lib/python3.7/site-packages/airflow/example_dags/example_trigger_target_dag.py
[2022-08-19 23:15:14,313] {processor.py:651} INFO - DAG(s) dict_keys(['example_trigger_target_dag']) retrieved from /home/airflow/.local/lib/python3.7/site-packages/airflow/example_dags/example_trigger_target_dag.py
[2022-08-19 23:15:14,341] {logging_mixin.py:115} INFO - [2022-08-19 23:15:14,341] {dag.py:2420} INFO - Sync 1 DAGs
[2022-08-19 23:15:14,365] {logging_mixin.py:115} INFO - [2022-08-19 23:15:14,365] {dag.py:2972} INFO - Setting next_dagrun for example_trigger_target_dag to None, run_after=None
[2022-08-19 23:15:14,375] {processor.py:161} INFO - Processing /home/airflow/.local/lib/python3.7/site-packages/airflow/example_dags/example_trigger_target_dag.py took 0.092 seconds
[2022-08-19 23:15:44,458] {processor.py:153} INFO - Started process (PID=4115) to work on /home/airflow/.local/lib/python3.7/site-packages/airflow/example_dags/example_trigger_target_dag.py
[2022-08-19 23:15:44,469] {processor.py:641} INFO - Processing file /home/airflow/.local/lib/python3.7/site-packages/airflow/example_dags/example_trigger_target_dag.py for tasks to queue
[2022-08-19 23:15:44,472] {logging_mixin.py:115} INFO - [2022-08-19 23:15:44,472] {dagbag.py:508} INFO - Filling up the DagBag from /home/airflow/.local/lib/python3.7/site-packages/airflow/example_dags/example_trigger_target_dag.py
[2022-08-19 23:15:44,511] {processor.py:651} INFO - DAG(s) dict_keys(['example_trigger_target_dag']) retrieved from /home/airflow/.local/lib/python3.7/site-packages/airflow/example_dags/example_trigger_target_dag.py
[2022-08-19 23:15:44,552] {logging_mixin.py:115} INFO - [2022-08-19 23:15:44,552] {dag.py:2420} INFO - Sync 1 DAGs
[2022-08-19 23:15:44,585] {logging_mixin.py:115} INFO - [2022-08-19 23:15:44,585] {dag.py:2972} INFO - Setting next_dagrun for example_trigger_target_dag to None, run_after=None
[2022-08-19 23:15:44,598] {processor.py:161} INFO - Processing /home/airflow/.local/lib/python3.7/site-packages/airflow/example_dags/example_trigger_target_dag.py took 0.144 seconds
[2022-08-19 23:16:15,491] {processor.py:153} INFO - Started process (PID=4264) to work on /home/airflow/.local/lib/python3.7/site-packages/airflow/example_dags/example_trigger_target_dag.py
[2022-08-19 23:16:15,492] {processor.py:641} INFO - Processing file /home/airflow/.local/lib/python3.7/site-packages/airflow/example_dags/example_trigger_target_dag.py for tasks to queue
[2022-08-19 23:16:15,493] {logging_mixin.py:115} INFO - [2022-08-19 23:16:15,493] {dagbag.py:508} INFO - Filling up the DagBag from /home/airflow/.local/lib/python3.7/site-packages/airflow/example_dags/example_trigger_target_dag.py
[2022-08-19 23:16:15,509] {processor.py:651} INFO - DAG(s) dict_keys(['example_trigger_target_dag']) retrieved from /home/airflow/.local/lib/python3.7/site-packages/airflow/example_dags/example_trigger_target_dag.py
[2022-08-19 23:16:15,555] {logging_mixin.py:115} INFO - [2022-08-19 23:16:15,555] {dag.py:2420} INFO - Sync 1 DAGs
[2022-08-19 23:16:15,594] {logging_mixin.py:115} INFO - [2022-08-19 23:16:15,594] {dag.py:2972} INFO - Setting next_dagrun for example_trigger_target_dag to None, run_after=None
[2022-08-19 23:16:15,612] {processor.py:161} INFO - Processing /home/airflow/.local/lib/python3.7/site-packages/airflow/example_dags/example_trigger_target_dag.py took 0.123 seconds
[2022-08-19 23:16:45,912] {processor.py:153} INFO - Started process (PID=4382) to work on /home/airflow/.local/lib/python3.7/site-packages/airflow/example_dags/example_trigger_target_dag.py
[2022-08-19 23:16:45,913] {processor.py:641} INFO - Processing file /home/airflow/.local/lib/python3.7/site-packages/airflow/example_dags/example_trigger_target_dag.py for tasks to queue
[2022-08-19 23:16:45,914] {logging_mixin.py:115} INFO - [2022-08-19 23:16:45,914] {dagbag.py:508} INFO - Filling up the DagBag from /home/airflow/.local/lib/python3.7/site-packages/airflow/example_dags/example_trigger_target_dag.py
[2022-08-19 23:16:45,931] {processor.py:651} INFO - DAG(s) dict_keys(['example_trigger_target_dag']) retrieved from /home/airflow/.local/lib/python3.7/site-packages/airflow/example_dags/example_trigger_target_dag.py
[2022-08-19 23:16:45,952] {logging_mixin.py:115} INFO - [2022-08-19 23:16:45,952] {dag.py:2420} INFO - Sync 1 DAGs
[2022-08-19 23:16:45,968] {logging_mixin.py:115} INFO - [2022-08-19 23:16:45,968] {dag.py:2972} INFO - Setting next_dagrun for example_trigger_target_dag to None, run_after=None
[2022-08-19 23:16:45,978] {processor.py:161} INFO - Processing /home/airflow/.local/lib/python3.7/site-packages/airflow/example_dags/example_trigger_target_dag.py took 0.070 seconds
[2022-08-19 23:17:16,392] {processor.py:153} INFO - Started process (PID=4521) to work on /home/airflow/.local/lib/python3.7/site-packages/airflow/example_dags/example_trigger_target_dag.py
[2022-08-19 23:17:16,395] {processor.py:641} INFO - Processing file /home/airflow/.local/lib/python3.7/site-packages/airflow/example_dags/example_trigger_target_dag.py for tasks to queue
[2022-08-19 23:17:16,396] {logging_mixin.py:115} INFO - [2022-08-19 23:17:16,396] {dagbag.py:508} INFO - Filling up the DagBag from /home/airflow/.local/lib/python3.7/site-packages/airflow/example_dags/example_trigger_target_dag.py
[2022-08-19 23:17:16,411] {processor.py:651} INFO - DAG(s) dict_keys(['example_trigger_target_dag']) retrieved from /home/airflow/.local/lib/python3.7/site-packages/airflow/example_dags/example_trigger_target_dag.py
[2022-08-19 23:17:16,447] {logging_mixin.py:115} INFO - [2022-08-19 23:17:16,447] {dag.py:2420} INFO - Sync 1 DAGs
[2022-08-19 23:17:16,465] {logging_mixin.py:115} INFO - [2022-08-19 23:17:16,465] {dag.py:2972} INFO - Setting next_dagrun for example_trigger_target_dag to None, run_after=None
[2022-08-19 23:17:16,478] {processor.py:161} INFO - Processing /home/airflow/.local/lib/python3.7/site-packages/airflow/example_dags/example_trigger_target_dag.py took 0.089 seconds
[2022-08-19 23:17:46,798] {processor.py:153} INFO - Started process (PID=4657) to work on /home/airflow/.local/lib/python3.7/site-packages/airflow/example_dags/example_trigger_target_dag.py
[2022-08-19 23:17:46,799] {processor.py:641} INFO - Processing file /home/airflow/.local/lib/python3.7/site-packages/airflow/example_dags/example_trigger_target_dag.py for tasks to queue
[2022-08-19 23:17:46,802] {logging_mixin.py:115} INFO - [2022-08-19 23:17:46,802] {dagbag.py:508} INFO - Filling up the DagBag from /home/airflow/.local/lib/python3.7/site-packages/airflow/example_dags/example_trigger_target_dag.py
[2022-08-19 23:17:46,817] {processor.py:651} INFO - DAG(s) dict_keys(['example_trigger_target_dag']) retrieved from /home/airflow/.local/lib/python3.7/site-packages/airflow/example_dags/example_trigger_target_dag.py
[2022-08-19 23:17:46,850] {logging_mixin.py:115} INFO - [2022-08-19 23:17:46,850] {dag.py:2420} INFO - Sync 1 DAGs
[2022-08-19 23:17:46,875] {logging_mixin.py:115} INFO - [2022-08-19 23:17:46,875] {dag.py:2972} INFO - Setting next_dagrun for example_trigger_target_dag to None, run_after=None
[2022-08-19 23:17:46,886] {processor.py:161} INFO - Processing /home/airflow/.local/lib/python3.7/site-packages/airflow/example_dags/example_trigger_target_dag.py took 0.091 seconds
[2022-08-19 23:18:17,010] {processor.py:153} INFO - Started process (PID=4788) to work on /home/airflow/.local/lib/python3.7/site-packages/airflow/example_dags/example_trigger_target_dag.py
[2022-08-19 23:18:17,012] {processor.py:641} INFO - Processing file /home/airflow/.local/lib/python3.7/site-packages/airflow/example_dags/example_trigger_target_dag.py for tasks to queue
[2022-08-19 23:18:17,016] {logging_mixin.py:115} INFO - [2022-08-19 23:18:17,016] {dagbag.py:508} INFO - Filling up the DagBag from /home/airflow/.local/lib/python3.7/site-packages/airflow/example_dags/example_trigger_target_dag.py
[2022-08-19 23:18:17,039] {processor.py:651} INFO - DAG(s) dict_keys(['example_trigger_target_dag']) retrieved from /home/airflow/.local/lib/python3.7/site-packages/airflow/example_dags/example_trigger_target_dag.py
[2022-08-19 23:18:17,069] {logging_mixin.py:115} INFO - [2022-08-19 23:18:17,069] {dag.py:2420} INFO - Sync 1 DAGs
[2022-08-19 23:18:17,109] {logging_mixin.py:115} INFO - [2022-08-19 23:18:17,109] {dag.py:2972} INFO - Setting next_dagrun for example_trigger_target_dag to None, run_after=None
[2022-08-19 23:18:17,129] {processor.py:161} INFO - Processing /home/airflow/.local/lib/python3.7/site-packages/airflow/example_dags/example_trigger_target_dag.py took 0.121 seconds
[2022-08-19 23:18:47,187] {processor.py:153} INFO - Started process (PID=4910) to work on /home/airflow/.local/lib/python3.7/site-packages/airflow/example_dags/example_trigger_target_dag.py
[2022-08-19 23:18:47,188] {processor.py:641} INFO - Processing file /home/airflow/.local/lib/python3.7/site-packages/airflow/example_dags/example_trigger_target_dag.py for tasks to queue
[2022-08-19 23:18:47,189] {logging_mixin.py:115} INFO - [2022-08-19 23:18:47,189] {dagbag.py:508} INFO - Filling up the DagBag from /home/airflow/.local/lib/python3.7/site-packages/airflow/example_dags/example_trigger_target_dag.py
[2022-08-19 23:18:47,203] {processor.py:651} INFO - DAG(s) dict_keys(['example_trigger_target_dag']) retrieved from /home/airflow/.local/lib/python3.7/site-packages/airflow/example_dags/example_trigger_target_dag.py
[2022-08-19 23:18:47,224] {logging_mixin.py:115} INFO - [2022-08-19 23:18:47,224] {dag.py:2420} INFO - Sync 1 DAGs
[2022-08-19 23:18:47,239] {logging_mixin.py:115} INFO - [2022-08-19 23:18:47,239] {dag.py:2972} INFO - Setting next_dagrun for example_trigger_target_dag to None, run_after=None
[2022-08-19 23:18:47,248] {processor.py:161} INFO - Processing /home/airflow/.local/lib/python3.7/site-packages/airflow/example_dags/example_trigger_target_dag.py took 0.064 seconds
[2022-08-19 23:19:17,581] {processor.py:153} INFO - Started process (PID=5049) to work on /home/airflow/.local/lib/python3.7/site-packages/airflow/example_dags/example_trigger_target_dag.py
[2022-08-19 23:19:17,582] {processor.py:641} INFO - Processing file /home/airflow/.local/lib/python3.7/site-packages/airflow/example_dags/example_trigger_target_dag.py for tasks to queue
[2022-08-19 23:19:17,584] {logging_mixin.py:115} INFO - [2022-08-19 23:19:17,584] {dagbag.py:508} INFO - Filling up the DagBag from /home/airflow/.local/lib/python3.7/site-packages/airflow/example_dags/example_trigger_target_dag.py
[2022-08-19 23:19:17,594] {processor.py:651} INFO - DAG(s) dict_keys(['example_trigger_target_dag']) retrieved from /home/airflow/.local/lib/python3.7/site-packages/airflow/example_dags/example_trigger_target_dag.py
[2022-08-19 23:19:17,614] {logging_mixin.py:115} INFO - [2022-08-19 23:19:17,614] {dag.py:2420} INFO - Sync 1 DAGs
[2022-08-19 23:19:17,629] {logging_mixin.py:115} INFO - [2022-08-19 23:19:17,629] {dag.py:2972} INFO - Setting next_dagrun for example_trigger_target_dag to None, run_after=None
[2022-08-19 23:19:17,639] {processor.py:161} INFO - Processing /home/airflow/.local/lib/python3.7/site-packages/airflow/example_dags/example_trigger_target_dag.py took 0.061 seconds
[2022-08-19 23:19:47,714] {processor.py:153} INFO - Started process (PID=5192) to work on /home/airflow/.local/lib/python3.7/site-packages/airflow/example_dags/example_trigger_target_dag.py
[2022-08-19 23:19:47,715] {processor.py:641} INFO - Processing file /home/airflow/.local/lib/python3.7/site-packages/airflow/example_dags/example_trigger_target_dag.py for tasks to queue
[2022-08-19 23:19:47,716] {logging_mixin.py:115} INFO - [2022-08-19 23:19:47,716] {dagbag.py:508} INFO - Filling up the DagBag from /home/airflow/.local/lib/python3.7/site-packages/airflow/example_dags/example_trigger_target_dag.py
[2022-08-19 23:19:47,726] {processor.py:651} INFO - DAG(s) dict_keys(['example_trigger_target_dag']) retrieved from /home/airflow/.local/lib/python3.7/site-packages/airflow/example_dags/example_trigger_target_dag.py
[2022-08-19 23:19:47,742] {logging_mixin.py:115} INFO - [2022-08-19 23:19:47,742] {dag.py:2420} INFO - Sync 1 DAGs
[2022-08-19 23:19:47,755] {logging_mixin.py:115} INFO - [2022-08-19 23:19:47,755] {dag.py:2972} INFO - Setting next_dagrun for example_trigger_target_dag to None, run_after=None
[2022-08-19 23:19:47,764] {processor.py:161} INFO - Processing /home/airflow/.local/lib/python3.7/site-packages/airflow/example_dags/example_trigger_target_dag.py took 0.052 seconds
[2022-08-19 23:20:17,798] {processor.py:153} INFO - Started process (PID=5293) to work on /home/airflow/.local/lib/python3.7/site-packages/airflow/example_dags/example_trigger_target_dag.py
[2022-08-19 23:20:17,799] {processor.py:641} INFO - Processing file /home/airflow/.local/lib/python3.7/site-packages/airflow/example_dags/example_trigger_target_dag.py for tasks to queue
[2022-08-19 23:20:17,803] {logging_mixin.py:115} INFO - [2022-08-19 23:20:17,803] {dagbag.py:508} INFO - Filling up the DagBag from /home/airflow/.local/lib/python3.7/site-packages/airflow/example_dags/example_trigger_target_dag.py
[2022-08-19 23:20:17,822] {processor.py:651} INFO - DAG(s) dict_keys(['example_trigger_target_dag']) retrieved from /home/airflow/.local/lib/python3.7/site-packages/airflow/example_dags/example_trigger_target_dag.py
[2022-08-19 23:20:17,870] {logging_mixin.py:115} INFO - [2022-08-19 23:20:17,870] {dag.py:2420} INFO - Sync 1 DAGs
[2022-08-19 23:20:17,902] {logging_mixin.py:115} INFO - [2022-08-19 23:20:17,902] {dag.py:2972} INFO - Setting next_dagrun for example_trigger_target_dag to None, run_after=None
[2022-08-19 23:20:17,918] {processor.py:161} INFO - Processing /home/airflow/.local/lib/python3.7/site-packages/airflow/example_dags/example_trigger_target_dag.py took 0.123 seconds
[2022-08-19 23:20:48,879] {processor.py:153} INFO - Started process (PID=5423) to work on /home/airflow/.local/lib/python3.7/site-packages/airflow/example_dags/example_trigger_target_dag.py
[2022-08-19 23:20:48,881] {processor.py:641} INFO - Processing file /home/airflow/.local/lib/python3.7/site-packages/airflow/example_dags/example_trigger_target_dag.py for tasks to queue
[2022-08-19 23:20:48,884] {logging_mixin.py:115} INFO - [2022-08-19 23:20:48,884] {dagbag.py:508} INFO - Filling up the DagBag from /home/airflow/.local/lib/python3.7/site-packages/airflow/example_dags/example_trigger_target_dag.py
[2022-08-19 23:20:48,903] {processor.py:651} INFO - DAG(s) dict_keys(['example_trigger_target_dag']) retrieved from /home/airflow/.local/lib/python3.7/site-packages/airflow/example_dags/example_trigger_target_dag.py
[2022-08-19 23:20:48,954] {logging_mixin.py:115} INFO - [2022-08-19 23:20:48,954] {dag.py:2420} INFO - Sync 1 DAGs
[2022-08-19 23:20:48,981] {logging_mixin.py:115} INFO - [2022-08-19 23:20:48,981] {dag.py:2972} INFO - Setting next_dagrun for example_trigger_target_dag to None, run_after=None
[2022-08-19 23:20:49,001] {processor.py:161} INFO - Processing /home/airflow/.local/lib/python3.7/site-packages/airflow/example_dags/example_trigger_target_dag.py took 0.125 seconds
[2022-08-19 23:21:19,286] {processor.py:153} INFO - Started process (PID=5549) to work on /home/airflow/.local/lib/python3.7/site-packages/airflow/example_dags/example_trigger_target_dag.py
[2022-08-19 23:21:19,287] {processor.py:641} INFO - Processing file /home/airflow/.local/lib/python3.7/site-packages/airflow/example_dags/example_trigger_target_dag.py for tasks to queue
[2022-08-19 23:21:19,288] {logging_mixin.py:115} INFO - [2022-08-19 23:21:19,288] {dagbag.py:508} INFO - Filling up the DagBag from /home/airflow/.local/lib/python3.7/site-packages/airflow/example_dags/example_trigger_target_dag.py
[2022-08-19 23:21:19,305] {processor.py:651} INFO - DAG(s) dict_keys(['example_trigger_target_dag']) retrieved from /home/airflow/.local/lib/python3.7/site-packages/airflow/example_dags/example_trigger_target_dag.py
[2022-08-19 23:21:19,327] {logging_mixin.py:115} INFO - [2022-08-19 23:21:19,327] {dag.py:2420} INFO - Sync 1 DAGs
[2022-08-19 23:21:19,344] {logging_mixin.py:115} INFO - [2022-08-19 23:21:19,344] {dag.py:2972} INFO - Setting next_dagrun for example_trigger_target_dag to None, run_after=None
[2022-08-19 23:21:19,357] {processor.py:161} INFO - Processing /home/airflow/.local/lib/python3.7/site-packages/airflow/example_dags/example_trigger_target_dag.py took 0.074 seconds
[2022-08-19 23:21:49,543] {processor.py:153} INFO - Started process (PID=5678) to work on /home/airflow/.local/lib/python3.7/site-packages/airflow/example_dags/example_trigger_target_dag.py
[2022-08-19 23:21:49,544] {processor.py:641} INFO - Processing file /home/airflow/.local/lib/python3.7/site-packages/airflow/example_dags/example_trigger_target_dag.py for tasks to queue
[2022-08-19 23:21:49,544] {logging_mixin.py:115} INFO - [2022-08-19 23:21:49,544] {dagbag.py:508} INFO - Filling up the DagBag from /home/airflow/.local/lib/python3.7/site-packages/airflow/example_dags/example_trigger_target_dag.py
[2022-08-19 23:21:49,554] {processor.py:651} INFO - DAG(s) dict_keys(['example_trigger_target_dag']) retrieved from /home/airflow/.local/lib/python3.7/site-packages/airflow/example_dags/example_trigger_target_dag.py
[2022-08-19 23:21:49,570] {logging_mixin.py:115} INFO - [2022-08-19 23:21:49,570] {dag.py:2420} INFO - Sync 1 DAGs
[2022-08-19 23:21:49,583] {logging_mixin.py:115} INFO - [2022-08-19 23:21:49,583] {dag.py:2972} INFO - Setting next_dagrun for example_trigger_target_dag to None, run_after=None
[2022-08-19 23:21:49,591] {processor.py:161} INFO - Processing /home/airflow/.local/lib/python3.7/site-packages/airflow/example_dags/example_trigger_target_dag.py took 0.051 seconds
[2022-08-19 23:22:20,060] {processor.py:153} INFO - Started process (PID=5737) to work on /home/airflow/.local/lib/python3.7/site-packages/airflow/example_dags/example_trigger_target_dag.py
[2022-08-19 23:22:20,061] {processor.py:641} INFO - Processing file /home/airflow/.local/lib/python3.7/site-packages/airflow/example_dags/example_trigger_target_dag.py for tasks to queue
[2022-08-19 23:22:20,063] {logging_mixin.py:115} INFO - [2022-08-19 23:22:20,063] {dagbag.py:508} INFO - Filling up the DagBag from /home/airflow/.local/lib/python3.7/site-packages/airflow/example_dags/example_trigger_target_dag.py
[2022-08-19 23:22:20,077] {processor.py:651} INFO - DAG(s) dict_keys(['example_trigger_target_dag']) retrieved from /home/airflow/.local/lib/python3.7/site-packages/airflow/example_dags/example_trigger_target_dag.py
[2022-08-19 23:22:20,098] {logging_mixin.py:115} INFO - [2022-08-19 23:22:20,098] {dag.py:2420} INFO - Sync 1 DAGs
[2022-08-19 23:22:20,112] {logging_mixin.py:115} INFO - [2022-08-19 23:22:20,112] {dag.py:2972} INFO - Setting next_dagrun for example_trigger_target_dag to None, run_after=None
[2022-08-19 23:22:20,120] {processor.py:161} INFO - Processing /home/airflow/.local/lib/python3.7/site-packages/airflow/example_dags/example_trigger_target_dag.py took 0.063 seconds
[2022-08-19 23:22:50,662] {processor.py:153} INFO - Started process (PID=5809) to work on /home/airflow/.local/lib/python3.7/site-packages/airflow/example_dags/example_trigger_target_dag.py
[2022-08-19 23:22:50,664] {processor.py:641} INFO - Processing file /home/airflow/.local/lib/python3.7/site-packages/airflow/example_dags/example_trigger_target_dag.py for tasks to queue
[2022-08-19 23:22:50,665] {logging_mixin.py:115} INFO - [2022-08-19 23:22:50,665] {dagbag.py:508} INFO - Filling up the DagBag from /home/airflow/.local/lib/python3.7/site-packages/airflow/example_dags/example_trigger_target_dag.py
[2022-08-19 23:22:50,679] {processor.py:651} INFO - DAG(s) dict_keys(['example_trigger_target_dag']) retrieved from /home/airflow/.local/lib/python3.7/site-packages/airflow/example_dags/example_trigger_target_dag.py
[2022-08-19 23:22:50,700] {logging_mixin.py:115} INFO - [2022-08-19 23:22:50,700] {dag.py:2420} INFO - Sync 1 DAGs
[2022-08-19 23:22:50,712] {logging_mixin.py:115} INFO - [2022-08-19 23:22:50,712] {dag.py:2972} INFO - Setting next_dagrun for example_trigger_target_dag to None, run_after=None
[2022-08-19 23:22:50,720] {processor.py:161} INFO - Processing /home/airflow/.local/lib/python3.7/site-packages/airflow/example_dags/example_trigger_target_dag.py took 0.063 seconds
[2022-08-19 23:23:21,126] {processor.py:153} INFO - Started process (PID=5880) to work on /home/airflow/.local/lib/python3.7/site-packages/airflow/example_dags/example_trigger_target_dag.py
[2022-08-19 23:23:21,127] {processor.py:641} INFO - Processing file /home/airflow/.local/lib/python3.7/site-packages/airflow/example_dags/example_trigger_target_dag.py for tasks to queue
[2022-08-19 23:23:21,129] {logging_mixin.py:115} INFO - [2022-08-19 23:23:21,128] {dagbag.py:508} INFO - Filling up the DagBag from /home/airflow/.local/lib/python3.7/site-packages/airflow/example_dags/example_trigger_target_dag.py
[2022-08-19 23:23:21,138] {processor.py:651} INFO - DAG(s) dict_keys(['example_trigger_target_dag']) retrieved from /home/airflow/.local/lib/python3.7/site-packages/airflow/example_dags/example_trigger_target_dag.py
[2022-08-19 23:23:21,154] {logging_mixin.py:115} INFO - [2022-08-19 23:23:21,154] {dag.py:2420} INFO - Sync 1 DAGs
[2022-08-19 23:23:21,167] {logging_mixin.py:115} INFO - [2022-08-19 23:23:21,167] {dag.py:2972} INFO - Setting next_dagrun for example_trigger_target_dag to None, run_after=None
[2022-08-19 23:23:21,175] {processor.py:161} INFO - Processing /home/airflow/.local/lib/python3.7/site-packages/airflow/example_dags/example_trigger_target_dag.py took 0.052 seconds
[2022-08-19 23:23:51,820] {processor.py:153} INFO - Started process (PID=5946) to work on /home/airflow/.local/lib/python3.7/site-packages/airflow/example_dags/example_trigger_target_dag.py
[2022-08-19 23:23:51,821] {processor.py:641} INFO - Processing file /home/airflow/.local/lib/python3.7/site-packages/airflow/example_dags/example_trigger_target_dag.py for tasks to queue
[2022-08-19 23:23:51,823] {logging_mixin.py:115} INFO - [2022-08-19 23:23:51,823] {dagbag.py:508} INFO - Filling up the DagBag from /home/airflow/.local/lib/python3.7/site-packages/airflow/example_dags/example_trigger_target_dag.py
[2022-08-19 23:23:51,837] {processor.py:651} INFO - DAG(s) dict_keys(['example_trigger_target_dag']) retrieved from /home/airflow/.local/lib/python3.7/site-packages/airflow/example_dags/example_trigger_target_dag.py
[2022-08-19 23:23:51,855] {logging_mixin.py:115} INFO - [2022-08-19 23:23:51,855] {dag.py:2420} INFO - Sync 1 DAGs
[2022-08-19 23:23:51,867] {logging_mixin.py:115} INFO - [2022-08-19 23:23:51,867] {dag.py:2972} INFO - Setting next_dagrun for example_trigger_target_dag to None, run_after=None
[2022-08-19 23:23:51,876] {processor.py:161} INFO - Processing /home/airflow/.local/lib/python3.7/site-packages/airflow/example_dags/example_trigger_target_dag.py took 0.059 seconds
[2022-08-19 23:24:22,108] {processor.py:153} INFO - Started process (PID=6013) to work on /home/airflow/.local/lib/python3.7/site-packages/airflow/example_dags/example_trigger_target_dag.py
[2022-08-19 23:24:22,109] {processor.py:641} INFO - Processing file /home/airflow/.local/lib/python3.7/site-packages/airflow/example_dags/example_trigger_target_dag.py for tasks to queue
[2022-08-19 23:24:22,111] {logging_mixin.py:115} INFO - [2022-08-19 23:24:22,111] {dagbag.py:508} INFO - Filling up the DagBag from /home/airflow/.local/lib/python3.7/site-packages/airflow/example_dags/example_trigger_target_dag.py
[2022-08-19 23:24:22,125] {processor.py:651} INFO - DAG(s) dict_keys(['example_trigger_target_dag']) retrieved from /home/airflow/.local/lib/python3.7/site-packages/airflow/example_dags/example_trigger_target_dag.py
[2022-08-19 23:24:22,145] {logging_mixin.py:115} INFO - [2022-08-19 23:24:22,144] {dag.py:2420} INFO - Sync 1 DAGs
[2022-08-19 23:24:22,157] {logging_mixin.py:115} INFO - [2022-08-19 23:24:22,157] {dag.py:2972} INFO - Setting next_dagrun for example_trigger_target_dag to None, run_after=None
[2022-08-19 23:24:22,165] {processor.py:161} INFO - Processing /home/airflow/.local/lib/python3.7/site-packages/airflow/example_dags/example_trigger_target_dag.py took 0.064 seconds
[2022-08-19 23:24:52,617] {processor.py:153} INFO - Started process (PID=6082) to work on /home/airflow/.local/lib/python3.7/site-packages/airflow/example_dags/example_trigger_target_dag.py
[2022-08-19 23:24:52,618] {processor.py:641} INFO - Processing file /home/airflow/.local/lib/python3.7/site-packages/airflow/example_dags/example_trigger_target_dag.py for tasks to queue
[2022-08-19 23:24:52,620] {logging_mixin.py:115} INFO - [2022-08-19 23:24:52,619] {dagbag.py:508} INFO - Filling up the DagBag from /home/airflow/.local/lib/python3.7/site-packages/airflow/example_dags/example_trigger_target_dag.py
[2022-08-19 23:24:52,633] {processor.py:651} INFO - DAG(s) dict_keys(['example_trigger_target_dag']) retrieved from /home/airflow/.local/lib/python3.7/site-packages/airflow/example_dags/example_trigger_target_dag.py
[2022-08-19 23:24:52,652] {logging_mixin.py:115} INFO - [2022-08-19 23:24:52,652] {dag.py:2420} INFO - Sync 1 DAGs
[2022-08-19 23:24:52,664] {logging_mixin.py:115} INFO - [2022-08-19 23:24:52,664] {dag.py:2972} INFO - Setting next_dagrun for example_trigger_target_dag to None, run_after=None
[2022-08-19 23:24:52,672] {processor.py:161} INFO - Processing /home/airflow/.local/lib/python3.7/site-packages/airflow/example_dags/example_trigger_target_dag.py took 0.059 seconds
[2022-08-19 23:25:22,960] {processor.py:153} INFO - Started process (PID=6140) to work on /home/airflow/.local/lib/python3.7/site-packages/airflow/example_dags/example_trigger_target_dag.py
[2022-08-19 23:25:22,962] {processor.py:641} INFO - Processing file /home/airflow/.local/lib/python3.7/site-packages/airflow/example_dags/example_trigger_target_dag.py for tasks to queue
[2022-08-19 23:25:22,964] {logging_mixin.py:115} INFO - [2022-08-19 23:25:22,964] {dagbag.py:508} INFO - Filling up the DagBag from /home/airflow/.local/lib/python3.7/site-packages/airflow/example_dags/example_trigger_target_dag.py
[2022-08-19 23:25:22,974] {processor.py:651} INFO - DAG(s) dict_keys(['example_trigger_target_dag']) retrieved from /home/airflow/.local/lib/python3.7/site-packages/airflow/example_dags/example_trigger_target_dag.py
[2022-08-19 23:25:22,993] {logging_mixin.py:115} INFO - [2022-08-19 23:25:22,993] {dag.py:2420} INFO - Sync 1 DAGs
[2022-08-19 23:25:23,008] {logging_mixin.py:115} INFO - [2022-08-19 23:25:23,008] {dag.py:2972} INFO - Setting next_dagrun for example_trigger_target_dag to None, run_after=None
[2022-08-19 23:25:23,021] {processor.py:161} INFO - Processing /home/airflow/.local/lib/python3.7/site-packages/airflow/example_dags/example_trigger_target_dag.py took 0.063 seconds
[2022-08-19 23:25:53,542] {processor.py:153} INFO - Started process (PID=6208) to work on /home/airflow/.local/lib/python3.7/site-packages/airflow/example_dags/example_trigger_target_dag.py
[2022-08-19 23:25:53,544] {processor.py:641} INFO - Processing file /home/airflow/.local/lib/python3.7/site-packages/airflow/example_dags/example_trigger_target_dag.py for tasks to queue
[2022-08-19 23:25:53,546] {logging_mixin.py:115} INFO - [2022-08-19 23:25:53,546] {dagbag.py:508} INFO - Filling up the DagBag from /home/airflow/.local/lib/python3.7/site-packages/airflow/example_dags/example_trigger_target_dag.py
[2022-08-19 23:25:53,560] {processor.py:651} INFO - DAG(s) dict_keys(['example_trigger_target_dag']) retrieved from /home/airflow/.local/lib/python3.7/site-packages/airflow/example_dags/example_trigger_target_dag.py
[2022-08-19 23:25:53,578] {logging_mixin.py:115} INFO - [2022-08-19 23:25:53,578] {dag.py:2420} INFO - Sync 1 DAGs
[2022-08-19 23:25:53,590] {logging_mixin.py:115} INFO - [2022-08-19 23:25:53,590] {dag.py:2972} INFO - Setting next_dagrun for example_trigger_target_dag to None, run_after=None
[2022-08-19 23:25:53,599] {processor.py:161} INFO - Processing /home/airflow/.local/lib/python3.7/site-packages/airflow/example_dags/example_trigger_target_dag.py took 0.061 seconds
[2022-08-19 23:26:24,114] {processor.py:153} INFO - Started process (PID=6277) to work on /home/airflow/.local/lib/python3.7/site-packages/airflow/example_dags/example_trigger_target_dag.py
[2022-08-19 23:26:24,115] {processor.py:641} INFO - Processing file /home/airflow/.local/lib/python3.7/site-packages/airflow/example_dags/example_trigger_target_dag.py for tasks to queue
[2022-08-19 23:26:24,117] {logging_mixin.py:115} INFO - [2022-08-19 23:26:24,117] {dagbag.py:508} INFO - Filling up the DagBag from /home/airflow/.local/lib/python3.7/site-packages/airflow/example_dags/example_trigger_target_dag.py
[2022-08-19 23:26:24,131] {processor.py:651} INFO - DAG(s) dict_keys(['example_trigger_target_dag']) retrieved from /home/airflow/.local/lib/python3.7/site-packages/airflow/example_dags/example_trigger_target_dag.py
[2022-08-19 23:26:24,151] {logging_mixin.py:115} INFO - [2022-08-19 23:26:24,151] {dag.py:2420} INFO - Sync 1 DAGs
[2022-08-19 23:26:24,163] {logging_mixin.py:115} INFO - [2022-08-19 23:26:24,163] {dag.py:2972} INFO - Setting next_dagrun for example_trigger_target_dag to None, run_after=None
[2022-08-19 23:26:24,171] {processor.py:161} INFO - Processing /home/airflow/.local/lib/python3.7/site-packages/airflow/example_dags/example_trigger_target_dag.py took 0.062 seconds
[2022-08-19 23:26:54,608] {processor.py:153} INFO - Started process (PID=6344) to work on /home/airflow/.local/lib/python3.7/site-packages/airflow/example_dags/example_trigger_target_dag.py
[2022-08-19 23:26:54,609] {processor.py:641} INFO - Processing file /home/airflow/.local/lib/python3.7/site-packages/airflow/example_dags/example_trigger_target_dag.py for tasks to queue
[2022-08-19 23:26:54,610] {logging_mixin.py:115} INFO - [2022-08-19 23:26:54,610] {dagbag.py:508} INFO - Filling up the DagBag from /home/airflow/.local/lib/python3.7/site-packages/airflow/example_dags/example_trigger_target_dag.py
[2022-08-19 23:26:54,624] {processor.py:651} INFO - DAG(s) dict_keys(['example_trigger_target_dag']) retrieved from /home/airflow/.local/lib/python3.7/site-packages/airflow/example_dags/example_trigger_target_dag.py
[2022-08-19 23:26:54,642] {logging_mixin.py:115} INFO - [2022-08-19 23:26:54,642] {dag.py:2420} INFO - Sync 1 DAGs
[2022-08-19 23:26:54,655] {logging_mixin.py:115} INFO - [2022-08-19 23:26:54,655] {dag.py:2972} INFO - Setting next_dagrun for example_trigger_target_dag to None, run_after=None
[2022-08-19 23:26:54,663] {processor.py:161} INFO - Processing /home/airflow/.local/lib/python3.7/site-packages/airflow/example_dags/example_trigger_target_dag.py took 0.059 seconds
[2022-08-19 23:27:25,056] {processor.py:153} INFO - Started process (PID=6411) to work on /home/airflow/.local/lib/python3.7/site-packages/airflow/example_dags/example_trigger_target_dag.py
[2022-08-19 23:27:25,058] {processor.py:641} INFO - Processing file /home/airflow/.local/lib/python3.7/site-packages/airflow/example_dags/example_trigger_target_dag.py for tasks to queue
[2022-08-19 23:27:25,061] {logging_mixin.py:115} INFO - [2022-08-19 23:27:25,061] {dagbag.py:508} INFO - Filling up the DagBag from /home/airflow/.local/lib/python3.7/site-packages/airflow/example_dags/example_trigger_target_dag.py
[2022-08-19 23:27:25,078] {processor.py:651} INFO - DAG(s) dict_keys(['example_trigger_target_dag']) retrieved from /home/airflow/.local/lib/python3.7/site-packages/airflow/example_dags/example_trigger_target_dag.py
[2022-08-19 23:27:25,097] {logging_mixin.py:115} INFO - [2022-08-19 23:27:25,097] {dag.py:2420} INFO - Sync 1 DAGs
[2022-08-19 23:27:25,112] {logging_mixin.py:115} INFO - [2022-08-19 23:27:25,111] {dag.py:2972} INFO - Setting next_dagrun for example_trigger_target_dag to None, run_after=None
[2022-08-19 23:27:25,120] {processor.py:161} INFO - Processing /home/airflow/.local/lib/python3.7/site-packages/airflow/example_dags/example_trigger_target_dag.py took 0.068 seconds
[2022-08-19 23:27:55,519] {processor.py:153} INFO - Started process (PID=6480) to work on /home/airflow/.local/lib/python3.7/site-packages/airflow/example_dags/example_trigger_target_dag.py
[2022-08-19 23:27:55,520] {processor.py:641} INFO - Processing file /home/airflow/.local/lib/python3.7/site-packages/airflow/example_dags/example_trigger_target_dag.py for tasks to queue
[2022-08-19 23:27:55,521] {logging_mixin.py:115} INFO - [2022-08-19 23:27:55,521] {dagbag.py:508} INFO - Filling up the DagBag from /home/airflow/.local/lib/python3.7/site-packages/airflow/example_dags/example_trigger_target_dag.py
[2022-08-19 23:27:55,531] {processor.py:651} INFO - DAG(s) dict_keys(['example_trigger_target_dag']) retrieved from /home/airflow/.local/lib/python3.7/site-packages/airflow/example_dags/example_trigger_target_dag.py
[2022-08-19 23:27:55,549] {logging_mixin.py:115} INFO - [2022-08-19 23:27:55,549] {dag.py:2420} INFO - Sync 1 DAGs
[2022-08-19 23:27:55,561] {logging_mixin.py:115} INFO - [2022-08-19 23:27:55,561] {dag.py:2972} INFO - Setting next_dagrun for example_trigger_target_dag to None, run_after=None
[2022-08-19 23:27:55,573] {processor.py:161} INFO - Processing /home/airflow/.local/lib/python3.7/site-packages/airflow/example_dags/example_trigger_target_dag.py took 0.056 seconds
[2022-08-19 23:28:26,065] {processor.py:153} INFO - Started process (PID=6538) to work on /home/airflow/.local/lib/python3.7/site-packages/airflow/example_dags/example_trigger_target_dag.py
[2022-08-19 23:28:26,069] {processor.py:641} INFO - Processing file /home/airflow/.local/lib/python3.7/site-packages/airflow/example_dags/example_trigger_target_dag.py for tasks to queue
[2022-08-19 23:28:26,070] {logging_mixin.py:115} INFO - [2022-08-19 23:28:26,070] {dagbag.py:508} INFO - Filling up the DagBag from /home/airflow/.local/lib/python3.7/site-packages/airflow/example_dags/example_trigger_target_dag.py
[2022-08-19 23:28:26,080] {processor.py:651} INFO - DAG(s) dict_keys(['example_trigger_target_dag']) retrieved from /home/airflow/.local/lib/python3.7/site-packages/airflow/example_dags/example_trigger_target_dag.py
[2022-08-19 23:28:26,096] {logging_mixin.py:115} INFO - [2022-08-19 23:28:26,096] {dag.py:2420} INFO - Sync 1 DAGs
[2022-08-19 23:28:26,107] {logging_mixin.py:115} INFO - [2022-08-19 23:28:26,107] {dag.py:2972} INFO - Setting next_dagrun for example_trigger_target_dag to None, run_after=None
[2022-08-19 23:28:26,115] {processor.py:161} INFO - Processing /home/airflow/.local/lib/python3.7/site-packages/airflow/example_dags/example_trigger_target_dag.py took 0.053 seconds
[2022-08-19 23:28:56,532] {processor.py:153} INFO - Started process (PID=6607) to work on /home/airflow/.local/lib/python3.7/site-packages/airflow/example_dags/example_trigger_target_dag.py
[2022-08-19 23:28:56,534] {processor.py:641} INFO - Processing file /home/airflow/.local/lib/python3.7/site-packages/airflow/example_dags/example_trigger_target_dag.py for tasks to queue
[2022-08-19 23:28:56,536] {logging_mixin.py:115} INFO - [2022-08-19 23:28:56,536] {dagbag.py:508} INFO - Filling up the DagBag from /home/airflow/.local/lib/python3.7/site-packages/airflow/example_dags/example_trigger_target_dag.py
[2022-08-19 23:28:56,550] {processor.py:651} INFO - DAG(s) dict_keys(['example_trigger_target_dag']) retrieved from /home/airflow/.local/lib/python3.7/site-packages/airflow/example_dags/example_trigger_target_dag.py
[2022-08-19 23:28:56,569] {logging_mixin.py:115} INFO - [2022-08-19 23:28:56,569] {dag.py:2420} INFO - Sync 1 DAGs
[2022-08-19 23:28:56,582] {logging_mixin.py:115} INFO - [2022-08-19 23:28:56,582] {dag.py:2972} INFO - Setting next_dagrun for example_trigger_target_dag to None, run_after=None
[2022-08-19 23:28:56,591] {processor.py:161} INFO - Processing /home/airflow/.local/lib/python3.7/site-packages/airflow/example_dags/example_trigger_target_dag.py took 0.065 seconds
[2022-08-19 23:29:26,951] {processor.py:153} INFO - Started process (PID=6674) to work on /home/airflow/.local/lib/python3.7/site-packages/airflow/example_dags/example_trigger_target_dag.py
[2022-08-19 23:29:26,953] {processor.py:641} INFO - Processing file /home/airflow/.local/lib/python3.7/site-packages/airflow/example_dags/example_trigger_target_dag.py for tasks to queue
[2022-08-19 23:29:26,954] {logging_mixin.py:115} INFO - [2022-08-19 23:29:26,954] {dagbag.py:508} INFO - Filling up the DagBag from /home/airflow/.local/lib/python3.7/site-packages/airflow/example_dags/example_trigger_target_dag.py
[2022-08-19 23:29:26,968] {processor.py:651} INFO - DAG(s) dict_keys(['example_trigger_target_dag']) retrieved from /home/airflow/.local/lib/python3.7/site-packages/airflow/example_dags/example_trigger_target_dag.py
[2022-08-19 23:29:26,986] {logging_mixin.py:115} INFO - [2022-08-19 23:29:26,986] {dag.py:2420} INFO - Sync 1 DAGs
[2022-08-19 23:29:26,999] {logging_mixin.py:115} INFO - [2022-08-19 23:29:26,998] {dag.py:2972} INFO - Setting next_dagrun for example_trigger_target_dag to None, run_after=None
[2022-08-19 23:29:27,005] {processor.py:161} INFO - Processing /home/airflow/.local/lib/python3.7/site-packages/airflow/example_dags/example_trigger_target_dag.py took 0.058 seconds
