[2022-08-19 22:31:45,495] {processor.py:153} INFO - Started process (PID=54) to work on /home/airflow/.local/lib/python3.7/site-packages/airflow/example_dags/example_dag_decorator.py
[2022-08-19 22:31:45,497] {processor.py:641} INFO - Processing file /home/airflow/.local/lib/python3.7/site-packages/airflow/example_dags/example_dag_decorator.py for tasks to queue
[2022-08-19 22:31:45,499] {logging_mixin.py:115} INFO - [2022-08-19 22:31:45,499] {dagbag.py:508} INFO - Filling up the DagBag from /home/airflow/.local/lib/python3.7/site-packages/airflow/example_dags/example_dag_decorator.py
[2022-08-19 22:31:45,548] {processor.py:651} INFO - DAG(s) dict_keys(['example_dag_decorator']) retrieved from /home/airflow/.local/lib/python3.7/site-packages/airflow/example_dags/example_dag_decorator.py
[2022-08-19 22:31:45,653] {logging_mixin.py:115} INFO - [2022-08-19 22:31:45,653] {manager.py:508} INFO - Created Permission View: can delete on DAG:example_dag_decorator
[2022-08-19 22:31:45,671] {logging_mixin.py:115} INFO - [2022-08-19 22:31:45,671] {manager.py:508} INFO - Created Permission View: can read on DAG:example_dag_decorator
[2022-08-19 22:31:45,683] {logging_mixin.py:115} INFO - [2022-08-19 22:31:45,683] {manager.py:508} INFO - Created Permission View: can edit on DAG:example_dag_decorator
[2022-08-19 22:31:45,683] {logging_mixin.py:115} INFO - [2022-08-19 22:31:45,683] {dag.py:2420} INFO - Sync 1 DAGs
[2022-08-19 22:31:45,692] {logging_mixin.py:115} INFO - [2022-08-19 22:31:45,692] {dag.py:2439} INFO - Creating ORM DAG for example_dag_decorator
[2022-08-19 22:31:45,704] {logging_mixin.py:115} INFO - [2022-08-19 22:31:45,704] {dag.py:2972} INFO - Setting next_dagrun for example_dag_decorator to None, run_after=None
[2022-08-19 22:31:45,715] {processor.py:161} INFO - Processing /home/airflow/.local/lib/python3.7/site-packages/airflow/example_dags/example_dag_decorator.py took 0.223 seconds
[2022-08-19 22:32:16,584] {processor.py:153} INFO - Started process (PID=117) to work on /home/airflow/.local/lib/python3.7/site-packages/airflow/example_dags/example_dag_decorator.py
[2022-08-19 22:32:16,586] {processor.py:641} INFO - Processing file /home/airflow/.local/lib/python3.7/site-packages/airflow/example_dags/example_dag_decorator.py for tasks to queue
[2022-08-19 22:32:16,587] {logging_mixin.py:115} INFO - [2022-08-19 22:32:16,587] {dagbag.py:508} INFO - Filling up the DagBag from /home/airflow/.local/lib/python3.7/site-packages/airflow/example_dags/example_dag_decorator.py
[2022-08-19 22:32:16,607] {processor.py:651} INFO - DAG(s) dict_keys(['example_dag_decorator']) retrieved from /home/airflow/.local/lib/python3.7/site-packages/airflow/example_dags/example_dag_decorator.py
[2022-08-19 22:32:16,650] {logging_mixin.py:115} INFO - [2022-08-19 22:32:16,650] {dag.py:2420} INFO - Sync 1 DAGs
[2022-08-19 22:32:16,662] {logging_mixin.py:115} INFO - [2022-08-19 22:32:16,662] {dag.py:2972} INFO - Setting next_dagrun for example_dag_decorator to None, run_after=None
[2022-08-19 22:32:16,670] {processor.py:161} INFO - Processing /home/airflow/.local/lib/python3.7/site-packages/airflow/example_dags/example_dag_decorator.py took 0.091 seconds
[2022-08-19 22:53:25,088] {processor.py:153} INFO - Started process (PID=54) to work on /home/airflow/.local/lib/python3.7/site-packages/airflow/example_dags/example_dag_decorator.py
[2022-08-19 22:53:25,090] {processor.py:641} INFO - Processing file /home/airflow/.local/lib/python3.7/site-packages/airflow/example_dags/example_dag_decorator.py for tasks to queue
[2022-08-19 22:53:25,092] {logging_mixin.py:115} INFO - [2022-08-19 22:53:25,092] {dagbag.py:508} INFO - Filling up the DagBag from /home/airflow/.local/lib/python3.7/site-packages/airflow/example_dags/example_dag_decorator.py
[2022-08-19 22:53:25,132] {processor.py:651} INFO - DAG(s) dict_keys(['example_dag_decorator']) retrieved from /home/airflow/.local/lib/python3.7/site-packages/airflow/example_dags/example_dag_decorator.py
[2022-08-19 22:53:25,193] {logging_mixin.py:115} INFO - [2022-08-19 22:53:25,193] {manager.py:508} INFO - Created Permission View: can read on DAG:example_dag_decorator
[2022-08-19 22:53:25,203] {logging_mixin.py:115} INFO - [2022-08-19 22:53:25,203] {manager.py:508} INFO - Created Permission View: can delete on DAG:example_dag_decorator
[2022-08-19 22:53:25,213] {logging_mixin.py:115} INFO - [2022-08-19 22:53:25,213] {manager.py:508} INFO - Created Permission View: can edit on DAG:example_dag_decorator
[2022-08-19 22:53:25,214] {logging_mixin.py:115} INFO - [2022-08-19 22:53:25,214] {dag.py:2420} INFO - Sync 1 DAGs
[2022-08-19 22:53:25,220] {logging_mixin.py:115} INFO - [2022-08-19 22:53:25,220] {dag.py:2439} INFO - Creating ORM DAG for example_dag_decorator
[2022-08-19 22:53:25,230] {logging_mixin.py:115} INFO - [2022-08-19 22:53:25,230] {dag.py:2972} INFO - Setting next_dagrun for example_dag_decorator to None, run_after=None
[2022-08-19 22:53:25,247] {processor.py:161} INFO - Processing /home/airflow/.local/lib/python3.7/site-packages/airflow/example_dags/example_dag_decorator.py took 0.165 seconds
[2022-08-19 22:53:56,217] {processor.py:153} INFO - Started process (PID=132) to work on /home/airflow/.local/lib/python3.7/site-packages/airflow/example_dags/example_dag_decorator.py
[2022-08-19 22:53:56,218] {processor.py:641} INFO - Processing file /home/airflow/.local/lib/python3.7/site-packages/airflow/example_dags/example_dag_decorator.py for tasks to queue
[2022-08-19 22:53:56,220] {logging_mixin.py:115} INFO - [2022-08-19 22:53:56,220] {dagbag.py:508} INFO - Filling up the DagBag from /home/airflow/.local/lib/python3.7/site-packages/airflow/example_dags/example_dag_decorator.py
[2022-08-19 22:53:56,235] {processor.py:651} INFO - DAG(s) dict_keys(['example_dag_decorator']) retrieved from /home/airflow/.local/lib/python3.7/site-packages/airflow/example_dags/example_dag_decorator.py
[2022-08-19 22:53:56,276] {logging_mixin.py:115} INFO - [2022-08-19 22:53:56,276] {dag.py:2420} INFO - Sync 1 DAGs
[2022-08-19 22:53:56,294] {logging_mixin.py:115} INFO - [2022-08-19 22:53:56,294] {dag.py:2972} INFO - Setting next_dagrun for example_dag_decorator to None, run_after=None
[2022-08-19 22:53:56,304] {processor.py:161} INFO - Processing /home/airflow/.local/lib/python3.7/site-packages/airflow/example_dags/example_dag_decorator.py took 0.090 seconds
[2022-08-19 22:54:26,796] {processor.py:153} INFO - Started process (PID=205) to work on /home/airflow/.local/lib/python3.7/site-packages/airflow/example_dags/example_dag_decorator.py
[2022-08-19 22:54:26,798] {processor.py:641} INFO - Processing file /home/airflow/.local/lib/python3.7/site-packages/airflow/example_dags/example_dag_decorator.py for tasks to queue
[2022-08-19 22:54:26,800] {logging_mixin.py:115} INFO - [2022-08-19 22:54:26,800] {dagbag.py:508} INFO - Filling up the DagBag from /home/airflow/.local/lib/python3.7/site-packages/airflow/example_dags/example_dag_decorator.py
[2022-08-19 22:54:26,820] {processor.py:651} INFO - DAG(s) dict_keys(['example_dag_decorator']) retrieved from /home/airflow/.local/lib/python3.7/site-packages/airflow/example_dags/example_dag_decorator.py
[2022-08-19 22:54:26,858] {logging_mixin.py:115} INFO - [2022-08-19 22:54:26,858] {dag.py:2420} INFO - Sync 1 DAGs
[2022-08-19 22:54:26,869] {logging_mixin.py:115} INFO - [2022-08-19 22:54:26,869] {dag.py:2972} INFO - Setting next_dagrun for example_dag_decorator to None, run_after=None
[2022-08-19 22:54:26,879] {processor.py:161} INFO - Processing /home/airflow/.local/lib/python3.7/site-packages/airflow/example_dags/example_dag_decorator.py took 0.088 seconds
[2022-08-19 22:54:57,348] {processor.py:153} INFO - Started process (PID=272) to work on /home/airflow/.local/lib/python3.7/site-packages/airflow/example_dags/example_dag_decorator.py
[2022-08-19 22:54:57,351] {processor.py:641} INFO - Processing file /home/airflow/.local/lib/python3.7/site-packages/airflow/example_dags/example_dag_decorator.py for tasks to queue
[2022-08-19 22:54:57,353] {logging_mixin.py:115} INFO - [2022-08-19 22:54:57,353] {dagbag.py:508} INFO - Filling up the DagBag from /home/airflow/.local/lib/python3.7/site-packages/airflow/example_dags/example_dag_decorator.py
[2022-08-19 22:54:57,376] {processor.py:651} INFO - DAG(s) dict_keys(['example_dag_decorator']) retrieved from /home/airflow/.local/lib/python3.7/site-packages/airflow/example_dags/example_dag_decorator.py
[2022-08-19 22:54:57,415] {logging_mixin.py:115} INFO - [2022-08-19 22:54:57,415] {dag.py:2420} INFO - Sync 1 DAGs
[2022-08-19 22:54:57,427] {logging_mixin.py:115} INFO - [2022-08-19 22:54:57,427] {dag.py:2972} INFO - Setting next_dagrun for example_dag_decorator to None, run_after=None
[2022-08-19 22:54:57,435] {processor.py:161} INFO - Processing /home/airflow/.local/lib/python3.7/site-packages/airflow/example_dags/example_dag_decorator.py took 0.090 seconds
[2022-08-19 22:55:27,877] {processor.py:153} INFO - Started process (PID=335) to work on /home/airflow/.local/lib/python3.7/site-packages/airflow/example_dags/example_dag_decorator.py
[2022-08-19 22:55:27,879] {processor.py:641} INFO - Processing file /home/airflow/.local/lib/python3.7/site-packages/airflow/example_dags/example_dag_decorator.py for tasks to queue
[2022-08-19 22:55:27,881] {logging_mixin.py:115} INFO - [2022-08-19 22:55:27,881] {dagbag.py:508} INFO - Filling up the DagBag from /home/airflow/.local/lib/python3.7/site-packages/airflow/example_dags/example_dag_decorator.py
[2022-08-19 22:55:27,896] {processor.py:651} INFO - DAG(s) dict_keys(['example_dag_decorator']) retrieved from /home/airflow/.local/lib/python3.7/site-packages/airflow/example_dags/example_dag_decorator.py
[2022-08-19 22:55:27,934] {logging_mixin.py:115} INFO - [2022-08-19 22:55:27,933] {dag.py:2420} INFO - Sync 1 DAGs
[2022-08-19 22:55:27,945] {logging_mixin.py:115} INFO - [2022-08-19 22:55:27,945] {dag.py:2972} INFO - Setting next_dagrun for example_dag_decorator to None, run_after=None
[2022-08-19 22:55:27,954] {processor.py:161} INFO - Processing /home/airflow/.local/lib/python3.7/site-packages/airflow/example_dags/example_dag_decorator.py took 0.080 seconds
[2022-08-19 22:55:58,366] {processor.py:153} INFO - Started process (PID=389) to work on /home/airflow/.local/lib/python3.7/site-packages/airflow/example_dags/example_dag_decorator.py
[2022-08-19 22:55:58,368] {processor.py:641} INFO - Processing file /home/airflow/.local/lib/python3.7/site-packages/airflow/example_dags/example_dag_decorator.py for tasks to queue
[2022-08-19 22:55:58,369] {logging_mixin.py:115} INFO - [2022-08-19 22:55:58,369] {dagbag.py:508} INFO - Filling up the DagBag from /home/airflow/.local/lib/python3.7/site-packages/airflow/example_dags/example_dag_decorator.py
[2022-08-19 22:55:58,390] {processor.py:651} INFO - DAG(s) dict_keys(['example_dag_decorator']) retrieved from /home/airflow/.local/lib/python3.7/site-packages/airflow/example_dags/example_dag_decorator.py
[2022-08-19 22:55:58,437] {logging_mixin.py:115} INFO - [2022-08-19 22:55:58,437] {dag.py:2420} INFO - Sync 1 DAGs
[2022-08-19 22:55:58,448] {logging_mixin.py:115} INFO - [2022-08-19 22:55:58,448] {dag.py:2972} INFO - Setting next_dagrun for example_dag_decorator to None, run_after=None
[2022-08-19 22:55:58,458] {processor.py:161} INFO - Processing /home/airflow/.local/lib/python3.7/site-packages/airflow/example_dags/example_dag_decorator.py took 0.098 seconds
[2022-08-19 22:56:28,794] {processor.py:153} INFO - Started process (PID=458) to work on /home/airflow/.local/lib/python3.7/site-packages/airflow/example_dags/example_dag_decorator.py
[2022-08-19 22:56:28,795] {processor.py:641} INFO - Processing file /home/airflow/.local/lib/python3.7/site-packages/airflow/example_dags/example_dag_decorator.py for tasks to queue
[2022-08-19 22:56:28,797] {logging_mixin.py:115} INFO - [2022-08-19 22:56:28,797] {dagbag.py:508} INFO - Filling up the DagBag from /home/airflow/.local/lib/python3.7/site-packages/airflow/example_dags/example_dag_decorator.py
[2022-08-19 22:56:28,810] {processor.py:651} INFO - DAG(s) dict_keys(['example_dag_decorator']) retrieved from /home/airflow/.local/lib/python3.7/site-packages/airflow/example_dags/example_dag_decorator.py
[2022-08-19 22:56:28,827] {logging_mixin.py:115} INFO - [2022-08-19 22:56:28,827] {dag.py:2420} INFO - Sync 1 DAGs
[2022-08-19 22:56:28,840] {logging_mixin.py:115} INFO - [2022-08-19 22:56:28,840] {dag.py:2972} INFO - Setting next_dagrun for example_dag_decorator to None, run_after=None
[2022-08-19 22:56:28,848] {processor.py:161} INFO - Processing /home/airflow/.local/lib/python3.7/site-packages/airflow/example_dags/example_dag_decorator.py took 0.057 seconds
[2022-08-19 22:56:59,179] {processor.py:153} INFO - Started process (PID=522) to work on /home/airflow/.local/lib/python3.7/site-packages/airflow/example_dags/example_dag_decorator.py
[2022-08-19 22:56:59,181] {processor.py:641} INFO - Processing file /home/airflow/.local/lib/python3.7/site-packages/airflow/example_dags/example_dag_decorator.py for tasks to queue
[2022-08-19 22:56:59,184] {logging_mixin.py:115} INFO - [2022-08-19 22:56:59,183] {dagbag.py:508} INFO - Filling up the DagBag from /home/airflow/.local/lib/python3.7/site-packages/airflow/example_dags/example_dag_decorator.py
[2022-08-19 22:56:59,200] {processor.py:651} INFO - DAG(s) dict_keys(['example_dag_decorator']) retrieved from /home/airflow/.local/lib/python3.7/site-packages/airflow/example_dags/example_dag_decorator.py
[2022-08-19 22:56:59,237] {logging_mixin.py:115} INFO - [2022-08-19 22:56:59,237] {dag.py:2420} INFO - Sync 1 DAGs
[2022-08-19 22:56:59,248] {logging_mixin.py:115} INFO - [2022-08-19 22:56:59,248] {dag.py:2972} INFO - Setting next_dagrun for example_dag_decorator to None, run_after=None
[2022-08-19 22:56:59,258] {processor.py:161} INFO - Processing /home/airflow/.local/lib/python3.7/site-packages/airflow/example_dags/example_dag_decorator.py took 0.082 seconds
[2022-08-19 22:57:29,581] {processor.py:153} INFO - Started process (PID=591) to work on /home/airflow/.local/lib/python3.7/site-packages/airflow/example_dags/example_dag_decorator.py
[2022-08-19 22:57:29,582] {processor.py:641} INFO - Processing file /home/airflow/.local/lib/python3.7/site-packages/airflow/example_dags/example_dag_decorator.py for tasks to queue
[2022-08-19 22:57:29,584] {logging_mixin.py:115} INFO - [2022-08-19 22:57:29,584] {dagbag.py:508} INFO - Filling up the DagBag from /home/airflow/.local/lib/python3.7/site-packages/airflow/example_dags/example_dag_decorator.py
[2022-08-19 22:57:29,602] {processor.py:651} INFO - DAG(s) dict_keys(['example_dag_decorator']) retrieved from /home/airflow/.local/lib/python3.7/site-packages/airflow/example_dags/example_dag_decorator.py
[2022-08-19 22:57:29,620] {logging_mixin.py:115} INFO - [2022-08-19 22:57:29,620] {dag.py:2420} INFO - Sync 1 DAGs
[2022-08-19 22:57:29,632] {logging_mixin.py:115} INFO - [2022-08-19 22:57:29,632] {dag.py:2972} INFO - Setting next_dagrun for example_dag_decorator to None, run_after=None
[2022-08-19 22:57:29,639] {processor.py:161} INFO - Processing /home/airflow/.local/lib/python3.7/site-packages/airflow/example_dags/example_dag_decorator.py took 0.062 seconds
[2022-08-19 22:58:00,051] {processor.py:153} INFO - Started process (PID=657) to work on /home/airflow/.local/lib/python3.7/site-packages/airflow/example_dags/example_dag_decorator.py
[2022-08-19 22:58:00,054] {processor.py:641} INFO - Processing file /home/airflow/.local/lib/python3.7/site-packages/airflow/example_dags/example_dag_decorator.py for tasks to queue
[2022-08-19 22:58:00,055] {logging_mixin.py:115} INFO - [2022-08-19 22:58:00,055] {dagbag.py:508} INFO - Filling up the DagBag from /home/airflow/.local/lib/python3.7/site-packages/airflow/example_dags/example_dag_decorator.py
[2022-08-19 22:58:00,078] {processor.py:651} INFO - DAG(s) dict_keys(['example_dag_decorator']) retrieved from /home/airflow/.local/lib/python3.7/site-packages/airflow/example_dags/example_dag_decorator.py
[2022-08-19 22:58:00,098] {logging_mixin.py:115} INFO - [2022-08-19 22:58:00,097] {dag.py:2420} INFO - Sync 1 DAGs
[2022-08-19 22:58:00,110] {logging_mixin.py:115} INFO - [2022-08-19 22:58:00,110] {dag.py:2972} INFO - Setting next_dagrun for example_dag_decorator to None, run_after=None
[2022-08-19 22:58:00,118] {processor.py:161} INFO - Processing /home/airflow/.local/lib/python3.7/site-packages/airflow/example_dags/example_dag_decorator.py took 0.071 seconds
[2022-08-19 22:58:30,501] {processor.py:153} INFO - Started process (PID=725) to work on /home/airflow/.local/lib/python3.7/site-packages/airflow/example_dags/example_dag_decorator.py
[2022-08-19 22:58:30,502] {processor.py:641} INFO - Processing file /home/airflow/.local/lib/python3.7/site-packages/airflow/example_dags/example_dag_decorator.py for tasks to queue
[2022-08-19 22:58:30,503] {logging_mixin.py:115} INFO - [2022-08-19 22:58:30,503] {dagbag.py:508} INFO - Filling up the DagBag from /home/airflow/.local/lib/python3.7/site-packages/airflow/example_dags/example_dag_decorator.py
[2022-08-19 22:58:30,519] {processor.py:651} INFO - DAG(s) dict_keys(['example_dag_decorator']) retrieved from /home/airflow/.local/lib/python3.7/site-packages/airflow/example_dags/example_dag_decorator.py
[2022-08-19 22:58:30,557] {logging_mixin.py:115} INFO - [2022-08-19 22:58:30,557] {dag.py:2420} INFO - Sync 1 DAGs
[2022-08-19 22:58:30,568] {logging_mixin.py:115} INFO - [2022-08-19 22:58:30,568] {dag.py:2972} INFO - Setting next_dagrun for example_dag_decorator to None, run_after=None
[2022-08-19 22:58:30,605] {processor.py:161} INFO - Processing /home/airflow/.local/lib/python3.7/site-packages/airflow/example_dags/example_dag_decorator.py took 0.107 seconds
[2022-08-19 22:59:00,950] {processor.py:153} INFO - Started process (PID=779) to work on /home/airflow/.local/lib/python3.7/site-packages/airflow/example_dags/example_dag_decorator.py
[2022-08-19 22:59:00,952] {processor.py:641} INFO - Processing file /home/airflow/.local/lib/python3.7/site-packages/airflow/example_dags/example_dag_decorator.py for tasks to queue
[2022-08-19 22:59:00,953] {logging_mixin.py:115} INFO - [2022-08-19 22:59:00,953] {dagbag.py:508} INFO - Filling up the DagBag from /home/airflow/.local/lib/python3.7/site-packages/airflow/example_dags/example_dag_decorator.py
[2022-08-19 22:59:00,973] {processor.py:651} INFO - DAG(s) dict_keys(['example_dag_decorator']) retrieved from /home/airflow/.local/lib/python3.7/site-packages/airflow/example_dags/example_dag_decorator.py
[2022-08-19 22:59:00,993] {logging_mixin.py:115} INFO - [2022-08-19 22:59:00,993] {dag.py:2420} INFO - Sync 1 DAGs
[2022-08-19 22:59:01,005] {logging_mixin.py:115} INFO - [2022-08-19 22:59:01,005] {dag.py:2972} INFO - Setting next_dagrun for example_dag_decorator to None, run_after=None
[2022-08-19 22:59:01,013] {processor.py:161} INFO - Processing /home/airflow/.local/lib/python3.7/site-packages/airflow/example_dags/example_dag_decorator.py took 0.066 seconds
[2022-08-19 22:59:31,483] {processor.py:153} INFO - Started process (PID=845) to work on /home/airflow/.local/lib/python3.7/site-packages/airflow/example_dags/example_dag_decorator.py
[2022-08-19 22:59:31,485] {processor.py:641} INFO - Processing file /home/airflow/.local/lib/python3.7/site-packages/airflow/example_dags/example_dag_decorator.py for tasks to queue
[2022-08-19 22:59:31,486] {logging_mixin.py:115} INFO - [2022-08-19 22:59:31,486] {dagbag.py:508} INFO - Filling up the DagBag from /home/airflow/.local/lib/python3.7/site-packages/airflow/example_dags/example_dag_decorator.py
[2022-08-19 22:59:31,508] {processor.py:651} INFO - DAG(s) dict_keys(['example_dag_decorator']) retrieved from /home/airflow/.local/lib/python3.7/site-packages/airflow/example_dags/example_dag_decorator.py
[2022-08-19 22:59:31,528] {logging_mixin.py:115} INFO - [2022-08-19 22:59:31,528] {dag.py:2420} INFO - Sync 1 DAGs
[2022-08-19 22:59:31,541] {logging_mixin.py:115} INFO - [2022-08-19 22:59:31,541] {dag.py:2972} INFO - Setting next_dagrun for example_dag_decorator to None, run_after=None
[2022-08-19 22:59:31,550] {processor.py:161} INFO - Processing /home/airflow/.local/lib/python3.7/site-packages/airflow/example_dags/example_dag_decorator.py took 0.074 seconds
[2022-08-19 23:00:01,920] {processor.py:153} INFO - Started process (PID=913) to work on /home/airflow/.local/lib/python3.7/site-packages/airflow/example_dags/example_dag_decorator.py
[2022-08-19 23:00:01,923] {processor.py:641} INFO - Processing file /home/airflow/.local/lib/python3.7/site-packages/airflow/example_dags/example_dag_decorator.py for tasks to queue
[2022-08-19 23:00:01,928] {logging_mixin.py:115} INFO - [2022-08-19 23:00:01,927] {dagbag.py:508} INFO - Filling up the DagBag from /home/airflow/.local/lib/python3.7/site-packages/airflow/example_dags/example_dag_decorator.py
[2022-08-19 23:00:01,949] {processor.py:651} INFO - DAG(s) dict_keys(['example_dag_decorator']) retrieved from /home/airflow/.local/lib/python3.7/site-packages/airflow/example_dags/example_dag_decorator.py
[2022-08-19 23:00:01,989] {logging_mixin.py:115} INFO - [2022-08-19 23:00:01,989] {dag.py:2420} INFO - Sync 1 DAGs
[2022-08-19 23:00:02,003] {logging_mixin.py:115} INFO - [2022-08-19 23:00:02,003] {dag.py:2972} INFO - Setting next_dagrun for example_dag_decorator to None, run_after=None
[2022-08-19 23:00:02,011] {processor.py:161} INFO - Processing /home/airflow/.local/lib/python3.7/site-packages/airflow/example_dags/example_dag_decorator.py took 0.097 seconds
[2022-08-19 23:00:32,347] {processor.py:153} INFO - Started process (PID=979) to work on /home/airflow/.local/lib/python3.7/site-packages/airflow/example_dags/example_dag_decorator.py
[2022-08-19 23:00:32,349] {processor.py:641} INFO - Processing file /home/airflow/.local/lib/python3.7/site-packages/airflow/example_dags/example_dag_decorator.py for tasks to queue
[2022-08-19 23:00:32,350] {logging_mixin.py:115} INFO - [2022-08-19 23:00:32,350] {dagbag.py:508} INFO - Filling up the DagBag from /home/airflow/.local/lib/python3.7/site-packages/airflow/example_dags/example_dag_decorator.py
[2022-08-19 23:00:32,363] {processor.py:651} INFO - DAG(s) dict_keys(['example_dag_decorator']) retrieved from /home/airflow/.local/lib/python3.7/site-packages/airflow/example_dags/example_dag_decorator.py
[2022-08-19 23:00:32,380] {logging_mixin.py:115} INFO - [2022-08-19 23:00:32,380] {dag.py:2420} INFO - Sync 1 DAGs
[2022-08-19 23:00:32,392] {logging_mixin.py:115} INFO - [2022-08-19 23:00:32,392] {dag.py:2972} INFO - Setting next_dagrun for example_dag_decorator to None, run_after=None
[2022-08-19 23:00:32,400] {processor.py:161} INFO - Processing /home/airflow/.local/lib/python3.7/site-packages/airflow/example_dags/example_dag_decorator.py took 0.055 seconds
[2022-08-19 23:01:02,717] {processor.py:153} INFO - Started process (PID=1049) to work on /home/airflow/.local/lib/python3.7/site-packages/airflow/example_dags/example_dag_decorator.py
[2022-08-19 23:01:02,718] {processor.py:641} INFO - Processing file /home/airflow/.local/lib/python3.7/site-packages/airflow/example_dags/example_dag_decorator.py for tasks to queue
[2022-08-19 23:01:02,720] {logging_mixin.py:115} INFO - [2022-08-19 23:01:02,719] {dagbag.py:508} INFO - Filling up the DagBag from /home/airflow/.local/lib/python3.7/site-packages/airflow/example_dags/example_dag_decorator.py
[2022-08-19 23:01:02,733] {processor.py:651} INFO - DAG(s) dict_keys(['example_dag_decorator']) retrieved from /home/airflow/.local/lib/python3.7/site-packages/airflow/example_dags/example_dag_decorator.py
[2022-08-19 23:01:02,749] {logging_mixin.py:115} INFO - [2022-08-19 23:01:02,749] {dag.py:2420} INFO - Sync 1 DAGs
[2022-08-19 23:01:02,762] {logging_mixin.py:115} INFO - [2022-08-19 23:01:02,762] {dag.py:2972} INFO - Setting next_dagrun for example_dag_decorator to None, run_after=None
[2022-08-19 23:01:02,770] {processor.py:161} INFO - Processing /home/airflow/.local/lib/python3.7/site-packages/airflow/example_dags/example_dag_decorator.py took 0.056 seconds
[2022-08-19 23:01:33,247] {processor.py:153} INFO - Started process (PID=1115) to work on /home/airflow/.local/lib/python3.7/site-packages/airflow/example_dags/example_dag_decorator.py
[2022-08-19 23:01:33,248] {processor.py:641} INFO - Processing file /home/airflow/.local/lib/python3.7/site-packages/airflow/example_dags/example_dag_decorator.py for tasks to queue
[2022-08-19 23:01:33,249] {logging_mixin.py:115} INFO - [2022-08-19 23:01:33,249] {dagbag.py:508} INFO - Filling up the DagBag from /home/airflow/.local/lib/python3.7/site-packages/airflow/example_dags/example_dag_decorator.py
[2022-08-19 23:01:33,266] {processor.py:651} INFO - DAG(s) dict_keys(['example_dag_decorator']) retrieved from /home/airflow/.local/lib/python3.7/site-packages/airflow/example_dags/example_dag_decorator.py
[2022-08-19 23:01:33,289] {logging_mixin.py:115} INFO - [2022-08-19 23:01:33,289] {dag.py:2420} INFO - Sync 1 DAGs
[2022-08-19 23:01:33,305] {logging_mixin.py:115} INFO - [2022-08-19 23:01:33,305] {dag.py:2972} INFO - Setting next_dagrun for example_dag_decorator to None, run_after=None
[2022-08-19 23:01:33,315] {processor.py:161} INFO - Processing /home/airflow/.local/lib/python3.7/site-packages/airflow/example_dags/example_dag_decorator.py took 0.071 seconds
[2022-08-19 23:02:03,694] {processor.py:153} INFO - Started process (PID=1169) to work on /home/airflow/.local/lib/python3.7/site-packages/airflow/example_dags/example_dag_decorator.py
[2022-08-19 23:02:03,696] {processor.py:641} INFO - Processing file /home/airflow/.local/lib/python3.7/site-packages/airflow/example_dags/example_dag_decorator.py for tasks to queue
[2022-08-19 23:02:03,697] {logging_mixin.py:115} INFO - [2022-08-19 23:02:03,697] {dagbag.py:508} INFO - Filling up the DagBag from /home/airflow/.local/lib/python3.7/site-packages/airflow/example_dags/example_dag_decorator.py
[2022-08-19 23:02:03,715] {processor.py:651} INFO - DAG(s) dict_keys(['example_dag_decorator']) retrieved from /home/airflow/.local/lib/python3.7/site-packages/airflow/example_dags/example_dag_decorator.py
[2022-08-19 23:02:03,732] {logging_mixin.py:115} INFO - [2022-08-19 23:02:03,732] {dag.py:2420} INFO - Sync 1 DAGs
[2022-08-19 23:02:03,745] {logging_mixin.py:115} INFO - [2022-08-19 23:02:03,745] {dag.py:2972} INFO - Setting next_dagrun for example_dag_decorator to None, run_after=None
[2022-08-19 23:02:03,753] {processor.py:161} INFO - Processing /home/airflow/.local/lib/python3.7/site-packages/airflow/example_dags/example_dag_decorator.py took 0.062 seconds
[2022-08-19 23:02:34,167] {processor.py:153} INFO - Started process (PID=1231) to work on /home/airflow/.local/lib/python3.7/site-packages/airflow/example_dags/example_dag_decorator.py
[2022-08-19 23:02:34,169] {processor.py:641} INFO - Processing file /home/airflow/.local/lib/python3.7/site-packages/airflow/example_dags/example_dag_decorator.py for tasks to queue
[2022-08-19 23:02:34,171] {logging_mixin.py:115} INFO - [2022-08-19 23:02:34,171] {dagbag.py:508} INFO - Filling up the DagBag from /home/airflow/.local/lib/python3.7/site-packages/airflow/example_dags/example_dag_decorator.py
[2022-08-19 23:02:34,190] {processor.py:651} INFO - DAG(s) dict_keys(['example_dag_decorator']) retrieved from /home/airflow/.local/lib/python3.7/site-packages/airflow/example_dags/example_dag_decorator.py
[2022-08-19 23:02:34,209] {logging_mixin.py:115} INFO - [2022-08-19 23:02:34,209] {dag.py:2420} INFO - Sync 1 DAGs
[2022-08-19 23:02:34,221] {logging_mixin.py:115} INFO - [2022-08-19 23:02:34,221] {dag.py:2972} INFO - Setting next_dagrun for example_dag_decorator to None, run_after=None
[2022-08-19 23:02:34,229] {processor.py:161} INFO - Processing /home/airflow/.local/lib/python3.7/site-packages/airflow/example_dags/example_dag_decorator.py took 0.069 seconds
[2022-08-19 23:03:04,586] {processor.py:153} INFO - Started process (PID=1296) to work on /home/airflow/.local/lib/python3.7/site-packages/airflow/example_dags/example_dag_decorator.py
[2022-08-19 23:03:04,589] {processor.py:641} INFO - Processing file /home/airflow/.local/lib/python3.7/site-packages/airflow/example_dags/example_dag_decorator.py for tasks to queue
[2022-08-19 23:03:04,592] {logging_mixin.py:115} INFO - [2022-08-19 23:03:04,591] {dagbag.py:508} INFO - Filling up the DagBag from /home/airflow/.local/lib/python3.7/site-packages/airflow/example_dags/example_dag_decorator.py
[2022-08-19 23:03:04,613] {processor.py:651} INFO - DAG(s) dict_keys(['example_dag_decorator']) retrieved from /home/airflow/.local/lib/python3.7/site-packages/airflow/example_dags/example_dag_decorator.py
[2022-08-19 23:03:04,633] {logging_mixin.py:115} INFO - [2022-08-19 23:03:04,632] {dag.py:2420} INFO - Sync 1 DAGs
[2022-08-19 23:03:04,645] {logging_mixin.py:115} INFO - [2022-08-19 23:03:04,645] {dag.py:2972} INFO - Setting next_dagrun for example_dag_decorator to None, run_after=None
[2022-08-19 23:03:04,653] {processor.py:161} INFO - Processing /home/airflow/.local/lib/python3.7/site-packages/airflow/example_dags/example_dag_decorator.py took 0.071 seconds
[2022-08-19 23:03:35,115] {processor.py:153} INFO - Started process (PID=1364) to work on /home/airflow/.local/lib/python3.7/site-packages/airflow/example_dags/example_dag_decorator.py
[2022-08-19 23:03:35,116] {processor.py:641} INFO - Processing file /home/airflow/.local/lib/python3.7/site-packages/airflow/example_dags/example_dag_decorator.py for tasks to queue
[2022-08-19 23:03:35,117] {logging_mixin.py:115} INFO - [2022-08-19 23:03:35,117] {dagbag.py:508} INFO - Filling up the DagBag from /home/airflow/.local/lib/python3.7/site-packages/airflow/example_dags/example_dag_decorator.py
[2022-08-19 23:03:35,133] {processor.py:651} INFO - DAG(s) dict_keys(['example_dag_decorator']) retrieved from /home/airflow/.local/lib/python3.7/site-packages/airflow/example_dags/example_dag_decorator.py
[2022-08-19 23:03:35,170] {logging_mixin.py:115} INFO - [2022-08-19 23:03:35,170] {dag.py:2420} INFO - Sync 1 DAGs
[2022-08-19 23:03:35,182] {logging_mixin.py:115} INFO - [2022-08-19 23:03:35,181] {dag.py:2972} INFO - Setting next_dagrun for example_dag_decorator to None, run_after=None
[2022-08-19 23:03:35,190] {processor.py:161} INFO - Processing /home/airflow/.local/lib/python3.7/site-packages/airflow/example_dags/example_dag_decorator.py took 0.078 seconds
[2022-08-19 23:04:05,336] {processor.py:153} INFO - Started process (PID=1439) to work on /home/airflow/.local/lib/python3.7/site-packages/airflow/example_dags/example_dag_decorator.py
[2022-08-19 23:04:05,339] {processor.py:641} INFO - Processing file /home/airflow/.local/lib/python3.7/site-packages/airflow/example_dags/example_dag_decorator.py for tasks to queue
[2022-08-19 23:04:05,340] {logging_mixin.py:115} INFO - [2022-08-19 23:04:05,340] {dagbag.py:508} INFO - Filling up the DagBag from /home/airflow/.local/lib/python3.7/site-packages/airflow/example_dags/example_dag_decorator.py
[2022-08-19 23:04:05,361] {processor.py:651} INFO - DAG(s) dict_keys(['example_dag_decorator']) retrieved from /home/airflow/.local/lib/python3.7/site-packages/airflow/example_dags/example_dag_decorator.py
[2022-08-19 23:04:05,401] {logging_mixin.py:115} INFO - [2022-08-19 23:04:05,401] {dag.py:2420} INFO - Sync 1 DAGs
[2022-08-19 23:04:05,412] {logging_mixin.py:115} INFO - [2022-08-19 23:04:05,412] {dag.py:2972} INFO - Setting next_dagrun for example_dag_decorator to None, run_after=None
[2022-08-19 23:04:05,423] {processor.py:161} INFO - Processing /home/airflow/.local/lib/python3.7/site-packages/airflow/example_dags/example_dag_decorator.py took 0.096 seconds
[2022-08-19 23:04:35,887] {processor.py:153} INFO - Started process (PID=1500) to work on /home/airflow/.local/lib/python3.7/site-packages/airflow/example_dags/example_dag_decorator.py
[2022-08-19 23:04:35,890] {processor.py:641} INFO - Processing file /home/airflow/.local/lib/python3.7/site-packages/airflow/example_dags/example_dag_decorator.py for tasks to queue
[2022-08-19 23:04:35,892] {logging_mixin.py:115} INFO - [2022-08-19 23:04:35,892] {dagbag.py:508} INFO - Filling up the DagBag from /home/airflow/.local/lib/python3.7/site-packages/airflow/example_dags/example_dag_decorator.py
[2022-08-19 23:04:35,914] {processor.py:651} INFO - DAG(s) dict_keys(['example_dag_decorator']) retrieved from /home/airflow/.local/lib/python3.7/site-packages/airflow/example_dags/example_dag_decorator.py
[2022-08-19 23:04:35,932] {logging_mixin.py:115} INFO - [2022-08-19 23:04:35,932] {dag.py:2420} INFO - Sync 1 DAGs
[2022-08-19 23:04:35,944] {logging_mixin.py:115} INFO - [2022-08-19 23:04:35,944] {dag.py:2972} INFO - Setting next_dagrun for example_dag_decorator to None, run_after=None
[2022-08-19 23:04:35,952] {processor.py:161} INFO - Processing /home/airflow/.local/lib/python3.7/site-packages/airflow/example_dags/example_dag_decorator.py took 0.072 seconds
[2022-08-19 23:05:06,614] {processor.py:153} INFO - Started process (PID=1568) to work on /home/airflow/.local/lib/python3.7/site-packages/airflow/example_dags/example_dag_decorator.py
[2022-08-19 23:05:06,616] {processor.py:641} INFO - Processing file /home/airflow/.local/lib/python3.7/site-packages/airflow/example_dags/example_dag_decorator.py for tasks to queue
[2022-08-19 23:05:06,619] {logging_mixin.py:115} INFO - [2022-08-19 23:05:06,618] {dagbag.py:508} INFO - Filling up the DagBag from /home/airflow/.local/lib/python3.7/site-packages/airflow/example_dags/example_dag_decorator.py
[2022-08-19 23:05:06,639] {processor.py:651} INFO - DAG(s) dict_keys(['example_dag_decorator']) retrieved from /home/airflow/.local/lib/python3.7/site-packages/airflow/example_dags/example_dag_decorator.py
[2022-08-19 23:05:06,658] {logging_mixin.py:115} INFO - [2022-08-19 23:05:06,658] {dag.py:2420} INFO - Sync 1 DAGs
[2022-08-19 23:05:06,671] {logging_mixin.py:115} INFO - [2022-08-19 23:05:06,671] {dag.py:2972} INFO - Setting next_dagrun for example_dag_decorator to None, run_after=None
[2022-08-19 23:05:06,679] {processor.py:161} INFO - Processing /home/airflow/.local/lib/python3.7/site-packages/airflow/example_dags/example_dag_decorator.py took 0.072 seconds
[2022-08-19 23:05:37,168] {processor.py:153} INFO - Started process (PID=1638) to work on /home/airflow/.local/lib/python3.7/site-packages/airflow/example_dags/example_dag_decorator.py
[2022-08-19 23:05:37,171] {processor.py:641} INFO - Processing file /home/airflow/.local/lib/python3.7/site-packages/airflow/example_dags/example_dag_decorator.py for tasks to queue
[2022-08-19 23:05:37,173] {logging_mixin.py:115} INFO - [2022-08-19 23:05:37,173] {dagbag.py:508} INFO - Filling up the DagBag from /home/airflow/.local/lib/python3.7/site-packages/airflow/example_dags/example_dag_decorator.py
[2022-08-19 23:05:37,193] {processor.py:651} INFO - DAG(s) dict_keys(['example_dag_decorator']) retrieved from /home/airflow/.local/lib/python3.7/site-packages/airflow/example_dags/example_dag_decorator.py
[2022-08-19 23:05:37,211] {logging_mixin.py:115} INFO - [2022-08-19 23:05:37,211] {dag.py:2420} INFO - Sync 1 DAGs
[2022-08-19 23:05:37,224] {logging_mixin.py:115} INFO - [2022-08-19 23:05:37,223] {dag.py:2972} INFO - Setting next_dagrun for example_dag_decorator to None, run_after=None
[2022-08-19 23:05:37,231] {processor.py:161} INFO - Processing /home/airflow/.local/lib/python3.7/site-packages/airflow/example_dags/example_dag_decorator.py took 0.070 seconds
[2022-08-19 23:06:08,152] {processor.py:153} INFO - Started process (PID=1729) to work on /home/airflow/.local/lib/python3.7/site-packages/airflow/example_dags/example_dag_decorator.py
[2022-08-19 23:06:08,154] {processor.py:641} INFO - Processing file /home/airflow/.local/lib/python3.7/site-packages/airflow/example_dags/example_dag_decorator.py for tasks to queue
[2022-08-19 23:06:08,155] {logging_mixin.py:115} INFO - [2022-08-19 23:06:08,155] {dagbag.py:508} INFO - Filling up the DagBag from /home/airflow/.local/lib/python3.7/site-packages/airflow/example_dags/example_dag_decorator.py
[2022-08-19 23:06:08,185] {processor.py:651} INFO - DAG(s) dict_keys(['example_dag_decorator']) retrieved from /home/airflow/.local/lib/python3.7/site-packages/airflow/example_dags/example_dag_decorator.py
[2022-08-19 23:06:08,219] {logging_mixin.py:115} INFO - [2022-08-19 23:06:08,219] {dag.py:2420} INFO - Sync 1 DAGs
[2022-08-19 23:06:08,234] {logging_mixin.py:115} INFO - [2022-08-19 23:06:08,234] {dag.py:2972} INFO - Setting next_dagrun for example_dag_decorator to None, run_after=None
[2022-08-19 23:06:08,254] {processor.py:161} INFO - Processing /home/airflow/.local/lib/python3.7/site-packages/airflow/example_dags/example_dag_decorator.py took 0.104 seconds
[2022-08-19 23:06:38,585] {processor.py:153} INFO - Started process (PID=1854) to work on /home/airflow/.local/lib/python3.7/site-packages/airflow/example_dags/example_dag_decorator.py
[2022-08-19 23:06:38,588] {processor.py:641} INFO - Processing file /home/airflow/.local/lib/python3.7/site-packages/airflow/example_dags/example_dag_decorator.py for tasks to queue
[2022-08-19 23:06:38,589] {logging_mixin.py:115} INFO - [2022-08-19 23:06:38,589] {dagbag.py:508} INFO - Filling up the DagBag from /home/airflow/.local/lib/python3.7/site-packages/airflow/example_dags/example_dag_decorator.py
[2022-08-19 23:06:38,610] {processor.py:651} INFO - DAG(s) dict_keys(['example_dag_decorator']) retrieved from /home/airflow/.local/lib/python3.7/site-packages/airflow/example_dags/example_dag_decorator.py
[2022-08-19 23:06:38,693] {logging_mixin.py:115} INFO - [2022-08-19 23:06:38,693] {dag.py:2420} INFO - Sync 1 DAGs
[2022-08-19 23:06:38,710] {logging_mixin.py:115} INFO - [2022-08-19 23:06:38,710] {dag.py:2972} INFO - Setting next_dagrun for example_dag_decorator to None, run_after=None
[2022-08-19 23:06:38,727] {processor.py:161} INFO - Processing /home/airflow/.local/lib/python3.7/site-packages/airflow/example_dags/example_dag_decorator.py took 0.145 seconds
[2022-08-19 23:07:08,771] {processor.py:153} INFO - Started process (PID=1979) to work on /home/airflow/.local/lib/python3.7/site-packages/airflow/example_dags/example_dag_decorator.py
[2022-08-19 23:07:08,772] {processor.py:641} INFO - Processing file /home/airflow/.local/lib/python3.7/site-packages/airflow/example_dags/example_dag_decorator.py for tasks to queue
[2022-08-19 23:07:08,773] {logging_mixin.py:115} INFO - [2022-08-19 23:07:08,773] {dagbag.py:508} INFO - Filling up the DagBag from /home/airflow/.local/lib/python3.7/site-packages/airflow/example_dags/example_dag_decorator.py
[2022-08-19 23:07:08,786] {processor.py:651} INFO - DAG(s) dict_keys(['example_dag_decorator']) retrieved from /home/airflow/.local/lib/python3.7/site-packages/airflow/example_dags/example_dag_decorator.py
[2022-08-19 23:07:08,800] {logging_mixin.py:115} INFO - [2022-08-19 23:07:08,800] {dag.py:2420} INFO - Sync 1 DAGs
[2022-08-19 23:07:08,812] {logging_mixin.py:115} INFO - [2022-08-19 23:07:08,812] {dag.py:2972} INFO - Setting next_dagrun for example_dag_decorator to None, run_after=None
[2022-08-19 23:07:08,819] {processor.py:161} INFO - Processing /home/airflow/.local/lib/python3.7/site-packages/airflow/example_dags/example_dag_decorator.py took 0.051 seconds
[2022-08-19 23:07:39,089] {processor.py:153} INFO - Started process (PID=2111) to work on /home/airflow/.local/lib/python3.7/site-packages/airflow/example_dags/example_dag_decorator.py
[2022-08-19 23:07:39,090] {processor.py:641} INFO - Processing file /home/airflow/.local/lib/python3.7/site-packages/airflow/example_dags/example_dag_decorator.py for tasks to queue
[2022-08-19 23:07:39,092] {logging_mixin.py:115} INFO - [2022-08-19 23:07:39,091] {dagbag.py:508} INFO - Filling up the DagBag from /home/airflow/.local/lib/python3.7/site-packages/airflow/example_dags/example_dag_decorator.py
[2022-08-19 23:07:39,114] {processor.py:651} INFO - DAG(s) dict_keys(['example_dag_decorator']) retrieved from /home/airflow/.local/lib/python3.7/site-packages/airflow/example_dags/example_dag_decorator.py
[2022-08-19 23:07:39,163] {logging_mixin.py:115} INFO - [2022-08-19 23:07:39,162] {dag.py:2420} INFO - Sync 1 DAGs
[2022-08-19 23:07:39,177] {logging_mixin.py:115} INFO - [2022-08-19 23:07:39,177] {dag.py:2972} INFO - Setting next_dagrun for example_dag_decorator to None, run_after=None
[2022-08-19 23:07:39,192] {processor.py:161} INFO - Processing /home/airflow/.local/lib/python3.7/site-packages/airflow/example_dags/example_dag_decorator.py took 0.105 seconds
[2022-08-19 23:08:10,070] {processor.py:153} INFO - Started process (PID=2231) to work on /home/airflow/.local/lib/python3.7/site-packages/airflow/example_dags/example_dag_decorator.py
[2022-08-19 23:08:10,075] {processor.py:641} INFO - Processing file /home/airflow/.local/lib/python3.7/site-packages/airflow/example_dags/example_dag_decorator.py for tasks to queue
[2022-08-19 23:08:10,078] {logging_mixin.py:115} INFO - [2022-08-19 23:08:10,077] {dagbag.py:508} INFO - Filling up the DagBag from /home/airflow/.local/lib/python3.7/site-packages/airflow/example_dags/example_dag_decorator.py
[2022-08-19 23:08:10,113] {processor.py:651} INFO - DAG(s) dict_keys(['example_dag_decorator']) retrieved from /home/airflow/.local/lib/python3.7/site-packages/airflow/example_dags/example_dag_decorator.py
[2022-08-19 23:08:10,145] {logging_mixin.py:115} INFO - [2022-08-19 23:08:10,145] {dag.py:2420} INFO - Sync 1 DAGs
[2022-08-19 23:08:10,168] {logging_mixin.py:115} INFO - [2022-08-19 23:08:10,168] {dag.py:2972} INFO - Setting next_dagrun for example_dag_decorator to None, run_after=None
[2022-08-19 23:08:10,183] {processor.py:161} INFO - Processing /home/airflow/.local/lib/python3.7/site-packages/airflow/example_dags/example_dag_decorator.py took 0.115 seconds
[2022-08-19 23:08:40,433] {processor.py:153} INFO - Started process (PID=2349) to work on /home/airflow/.local/lib/python3.7/site-packages/airflow/example_dags/example_dag_decorator.py
[2022-08-19 23:08:40,434] {processor.py:641} INFO - Processing file /home/airflow/.local/lib/python3.7/site-packages/airflow/example_dags/example_dag_decorator.py for tasks to queue
[2022-08-19 23:08:40,435] {logging_mixin.py:115} INFO - [2022-08-19 23:08:40,435] {dagbag.py:508} INFO - Filling up the DagBag from /home/airflow/.local/lib/python3.7/site-packages/airflow/example_dags/example_dag_decorator.py
[2022-08-19 23:08:40,449] {processor.py:651} INFO - DAG(s) dict_keys(['example_dag_decorator']) retrieved from /home/airflow/.local/lib/python3.7/site-packages/airflow/example_dags/example_dag_decorator.py
[2022-08-19 23:08:40,488] {logging_mixin.py:115} INFO - [2022-08-19 23:08:40,488] {dag.py:2420} INFO - Sync 1 DAGs
[2022-08-19 23:08:40,499] {logging_mixin.py:115} INFO - [2022-08-19 23:08:40,499] {dag.py:2972} INFO - Setting next_dagrun for example_dag_decorator to None, run_after=None
[2022-08-19 23:08:40,509] {processor.py:161} INFO - Processing /home/airflow/.local/lib/python3.7/site-packages/airflow/example_dags/example_dag_decorator.py took 0.081 seconds
[2022-08-19 23:09:11,051] {processor.py:153} INFO - Started process (PID=2479) to work on /home/airflow/.local/lib/python3.7/site-packages/airflow/example_dags/example_dag_decorator.py
[2022-08-19 23:09:11,054] {processor.py:641} INFO - Processing file /home/airflow/.local/lib/python3.7/site-packages/airflow/example_dags/example_dag_decorator.py for tasks to queue
[2022-08-19 23:09:11,055] {logging_mixin.py:115} INFO - [2022-08-19 23:09:11,055] {dagbag.py:508} INFO - Filling up the DagBag from /home/airflow/.local/lib/python3.7/site-packages/airflow/example_dags/example_dag_decorator.py
[2022-08-19 23:09:11,083] {processor.py:651} INFO - DAG(s) dict_keys(['example_dag_decorator']) retrieved from /home/airflow/.local/lib/python3.7/site-packages/airflow/example_dags/example_dag_decorator.py
[2022-08-19 23:09:11,209] {logging_mixin.py:115} INFO - [2022-08-19 23:09:11,209] {dag.py:2420} INFO - Sync 1 DAGs
[2022-08-19 23:09:11,232] {logging_mixin.py:115} INFO - [2022-08-19 23:09:11,232] {dag.py:2972} INFO - Setting next_dagrun for example_dag_decorator to None, run_after=None
[2022-08-19 23:09:11,254] {processor.py:161} INFO - Processing /home/airflow/.local/lib/python3.7/site-packages/airflow/example_dags/example_dag_decorator.py took 0.208 seconds
[2022-08-19 23:09:41,363] {processor.py:153} INFO - Started process (PID=2600) to work on /home/airflow/.local/lib/python3.7/site-packages/airflow/example_dags/example_dag_decorator.py
[2022-08-19 23:09:41,366] {processor.py:641} INFO - Processing file /home/airflow/.local/lib/python3.7/site-packages/airflow/example_dags/example_dag_decorator.py for tasks to queue
[2022-08-19 23:09:41,369] {logging_mixin.py:115} INFO - [2022-08-19 23:09:41,369] {dagbag.py:508} INFO - Filling up the DagBag from /home/airflow/.local/lib/python3.7/site-packages/airflow/example_dags/example_dag_decorator.py
[2022-08-19 23:09:41,410] {processor.py:651} INFO - DAG(s) dict_keys(['example_dag_decorator']) retrieved from /home/airflow/.local/lib/python3.7/site-packages/airflow/example_dags/example_dag_decorator.py
[2022-08-19 23:09:41,499] {logging_mixin.py:115} INFO - [2022-08-19 23:09:41,499] {dag.py:2420} INFO - Sync 1 DAGs
[2022-08-19 23:09:41,519] {logging_mixin.py:115} INFO - [2022-08-19 23:09:41,519] {dag.py:2972} INFO - Setting next_dagrun for example_dag_decorator to None, run_after=None
[2022-08-19 23:09:41,537] {processor.py:161} INFO - Processing /home/airflow/.local/lib/python3.7/site-packages/airflow/example_dags/example_dag_decorator.py took 0.177 seconds
[2022-08-19 23:10:11,646] {processor.py:153} INFO - Started process (PID=2732) to work on /home/airflow/.local/lib/python3.7/site-packages/airflow/example_dags/example_dag_decorator.py
[2022-08-19 23:10:11,648] {processor.py:641} INFO - Processing file /home/airflow/.local/lib/python3.7/site-packages/airflow/example_dags/example_dag_decorator.py for tasks to queue
[2022-08-19 23:10:11,649] {logging_mixin.py:115} INFO - [2022-08-19 23:10:11,649] {dagbag.py:508} INFO - Filling up the DagBag from /home/airflow/.local/lib/python3.7/site-packages/airflow/example_dags/example_dag_decorator.py
[2022-08-19 23:10:11,673] {processor.py:651} INFO - DAG(s) dict_keys(['example_dag_decorator']) retrieved from /home/airflow/.local/lib/python3.7/site-packages/airflow/example_dags/example_dag_decorator.py
[2022-08-19 23:10:11,760] {logging_mixin.py:115} INFO - [2022-08-19 23:10:11,759] {dag.py:2420} INFO - Sync 1 DAGs
[2022-08-19 23:10:11,791] {logging_mixin.py:115} INFO - [2022-08-19 23:10:11,791] {dag.py:2972} INFO - Setting next_dagrun for example_dag_decorator to None, run_after=None
[2022-08-19 23:10:11,813] {processor.py:161} INFO - Processing /home/airflow/.local/lib/python3.7/site-packages/airflow/example_dags/example_dag_decorator.py took 0.170 seconds
[2022-08-19 23:10:42,326] {processor.py:153} INFO - Started process (PID=2876) to work on /home/airflow/.local/lib/python3.7/site-packages/airflow/example_dags/example_dag_decorator.py
[2022-08-19 23:10:42,328] {processor.py:641} INFO - Processing file /home/airflow/.local/lib/python3.7/site-packages/airflow/example_dags/example_dag_decorator.py for tasks to queue
[2022-08-19 23:10:42,331] {logging_mixin.py:115} INFO - [2022-08-19 23:10:42,331] {dagbag.py:508} INFO - Filling up the DagBag from /home/airflow/.local/lib/python3.7/site-packages/airflow/example_dags/example_dag_decorator.py
[2022-08-19 23:10:42,364] {processor.py:651} INFO - DAG(s) dict_keys(['example_dag_decorator']) retrieved from /home/airflow/.local/lib/python3.7/site-packages/airflow/example_dags/example_dag_decorator.py
[2022-08-19 23:10:42,441] {logging_mixin.py:115} INFO - [2022-08-19 23:10:42,441] {dag.py:2420} INFO - Sync 1 DAGs
[2022-08-19 23:10:42,464] {logging_mixin.py:115} INFO - [2022-08-19 23:10:42,464] {dag.py:2972} INFO - Setting next_dagrun for example_dag_decorator to None, run_after=None
[2022-08-19 23:10:42,477] {processor.py:161} INFO - Processing /home/airflow/.local/lib/python3.7/site-packages/airflow/example_dags/example_dag_decorator.py took 0.154 seconds
[2022-08-19 23:11:13,228] {processor.py:153} INFO - Started process (PID=2978) to work on /home/airflow/.local/lib/python3.7/site-packages/airflow/example_dags/example_dag_decorator.py
[2022-08-19 23:11:13,230] {processor.py:641} INFO - Processing file /home/airflow/.local/lib/python3.7/site-packages/airflow/example_dags/example_dag_decorator.py for tasks to queue
[2022-08-19 23:11:13,231] {logging_mixin.py:115} INFO - [2022-08-19 23:11:13,231] {dagbag.py:508} INFO - Filling up the DagBag from /home/airflow/.local/lib/python3.7/site-packages/airflow/example_dags/example_dag_decorator.py
[2022-08-19 23:11:13,243] {processor.py:651} INFO - DAG(s) dict_keys(['example_dag_decorator']) retrieved from /home/airflow/.local/lib/python3.7/site-packages/airflow/example_dags/example_dag_decorator.py
[2022-08-19 23:11:13,279] {logging_mixin.py:115} INFO - [2022-08-19 23:11:13,279] {dag.py:2420} INFO - Sync 1 DAGs
[2022-08-19 23:11:13,290] {logging_mixin.py:115} INFO - [2022-08-19 23:11:13,290] {dag.py:2972} INFO - Setting next_dagrun for example_dag_decorator to None, run_after=None
[2022-08-19 23:11:13,298] {processor.py:161} INFO - Processing /home/airflow/.local/lib/python3.7/site-packages/airflow/example_dags/example_dag_decorator.py took 0.072 seconds
[2022-08-19 23:11:43,595] {processor.py:153} INFO - Started process (PID=3107) to work on /home/airflow/.local/lib/python3.7/site-packages/airflow/example_dags/example_dag_decorator.py
[2022-08-19 23:11:43,597] {processor.py:641} INFO - Processing file /home/airflow/.local/lib/python3.7/site-packages/airflow/example_dags/example_dag_decorator.py for tasks to queue
[2022-08-19 23:11:43,598] {logging_mixin.py:115} INFO - [2022-08-19 23:11:43,598] {dagbag.py:508} INFO - Filling up the DagBag from /home/airflow/.local/lib/python3.7/site-packages/airflow/example_dags/example_dag_decorator.py
[2022-08-19 23:11:43,623] {processor.py:651} INFO - DAG(s) dict_keys(['example_dag_decorator']) retrieved from /home/airflow/.local/lib/python3.7/site-packages/airflow/example_dags/example_dag_decorator.py
[2022-08-19 23:11:43,685] {logging_mixin.py:115} INFO - [2022-08-19 23:11:43,685] {dag.py:2420} INFO - Sync 1 DAGs
[2022-08-19 23:11:43,712] {logging_mixin.py:115} INFO - [2022-08-19 23:11:43,712] {dag.py:2972} INFO - Setting next_dagrun for example_dag_decorator to None, run_after=None
[2022-08-19 23:11:43,730] {processor.py:161} INFO - Processing /home/airflow/.local/lib/python3.7/site-packages/airflow/example_dags/example_dag_decorator.py took 0.137 seconds
[2022-08-19 23:12:13,848] {processor.py:153} INFO - Started process (PID=3234) to work on /home/airflow/.local/lib/python3.7/site-packages/airflow/example_dags/example_dag_decorator.py
[2022-08-19 23:12:13,849] {processor.py:641} INFO - Processing file /home/airflow/.local/lib/python3.7/site-packages/airflow/example_dags/example_dag_decorator.py for tasks to queue
[2022-08-19 23:12:13,850] {logging_mixin.py:115} INFO - [2022-08-19 23:12:13,850] {dagbag.py:508} INFO - Filling up the DagBag from /home/airflow/.local/lib/python3.7/site-packages/airflow/example_dags/example_dag_decorator.py
[2022-08-19 23:12:13,863] {processor.py:651} INFO - DAG(s) dict_keys(['example_dag_decorator']) retrieved from /home/airflow/.local/lib/python3.7/site-packages/airflow/example_dags/example_dag_decorator.py
[2022-08-19 23:12:13,899] {logging_mixin.py:115} INFO - [2022-08-19 23:12:13,898] {dag.py:2420} INFO - Sync 1 DAGs
[2022-08-19 23:12:13,909] {logging_mixin.py:115} INFO - [2022-08-19 23:12:13,908] {dag.py:2972} INFO - Setting next_dagrun for example_dag_decorator to None, run_after=None
[2022-08-19 23:12:13,917] {processor.py:161} INFO - Processing /home/airflow/.local/lib/python3.7/site-packages/airflow/example_dags/example_dag_decorator.py took 0.071 seconds
[2022-08-19 23:12:44,269] {processor.py:153} INFO - Started process (PID=3356) to work on /home/airflow/.local/lib/python3.7/site-packages/airflow/example_dags/example_dag_decorator.py
[2022-08-19 23:12:44,272] {processor.py:641} INFO - Processing file /home/airflow/.local/lib/python3.7/site-packages/airflow/example_dags/example_dag_decorator.py for tasks to queue
[2022-08-19 23:12:44,274] {logging_mixin.py:115} INFO - [2022-08-19 23:12:44,274] {dagbag.py:508} INFO - Filling up the DagBag from /home/airflow/.local/lib/python3.7/site-packages/airflow/example_dags/example_dag_decorator.py
[2022-08-19 23:12:44,304] {processor.py:651} INFO - DAG(s) dict_keys(['example_dag_decorator']) retrieved from /home/airflow/.local/lib/python3.7/site-packages/airflow/example_dags/example_dag_decorator.py
[2022-08-19 23:12:44,411] {logging_mixin.py:115} INFO - [2022-08-19 23:12:44,411] {dag.py:2420} INFO - Sync 1 DAGs
[2022-08-19 23:12:44,449] {logging_mixin.py:115} INFO - [2022-08-19 23:12:44,448] {dag.py:2972} INFO - Setting next_dagrun for example_dag_decorator to None, run_after=None
[2022-08-19 23:12:44,463] {processor.py:161} INFO - Processing /home/airflow/.local/lib/python3.7/site-packages/airflow/example_dags/example_dag_decorator.py took 0.197 seconds
[2022-08-19 23:13:14,556] {processor.py:153} INFO - Started process (PID=3484) to work on /home/airflow/.local/lib/python3.7/site-packages/airflow/example_dags/example_dag_decorator.py
[2022-08-19 23:13:14,560] {processor.py:641} INFO - Processing file /home/airflow/.local/lib/python3.7/site-packages/airflow/example_dags/example_dag_decorator.py for tasks to queue
[2022-08-19 23:13:14,563] {logging_mixin.py:115} INFO - [2022-08-19 23:13:14,563] {dagbag.py:508} INFO - Filling up the DagBag from /home/airflow/.local/lib/python3.7/site-packages/airflow/example_dags/example_dag_decorator.py
[2022-08-19 23:13:14,599] {processor.py:651} INFO - DAG(s) dict_keys(['example_dag_decorator']) retrieved from /home/airflow/.local/lib/python3.7/site-packages/airflow/example_dags/example_dag_decorator.py
[2022-08-19 23:13:14,677] {logging_mixin.py:115} INFO - [2022-08-19 23:13:14,677] {dag.py:2420} INFO - Sync 1 DAGs
[2022-08-19 23:13:14,705] {logging_mixin.py:115} INFO - [2022-08-19 23:13:14,705] {dag.py:2972} INFO - Setting next_dagrun for example_dag_decorator to None, run_after=None
[2022-08-19 23:13:14,718] {processor.py:161} INFO - Processing /home/airflow/.local/lib/python3.7/site-packages/airflow/example_dags/example_dag_decorator.py took 0.165 seconds
[2022-08-19 23:13:44,955] {processor.py:153} INFO - Started process (PID=3604) to work on /home/airflow/.local/lib/python3.7/site-packages/airflow/example_dags/example_dag_decorator.py
[2022-08-19 23:13:44,956] {processor.py:641} INFO - Processing file /home/airflow/.local/lib/python3.7/site-packages/airflow/example_dags/example_dag_decorator.py for tasks to queue
[2022-08-19 23:13:44,957] {logging_mixin.py:115} INFO - [2022-08-19 23:13:44,957] {dagbag.py:508} INFO - Filling up the DagBag from /home/airflow/.local/lib/python3.7/site-packages/airflow/example_dags/example_dag_decorator.py
[2022-08-19 23:13:44,968] {processor.py:651} INFO - DAG(s) dict_keys(['example_dag_decorator']) retrieved from /home/airflow/.local/lib/python3.7/site-packages/airflow/example_dags/example_dag_decorator.py
[2022-08-19 23:13:45,002] {logging_mixin.py:115} INFO - [2022-08-19 23:13:45,002] {dag.py:2420} INFO - Sync 1 DAGs
[2022-08-19 23:13:45,014] {logging_mixin.py:115} INFO - [2022-08-19 23:13:45,014] {dag.py:2972} INFO - Setting next_dagrun for example_dag_decorator to None, run_after=None
[2022-08-19 23:13:45,023] {processor.py:161} INFO - Processing /home/airflow/.local/lib/python3.7/site-packages/airflow/example_dags/example_dag_decorator.py took 0.070 seconds
[2022-08-19 23:14:15,498] {processor.py:153} INFO - Started process (PID=3745) to work on /home/airflow/.local/lib/python3.7/site-packages/airflow/example_dags/example_dag_decorator.py
[2022-08-19 23:14:15,502] {processor.py:641} INFO - Processing file /home/airflow/.local/lib/python3.7/site-packages/airflow/example_dags/example_dag_decorator.py for tasks to queue
[2022-08-19 23:14:15,505] {logging_mixin.py:115} INFO - [2022-08-19 23:14:15,504] {dagbag.py:508} INFO - Filling up the DagBag from /home/airflow/.local/lib/python3.7/site-packages/airflow/example_dags/example_dag_decorator.py
[2022-08-19 23:14:15,526] {processor.py:651} INFO - DAG(s) dict_keys(['example_dag_decorator']) retrieved from /home/airflow/.local/lib/python3.7/site-packages/airflow/example_dags/example_dag_decorator.py
[2022-08-19 23:14:15,580] {logging_mixin.py:115} INFO - [2022-08-19 23:14:15,580] {dag.py:2420} INFO - Sync 1 DAGs
[2022-08-19 23:14:15,595] {logging_mixin.py:115} INFO - [2022-08-19 23:14:15,595] {dag.py:2972} INFO - Setting next_dagrun for example_dag_decorator to None, run_after=None
[2022-08-19 23:14:15,607] {processor.py:161} INFO - Processing /home/airflow/.local/lib/python3.7/site-packages/airflow/example_dags/example_dag_decorator.py took 0.112 seconds
[2022-08-19 23:14:46,064] {processor.py:153} INFO - Started process (PID=3894) to work on /home/airflow/.local/lib/python3.7/site-packages/airflow/example_dags/example_dag_decorator.py
[2022-08-19 23:14:46,090] {processor.py:641} INFO - Processing file /home/airflow/.local/lib/python3.7/site-packages/airflow/example_dags/example_dag_decorator.py for tasks to queue
[2022-08-19 23:14:46,091] {logging_mixin.py:115} INFO - [2022-08-19 23:14:46,091] {dagbag.py:508} INFO - Filling up the DagBag from /home/airflow/.local/lib/python3.7/site-packages/airflow/example_dags/example_dag_decorator.py
[2022-08-19 23:14:46,131] {processor.py:651} INFO - DAG(s) dict_keys(['example_dag_decorator']) retrieved from /home/airflow/.local/lib/python3.7/site-packages/airflow/example_dags/example_dag_decorator.py
[2022-08-19 23:14:46,221] {logging_mixin.py:115} INFO - [2022-08-19 23:14:46,221] {dag.py:2420} INFO - Sync 1 DAGs
[2022-08-19 23:14:46,241] {logging_mixin.py:115} INFO - [2022-08-19 23:14:46,241] {dag.py:2972} INFO - Setting next_dagrun for example_dag_decorator to None, run_after=None
[2022-08-19 23:14:46,256] {processor.py:161} INFO - Processing /home/airflow/.local/lib/python3.7/site-packages/airflow/example_dags/example_dag_decorator.py took 0.195 seconds
[2022-08-19 23:15:16,954] {processor.py:153} INFO - Started process (PID=4009) to work on /home/airflow/.local/lib/python3.7/site-packages/airflow/example_dags/example_dag_decorator.py
[2022-08-19 23:15:16,955] {processor.py:641} INFO - Processing file /home/airflow/.local/lib/python3.7/site-packages/airflow/example_dags/example_dag_decorator.py for tasks to queue
[2022-08-19 23:15:16,956] {logging_mixin.py:115} INFO - [2022-08-19 23:15:16,956] {dagbag.py:508} INFO - Filling up the DagBag from /home/airflow/.local/lib/python3.7/site-packages/airflow/example_dags/example_dag_decorator.py
[2022-08-19 23:15:16,971] {processor.py:651} INFO - DAG(s) dict_keys(['example_dag_decorator']) retrieved from /home/airflow/.local/lib/python3.7/site-packages/airflow/example_dags/example_dag_decorator.py
[2022-08-19 23:15:17,011] {logging_mixin.py:115} INFO - [2022-08-19 23:15:17,010] {dag.py:2420} INFO - Sync 1 DAGs
[2022-08-19 23:15:17,024] {logging_mixin.py:115} INFO - [2022-08-19 23:15:17,024] {dag.py:2972} INFO - Setting next_dagrun for example_dag_decorator to None, run_after=None
[2022-08-19 23:15:17,033] {processor.py:161} INFO - Processing /home/airflow/.local/lib/python3.7/site-packages/airflow/example_dags/example_dag_decorator.py took 0.081 seconds
[2022-08-19 23:15:47,405] {processor.py:153} INFO - Started process (PID=4136) to work on /home/airflow/.local/lib/python3.7/site-packages/airflow/example_dags/example_dag_decorator.py
[2022-08-19 23:15:47,407] {processor.py:641} INFO - Processing file /home/airflow/.local/lib/python3.7/site-packages/airflow/example_dags/example_dag_decorator.py for tasks to queue
[2022-08-19 23:15:47,408] {logging_mixin.py:115} INFO - [2022-08-19 23:15:47,408] {dagbag.py:508} INFO - Filling up the DagBag from /home/airflow/.local/lib/python3.7/site-packages/airflow/example_dags/example_dag_decorator.py
[2022-08-19 23:15:47,444] {processor.py:651} INFO - DAG(s) dict_keys(['example_dag_decorator']) retrieved from /home/airflow/.local/lib/python3.7/site-packages/airflow/example_dags/example_dag_decorator.py
[2022-08-19 23:15:47,517] {logging_mixin.py:115} INFO - [2022-08-19 23:15:47,517] {dag.py:2420} INFO - Sync 1 DAGs
[2022-08-19 23:15:47,538] {logging_mixin.py:115} INFO - [2022-08-19 23:15:47,538] {dag.py:2972} INFO - Setting next_dagrun for example_dag_decorator to None, run_after=None
[2022-08-19 23:15:47,554] {processor.py:161} INFO - Processing /home/airflow/.local/lib/python3.7/site-packages/airflow/example_dags/example_dag_decorator.py took 0.151 seconds
[2022-08-19 23:16:18,461] {processor.py:153} INFO - Started process (PID=4285) to work on /home/airflow/.local/lib/python3.7/site-packages/airflow/example_dags/example_dag_decorator.py
[2022-08-19 23:16:18,463] {processor.py:641} INFO - Processing file /home/airflow/.local/lib/python3.7/site-packages/airflow/example_dags/example_dag_decorator.py for tasks to queue
[2022-08-19 23:16:18,464] {logging_mixin.py:115} INFO - [2022-08-19 23:16:18,464] {dagbag.py:508} INFO - Filling up the DagBag from /home/airflow/.local/lib/python3.7/site-packages/airflow/example_dags/example_dag_decorator.py
[2022-08-19 23:16:18,500] {processor.py:651} INFO - DAG(s) dict_keys(['example_dag_decorator']) retrieved from /home/airflow/.local/lib/python3.7/site-packages/airflow/example_dags/example_dag_decorator.py
[2022-08-19 23:16:18,603] {logging_mixin.py:115} INFO - [2022-08-19 23:16:18,603] {dag.py:2420} INFO - Sync 1 DAGs
[2022-08-19 23:16:18,634] {logging_mixin.py:115} INFO - [2022-08-19 23:16:18,633] {dag.py:2972} INFO - Setting next_dagrun for example_dag_decorator to None, run_after=None
[2022-08-19 23:16:18,645] {processor.py:161} INFO - Processing /home/airflow/.local/lib/python3.7/site-packages/airflow/example_dags/example_dag_decorator.py took 0.186 seconds
[2022-08-19 23:16:48,669] {processor.py:153} INFO - Started process (PID=4408) to work on /home/airflow/.local/lib/python3.7/site-packages/airflow/example_dags/example_dag_decorator.py
[2022-08-19 23:16:48,670] {processor.py:641} INFO - Processing file /home/airflow/.local/lib/python3.7/site-packages/airflow/example_dags/example_dag_decorator.py for tasks to queue
[2022-08-19 23:16:48,671] {logging_mixin.py:115} INFO - [2022-08-19 23:16:48,671] {dagbag.py:508} INFO - Filling up the DagBag from /home/airflow/.local/lib/python3.7/site-packages/airflow/example_dags/example_dag_decorator.py
[2022-08-19 23:16:48,724] {processor.py:651} INFO - DAG(s) dict_keys(['example_dag_decorator']) retrieved from /home/airflow/.local/lib/python3.7/site-packages/airflow/example_dags/example_dag_decorator.py
[2022-08-19 23:16:48,769] {logging_mixin.py:115} INFO - [2022-08-19 23:16:48,769] {dag.py:2420} INFO - Sync 1 DAGs
[2022-08-19 23:16:48,807] {logging_mixin.py:115} INFO - [2022-08-19 23:16:48,807] {dag.py:2972} INFO - Setting next_dagrun for example_dag_decorator to None, run_after=None
[2022-08-19 23:16:48,827] {processor.py:161} INFO - Processing /home/airflow/.local/lib/python3.7/site-packages/airflow/example_dags/example_dag_decorator.py took 0.160 seconds
[2022-08-19 23:17:19,217] {processor.py:153} INFO - Started process (PID=4546) to work on /home/airflow/.local/lib/python3.7/site-packages/airflow/example_dags/example_dag_decorator.py
[2022-08-19 23:17:19,221] {processor.py:641} INFO - Processing file /home/airflow/.local/lib/python3.7/site-packages/airflow/example_dags/example_dag_decorator.py for tasks to queue
[2022-08-19 23:17:19,222] {logging_mixin.py:115} INFO - [2022-08-19 23:17:19,222] {dagbag.py:508} INFO - Filling up the DagBag from /home/airflow/.local/lib/python3.7/site-packages/airflow/example_dags/example_dag_decorator.py
[2022-08-19 23:17:19,251] {processor.py:651} INFO - DAG(s) dict_keys(['example_dag_decorator']) retrieved from /home/airflow/.local/lib/python3.7/site-packages/airflow/example_dags/example_dag_decorator.py
[2022-08-19 23:17:19,281] {logging_mixin.py:115} INFO - [2022-08-19 23:17:19,281] {dag.py:2420} INFO - Sync 1 DAGs
[2022-08-19 23:17:19,310] {logging_mixin.py:115} INFO - [2022-08-19 23:17:19,310] {dag.py:2972} INFO - Setting next_dagrun for example_dag_decorator to None, run_after=None
[2022-08-19 23:17:19,326] {processor.py:161} INFO - Processing /home/airflow/.local/lib/python3.7/site-packages/airflow/example_dags/example_dag_decorator.py took 0.112 seconds
[2022-08-19 23:17:49,704] {processor.py:153} INFO - Started process (PID=4669) to work on /home/airflow/.local/lib/python3.7/site-packages/airflow/example_dags/example_dag_decorator.py
[2022-08-19 23:17:49,705] {processor.py:641} INFO - Processing file /home/airflow/.local/lib/python3.7/site-packages/airflow/example_dags/example_dag_decorator.py for tasks to queue
[2022-08-19 23:17:49,706] {logging_mixin.py:115} INFO - [2022-08-19 23:17:49,706] {dagbag.py:508} INFO - Filling up the DagBag from /home/airflow/.local/lib/python3.7/site-packages/airflow/example_dags/example_dag_decorator.py
[2022-08-19 23:17:49,720] {processor.py:651} INFO - DAG(s) dict_keys(['example_dag_decorator']) retrieved from /home/airflow/.local/lib/python3.7/site-packages/airflow/example_dags/example_dag_decorator.py
[2022-08-19 23:17:49,767] {logging_mixin.py:115} INFO - [2022-08-19 23:17:49,767] {dag.py:2420} INFO - Sync 1 DAGs
[2022-08-19 23:17:49,779] {logging_mixin.py:115} INFO - [2022-08-19 23:17:49,779] {dag.py:2972} INFO - Setting next_dagrun for example_dag_decorator to None, run_after=None
[2022-08-19 23:17:49,788] {processor.py:161} INFO - Processing /home/airflow/.local/lib/python3.7/site-packages/airflow/example_dags/example_dag_decorator.py took 0.086 seconds
[2022-08-19 23:18:20,053] {processor.py:153} INFO - Started process (PID=4814) to work on /home/airflow/.local/lib/python3.7/site-packages/airflow/example_dags/example_dag_decorator.py
[2022-08-19 23:18:20,054] {processor.py:641} INFO - Processing file /home/airflow/.local/lib/python3.7/site-packages/airflow/example_dags/example_dag_decorator.py for tasks to queue
[2022-08-19 23:18:20,055] {logging_mixin.py:115} INFO - [2022-08-19 23:18:20,055] {dagbag.py:508} INFO - Filling up the DagBag from /home/airflow/.local/lib/python3.7/site-packages/airflow/example_dags/example_dag_decorator.py
[2022-08-19 23:18:20,075] {processor.py:651} INFO - DAG(s) dict_keys(['example_dag_decorator']) retrieved from /home/airflow/.local/lib/python3.7/site-packages/airflow/example_dags/example_dag_decorator.py
[2022-08-19 23:18:20,172] {logging_mixin.py:115} INFO - [2022-08-19 23:18:20,172] {dag.py:2420} INFO - Sync 1 DAGs
[2022-08-19 23:18:20,215] {logging_mixin.py:115} INFO - [2022-08-19 23:18:20,215] {dag.py:2972} INFO - Setting next_dagrun for example_dag_decorator to None, run_after=None
[2022-08-19 23:18:20,247] {processor.py:161} INFO - Processing /home/airflow/.local/lib/python3.7/site-packages/airflow/example_dags/example_dag_decorator.py took 0.196 seconds
[2022-08-19 23:18:51,007] {processor.py:153} INFO - Started process (PID=4947) to work on /home/airflow/.local/lib/python3.7/site-packages/airflow/example_dags/example_dag_decorator.py
[2022-08-19 23:18:51,008] {processor.py:641} INFO - Processing file /home/airflow/.local/lib/python3.7/site-packages/airflow/example_dags/example_dag_decorator.py for tasks to queue
[2022-08-19 23:18:51,009] {logging_mixin.py:115} INFO - [2022-08-19 23:18:51,009] {dagbag.py:508} INFO - Filling up the DagBag from /home/airflow/.local/lib/python3.7/site-packages/airflow/example_dags/example_dag_decorator.py
[2022-08-19 23:18:51,036] {processor.py:651} INFO - DAG(s) dict_keys(['example_dag_decorator']) retrieved from /home/airflow/.local/lib/python3.7/site-packages/airflow/example_dags/example_dag_decorator.py
[2022-08-19 23:18:51,097] {logging_mixin.py:115} INFO - [2022-08-19 23:18:51,097] {dag.py:2420} INFO - Sync 1 DAGs
[2022-08-19 23:18:51,111] {logging_mixin.py:115} INFO - [2022-08-19 23:18:51,111] {dag.py:2972} INFO - Setting next_dagrun for example_dag_decorator to None, run_after=None
[2022-08-19 23:18:51,131] {processor.py:161} INFO - Processing /home/airflow/.local/lib/python3.7/site-packages/airflow/example_dags/example_dag_decorator.py took 0.128 seconds
[2022-08-19 23:19:21,353] {processor.py:153} INFO - Started process (PID=5075) to work on /home/airflow/.local/lib/python3.7/site-packages/airflow/example_dags/example_dag_decorator.py
[2022-08-19 23:19:21,354] {processor.py:641} INFO - Processing file /home/airflow/.local/lib/python3.7/site-packages/airflow/example_dags/example_dag_decorator.py for tasks to queue
[2022-08-19 23:19:21,355] {logging_mixin.py:115} INFO - [2022-08-19 23:19:21,355] {dagbag.py:508} INFO - Filling up the DagBag from /home/airflow/.local/lib/python3.7/site-packages/airflow/example_dags/example_dag_decorator.py
[2022-08-19 23:19:21,389] {processor.py:651} INFO - DAG(s) dict_keys(['example_dag_decorator']) retrieved from /home/airflow/.local/lib/python3.7/site-packages/airflow/example_dags/example_dag_decorator.py
[2022-08-19 23:19:21,479] {logging_mixin.py:115} INFO - [2022-08-19 23:19:21,479] {dag.py:2420} INFO - Sync 1 DAGs
[2022-08-19 23:19:21,499] {logging_mixin.py:115} INFO - [2022-08-19 23:19:21,499] {dag.py:2972} INFO - Setting next_dagrun for example_dag_decorator to None, run_after=None
[2022-08-19 23:19:21,510] {processor.py:161} INFO - Processing /home/airflow/.local/lib/python3.7/site-packages/airflow/example_dags/example_dag_decorator.py took 0.160 seconds
[2022-08-19 23:19:51,729] {processor.py:153} INFO - Started process (PID=5215) to work on /home/airflow/.local/lib/python3.7/site-packages/airflow/example_dags/example_dag_decorator.py
[2022-08-19 23:19:51,732] {processor.py:641} INFO - Processing file /home/airflow/.local/lib/python3.7/site-packages/airflow/example_dags/example_dag_decorator.py for tasks to queue
[2022-08-19 23:19:51,733] {logging_mixin.py:115} INFO - [2022-08-19 23:19:51,733] {dagbag.py:508} INFO - Filling up the DagBag from /home/airflow/.local/lib/python3.7/site-packages/airflow/example_dags/example_dag_decorator.py
[2022-08-19 23:19:51,752] {processor.py:651} INFO - DAG(s) dict_keys(['example_dag_decorator']) retrieved from /home/airflow/.local/lib/python3.7/site-packages/airflow/example_dags/example_dag_decorator.py
[2022-08-19 23:19:51,778] {logging_mixin.py:115} INFO - [2022-08-19 23:19:51,778] {dag.py:2420} INFO - Sync 1 DAGs
[2022-08-19 23:19:51,796] {logging_mixin.py:115} INFO - [2022-08-19 23:19:51,796] {dag.py:2972} INFO - Setting next_dagrun for example_dag_decorator to None, run_after=None
[2022-08-19 23:19:51,808] {processor.py:161} INFO - Processing /home/airflow/.local/lib/python3.7/site-packages/airflow/example_dags/example_dag_decorator.py took 0.081 seconds
[2022-08-19 23:20:22,557] {processor.py:153} INFO - Started process (PID=5337) to work on /home/airflow/.local/lib/python3.7/site-packages/airflow/example_dags/example_dag_decorator.py
[2022-08-19 23:20:22,558] {processor.py:641} INFO - Processing file /home/airflow/.local/lib/python3.7/site-packages/airflow/example_dags/example_dag_decorator.py for tasks to queue
[2022-08-19 23:20:22,559] {logging_mixin.py:115} INFO - [2022-08-19 23:20:22,559] {dagbag.py:508} INFO - Filling up the DagBag from /home/airflow/.local/lib/python3.7/site-packages/airflow/example_dags/example_dag_decorator.py
[2022-08-19 23:20:22,582] {processor.py:651} INFO - DAG(s) dict_keys(['example_dag_decorator']) retrieved from /home/airflow/.local/lib/python3.7/site-packages/airflow/example_dags/example_dag_decorator.py
[2022-08-19 23:20:22,632] {logging_mixin.py:115} INFO - [2022-08-19 23:20:22,632] {dag.py:2420} INFO - Sync 1 DAGs
[2022-08-19 23:20:22,647] {logging_mixin.py:115} INFO - [2022-08-19 23:20:22,647] {dag.py:2972} INFO - Setting next_dagrun for example_dag_decorator to None, run_after=None
[2022-08-19 23:20:22,660] {processor.py:161} INFO - Processing /home/airflow/.local/lib/python3.7/site-packages/airflow/example_dags/example_dag_decorator.py took 0.106 seconds
[2022-08-19 23:20:53,002] {processor.py:153} INFO - Started process (PID=5454) to work on /home/airflow/.local/lib/python3.7/site-packages/airflow/example_dags/example_dag_decorator.py
[2022-08-19 23:20:53,003] {processor.py:641} INFO - Processing file /home/airflow/.local/lib/python3.7/site-packages/airflow/example_dags/example_dag_decorator.py for tasks to queue
[2022-08-19 23:20:53,005] {logging_mixin.py:115} INFO - [2022-08-19 23:20:53,005] {dagbag.py:508} INFO - Filling up the DagBag from /home/airflow/.local/lib/python3.7/site-packages/airflow/example_dags/example_dag_decorator.py
[2022-08-19 23:20:53,045] {processor.py:651} INFO - DAG(s) dict_keys(['example_dag_decorator']) retrieved from /home/airflow/.local/lib/python3.7/site-packages/airflow/example_dags/example_dag_decorator.py
[2022-08-19 23:20:53,134] {logging_mixin.py:115} INFO - [2022-08-19 23:20:53,134] {dag.py:2420} INFO - Sync 1 DAGs
[2022-08-19 23:20:53,155] {logging_mixin.py:115} INFO - [2022-08-19 23:20:53,155] {dag.py:2972} INFO - Setting next_dagrun for example_dag_decorator to None, run_after=None
[2022-08-19 23:20:53,182] {processor.py:161} INFO - Processing /home/airflow/.local/lib/python3.7/site-packages/airflow/example_dags/example_dag_decorator.py took 0.183 seconds
[2022-08-19 23:21:23,379] {processor.py:153} INFO - Started process (PID=5579) to work on /home/airflow/.local/lib/python3.7/site-packages/airflow/example_dags/example_dag_decorator.py
[2022-08-19 23:21:23,381] {processor.py:641} INFO - Processing file /home/airflow/.local/lib/python3.7/site-packages/airflow/example_dags/example_dag_decorator.py for tasks to queue
[2022-08-19 23:21:23,383] {logging_mixin.py:115} INFO - [2022-08-19 23:21:23,383] {dagbag.py:508} INFO - Filling up the DagBag from /home/airflow/.local/lib/python3.7/site-packages/airflow/example_dags/example_dag_decorator.py
[2022-08-19 23:21:23,412] {processor.py:651} INFO - DAG(s) dict_keys(['example_dag_decorator']) retrieved from /home/airflow/.local/lib/python3.7/site-packages/airflow/example_dags/example_dag_decorator.py
[2022-08-19 23:21:23,524] {logging_mixin.py:115} INFO - [2022-08-19 23:21:23,524] {dag.py:2420} INFO - Sync 1 DAGs
[2022-08-19 23:21:23,566] {logging_mixin.py:115} INFO - [2022-08-19 23:21:23,566] {dag.py:2972} INFO - Setting next_dagrun for example_dag_decorator to None, run_after=None
[2022-08-19 23:21:23,576] {processor.py:161} INFO - Processing /home/airflow/.local/lib/python3.7/site-packages/airflow/example_dags/example_dag_decorator.py took 0.200 seconds
[2022-08-19 23:21:54,154] {processor.py:153} INFO - Started process (PID=5691) to work on /home/airflow/.local/lib/python3.7/site-packages/airflow/example_dags/example_dag_decorator.py
[2022-08-19 23:21:54,156] {processor.py:641} INFO - Processing file /home/airflow/.local/lib/python3.7/site-packages/airflow/example_dags/example_dag_decorator.py for tasks to queue
[2022-08-19 23:21:54,156] {logging_mixin.py:115} INFO - [2022-08-19 23:21:54,156] {dagbag.py:508} INFO - Filling up the DagBag from /home/airflow/.local/lib/python3.7/site-packages/airflow/example_dags/example_dag_decorator.py
[2022-08-19 23:21:54,171] {processor.py:651} INFO - DAG(s) dict_keys(['example_dag_decorator']) retrieved from /home/airflow/.local/lib/python3.7/site-packages/airflow/example_dags/example_dag_decorator.py
[2022-08-19 23:21:54,187] {logging_mixin.py:115} INFO - [2022-08-19 23:21:54,187] {dag.py:2420} INFO - Sync 1 DAGs
[2022-08-19 23:21:54,200] {logging_mixin.py:115} INFO - [2022-08-19 23:21:54,200] {dag.py:2972} INFO - Setting next_dagrun for example_dag_decorator to None, run_after=None
[2022-08-19 23:21:54,208] {processor.py:161} INFO - Processing /home/airflow/.local/lib/python3.7/site-packages/airflow/example_dags/example_dag_decorator.py took 0.055 seconds
[2022-08-19 23:22:24,637] {processor.py:153} INFO - Started process (PID=5762) to work on /home/airflow/.local/lib/python3.7/site-packages/airflow/example_dags/example_dag_decorator.py
[2022-08-19 23:22:24,638] {processor.py:641} INFO - Processing file /home/airflow/.local/lib/python3.7/site-packages/airflow/example_dags/example_dag_decorator.py for tasks to queue
[2022-08-19 23:22:24,639] {logging_mixin.py:115} INFO - [2022-08-19 23:22:24,639] {dagbag.py:508} INFO - Filling up the DagBag from /home/airflow/.local/lib/python3.7/site-packages/airflow/example_dags/example_dag_decorator.py
[2022-08-19 23:22:24,653] {processor.py:651} INFO - DAG(s) dict_keys(['example_dag_decorator']) retrieved from /home/airflow/.local/lib/python3.7/site-packages/airflow/example_dags/example_dag_decorator.py
[2022-08-19 23:22:24,705] {logging_mixin.py:115} INFO - [2022-08-19 23:22:24,705] {dag.py:2420} INFO - Sync 1 DAGs
[2022-08-19 23:22:24,716] {logging_mixin.py:115} INFO - [2022-08-19 23:22:24,716] {dag.py:2972} INFO - Setting next_dagrun for example_dag_decorator to None, run_after=None
[2022-08-19 23:22:24,725] {processor.py:161} INFO - Processing /home/airflow/.local/lib/python3.7/site-packages/airflow/example_dags/example_dag_decorator.py took 0.090 seconds
[2022-08-19 23:22:55,178] {processor.py:153} INFO - Started process (PID=5834) to work on /home/airflow/.local/lib/python3.7/site-packages/airflow/example_dags/example_dag_decorator.py
[2022-08-19 23:22:55,179] {processor.py:641} INFO - Processing file /home/airflow/.local/lib/python3.7/site-packages/airflow/example_dags/example_dag_decorator.py for tasks to queue
[2022-08-19 23:22:55,180] {logging_mixin.py:115} INFO - [2022-08-19 23:22:55,180] {dagbag.py:508} INFO - Filling up the DagBag from /home/airflow/.local/lib/python3.7/site-packages/airflow/example_dags/example_dag_decorator.py
[2022-08-19 23:22:55,194] {processor.py:651} INFO - DAG(s) dict_keys(['example_dag_decorator']) retrieved from /home/airflow/.local/lib/python3.7/site-packages/airflow/example_dags/example_dag_decorator.py
[2022-08-19 23:22:55,235] {logging_mixin.py:115} INFO - [2022-08-19 23:22:55,235] {dag.py:2420} INFO - Sync 1 DAGs
[2022-08-19 23:22:55,246] {logging_mixin.py:115} INFO - [2022-08-19 23:22:55,246] {dag.py:2972} INFO - Setting next_dagrun for example_dag_decorator to None, run_after=None
[2022-08-19 23:22:55,255] {processor.py:161} INFO - Processing /home/airflow/.local/lib/python3.7/site-packages/airflow/example_dags/example_dag_decorator.py took 0.079 seconds
[2022-08-19 23:23:25,812] {processor.py:153} INFO - Started process (PID=5902) to work on /home/airflow/.local/lib/python3.7/site-packages/airflow/example_dags/example_dag_decorator.py
[2022-08-19 23:23:25,813] {processor.py:641} INFO - Processing file /home/airflow/.local/lib/python3.7/site-packages/airflow/example_dags/example_dag_decorator.py for tasks to queue
[2022-08-19 23:23:25,815] {logging_mixin.py:115} INFO - [2022-08-19 23:23:25,815] {dagbag.py:508} INFO - Filling up the DagBag from /home/airflow/.local/lib/python3.7/site-packages/airflow/example_dags/example_dag_decorator.py
[2022-08-19 23:23:25,830] {processor.py:651} INFO - DAG(s) dict_keys(['example_dag_decorator']) retrieved from /home/airflow/.local/lib/python3.7/site-packages/airflow/example_dags/example_dag_decorator.py
[2022-08-19 23:23:25,870] {logging_mixin.py:115} INFO - [2022-08-19 23:23:25,870] {dag.py:2420} INFO - Sync 1 DAGs
[2022-08-19 23:23:25,886] {logging_mixin.py:115} INFO - [2022-08-19 23:23:25,886] {dag.py:2972} INFO - Setting next_dagrun for example_dag_decorator to None, run_after=None
[2022-08-19 23:23:25,900] {processor.py:161} INFO - Processing /home/airflow/.local/lib/python3.7/site-packages/airflow/example_dags/example_dag_decorator.py took 0.091 seconds
[2022-08-19 23:23:56,296] {processor.py:153} INFO - Started process (PID=5959) to work on /home/airflow/.local/lib/python3.7/site-packages/airflow/example_dags/example_dag_decorator.py
[2022-08-19 23:23:56,297] {processor.py:641} INFO - Processing file /home/airflow/.local/lib/python3.7/site-packages/airflow/example_dags/example_dag_decorator.py for tasks to queue
[2022-08-19 23:23:56,298] {logging_mixin.py:115} INFO - [2022-08-19 23:23:56,298] {dagbag.py:508} INFO - Filling up the DagBag from /home/airflow/.local/lib/python3.7/site-packages/airflow/example_dags/example_dag_decorator.py
[2022-08-19 23:23:56,313] {processor.py:651} INFO - DAG(s) dict_keys(['example_dag_decorator']) retrieved from /home/airflow/.local/lib/python3.7/site-packages/airflow/example_dags/example_dag_decorator.py
[2022-08-19 23:23:56,355] {logging_mixin.py:115} INFO - [2022-08-19 23:23:56,355] {dag.py:2420} INFO - Sync 1 DAGs
[2022-08-19 23:23:56,369] {logging_mixin.py:115} INFO - [2022-08-19 23:23:56,369] {dag.py:2972} INFO - Setting next_dagrun for example_dag_decorator to None, run_after=None
[2022-08-19 23:23:56,377] {processor.py:161} INFO - Processing /home/airflow/.local/lib/python3.7/site-packages/airflow/example_dags/example_dag_decorator.py took 0.083 seconds
[2022-08-19 23:24:26,618] {processor.py:153} INFO - Started process (PID=6026) to work on /home/airflow/.local/lib/python3.7/site-packages/airflow/example_dags/example_dag_decorator.py
[2022-08-19 23:24:26,619] {processor.py:641} INFO - Processing file /home/airflow/.local/lib/python3.7/site-packages/airflow/example_dags/example_dag_decorator.py for tasks to queue
[2022-08-19 23:24:26,620] {logging_mixin.py:115} INFO - [2022-08-19 23:24:26,620] {dagbag.py:508} INFO - Filling up the DagBag from /home/airflow/.local/lib/python3.7/site-packages/airflow/example_dags/example_dag_decorator.py
[2022-08-19 23:24:26,634] {processor.py:651} INFO - DAG(s) dict_keys(['example_dag_decorator']) retrieved from /home/airflow/.local/lib/python3.7/site-packages/airflow/example_dags/example_dag_decorator.py
[2022-08-19 23:24:26,674] {logging_mixin.py:115} INFO - [2022-08-19 23:24:26,674] {dag.py:2420} INFO - Sync 1 DAGs
[2022-08-19 23:24:26,685] {logging_mixin.py:115} INFO - [2022-08-19 23:24:26,685] {dag.py:2972} INFO - Setting next_dagrun for example_dag_decorator to None, run_after=None
[2022-08-19 23:24:26,694] {processor.py:161} INFO - Processing /home/airflow/.local/lib/python3.7/site-packages/airflow/example_dags/example_dag_decorator.py took 0.079 seconds
[2022-08-19 23:24:57,114] {processor.py:153} INFO - Started process (PID=6095) to work on /home/airflow/.local/lib/python3.7/site-packages/airflow/example_dags/example_dag_decorator.py
[2022-08-19 23:24:57,115] {processor.py:641} INFO - Processing file /home/airflow/.local/lib/python3.7/site-packages/airflow/example_dags/example_dag_decorator.py for tasks to queue
[2022-08-19 23:24:57,116] {logging_mixin.py:115} INFO - [2022-08-19 23:24:57,116] {dagbag.py:508} INFO - Filling up the DagBag from /home/airflow/.local/lib/python3.7/site-packages/airflow/example_dags/example_dag_decorator.py
[2022-08-19 23:24:57,129] {processor.py:651} INFO - DAG(s) dict_keys(['example_dag_decorator']) retrieved from /home/airflow/.local/lib/python3.7/site-packages/airflow/example_dags/example_dag_decorator.py
[2022-08-19 23:24:57,146] {logging_mixin.py:115} INFO - [2022-08-19 23:24:57,146] {dag.py:2420} INFO - Sync 1 DAGs
[2022-08-19 23:24:57,158] {logging_mixin.py:115} INFO - [2022-08-19 23:24:57,158] {dag.py:2972} INFO - Setting next_dagrun for example_dag_decorator to None, run_after=None
[2022-08-19 23:24:57,166] {processor.py:161} INFO - Processing /home/airflow/.local/lib/python3.7/site-packages/airflow/example_dags/example_dag_decorator.py took 0.054 seconds
[2022-08-19 23:25:27,503] {processor.py:153} INFO - Started process (PID=6163) to work on /home/airflow/.local/lib/python3.7/site-packages/airflow/example_dags/example_dag_decorator.py
[2022-08-19 23:25:27,505] {processor.py:641} INFO - Processing file /home/airflow/.local/lib/python3.7/site-packages/airflow/example_dags/example_dag_decorator.py for tasks to queue
[2022-08-19 23:25:27,505] {logging_mixin.py:115} INFO - [2022-08-19 23:25:27,505] {dagbag.py:508} INFO - Filling up the DagBag from /home/airflow/.local/lib/python3.7/site-packages/airflow/example_dags/example_dag_decorator.py
[2022-08-19 23:25:27,520] {processor.py:651} INFO - DAG(s) dict_keys(['example_dag_decorator']) retrieved from /home/airflow/.local/lib/python3.7/site-packages/airflow/example_dags/example_dag_decorator.py
[2022-08-19 23:25:27,558] {logging_mixin.py:115} INFO - [2022-08-19 23:25:27,558] {dag.py:2420} INFO - Sync 1 DAGs
[2022-08-19 23:25:27,576] {logging_mixin.py:115} INFO - [2022-08-19 23:25:27,576] {dag.py:2972} INFO - Setting next_dagrun for example_dag_decorator to None, run_after=None
[2022-08-19 23:25:27,589] {processor.py:161} INFO - Processing /home/airflow/.local/lib/python3.7/site-packages/airflow/example_dags/example_dag_decorator.py took 0.088 seconds
[2022-08-19 23:25:58,092] {processor.py:153} INFO - Started process (PID=6231) to work on /home/airflow/.local/lib/python3.7/site-packages/airflow/example_dags/example_dag_decorator.py
[2022-08-19 23:25:58,093] {processor.py:641} INFO - Processing file /home/airflow/.local/lib/python3.7/site-packages/airflow/example_dags/example_dag_decorator.py for tasks to queue
[2022-08-19 23:25:58,094] {logging_mixin.py:115} INFO - [2022-08-19 23:25:58,094] {dagbag.py:508} INFO - Filling up the DagBag from /home/airflow/.local/lib/python3.7/site-packages/airflow/example_dags/example_dag_decorator.py
[2022-08-19 23:25:58,108] {processor.py:651} INFO - DAG(s) dict_keys(['example_dag_decorator']) retrieved from /home/airflow/.local/lib/python3.7/site-packages/airflow/example_dags/example_dag_decorator.py
[2022-08-19 23:25:58,147] {logging_mixin.py:115} INFO - [2022-08-19 23:25:58,147] {dag.py:2420} INFO - Sync 1 DAGs
[2022-08-19 23:25:58,159] {logging_mixin.py:115} INFO - [2022-08-19 23:25:58,159] {dag.py:2972} INFO - Setting next_dagrun for example_dag_decorator to None, run_after=None
[2022-08-19 23:25:58,168] {processor.py:161} INFO - Processing /home/airflow/.local/lib/python3.7/site-packages/airflow/example_dags/example_dag_decorator.py took 0.078 seconds
[2022-08-19 23:26:28,579] {processor.py:153} INFO - Started process (PID=6300) to work on /home/airflow/.local/lib/python3.7/site-packages/airflow/example_dags/example_dag_decorator.py
[2022-08-19 23:26:28,580] {processor.py:641} INFO - Processing file /home/airflow/.local/lib/python3.7/site-packages/airflow/example_dags/example_dag_decorator.py for tasks to queue
[2022-08-19 23:26:28,581] {logging_mixin.py:115} INFO - [2022-08-19 23:26:28,581] {dagbag.py:508} INFO - Filling up the DagBag from /home/airflow/.local/lib/python3.7/site-packages/airflow/example_dags/example_dag_decorator.py
[2022-08-19 23:26:28,596] {processor.py:651} INFO - DAG(s) dict_keys(['example_dag_decorator']) retrieved from /home/airflow/.local/lib/python3.7/site-packages/airflow/example_dags/example_dag_decorator.py
[2022-08-19 23:26:28,615] {logging_mixin.py:115} INFO - [2022-08-19 23:26:28,615] {dag.py:2420} INFO - Sync 1 DAGs
[2022-08-19 23:26:28,631] {logging_mixin.py:115} INFO - [2022-08-19 23:26:28,631] {dag.py:2972} INFO - Setting next_dagrun for example_dag_decorator to None, run_after=None
[2022-08-19 23:26:28,639] {processor.py:161} INFO - Processing /home/airflow/.local/lib/python3.7/site-packages/airflow/example_dags/example_dag_decorator.py took 0.062 seconds
[2022-08-19 23:26:59,112] {processor.py:153} INFO - Started process (PID=6357) to work on /home/airflow/.local/lib/python3.7/site-packages/airflow/example_dags/example_dag_decorator.py
[2022-08-19 23:26:59,113] {processor.py:641} INFO - Processing file /home/airflow/.local/lib/python3.7/site-packages/airflow/example_dags/example_dag_decorator.py for tasks to queue
[2022-08-19 23:26:59,114] {logging_mixin.py:115} INFO - [2022-08-19 23:26:59,114] {dagbag.py:508} INFO - Filling up the DagBag from /home/airflow/.local/lib/python3.7/site-packages/airflow/example_dags/example_dag_decorator.py
[2022-08-19 23:26:59,128] {processor.py:651} INFO - DAG(s) dict_keys(['example_dag_decorator']) retrieved from /home/airflow/.local/lib/python3.7/site-packages/airflow/example_dags/example_dag_decorator.py
[2022-08-19 23:26:59,147] {logging_mixin.py:115} INFO - [2022-08-19 23:26:59,147] {dag.py:2420} INFO - Sync 1 DAGs
[2022-08-19 23:26:59,161] {logging_mixin.py:115} INFO - [2022-08-19 23:26:59,160] {dag.py:2972} INFO - Setting next_dagrun for example_dag_decorator to None, run_after=None
[2022-08-19 23:26:59,169] {processor.py:161} INFO - Processing /home/airflow/.local/lib/python3.7/site-packages/airflow/example_dags/example_dag_decorator.py took 0.059 seconds
[2022-08-19 23:27:29,594] {processor.py:153} INFO - Started process (PID=6424) to work on /home/airflow/.local/lib/python3.7/site-packages/airflow/example_dags/example_dag_decorator.py
[2022-08-19 23:27:29,595] {processor.py:641} INFO - Processing file /home/airflow/.local/lib/python3.7/site-packages/airflow/example_dags/example_dag_decorator.py for tasks to queue
[2022-08-19 23:27:29,596] {logging_mixin.py:115} INFO - [2022-08-19 23:27:29,596] {dagbag.py:508} INFO - Filling up the DagBag from /home/airflow/.local/lib/python3.7/site-packages/airflow/example_dags/example_dag_decorator.py
[2022-08-19 23:27:29,611] {processor.py:651} INFO - DAG(s) dict_keys(['example_dag_decorator']) retrieved from /home/airflow/.local/lib/python3.7/site-packages/airflow/example_dags/example_dag_decorator.py
[2022-08-19 23:27:29,648] {logging_mixin.py:115} INFO - [2022-08-19 23:27:29,648] {dag.py:2420} INFO - Sync 1 DAGs
[2022-08-19 23:27:29,660] {logging_mixin.py:115} INFO - [2022-08-19 23:27:29,660] {dag.py:2972} INFO - Setting next_dagrun for example_dag_decorator to None, run_after=None
[2022-08-19 23:27:29,669] {processor.py:161} INFO - Processing /home/airflow/.local/lib/python3.7/site-packages/airflow/example_dags/example_dag_decorator.py took 0.077 seconds
[2022-08-19 23:28:00,120] {processor.py:153} INFO - Started process (PID=6493) to work on /home/airflow/.local/lib/python3.7/site-packages/airflow/example_dags/example_dag_decorator.py
[2022-08-19 23:28:00,121] {processor.py:641} INFO - Processing file /home/airflow/.local/lib/python3.7/site-packages/airflow/example_dags/example_dag_decorator.py for tasks to queue
[2022-08-19 23:28:00,122] {logging_mixin.py:115} INFO - [2022-08-19 23:28:00,122] {dagbag.py:508} INFO - Filling up the DagBag from /home/airflow/.local/lib/python3.7/site-packages/airflow/example_dags/example_dag_decorator.py
[2022-08-19 23:28:00,136] {processor.py:651} INFO - DAG(s) dict_keys(['example_dag_decorator']) retrieved from /home/airflow/.local/lib/python3.7/site-packages/airflow/example_dags/example_dag_decorator.py
[2022-08-19 23:28:00,174] {logging_mixin.py:115} INFO - [2022-08-19 23:28:00,174] {dag.py:2420} INFO - Sync 1 DAGs
[2022-08-19 23:28:00,185] {logging_mixin.py:115} INFO - [2022-08-19 23:28:00,184] {dag.py:2972} INFO - Setting next_dagrun for example_dag_decorator to None, run_after=None
[2022-08-19 23:28:00,194] {processor.py:161} INFO - Processing /home/airflow/.local/lib/python3.7/site-packages/airflow/example_dags/example_dag_decorator.py took 0.076 seconds
[2022-08-19 23:28:30,534] {processor.py:153} INFO - Started process (PID=6562) to work on /home/airflow/.local/lib/python3.7/site-packages/airflow/example_dags/example_dag_decorator.py
[2022-08-19 23:28:30,535] {processor.py:641} INFO - Processing file /home/airflow/.local/lib/python3.7/site-packages/airflow/example_dags/example_dag_decorator.py for tasks to queue
[2022-08-19 23:28:30,536] {logging_mixin.py:115} INFO - [2022-08-19 23:28:30,536] {dagbag.py:508} INFO - Filling up the DagBag from /home/airflow/.local/lib/python3.7/site-packages/airflow/example_dags/example_dag_decorator.py
[2022-08-19 23:28:30,552] {processor.py:651} INFO - DAG(s) dict_keys(['example_dag_decorator']) retrieved from /home/airflow/.local/lib/python3.7/site-packages/airflow/example_dags/example_dag_decorator.py
[2022-08-19 23:28:30,591] {logging_mixin.py:115} INFO - [2022-08-19 23:28:30,591] {dag.py:2420} INFO - Sync 1 DAGs
[2022-08-19 23:28:30,604] {logging_mixin.py:115} INFO - [2022-08-19 23:28:30,604] {dag.py:2972} INFO - Setting next_dagrun for example_dag_decorator to None, run_after=None
[2022-08-19 23:28:30,613] {processor.py:161} INFO - Processing /home/airflow/.local/lib/python3.7/site-packages/airflow/example_dags/example_dag_decorator.py took 0.081 seconds
[2022-08-19 23:29:00,973] {processor.py:153} INFO - Started process (PID=6630) to work on /home/airflow/.local/lib/python3.7/site-packages/airflow/example_dags/example_dag_decorator.py
[2022-08-19 23:29:00,975] {processor.py:641} INFO - Processing file /home/airflow/.local/lib/python3.7/site-packages/airflow/example_dags/example_dag_decorator.py for tasks to queue
[2022-08-19 23:29:00,977] {logging_mixin.py:115} INFO - [2022-08-19 23:29:00,977] {dagbag.py:508} INFO - Filling up the DagBag from /home/airflow/.local/lib/python3.7/site-packages/airflow/example_dags/example_dag_decorator.py
[2022-08-19 23:29:00,993] {processor.py:651} INFO - DAG(s) dict_keys(['example_dag_decorator']) retrieved from /home/airflow/.local/lib/python3.7/site-packages/airflow/example_dags/example_dag_decorator.py
[2022-08-19 23:29:01,037] {logging_mixin.py:115} INFO - [2022-08-19 23:29:01,037] {dag.py:2420} INFO - Sync 1 DAGs
[2022-08-19 23:29:01,048] {logging_mixin.py:115} INFO - [2022-08-19 23:29:01,048] {dag.py:2972} INFO - Setting next_dagrun for example_dag_decorator to None, run_after=None
[2022-08-19 23:29:01,057] {processor.py:161} INFO - Processing /home/airflow/.local/lib/python3.7/site-packages/airflow/example_dags/example_dag_decorator.py took 0.087 seconds
[2022-08-19 23:29:31,461] {processor.py:153} INFO - Started process (PID=6696) to work on /home/airflow/.local/lib/python3.7/site-packages/airflow/example_dags/example_dag_decorator.py
[2022-08-19 23:29:31,462] {processor.py:641} INFO - Processing file /home/airflow/.local/lib/python3.7/site-packages/airflow/example_dags/example_dag_decorator.py for tasks to queue
[2022-08-19 23:29:31,463] {logging_mixin.py:115} INFO - [2022-08-19 23:29:31,463] {dagbag.py:508} INFO - Filling up the DagBag from /home/airflow/.local/lib/python3.7/site-packages/airflow/example_dags/example_dag_decorator.py
[2022-08-19 23:29:31,477] {processor.py:651} INFO - DAG(s) dict_keys(['example_dag_decorator']) retrieved from /home/airflow/.local/lib/python3.7/site-packages/airflow/example_dags/example_dag_decorator.py
[2022-08-19 23:29:31,519] {logging_mixin.py:115} INFO - [2022-08-19 23:29:31,518] {dag.py:2420} INFO - Sync 1 DAGs
[2022-08-19 23:29:31,532] {logging_mixin.py:115} INFO - [2022-08-19 23:29:31,532] {dag.py:2972} INFO - Setting next_dagrun for example_dag_decorator to None, run_after=None
[2022-08-19 23:29:31,548] {processor.py:161} INFO - Processing /home/airflow/.local/lib/python3.7/site-packages/airflow/example_dags/example_dag_decorator.py took 0.090 seconds
