[2022-08-19 22:31:45,830] {processor.py:153} INFO - Started process (PID=57) to work on /home/airflow/.local/lib/python3.7/site-packages/airflow/example_dags/example_branch_labels.py
[2022-08-19 22:31:45,832] {processor.py:641} INFO - Processing file /home/airflow/.local/lib/python3.7/site-packages/airflow/example_dags/example_branch_labels.py for tasks to queue
[2022-08-19 22:31:45,833] {logging_mixin.py:115} INFO - [2022-08-19 22:31:45,833] {dagbag.py:508} INFO - Filling up the DagBag from /home/airflow/.local/lib/python3.7/site-packages/airflow/example_dags/example_branch_labels.py
[2022-08-19 22:31:45,841] {processor.py:651} INFO - DAG(s) dict_keys(['example_branch_labels']) retrieved from /home/airflow/.local/lib/python3.7/site-packages/airflow/example_dags/example_branch_labels.py
[2022-08-19 22:31:45,925] {logging_mixin.py:115} INFO - [2022-08-19 22:31:45,925] {manager.py:508} INFO - Created Permission View: can delete on DAG:example_branch_labels
[2022-08-19 22:31:45,934] {logging_mixin.py:115} INFO - [2022-08-19 22:31:45,934] {manager.py:508} INFO - Created Permission View: can read on DAG:example_branch_labels
[2022-08-19 22:31:45,943] {logging_mixin.py:115} INFO - [2022-08-19 22:31:45,943] {manager.py:508} INFO - Created Permission View: can edit on DAG:example_branch_labels
[2022-08-19 22:31:45,944] {logging_mixin.py:115} INFO - [2022-08-19 22:31:45,944] {dag.py:2420} INFO - Sync 1 DAGs
[2022-08-19 22:31:45,951] {logging_mixin.py:115} INFO - [2022-08-19 22:31:45,951] {dag.py:2439} INFO - Creating ORM DAG for example_branch_labels
[2022-08-19 22:31:45,962] {logging_mixin.py:115} INFO - [2022-08-19 22:31:45,962] {dag.py:2972} INFO - Setting next_dagrun for example_branch_labels to 2022-08-18T00:00:00+00:00, run_after=2022-08-19T00:00:00+00:00
[2022-08-19 22:31:45,973] {processor.py:161} INFO - Processing /home/airflow/.local/lib/python3.7/site-packages/airflow/example_dags/example_branch_labels.py took 0.146 seconds
[2022-08-19 22:32:16,726] {processor.py:153} INFO - Started process (PID=120) to work on /home/airflow/.local/lib/python3.7/site-packages/airflow/example_dags/example_branch_labels.py
[2022-08-19 22:32:16,728] {processor.py:641} INFO - Processing file /home/airflow/.local/lib/python3.7/site-packages/airflow/example_dags/example_branch_labels.py for tasks to queue
[2022-08-19 22:32:16,729] {logging_mixin.py:115} INFO - [2022-08-19 22:32:16,729] {dagbag.py:508} INFO - Filling up the DagBag from /home/airflow/.local/lib/python3.7/site-packages/airflow/example_dags/example_branch_labels.py
[2022-08-19 22:32:16,735] {processor.py:651} INFO - DAG(s) dict_keys(['example_branch_labels']) retrieved from /home/airflow/.local/lib/python3.7/site-packages/airflow/example_dags/example_branch_labels.py
[2022-08-19 22:32:16,753] {logging_mixin.py:115} INFO - [2022-08-19 22:32:16,753] {dag.py:2420} INFO - Sync 1 DAGs
[2022-08-19 22:32:16,768] {logging_mixin.py:115} INFO - [2022-08-19 22:32:16,768] {dag.py:2972} INFO - Setting next_dagrun for example_branch_labels to 2022-08-18T00:00:00+00:00, run_after=2022-08-19T00:00:00+00:00
[2022-08-19 22:32:16,777] {processor.py:161} INFO - Processing /home/airflow/.local/lib/python3.7/site-packages/airflow/example_dags/example_branch_labels.py took 0.053 seconds
[2022-08-19 22:53:25,312] {processor.py:153} INFO - Started process (PID=57) to work on /home/airflow/.local/lib/python3.7/site-packages/airflow/example_dags/example_branch_labels.py
[2022-08-19 22:53:25,314] {processor.py:641} INFO - Processing file /home/airflow/.local/lib/python3.7/site-packages/airflow/example_dags/example_branch_labels.py for tasks to queue
[2022-08-19 22:53:25,315] {logging_mixin.py:115} INFO - [2022-08-19 22:53:25,315] {dagbag.py:508} INFO - Filling up the DagBag from /home/airflow/.local/lib/python3.7/site-packages/airflow/example_dags/example_branch_labels.py
[2022-08-19 22:53:25,322] {processor.py:651} INFO - DAG(s) dict_keys(['example_branch_labels']) retrieved from /home/airflow/.local/lib/python3.7/site-packages/airflow/example_dags/example_branch_labels.py
[2022-08-19 22:53:25,390] {logging_mixin.py:115} INFO - [2022-08-19 22:53:25,390] {manager.py:508} INFO - Created Permission View: can read on DAG:example_branch_labels
[2022-08-19 22:53:25,399] {logging_mixin.py:115} INFO - [2022-08-19 22:53:25,399] {manager.py:508} INFO - Created Permission View: can delete on DAG:example_branch_labels
[2022-08-19 22:53:25,405] {logging_mixin.py:115} INFO - [2022-08-19 22:53:25,405] {manager.py:508} INFO - Created Permission View: can edit on DAG:example_branch_labels
[2022-08-19 22:53:25,406] {logging_mixin.py:115} INFO - [2022-08-19 22:53:25,406] {dag.py:2420} INFO - Sync 1 DAGs
[2022-08-19 22:53:25,411] {logging_mixin.py:115} INFO - [2022-08-19 22:53:25,411] {dag.py:2439} INFO - Creating ORM DAG for example_branch_labels
[2022-08-19 22:53:25,426] {logging_mixin.py:115} INFO - [2022-08-19 22:53:25,426] {dag.py:2972} INFO - Setting next_dagrun for example_branch_labels to 2022-08-18T00:00:00+00:00, run_after=2022-08-19T00:00:00+00:00
[2022-08-19 22:53:25,437] {processor.py:161} INFO - Processing /home/airflow/.local/lib/python3.7/site-packages/airflow/example_dags/example_branch_labels.py took 0.126 seconds
[2022-08-19 22:53:56,323] {processor.py:153} INFO - Started process (PID=135) to work on /home/airflow/.local/lib/python3.7/site-packages/airflow/example_dags/example_branch_labels.py
[2022-08-19 22:53:56,324] {processor.py:641} INFO - Processing file /home/airflow/.local/lib/python3.7/site-packages/airflow/example_dags/example_branch_labels.py for tasks to queue
[2022-08-19 22:53:56,325] {logging_mixin.py:115} INFO - [2022-08-19 22:53:56,325] {dagbag.py:508} INFO - Filling up the DagBag from /home/airflow/.local/lib/python3.7/site-packages/airflow/example_dags/example_branch_labels.py
[2022-08-19 22:53:56,331] {processor.py:651} INFO - DAG(s) dict_keys(['example_branch_labels']) retrieved from /home/airflow/.local/lib/python3.7/site-packages/airflow/example_dags/example_branch_labels.py
[2022-08-19 22:53:56,350] {logging_mixin.py:115} INFO - [2022-08-19 22:53:56,350] {dag.py:2420} INFO - Sync 1 DAGs
[2022-08-19 22:53:56,366] {logging_mixin.py:115} INFO - [2022-08-19 22:53:56,366] {dag.py:2972} INFO - Setting next_dagrun for example_branch_labels to 2022-08-18T00:00:00+00:00, run_after=2022-08-19T00:00:00+00:00
[2022-08-19 22:53:56,375] {processor.py:161} INFO - Processing /home/airflow/.local/lib/python3.7/site-packages/airflow/example_dags/example_branch_labels.py took 0.055 seconds
[2022-08-19 22:54:26,897] {processor.py:153} INFO - Started process (PID=208) to work on /home/airflow/.local/lib/python3.7/site-packages/airflow/example_dags/example_branch_labels.py
[2022-08-19 22:54:26,898] {processor.py:641} INFO - Processing file /home/airflow/.local/lib/python3.7/site-packages/airflow/example_dags/example_branch_labels.py for tasks to queue
[2022-08-19 22:54:26,899] {logging_mixin.py:115} INFO - [2022-08-19 22:54:26,899] {dagbag.py:508} INFO - Filling up the DagBag from /home/airflow/.local/lib/python3.7/site-packages/airflow/example_dags/example_branch_labels.py
[2022-08-19 22:54:26,904] {processor.py:651} INFO - DAG(s) dict_keys(['example_branch_labels']) retrieved from /home/airflow/.local/lib/python3.7/site-packages/airflow/example_dags/example_branch_labels.py
[2022-08-19 22:54:26,920] {logging_mixin.py:115} INFO - [2022-08-19 22:54:26,920] {dag.py:2420} INFO - Sync 1 DAGs
[2022-08-19 22:54:26,934] {logging_mixin.py:115} INFO - [2022-08-19 22:54:26,933] {dag.py:2972} INFO - Setting next_dagrun for example_branch_labels to 2022-08-18T00:00:00+00:00, run_after=2022-08-19T00:00:00+00:00
[2022-08-19 22:54:26,941] {processor.py:161} INFO - Processing /home/airflow/.local/lib/python3.7/site-packages/airflow/example_dags/example_branch_labels.py took 0.046 seconds
[2022-08-19 22:54:57,452] {processor.py:153} INFO - Started process (PID=275) to work on /home/airflow/.local/lib/python3.7/site-packages/airflow/example_dags/example_branch_labels.py
[2022-08-19 22:54:57,452] {processor.py:641} INFO - Processing file /home/airflow/.local/lib/python3.7/site-packages/airflow/example_dags/example_branch_labels.py for tasks to queue
[2022-08-19 22:54:57,454] {logging_mixin.py:115} INFO - [2022-08-19 22:54:57,454] {dagbag.py:508} INFO - Filling up the DagBag from /home/airflow/.local/lib/python3.7/site-packages/airflow/example_dags/example_branch_labels.py
[2022-08-19 22:54:57,460] {processor.py:651} INFO - DAG(s) dict_keys(['example_branch_labels']) retrieved from /home/airflow/.local/lib/python3.7/site-packages/airflow/example_dags/example_branch_labels.py
[2022-08-19 22:54:57,477] {logging_mixin.py:115} INFO - [2022-08-19 22:54:57,477] {dag.py:2420} INFO - Sync 1 DAGs
[2022-08-19 22:54:57,489] {logging_mixin.py:115} INFO - [2022-08-19 22:54:57,489] {dag.py:2972} INFO - Setting next_dagrun for example_branch_labels to 2022-08-18T00:00:00+00:00, run_after=2022-08-19T00:00:00+00:00
[2022-08-19 22:54:57,497] {processor.py:161} INFO - Processing /home/airflow/.local/lib/python3.7/site-packages/airflow/example_dags/example_branch_labels.py took 0.047 seconds
[2022-08-19 22:55:27,971] {processor.py:153} INFO - Started process (PID=338) to work on /home/airflow/.local/lib/python3.7/site-packages/airflow/example_dags/example_branch_labels.py
[2022-08-19 22:55:27,972] {processor.py:641} INFO - Processing file /home/airflow/.local/lib/python3.7/site-packages/airflow/example_dags/example_branch_labels.py for tasks to queue
[2022-08-19 22:55:27,973] {logging_mixin.py:115} INFO - [2022-08-19 22:55:27,973] {dagbag.py:508} INFO - Filling up the DagBag from /home/airflow/.local/lib/python3.7/site-packages/airflow/example_dags/example_branch_labels.py
[2022-08-19 22:55:27,978] {processor.py:651} INFO - DAG(s) dict_keys(['example_branch_labels']) retrieved from /home/airflow/.local/lib/python3.7/site-packages/airflow/example_dags/example_branch_labels.py
[2022-08-19 22:55:27,994] {logging_mixin.py:115} INFO - [2022-08-19 22:55:27,994] {dag.py:2420} INFO - Sync 1 DAGs
[2022-08-19 22:55:28,008] {logging_mixin.py:115} INFO - [2022-08-19 22:55:28,008] {dag.py:2972} INFO - Setting next_dagrun for example_branch_labels to 2022-08-18T00:00:00+00:00, run_after=2022-08-19T00:00:00+00:00
[2022-08-19 22:55:28,017] {processor.py:161} INFO - Processing /home/airflow/.local/lib/python3.7/site-packages/airflow/example_dags/example_branch_labels.py took 0.048 seconds
[2022-08-19 22:55:58,475] {processor.py:153} INFO - Started process (PID=392) to work on /home/airflow/.local/lib/python3.7/site-packages/airflow/example_dags/example_branch_labels.py
[2022-08-19 22:55:58,476] {processor.py:641} INFO - Processing file /home/airflow/.local/lib/python3.7/site-packages/airflow/example_dags/example_branch_labels.py for tasks to queue
[2022-08-19 22:55:58,477] {logging_mixin.py:115} INFO - [2022-08-19 22:55:58,477] {dagbag.py:508} INFO - Filling up the DagBag from /home/airflow/.local/lib/python3.7/site-packages/airflow/example_dags/example_branch_labels.py
[2022-08-19 22:55:58,482] {processor.py:651} INFO - DAG(s) dict_keys(['example_branch_labels']) retrieved from /home/airflow/.local/lib/python3.7/site-packages/airflow/example_dags/example_branch_labels.py
[2022-08-19 22:55:58,499] {logging_mixin.py:115} INFO - [2022-08-19 22:55:58,499] {dag.py:2420} INFO - Sync 1 DAGs
[2022-08-19 22:55:58,513] {logging_mixin.py:115} INFO - [2022-08-19 22:55:58,512] {dag.py:2972} INFO - Setting next_dagrun for example_branch_labels to 2022-08-18T00:00:00+00:00, run_after=2022-08-19T00:00:00+00:00
[2022-08-19 22:55:58,521] {processor.py:161} INFO - Processing /home/airflow/.local/lib/python3.7/site-packages/airflow/example_dags/example_branch_labels.py took 0.047 seconds
[2022-08-19 22:56:28,929] {processor.py:153} INFO - Started process (PID=461) to work on /home/airflow/.local/lib/python3.7/site-packages/airflow/example_dags/example_branch_labels.py
[2022-08-19 22:56:28,930] {processor.py:641} INFO - Processing file /home/airflow/.local/lib/python3.7/site-packages/airflow/example_dags/example_branch_labels.py for tasks to queue
[2022-08-19 22:56:28,931] {logging_mixin.py:115} INFO - [2022-08-19 22:56:28,931] {dagbag.py:508} INFO - Filling up the DagBag from /home/airflow/.local/lib/python3.7/site-packages/airflow/example_dags/example_branch_labels.py
[2022-08-19 22:56:28,937] {processor.py:651} INFO - DAG(s) dict_keys(['example_branch_labels']) retrieved from /home/airflow/.local/lib/python3.7/site-packages/airflow/example_dags/example_branch_labels.py
[2022-08-19 22:56:28,955] {logging_mixin.py:115} INFO - [2022-08-19 22:56:28,955] {dag.py:2420} INFO - Sync 1 DAGs
[2022-08-19 22:56:28,969] {logging_mixin.py:115} INFO - [2022-08-19 22:56:28,969] {dag.py:2972} INFO - Setting next_dagrun for example_branch_labels to 2022-08-18T00:00:00+00:00, run_after=2022-08-19T00:00:00+00:00
[2022-08-19 22:56:28,976] {processor.py:161} INFO - Processing /home/airflow/.local/lib/python3.7/site-packages/airflow/example_dags/example_branch_labels.py took 0.050 seconds
[2022-08-19 22:56:59,275] {processor.py:153} INFO - Started process (PID=525) to work on /home/airflow/.local/lib/python3.7/site-packages/airflow/example_dags/example_branch_labels.py
[2022-08-19 22:56:59,276] {processor.py:641} INFO - Processing file /home/airflow/.local/lib/python3.7/site-packages/airflow/example_dags/example_branch_labels.py for tasks to queue
[2022-08-19 22:56:59,277] {logging_mixin.py:115} INFO - [2022-08-19 22:56:59,277] {dagbag.py:508} INFO - Filling up the DagBag from /home/airflow/.local/lib/python3.7/site-packages/airflow/example_dags/example_branch_labels.py
[2022-08-19 22:56:59,283] {processor.py:651} INFO - DAG(s) dict_keys(['example_branch_labels']) retrieved from /home/airflow/.local/lib/python3.7/site-packages/airflow/example_dags/example_branch_labels.py
[2022-08-19 22:56:59,299] {logging_mixin.py:115} INFO - [2022-08-19 22:56:59,299] {dag.py:2420} INFO - Sync 1 DAGs
[2022-08-19 22:56:59,314] {logging_mixin.py:115} INFO - [2022-08-19 22:56:59,314] {dag.py:2972} INFO - Setting next_dagrun for example_branch_labels to 2022-08-18T00:00:00+00:00, run_after=2022-08-19T00:00:00+00:00
[2022-08-19 22:56:59,324] {processor.py:161} INFO - Processing /home/airflow/.local/lib/python3.7/site-packages/airflow/example_dags/example_branch_labels.py took 0.051 seconds
[2022-08-19 22:57:29,719] {processor.py:153} INFO - Started process (PID=594) to work on /home/airflow/.local/lib/python3.7/site-packages/airflow/example_dags/example_branch_labels.py
[2022-08-19 22:57:29,720] {processor.py:641} INFO - Processing file /home/airflow/.local/lib/python3.7/site-packages/airflow/example_dags/example_branch_labels.py for tasks to queue
[2022-08-19 22:57:29,722] {logging_mixin.py:115} INFO - [2022-08-19 22:57:29,721] {dagbag.py:508} INFO - Filling up the DagBag from /home/airflow/.local/lib/python3.7/site-packages/airflow/example_dags/example_branch_labels.py
[2022-08-19 22:57:29,727] {processor.py:651} INFO - DAG(s) dict_keys(['example_branch_labels']) retrieved from /home/airflow/.local/lib/python3.7/site-packages/airflow/example_dags/example_branch_labels.py
[2022-08-19 22:57:29,744] {logging_mixin.py:115} INFO - [2022-08-19 22:57:29,744] {dag.py:2420} INFO - Sync 1 DAGs
[2022-08-19 22:57:29,757] {logging_mixin.py:115} INFO - [2022-08-19 22:57:29,757] {dag.py:2972} INFO - Setting next_dagrun for example_branch_labels to 2022-08-18T00:00:00+00:00, run_after=2022-08-19T00:00:00+00:00
[2022-08-19 22:57:29,765] {processor.py:161} INFO - Processing /home/airflow/.local/lib/python3.7/site-packages/airflow/example_dags/example_branch_labels.py took 0.048 seconds
[2022-08-19 22:58:00,143] {processor.py:153} INFO - Started process (PID=660) to work on /home/airflow/.local/lib/python3.7/site-packages/airflow/example_dags/example_branch_labels.py
[2022-08-19 22:58:00,144] {processor.py:641} INFO - Processing file /home/airflow/.local/lib/python3.7/site-packages/airflow/example_dags/example_branch_labels.py for tasks to queue
[2022-08-19 22:58:00,145] {logging_mixin.py:115} INFO - [2022-08-19 22:58:00,145] {dagbag.py:508} INFO - Filling up the DagBag from /home/airflow/.local/lib/python3.7/site-packages/airflow/example_dags/example_branch_labels.py
[2022-08-19 22:58:00,150] {processor.py:651} INFO - DAG(s) dict_keys(['example_branch_labels']) retrieved from /home/airflow/.local/lib/python3.7/site-packages/airflow/example_dags/example_branch_labels.py
[2022-08-19 22:58:00,168] {logging_mixin.py:115} INFO - [2022-08-19 22:58:00,168] {dag.py:2420} INFO - Sync 1 DAGs
[2022-08-19 22:58:00,180] {logging_mixin.py:115} INFO - [2022-08-19 22:58:00,180] {dag.py:2972} INFO - Setting next_dagrun for example_branch_labels to 2022-08-18T00:00:00+00:00, run_after=2022-08-19T00:00:00+00:00
[2022-08-19 22:58:00,188] {processor.py:161} INFO - Processing /home/airflow/.local/lib/python3.7/site-packages/airflow/example_dags/example_branch_labels.py took 0.047 seconds
[2022-08-19 22:58:30,623] {processor.py:153} INFO - Started process (PID=728) to work on /home/airflow/.local/lib/python3.7/site-packages/airflow/example_dags/example_branch_labels.py
[2022-08-19 22:58:30,624] {processor.py:641} INFO - Processing file /home/airflow/.local/lib/python3.7/site-packages/airflow/example_dags/example_branch_labels.py for tasks to queue
[2022-08-19 22:58:30,625] {logging_mixin.py:115} INFO - [2022-08-19 22:58:30,625] {dagbag.py:508} INFO - Filling up the DagBag from /home/airflow/.local/lib/python3.7/site-packages/airflow/example_dags/example_branch_labels.py
[2022-08-19 22:58:30,630] {processor.py:651} INFO - DAG(s) dict_keys(['example_branch_labels']) retrieved from /home/airflow/.local/lib/python3.7/site-packages/airflow/example_dags/example_branch_labels.py
[2022-08-19 22:58:30,646] {logging_mixin.py:115} INFO - [2022-08-19 22:58:30,646] {dag.py:2420} INFO - Sync 1 DAGs
[2022-08-19 22:58:30,659] {logging_mixin.py:115} INFO - [2022-08-19 22:58:30,659] {dag.py:2972} INFO - Setting next_dagrun for example_branch_labels to 2022-08-18T00:00:00+00:00, run_after=2022-08-19T00:00:00+00:00
[2022-08-19 22:58:30,668] {processor.py:161} INFO - Processing /home/airflow/.local/lib/python3.7/site-packages/airflow/example_dags/example_branch_labels.py took 0.047 seconds
[2022-08-19 22:59:01,039] {processor.py:153} INFO - Started process (PID=782) to work on /home/airflow/.local/lib/python3.7/site-packages/airflow/example_dags/example_branch_labels.py
[2022-08-19 22:59:01,040] {processor.py:641} INFO - Processing file /home/airflow/.local/lib/python3.7/site-packages/airflow/example_dags/example_branch_labels.py for tasks to queue
[2022-08-19 22:59:01,041] {logging_mixin.py:115} INFO - [2022-08-19 22:59:01,041] {dagbag.py:508} INFO - Filling up the DagBag from /home/airflow/.local/lib/python3.7/site-packages/airflow/example_dags/example_branch_labels.py
[2022-08-19 22:59:01,045] {processor.py:651} INFO - DAG(s) dict_keys(['example_branch_labels']) retrieved from /home/airflow/.local/lib/python3.7/site-packages/airflow/example_dags/example_branch_labels.py
[2022-08-19 22:59:01,061] {logging_mixin.py:115} INFO - [2022-08-19 22:59:01,061] {dag.py:2420} INFO - Sync 1 DAGs
[2022-08-19 22:59:01,074] {logging_mixin.py:115} INFO - [2022-08-19 22:59:01,074] {dag.py:2972} INFO - Setting next_dagrun for example_branch_labels to 2022-08-18T00:00:00+00:00, run_after=2022-08-19T00:00:00+00:00
[2022-08-19 22:59:01,081] {processor.py:161} INFO - Processing /home/airflow/.local/lib/python3.7/site-packages/airflow/example_dags/example_branch_labels.py took 0.045 seconds
[2022-08-19 22:59:31,632] {processor.py:153} INFO - Started process (PID=848) to work on /home/airflow/.local/lib/python3.7/site-packages/airflow/example_dags/example_branch_labels.py
[2022-08-19 22:59:31,633] {processor.py:641} INFO - Processing file /home/airflow/.local/lib/python3.7/site-packages/airflow/example_dags/example_branch_labels.py for tasks to queue
[2022-08-19 22:59:31,634] {logging_mixin.py:115} INFO - [2022-08-19 22:59:31,634] {dagbag.py:508} INFO - Filling up the DagBag from /home/airflow/.local/lib/python3.7/site-packages/airflow/example_dags/example_branch_labels.py
[2022-08-19 22:59:31,639] {processor.py:651} INFO - DAG(s) dict_keys(['example_branch_labels']) retrieved from /home/airflow/.local/lib/python3.7/site-packages/airflow/example_dags/example_branch_labels.py
[2022-08-19 22:59:31,656] {logging_mixin.py:115} INFO - [2022-08-19 22:59:31,655] {dag.py:2420} INFO - Sync 1 DAGs
[2022-08-19 22:59:31,670] {logging_mixin.py:115} INFO - [2022-08-19 22:59:31,670] {dag.py:2972} INFO - Setting next_dagrun for example_branch_labels to 2022-08-18T00:00:00+00:00, run_after=2022-08-19T00:00:00+00:00
[2022-08-19 22:59:31,677] {processor.py:161} INFO - Processing /home/airflow/.local/lib/python3.7/site-packages/airflow/example_dags/example_branch_labels.py took 0.047 seconds
[2022-08-19 23:00:02,028] {processor.py:153} INFO - Started process (PID=916) to work on /home/airflow/.local/lib/python3.7/site-packages/airflow/example_dags/example_branch_labels.py
[2022-08-19 23:00:02,030] {processor.py:641} INFO - Processing file /home/airflow/.local/lib/python3.7/site-packages/airflow/example_dags/example_branch_labels.py for tasks to queue
[2022-08-19 23:00:02,030] {logging_mixin.py:115} INFO - [2022-08-19 23:00:02,030] {dagbag.py:508} INFO - Filling up the DagBag from /home/airflow/.local/lib/python3.7/site-packages/airflow/example_dags/example_branch_labels.py
[2022-08-19 23:00:02,035] {processor.py:651} INFO - DAG(s) dict_keys(['example_branch_labels']) retrieved from /home/airflow/.local/lib/python3.7/site-packages/airflow/example_dags/example_branch_labels.py
[2022-08-19 23:00:02,053] {logging_mixin.py:115} INFO - [2022-08-19 23:00:02,053] {dag.py:2420} INFO - Sync 1 DAGs
[2022-08-19 23:00:02,068] {logging_mixin.py:115} INFO - [2022-08-19 23:00:02,068] {dag.py:2972} INFO - Setting next_dagrun for example_branch_labels to 2022-08-18T00:00:00+00:00, run_after=2022-08-19T00:00:00+00:00
[2022-08-19 23:00:02,076] {processor.py:161} INFO - Processing /home/airflow/.local/lib/python3.7/site-packages/airflow/example_dags/example_branch_labels.py took 0.050 seconds
[2022-08-19 23:00:32,481] {processor.py:153} INFO - Started process (PID=982) to work on /home/airflow/.local/lib/python3.7/site-packages/airflow/example_dags/example_branch_labels.py
[2022-08-19 23:00:32,482] {processor.py:641} INFO - Processing file /home/airflow/.local/lib/python3.7/site-packages/airflow/example_dags/example_branch_labels.py for tasks to queue
[2022-08-19 23:00:32,483] {logging_mixin.py:115} INFO - [2022-08-19 23:00:32,483] {dagbag.py:508} INFO - Filling up the DagBag from /home/airflow/.local/lib/python3.7/site-packages/airflow/example_dags/example_branch_labels.py
[2022-08-19 23:00:32,487] {processor.py:651} INFO - DAG(s) dict_keys(['example_branch_labels']) retrieved from /home/airflow/.local/lib/python3.7/site-packages/airflow/example_dags/example_branch_labels.py
[2022-08-19 23:00:32,505] {logging_mixin.py:115} INFO - [2022-08-19 23:00:32,505] {dag.py:2420} INFO - Sync 1 DAGs
[2022-08-19 23:00:32,518] {logging_mixin.py:115} INFO - [2022-08-19 23:00:32,518] {dag.py:2972} INFO - Setting next_dagrun for example_branch_labels to 2022-08-18T00:00:00+00:00, run_after=2022-08-19T00:00:00+00:00
[2022-08-19 23:00:32,526] {processor.py:161} INFO - Processing /home/airflow/.local/lib/python3.7/site-packages/airflow/example_dags/example_branch_labels.py took 0.049 seconds
[2022-08-19 23:01:02,854] {processor.py:153} INFO - Started process (PID=1052) to work on /home/airflow/.local/lib/python3.7/site-packages/airflow/example_dags/example_branch_labels.py
[2022-08-19 23:01:02,855] {processor.py:641} INFO - Processing file /home/airflow/.local/lib/python3.7/site-packages/airflow/example_dags/example_branch_labels.py for tasks to queue
[2022-08-19 23:01:02,856] {logging_mixin.py:115} INFO - [2022-08-19 23:01:02,856] {dagbag.py:508} INFO - Filling up the DagBag from /home/airflow/.local/lib/python3.7/site-packages/airflow/example_dags/example_branch_labels.py
[2022-08-19 23:01:02,861] {processor.py:651} INFO - DAG(s) dict_keys(['example_branch_labels']) retrieved from /home/airflow/.local/lib/python3.7/site-packages/airflow/example_dags/example_branch_labels.py
[2022-08-19 23:01:02,878] {logging_mixin.py:115} INFO - [2022-08-19 23:01:02,878] {dag.py:2420} INFO - Sync 1 DAGs
[2022-08-19 23:01:02,892] {logging_mixin.py:115} INFO - [2022-08-19 23:01:02,892] {dag.py:2972} INFO - Setting next_dagrun for example_branch_labels to 2022-08-18T00:00:00+00:00, run_after=2022-08-19T00:00:00+00:00
[2022-08-19 23:01:02,900] {processor.py:161} INFO - Processing /home/airflow/.local/lib/python3.7/site-packages/airflow/example_dags/example_branch_labels.py took 0.048 seconds
[2022-08-19 23:01:33,362] {processor.py:153} INFO - Started process (PID=1118) to work on /home/airflow/.local/lib/python3.7/site-packages/airflow/example_dags/example_branch_labels.py
[2022-08-19 23:01:33,364] {processor.py:641} INFO - Processing file /home/airflow/.local/lib/python3.7/site-packages/airflow/example_dags/example_branch_labels.py for tasks to queue
[2022-08-19 23:01:33,365] {logging_mixin.py:115} INFO - [2022-08-19 23:01:33,365] {dagbag.py:508} INFO - Filling up the DagBag from /home/airflow/.local/lib/python3.7/site-packages/airflow/example_dags/example_branch_labels.py
[2022-08-19 23:01:33,370] {processor.py:651} INFO - DAG(s) dict_keys(['example_branch_labels']) retrieved from /home/airflow/.local/lib/python3.7/site-packages/airflow/example_dags/example_branch_labels.py
[2022-08-19 23:01:33,392] {logging_mixin.py:115} INFO - [2022-08-19 23:01:33,392] {dag.py:2420} INFO - Sync 1 DAGs
[2022-08-19 23:01:33,407] {logging_mixin.py:115} INFO - [2022-08-19 23:01:33,407] {dag.py:2972} INFO - Setting next_dagrun for example_branch_labels to 2022-08-18T00:00:00+00:00, run_after=2022-08-19T00:00:00+00:00
[2022-08-19 23:01:33,417] {processor.py:161} INFO - Processing /home/airflow/.local/lib/python3.7/site-packages/airflow/example_dags/example_branch_labels.py took 0.059 seconds
[2022-08-19 23:02:03,833] {processor.py:153} INFO - Started process (PID=1172) to work on /home/airflow/.local/lib/python3.7/site-packages/airflow/example_dags/example_branch_labels.py
[2022-08-19 23:02:03,835] {processor.py:641} INFO - Processing file /home/airflow/.local/lib/python3.7/site-packages/airflow/example_dags/example_branch_labels.py for tasks to queue
[2022-08-19 23:02:03,836] {logging_mixin.py:115} INFO - [2022-08-19 23:02:03,836] {dagbag.py:508} INFO - Filling up the DagBag from /home/airflow/.local/lib/python3.7/site-packages/airflow/example_dags/example_branch_labels.py
[2022-08-19 23:02:03,840] {processor.py:651} INFO - DAG(s) dict_keys(['example_branch_labels']) retrieved from /home/airflow/.local/lib/python3.7/site-packages/airflow/example_dags/example_branch_labels.py
[2022-08-19 23:02:03,858] {logging_mixin.py:115} INFO - [2022-08-19 23:02:03,858] {dag.py:2420} INFO - Sync 1 DAGs
[2022-08-19 23:02:03,871] {logging_mixin.py:115} INFO - [2022-08-19 23:02:03,871] {dag.py:2972} INFO - Setting next_dagrun for example_branch_labels to 2022-08-18T00:00:00+00:00, run_after=2022-08-19T00:00:00+00:00
[2022-08-19 23:02:03,878] {processor.py:161} INFO - Processing /home/airflow/.local/lib/python3.7/site-packages/airflow/example_dags/example_branch_labels.py took 0.048 seconds
[2022-08-19 23:02:34,249] {processor.py:153} INFO - Started process (PID=1234) to work on /home/airflow/.local/lib/python3.7/site-packages/airflow/example_dags/example_branch_labels.py
[2022-08-19 23:02:34,250] {processor.py:641} INFO - Processing file /home/airflow/.local/lib/python3.7/site-packages/airflow/example_dags/example_branch_labels.py for tasks to queue
[2022-08-19 23:02:34,251] {logging_mixin.py:115} INFO - [2022-08-19 23:02:34,251] {dagbag.py:508} INFO - Filling up the DagBag from /home/airflow/.local/lib/python3.7/site-packages/airflow/example_dags/example_branch_labels.py
[2022-08-19 23:02:34,255] {processor.py:651} INFO - DAG(s) dict_keys(['example_branch_labels']) retrieved from /home/airflow/.local/lib/python3.7/site-packages/airflow/example_dags/example_branch_labels.py
[2022-08-19 23:02:34,273] {logging_mixin.py:115} INFO - [2022-08-19 23:02:34,273] {dag.py:2420} INFO - Sync 1 DAGs
[2022-08-19 23:02:34,286] {logging_mixin.py:115} INFO - [2022-08-19 23:02:34,285] {dag.py:2972} INFO - Setting next_dagrun for example_branch_labels to 2022-08-18T00:00:00+00:00, run_after=2022-08-19T00:00:00+00:00
[2022-08-19 23:02:34,293] {processor.py:161} INFO - Processing /home/airflow/.local/lib/python3.7/site-packages/airflow/example_dags/example_branch_labels.py took 0.046 seconds
[2022-08-19 23:03:04,674] {processor.py:153} INFO - Started process (PID=1299) to work on /home/airflow/.local/lib/python3.7/site-packages/airflow/example_dags/example_branch_labels.py
[2022-08-19 23:03:04,675] {processor.py:641} INFO - Processing file /home/airflow/.local/lib/python3.7/site-packages/airflow/example_dags/example_branch_labels.py for tasks to queue
[2022-08-19 23:03:04,676] {logging_mixin.py:115} INFO - [2022-08-19 23:03:04,675] {dagbag.py:508} INFO - Filling up the DagBag from /home/airflow/.local/lib/python3.7/site-packages/airflow/example_dags/example_branch_labels.py
[2022-08-19 23:03:04,680] {processor.py:651} INFO - DAG(s) dict_keys(['example_branch_labels']) retrieved from /home/airflow/.local/lib/python3.7/site-packages/airflow/example_dags/example_branch_labels.py
[2022-08-19 23:03:04,698] {logging_mixin.py:115} INFO - [2022-08-19 23:03:04,698] {dag.py:2420} INFO - Sync 1 DAGs
[2022-08-19 23:03:04,711] {logging_mixin.py:115} INFO - [2022-08-19 23:03:04,711] {dag.py:2972} INFO - Setting next_dagrun for example_branch_labels to 2022-08-18T00:00:00+00:00, run_after=2022-08-19T00:00:00+00:00
[2022-08-19 23:03:04,719] {processor.py:161} INFO - Processing /home/airflow/.local/lib/python3.7/site-packages/airflow/example_dags/example_branch_labels.py took 0.046 seconds
[2022-08-19 23:03:35,232] {processor.py:153} INFO - Started process (PID=1367) to work on /home/airflow/.local/lib/python3.7/site-packages/airflow/example_dags/example_branch_labels.py
[2022-08-19 23:03:35,233] {processor.py:641} INFO - Processing file /home/airflow/.local/lib/python3.7/site-packages/airflow/example_dags/example_branch_labels.py for tasks to queue
[2022-08-19 23:03:35,234] {logging_mixin.py:115} INFO - [2022-08-19 23:03:35,233] {dagbag.py:508} INFO - Filling up the DagBag from /home/airflow/.local/lib/python3.7/site-packages/airflow/example_dags/example_branch_labels.py
[2022-08-19 23:03:35,238] {processor.py:651} INFO - DAG(s) dict_keys(['example_branch_labels']) retrieved from /home/airflow/.local/lib/python3.7/site-packages/airflow/example_dags/example_branch_labels.py
[2022-08-19 23:03:35,255] {logging_mixin.py:115} INFO - [2022-08-19 23:03:35,255] {dag.py:2420} INFO - Sync 1 DAGs
[2022-08-19 23:03:35,270] {logging_mixin.py:115} INFO - [2022-08-19 23:03:35,269] {dag.py:2972} INFO - Setting next_dagrun for example_branch_labels to 2022-08-18T00:00:00+00:00, run_after=2022-08-19T00:00:00+00:00
[2022-08-19 23:03:35,279] {processor.py:161} INFO - Processing /home/airflow/.local/lib/python3.7/site-packages/airflow/example_dags/example_branch_labels.py took 0.050 seconds
[2022-08-19 23:04:05,440] {processor.py:153} INFO - Started process (PID=1442) to work on /home/airflow/.local/lib/python3.7/site-packages/airflow/example_dags/example_branch_labels.py
[2022-08-19 23:04:05,441] {processor.py:641} INFO - Processing file /home/airflow/.local/lib/python3.7/site-packages/airflow/example_dags/example_branch_labels.py for tasks to queue
[2022-08-19 23:04:05,442] {logging_mixin.py:115} INFO - [2022-08-19 23:04:05,442] {dagbag.py:508} INFO - Filling up the DagBag from /home/airflow/.local/lib/python3.7/site-packages/airflow/example_dags/example_branch_labels.py
[2022-08-19 23:04:05,446] {processor.py:651} INFO - DAG(s) dict_keys(['example_branch_labels']) retrieved from /home/airflow/.local/lib/python3.7/site-packages/airflow/example_dags/example_branch_labels.py
[2022-08-19 23:04:05,464] {logging_mixin.py:115} INFO - [2022-08-19 23:04:05,464] {dag.py:2420} INFO - Sync 1 DAGs
[2022-08-19 23:04:05,477] {logging_mixin.py:115} INFO - [2022-08-19 23:04:05,477] {dag.py:2972} INFO - Setting next_dagrun for example_branch_labels to 2022-08-18T00:00:00+00:00, run_after=2022-08-19T00:00:00+00:00
[2022-08-19 23:04:05,487] {processor.py:161} INFO - Processing /home/airflow/.local/lib/python3.7/site-packages/airflow/example_dags/example_branch_labels.py took 0.049 seconds
[2022-08-19 23:04:36,052] {processor.py:153} INFO - Started process (PID=1510) to work on /home/airflow/.local/lib/python3.7/site-packages/airflow/example_dags/example_branch_labels.py
[2022-08-19 23:04:36,054] {processor.py:641} INFO - Processing file /home/airflow/.local/lib/python3.7/site-packages/airflow/example_dags/example_branch_labels.py for tasks to queue
[2022-08-19 23:04:36,055] {logging_mixin.py:115} INFO - [2022-08-19 23:04:36,055] {dagbag.py:508} INFO - Filling up the DagBag from /home/airflow/.local/lib/python3.7/site-packages/airflow/example_dags/example_branch_labels.py
[2022-08-19 23:04:36,060] {processor.py:651} INFO - DAG(s) dict_keys(['example_branch_labels']) retrieved from /home/airflow/.local/lib/python3.7/site-packages/airflow/example_dags/example_branch_labels.py
[2022-08-19 23:04:36,083] {logging_mixin.py:115} INFO - [2022-08-19 23:04:36,083] {dag.py:2420} INFO - Sync 1 DAGs
[2022-08-19 23:04:36,103] {logging_mixin.py:115} INFO - [2022-08-19 23:04:36,103] {dag.py:2972} INFO - Setting next_dagrun for example_branch_labels to 2022-08-18T00:00:00+00:00, run_after=2022-08-19T00:00:00+00:00
[2022-08-19 23:04:36,111] {processor.py:161} INFO - Processing /home/airflow/.local/lib/python3.7/site-packages/airflow/example_dags/example_branch_labels.py took 0.062 seconds
[2022-08-19 23:05:06,763] {processor.py:153} INFO - Started process (PID=1571) to work on /home/airflow/.local/lib/python3.7/site-packages/airflow/example_dags/example_branch_labels.py
[2022-08-19 23:05:06,764] {processor.py:641} INFO - Processing file /home/airflow/.local/lib/python3.7/site-packages/airflow/example_dags/example_branch_labels.py for tasks to queue
[2022-08-19 23:05:06,765] {logging_mixin.py:115} INFO - [2022-08-19 23:05:06,765] {dagbag.py:508} INFO - Filling up the DagBag from /home/airflow/.local/lib/python3.7/site-packages/airflow/example_dags/example_branch_labels.py
[2022-08-19 23:05:06,770] {processor.py:651} INFO - DAG(s) dict_keys(['example_branch_labels']) retrieved from /home/airflow/.local/lib/python3.7/site-packages/airflow/example_dags/example_branch_labels.py
[2022-08-19 23:05:06,789] {logging_mixin.py:115} INFO - [2022-08-19 23:05:06,789] {dag.py:2420} INFO - Sync 1 DAGs
[2022-08-19 23:05:06,803] {logging_mixin.py:115} INFO - [2022-08-19 23:05:06,803] {dag.py:2972} INFO - Setting next_dagrun for example_branch_labels to 2022-08-18T00:00:00+00:00, run_after=2022-08-19T00:00:00+00:00
[2022-08-19 23:05:06,810] {processor.py:161} INFO - Processing /home/airflow/.local/lib/python3.7/site-packages/airflow/example_dags/example_branch_labels.py took 0.049 seconds
[2022-08-19 23:05:37,315] {processor.py:153} INFO - Started process (PID=1641) to work on /home/airflow/.local/lib/python3.7/site-packages/airflow/example_dags/example_branch_labels.py
[2022-08-19 23:05:37,316] {processor.py:641} INFO - Processing file /home/airflow/.local/lib/python3.7/site-packages/airflow/example_dags/example_branch_labels.py for tasks to queue
[2022-08-19 23:05:37,317] {logging_mixin.py:115} INFO - [2022-08-19 23:05:37,317] {dagbag.py:508} INFO - Filling up the DagBag from /home/airflow/.local/lib/python3.7/site-packages/airflow/example_dags/example_branch_labels.py
[2022-08-19 23:05:37,322] {processor.py:651} INFO - DAG(s) dict_keys(['example_branch_labels']) retrieved from /home/airflow/.local/lib/python3.7/site-packages/airflow/example_dags/example_branch_labels.py
[2022-08-19 23:05:37,340] {logging_mixin.py:115} INFO - [2022-08-19 23:05:37,340] {dag.py:2420} INFO - Sync 1 DAGs
[2022-08-19 23:05:37,352] {logging_mixin.py:115} INFO - [2022-08-19 23:05:37,352] {dag.py:2972} INFO - Setting next_dagrun for example_branch_labels to 2022-08-18T00:00:00+00:00, run_after=2022-08-19T00:00:00+00:00
[2022-08-19 23:05:37,360] {processor.py:161} INFO - Processing /home/airflow/.local/lib/python3.7/site-packages/airflow/example_dags/example_branch_labels.py took 0.048 seconds
[2022-08-19 23:06:08,316] {processor.py:153} INFO - Started process (PID=1732) to work on /home/airflow/.local/lib/python3.7/site-packages/airflow/example_dags/example_branch_labels.py
[2022-08-19 23:06:08,320] {processor.py:641} INFO - Processing file /home/airflow/.local/lib/python3.7/site-packages/airflow/example_dags/example_branch_labels.py for tasks to queue
[2022-08-19 23:06:08,322] {logging_mixin.py:115} INFO - [2022-08-19 23:06:08,322] {dagbag.py:508} INFO - Filling up the DagBag from /home/airflow/.local/lib/python3.7/site-packages/airflow/example_dags/example_branch_labels.py
[2022-08-19 23:06:08,330] {processor.py:651} INFO - DAG(s) dict_keys(['example_branch_labels']) retrieved from /home/airflow/.local/lib/python3.7/site-packages/airflow/example_dags/example_branch_labels.py
[2022-08-19 23:06:08,370] {logging_mixin.py:115} INFO - [2022-08-19 23:06:08,370] {dag.py:2420} INFO - Sync 1 DAGs
[2022-08-19 23:06:08,408] {logging_mixin.py:115} INFO - [2022-08-19 23:06:08,408] {dag.py:2972} INFO - Setting next_dagrun for example_branch_labels to 2022-08-18T00:00:00+00:00, run_after=2022-08-19T00:00:00+00:00
[2022-08-19 23:06:08,418] {processor.py:161} INFO - Processing /home/airflow/.local/lib/python3.7/site-packages/airflow/example_dags/example_branch_labels.py took 0.104 seconds
[2022-08-19 23:06:38,754] {processor.py:153} INFO - Started process (PID=1857) to work on /home/airflow/.local/lib/python3.7/site-packages/airflow/example_dags/example_branch_labels.py
[2022-08-19 23:06:38,755] {processor.py:641} INFO - Processing file /home/airflow/.local/lib/python3.7/site-packages/airflow/example_dags/example_branch_labels.py for tasks to queue
[2022-08-19 23:06:38,757] {logging_mixin.py:115} INFO - [2022-08-19 23:06:38,757] {dagbag.py:508} INFO - Filling up the DagBag from /home/airflow/.local/lib/python3.7/site-packages/airflow/example_dags/example_branch_labels.py
[2022-08-19 23:06:38,768] {processor.py:651} INFO - DAG(s) dict_keys(['example_branch_labels']) retrieved from /home/airflow/.local/lib/python3.7/site-packages/airflow/example_dags/example_branch_labels.py
[2022-08-19 23:06:38,798] {logging_mixin.py:115} INFO - [2022-08-19 23:06:38,798] {dag.py:2420} INFO - Sync 1 DAGs
[2022-08-19 23:06:38,820] {logging_mixin.py:115} INFO - [2022-08-19 23:06:38,820] {dag.py:2972} INFO - Setting next_dagrun for example_branch_labels to 2022-08-18T00:00:00+00:00, run_after=2022-08-19T00:00:00+00:00
[2022-08-19 23:06:38,836] {processor.py:161} INFO - Processing /home/airflow/.local/lib/python3.7/site-packages/airflow/example_dags/example_branch_labels.py took 0.085 seconds
[2022-08-19 23:07:09,792] {processor.py:153} INFO - Started process (PID=1992) to work on /home/airflow/.local/lib/python3.7/site-packages/airflow/example_dags/example_branch_labels.py
[2022-08-19 23:07:09,793] {processor.py:641} INFO - Processing file /home/airflow/.local/lib/python3.7/site-packages/airflow/example_dags/example_branch_labels.py for tasks to queue
[2022-08-19 23:07:09,794] {logging_mixin.py:115} INFO - [2022-08-19 23:07:09,794] {dagbag.py:508} INFO - Filling up the DagBag from /home/airflow/.local/lib/python3.7/site-packages/airflow/example_dags/example_branch_labels.py
[2022-08-19 23:07:09,799] {processor.py:651} INFO - DAG(s) dict_keys(['example_branch_labels']) retrieved from /home/airflow/.local/lib/python3.7/site-packages/airflow/example_dags/example_branch_labels.py
[2022-08-19 23:07:09,817] {logging_mixin.py:115} INFO - [2022-08-19 23:07:09,817] {dag.py:2420} INFO - Sync 1 DAGs
[2022-08-19 23:07:09,833] {logging_mixin.py:115} INFO - [2022-08-19 23:07:09,833] {dag.py:2972} INFO - Setting next_dagrun for example_branch_labels to 2022-08-18T00:00:00+00:00, run_after=2022-08-19T00:00:00+00:00
[2022-08-19 23:07:09,852] {processor.py:161} INFO - Processing /home/airflow/.local/lib/python3.7/site-packages/airflow/example_dags/example_branch_labels.py took 0.063 seconds
[2022-08-19 23:07:40,222] {processor.py:153} INFO - Started process (PID=2119) to work on /home/airflow/.local/lib/python3.7/site-packages/airflow/example_dags/example_branch_labels.py
[2022-08-19 23:07:40,225] {processor.py:641} INFO - Processing file /home/airflow/.local/lib/python3.7/site-packages/airflow/example_dags/example_branch_labels.py for tasks to queue
[2022-08-19 23:07:40,226] {logging_mixin.py:115} INFO - [2022-08-19 23:07:40,226] {dagbag.py:508} INFO - Filling up the DagBag from /home/airflow/.local/lib/python3.7/site-packages/airflow/example_dags/example_branch_labels.py
[2022-08-19 23:07:40,233] {processor.py:651} INFO - DAG(s) dict_keys(['example_branch_labels']) retrieved from /home/airflow/.local/lib/python3.7/site-packages/airflow/example_dags/example_branch_labels.py
[2022-08-19 23:07:40,267] {logging_mixin.py:115} INFO - [2022-08-19 23:07:40,267] {dag.py:2420} INFO - Sync 1 DAGs
[2022-08-19 23:07:40,295] {logging_mixin.py:115} INFO - [2022-08-19 23:07:40,295] {dag.py:2972} INFO - Setting next_dagrun for example_branch_labels to 2022-08-18T00:00:00+00:00, run_after=2022-08-19T00:00:00+00:00
[2022-08-19 23:07:40,311] {processor.py:161} INFO - Processing /home/airflow/.local/lib/python3.7/site-packages/airflow/example_dags/example_branch_labels.py took 0.091 seconds
[2022-08-19 23:08:11,232] {processor.py:153} INFO - Started process (PID=2234) to work on /home/airflow/.local/lib/python3.7/site-packages/airflow/example_dags/example_branch_labels.py
[2022-08-19 23:08:11,233] {processor.py:641} INFO - Processing file /home/airflow/.local/lib/python3.7/site-packages/airflow/example_dags/example_branch_labels.py for tasks to queue
[2022-08-19 23:08:11,236] {logging_mixin.py:115} INFO - [2022-08-19 23:08:11,236] {dagbag.py:508} INFO - Filling up the DagBag from /home/airflow/.local/lib/python3.7/site-packages/airflow/example_dags/example_branch_labels.py
[2022-08-19 23:08:11,241] {processor.py:651} INFO - DAG(s) dict_keys(['example_branch_labels']) retrieved from /home/airflow/.local/lib/python3.7/site-packages/airflow/example_dags/example_branch_labels.py
[2022-08-19 23:08:11,261] {logging_mixin.py:115} INFO - [2022-08-19 23:08:11,261] {dag.py:2420} INFO - Sync 1 DAGs
[2022-08-19 23:08:11,275] {logging_mixin.py:115} INFO - [2022-08-19 23:08:11,275] {dag.py:2972} INFO - Setting next_dagrun for example_branch_labels to 2022-08-18T00:00:00+00:00, run_after=2022-08-19T00:00:00+00:00
[2022-08-19 23:08:11,284] {processor.py:161} INFO - Processing /home/airflow/.local/lib/python3.7/site-packages/airflow/example_dags/example_branch_labels.py took 0.055 seconds
[2022-08-19 23:08:41,547] {processor.py:153} INFO - Started process (PID=2352) to work on /home/airflow/.local/lib/python3.7/site-packages/airflow/example_dags/example_branch_labels.py
[2022-08-19 23:08:41,549] {processor.py:641} INFO - Processing file /home/airflow/.local/lib/python3.7/site-packages/airflow/example_dags/example_branch_labels.py for tasks to queue
[2022-08-19 23:08:41,551] {logging_mixin.py:115} INFO - [2022-08-19 23:08:41,551] {dagbag.py:508} INFO - Filling up the DagBag from /home/airflow/.local/lib/python3.7/site-packages/airflow/example_dags/example_branch_labels.py
[2022-08-19 23:08:41,559] {processor.py:651} INFO - DAG(s) dict_keys(['example_branch_labels']) retrieved from /home/airflow/.local/lib/python3.7/site-packages/airflow/example_dags/example_branch_labels.py
[2022-08-19 23:08:41,578] {logging_mixin.py:115} INFO - [2022-08-19 23:08:41,578] {dag.py:2420} INFO - Sync 1 DAGs
[2022-08-19 23:08:41,592] {logging_mixin.py:115} INFO - [2022-08-19 23:08:41,592] {dag.py:2972} INFO - Setting next_dagrun for example_branch_labels to 2022-08-18T00:00:00+00:00, run_after=2022-08-19T00:00:00+00:00
[2022-08-19 23:08:41,600] {processor.py:161} INFO - Processing /home/airflow/.local/lib/python3.7/site-packages/airflow/example_dags/example_branch_labels.py took 0.057 seconds
[2022-08-19 23:09:12,301] {processor.py:153} INFO - Started process (PID=2496) to work on /home/airflow/.local/lib/python3.7/site-packages/airflow/example_dags/example_branch_labels.py
[2022-08-19 23:09:12,304] {processor.py:641} INFO - Processing file /home/airflow/.local/lib/python3.7/site-packages/airflow/example_dags/example_branch_labels.py for tasks to queue
[2022-08-19 23:09:12,307] {logging_mixin.py:115} INFO - [2022-08-19 23:09:12,307] {dagbag.py:508} INFO - Filling up the DagBag from /home/airflow/.local/lib/python3.7/site-packages/airflow/example_dags/example_branch_labels.py
[2022-08-19 23:09:12,313] {processor.py:651} INFO - DAG(s) dict_keys(['example_branch_labels']) retrieved from /home/airflow/.local/lib/python3.7/site-packages/airflow/example_dags/example_branch_labels.py
[2022-08-19 23:09:12,350] {logging_mixin.py:115} INFO - [2022-08-19 23:09:12,350] {dag.py:2420} INFO - Sync 1 DAGs
[2022-08-19 23:09:12,371] {logging_mixin.py:115} INFO - [2022-08-19 23:09:12,371] {dag.py:2972} INFO - Setting next_dagrun for example_branch_labels to 2022-08-18T00:00:00+00:00, run_after=2022-08-19T00:00:00+00:00
[2022-08-19 23:09:12,384] {processor.py:161} INFO - Processing /home/airflow/.local/lib/python3.7/site-packages/airflow/example_dags/example_branch_labels.py took 0.085 seconds
[2022-08-19 23:09:42,633] {processor.py:153} INFO - Started process (PID=2612) to work on /home/airflow/.local/lib/python3.7/site-packages/airflow/example_dags/example_branch_labels.py
[2022-08-19 23:09:42,640] {processor.py:641} INFO - Processing file /home/airflow/.local/lib/python3.7/site-packages/airflow/example_dags/example_branch_labels.py for tasks to queue
[2022-08-19 23:09:42,642] {logging_mixin.py:115} INFO - [2022-08-19 23:09:42,642] {dagbag.py:508} INFO - Filling up the DagBag from /home/airflow/.local/lib/python3.7/site-packages/airflow/example_dags/example_branch_labels.py
[2022-08-19 23:09:42,650] {processor.py:651} INFO - DAG(s) dict_keys(['example_branch_labels']) retrieved from /home/airflow/.local/lib/python3.7/site-packages/airflow/example_dags/example_branch_labels.py
[2022-08-19 23:09:42,674] {logging_mixin.py:115} INFO - [2022-08-19 23:09:42,674] {dag.py:2420} INFO - Sync 1 DAGs
[2022-08-19 23:09:42,693] {logging_mixin.py:115} INFO - [2022-08-19 23:09:42,693] {dag.py:2972} INFO - Setting next_dagrun for example_branch_labels to 2022-08-18T00:00:00+00:00, run_after=2022-08-19T00:00:00+00:00
[2022-08-19 23:09:42,710] {processor.py:161} INFO - Processing /home/airflow/.local/lib/python3.7/site-packages/airflow/example_dags/example_branch_labels.py took 0.080 seconds
[2022-08-19 23:10:12,942] {processor.py:153} INFO - Started process (PID=2747) to work on /home/airflow/.local/lib/python3.7/site-packages/airflow/example_dags/example_branch_labels.py
[2022-08-19 23:10:12,944] {processor.py:641} INFO - Processing file /home/airflow/.local/lib/python3.7/site-packages/airflow/example_dags/example_branch_labels.py for tasks to queue
[2022-08-19 23:10:12,948] {logging_mixin.py:115} INFO - [2022-08-19 23:10:12,947] {dagbag.py:508} INFO - Filling up the DagBag from /home/airflow/.local/lib/python3.7/site-packages/airflow/example_dags/example_branch_labels.py
[2022-08-19 23:10:12,963] {processor.py:651} INFO - DAG(s) dict_keys(['example_branch_labels']) retrieved from /home/airflow/.local/lib/python3.7/site-packages/airflow/example_dags/example_branch_labels.py
[2022-08-19 23:10:13,002] {logging_mixin.py:115} INFO - [2022-08-19 23:10:13,001] {dag.py:2420} INFO - Sync 1 DAGs
[2022-08-19 23:10:13,035] {logging_mixin.py:115} INFO - [2022-08-19 23:10:13,035] {dag.py:2972} INFO - Setting next_dagrun for example_branch_labels to 2022-08-18T00:00:00+00:00, run_after=2022-08-19T00:00:00+00:00
[2022-08-19 23:10:13,056] {processor.py:161} INFO - Processing /home/airflow/.local/lib/python3.7/site-packages/airflow/example_dags/example_branch_labels.py took 0.129 seconds
[2022-08-19 23:10:43,511] {processor.py:153} INFO - Started process (PID=2879) to work on /home/airflow/.local/lib/python3.7/site-packages/airflow/example_dags/example_branch_labels.py
[2022-08-19 23:10:43,513] {processor.py:641} INFO - Processing file /home/airflow/.local/lib/python3.7/site-packages/airflow/example_dags/example_branch_labels.py for tasks to queue
[2022-08-19 23:10:43,515] {logging_mixin.py:115} INFO - [2022-08-19 23:10:43,515] {dagbag.py:508} INFO - Filling up the DagBag from /home/airflow/.local/lib/python3.7/site-packages/airflow/example_dags/example_branch_labels.py
[2022-08-19 23:10:43,521] {processor.py:651} INFO - DAG(s) dict_keys(['example_branch_labels']) retrieved from /home/airflow/.local/lib/python3.7/site-packages/airflow/example_dags/example_branch_labels.py
[2022-08-19 23:10:43,546] {logging_mixin.py:115} INFO - [2022-08-19 23:10:43,546] {dag.py:2420} INFO - Sync 1 DAGs
[2022-08-19 23:10:43,564] {logging_mixin.py:115} INFO - [2022-08-19 23:10:43,563] {dag.py:2972} INFO - Setting next_dagrun for example_branch_labels to 2022-08-18T00:00:00+00:00, run_after=2022-08-19T00:00:00+00:00
[2022-08-19 23:10:43,575] {processor.py:161} INFO - Processing /home/airflow/.local/lib/python3.7/site-packages/airflow/example_dags/example_branch_labels.py took 0.067 seconds
[2022-08-19 23:11:14,388] {processor.py:153} INFO - Started process (PID=2991) to work on /home/airflow/.local/lib/python3.7/site-packages/airflow/example_dags/example_branch_labels.py
[2022-08-19 23:11:14,390] {processor.py:641} INFO - Processing file /home/airflow/.local/lib/python3.7/site-packages/airflow/example_dags/example_branch_labels.py for tasks to queue
[2022-08-19 23:11:14,391] {logging_mixin.py:115} INFO - [2022-08-19 23:11:14,391] {dagbag.py:508} INFO - Filling up the DagBag from /home/airflow/.local/lib/python3.7/site-packages/airflow/example_dags/example_branch_labels.py
[2022-08-19 23:11:14,399] {processor.py:651} INFO - DAG(s) dict_keys(['example_branch_labels']) retrieved from /home/airflow/.local/lib/python3.7/site-packages/airflow/example_dags/example_branch_labels.py
[2022-08-19 23:11:14,418] {logging_mixin.py:115} INFO - [2022-08-19 23:11:14,418] {dag.py:2420} INFO - Sync 1 DAGs
[2022-08-19 23:11:14,432] {logging_mixin.py:115} INFO - [2022-08-19 23:11:14,432] {dag.py:2972} INFO - Setting next_dagrun for example_branch_labels to 2022-08-18T00:00:00+00:00, run_after=2022-08-19T00:00:00+00:00
[2022-08-19 23:11:14,439] {processor.py:161} INFO - Processing /home/airflow/.local/lib/python3.7/site-packages/airflow/example_dags/example_branch_labels.py took 0.053 seconds
[2022-08-19 23:11:44,761] {processor.py:153} INFO - Started process (PID=3115) to work on /home/airflow/.local/lib/python3.7/site-packages/airflow/example_dags/example_branch_labels.py
[2022-08-19 23:11:44,763] {processor.py:641} INFO - Processing file /home/airflow/.local/lib/python3.7/site-packages/airflow/example_dags/example_branch_labels.py for tasks to queue
[2022-08-19 23:11:44,765] {logging_mixin.py:115} INFO - [2022-08-19 23:11:44,765] {dagbag.py:508} INFO - Filling up the DagBag from /home/airflow/.local/lib/python3.7/site-packages/airflow/example_dags/example_branch_labels.py
[2022-08-19 23:11:44,775] {processor.py:651} INFO - DAG(s) dict_keys(['example_branch_labels']) retrieved from /home/airflow/.local/lib/python3.7/site-packages/airflow/example_dags/example_branch_labels.py
[2022-08-19 23:11:44,833] {logging_mixin.py:115} INFO - [2022-08-19 23:11:44,832] {dag.py:2420} INFO - Sync 1 DAGs
[2022-08-19 23:11:44,861] {logging_mixin.py:115} INFO - [2022-08-19 23:11:44,861] {dag.py:2972} INFO - Setting next_dagrun for example_branch_labels to 2022-08-18T00:00:00+00:00, run_after=2022-08-19T00:00:00+00:00
[2022-08-19 23:11:44,886] {processor.py:161} INFO - Processing /home/airflow/.local/lib/python3.7/site-packages/airflow/example_dags/example_branch_labels.py took 0.128 seconds
[2022-08-19 23:12:15,020] {processor.py:153} INFO - Started process (PID=3237) to work on /home/airflow/.local/lib/python3.7/site-packages/airflow/example_dags/example_branch_labels.py
[2022-08-19 23:12:15,023] {processor.py:641} INFO - Processing file /home/airflow/.local/lib/python3.7/site-packages/airflow/example_dags/example_branch_labels.py for tasks to queue
[2022-08-19 23:12:15,025] {logging_mixin.py:115} INFO - [2022-08-19 23:12:15,025] {dagbag.py:508} INFO - Filling up the DagBag from /home/airflow/.local/lib/python3.7/site-packages/airflow/example_dags/example_branch_labels.py
[2022-08-19 23:12:15,035] {processor.py:651} INFO - DAG(s) dict_keys(['example_branch_labels']) retrieved from /home/airflow/.local/lib/python3.7/site-packages/airflow/example_dags/example_branch_labels.py
[2022-08-19 23:12:15,058] {logging_mixin.py:115} INFO - [2022-08-19 23:12:15,058] {dag.py:2420} INFO - Sync 1 DAGs
[2022-08-19 23:12:15,071] {logging_mixin.py:115} INFO - [2022-08-19 23:12:15,071] {dag.py:2972} INFO - Setting next_dagrun for example_branch_labels to 2022-08-18T00:00:00+00:00, run_after=2022-08-19T00:00:00+00:00
[2022-08-19 23:12:15,079] {processor.py:161} INFO - Processing /home/airflow/.local/lib/python3.7/site-packages/airflow/example_dags/example_branch_labels.py took 0.063 seconds
[2022-08-19 23:12:45,500] {processor.py:153} INFO - Started process (PID=3371) to work on /home/airflow/.local/lib/python3.7/site-packages/airflow/example_dags/example_branch_labels.py
[2022-08-19 23:12:45,501] {processor.py:641} INFO - Processing file /home/airflow/.local/lib/python3.7/site-packages/airflow/example_dags/example_branch_labels.py for tasks to queue
[2022-08-19 23:12:45,504] {logging_mixin.py:115} INFO - [2022-08-19 23:12:45,504] {dagbag.py:508} INFO - Filling up the DagBag from /home/airflow/.local/lib/python3.7/site-packages/airflow/example_dags/example_branch_labels.py
[2022-08-19 23:12:45,512] {processor.py:651} INFO - DAG(s) dict_keys(['example_branch_labels']) retrieved from /home/airflow/.local/lib/python3.7/site-packages/airflow/example_dags/example_branch_labels.py
[2022-08-19 23:12:45,546] {logging_mixin.py:115} INFO - [2022-08-19 23:12:45,546] {dag.py:2420} INFO - Sync 1 DAGs
[2022-08-19 23:12:45,574] {logging_mixin.py:115} INFO - [2022-08-19 23:12:45,574] {dag.py:2972} INFO - Setting next_dagrun for example_branch_labels to 2022-08-18T00:00:00+00:00, run_after=2022-08-19T00:00:00+00:00
[2022-08-19 23:12:45,589] {processor.py:161} INFO - Processing /home/airflow/.local/lib/python3.7/site-packages/airflow/example_dags/example_branch_labels.py took 0.092 seconds
[2022-08-19 23:13:15,833] {processor.py:153} INFO - Started process (PID=3487) to work on /home/airflow/.local/lib/python3.7/site-packages/airflow/example_dags/example_branch_labels.py
[2022-08-19 23:13:15,835] {processor.py:641} INFO - Processing file /home/airflow/.local/lib/python3.7/site-packages/airflow/example_dags/example_branch_labels.py for tasks to queue
[2022-08-19 23:13:15,836] {logging_mixin.py:115} INFO - [2022-08-19 23:13:15,836] {dagbag.py:508} INFO - Filling up the DagBag from /home/airflow/.local/lib/python3.7/site-packages/airflow/example_dags/example_branch_labels.py
[2022-08-19 23:13:15,842] {processor.py:651} INFO - DAG(s) dict_keys(['example_branch_labels']) retrieved from /home/airflow/.local/lib/python3.7/site-packages/airflow/example_dags/example_branch_labels.py
[2022-08-19 23:13:15,866] {logging_mixin.py:115} INFO - [2022-08-19 23:13:15,866] {dag.py:2420} INFO - Sync 1 DAGs
[2022-08-19 23:13:15,880] {logging_mixin.py:115} INFO - [2022-08-19 23:13:15,880] {dag.py:2972} INFO - Setting next_dagrun for example_branch_labels to 2022-08-18T00:00:00+00:00, run_after=2022-08-19T00:00:00+00:00
[2022-08-19 23:13:15,889] {processor.py:161} INFO - Processing /home/airflow/.local/lib/python3.7/site-packages/airflow/example_dags/example_branch_labels.py took 0.058 seconds
[2022-08-19 23:13:46,152] {processor.py:153} INFO - Started process (PID=3607) to work on /home/airflow/.local/lib/python3.7/site-packages/airflow/example_dags/example_branch_labels.py
[2022-08-19 23:13:46,154] {processor.py:641} INFO - Processing file /home/airflow/.local/lib/python3.7/site-packages/airflow/example_dags/example_branch_labels.py for tasks to queue
[2022-08-19 23:13:46,156] {logging_mixin.py:115} INFO - [2022-08-19 23:13:46,156] {dagbag.py:508} INFO - Filling up the DagBag from /home/airflow/.local/lib/python3.7/site-packages/airflow/example_dags/example_branch_labels.py
[2022-08-19 23:13:46,165] {processor.py:651} INFO - DAG(s) dict_keys(['example_branch_labels']) retrieved from /home/airflow/.local/lib/python3.7/site-packages/airflow/example_dags/example_branch_labels.py
[2022-08-19 23:13:46,186] {logging_mixin.py:115} INFO - [2022-08-19 23:13:46,186] {dag.py:2420} INFO - Sync 1 DAGs
[2022-08-19 23:13:46,199] {logging_mixin.py:115} INFO - [2022-08-19 23:13:46,199] {dag.py:2972} INFO - Setting next_dagrun for example_branch_labels to 2022-08-18T00:00:00+00:00, run_after=2022-08-19T00:00:00+00:00
[2022-08-19 23:13:46,208] {processor.py:161} INFO - Processing /home/airflow/.local/lib/python3.7/site-packages/airflow/example_dags/example_branch_labels.py took 0.063 seconds
[2022-08-19 23:14:16,714] {processor.py:153} INFO - Started process (PID=3748) to work on /home/airflow/.local/lib/python3.7/site-packages/airflow/example_dags/example_branch_labels.py
[2022-08-19 23:14:16,718] {processor.py:641} INFO - Processing file /home/airflow/.local/lib/python3.7/site-packages/airflow/example_dags/example_branch_labels.py for tasks to queue
[2022-08-19 23:14:16,719] {logging_mixin.py:115} INFO - [2022-08-19 23:14:16,719] {dagbag.py:508} INFO - Filling up the DagBag from /home/airflow/.local/lib/python3.7/site-packages/airflow/example_dags/example_branch_labels.py
[2022-08-19 23:14:16,728] {processor.py:651} INFO - DAG(s) dict_keys(['example_branch_labels']) retrieved from /home/airflow/.local/lib/python3.7/site-packages/airflow/example_dags/example_branch_labels.py
[2022-08-19 23:14:16,749] {logging_mixin.py:115} INFO - [2022-08-19 23:14:16,748] {dag.py:2420} INFO - Sync 1 DAGs
[2022-08-19 23:14:16,768] {logging_mixin.py:115} INFO - [2022-08-19 23:14:16,768] {dag.py:2972} INFO - Setting next_dagrun for example_branch_labels to 2022-08-18T00:00:00+00:00, run_after=2022-08-19T00:00:00+00:00
[2022-08-19 23:14:16,776] {processor.py:161} INFO - Processing /home/airflow/.local/lib/python3.7/site-packages/airflow/example_dags/example_branch_labels.py took 0.065 seconds
[2022-08-19 23:14:47,288] {processor.py:153} INFO - Started process (PID=3897) to work on /home/airflow/.local/lib/python3.7/site-packages/airflow/example_dags/example_branch_labels.py
[2022-08-19 23:14:47,290] {processor.py:641} INFO - Processing file /home/airflow/.local/lib/python3.7/site-packages/airflow/example_dags/example_branch_labels.py for tasks to queue
[2022-08-19 23:14:47,290] {logging_mixin.py:115} INFO - [2022-08-19 23:14:47,290] {dagbag.py:508} INFO - Filling up the DagBag from /home/airflow/.local/lib/python3.7/site-packages/airflow/example_dags/example_branch_labels.py
[2022-08-19 23:14:47,299] {processor.py:651} INFO - DAG(s) dict_keys(['example_branch_labels']) retrieved from /home/airflow/.local/lib/python3.7/site-packages/airflow/example_dags/example_branch_labels.py
[2022-08-19 23:14:47,342] {logging_mixin.py:115} INFO - [2022-08-19 23:14:47,342] {dag.py:2420} INFO - Sync 1 DAGs
[2022-08-19 23:14:47,372] {logging_mixin.py:115} INFO - [2022-08-19 23:14:47,372] {dag.py:2972} INFO - Setting next_dagrun for example_branch_labels to 2022-08-18T00:00:00+00:00, run_after=2022-08-19T00:00:00+00:00
[2022-08-19 23:14:47,387] {processor.py:161} INFO - Processing /home/airflow/.local/lib/python3.7/site-packages/airflow/example_dags/example_branch_labels.py took 0.102 seconds
[2022-08-19 23:15:18,105] {processor.py:153} INFO - Started process (PID=4012) to work on /home/airflow/.local/lib/python3.7/site-packages/airflow/example_dags/example_branch_labels.py
[2022-08-19 23:15:18,106] {processor.py:641} INFO - Processing file /home/airflow/.local/lib/python3.7/site-packages/airflow/example_dags/example_branch_labels.py for tasks to queue
[2022-08-19 23:15:18,107] {logging_mixin.py:115} INFO - [2022-08-19 23:15:18,107] {dagbag.py:508} INFO - Filling up the DagBag from /home/airflow/.local/lib/python3.7/site-packages/airflow/example_dags/example_branch_labels.py
[2022-08-19 23:15:18,113] {processor.py:651} INFO - DAG(s) dict_keys(['example_branch_labels']) retrieved from /home/airflow/.local/lib/python3.7/site-packages/airflow/example_dags/example_branch_labels.py
[2022-08-19 23:15:18,133] {logging_mixin.py:115} INFO - [2022-08-19 23:15:18,133] {dag.py:2420} INFO - Sync 1 DAGs
[2022-08-19 23:15:18,146] {logging_mixin.py:115} INFO - [2022-08-19 23:15:18,146] {dag.py:2972} INFO - Setting next_dagrun for example_branch_labels to 2022-08-18T00:00:00+00:00, run_after=2022-08-19T00:00:00+00:00
[2022-08-19 23:15:18,153] {processor.py:161} INFO - Processing /home/airflow/.local/lib/python3.7/site-packages/airflow/example_dags/example_branch_labels.py took 0.052 seconds
[2022-08-19 23:15:48,633] {processor.py:153} INFO - Started process (PID=4139) to work on /home/airflow/.local/lib/python3.7/site-packages/airflow/example_dags/example_branch_labels.py
[2022-08-19 23:15:48,635] {processor.py:641} INFO - Processing file /home/airflow/.local/lib/python3.7/site-packages/airflow/example_dags/example_branch_labels.py for tasks to queue
[2022-08-19 23:15:48,636] {logging_mixin.py:115} INFO - [2022-08-19 23:15:48,636] {dagbag.py:508} INFO - Filling up the DagBag from /home/airflow/.local/lib/python3.7/site-packages/airflow/example_dags/example_branch_labels.py
[2022-08-19 23:15:48,642] {processor.py:651} INFO - DAG(s) dict_keys(['example_branch_labels']) retrieved from /home/airflow/.local/lib/python3.7/site-packages/airflow/example_dags/example_branch_labels.py
[2022-08-19 23:15:48,682] {logging_mixin.py:115} INFO - [2022-08-19 23:15:48,682] {dag.py:2420} INFO - Sync 1 DAGs
[2022-08-19 23:15:48,705] {logging_mixin.py:115} INFO - [2022-08-19 23:15:48,704] {dag.py:2972} INFO - Setting next_dagrun for example_branch_labels to 2022-08-18T00:00:00+00:00, run_after=2022-08-19T00:00:00+00:00
[2022-08-19 23:15:48,715] {processor.py:161} INFO - Processing /home/airflow/.local/lib/python3.7/site-packages/airflow/example_dags/example_branch_labels.py took 0.085 seconds
[2022-08-19 23:16:18,786] {processor.py:153} INFO - Started process (PID=4292) to work on /home/airflow/.local/lib/python3.7/site-packages/airflow/example_dags/example_branch_labels.py
[2022-08-19 23:16:18,788] {processor.py:641} INFO - Processing file /home/airflow/.local/lib/python3.7/site-packages/airflow/example_dags/example_branch_labels.py for tasks to queue
[2022-08-19 23:16:18,790] {logging_mixin.py:115} INFO - [2022-08-19 23:16:18,789] {dagbag.py:508} INFO - Filling up the DagBag from /home/airflow/.local/lib/python3.7/site-packages/airflow/example_dags/example_branch_labels.py
[2022-08-19 23:16:18,799] {processor.py:651} INFO - DAG(s) dict_keys(['example_branch_labels']) retrieved from /home/airflow/.local/lib/python3.7/site-packages/airflow/example_dags/example_branch_labels.py
[2022-08-19 23:16:18,827] {logging_mixin.py:115} INFO - [2022-08-19 23:16:18,827] {dag.py:2420} INFO - Sync 1 DAGs
[2022-08-19 23:16:18,846] {logging_mixin.py:115} INFO - [2022-08-19 23:16:18,845] {dag.py:2972} INFO - Setting next_dagrun for example_branch_labels to 2022-08-18T00:00:00+00:00, run_after=2022-08-19T00:00:00+00:00
[2022-08-19 23:16:18,861] {processor.py:161} INFO - Processing /home/airflow/.local/lib/python3.7/site-packages/airflow/example_dags/example_branch_labels.py took 0.078 seconds
[2022-08-19 23:16:48,915] {processor.py:153} INFO - Started process (PID=4411) to work on /home/airflow/.local/lib/python3.7/site-packages/airflow/example_dags/example_branch_labels.py
[2022-08-19 23:16:48,916] {processor.py:641} INFO - Processing file /home/airflow/.local/lib/python3.7/site-packages/airflow/example_dags/example_branch_labels.py for tasks to queue
[2022-08-19 23:16:48,917] {logging_mixin.py:115} INFO - [2022-08-19 23:16:48,917] {dagbag.py:508} INFO - Filling up the DagBag from /home/airflow/.local/lib/python3.7/site-packages/airflow/example_dags/example_branch_labels.py
[2022-08-19 23:16:48,922] {processor.py:651} INFO - DAG(s) dict_keys(['example_branch_labels']) retrieved from /home/airflow/.local/lib/python3.7/site-packages/airflow/example_dags/example_branch_labels.py
[2022-08-19 23:16:48,948] {logging_mixin.py:115} INFO - [2022-08-19 23:16:48,948] {dag.py:2420} INFO - Sync 1 DAGs
[2022-08-19 23:16:48,968] {logging_mixin.py:115} INFO - [2022-08-19 23:16:48,967] {dag.py:2972} INFO - Setting next_dagrun for example_branch_labels to 2022-08-18T00:00:00+00:00, run_after=2022-08-19T00:00:00+00:00
[2022-08-19 23:16:48,976] {processor.py:161} INFO - Processing /home/airflow/.local/lib/python3.7/site-packages/airflow/example_dags/example_branch_labels.py took 0.064 seconds
[2022-08-19 23:17:19,363] {processor.py:153} INFO - Started process (PID=4549) to work on /home/airflow/.local/lib/python3.7/site-packages/airflow/example_dags/example_branch_labels.py
[2022-08-19 23:17:19,366] {processor.py:641} INFO - Processing file /home/airflow/.local/lib/python3.7/site-packages/airflow/example_dags/example_branch_labels.py for tasks to queue
[2022-08-19 23:17:19,371] {logging_mixin.py:115} INFO - [2022-08-19 23:17:19,371] {dagbag.py:508} INFO - Filling up the DagBag from /home/airflow/.local/lib/python3.7/site-packages/airflow/example_dags/example_branch_labels.py
[2022-08-19 23:17:19,379] {processor.py:651} INFO - DAG(s) dict_keys(['example_branch_labels']) retrieved from /home/airflow/.local/lib/python3.7/site-packages/airflow/example_dags/example_branch_labels.py
[2022-08-19 23:17:19,424] {logging_mixin.py:115} INFO - [2022-08-19 23:17:19,424] {dag.py:2420} INFO - Sync 1 DAGs
[2022-08-19 23:17:19,445] {logging_mixin.py:115} INFO - [2022-08-19 23:17:19,445] {dag.py:2972} INFO - Setting next_dagrun for example_branch_labels to 2022-08-18T00:00:00+00:00, run_after=2022-08-19T00:00:00+00:00
[2022-08-19 23:17:19,457] {processor.py:161} INFO - Processing /home/airflow/.local/lib/python3.7/site-packages/airflow/example_dags/example_branch_labels.py took 0.099 seconds
[2022-08-19 23:17:49,831] {processor.py:153} INFO - Started process (PID=4672) to work on /home/airflow/.local/lib/python3.7/site-packages/airflow/example_dags/example_branch_labels.py
[2022-08-19 23:17:49,832] {processor.py:641} INFO - Processing file /home/airflow/.local/lib/python3.7/site-packages/airflow/example_dags/example_branch_labels.py for tasks to queue
[2022-08-19 23:17:49,833] {logging_mixin.py:115} INFO - [2022-08-19 23:17:49,833] {dagbag.py:508} INFO - Filling up the DagBag from /home/airflow/.local/lib/python3.7/site-packages/airflow/example_dags/example_branch_labels.py
[2022-08-19 23:17:49,838] {processor.py:651} INFO - DAG(s) dict_keys(['example_branch_labels']) retrieved from /home/airflow/.local/lib/python3.7/site-packages/airflow/example_dags/example_branch_labels.py
[2022-08-19 23:17:49,857] {logging_mixin.py:115} INFO - [2022-08-19 23:17:49,857] {dag.py:2420} INFO - Sync 1 DAGs
[2022-08-19 23:17:49,869] {logging_mixin.py:115} INFO - [2022-08-19 23:17:49,869] {dag.py:2972} INFO - Setting next_dagrun for example_branch_labels to 2022-08-18T00:00:00+00:00, run_after=2022-08-19T00:00:00+00:00
[2022-08-19 23:17:49,876] {processor.py:161} INFO - Processing /home/airflow/.local/lib/python3.7/site-packages/airflow/example_dags/example_branch_labels.py took 0.047 seconds
[2022-08-19 23:18:20,294] {processor.py:153} INFO - Started process (PID=4817) to work on /home/airflow/.local/lib/python3.7/site-packages/airflow/example_dags/example_branch_labels.py
[2022-08-19 23:18:20,296] {processor.py:641} INFO - Processing file /home/airflow/.local/lib/python3.7/site-packages/airflow/example_dags/example_branch_labels.py for tasks to queue
[2022-08-19 23:18:20,299] {logging_mixin.py:115} INFO - [2022-08-19 23:18:20,299] {dagbag.py:508} INFO - Filling up the DagBag from /home/airflow/.local/lib/python3.7/site-packages/airflow/example_dags/example_branch_labels.py
[2022-08-19 23:18:20,315] {processor.py:651} INFO - DAG(s) dict_keys(['example_branch_labels']) retrieved from /home/airflow/.local/lib/python3.7/site-packages/airflow/example_dags/example_branch_labels.py
[2022-08-19 23:18:20,362] {logging_mixin.py:115} INFO - [2022-08-19 23:18:20,362] {dag.py:2420} INFO - Sync 1 DAGs
[2022-08-19 23:18:20,393] {logging_mixin.py:115} INFO - [2022-08-19 23:18:20,393] {dag.py:2972} INFO - Setting next_dagrun for example_branch_labels to 2022-08-18T00:00:00+00:00, run_after=2022-08-19T00:00:00+00:00
[2022-08-19 23:18:20,409] {processor.py:161} INFO - Processing /home/airflow/.local/lib/python3.7/site-packages/airflow/example_dags/example_branch_labels.py took 0.123 seconds
[2022-08-19 23:18:51,225] {processor.py:153} INFO - Started process (PID=4950) to work on /home/airflow/.local/lib/python3.7/site-packages/airflow/example_dags/example_branch_labels.py
[2022-08-19 23:18:51,228] {processor.py:641} INFO - Processing file /home/airflow/.local/lib/python3.7/site-packages/airflow/example_dags/example_branch_labels.py for tasks to queue
[2022-08-19 23:18:51,232] {logging_mixin.py:115} INFO - [2022-08-19 23:18:51,232] {dagbag.py:508} INFO - Filling up the DagBag from /home/airflow/.local/lib/python3.7/site-packages/airflow/example_dags/example_branch_labels.py
[2022-08-19 23:18:51,242] {processor.py:651} INFO - DAG(s) dict_keys(['example_branch_labels']) retrieved from /home/airflow/.local/lib/python3.7/site-packages/airflow/example_dags/example_branch_labels.py
[2022-08-19 23:18:51,277] {logging_mixin.py:115} INFO - [2022-08-19 23:18:51,277] {dag.py:2420} INFO - Sync 1 DAGs
[2022-08-19 23:18:51,297] {logging_mixin.py:115} INFO - [2022-08-19 23:18:51,297] {dag.py:2972} INFO - Setting next_dagrun for example_branch_labels to 2022-08-18T00:00:00+00:00, run_after=2022-08-19T00:00:00+00:00
[2022-08-19 23:18:51,309] {processor.py:161} INFO - Processing /home/airflow/.local/lib/python3.7/site-packages/airflow/example_dags/example_branch_labels.py took 0.087 seconds
[2022-08-19 23:19:21,557] {processor.py:153} INFO - Started process (PID=5078) to work on /home/airflow/.local/lib/python3.7/site-packages/airflow/example_dags/example_branch_labels.py
[2022-08-19 23:19:21,558] {processor.py:641} INFO - Processing file /home/airflow/.local/lib/python3.7/site-packages/airflow/example_dags/example_branch_labels.py for tasks to queue
[2022-08-19 23:19:21,559] {logging_mixin.py:115} INFO - [2022-08-19 23:19:21,559] {dagbag.py:508} INFO - Filling up the DagBag from /home/airflow/.local/lib/python3.7/site-packages/airflow/example_dags/example_branch_labels.py
[2022-08-19 23:19:21,566] {processor.py:651} INFO - DAG(s) dict_keys(['example_branch_labels']) retrieved from /home/airflow/.local/lib/python3.7/site-packages/airflow/example_dags/example_branch_labels.py
[2022-08-19 23:19:21,593] {logging_mixin.py:115} INFO - [2022-08-19 23:19:21,593] {dag.py:2420} INFO - Sync 1 DAGs
[2022-08-19 23:19:21,608] {logging_mixin.py:115} INFO - [2022-08-19 23:19:21,608] {dag.py:2972} INFO - Setting next_dagrun for example_branch_labels to 2022-08-18T00:00:00+00:00, run_after=2022-08-19T00:00:00+00:00
[2022-08-19 23:19:21,619] {processor.py:161} INFO - Processing /home/airflow/.local/lib/python3.7/site-packages/airflow/example_dags/example_branch_labels.py took 0.065 seconds
[2022-08-19 23:19:51,942] {processor.py:153} INFO - Started process (PID=5218) to work on /home/airflow/.local/lib/python3.7/site-packages/airflow/example_dags/example_branch_labels.py
[2022-08-19 23:19:51,943] {processor.py:641} INFO - Processing file /home/airflow/.local/lib/python3.7/site-packages/airflow/example_dags/example_branch_labels.py for tasks to queue
[2022-08-19 23:19:51,944] {logging_mixin.py:115} INFO - [2022-08-19 23:19:51,944] {dagbag.py:508} INFO - Filling up the DagBag from /home/airflow/.local/lib/python3.7/site-packages/airflow/example_dags/example_branch_labels.py
[2022-08-19 23:19:51,949] {processor.py:651} INFO - DAG(s) dict_keys(['example_branch_labels']) retrieved from /home/airflow/.local/lib/python3.7/site-packages/airflow/example_dags/example_branch_labels.py
[2022-08-19 23:19:51,974] {logging_mixin.py:115} INFO - [2022-08-19 23:19:51,974] {dag.py:2420} INFO - Sync 1 DAGs
[2022-08-19 23:19:51,993] {logging_mixin.py:115} INFO - [2022-08-19 23:19:51,993] {dag.py:2972} INFO - Setting next_dagrun for example_branch_labels to 2022-08-18T00:00:00+00:00, run_after=2022-08-19T00:00:00+00:00
[2022-08-19 23:19:52,003] {processor.py:161} INFO - Processing /home/airflow/.local/lib/python3.7/site-packages/airflow/example_dags/example_branch_labels.py took 0.063 seconds
[2022-08-19 23:20:22,762] {processor.py:153} INFO - Started process (PID=5340) to work on /home/airflow/.local/lib/python3.7/site-packages/airflow/example_dags/example_branch_labels.py
[2022-08-19 23:20:22,764] {processor.py:641} INFO - Processing file /home/airflow/.local/lib/python3.7/site-packages/airflow/example_dags/example_branch_labels.py for tasks to queue
[2022-08-19 23:20:22,766] {logging_mixin.py:115} INFO - [2022-08-19 23:20:22,766] {dagbag.py:508} INFO - Filling up the DagBag from /home/airflow/.local/lib/python3.7/site-packages/airflow/example_dags/example_branch_labels.py
[2022-08-19 23:20:22,773] {processor.py:651} INFO - DAG(s) dict_keys(['example_branch_labels']) retrieved from /home/airflow/.local/lib/python3.7/site-packages/airflow/example_dags/example_branch_labels.py
[2022-08-19 23:20:22,797] {logging_mixin.py:115} INFO - [2022-08-19 23:20:22,797] {dag.py:2420} INFO - Sync 1 DAGs
[2022-08-19 23:20:22,815] {logging_mixin.py:115} INFO - [2022-08-19 23:20:22,815] {dag.py:2972} INFO - Setting next_dagrun for example_branch_labels to 2022-08-18T00:00:00+00:00, run_after=2022-08-19T00:00:00+00:00
[2022-08-19 23:20:22,828] {processor.py:161} INFO - Processing /home/airflow/.local/lib/python3.7/site-packages/airflow/example_dags/example_branch_labels.py took 0.069 seconds
[2022-08-19 23:20:53,268] {processor.py:153} INFO - Started process (PID=5465) to work on /home/airflow/.local/lib/python3.7/site-packages/airflow/example_dags/example_branch_labels.py
[2022-08-19 23:20:53,270] {processor.py:641} INFO - Processing file /home/airflow/.local/lib/python3.7/site-packages/airflow/example_dags/example_branch_labels.py for tasks to queue
[2022-08-19 23:20:53,277] {logging_mixin.py:115} INFO - [2022-08-19 23:20:53,277] {dagbag.py:508} INFO - Filling up the DagBag from /home/airflow/.local/lib/python3.7/site-packages/airflow/example_dags/example_branch_labels.py
[2022-08-19 23:20:53,296] {processor.py:651} INFO - DAG(s) dict_keys(['example_branch_labels']) retrieved from /home/airflow/.local/lib/python3.7/site-packages/airflow/example_dags/example_branch_labels.py
[2022-08-19 23:20:53,358] {logging_mixin.py:115} INFO - [2022-08-19 23:20:53,358] {dag.py:2420} INFO - Sync 1 DAGs
[2022-08-19 23:20:53,397] {logging_mixin.py:115} INFO - [2022-08-19 23:20:53,397] {dag.py:2972} INFO - Setting next_dagrun for example_branch_labels to 2022-08-18T00:00:00+00:00, run_after=2022-08-19T00:00:00+00:00
[2022-08-19 23:20:53,419] {processor.py:161} INFO - Processing /home/airflow/.local/lib/python3.7/site-packages/airflow/example_dags/example_branch_labels.py took 0.154 seconds
[2022-08-19 23:21:23,747] {processor.py:153} INFO - Started process (PID=5582) to work on /home/airflow/.local/lib/python3.7/site-packages/airflow/example_dags/example_branch_labels.py
[2022-08-19 23:21:23,748] {processor.py:641} INFO - Processing file /home/airflow/.local/lib/python3.7/site-packages/airflow/example_dags/example_branch_labels.py for tasks to queue
[2022-08-19 23:21:23,749] {logging_mixin.py:115} INFO - [2022-08-19 23:21:23,749] {dagbag.py:508} INFO - Filling up the DagBag from /home/airflow/.local/lib/python3.7/site-packages/airflow/example_dags/example_branch_labels.py
[2022-08-19 23:21:23,754] {processor.py:651} INFO - DAG(s) dict_keys(['example_branch_labels']) retrieved from /home/airflow/.local/lib/python3.7/site-packages/airflow/example_dags/example_branch_labels.py
[2022-08-19 23:21:23,785] {logging_mixin.py:115} INFO - [2022-08-19 23:21:23,785] {dag.py:2420} INFO - Sync 1 DAGs
[2022-08-19 23:21:23,811] {logging_mixin.py:115} INFO - [2022-08-19 23:21:23,811] {dag.py:2972} INFO - Setting next_dagrun for example_branch_labels to 2022-08-18T00:00:00+00:00, run_after=2022-08-19T00:00:00+00:00
[2022-08-19 23:21:23,835] {processor.py:161} INFO - Processing /home/airflow/.local/lib/python3.7/site-packages/airflow/example_dags/example_branch_labels.py took 0.091 seconds
[2022-08-19 23:21:54,283] {processor.py:153} INFO - Started process (PID=5694) to work on /home/airflow/.local/lib/python3.7/site-packages/airflow/example_dags/example_branch_labels.py
[2022-08-19 23:21:54,284] {processor.py:641} INFO - Processing file /home/airflow/.local/lib/python3.7/site-packages/airflow/example_dags/example_branch_labels.py for tasks to queue
[2022-08-19 23:21:54,285] {logging_mixin.py:115} INFO - [2022-08-19 23:21:54,285] {dagbag.py:508} INFO - Filling up the DagBag from /home/airflow/.local/lib/python3.7/site-packages/airflow/example_dags/example_branch_labels.py
[2022-08-19 23:21:54,290] {processor.py:651} INFO - DAG(s) dict_keys(['example_branch_labels']) retrieved from /home/airflow/.local/lib/python3.7/site-packages/airflow/example_dags/example_branch_labels.py
[2022-08-19 23:21:54,308] {logging_mixin.py:115} INFO - [2022-08-19 23:21:54,308] {dag.py:2420} INFO - Sync 1 DAGs
[2022-08-19 23:21:54,320] {logging_mixin.py:115} INFO - [2022-08-19 23:21:54,320] {dag.py:2972} INFO - Setting next_dagrun for example_branch_labels to 2022-08-18T00:00:00+00:00, run_after=2022-08-19T00:00:00+00:00
[2022-08-19 23:21:54,326] {processor.py:161} INFO - Processing /home/airflow/.local/lib/python3.7/site-packages/airflow/example_dags/example_branch_labels.py took 0.045 seconds
[2022-08-19 23:22:24,778] {processor.py:153} INFO - Started process (PID=5765) to work on /home/airflow/.local/lib/python3.7/site-packages/airflow/example_dags/example_branch_labels.py
[2022-08-19 23:22:24,779] {processor.py:641} INFO - Processing file /home/airflow/.local/lib/python3.7/site-packages/airflow/example_dags/example_branch_labels.py for tasks to queue
[2022-08-19 23:22:24,780] {logging_mixin.py:115} INFO - [2022-08-19 23:22:24,780] {dagbag.py:508} INFO - Filling up the DagBag from /home/airflow/.local/lib/python3.7/site-packages/airflow/example_dags/example_branch_labels.py
[2022-08-19 23:22:24,784] {processor.py:651} INFO - DAG(s) dict_keys(['example_branch_labels']) retrieved from /home/airflow/.local/lib/python3.7/site-packages/airflow/example_dags/example_branch_labels.py
[2022-08-19 23:22:24,803] {logging_mixin.py:115} INFO - [2022-08-19 23:22:24,803] {dag.py:2420} INFO - Sync 1 DAGs
[2022-08-19 23:22:24,816] {logging_mixin.py:115} INFO - [2022-08-19 23:22:24,816] {dag.py:2972} INFO - Setting next_dagrun for example_branch_labels to 2022-08-18T00:00:00+00:00, run_after=2022-08-19T00:00:00+00:00
[2022-08-19 23:22:24,822] {processor.py:161} INFO - Processing /home/airflow/.local/lib/python3.7/site-packages/airflow/example_dags/example_branch_labels.py took 0.047 seconds
[2022-08-19 23:22:55,308] {processor.py:153} INFO - Started process (PID=5837) to work on /home/airflow/.local/lib/python3.7/site-packages/airflow/example_dags/example_branch_labels.py
[2022-08-19 23:22:55,309] {processor.py:641} INFO - Processing file /home/airflow/.local/lib/python3.7/site-packages/airflow/example_dags/example_branch_labels.py for tasks to queue
[2022-08-19 23:22:55,310] {logging_mixin.py:115} INFO - [2022-08-19 23:22:55,310] {dagbag.py:508} INFO - Filling up the DagBag from /home/airflow/.local/lib/python3.7/site-packages/airflow/example_dags/example_branch_labels.py
[2022-08-19 23:22:55,315] {processor.py:651} INFO - DAG(s) dict_keys(['example_branch_labels']) retrieved from /home/airflow/.local/lib/python3.7/site-packages/airflow/example_dags/example_branch_labels.py
[2022-08-19 23:22:55,332] {logging_mixin.py:115} INFO - [2022-08-19 23:22:55,332] {dag.py:2420} INFO - Sync 1 DAGs
[2022-08-19 23:22:55,345] {logging_mixin.py:115} INFO - [2022-08-19 23:22:55,345] {dag.py:2972} INFO - Setting next_dagrun for example_branch_labels to 2022-08-18T00:00:00+00:00, run_after=2022-08-19T00:00:00+00:00
[2022-08-19 23:22:55,352] {processor.py:161} INFO - Processing /home/airflow/.local/lib/python3.7/site-packages/airflow/example_dags/example_branch_labels.py took 0.047 seconds
[2022-08-19 23:23:25,987] {processor.py:153} INFO - Started process (PID=5905) to work on /home/airflow/.local/lib/python3.7/site-packages/airflow/example_dags/example_branch_labels.py
[2022-08-19 23:23:25,989] {processor.py:641} INFO - Processing file /home/airflow/.local/lib/python3.7/site-packages/airflow/example_dags/example_branch_labels.py for tasks to queue
[2022-08-19 23:23:25,989] {logging_mixin.py:115} INFO - [2022-08-19 23:23:25,989] {dagbag.py:508} INFO - Filling up the DagBag from /home/airflow/.local/lib/python3.7/site-packages/airflow/example_dags/example_branch_labels.py
[2022-08-19 23:23:25,994] {processor.py:651} INFO - DAG(s) dict_keys(['example_branch_labels']) retrieved from /home/airflow/.local/lib/python3.7/site-packages/airflow/example_dags/example_branch_labels.py
[2022-08-19 23:23:26,014] {logging_mixin.py:115} INFO - [2022-08-19 23:23:26,014] {dag.py:2420} INFO - Sync 1 DAGs
[2022-08-19 23:23:26,037] {logging_mixin.py:115} INFO - [2022-08-19 23:23:26,037] {dag.py:2972} INFO - Setting next_dagrun for example_branch_labels to 2022-08-18T00:00:00+00:00, run_after=2022-08-19T00:00:00+00:00
[2022-08-19 23:23:26,045] {processor.py:161} INFO - Processing /home/airflow/.local/lib/python3.7/site-packages/airflow/example_dags/example_branch_labels.py took 0.060 seconds
[2022-08-19 23:23:56,425] {processor.py:153} INFO - Started process (PID=5962) to work on /home/airflow/.local/lib/python3.7/site-packages/airflow/example_dags/example_branch_labels.py
[2022-08-19 23:23:56,426] {processor.py:641} INFO - Processing file /home/airflow/.local/lib/python3.7/site-packages/airflow/example_dags/example_branch_labels.py for tasks to queue
[2022-08-19 23:23:56,427] {logging_mixin.py:115} INFO - [2022-08-19 23:23:56,427] {dagbag.py:508} INFO - Filling up the DagBag from /home/airflow/.local/lib/python3.7/site-packages/airflow/example_dags/example_branch_labels.py
[2022-08-19 23:23:56,432] {processor.py:651} INFO - DAG(s) dict_keys(['example_branch_labels']) retrieved from /home/airflow/.local/lib/python3.7/site-packages/airflow/example_dags/example_branch_labels.py
[2022-08-19 23:23:56,450] {logging_mixin.py:115} INFO - [2022-08-19 23:23:56,450] {dag.py:2420} INFO - Sync 1 DAGs
[2022-08-19 23:23:56,465] {logging_mixin.py:115} INFO - [2022-08-19 23:23:56,465] {dag.py:2972} INFO - Setting next_dagrun for example_branch_labels to 2022-08-18T00:00:00+00:00, run_after=2022-08-19T00:00:00+00:00
[2022-08-19 23:23:56,472] {processor.py:161} INFO - Processing /home/airflow/.local/lib/python3.7/site-packages/airflow/example_dags/example_branch_labels.py took 0.049 seconds
[2022-08-19 23:24:26,743] {processor.py:153} INFO - Started process (PID=6029) to work on /home/airflow/.local/lib/python3.7/site-packages/airflow/example_dags/example_branch_labels.py
[2022-08-19 23:24:26,745] {processor.py:641} INFO - Processing file /home/airflow/.local/lib/python3.7/site-packages/airflow/example_dags/example_branch_labels.py for tasks to queue
[2022-08-19 23:24:26,746] {logging_mixin.py:115} INFO - [2022-08-19 23:24:26,745] {dagbag.py:508} INFO - Filling up the DagBag from /home/airflow/.local/lib/python3.7/site-packages/airflow/example_dags/example_branch_labels.py
[2022-08-19 23:24:26,750] {processor.py:651} INFO - DAG(s) dict_keys(['example_branch_labels']) retrieved from /home/airflow/.local/lib/python3.7/site-packages/airflow/example_dags/example_branch_labels.py
[2022-08-19 23:24:26,771] {logging_mixin.py:115} INFO - [2022-08-19 23:24:26,771] {dag.py:2420} INFO - Sync 1 DAGs
[2022-08-19 23:24:26,784] {logging_mixin.py:115} INFO - [2022-08-19 23:24:26,784] {dag.py:2972} INFO - Setting next_dagrun for example_branch_labels to 2022-08-18T00:00:00+00:00, run_after=2022-08-19T00:00:00+00:00
[2022-08-19 23:24:26,791] {processor.py:161} INFO - Processing /home/airflow/.local/lib/python3.7/site-packages/airflow/example_dags/example_branch_labels.py took 0.050 seconds
[2022-08-19 23:24:57,242] {processor.py:153} INFO - Started process (PID=6098) to work on /home/airflow/.local/lib/python3.7/site-packages/airflow/example_dags/example_branch_labels.py
[2022-08-19 23:24:57,243] {processor.py:641} INFO - Processing file /home/airflow/.local/lib/python3.7/site-packages/airflow/example_dags/example_branch_labels.py for tasks to queue
[2022-08-19 23:24:57,244] {logging_mixin.py:115} INFO - [2022-08-19 23:24:57,244] {dagbag.py:508} INFO - Filling up the DagBag from /home/airflow/.local/lib/python3.7/site-packages/airflow/example_dags/example_branch_labels.py
[2022-08-19 23:24:57,248] {processor.py:651} INFO - DAG(s) dict_keys(['example_branch_labels']) retrieved from /home/airflow/.local/lib/python3.7/site-packages/airflow/example_dags/example_branch_labels.py
[2022-08-19 23:24:57,265] {logging_mixin.py:115} INFO - [2022-08-19 23:24:57,265] {dag.py:2420} INFO - Sync 1 DAGs
[2022-08-19 23:24:57,277] {logging_mixin.py:115} INFO - [2022-08-19 23:24:57,277] {dag.py:2972} INFO - Setting next_dagrun for example_branch_labels to 2022-08-18T00:00:00+00:00, run_after=2022-08-19T00:00:00+00:00
[2022-08-19 23:24:57,284] {processor.py:161} INFO - Processing /home/airflow/.local/lib/python3.7/site-packages/airflow/example_dags/example_branch_labels.py took 0.044 seconds
