[2022-08-19 22:31:46,158] {processor.py:153} INFO - Started process (PID=61) to work on /home/airflow/.local/lib/python3.7/site-packages/airflow/example_dags/example_sla_dag.py
[2022-08-19 22:31:46,160] {processor.py:641} INFO - Processing file /home/airflow/.local/lib/python3.7/site-packages/airflow/example_dags/example_sla_dag.py for tasks to queue
[2022-08-19 22:31:46,161] {logging_mixin.py:115} INFO - [2022-08-19 22:31:46,161] {dagbag.py:508} INFO - Filling up the DagBag from /home/airflow/.local/lib/python3.7/site-packages/airflow/example_dags/example_sla_dag.py
[2022-08-19 22:31:46,182] {processor.py:651} INFO - DAG(s) dict_keys(['example_sla_dag']) retrieved from /home/airflow/.local/lib/python3.7/site-packages/airflow/example_dags/example_sla_dag.py
[2022-08-19 22:31:46,282] {logging_mixin.py:115} INFO - [2022-08-19 22:31:46,282] {manager.py:508} INFO - Created Permission View: can delete on DAG:example_sla_dag
[2022-08-19 22:31:46,292] {logging_mixin.py:115} INFO - [2022-08-19 22:31:46,292] {manager.py:508} INFO - Created Permission View: can read on DAG:example_sla_dag
[2022-08-19 22:31:46,301] {logging_mixin.py:115} INFO - [2022-08-19 22:31:46,301] {manager.py:508} INFO - Created Permission View: can edit on DAG:example_sla_dag
[2022-08-19 22:31:46,303] {logging_mixin.py:115} INFO - [2022-08-19 22:31:46,302] {dag.py:2420} INFO - Sync 1 DAGs
[2022-08-19 22:31:46,312] {logging_mixin.py:115} INFO - [2022-08-19 22:31:46,312] {dag.py:2439} INFO - Creating ORM DAG for example_sla_dag
[2022-08-19 22:31:46,324] {logging_mixin.py:115} INFO - [2022-08-19 22:31:46,324] {dag.py:2972} INFO - Setting next_dagrun for example_sla_dag to 2022-08-19T22:28:00+00:00, run_after=2022-08-19T22:30:00+00:00
[2022-08-19 22:31:46,338] {processor.py:161} INFO - Processing /home/airflow/.local/lib/python3.7/site-packages/airflow/example_dags/example_sla_dag.py took 0.183 seconds
[2022-08-19 22:32:16,949] {processor.py:153} INFO - Started process (PID=124) to work on /home/airflow/.local/lib/python3.7/site-packages/airflow/example_dags/example_sla_dag.py
[2022-08-19 22:32:16,969] {processor.py:641} INFO - Processing file /home/airflow/.local/lib/python3.7/site-packages/airflow/example_dags/example_sla_dag.py for tasks to queue
[2022-08-19 22:32:16,970] {logging_mixin.py:115} INFO - [2022-08-19 22:32:16,970] {dagbag.py:508} INFO - Filling up the DagBag from /home/airflow/.local/lib/python3.7/site-packages/airflow/example_dags/example_sla_dag.py
[2022-08-19 22:32:16,982] {processor.py:651} INFO - DAG(s) dict_keys(['example_sla_dag']) retrieved from /home/airflow/.local/lib/python3.7/site-packages/airflow/example_dags/example_sla_dag.py
[2022-08-19 22:32:16,997] {logging_mixin.py:115} INFO - [2022-08-19 22:32:16,997] {dag.py:2420} INFO - Sync 1 DAGs
[2022-08-19 22:32:17,011] {logging_mixin.py:115} INFO - [2022-08-19 22:32:17,011] {dag.py:2972} INFO - Setting next_dagrun for example_sla_dag to 2022-08-19T22:30:00+00:00, run_after=2022-08-19T22:32:00+00:00
[2022-08-19 22:32:17,017] {processor.py:161} INFO - Processing /home/airflow/.local/lib/python3.7/site-packages/airflow/example_dags/example_sla_dag.py took 0.070 seconds
[2022-08-19 22:53:25,643] {processor.py:153} INFO - Started process (PID=61) to work on /home/airflow/.local/lib/python3.7/site-packages/airflow/example_dags/example_sla_dag.py
[2022-08-19 22:53:25,644] {processor.py:641} INFO - Processing file /home/airflow/.local/lib/python3.7/site-packages/airflow/example_dags/example_sla_dag.py for tasks to queue
[2022-08-19 22:53:25,645] {logging_mixin.py:115} INFO - [2022-08-19 22:53:25,645] {dagbag.py:508} INFO - Filling up the DagBag from /home/airflow/.local/lib/python3.7/site-packages/airflow/example_dags/example_sla_dag.py
[2022-08-19 22:53:25,660] {processor.py:651} INFO - DAG(s) dict_keys(['example_sla_dag']) retrieved from /home/airflow/.local/lib/python3.7/site-packages/airflow/example_dags/example_sla_dag.py
[2022-08-19 22:53:25,721] {logging_mixin.py:115} INFO - [2022-08-19 22:53:25,721] {manager.py:508} INFO - Created Permission View: can read on DAG:example_sla_dag
[2022-08-19 22:53:25,735] {logging_mixin.py:115} INFO - [2022-08-19 22:53:25,735] {manager.py:508} INFO - Created Permission View: can delete on DAG:example_sla_dag
[2022-08-19 22:53:25,746] {logging_mixin.py:115} INFO - [2022-08-19 22:53:25,746] {manager.py:508} INFO - Created Permission View: can edit on DAG:example_sla_dag
[2022-08-19 22:53:25,748] {logging_mixin.py:115} INFO - [2022-08-19 22:53:25,748] {dag.py:2420} INFO - Sync 1 DAGs
[2022-08-19 22:53:25,761] {logging_mixin.py:115} INFO - [2022-08-19 22:53:25,761] {dag.py:2439} INFO - Creating ORM DAG for example_sla_dag
[2022-08-19 22:53:25,777] {logging_mixin.py:115} INFO - [2022-08-19 22:53:25,777] {dag.py:2972} INFO - Setting next_dagrun for example_sla_dag to 2022-08-19T22:50:00+00:00, run_after=2022-08-19T22:52:00+00:00
[2022-08-19 22:53:25,788] {processor.py:161} INFO - Processing /home/airflow/.local/lib/python3.7/site-packages/airflow/example_dags/example_sla_dag.py took 0.147 seconds
[2022-08-19 22:53:56,491] {processor.py:153} INFO - Started process (PID=139) to work on /home/airflow/.local/lib/python3.7/site-packages/airflow/example_dags/example_sla_dag.py
[2022-08-19 22:53:56,493] {processor.py:641} INFO - Processing file /home/airflow/.local/lib/python3.7/site-packages/airflow/example_dags/example_sla_dag.py for tasks to queue
[2022-08-19 22:53:56,494] {logging_mixin.py:115} INFO - [2022-08-19 22:53:56,494] {dagbag.py:508} INFO - Filling up the DagBag from /home/airflow/.local/lib/python3.7/site-packages/airflow/example_dags/example_sla_dag.py
[2022-08-19 22:53:56,507] {processor.py:651} INFO - DAG(s) dict_keys(['example_sla_dag']) retrieved from /home/airflow/.local/lib/python3.7/site-packages/airflow/example_dags/example_sla_dag.py
[2022-08-19 22:53:56,525] {logging_mixin.py:115} INFO - [2022-08-19 22:53:56,525] {dag.py:2420} INFO - Sync 1 DAGs
[2022-08-19 22:53:56,542] {logging_mixin.py:115} INFO - [2022-08-19 22:53:56,542] {dag.py:2972} INFO - Setting next_dagrun for example_sla_dag to 2022-08-19T22:50:00+00:00, run_after=2022-08-19T22:52:00+00:00
[2022-08-19 22:53:56,552] {processor.py:161} INFO - Processing /home/airflow/.local/lib/python3.7/site-packages/airflow/example_dags/example_sla_dag.py took 0.063 seconds
[2022-08-19 22:54:27,037] {processor.py:153} INFO - Started process (PID=212) to work on /home/airflow/.local/lib/python3.7/site-packages/airflow/example_dags/example_sla_dag.py
[2022-08-19 22:54:27,038] {processor.py:641} INFO - Processing file /home/airflow/.local/lib/python3.7/site-packages/airflow/example_dags/example_sla_dag.py for tasks to queue
[2022-08-19 22:54:27,040] {logging_mixin.py:115} INFO - [2022-08-19 22:54:27,039] {dagbag.py:508} INFO - Filling up the DagBag from /home/airflow/.local/lib/python3.7/site-packages/airflow/example_dags/example_sla_dag.py
[2022-08-19 22:54:27,051] {processor.py:651} INFO - DAG(s) dict_keys(['example_sla_dag']) retrieved from /home/airflow/.local/lib/python3.7/site-packages/airflow/example_dags/example_sla_dag.py
[2022-08-19 22:54:27,067] {logging_mixin.py:115} INFO - [2022-08-19 22:54:27,067] {dag.py:2420} INFO - Sync 1 DAGs
[2022-08-19 22:54:27,086] {logging_mixin.py:115} INFO - [2022-08-19 22:54:27,086] {dag.py:2972} INFO - Setting next_dagrun for example_sla_dag to 2022-08-19T22:52:00+00:00, run_after=2022-08-19T22:54:00+00:00
[2022-08-19 22:54:27,093] {processor.py:161} INFO - Processing /home/airflow/.local/lib/python3.7/site-packages/airflow/example_dags/example_sla_dag.py took 0.059 seconds
[2022-08-19 22:54:57,594] {processor.py:153} INFO - Started process (PID=279) to work on /home/airflow/.local/lib/python3.7/site-packages/airflow/example_dags/example_sla_dag.py
[2022-08-19 22:54:57,595] {processor.py:641} INFO - Processing file /home/airflow/.local/lib/python3.7/site-packages/airflow/example_dags/example_sla_dag.py for tasks to queue
[2022-08-19 22:54:57,596] {logging_mixin.py:115} INFO - [2022-08-19 22:54:57,595] {dagbag.py:508} INFO - Filling up the DagBag from /home/airflow/.local/lib/python3.7/site-packages/airflow/example_dags/example_sla_dag.py
[2022-08-19 22:54:57,606] {processor.py:651} INFO - DAG(s) dict_keys(['example_sla_dag']) retrieved from /home/airflow/.local/lib/python3.7/site-packages/airflow/example_dags/example_sla_dag.py
[2022-08-19 22:54:57,621] {logging_mixin.py:115} INFO - [2022-08-19 22:54:57,621] {dag.py:2420} INFO - Sync 1 DAGs
[2022-08-19 22:54:57,638] {logging_mixin.py:115} INFO - [2022-08-19 22:54:57,637] {dag.py:2972} INFO - Setting next_dagrun for example_sla_dag to 2022-08-19T22:52:00+00:00, run_after=2022-08-19T22:54:00+00:00
[2022-08-19 22:54:57,645] {processor.py:161} INFO - Processing /home/airflow/.local/lib/python3.7/site-packages/airflow/example_dags/example_sla_dag.py took 0.054 seconds
[2022-08-19 22:55:28,157] {processor.py:153} INFO - Started process (PID=342) to work on /home/airflow/.local/lib/python3.7/site-packages/airflow/example_dags/example_sla_dag.py
[2022-08-19 22:55:28,158] {processor.py:641} INFO - Processing file /home/airflow/.local/lib/python3.7/site-packages/airflow/example_dags/example_sla_dag.py for tasks to queue
[2022-08-19 22:55:28,159] {logging_mixin.py:115} INFO - [2022-08-19 22:55:28,159] {dagbag.py:508} INFO - Filling up the DagBag from /home/airflow/.local/lib/python3.7/site-packages/airflow/example_dags/example_sla_dag.py
[2022-08-19 22:55:28,171] {processor.py:651} INFO - DAG(s) dict_keys(['example_sla_dag']) retrieved from /home/airflow/.local/lib/python3.7/site-packages/airflow/example_dags/example_sla_dag.py
[2022-08-19 22:55:28,189] {logging_mixin.py:115} INFO - [2022-08-19 22:55:28,188] {dag.py:2420} INFO - Sync 1 DAGs
[2022-08-19 22:55:28,203] {logging_mixin.py:115} INFO - [2022-08-19 22:55:28,203] {dag.py:2972} INFO - Setting next_dagrun for example_sla_dag to 2022-08-19T22:52:00+00:00, run_after=2022-08-19T22:54:00+00:00
[2022-08-19 22:55:28,209] {processor.py:161} INFO - Processing /home/airflow/.local/lib/python3.7/site-packages/airflow/example_dags/example_sla_dag.py took 0.056 seconds
[2022-08-19 22:55:58,613] {processor.py:153} INFO - Started process (PID=396) to work on /home/airflow/.local/lib/python3.7/site-packages/airflow/example_dags/example_sla_dag.py
[2022-08-19 22:55:58,614] {processor.py:641} INFO - Processing file /home/airflow/.local/lib/python3.7/site-packages/airflow/example_dags/example_sla_dag.py for tasks to queue
[2022-08-19 22:55:58,615] {logging_mixin.py:115} INFO - [2022-08-19 22:55:58,615] {dagbag.py:508} INFO - Filling up the DagBag from /home/airflow/.local/lib/python3.7/site-packages/airflow/example_dags/example_sla_dag.py
[2022-08-19 22:55:58,625] {processor.py:651} INFO - DAG(s) dict_keys(['example_sla_dag']) retrieved from /home/airflow/.local/lib/python3.7/site-packages/airflow/example_dags/example_sla_dag.py
[2022-08-19 22:55:58,641] {logging_mixin.py:115} INFO - [2022-08-19 22:55:58,641] {dag.py:2420} INFO - Sync 1 DAGs
[2022-08-19 22:55:58,656] {logging_mixin.py:115} INFO - [2022-08-19 22:55:58,656] {dag.py:2972} INFO - Setting next_dagrun for example_sla_dag to 2022-08-19T22:52:00+00:00, run_after=2022-08-19T22:54:00+00:00
[2022-08-19 22:55:58,664] {processor.py:161} INFO - Processing /home/airflow/.local/lib/python3.7/site-packages/airflow/example_dags/example_sla_dag.py took 0.053 seconds
[2022-08-19 22:56:29,058] {processor.py:153} INFO - Started process (PID=465) to work on /home/airflow/.local/lib/python3.7/site-packages/airflow/example_dags/example_sla_dag.py
[2022-08-19 22:56:29,059] {processor.py:641} INFO - Processing file /home/airflow/.local/lib/python3.7/site-packages/airflow/example_dags/example_sla_dag.py for tasks to queue
[2022-08-19 22:56:29,060] {logging_mixin.py:115} INFO - [2022-08-19 22:56:29,060] {dagbag.py:508} INFO - Filling up the DagBag from /home/airflow/.local/lib/python3.7/site-packages/airflow/example_dags/example_sla_dag.py
[2022-08-19 22:56:29,072] {processor.py:651} INFO - DAG(s) dict_keys(['example_sla_dag']) retrieved from /home/airflow/.local/lib/python3.7/site-packages/airflow/example_dags/example_sla_dag.py
[2022-08-19 22:56:29,089] {logging_mixin.py:115} INFO - [2022-08-19 22:56:29,089] {dag.py:2420} INFO - Sync 1 DAGs
[2022-08-19 22:56:29,107] {logging_mixin.py:115} INFO - [2022-08-19 22:56:29,107] {dag.py:2972} INFO - Setting next_dagrun for example_sla_dag to 2022-08-19T22:54:00+00:00, run_after=2022-08-19T22:56:00+00:00
[2022-08-19 22:56:29,116] {processor.py:161} INFO - Processing /home/airflow/.local/lib/python3.7/site-packages/airflow/example_dags/example_sla_dag.py took 0.060 seconds
[2022-08-19 22:56:59,462] {processor.py:153} INFO - Started process (PID=529) to work on /home/airflow/.local/lib/python3.7/site-packages/airflow/example_dags/example_sla_dag.py
[2022-08-19 22:56:59,463] {processor.py:641} INFO - Processing file /home/airflow/.local/lib/python3.7/site-packages/airflow/example_dags/example_sla_dag.py for tasks to queue
[2022-08-19 22:56:59,464] {logging_mixin.py:115} INFO - [2022-08-19 22:56:59,463] {dagbag.py:508} INFO - Filling up the DagBag from /home/airflow/.local/lib/python3.7/site-packages/airflow/example_dags/example_sla_dag.py
[2022-08-19 22:56:59,474] {processor.py:651} INFO - DAG(s) dict_keys(['example_sla_dag']) retrieved from /home/airflow/.local/lib/python3.7/site-packages/airflow/example_dags/example_sla_dag.py
[2022-08-19 22:56:59,490] {logging_mixin.py:115} INFO - [2022-08-19 22:56:59,490] {dag.py:2420} INFO - Sync 1 DAGs
[2022-08-19 22:56:59,503] {logging_mixin.py:115} INFO - [2022-08-19 22:56:59,503] {dag.py:2972} INFO - Setting next_dagrun for example_sla_dag to 2022-08-19T22:54:00+00:00, run_after=2022-08-19T22:56:00+00:00
[2022-08-19 22:56:59,509] {processor.py:161} INFO - Processing /home/airflow/.local/lib/python3.7/site-packages/airflow/example_dags/example_sla_dag.py took 0.050 seconds
[2022-08-19 22:57:29,846] {processor.py:153} INFO - Started process (PID=598) to work on /home/airflow/.local/lib/python3.7/site-packages/airflow/example_dags/example_sla_dag.py
[2022-08-19 22:57:29,847] {processor.py:641} INFO - Processing file /home/airflow/.local/lib/python3.7/site-packages/airflow/example_dags/example_sla_dag.py for tasks to queue
[2022-08-19 22:57:29,848] {logging_mixin.py:115} INFO - [2022-08-19 22:57:29,848] {dagbag.py:508} INFO - Filling up the DagBag from /home/airflow/.local/lib/python3.7/site-packages/airflow/example_dags/example_sla_dag.py
[2022-08-19 22:57:29,858] {processor.py:651} INFO - DAG(s) dict_keys(['example_sla_dag']) retrieved from /home/airflow/.local/lib/python3.7/site-packages/airflow/example_dags/example_sla_dag.py
[2022-08-19 22:57:29,874] {logging_mixin.py:115} INFO - [2022-08-19 22:57:29,874] {dag.py:2420} INFO - Sync 1 DAGs
[2022-08-19 22:57:29,886] {logging_mixin.py:115} INFO - [2022-08-19 22:57:29,886] {dag.py:2972} INFO - Setting next_dagrun for example_sla_dag to 2022-08-19T22:54:00+00:00, run_after=2022-08-19T22:56:00+00:00
[2022-08-19 22:57:29,893] {processor.py:161} INFO - Processing /home/airflow/.local/lib/python3.7/site-packages/airflow/example_dags/example_sla_dag.py took 0.049 seconds
[2022-08-19 22:58:00,341] {processor.py:153} INFO - Started process (PID=664) to work on /home/airflow/.local/lib/python3.7/site-packages/airflow/example_dags/example_sla_dag.py
[2022-08-19 22:58:00,342] {processor.py:641} INFO - Processing file /home/airflow/.local/lib/python3.7/site-packages/airflow/example_dags/example_sla_dag.py for tasks to queue
[2022-08-19 22:58:00,343] {logging_mixin.py:115} INFO - [2022-08-19 22:58:00,343] {dagbag.py:508} INFO - Filling up the DagBag from /home/airflow/.local/lib/python3.7/site-packages/airflow/example_dags/example_sla_dag.py
[2022-08-19 22:58:00,355] {processor.py:651} INFO - DAG(s) dict_keys(['example_sla_dag']) retrieved from /home/airflow/.local/lib/python3.7/site-packages/airflow/example_dags/example_sla_dag.py
[2022-08-19 22:58:00,370] {logging_mixin.py:115} INFO - [2022-08-19 22:58:00,370] {dag.py:2420} INFO - Sync 1 DAGs
[2022-08-19 22:58:00,385] {logging_mixin.py:115} INFO - [2022-08-19 22:58:00,385] {dag.py:2972} INFO - Setting next_dagrun for example_sla_dag to 2022-08-19T22:56:00+00:00, run_after=2022-08-19T22:58:00+00:00
[2022-08-19 22:58:00,392] {processor.py:161} INFO - Processing /home/airflow/.local/lib/python3.7/site-packages/airflow/example_dags/example_sla_dag.py took 0.053 seconds
[2022-08-19 22:58:30,766] {processor.py:153} INFO - Started process (PID=732) to work on /home/airflow/.local/lib/python3.7/site-packages/airflow/example_dags/example_sla_dag.py
[2022-08-19 22:58:30,767] {processor.py:641} INFO - Processing file /home/airflow/.local/lib/python3.7/site-packages/airflow/example_dags/example_sla_dag.py for tasks to queue
[2022-08-19 22:58:30,768] {logging_mixin.py:115} INFO - [2022-08-19 22:58:30,768] {dagbag.py:508} INFO - Filling up the DagBag from /home/airflow/.local/lib/python3.7/site-packages/airflow/example_dags/example_sla_dag.py
[2022-08-19 22:58:30,778] {processor.py:651} INFO - DAG(s) dict_keys(['example_sla_dag']) retrieved from /home/airflow/.local/lib/python3.7/site-packages/airflow/example_dags/example_sla_dag.py
[2022-08-19 22:58:30,794] {logging_mixin.py:115} INFO - [2022-08-19 22:58:30,794] {dag.py:2420} INFO - Sync 1 DAGs
[2022-08-19 22:58:30,809] {logging_mixin.py:115} INFO - [2022-08-19 22:58:30,809] {dag.py:2972} INFO - Setting next_dagrun for example_sla_dag to 2022-08-19T22:56:00+00:00, run_after=2022-08-19T22:58:00+00:00
[2022-08-19 22:58:30,816] {processor.py:161} INFO - Processing /home/airflow/.local/lib/python3.7/site-packages/airflow/example_dags/example_sla_dag.py took 0.052 seconds
[2022-08-19 22:59:01,229] {processor.py:153} INFO - Started process (PID=786) to work on /home/airflow/.local/lib/python3.7/site-packages/airflow/example_dags/example_sla_dag.py
[2022-08-19 22:59:01,230] {processor.py:641} INFO - Processing file /home/airflow/.local/lib/python3.7/site-packages/airflow/example_dags/example_sla_dag.py for tasks to queue
[2022-08-19 22:59:01,231] {logging_mixin.py:115} INFO - [2022-08-19 22:59:01,231] {dagbag.py:508} INFO - Filling up the DagBag from /home/airflow/.local/lib/python3.7/site-packages/airflow/example_dags/example_sla_dag.py
[2022-08-19 22:59:01,246] {processor.py:651} INFO - DAG(s) dict_keys(['example_sla_dag']) retrieved from /home/airflow/.local/lib/python3.7/site-packages/airflow/example_dags/example_sla_dag.py
[2022-08-19 22:59:01,262] {logging_mixin.py:115} INFO - [2022-08-19 22:59:01,262] {dag.py:2420} INFO - Sync 1 DAGs
[2022-08-19 22:59:01,276] {logging_mixin.py:115} INFO - [2022-08-19 22:59:01,276] {dag.py:2972} INFO - Setting next_dagrun for example_sla_dag to 2022-08-19T22:56:00+00:00, run_after=2022-08-19T22:58:00+00:00
[2022-08-19 22:59:01,285] {processor.py:161} INFO - Processing /home/airflow/.local/lib/python3.7/site-packages/airflow/example_dags/example_sla_dag.py took 0.058 seconds
[2022-08-19 22:59:31,765] {processor.py:153} INFO - Started process (PID=852) to work on /home/airflow/.local/lib/python3.7/site-packages/airflow/example_dags/example_sla_dag.py
[2022-08-19 22:59:31,766] {processor.py:641} INFO - Processing file /home/airflow/.local/lib/python3.7/site-packages/airflow/example_dags/example_sla_dag.py for tasks to queue
[2022-08-19 22:59:31,767] {logging_mixin.py:115} INFO - [2022-08-19 22:59:31,767] {dagbag.py:508} INFO - Filling up the DagBag from /home/airflow/.local/lib/python3.7/site-packages/airflow/example_dags/example_sla_dag.py
[2022-08-19 22:59:31,777] {processor.py:651} INFO - DAG(s) dict_keys(['example_sla_dag']) retrieved from /home/airflow/.local/lib/python3.7/site-packages/airflow/example_dags/example_sla_dag.py
[2022-08-19 22:59:31,795] {logging_mixin.py:115} INFO - [2022-08-19 22:59:31,795] {dag.py:2420} INFO - Sync 1 DAGs
[2022-08-19 22:59:31,810] {logging_mixin.py:115} INFO - [2022-08-19 22:59:31,809] {dag.py:2972} INFO - Setting next_dagrun for example_sla_dag to 2022-08-19T22:56:00+00:00, run_after=2022-08-19T22:58:00+00:00
[2022-08-19 22:59:31,816] {processor.py:161} INFO - Processing /home/airflow/.local/lib/python3.7/site-packages/airflow/example_dags/example_sla_dag.py took 0.053 seconds
[2022-08-19 23:00:02,218] {processor.py:153} INFO - Started process (PID=920) to work on /home/airflow/.local/lib/python3.7/site-packages/airflow/example_dags/example_sla_dag.py
[2022-08-19 23:00:02,219] {processor.py:641} INFO - Processing file /home/airflow/.local/lib/python3.7/site-packages/airflow/example_dags/example_sla_dag.py for tasks to queue
[2022-08-19 23:00:02,222] {logging_mixin.py:115} INFO - [2022-08-19 23:00:02,222] {dagbag.py:508} INFO - Filling up the DagBag from /home/airflow/.local/lib/python3.7/site-packages/airflow/example_dags/example_sla_dag.py
[2022-08-19 23:00:02,233] {processor.py:651} INFO - DAG(s) dict_keys(['example_sla_dag']) retrieved from /home/airflow/.local/lib/python3.7/site-packages/airflow/example_dags/example_sla_dag.py
[2022-08-19 23:00:02,248] {logging_mixin.py:115} INFO - [2022-08-19 23:00:02,248] {dag.py:2420} INFO - Sync 1 DAGs
[2022-08-19 23:00:02,263] {logging_mixin.py:115} INFO - [2022-08-19 23:00:02,263] {dag.py:2972} INFO - Setting next_dagrun for example_sla_dag to 2022-08-19T22:58:00+00:00, run_after=2022-08-19T23:00:00+00:00
[2022-08-19 23:00:02,270] {processor.py:161} INFO - Processing /home/airflow/.local/lib/python3.7/site-packages/airflow/example_dags/example_sla_dag.py took 0.054 seconds
[2022-08-19 23:00:32,611] {processor.py:153} INFO - Started process (PID=986) to work on /home/airflow/.local/lib/python3.7/site-packages/airflow/example_dags/example_sla_dag.py
[2022-08-19 23:00:32,612] {processor.py:641} INFO - Processing file /home/airflow/.local/lib/python3.7/site-packages/airflow/example_dags/example_sla_dag.py for tasks to queue
[2022-08-19 23:00:32,614] {logging_mixin.py:115} INFO - [2022-08-19 23:00:32,613] {dagbag.py:508} INFO - Filling up the DagBag from /home/airflow/.local/lib/python3.7/site-packages/airflow/example_dags/example_sla_dag.py
[2022-08-19 23:00:32,625] {processor.py:651} INFO - DAG(s) dict_keys(['example_sla_dag']) retrieved from /home/airflow/.local/lib/python3.7/site-packages/airflow/example_dags/example_sla_dag.py
[2022-08-19 23:00:32,642] {logging_mixin.py:115} INFO - [2022-08-19 23:00:32,642] {dag.py:2420} INFO - Sync 1 DAGs
[2022-08-19 23:00:32,657] {logging_mixin.py:115} INFO - [2022-08-19 23:00:32,657] {dag.py:2972} INFO - Setting next_dagrun for example_sla_dag to 2022-08-19T22:58:00+00:00, run_after=2022-08-19T23:00:00+00:00
[2022-08-19 23:00:32,664] {processor.py:161} INFO - Processing /home/airflow/.local/lib/python3.7/site-packages/airflow/example_dags/example_sla_dag.py took 0.055 seconds
[2022-08-19 23:01:02,990] {processor.py:153} INFO - Started process (PID=1056) to work on /home/airflow/.local/lib/python3.7/site-packages/airflow/example_dags/example_sla_dag.py
[2022-08-19 23:01:02,991] {processor.py:641} INFO - Processing file /home/airflow/.local/lib/python3.7/site-packages/airflow/example_dags/example_sla_dag.py for tasks to queue
[2022-08-19 23:01:02,993] {logging_mixin.py:115} INFO - [2022-08-19 23:01:02,992] {dagbag.py:508} INFO - Filling up the DagBag from /home/airflow/.local/lib/python3.7/site-packages/airflow/example_dags/example_sla_dag.py
[2022-08-19 23:01:03,008] {processor.py:651} INFO - DAG(s) dict_keys(['example_sla_dag']) retrieved from /home/airflow/.local/lib/python3.7/site-packages/airflow/example_dags/example_sla_dag.py
[2022-08-19 23:01:03,023] {logging_mixin.py:115} INFO - [2022-08-19 23:01:03,023] {dag.py:2420} INFO - Sync 1 DAGs
[2022-08-19 23:01:03,038] {logging_mixin.py:115} INFO - [2022-08-19 23:01:03,038] {dag.py:2972} INFO - Setting next_dagrun for example_sla_dag to 2022-08-19T22:58:00+00:00, run_after=2022-08-19T23:00:00+00:00
[2022-08-19 23:01:03,045] {processor.py:161} INFO - Processing /home/airflow/.local/lib/python3.7/site-packages/airflow/example_dags/example_sla_dag.py took 0.058 seconds
[2022-08-19 23:01:33,504] {processor.py:153} INFO - Started process (PID=1122) to work on /home/airflow/.local/lib/python3.7/site-packages/airflow/example_dags/example_sla_dag.py
[2022-08-19 23:01:33,505] {processor.py:641} INFO - Processing file /home/airflow/.local/lib/python3.7/site-packages/airflow/example_dags/example_sla_dag.py for tasks to queue
[2022-08-19 23:01:33,506] {logging_mixin.py:115} INFO - [2022-08-19 23:01:33,506] {dagbag.py:508} INFO - Filling up the DagBag from /home/airflow/.local/lib/python3.7/site-packages/airflow/example_dags/example_sla_dag.py
[2022-08-19 23:01:33,518] {processor.py:651} INFO - DAG(s) dict_keys(['example_sla_dag']) retrieved from /home/airflow/.local/lib/python3.7/site-packages/airflow/example_dags/example_sla_dag.py
[2022-08-19 23:01:33,536] {logging_mixin.py:115} INFO - [2022-08-19 23:01:33,536] {dag.py:2420} INFO - Sync 1 DAGs
[2022-08-19 23:01:33,552] {logging_mixin.py:115} INFO - [2022-08-19 23:01:33,551] {dag.py:2972} INFO - Setting next_dagrun for example_sla_dag to 2022-08-19T22:58:00+00:00, run_after=2022-08-19T23:00:00+00:00
[2022-08-19 23:01:33,558] {processor.py:161} INFO - Processing /home/airflow/.local/lib/python3.7/site-packages/airflow/example_dags/example_sla_dag.py took 0.057 seconds
[2022-08-19 23:02:03,963] {processor.py:153} INFO - Started process (PID=1176) to work on /home/airflow/.local/lib/python3.7/site-packages/airflow/example_dags/example_sla_dag.py
[2022-08-19 23:02:03,964] {processor.py:641} INFO - Processing file /home/airflow/.local/lib/python3.7/site-packages/airflow/example_dags/example_sla_dag.py for tasks to queue
[2022-08-19 23:02:03,965] {logging_mixin.py:115} INFO - [2022-08-19 23:02:03,965] {dagbag.py:508} INFO - Filling up the DagBag from /home/airflow/.local/lib/python3.7/site-packages/airflow/example_dags/example_sla_dag.py
[2022-08-19 23:02:03,975] {processor.py:651} INFO - DAG(s) dict_keys(['example_sla_dag']) retrieved from /home/airflow/.local/lib/python3.7/site-packages/airflow/example_dags/example_sla_dag.py
[2022-08-19 23:02:03,991] {logging_mixin.py:115} INFO - [2022-08-19 23:02:03,991] {dag.py:2420} INFO - Sync 1 DAGs
[2022-08-19 23:02:04,003] {logging_mixin.py:115} INFO - [2022-08-19 23:02:04,003] {dag.py:2972} INFO - Setting next_dagrun for example_sla_dag to 2022-08-19T23:00:00+00:00, run_after=2022-08-19T23:02:00+00:00
[2022-08-19 23:02:04,010] {processor.py:161} INFO - Processing /home/airflow/.local/lib/python3.7/site-packages/airflow/example_dags/example_sla_dag.py took 0.049 seconds
[2022-08-19 23:02:34,453] {processor.py:153} INFO - Started process (PID=1238) to work on /home/airflow/.local/lib/python3.7/site-packages/airflow/example_dags/example_sla_dag.py
[2022-08-19 23:02:34,454] {processor.py:641} INFO - Processing file /home/airflow/.local/lib/python3.7/site-packages/airflow/example_dags/example_sla_dag.py for tasks to queue
[2022-08-19 23:02:34,455] {logging_mixin.py:115} INFO - [2022-08-19 23:02:34,455] {dagbag.py:508} INFO - Filling up the DagBag from /home/airflow/.local/lib/python3.7/site-packages/airflow/example_dags/example_sla_dag.py
[2022-08-19 23:02:34,464] {processor.py:651} INFO - DAG(s) dict_keys(['example_sla_dag']) retrieved from /home/airflow/.local/lib/python3.7/site-packages/airflow/example_dags/example_sla_dag.py
[2022-08-19 23:02:34,479] {logging_mixin.py:115} INFO - [2022-08-19 23:02:34,479] {dag.py:2420} INFO - Sync 1 DAGs
[2022-08-19 23:02:34,493] {logging_mixin.py:115} INFO - [2022-08-19 23:02:34,493] {dag.py:2972} INFO - Setting next_dagrun for example_sla_dag to 2022-08-19T23:00:00+00:00, run_after=2022-08-19T23:02:00+00:00
[2022-08-19 23:02:34,499] {processor.py:161} INFO - Processing /home/airflow/.local/lib/python3.7/site-packages/airflow/example_dags/example_sla_dag.py took 0.048 seconds
[2022-08-19 23:03:04,831] {processor.py:153} INFO - Started process (PID=1303) to work on /home/airflow/.local/lib/python3.7/site-packages/airflow/example_dags/example_sla_dag.py
[2022-08-19 23:03:04,833] {processor.py:641} INFO - Processing file /home/airflow/.local/lib/python3.7/site-packages/airflow/example_dags/example_sla_dag.py for tasks to queue
[2022-08-19 23:03:04,836] {logging_mixin.py:115} INFO - [2022-08-19 23:03:04,836] {dagbag.py:508} INFO - Filling up the DagBag from /home/airflow/.local/lib/python3.7/site-packages/airflow/example_dags/example_sla_dag.py
[2022-08-19 23:03:04,848] {processor.py:651} INFO - DAG(s) dict_keys(['example_sla_dag']) retrieved from /home/airflow/.local/lib/python3.7/site-packages/airflow/example_dags/example_sla_dag.py
[2022-08-19 23:03:04,867] {logging_mixin.py:115} INFO - [2022-08-19 23:03:04,866] {dag.py:2420} INFO - Sync 1 DAGs
[2022-08-19 23:03:04,882] {logging_mixin.py:115} INFO - [2022-08-19 23:03:04,882] {dag.py:2972} INFO - Setting next_dagrun for example_sla_dag to 2022-08-19T23:00:00+00:00, run_after=2022-08-19T23:02:00+00:00
[2022-08-19 23:03:04,889] {processor.py:161} INFO - Processing /home/airflow/.local/lib/python3.7/site-packages/airflow/example_dags/example_sla_dag.py took 0.060 seconds
[2022-08-19 23:03:35,370] {processor.py:153} INFO - Started process (PID=1371) to work on /home/airflow/.local/lib/python3.7/site-packages/airflow/example_dags/example_sla_dag.py
[2022-08-19 23:03:35,371] {processor.py:641} INFO - Processing file /home/airflow/.local/lib/python3.7/site-packages/airflow/example_dags/example_sla_dag.py for tasks to queue
[2022-08-19 23:03:35,372] {logging_mixin.py:115} INFO - [2022-08-19 23:03:35,372] {dagbag.py:508} INFO - Filling up the DagBag from /home/airflow/.local/lib/python3.7/site-packages/airflow/example_dags/example_sla_dag.py
[2022-08-19 23:03:35,383] {processor.py:651} INFO - DAG(s) dict_keys(['example_sla_dag']) retrieved from /home/airflow/.local/lib/python3.7/site-packages/airflow/example_dags/example_sla_dag.py
[2022-08-19 23:03:35,400] {logging_mixin.py:115} INFO - [2022-08-19 23:03:35,400] {dag.py:2420} INFO - Sync 1 DAGs
[2022-08-19 23:03:35,415] {logging_mixin.py:115} INFO - [2022-08-19 23:03:35,415] {dag.py:2972} INFO - Setting next_dagrun for example_sla_dag to 2022-08-19T23:00:00+00:00, run_after=2022-08-19T23:02:00+00:00
[2022-08-19 23:03:35,424] {processor.py:161} INFO - Processing /home/airflow/.local/lib/python3.7/site-packages/airflow/example_dags/example_sla_dag.py took 0.057 seconds
[2022-08-19 23:04:05,576] {processor.py:153} INFO - Started process (PID=1446) to work on /home/airflow/.local/lib/python3.7/site-packages/airflow/example_dags/example_sla_dag.py
[2022-08-19 23:04:05,577] {processor.py:641} INFO - Processing file /home/airflow/.local/lib/python3.7/site-packages/airflow/example_dags/example_sla_dag.py for tasks to queue
[2022-08-19 23:04:05,578] {logging_mixin.py:115} INFO - [2022-08-19 23:04:05,578] {dagbag.py:508} INFO - Filling up the DagBag from /home/airflow/.local/lib/python3.7/site-packages/airflow/example_dags/example_sla_dag.py
[2022-08-19 23:04:05,588] {processor.py:651} INFO - DAG(s) dict_keys(['example_sla_dag']) retrieved from /home/airflow/.local/lib/python3.7/site-packages/airflow/example_dags/example_sla_dag.py
[2022-08-19 23:04:05,605] {logging_mixin.py:115} INFO - [2022-08-19 23:04:05,605] {dag.py:2420} INFO - Sync 1 DAGs
[2022-08-19 23:04:05,621] {logging_mixin.py:115} INFO - [2022-08-19 23:04:05,621] {dag.py:2972} INFO - Setting next_dagrun for example_sla_dag to 2022-08-19T23:02:00+00:00, run_after=2022-08-19T23:04:00+00:00
[2022-08-19 23:04:05,630] {processor.py:161} INFO - Processing /home/airflow/.local/lib/python3.7/site-packages/airflow/example_dags/example_sla_dag.py took 0.056 seconds
[2022-08-19 23:04:36,213] {processor.py:153} INFO - Started process (PID=1516) to work on /home/airflow/.local/lib/python3.7/site-packages/airflow/example_dags/example_sla_dag.py
[2022-08-19 23:04:36,214] {processor.py:641} INFO - Processing file /home/airflow/.local/lib/python3.7/site-packages/airflow/example_dags/example_sla_dag.py for tasks to queue
[2022-08-19 23:04:36,215] {logging_mixin.py:115} INFO - [2022-08-19 23:04:36,215] {dagbag.py:508} INFO - Filling up the DagBag from /home/airflow/.local/lib/python3.7/site-packages/airflow/example_dags/example_sla_dag.py
[2022-08-19 23:04:36,226] {processor.py:651} INFO - DAG(s) dict_keys(['example_sla_dag']) retrieved from /home/airflow/.local/lib/python3.7/site-packages/airflow/example_dags/example_sla_dag.py
[2022-08-19 23:04:36,243] {logging_mixin.py:115} INFO - [2022-08-19 23:04:36,243] {dag.py:2420} INFO - Sync 1 DAGs
[2022-08-19 23:04:36,259] {logging_mixin.py:115} INFO - [2022-08-19 23:04:36,259] {dag.py:2972} INFO - Setting next_dagrun for example_sla_dag to 2022-08-19T23:02:00+00:00, run_after=2022-08-19T23:04:00+00:00
[2022-08-19 23:04:36,266] {processor.py:161} INFO - Processing /home/airflow/.local/lib/python3.7/site-packages/airflow/example_dags/example_sla_dag.py took 0.056 seconds
[2022-08-19 23:05:06,894] {processor.py:153} INFO - Started process (PID=1575) to work on /home/airflow/.local/lib/python3.7/site-packages/airflow/example_dags/example_sla_dag.py
[2022-08-19 23:05:06,895] {processor.py:641} INFO - Processing file /home/airflow/.local/lib/python3.7/site-packages/airflow/example_dags/example_sla_dag.py for tasks to queue
[2022-08-19 23:05:06,896] {logging_mixin.py:115} INFO - [2022-08-19 23:05:06,896] {dagbag.py:508} INFO - Filling up the DagBag from /home/airflow/.local/lib/python3.7/site-packages/airflow/example_dags/example_sla_dag.py
[2022-08-19 23:05:06,906] {processor.py:651} INFO - DAG(s) dict_keys(['example_sla_dag']) retrieved from /home/airflow/.local/lib/python3.7/site-packages/airflow/example_dags/example_sla_dag.py
[2022-08-19 23:05:06,923] {logging_mixin.py:115} INFO - [2022-08-19 23:05:06,923] {dag.py:2420} INFO - Sync 1 DAGs
[2022-08-19 23:05:06,937] {logging_mixin.py:115} INFO - [2022-08-19 23:05:06,937] {dag.py:2972} INFO - Setting next_dagrun for example_sla_dag to 2022-08-19T23:02:00+00:00, run_after=2022-08-19T23:04:00+00:00
[2022-08-19 23:05:06,945] {processor.py:161} INFO - Processing /home/airflow/.local/lib/python3.7/site-packages/airflow/example_dags/example_sla_dag.py took 0.054 seconds
[2022-08-19 23:05:37,442] {processor.py:153} INFO - Started process (PID=1645) to work on /home/airflow/.local/lib/python3.7/site-packages/airflow/example_dags/example_sla_dag.py
[2022-08-19 23:05:37,444] {processor.py:641} INFO - Processing file /home/airflow/.local/lib/python3.7/site-packages/airflow/example_dags/example_sla_dag.py for tasks to queue
[2022-08-19 23:05:37,444] {logging_mixin.py:115} INFO - [2022-08-19 23:05:37,444] {dagbag.py:508} INFO - Filling up the DagBag from /home/airflow/.local/lib/python3.7/site-packages/airflow/example_dags/example_sla_dag.py
[2022-08-19 23:05:37,455] {processor.py:651} INFO - DAG(s) dict_keys(['example_sla_dag']) retrieved from /home/airflow/.local/lib/python3.7/site-packages/airflow/example_dags/example_sla_dag.py
[2022-08-19 23:05:37,473] {logging_mixin.py:115} INFO - [2022-08-19 23:05:37,473] {dag.py:2420} INFO - Sync 1 DAGs
[2022-08-19 23:05:37,488] {logging_mixin.py:115} INFO - [2022-08-19 23:05:37,488] {dag.py:2972} INFO - Setting next_dagrun for example_sla_dag to 2022-08-19T23:02:00+00:00, run_after=2022-08-19T23:04:00+00:00
[2022-08-19 23:05:37,495] {processor.py:161} INFO - Processing /home/airflow/.local/lib/python3.7/site-packages/airflow/example_dags/example_sla_dag.py took 0.055 seconds
[2022-08-19 23:06:08,548] {processor.py:153} INFO - Started process (PID=1736) to work on /home/airflow/.local/lib/python3.7/site-packages/airflow/example_dags/example_sla_dag.py
[2022-08-19 23:06:08,551] {processor.py:641} INFO - Processing file /home/airflow/.local/lib/python3.7/site-packages/airflow/example_dags/example_sla_dag.py for tasks to queue
[2022-08-19 23:06:08,554] {logging_mixin.py:115} INFO - [2022-08-19 23:06:08,554] {dagbag.py:508} INFO - Filling up the DagBag from /home/airflow/.local/lib/python3.7/site-packages/airflow/example_dags/example_sla_dag.py
[2022-08-19 23:06:08,566] {processor.py:651} INFO - DAG(s) dict_keys(['example_sla_dag']) retrieved from /home/airflow/.local/lib/python3.7/site-packages/airflow/example_dags/example_sla_dag.py
[2022-08-19 23:06:08,585] {logging_mixin.py:115} INFO - [2022-08-19 23:06:08,585] {dag.py:2420} INFO - Sync 1 DAGs
[2022-08-19 23:06:08,600] {logging_mixin.py:115} INFO - [2022-08-19 23:06:08,600] {dag.py:2972} INFO - Setting next_dagrun for example_sla_dag to 2022-08-19T23:04:00+00:00, run_after=2022-08-19T23:06:00+00:00
[2022-08-19 23:06:08,611] {processor.py:161} INFO - Processing /home/airflow/.local/lib/python3.7/site-packages/airflow/example_dags/example_sla_dag.py took 0.066 seconds
[2022-08-19 23:06:39,013] {processor.py:153} INFO - Started process (PID=1861) to work on /home/airflow/.local/lib/python3.7/site-packages/airflow/example_dags/example_sla_dag.py
[2022-08-19 23:06:39,017] {processor.py:641} INFO - Processing file /home/airflow/.local/lib/python3.7/site-packages/airflow/example_dags/example_sla_dag.py for tasks to queue
[2022-08-19 23:06:39,020] {logging_mixin.py:115} INFO - [2022-08-19 23:06:39,020] {dagbag.py:508} INFO - Filling up the DagBag from /home/airflow/.local/lib/python3.7/site-packages/airflow/example_dags/example_sla_dag.py
[2022-08-19 23:06:39,036] {processor.py:651} INFO - DAG(s) dict_keys(['example_sla_dag']) retrieved from /home/airflow/.local/lib/python3.7/site-packages/airflow/example_dags/example_sla_dag.py
[2022-08-19 23:06:39,060] {logging_mixin.py:115} INFO - [2022-08-19 23:06:39,060] {dag.py:2420} INFO - Sync 1 DAGs
[2022-08-19 23:06:39,079] {logging_mixin.py:115} INFO - [2022-08-19 23:06:39,079] {dag.py:2972} INFO - Setting next_dagrun for example_sla_dag to 2022-08-19T23:04:00+00:00, run_after=2022-08-19T23:06:00+00:00
[2022-08-19 23:06:39,087] {processor.py:161} INFO - Processing /home/airflow/.local/lib/python3.7/site-packages/airflow/example_dags/example_sla_dag.py took 0.076 seconds
[2022-08-19 23:07:10,071] {processor.py:153} INFO - Started process (PID=1996) to work on /home/airflow/.local/lib/python3.7/site-packages/airflow/example_dags/example_sla_dag.py
[2022-08-19 23:07:10,076] {processor.py:641} INFO - Processing file /home/airflow/.local/lib/python3.7/site-packages/airflow/example_dags/example_sla_dag.py for tasks to queue
[2022-08-19 23:07:10,078] {logging_mixin.py:115} INFO - [2022-08-19 23:07:10,078] {dagbag.py:508} INFO - Filling up the DagBag from /home/airflow/.local/lib/python3.7/site-packages/airflow/example_dags/example_sla_dag.py
[2022-08-19 23:07:10,116] {processor.py:651} INFO - DAG(s) dict_keys(['example_sla_dag']) retrieved from /home/airflow/.local/lib/python3.7/site-packages/airflow/example_dags/example_sla_dag.py
[2022-08-19 23:07:10,151] {logging_mixin.py:115} INFO - [2022-08-19 23:07:10,150] {dag.py:2420} INFO - Sync 1 DAGs
[2022-08-19 23:07:10,182] {logging_mixin.py:115} INFO - [2022-08-19 23:07:10,182] {dag.py:2972} INFO - Setting next_dagrun for example_sla_dag to 2022-08-19T23:04:00+00:00, run_after=2022-08-19T23:06:00+00:00
[2022-08-19 23:07:10,221] {processor.py:161} INFO - Processing /home/airflow/.local/lib/python3.7/site-packages/airflow/example_dags/example_sla_dag.py took 0.151 seconds
[2022-08-19 23:07:40,457] {processor.py:153} INFO - Started process (PID=2123) to work on /home/airflow/.local/lib/python3.7/site-packages/airflow/example_dags/example_sla_dag.py
[2022-08-19 23:07:40,459] {processor.py:641} INFO - Processing file /home/airflow/.local/lib/python3.7/site-packages/airflow/example_dags/example_sla_dag.py for tasks to queue
[2022-08-19 23:07:40,460] {logging_mixin.py:115} INFO - [2022-08-19 23:07:40,460] {dagbag.py:508} INFO - Filling up the DagBag from /home/airflow/.local/lib/python3.7/site-packages/airflow/example_dags/example_sla_dag.py
[2022-08-19 23:07:40,482] {processor.py:651} INFO - DAG(s) dict_keys(['example_sla_dag']) retrieved from /home/airflow/.local/lib/python3.7/site-packages/airflow/example_dags/example_sla_dag.py
[2022-08-19 23:07:40,517] {logging_mixin.py:115} INFO - [2022-08-19 23:07:40,516] {dag.py:2420} INFO - Sync 1 DAGs
[2022-08-19 23:07:40,542] {logging_mixin.py:115} INFO - [2022-08-19 23:07:40,542] {dag.py:2972} INFO - Setting next_dagrun for example_sla_dag to 2022-08-19T23:04:00+00:00, run_after=2022-08-19T23:06:00+00:00
[2022-08-19 23:07:40,559] {processor.py:161} INFO - Processing /home/airflow/.local/lib/python3.7/site-packages/airflow/example_dags/example_sla_dag.py took 0.106 seconds
[2022-08-19 23:08:11,376] {processor.py:153} INFO - Started process (PID=2238) to work on /home/airflow/.local/lib/python3.7/site-packages/airflow/example_dags/example_sla_dag.py
[2022-08-19 23:08:11,378] {processor.py:641} INFO - Processing file /home/airflow/.local/lib/python3.7/site-packages/airflow/example_dags/example_sla_dag.py for tasks to queue
[2022-08-19 23:08:11,378] {logging_mixin.py:115} INFO - [2022-08-19 23:08:11,378] {dagbag.py:508} INFO - Filling up the DagBag from /home/airflow/.local/lib/python3.7/site-packages/airflow/example_dags/example_sla_dag.py
[2022-08-19 23:08:11,390] {processor.py:651} INFO - DAG(s) dict_keys(['example_sla_dag']) retrieved from /home/airflow/.local/lib/python3.7/site-packages/airflow/example_dags/example_sla_dag.py
[2022-08-19 23:08:11,411] {logging_mixin.py:115} INFO - [2022-08-19 23:08:11,411] {dag.py:2420} INFO - Sync 1 DAGs
[2022-08-19 23:08:11,428] {logging_mixin.py:115} INFO - [2022-08-19 23:08:11,428] {dag.py:2972} INFO - Setting next_dagrun for example_sla_dag to 2022-08-19T23:06:00+00:00, run_after=2022-08-19T23:08:00+00:00
[2022-08-19 23:08:11,437] {processor.py:161} INFO - Processing /home/airflow/.local/lib/python3.7/site-packages/airflow/example_dags/example_sla_dag.py took 0.064 seconds
[2022-08-19 23:08:41,692] {processor.py:153} INFO - Started process (PID=2356) to work on /home/airflow/.local/lib/python3.7/site-packages/airflow/example_dags/example_sla_dag.py
[2022-08-19 23:08:41,693] {processor.py:641} INFO - Processing file /home/airflow/.local/lib/python3.7/site-packages/airflow/example_dags/example_sla_dag.py for tasks to queue
[2022-08-19 23:08:41,694] {logging_mixin.py:115} INFO - [2022-08-19 23:08:41,694] {dagbag.py:508} INFO - Filling up the DagBag from /home/airflow/.local/lib/python3.7/site-packages/airflow/example_dags/example_sla_dag.py
[2022-08-19 23:08:41,705] {processor.py:651} INFO - DAG(s) dict_keys(['example_sla_dag']) retrieved from /home/airflow/.local/lib/python3.7/site-packages/airflow/example_dags/example_sla_dag.py
[2022-08-19 23:08:41,724] {logging_mixin.py:115} INFO - [2022-08-19 23:08:41,724] {dag.py:2420} INFO - Sync 1 DAGs
[2022-08-19 23:08:41,739] {logging_mixin.py:115} INFO - [2022-08-19 23:08:41,739] {dag.py:2972} INFO - Setting next_dagrun for example_sla_dag to 2022-08-19T23:06:00+00:00, run_after=2022-08-19T23:08:00+00:00
[2022-08-19 23:08:41,747] {processor.py:161} INFO - Processing /home/airflow/.local/lib/python3.7/site-packages/airflow/example_dags/example_sla_dag.py took 0.057 seconds
[2022-08-19 23:09:12,537] {processor.py:153} INFO - Started process (PID=2500) to work on /home/airflow/.local/lib/python3.7/site-packages/airflow/example_dags/example_sla_dag.py
[2022-08-19 23:09:12,539] {processor.py:641} INFO - Processing file /home/airflow/.local/lib/python3.7/site-packages/airflow/example_dags/example_sla_dag.py for tasks to queue
[2022-08-19 23:09:12,560] {logging_mixin.py:115} INFO - [2022-08-19 23:09:12,560] {dagbag.py:508} INFO - Filling up the DagBag from /home/airflow/.local/lib/python3.7/site-packages/airflow/example_dags/example_sla_dag.py
[2022-08-19 23:09:12,592] {processor.py:651} INFO - DAG(s) dict_keys(['example_sla_dag']) retrieved from /home/airflow/.local/lib/python3.7/site-packages/airflow/example_dags/example_sla_dag.py
[2022-08-19 23:09:12,630] {logging_mixin.py:115} INFO - [2022-08-19 23:09:12,630] {dag.py:2420} INFO - Sync 1 DAGs
[2022-08-19 23:09:12,685] {logging_mixin.py:115} INFO - [2022-08-19 23:09:12,685] {dag.py:2972} INFO - Setting next_dagrun for example_sla_dag to 2022-08-19T23:06:00+00:00, run_after=2022-08-19T23:08:00+00:00
[2022-08-19 23:09:12,701] {processor.py:161} INFO - Processing /home/airflow/.local/lib/python3.7/site-packages/airflow/example_dags/example_sla_dag.py took 0.167 seconds
[2022-08-19 23:09:42,914] {processor.py:153} INFO - Started process (PID=2616) to work on /home/airflow/.local/lib/python3.7/site-packages/airflow/example_dags/example_sla_dag.py
[2022-08-19 23:09:42,916] {processor.py:641} INFO - Processing file /home/airflow/.local/lib/python3.7/site-packages/airflow/example_dags/example_sla_dag.py for tasks to queue
[2022-08-19 23:09:42,923] {logging_mixin.py:115} INFO - [2022-08-19 23:09:42,923] {dagbag.py:508} INFO - Filling up the DagBag from /home/airflow/.local/lib/python3.7/site-packages/airflow/example_dags/example_sla_dag.py
[2022-08-19 23:09:42,964] {processor.py:651} INFO - DAG(s) dict_keys(['example_sla_dag']) retrieved from /home/airflow/.local/lib/python3.7/site-packages/airflow/example_dags/example_sla_dag.py
[2022-08-19 23:09:43,015] {logging_mixin.py:115} INFO - [2022-08-19 23:09:43,015] {dag.py:2420} INFO - Sync 1 DAGs
[2022-08-19 23:09:43,051] {logging_mixin.py:115} INFO - [2022-08-19 23:09:43,051] {dag.py:2972} INFO - Setting next_dagrun for example_sla_dag to 2022-08-19T23:06:00+00:00, run_after=2022-08-19T23:08:00+00:00
[2022-08-19 23:09:43,062] {processor.py:161} INFO - Processing /home/airflow/.local/lib/python3.7/site-packages/airflow/example_dags/example_sla_dag.py took 0.151 seconds
[2022-08-19 23:10:13,218] {processor.py:153} INFO - Started process (PID=2755) to work on /home/airflow/.local/lib/python3.7/site-packages/airflow/example_dags/example_sla_dag.py
[2022-08-19 23:10:13,221] {processor.py:641} INFO - Processing file /home/airflow/.local/lib/python3.7/site-packages/airflow/example_dags/example_sla_dag.py for tasks to queue
[2022-08-19 23:10:13,222] {logging_mixin.py:115} INFO - [2022-08-19 23:10:13,222] {dagbag.py:508} INFO - Filling up the DagBag from /home/airflow/.local/lib/python3.7/site-packages/airflow/example_dags/example_sla_dag.py
[2022-08-19 23:10:13,248] {processor.py:651} INFO - DAG(s) dict_keys(['example_sla_dag']) retrieved from /home/airflow/.local/lib/python3.7/site-packages/airflow/example_dags/example_sla_dag.py
[2022-08-19 23:10:13,295] {logging_mixin.py:115} INFO - [2022-08-19 23:10:13,295] {dag.py:2420} INFO - Sync 1 DAGs
[2022-08-19 23:10:13,344] {logging_mixin.py:115} INFO - [2022-08-19 23:10:13,344] {dag.py:2972} INFO - Setting next_dagrun for example_sla_dag to 2022-08-19T23:08:00+00:00, run_after=2022-08-19T23:10:00+00:00
[2022-08-19 23:10:13,378] {processor.py:161} INFO - Processing /home/airflow/.local/lib/python3.7/site-packages/airflow/example_dags/example_sla_dag.py took 0.163 seconds
[2022-08-19 23:10:43,744] {processor.py:153} INFO - Started process (PID=2883) to work on /home/airflow/.local/lib/python3.7/site-packages/airflow/example_dags/example_sla_dag.py
[2022-08-19 23:10:43,745] {processor.py:641} INFO - Processing file /home/airflow/.local/lib/python3.7/site-packages/airflow/example_dags/example_sla_dag.py for tasks to queue
[2022-08-19 23:10:43,746] {logging_mixin.py:115} INFO - [2022-08-19 23:10:43,746] {dagbag.py:508} INFO - Filling up the DagBag from /home/airflow/.local/lib/python3.7/site-packages/airflow/example_dags/example_sla_dag.py
[2022-08-19 23:10:43,762] {processor.py:651} INFO - DAG(s) dict_keys(['example_sla_dag']) retrieved from /home/airflow/.local/lib/python3.7/site-packages/airflow/example_dags/example_sla_dag.py
[2022-08-19 23:10:43,803] {logging_mixin.py:115} INFO - [2022-08-19 23:10:43,803] {dag.py:2420} INFO - Sync 1 DAGs
[2022-08-19 23:10:43,848] {logging_mixin.py:115} INFO - [2022-08-19 23:10:43,848] {dag.py:2972} INFO - Setting next_dagrun for example_sla_dag to 2022-08-19T23:08:00+00:00, run_after=2022-08-19T23:10:00+00:00
[2022-08-19 23:10:43,868] {processor.py:161} INFO - Processing /home/airflow/.local/lib/python3.7/site-packages/airflow/example_dags/example_sla_dag.py took 0.126 seconds
[2022-08-19 23:11:14,536] {processor.py:153} INFO - Started process (PID=2995) to work on /home/airflow/.local/lib/python3.7/site-packages/airflow/example_dags/example_sla_dag.py
[2022-08-19 23:11:14,537] {processor.py:641} INFO - Processing file /home/airflow/.local/lib/python3.7/site-packages/airflow/example_dags/example_sla_dag.py for tasks to queue
[2022-08-19 23:11:14,538] {logging_mixin.py:115} INFO - [2022-08-19 23:11:14,538] {dagbag.py:508} INFO - Filling up the DagBag from /home/airflow/.local/lib/python3.7/site-packages/airflow/example_dags/example_sla_dag.py
[2022-08-19 23:11:14,550] {processor.py:651} INFO - DAG(s) dict_keys(['example_sla_dag']) retrieved from /home/airflow/.local/lib/python3.7/site-packages/airflow/example_dags/example_sla_dag.py
[2022-08-19 23:11:14,574] {logging_mixin.py:115} INFO - [2022-08-19 23:11:14,574] {dag.py:2420} INFO - Sync 1 DAGs
[2022-08-19 23:11:14,589] {logging_mixin.py:115} INFO - [2022-08-19 23:11:14,589] {dag.py:2972} INFO - Setting next_dagrun for example_sla_dag to 2022-08-19T23:08:00+00:00, run_after=2022-08-19T23:10:00+00:00
[2022-08-19 23:11:14,596] {processor.py:161} INFO - Processing /home/airflow/.local/lib/python3.7/site-packages/airflow/example_dags/example_sla_dag.py took 0.063 seconds
[2022-08-19 23:11:45,045] {processor.py:153} INFO - Started process (PID=3119) to work on /home/airflow/.local/lib/python3.7/site-packages/airflow/example_dags/example_sla_dag.py
[2022-08-19 23:11:45,046] {processor.py:641} INFO - Processing file /home/airflow/.local/lib/python3.7/site-packages/airflow/example_dags/example_sla_dag.py for tasks to queue
[2022-08-19 23:11:45,047] {logging_mixin.py:115} INFO - [2022-08-19 23:11:45,047] {dagbag.py:508} INFO - Filling up the DagBag from /home/airflow/.local/lib/python3.7/site-packages/airflow/example_dags/example_sla_dag.py
[2022-08-19 23:11:45,063] {processor.py:651} INFO - DAG(s) dict_keys(['example_sla_dag']) retrieved from /home/airflow/.local/lib/python3.7/site-packages/airflow/example_dags/example_sla_dag.py
[2022-08-19 23:11:45,090] {logging_mixin.py:115} INFO - [2022-08-19 23:11:45,090] {dag.py:2420} INFO - Sync 1 DAGs
[2022-08-19 23:11:45,112] {logging_mixin.py:115} INFO - [2022-08-19 23:11:45,112] {dag.py:2972} INFO - Setting next_dagrun for example_sla_dag to 2022-08-19T23:08:00+00:00, run_after=2022-08-19T23:10:00+00:00
[2022-08-19 23:11:45,123] {processor.py:161} INFO - Processing /home/airflow/.local/lib/python3.7/site-packages/airflow/example_dags/example_sla_dag.py took 0.081 seconds
[2022-08-19 23:12:15,170] {processor.py:153} INFO - Started process (PID=3241) to work on /home/airflow/.local/lib/python3.7/site-packages/airflow/example_dags/example_sla_dag.py
[2022-08-19 23:12:15,171] {processor.py:641} INFO - Processing file /home/airflow/.local/lib/python3.7/site-packages/airflow/example_dags/example_sla_dag.py for tasks to queue
[2022-08-19 23:12:15,172] {logging_mixin.py:115} INFO - [2022-08-19 23:12:15,172] {dagbag.py:508} INFO - Filling up the DagBag from /home/airflow/.local/lib/python3.7/site-packages/airflow/example_dags/example_sla_dag.py
[2022-08-19 23:12:15,183] {processor.py:651} INFO - DAG(s) dict_keys(['example_sla_dag']) retrieved from /home/airflow/.local/lib/python3.7/site-packages/airflow/example_dags/example_sla_dag.py
[2022-08-19 23:12:15,202] {logging_mixin.py:115} INFO - [2022-08-19 23:12:15,201] {dag.py:2420} INFO - Sync 1 DAGs
[2022-08-19 23:12:15,216] {logging_mixin.py:115} INFO - [2022-08-19 23:12:15,215] {dag.py:2972} INFO - Setting next_dagrun for example_sla_dag to 2022-08-19T23:10:00+00:00, run_after=2022-08-19T23:12:00+00:00
[2022-08-19 23:12:15,223] {processor.py:161} INFO - Processing /home/airflow/.local/lib/python3.7/site-packages/airflow/example_dags/example_sla_dag.py took 0.056 seconds
[2022-08-19 23:12:45,790] {processor.py:153} INFO - Started process (PID=3379) to work on /home/airflow/.local/lib/python3.7/site-packages/airflow/example_dags/example_sla_dag.py
[2022-08-19 23:12:45,792] {processor.py:641} INFO - Processing file /home/airflow/.local/lib/python3.7/site-packages/airflow/example_dags/example_sla_dag.py for tasks to queue
[2022-08-19 23:12:45,793] {logging_mixin.py:115} INFO - [2022-08-19 23:12:45,793] {dagbag.py:508} INFO - Filling up the DagBag from /home/airflow/.local/lib/python3.7/site-packages/airflow/example_dags/example_sla_dag.py
[2022-08-19 23:12:45,812] {processor.py:651} INFO - DAG(s) dict_keys(['example_sla_dag']) retrieved from /home/airflow/.local/lib/python3.7/site-packages/airflow/example_dags/example_sla_dag.py
[2022-08-19 23:12:45,840] {logging_mixin.py:115} INFO - [2022-08-19 23:12:45,840] {dag.py:2420} INFO - Sync 1 DAGs
[2022-08-19 23:12:45,859] {logging_mixin.py:115} INFO - [2022-08-19 23:12:45,859] {dag.py:2972} INFO - Setting next_dagrun for example_sla_dag to 2022-08-19T23:10:00+00:00, run_after=2022-08-19T23:12:00+00:00
[2022-08-19 23:12:45,873] {processor.py:161} INFO - Processing /home/airflow/.local/lib/python3.7/site-packages/airflow/example_dags/example_sla_dag.py took 0.086 seconds
[2022-08-19 23:13:15,981] {processor.py:153} INFO - Started process (PID=3491) to work on /home/airflow/.local/lib/python3.7/site-packages/airflow/example_dags/example_sla_dag.py
[2022-08-19 23:13:15,982] {processor.py:641} INFO - Processing file /home/airflow/.local/lib/python3.7/site-packages/airflow/example_dags/example_sla_dag.py for tasks to queue
[2022-08-19 23:13:15,984] {logging_mixin.py:115} INFO - [2022-08-19 23:13:15,984] {dagbag.py:508} INFO - Filling up the DagBag from /home/airflow/.local/lib/python3.7/site-packages/airflow/example_dags/example_sla_dag.py
[2022-08-19 23:13:15,996] {processor.py:651} INFO - DAG(s) dict_keys(['example_sla_dag']) retrieved from /home/airflow/.local/lib/python3.7/site-packages/airflow/example_dags/example_sla_dag.py
[2022-08-19 23:13:16,017] {logging_mixin.py:115} INFO - [2022-08-19 23:13:16,017] {dag.py:2420} INFO - Sync 1 DAGs
[2022-08-19 23:13:16,033] {logging_mixin.py:115} INFO - [2022-08-19 23:13:16,033] {dag.py:2972} INFO - Setting next_dagrun for example_sla_dag to 2022-08-19T23:10:00+00:00, run_after=2022-08-19T23:12:00+00:00
[2022-08-19 23:13:16,040] {processor.py:161} INFO - Processing /home/airflow/.local/lib/python3.7/site-packages/airflow/example_dags/example_sla_dag.py took 0.062 seconds
[2022-08-19 23:13:46,305] {processor.py:153} INFO - Started process (PID=3611) to work on /home/airflow/.local/lib/python3.7/site-packages/airflow/example_dags/example_sla_dag.py
[2022-08-19 23:13:46,307] {processor.py:641} INFO - Processing file /home/airflow/.local/lib/python3.7/site-packages/airflow/example_dags/example_sla_dag.py for tasks to queue
[2022-08-19 23:13:46,308] {logging_mixin.py:115} INFO - [2022-08-19 23:13:46,308] {dagbag.py:508} INFO - Filling up the DagBag from /home/airflow/.local/lib/python3.7/site-packages/airflow/example_dags/example_sla_dag.py
[2022-08-19 23:13:46,319] {processor.py:651} INFO - DAG(s) dict_keys(['example_sla_dag']) retrieved from /home/airflow/.local/lib/python3.7/site-packages/airflow/example_dags/example_sla_dag.py
[2022-08-19 23:13:46,336] {logging_mixin.py:115} INFO - [2022-08-19 23:13:46,336] {dag.py:2420} INFO - Sync 1 DAGs
[2022-08-19 23:13:46,351] {logging_mixin.py:115} INFO - [2022-08-19 23:13:46,351] {dag.py:2972} INFO - Setting next_dagrun for example_sla_dag to 2022-08-19T23:10:00+00:00, run_after=2022-08-19T23:12:00+00:00
[2022-08-19 23:13:46,358] {processor.py:161} INFO - Processing /home/airflow/.local/lib/python3.7/site-packages/airflow/example_dags/example_sla_dag.py took 0.056 seconds
[2022-08-19 23:14:16,878] {processor.py:153} INFO - Started process (PID=3752) to work on /home/airflow/.local/lib/python3.7/site-packages/airflow/example_dags/example_sla_dag.py
[2022-08-19 23:14:16,879] {processor.py:641} INFO - Processing file /home/airflow/.local/lib/python3.7/site-packages/airflow/example_dags/example_sla_dag.py for tasks to queue
[2022-08-19 23:14:16,880] {logging_mixin.py:115} INFO - [2022-08-19 23:14:16,880] {dagbag.py:508} INFO - Filling up the DagBag from /home/airflow/.local/lib/python3.7/site-packages/airflow/example_dags/example_sla_dag.py
[2022-08-19 23:14:16,891] {processor.py:651} INFO - DAG(s) dict_keys(['example_sla_dag']) retrieved from /home/airflow/.local/lib/python3.7/site-packages/airflow/example_dags/example_sla_dag.py
[2022-08-19 23:14:16,910] {logging_mixin.py:115} INFO - [2022-08-19 23:14:16,910] {dag.py:2420} INFO - Sync 1 DAGs
[2022-08-19 23:14:16,926] {logging_mixin.py:115} INFO - [2022-08-19 23:14:16,926] {dag.py:2972} INFO - Setting next_dagrun for example_sla_dag to 2022-08-19T23:12:00+00:00, run_after=2022-08-19T23:14:00+00:00
[2022-08-19 23:14:16,934] {processor.py:161} INFO - Processing /home/airflow/.local/lib/python3.7/site-packages/airflow/example_dags/example_sla_dag.py took 0.058 seconds
[2022-08-19 23:14:47,562] {processor.py:153} INFO - Started process (PID=3901) to work on /home/airflow/.local/lib/python3.7/site-packages/airflow/example_dags/example_sla_dag.py
[2022-08-19 23:14:47,566] {processor.py:641} INFO - Processing file /home/airflow/.local/lib/python3.7/site-packages/airflow/example_dags/example_sla_dag.py for tasks to queue
[2022-08-19 23:14:47,568] {logging_mixin.py:115} INFO - [2022-08-19 23:14:47,568] {dagbag.py:508} INFO - Filling up the DagBag from /home/airflow/.local/lib/python3.7/site-packages/airflow/example_dags/example_sla_dag.py
[2022-08-19 23:14:47,589] {processor.py:651} INFO - DAG(s) dict_keys(['example_sla_dag']) retrieved from /home/airflow/.local/lib/python3.7/site-packages/airflow/example_dags/example_sla_dag.py
[2022-08-19 23:14:47,625] {logging_mixin.py:115} INFO - [2022-08-19 23:14:47,625] {dag.py:2420} INFO - Sync 1 DAGs
[2022-08-19 23:14:47,645] {logging_mixin.py:115} INFO - [2022-08-19 23:14:47,645] {dag.py:2972} INFO - Setting next_dagrun for example_sla_dag to 2022-08-19T23:12:00+00:00, run_after=2022-08-19T23:14:00+00:00
[2022-08-19 23:14:47,660] {processor.py:161} INFO - Processing /home/airflow/.local/lib/python3.7/site-packages/airflow/example_dags/example_sla_dag.py took 0.101 seconds
[2022-08-19 23:15:18,242] {processor.py:153} INFO - Started process (PID=4016) to work on /home/airflow/.local/lib/python3.7/site-packages/airflow/example_dags/example_sla_dag.py
[2022-08-19 23:15:18,243] {processor.py:641} INFO - Processing file /home/airflow/.local/lib/python3.7/site-packages/airflow/example_dags/example_sla_dag.py for tasks to queue
[2022-08-19 23:15:18,244] {logging_mixin.py:115} INFO - [2022-08-19 23:15:18,244] {dagbag.py:508} INFO - Filling up the DagBag from /home/airflow/.local/lib/python3.7/site-packages/airflow/example_dags/example_sla_dag.py
[2022-08-19 23:15:18,256] {processor.py:651} INFO - DAG(s) dict_keys(['example_sla_dag']) retrieved from /home/airflow/.local/lib/python3.7/site-packages/airflow/example_dags/example_sla_dag.py
[2022-08-19 23:15:18,273] {logging_mixin.py:115} INFO - [2022-08-19 23:15:18,273] {dag.py:2420} INFO - Sync 1 DAGs
[2022-08-19 23:15:18,290] {logging_mixin.py:115} INFO - [2022-08-19 23:15:18,290] {dag.py:2972} INFO - Setting next_dagrun for example_sla_dag to 2022-08-19T23:12:00+00:00, run_after=2022-08-19T23:14:00+00:00
[2022-08-19 23:15:18,298] {processor.py:161} INFO - Processing /home/airflow/.local/lib/python3.7/site-packages/airflow/example_dags/example_sla_dag.py took 0.058 seconds
[2022-08-19 23:15:48,887] {processor.py:153} INFO - Started process (PID=4143) to work on /home/airflow/.local/lib/python3.7/site-packages/airflow/example_dags/example_sla_dag.py
[2022-08-19 23:15:48,889] {processor.py:641} INFO - Processing file /home/airflow/.local/lib/python3.7/site-packages/airflow/example_dags/example_sla_dag.py for tasks to queue
[2022-08-19 23:15:48,892] {logging_mixin.py:115} INFO - [2022-08-19 23:15:48,892] {dagbag.py:508} INFO - Filling up the DagBag from /home/airflow/.local/lib/python3.7/site-packages/airflow/example_dags/example_sla_dag.py
[2022-08-19 23:15:48,909] {processor.py:651} INFO - DAG(s) dict_keys(['example_sla_dag']) retrieved from /home/airflow/.local/lib/python3.7/site-packages/airflow/example_dags/example_sla_dag.py
[2022-08-19 23:15:48,938] {logging_mixin.py:115} INFO - [2022-08-19 23:15:48,938] {dag.py:2420} INFO - Sync 1 DAGs
[2022-08-19 23:15:48,986] {logging_mixin.py:115} INFO - [2022-08-19 23:15:48,985] {dag.py:2972} INFO - Setting next_dagrun for example_sla_dag to 2022-08-19T23:12:00+00:00, run_after=2022-08-19T23:14:00+00:00
[2022-08-19 23:15:49,011] {processor.py:161} INFO - Processing /home/airflow/.local/lib/python3.7/site-packages/airflow/example_dags/example_sla_dag.py took 0.132 seconds
[2022-08-19 23:16:19,216] {processor.py:153} INFO - Started process (PID=4296) to work on /home/airflow/.local/lib/python3.7/site-packages/airflow/example_dags/example_sla_dag.py
[2022-08-19 23:16:19,220] {processor.py:641} INFO - Processing file /home/airflow/.local/lib/python3.7/site-packages/airflow/example_dags/example_sla_dag.py for tasks to queue
[2022-08-19 23:16:19,222] {logging_mixin.py:115} INFO - [2022-08-19 23:16:19,222] {dagbag.py:508} INFO - Filling up the DagBag from /home/airflow/.local/lib/python3.7/site-packages/airflow/example_dags/example_sla_dag.py
[2022-08-19 23:16:19,241] {processor.py:651} INFO - DAG(s) dict_keys(['example_sla_dag']) retrieved from /home/airflow/.local/lib/python3.7/site-packages/airflow/example_dags/example_sla_dag.py
[2022-08-19 23:16:19,273] {logging_mixin.py:115} INFO - [2022-08-19 23:16:19,273] {dag.py:2420} INFO - Sync 1 DAGs
[2022-08-19 23:16:19,297] {logging_mixin.py:115} INFO - [2022-08-19 23:16:19,297] {dag.py:2972} INFO - Setting next_dagrun for example_sla_dag to 2022-08-19T23:14:00+00:00, run_after=2022-08-19T23:16:00+00:00
[2022-08-19 23:16:19,309] {processor.py:161} INFO - Processing /home/airflow/.local/lib/python3.7/site-packages/airflow/example_dags/example_sla_dag.py took 0.096 seconds
[2022-08-19 23:16:50,117] {processor.py:153} INFO - Started process (PID=4419) to work on /home/airflow/.local/lib/python3.7/site-packages/airflow/example_dags/example_sla_dag.py
[2022-08-19 23:16:50,119] {processor.py:641} INFO - Processing file /home/airflow/.local/lib/python3.7/site-packages/airflow/example_dags/example_sla_dag.py for tasks to queue
[2022-08-19 23:16:50,120] {logging_mixin.py:115} INFO - [2022-08-19 23:16:50,120] {dagbag.py:508} INFO - Filling up the DagBag from /home/airflow/.local/lib/python3.7/site-packages/airflow/example_dags/example_sla_dag.py
[2022-08-19 23:16:50,147] {processor.py:651} INFO - DAG(s) dict_keys(['example_sla_dag']) retrieved from /home/airflow/.local/lib/python3.7/site-packages/airflow/example_dags/example_sla_dag.py
[2022-08-19 23:16:50,194] {logging_mixin.py:115} INFO - [2022-08-19 23:16:50,194] {dag.py:2420} INFO - Sync 1 DAGs
[2022-08-19 23:16:50,221] {logging_mixin.py:115} INFO - [2022-08-19 23:16:50,220] {dag.py:2972} INFO - Setting next_dagrun for example_sla_dag to 2022-08-19T23:14:00+00:00, run_after=2022-08-19T23:16:00+00:00
[2022-08-19 23:16:50,235] {processor.py:161} INFO - Processing /home/airflow/.local/lib/python3.7/site-packages/airflow/example_dags/example_sla_dag.py took 0.121 seconds
[2022-08-19 23:17:20,571] {processor.py:153} INFO - Started process (PID=4567) to work on /home/airflow/.local/lib/python3.7/site-packages/airflow/example_dags/example_sla_dag.py
[2022-08-19 23:17:20,573] {processor.py:641} INFO - Processing file /home/airflow/.local/lib/python3.7/site-packages/airflow/example_dags/example_sla_dag.py for tasks to queue
[2022-08-19 23:17:20,575] {logging_mixin.py:115} INFO - [2022-08-19 23:17:20,575] {dagbag.py:508} INFO - Filling up the DagBag from /home/airflow/.local/lib/python3.7/site-packages/airflow/example_dags/example_sla_dag.py
[2022-08-19 23:17:20,604] {processor.py:651} INFO - DAG(s) dict_keys(['example_sla_dag']) retrieved from /home/airflow/.local/lib/python3.7/site-packages/airflow/example_dags/example_sla_dag.py
[2022-08-19 23:17:20,645] {logging_mixin.py:115} INFO - [2022-08-19 23:17:20,645] {dag.py:2420} INFO - Sync 1 DAGs
[2022-08-19 23:17:20,675] {logging_mixin.py:115} INFO - [2022-08-19 23:17:20,675] {dag.py:2972} INFO - Setting next_dagrun for example_sla_dag to 2022-08-19T23:14:00+00:00, run_after=2022-08-19T23:16:00+00:00
[2022-08-19 23:17:20,690] {processor.py:161} INFO - Processing /home/airflow/.local/lib/python3.7/site-packages/airflow/example_dags/example_sla_dag.py took 0.122 seconds
[2022-08-19 23:17:51,037] {processor.py:153} INFO - Started process (PID=4676) to work on /home/airflow/.local/lib/python3.7/site-packages/airflow/example_dags/example_sla_dag.py
[2022-08-19 23:17:51,041] {processor.py:641} INFO - Processing file /home/airflow/.local/lib/python3.7/site-packages/airflow/example_dags/example_sla_dag.py for tasks to queue
[2022-08-19 23:17:51,042] {logging_mixin.py:115} INFO - [2022-08-19 23:17:51,042] {dagbag.py:508} INFO - Filling up the DagBag from /home/airflow/.local/lib/python3.7/site-packages/airflow/example_dags/example_sla_dag.py
[2022-08-19 23:17:51,060] {processor.py:651} INFO - DAG(s) dict_keys(['example_sla_dag']) retrieved from /home/airflow/.local/lib/python3.7/site-packages/airflow/example_dags/example_sla_dag.py
[2022-08-19 23:17:51,089] {logging_mixin.py:115} INFO - [2022-08-19 23:17:51,089] {dag.py:2420} INFO - Sync 1 DAGs
[2022-08-19 23:17:51,118] {logging_mixin.py:115} INFO - [2022-08-19 23:17:51,118] {dag.py:2972} INFO - Setting next_dagrun for example_sla_dag to 2022-08-19T23:14:00+00:00, run_after=2022-08-19T23:16:00+00:00
[2022-08-19 23:17:51,137] {processor.py:161} INFO - Processing /home/airflow/.local/lib/python3.7/site-packages/airflow/example_dags/example_sla_dag.py took 0.102 seconds
[2022-08-19 23:18:21,571] {processor.py:153} INFO - Started process (PID=4825) to work on /home/airflow/.local/lib/python3.7/site-packages/airflow/example_dags/example_sla_dag.py
[2022-08-19 23:18:21,574] {processor.py:641} INFO - Processing file /home/airflow/.local/lib/python3.7/site-packages/airflow/example_dags/example_sla_dag.py for tasks to queue
[2022-08-19 23:18:21,575] {logging_mixin.py:115} INFO - [2022-08-19 23:18:21,575] {dagbag.py:508} INFO - Filling up the DagBag from /home/airflow/.local/lib/python3.7/site-packages/airflow/example_dags/example_sla_dag.py
[2022-08-19 23:18:21,599] {processor.py:651} INFO - DAG(s) dict_keys(['example_sla_dag']) retrieved from /home/airflow/.local/lib/python3.7/site-packages/airflow/example_dags/example_sla_dag.py
[2022-08-19 23:18:21,655] {logging_mixin.py:115} INFO - [2022-08-19 23:18:21,654] {dag.py:2420} INFO - Sync 1 DAGs
[2022-08-19 23:18:21,686] {logging_mixin.py:115} INFO - [2022-08-19 23:18:21,686] {dag.py:2972} INFO - Setting next_dagrun for example_sla_dag to 2022-08-19T23:16:00+00:00, run_after=2022-08-19T23:18:00+00:00
[2022-08-19 23:18:21,708] {processor.py:161} INFO - Processing /home/airflow/.local/lib/python3.7/site-packages/airflow/example_dags/example_sla_dag.py took 0.140 seconds
[2022-08-19 23:18:52,443] {processor.py:153} INFO - Started process (PID=4954) to work on /home/airflow/.local/lib/python3.7/site-packages/airflow/example_dags/example_sla_dag.py
[2022-08-19 23:18:52,444] {processor.py:641} INFO - Processing file /home/airflow/.local/lib/python3.7/site-packages/airflow/example_dags/example_sla_dag.py for tasks to queue
[2022-08-19 23:18:52,445] {logging_mixin.py:115} INFO - [2022-08-19 23:18:52,445] {dagbag.py:508} INFO - Filling up the DagBag from /home/airflow/.local/lib/python3.7/site-packages/airflow/example_dags/example_sla_dag.py
[2022-08-19 23:18:52,460] {processor.py:651} INFO - DAG(s) dict_keys(['example_sla_dag']) retrieved from /home/airflow/.local/lib/python3.7/site-packages/airflow/example_dags/example_sla_dag.py
[2022-08-19 23:18:52,480] {logging_mixin.py:115} INFO - [2022-08-19 23:18:52,480] {dag.py:2420} INFO - Sync 1 DAGs
[2022-08-19 23:18:52,497] {logging_mixin.py:115} INFO - [2022-08-19 23:18:52,497] {dag.py:2972} INFO - Setting next_dagrun for example_sla_dag to 2022-08-19T23:16:00+00:00, run_after=2022-08-19T23:18:00+00:00
[2022-08-19 23:18:52,506] {processor.py:161} INFO - Processing /home/airflow/.local/lib/python3.7/site-packages/airflow/example_dags/example_sla_dag.py took 0.066 seconds
[2022-08-19 23:19:22,784] {processor.py:153} INFO - Started process (PID=5087) to work on /home/airflow/.local/lib/python3.7/site-packages/airflow/example_dags/example_sla_dag.py
[2022-08-19 23:19:22,785] {processor.py:641} INFO - Processing file /home/airflow/.local/lib/python3.7/site-packages/airflow/example_dags/example_sla_dag.py for tasks to queue
[2022-08-19 23:19:22,787] {logging_mixin.py:115} INFO - [2022-08-19 23:19:22,787] {dagbag.py:508} INFO - Filling up the DagBag from /home/airflow/.local/lib/python3.7/site-packages/airflow/example_dags/example_sla_dag.py
[2022-08-19 23:19:22,804] {processor.py:651} INFO - DAG(s) dict_keys(['example_sla_dag']) retrieved from /home/airflow/.local/lib/python3.7/site-packages/airflow/example_dags/example_sla_dag.py
[2022-08-19 23:19:22,830] {logging_mixin.py:115} INFO - [2022-08-19 23:19:22,830] {dag.py:2420} INFO - Sync 1 DAGs
[2022-08-19 23:19:22,853] {logging_mixin.py:115} INFO - [2022-08-19 23:19:22,853] {dag.py:2972} INFO - Setting next_dagrun for example_sla_dag to 2022-08-19T23:16:00+00:00, run_after=2022-08-19T23:18:00+00:00
[2022-08-19 23:19:22,871] {processor.py:161} INFO - Processing /home/airflow/.local/lib/python3.7/site-packages/airflow/example_dags/example_sla_dag.py took 0.089 seconds
[2022-08-19 23:19:53,134] {processor.py:153} INFO - Started process (PID=5227) to work on /home/airflow/.local/lib/python3.7/site-packages/airflow/example_dags/example_sla_dag.py
[2022-08-19 23:19:53,137] {processor.py:641} INFO - Processing file /home/airflow/.local/lib/python3.7/site-packages/airflow/example_dags/example_sla_dag.py for tasks to queue
[2022-08-19 23:19:53,139] {logging_mixin.py:115} INFO - [2022-08-19 23:19:53,138] {dagbag.py:508} INFO - Filling up the DagBag from /home/airflow/.local/lib/python3.7/site-packages/airflow/example_dags/example_sla_dag.py
[2022-08-19 23:19:53,157] {processor.py:651} INFO - DAG(s) dict_keys(['example_sla_dag']) retrieved from /home/airflow/.local/lib/python3.7/site-packages/airflow/example_dags/example_sla_dag.py
[2022-08-19 23:19:53,187] {logging_mixin.py:115} INFO - [2022-08-19 23:19:53,187] {dag.py:2420} INFO - Sync 1 DAGs
[2022-08-19 23:19:53,211] {logging_mixin.py:115} INFO - [2022-08-19 23:19:53,211] {dag.py:2972} INFO - Setting next_dagrun for example_sla_dag to 2022-08-19T23:16:00+00:00, run_after=2022-08-19T23:18:00+00:00
[2022-08-19 23:19:53,223] {processor.py:161} INFO - Processing /home/airflow/.local/lib/python3.7/site-packages/airflow/example_dags/example_sla_dag.py took 0.093 seconds
[2022-08-19 23:20:23,922] {processor.py:153} INFO - Started process (PID=5349) to work on /home/airflow/.local/lib/python3.7/site-packages/airflow/example_dags/example_sla_dag.py
[2022-08-19 23:20:23,924] {processor.py:641} INFO - Processing file /home/airflow/.local/lib/python3.7/site-packages/airflow/example_dags/example_sla_dag.py for tasks to queue
[2022-08-19 23:20:23,925] {logging_mixin.py:115} INFO - [2022-08-19 23:20:23,925] {dagbag.py:508} INFO - Filling up the DagBag from /home/airflow/.local/lib/python3.7/site-packages/airflow/example_dags/example_sla_dag.py
[2022-08-19 23:20:23,943] {processor.py:651} INFO - DAG(s) dict_keys(['example_sla_dag']) retrieved from /home/airflow/.local/lib/python3.7/site-packages/airflow/example_dags/example_sla_dag.py
[2022-08-19 23:20:23,982] {logging_mixin.py:115} INFO - [2022-08-19 23:20:23,982] {dag.py:2420} INFO - Sync 1 DAGs
[2022-08-19 23:20:24,007] {logging_mixin.py:115} INFO - [2022-08-19 23:20:24,007] {dag.py:2972} INFO - Setting next_dagrun for example_sla_dag to 2022-08-19T23:18:00+00:00, run_after=2022-08-19T23:20:00+00:00
[2022-08-19 23:20:24,031] {processor.py:161} INFO - Processing /home/airflow/.local/lib/python3.7/site-packages/airflow/example_dags/example_sla_dag.py took 0.111 seconds
[2022-08-19 23:20:54,560] {processor.py:153} INFO - Started process (PID=5471) to work on /home/airflow/.local/lib/python3.7/site-packages/airflow/example_dags/example_sla_dag.py
[2022-08-19 23:20:54,562] {processor.py:641} INFO - Processing file /home/airflow/.local/lib/python3.7/site-packages/airflow/example_dags/example_sla_dag.py for tasks to queue
[2022-08-19 23:20:54,563] {logging_mixin.py:115} INFO - [2022-08-19 23:20:54,563] {dagbag.py:508} INFO - Filling up the DagBag from /home/airflow/.local/lib/python3.7/site-packages/airflow/example_dags/example_sla_dag.py
[2022-08-19 23:20:54,587] {processor.py:651} INFO - DAG(s) dict_keys(['example_sla_dag']) retrieved from /home/airflow/.local/lib/python3.7/site-packages/airflow/example_dags/example_sla_dag.py
[2022-08-19 23:20:54,618] {logging_mixin.py:115} INFO - [2022-08-19 23:20:54,618] {dag.py:2420} INFO - Sync 1 DAGs
[2022-08-19 23:20:54,644] {logging_mixin.py:115} INFO - [2022-08-19 23:20:54,644] {dag.py:2972} INFO - Setting next_dagrun for example_sla_dag to 2022-08-19T23:18:00+00:00, run_after=2022-08-19T23:20:00+00:00
[2022-08-19 23:20:54,661] {processor.py:161} INFO - Processing /home/airflow/.local/lib/python3.7/site-packages/airflow/example_dags/example_sla_dag.py took 0.103 seconds
[2022-08-19 23:21:24,895] {processor.py:153} INFO - Started process (PID=5586) to work on /home/airflow/.local/lib/python3.7/site-packages/airflow/example_dags/example_sla_dag.py
[2022-08-19 23:21:24,897] {processor.py:641} INFO - Processing file /home/airflow/.local/lib/python3.7/site-packages/airflow/example_dags/example_sla_dag.py for tasks to queue
[2022-08-19 23:21:24,898] {logging_mixin.py:115} INFO - [2022-08-19 23:21:24,898] {dagbag.py:508} INFO - Filling up the DagBag from /home/airflow/.local/lib/python3.7/site-packages/airflow/example_dags/example_sla_dag.py
[2022-08-19 23:21:24,910] {processor.py:651} INFO - DAG(s) dict_keys(['example_sla_dag']) retrieved from /home/airflow/.local/lib/python3.7/site-packages/airflow/example_dags/example_sla_dag.py
[2022-08-19 23:21:24,926] {logging_mixin.py:115} INFO - [2022-08-19 23:21:24,926] {dag.py:2420} INFO - Sync 1 DAGs
[2022-08-19 23:21:24,942] {logging_mixin.py:115} INFO - [2022-08-19 23:21:24,942] {dag.py:2972} INFO - Setting next_dagrun for example_sla_dag to 2022-08-19T23:18:00+00:00, run_after=2022-08-19T23:20:00+00:00
[2022-08-19 23:21:24,950] {processor.py:161} INFO - Processing /home/airflow/.local/lib/python3.7/site-packages/airflow/example_dags/example_sla_dag.py took 0.057 seconds
[2022-08-19 23:21:55,443] {processor.py:153} INFO - Started process (PID=5698) to work on /home/airflow/.local/lib/python3.7/site-packages/airflow/example_dags/example_sla_dag.py
[2022-08-19 23:21:55,444] {processor.py:641} INFO - Processing file /home/airflow/.local/lib/python3.7/site-packages/airflow/example_dags/example_sla_dag.py for tasks to queue
[2022-08-19 23:21:55,446] {logging_mixin.py:115} INFO - [2022-08-19 23:21:55,446] {dagbag.py:508} INFO - Filling up the DagBag from /home/airflow/.local/lib/python3.7/site-packages/airflow/example_dags/example_sla_dag.py
[2022-08-19 23:21:55,457] {processor.py:651} INFO - DAG(s) dict_keys(['example_sla_dag']) retrieved from /home/airflow/.local/lib/python3.7/site-packages/airflow/example_dags/example_sla_dag.py
[2022-08-19 23:21:55,473] {logging_mixin.py:115} INFO - [2022-08-19 23:21:55,473] {dag.py:2420} INFO - Sync 1 DAGs
[2022-08-19 23:21:55,489] {logging_mixin.py:115} INFO - [2022-08-19 23:21:55,489] {dag.py:2972} INFO - Setting next_dagrun for example_sla_dag to 2022-08-19T23:18:00+00:00, run_after=2022-08-19T23:20:00+00:00
[2022-08-19 23:21:55,497] {processor.py:161} INFO - Processing /home/airflow/.local/lib/python3.7/site-packages/airflow/example_dags/example_sla_dag.py took 0.056 seconds
[2022-08-19 23:22:25,957] {processor.py:153} INFO - Started process (PID=5769) to work on /home/airflow/.local/lib/python3.7/site-packages/airflow/example_dags/example_sla_dag.py
[2022-08-19 23:22:25,958] {processor.py:641} INFO - Processing file /home/airflow/.local/lib/python3.7/site-packages/airflow/example_dags/example_sla_dag.py for tasks to queue
[2022-08-19 23:22:25,959] {logging_mixin.py:115} INFO - [2022-08-19 23:22:25,959] {dagbag.py:508} INFO - Filling up the DagBag from /home/airflow/.local/lib/python3.7/site-packages/airflow/example_dags/example_sla_dag.py
[2022-08-19 23:22:25,969] {processor.py:651} INFO - DAG(s) dict_keys(['example_sla_dag']) retrieved from /home/airflow/.local/lib/python3.7/site-packages/airflow/example_dags/example_sla_dag.py
[2022-08-19 23:22:25,986] {logging_mixin.py:115} INFO - [2022-08-19 23:22:25,986] {dag.py:2420} INFO - Sync 1 DAGs
[2022-08-19 23:22:26,001] {logging_mixin.py:115} INFO - [2022-08-19 23:22:26,001] {dag.py:2972} INFO - Setting next_dagrun for example_sla_dag to 2022-08-19T23:20:00+00:00, run_after=2022-08-19T23:22:00+00:00
[2022-08-19 23:22:26,008] {processor.py:161} INFO - Processing /home/airflow/.local/lib/python3.7/site-packages/airflow/example_dags/example_sla_dag.py took 0.054 seconds
[2022-08-19 23:22:56,487] {processor.py:153} INFO - Started process (PID=5841) to work on /home/airflow/.local/lib/python3.7/site-packages/airflow/example_dags/example_sla_dag.py
[2022-08-19 23:22:56,488] {processor.py:641} INFO - Processing file /home/airflow/.local/lib/python3.7/site-packages/airflow/example_dags/example_sla_dag.py for tasks to queue
[2022-08-19 23:22:56,489] {logging_mixin.py:115} INFO - [2022-08-19 23:22:56,489] {dagbag.py:508} INFO - Filling up the DagBag from /home/airflow/.local/lib/python3.7/site-packages/airflow/example_dags/example_sla_dag.py
[2022-08-19 23:22:56,500] {processor.py:651} INFO - DAG(s) dict_keys(['example_sla_dag']) retrieved from /home/airflow/.local/lib/python3.7/site-packages/airflow/example_dags/example_sla_dag.py
[2022-08-19 23:22:56,519] {logging_mixin.py:115} INFO - [2022-08-19 23:22:56,519] {dag.py:2420} INFO - Sync 1 DAGs
[2022-08-19 23:22:56,535] {logging_mixin.py:115} INFO - [2022-08-19 23:22:56,535] {dag.py:2972} INFO - Setting next_dagrun for example_sla_dag to 2022-08-19T23:20:00+00:00, run_after=2022-08-19T23:22:00+00:00
[2022-08-19 23:22:56,542] {processor.py:161} INFO - Processing /home/airflow/.local/lib/python3.7/site-packages/airflow/example_dags/example_sla_dag.py took 0.057 seconds
[2022-08-19 23:23:27,153] {processor.py:153} INFO - Started process (PID=5909) to work on /home/airflow/.local/lib/python3.7/site-packages/airflow/example_dags/example_sla_dag.py
[2022-08-19 23:23:27,154] {processor.py:641} INFO - Processing file /home/airflow/.local/lib/python3.7/site-packages/airflow/example_dags/example_sla_dag.py for tasks to queue
[2022-08-19 23:23:27,156] {logging_mixin.py:115} INFO - [2022-08-19 23:23:27,156] {dagbag.py:508} INFO - Filling up the DagBag from /home/airflow/.local/lib/python3.7/site-packages/airflow/example_dags/example_sla_dag.py
[2022-08-19 23:23:27,167] {processor.py:651} INFO - DAG(s) dict_keys(['example_sla_dag']) retrieved from /home/airflow/.local/lib/python3.7/site-packages/airflow/example_dags/example_sla_dag.py
[2022-08-19 23:23:27,187] {logging_mixin.py:115} INFO - [2022-08-19 23:23:27,187] {dag.py:2420} INFO - Sync 1 DAGs
[2022-08-19 23:23:27,204] {logging_mixin.py:115} INFO - [2022-08-19 23:23:27,204] {dag.py:2972} INFO - Setting next_dagrun for example_sla_dag to 2022-08-19T23:20:00+00:00, run_after=2022-08-19T23:22:00+00:00
[2022-08-19 23:23:27,212] {processor.py:161} INFO - Processing /home/airflow/.local/lib/python3.7/site-packages/airflow/example_dags/example_sla_dag.py took 0.061 seconds
[2022-08-19 23:23:57,625] {processor.py:153} INFO - Started process (PID=5966) to work on /home/airflow/.local/lib/python3.7/site-packages/airflow/example_dags/example_sla_dag.py
[2022-08-19 23:23:57,626] {processor.py:641} INFO - Processing file /home/airflow/.local/lib/python3.7/site-packages/airflow/example_dags/example_sla_dag.py for tasks to queue
[2022-08-19 23:23:57,628] {logging_mixin.py:115} INFO - [2022-08-19 23:23:57,627] {dagbag.py:508} INFO - Filling up the DagBag from /home/airflow/.local/lib/python3.7/site-packages/airflow/example_dags/example_sla_dag.py
[2022-08-19 23:23:57,642] {processor.py:651} INFO - DAG(s) dict_keys(['example_sla_dag']) retrieved from /home/airflow/.local/lib/python3.7/site-packages/airflow/example_dags/example_sla_dag.py
[2022-08-19 23:23:57,662] {logging_mixin.py:115} INFO - [2022-08-19 23:23:57,662] {dag.py:2420} INFO - Sync 1 DAGs
[2022-08-19 23:23:57,676] {logging_mixin.py:115} INFO - [2022-08-19 23:23:57,676] {dag.py:2972} INFO - Setting next_dagrun for example_sla_dag to 2022-08-19T23:20:00+00:00, run_after=2022-08-19T23:22:00+00:00
[2022-08-19 23:23:57,684] {processor.py:161} INFO - Processing /home/airflow/.local/lib/python3.7/site-packages/airflow/example_dags/example_sla_dag.py took 0.062 seconds
[2022-08-19 23:24:27,917] {processor.py:153} INFO - Started process (PID=6033) to work on /home/airflow/.local/lib/python3.7/site-packages/airflow/example_dags/example_sla_dag.py
[2022-08-19 23:24:27,918] {processor.py:641} INFO - Processing file /home/airflow/.local/lib/python3.7/site-packages/airflow/example_dags/example_sla_dag.py for tasks to queue
[2022-08-19 23:24:27,919] {logging_mixin.py:115} INFO - [2022-08-19 23:24:27,919] {dagbag.py:508} INFO - Filling up the DagBag from /home/airflow/.local/lib/python3.7/site-packages/airflow/example_dags/example_sla_dag.py
[2022-08-19 23:24:27,930] {processor.py:651} INFO - DAG(s) dict_keys(['example_sla_dag']) retrieved from /home/airflow/.local/lib/python3.7/site-packages/airflow/example_dags/example_sla_dag.py
[2022-08-19 23:24:27,948] {logging_mixin.py:115} INFO - [2022-08-19 23:24:27,947] {dag.py:2420} INFO - Sync 1 DAGs
[2022-08-19 23:24:27,968] {logging_mixin.py:115} INFO - [2022-08-19 23:24:27,967] {dag.py:2972} INFO - Setting next_dagrun for example_sla_dag to 2022-08-19T23:22:00+00:00, run_after=2022-08-19T23:24:00+00:00
[2022-08-19 23:24:27,977] {processor.py:161} INFO - Processing /home/airflow/.local/lib/python3.7/site-packages/airflow/example_dags/example_sla_dag.py took 0.062 seconds
[2022-08-19 23:24:58,422] {processor.py:153} INFO - Started process (PID=6102) to work on /home/airflow/.local/lib/python3.7/site-packages/airflow/example_dags/example_sla_dag.py
[2022-08-19 23:24:58,424] {processor.py:641} INFO - Processing file /home/airflow/.local/lib/python3.7/site-packages/airflow/example_dags/example_sla_dag.py for tasks to queue
[2022-08-19 23:24:58,427] {logging_mixin.py:115} INFO - [2022-08-19 23:24:58,427] {dagbag.py:508} INFO - Filling up the DagBag from /home/airflow/.local/lib/python3.7/site-packages/airflow/example_dags/example_sla_dag.py
[2022-08-19 23:24:58,438] {processor.py:651} INFO - DAG(s) dict_keys(['example_sla_dag']) retrieved from /home/airflow/.local/lib/python3.7/site-packages/airflow/example_dags/example_sla_dag.py
[2022-08-19 23:24:58,455] {logging_mixin.py:115} INFO - [2022-08-19 23:24:58,455] {dag.py:2420} INFO - Sync 1 DAGs
[2022-08-19 23:24:58,469] {logging_mixin.py:115} INFO - [2022-08-19 23:24:58,469] {dag.py:2972} INFO - Setting next_dagrun for example_sla_dag to 2022-08-19T23:22:00+00:00, run_after=2022-08-19T23:24:00+00:00
[2022-08-19 23:24:58,476] {processor.py:161} INFO - Processing /home/airflow/.local/lib/python3.7/site-packages/airflow/example_dags/example_sla_dag.py took 0.056 seconds
[2022-08-19 23:25:28,794] {processor.py:153} INFO - Started process (PID=6170) to work on /home/airflow/.local/lib/python3.7/site-packages/airflow/example_dags/example_sla_dag.py
[2022-08-19 23:25:28,795] {processor.py:641} INFO - Processing file /home/airflow/.local/lib/python3.7/site-packages/airflow/example_dags/example_sla_dag.py for tasks to queue
[2022-08-19 23:25:28,796] {logging_mixin.py:115} INFO - [2022-08-19 23:25:28,796] {dagbag.py:508} INFO - Filling up the DagBag from /home/airflow/.local/lib/python3.7/site-packages/airflow/example_dags/example_sla_dag.py
[2022-08-19 23:25:28,809] {processor.py:651} INFO - DAG(s) dict_keys(['example_sla_dag']) retrieved from /home/airflow/.local/lib/python3.7/site-packages/airflow/example_dags/example_sla_dag.py
[2022-08-19 23:25:28,826] {logging_mixin.py:115} INFO - [2022-08-19 23:25:28,826] {dag.py:2420} INFO - Sync 1 DAGs
[2022-08-19 23:25:28,842] {logging_mixin.py:115} INFO - [2022-08-19 23:25:28,842] {dag.py:2972} INFO - Setting next_dagrun for example_sla_dag to 2022-08-19T23:22:00+00:00, run_after=2022-08-19T23:24:00+00:00
[2022-08-19 23:25:28,850] {processor.py:161} INFO - Processing /home/airflow/.local/lib/python3.7/site-packages/airflow/example_dags/example_sla_dag.py took 0.060 seconds
[2022-08-19 23:25:59,427] {processor.py:153} INFO - Started process (PID=6238) to work on /home/airflow/.local/lib/python3.7/site-packages/airflow/example_dags/example_sla_dag.py
[2022-08-19 23:25:59,428] {processor.py:641} INFO - Processing file /home/airflow/.local/lib/python3.7/site-packages/airflow/example_dags/example_sla_dag.py for tasks to queue
[2022-08-19 23:25:59,429] {logging_mixin.py:115} INFO - [2022-08-19 23:25:59,429] {dagbag.py:508} INFO - Filling up the DagBag from /home/airflow/.local/lib/python3.7/site-packages/airflow/example_dags/example_sla_dag.py
[2022-08-19 23:25:59,441] {processor.py:651} INFO - DAG(s) dict_keys(['example_sla_dag']) retrieved from /home/airflow/.local/lib/python3.7/site-packages/airflow/example_dags/example_sla_dag.py
[2022-08-19 23:25:59,457] {logging_mixin.py:115} INFO - [2022-08-19 23:25:59,457] {dag.py:2420} INFO - Sync 1 DAGs
[2022-08-19 23:25:59,472] {logging_mixin.py:115} INFO - [2022-08-19 23:25:59,472] {dag.py:2972} INFO - Setting next_dagrun for example_sla_dag to 2022-08-19T23:22:00+00:00, run_after=2022-08-19T23:24:00+00:00
[2022-08-19 23:25:59,480] {processor.py:161} INFO - Processing /home/airflow/.local/lib/python3.7/site-packages/airflow/example_dags/example_sla_dag.py took 0.056 seconds
[2022-08-19 23:26:29,908] {processor.py:153} INFO - Started process (PID=6307) to work on /home/airflow/.local/lib/python3.7/site-packages/airflow/example_dags/example_sla_dag.py
[2022-08-19 23:26:29,910] {processor.py:641} INFO - Processing file /home/airflow/.local/lib/python3.7/site-packages/airflow/example_dags/example_sla_dag.py for tasks to queue
[2022-08-19 23:26:29,911] {logging_mixin.py:115} INFO - [2022-08-19 23:26:29,911] {dagbag.py:508} INFO - Filling up the DagBag from /home/airflow/.local/lib/python3.7/site-packages/airflow/example_dags/example_sla_dag.py
[2022-08-19 23:26:29,924] {processor.py:651} INFO - DAG(s) dict_keys(['example_sla_dag']) retrieved from /home/airflow/.local/lib/python3.7/site-packages/airflow/example_dags/example_sla_dag.py
[2022-08-19 23:26:29,940] {logging_mixin.py:115} INFO - [2022-08-19 23:26:29,940] {dag.py:2420} INFO - Sync 1 DAGs
[2022-08-19 23:26:29,954] {logging_mixin.py:115} INFO - [2022-08-19 23:26:29,954] {dag.py:2972} INFO - Setting next_dagrun for example_sla_dag to 2022-08-19T23:24:00+00:00, run_after=2022-08-19T23:26:00+00:00
[2022-08-19 23:26:29,961] {processor.py:161} INFO - Processing /home/airflow/.local/lib/python3.7/site-packages/airflow/example_dags/example_sla_dag.py took 0.057 seconds
[2022-08-19 23:27:00,361] {processor.py:153} INFO - Started process (PID=6364) to work on /home/airflow/.local/lib/python3.7/site-packages/airflow/example_dags/example_sla_dag.py
[2022-08-19 23:27:00,362] {processor.py:641} INFO - Processing file /home/airflow/.local/lib/python3.7/site-packages/airflow/example_dags/example_sla_dag.py for tasks to queue
[2022-08-19 23:27:00,363] {logging_mixin.py:115} INFO - [2022-08-19 23:27:00,363] {dagbag.py:508} INFO - Filling up the DagBag from /home/airflow/.local/lib/python3.7/site-packages/airflow/example_dags/example_sla_dag.py
[2022-08-19 23:27:00,375] {processor.py:651} INFO - DAG(s) dict_keys(['example_sla_dag']) retrieved from /home/airflow/.local/lib/python3.7/site-packages/airflow/example_dags/example_sla_dag.py
[2022-08-19 23:27:00,395] {logging_mixin.py:115} INFO - [2022-08-19 23:27:00,395] {dag.py:2420} INFO - Sync 1 DAGs
[2022-08-19 23:27:00,412] {logging_mixin.py:115} INFO - [2022-08-19 23:27:00,412] {dag.py:2972} INFO - Setting next_dagrun for example_sla_dag to 2022-08-19T23:24:00+00:00, run_after=2022-08-19T23:26:00+00:00
[2022-08-19 23:27:00,423] {processor.py:161} INFO - Processing /home/airflow/.local/lib/python3.7/site-packages/airflow/example_dags/example_sla_dag.py took 0.064 seconds
[2022-08-19 23:27:30,922] {processor.py:153} INFO - Started process (PID=6431) to work on /home/airflow/.local/lib/python3.7/site-packages/airflow/example_dags/example_sla_dag.py
[2022-08-19 23:27:30,923] {processor.py:641} INFO - Processing file /home/airflow/.local/lib/python3.7/site-packages/airflow/example_dags/example_sla_dag.py for tasks to queue
[2022-08-19 23:27:30,925] {logging_mixin.py:115} INFO - [2022-08-19 23:27:30,925] {dagbag.py:508} INFO - Filling up the DagBag from /home/airflow/.local/lib/python3.7/site-packages/airflow/example_dags/example_sla_dag.py
[2022-08-19 23:27:30,936] {processor.py:651} INFO - DAG(s) dict_keys(['example_sla_dag']) retrieved from /home/airflow/.local/lib/python3.7/site-packages/airflow/example_dags/example_sla_dag.py
[2022-08-19 23:27:30,953] {logging_mixin.py:115} INFO - [2022-08-19 23:27:30,953] {dag.py:2420} INFO - Sync 1 DAGs
[2022-08-19 23:27:30,968] {logging_mixin.py:115} INFO - [2022-08-19 23:27:30,967] {dag.py:2972} INFO - Setting next_dagrun for example_sla_dag to 2022-08-19T23:24:00+00:00, run_after=2022-08-19T23:26:00+00:00
[2022-08-19 23:27:30,976] {processor.py:161} INFO - Processing /home/airflow/.local/lib/python3.7/site-packages/airflow/example_dags/example_sla_dag.py took 0.056 seconds
[2022-08-19 23:28:01,458] {processor.py:153} INFO - Started process (PID=6500) to work on /home/airflow/.local/lib/python3.7/site-packages/airflow/example_dags/example_sla_dag.py
[2022-08-19 23:28:01,459] {processor.py:641} INFO - Processing file /home/airflow/.local/lib/python3.7/site-packages/airflow/example_dags/example_sla_dag.py for tasks to queue
[2022-08-19 23:28:01,461] {logging_mixin.py:115} INFO - [2022-08-19 23:28:01,461] {dagbag.py:508} INFO - Filling up the DagBag from /home/airflow/.local/lib/python3.7/site-packages/airflow/example_dags/example_sla_dag.py
[2022-08-19 23:28:01,472] {processor.py:651} INFO - DAG(s) dict_keys(['example_sla_dag']) retrieved from /home/airflow/.local/lib/python3.7/site-packages/airflow/example_dags/example_sla_dag.py
[2022-08-19 23:28:01,489] {logging_mixin.py:115} INFO - [2022-08-19 23:28:01,489] {dag.py:2420} INFO - Sync 1 DAGs
[2022-08-19 23:28:01,502] {logging_mixin.py:115} INFO - [2022-08-19 23:28:01,502] {dag.py:2972} INFO - Setting next_dagrun for example_sla_dag to 2022-08-19T23:26:00+00:00, run_after=2022-08-19T23:28:00+00:00
[2022-08-19 23:28:01,510] {processor.py:161} INFO - Processing /home/airflow/.local/lib/python3.7/site-packages/airflow/example_dags/example_sla_dag.py took 0.054 seconds
[2022-08-19 23:28:31,855] {processor.py:153} INFO - Started process (PID=6569) to work on /home/airflow/.local/lib/python3.7/site-packages/airflow/example_dags/example_sla_dag.py
[2022-08-19 23:28:31,856] {processor.py:641} INFO - Processing file /home/airflow/.local/lib/python3.7/site-packages/airflow/example_dags/example_sla_dag.py for tasks to queue
[2022-08-19 23:28:31,857] {logging_mixin.py:115} INFO - [2022-08-19 23:28:31,857] {dagbag.py:508} INFO - Filling up the DagBag from /home/airflow/.local/lib/python3.7/site-packages/airflow/example_dags/example_sla_dag.py
[2022-08-19 23:28:31,868] {processor.py:651} INFO - DAG(s) dict_keys(['example_sla_dag']) retrieved from /home/airflow/.local/lib/python3.7/site-packages/airflow/example_dags/example_sla_dag.py
[2022-08-19 23:28:31,885] {logging_mixin.py:115} INFO - [2022-08-19 23:28:31,885] {dag.py:2420} INFO - Sync 1 DAGs
[2022-08-19 23:28:31,902] {logging_mixin.py:115} INFO - [2022-08-19 23:28:31,902] {dag.py:2972} INFO - Setting next_dagrun for example_sla_dag to 2022-08-19T23:26:00+00:00, run_after=2022-08-19T23:28:00+00:00
[2022-08-19 23:28:31,910] {processor.py:161} INFO - Processing /home/airflow/.local/lib/python3.7/site-packages/airflow/example_dags/example_sla_dag.py took 0.058 seconds
[2022-08-19 23:29:02,287] {processor.py:153} INFO - Started process (PID=6637) to work on /home/airflow/.local/lib/python3.7/site-packages/airflow/example_dags/example_sla_dag.py
[2022-08-19 23:29:02,288] {processor.py:641} INFO - Processing file /home/airflow/.local/lib/python3.7/site-packages/airflow/example_dags/example_sla_dag.py for tasks to queue
[2022-08-19 23:29:02,289] {logging_mixin.py:115} INFO - [2022-08-19 23:29:02,289] {dagbag.py:508} INFO - Filling up the DagBag from /home/airflow/.local/lib/python3.7/site-packages/airflow/example_dags/example_sla_dag.py
[2022-08-19 23:29:02,300] {processor.py:651} INFO - DAG(s) dict_keys(['example_sla_dag']) retrieved from /home/airflow/.local/lib/python3.7/site-packages/airflow/example_dags/example_sla_dag.py
[2022-08-19 23:29:02,316] {logging_mixin.py:115} INFO - [2022-08-19 23:29:02,316] {dag.py:2420} INFO - Sync 1 DAGs
[2022-08-19 23:29:02,332] {logging_mixin.py:115} INFO - [2022-08-19 23:29:02,332] {dag.py:2972} INFO - Setting next_dagrun for example_sla_dag to 2022-08-19T23:26:00+00:00, run_after=2022-08-19T23:28:00+00:00
[2022-08-19 23:29:02,340] {processor.py:161} INFO - Processing /home/airflow/.local/lib/python3.7/site-packages/airflow/example_dags/example_sla_dag.py took 0.056 seconds
[2022-08-19 23:29:32,707] {processor.py:153} INFO - Started process (PID=6703) to work on /home/airflow/.local/lib/python3.7/site-packages/airflow/example_dags/example_sla_dag.py
[2022-08-19 23:29:32,708] {processor.py:641} INFO - Processing file /home/airflow/.local/lib/python3.7/site-packages/airflow/example_dags/example_sla_dag.py for tasks to queue
[2022-08-19 23:29:32,709] {logging_mixin.py:115} INFO - [2022-08-19 23:29:32,709] {dagbag.py:508} INFO - Filling up the DagBag from /home/airflow/.local/lib/python3.7/site-packages/airflow/example_dags/example_sla_dag.py
[2022-08-19 23:29:32,720] {processor.py:651} INFO - DAG(s) dict_keys(['example_sla_dag']) retrieved from /home/airflow/.local/lib/python3.7/site-packages/airflow/example_dags/example_sla_dag.py
[2022-08-19 23:29:32,739] {logging_mixin.py:115} INFO - [2022-08-19 23:29:32,739] {dag.py:2420} INFO - Sync 1 DAGs
[2022-08-19 23:29:32,755] {logging_mixin.py:115} INFO - [2022-08-19 23:29:32,755] {dag.py:2972} INFO - Setting next_dagrun for example_sla_dag to 2022-08-19T23:26:00+00:00, run_after=2022-08-19T23:28:00+00:00
[2022-08-19 23:29:32,764] {processor.py:161} INFO - Processing /home/airflow/.local/lib/python3.7/site-packages/airflow/example_dags/example_sla_dag.py took 0.059 seconds
