[2022-08-19 22:31:46,435] {processor.py:153} INFO - Started process (PID=64) to work on /home/airflow/.local/lib/python3.7/site-packages/airflow/example_dags/example_task_group.py
[2022-08-19 22:31:46,437] {processor.py:641} INFO - Processing file /home/airflow/.local/lib/python3.7/site-packages/airflow/example_dags/example_task_group.py for tasks to queue
[2022-08-19 22:31:46,439] {logging_mixin.py:115} INFO - [2022-08-19 22:31:46,439] {dagbag.py:508} INFO - Filling up the DagBag from /home/airflow/.local/lib/python3.7/site-packages/airflow/example_dags/example_task_group.py
[2022-08-19 22:31:46,450] {processor.py:651} INFO - DAG(s) dict_keys(['example_task_group']) retrieved from /home/airflow/.local/lib/python3.7/site-packages/airflow/example_dags/example_task_group.py
[2022-08-19 22:31:46,531] {logging_mixin.py:115} INFO - [2022-08-19 22:31:46,531] {manager.py:508} INFO - Created Permission View: can delete on DAG:example_task_group
[2022-08-19 22:31:46,542] {logging_mixin.py:115} INFO - [2022-08-19 22:31:46,541] {manager.py:508} INFO - Created Permission View: can read on DAG:example_task_group
[2022-08-19 22:31:46,549] {logging_mixin.py:115} INFO - [2022-08-19 22:31:46,548] {manager.py:508} INFO - Created Permission View: can edit on DAG:example_task_group
[2022-08-19 22:31:46,550] {logging_mixin.py:115} INFO - [2022-08-19 22:31:46,549] {dag.py:2420} INFO - Sync 1 DAGs
[2022-08-19 22:31:46,559] {logging_mixin.py:115} INFO - [2022-08-19 22:31:46,559] {dag.py:2439} INFO - Creating ORM DAG for example_task_group
[2022-08-19 22:31:46,570] {logging_mixin.py:115} INFO - [2022-08-19 22:31:46,570] {dag.py:2972} INFO - Setting next_dagrun for example_task_group to 2022-08-18T22:31:46.569945+00:00, run_after=2022-08-19T22:31:46.569945+00:00
[2022-08-19 22:31:46,583] {processor.py:161} INFO - Processing /home/airflow/.local/lib/python3.7/site-packages/airflow/example_dags/example_task_group.py took 0.152 seconds
[2022-08-19 22:32:17,094] {processor.py:153} INFO - Started process (PID=127) to work on /home/airflow/.local/lib/python3.7/site-packages/airflow/example_dags/example_task_group.py
[2022-08-19 22:32:17,095] {processor.py:641} INFO - Processing file /home/airflow/.local/lib/python3.7/site-packages/airflow/example_dags/example_task_group.py for tasks to queue
[2022-08-19 22:32:17,096] {logging_mixin.py:115} INFO - [2022-08-19 22:32:17,096] {dagbag.py:508} INFO - Filling up the DagBag from /home/airflow/.local/lib/python3.7/site-packages/airflow/example_dags/example_task_group.py
[2022-08-19 22:32:17,101] {processor.py:651} INFO - DAG(s) dict_keys(['example_task_group']) retrieved from /home/airflow/.local/lib/python3.7/site-packages/airflow/example_dags/example_task_group.py
[2022-08-19 22:32:17,119] {logging_mixin.py:115} INFO - [2022-08-19 22:32:17,119] {dag.py:2420} INFO - Sync 1 DAGs
[2022-08-19 22:32:17,132] {logging_mixin.py:115} INFO - [2022-08-19 22:32:17,132] {dag.py:2972} INFO - Setting next_dagrun for example_task_group to 2022-08-18T22:32:17.132133+00:00, run_after=2022-08-19T22:32:17.132133+00:00
[2022-08-19 22:32:17,140] {processor.py:161} INFO - Processing /home/airflow/.local/lib/python3.7/site-packages/airflow/example_dags/example_task_group.py took 0.049 seconds
[2022-08-19 22:53:25,967] {processor.py:153} INFO - Started process (PID=64) to work on /home/airflow/.local/lib/python3.7/site-packages/airflow/example_dags/example_task_group.py
[2022-08-19 22:53:25,971] {processor.py:641} INFO - Processing file /home/airflow/.local/lib/python3.7/site-packages/airflow/example_dags/example_task_group.py for tasks to queue
[2022-08-19 22:53:25,972] {logging_mixin.py:115} INFO - [2022-08-19 22:53:25,972] {dagbag.py:508} INFO - Filling up the DagBag from /home/airflow/.local/lib/python3.7/site-packages/airflow/example_dags/example_task_group.py
[2022-08-19 22:53:25,978] {processor.py:651} INFO - DAG(s) dict_keys(['example_task_group']) retrieved from /home/airflow/.local/lib/python3.7/site-packages/airflow/example_dags/example_task_group.py
[2022-08-19 22:53:26,036] {logging_mixin.py:115} INFO - [2022-08-19 22:53:26,036] {manager.py:508} INFO - Created Permission View: can read on DAG:example_task_group
[2022-08-19 22:53:26,047] {logging_mixin.py:115} INFO - [2022-08-19 22:53:26,047] {manager.py:508} INFO - Created Permission View: can delete on DAG:example_task_group
[2022-08-19 22:53:26,056] {logging_mixin.py:115} INFO - [2022-08-19 22:53:26,056] {manager.py:508} INFO - Created Permission View: can edit on DAG:example_task_group
[2022-08-19 22:53:26,057] {logging_mixin.py:115} INFO - [2022-08-19 22:53:26,057] {dag.py:2420} INFO - Sync 1 DAGs
[2022-08-19 22:53:26,064] {logging_mixin.py:115} INFO - [2022-08-19 22:53:26,064] {dag.py:2439} INFO - Creating ORM DAG for example_task_group
[2022-08-19 22:53:26,073] {logging_mixin.py:115} INFO - [2022-08-19 22:53:26,073] {dag.py:2972} INFO - Setting next_dagrun for example_task_group to 2022-08-18T22:53:26.073161+00:00, run_after=2022-08-19T22:53:26.073161+00:00
[2022-08-19 22:53:26,087] {processor.py:161} INFO - Processing /home/airflow/.local/lib/python3.7/site-packages/airflow/example_dags/example_task_group.py took 0.122 seconds
[2022-08-19 22:53:56,631] {processor.py:153} INFO - Started process (PID=142) to work on /home/airflow/.local/lib/python3.7/site-packages/airflow/example_dags/example_task_group.py
[2022-08-19 22:53:56,632] {processor.py:641} INFO - Processing file /home/airflow/.local/lib/python3.7/site-packages/airflow/example_dags/example_task_group.py for tasks to queue
[2022-08-19 22:53:56,633] {logging_mixin.py:115} INFO - [2022-08-19 22:53:56,633] {dagbag.py:508} INFO - Filling up the DagBag from /home/airflow/.local/lib/python3.7/site-packages/airflow/example_dags/example_task_group.py
[2022-08-19 22:53:56,639] {processor.py:651} INFO - DAG(s) dict_keys(['example_task_group']) retrieved from /home/airflow/.local/lib/python3.7/site-packages/airflow/example_dags/example_task_group.py
[2022-08-19 22:53:56,660] {logging_mixin.py:115} INFO - [2022-08-19 22:53:56,660] {dag.py:2420} INFO - Sync 1 DAGs
[2022-08-19 22:53:56,676] {logging_mixin.py:115} INFO - [2022-08-19 22:53:56,676] {dag.py:2972} INFO - Setting next_dagrun for example_task_group to 2022-08-18T22:53:56.675863+00:00, run_after=2022-08-19T22:53:56.675863+00:00
[2022-08-19 22:53:56,685] {processor.py:161} INFO - Processing /home/airflow/.local/lib/python3.7/site-packages/airflow/example_dags/example_task_group.py took 0.057 seconds
[2022-08-19 22:54:27,156] {processor.py:153} INFO - Started process (PID=215) to work on /home/airflow/.local/lib/python3.7/site-packages/airflow/example_dags/example_task_group.py
[2022-08-19 22:54:27,157] {processor.py:641} INFO - Processing file /home/airflow/.local/lib/python3.7/site-packages/airflow/example_dags/example_task_group.py for tasks to queue
[2022-08-19 22:54:27,158] {logging_mixin.py:115} INFO - [2022-08-19 22:54:27,158] {dagbag.py:508} INFO - Filling up the DagBag from /home/airflow/.local/lib/python3.7/site-packages/airflow/example_dags/example_task_group.py
[2022-08-19 22:54:27,163] {processor.py:651} INFO - DAG(s) dict_keys(['example_task_group']) retrieved from /home/airflow/.local/lib/python3.7/site-packages/airflow/example_dags/example_task_group.py
[2022-08-19 22:54:27,182] {logging_mixin.py:115} INFO - [2022-08-19 22:54:27,182] {dag.py:2420} INFO - Sync 1 DAGs
[2022-08-19 22:54:27,194] {logging_mixin.py:115} INFO - [2022-08-19 22:54:27,194] {dag.py:2972} INFO - Setting next_dagrun for example_task_group to 2022-08-18T22:54:27.194305+00:00, run_after=2022-08-19T22:54:27.194305+00:00
[2022-08-19 22:54:27,202] {processor.py:161} INFO - Processing /home/airflow/.local/lib/python3.7/site-packages/airflow/example_dags/example_task_group.py took 0.048 seconds
[2022-08-19 22:54:57,710] {processor.py:153} INFO - Started process (PID=282) to work on /home/airflow/.local/lib/python3.7/site-packages/airflow/example_dags/example_task_group.py
[2022-08-19 22:54:57,711] {processor.py:641} INFO - Processing file /home/airflow/.local/lib/python3.7/site-packages/airflow/example_dags/example_task_group.py for tasks to queue
[2022-08-19 22:54:57,712] {logging_mixin.py:115} INFO - [2022-08-19 22:54:57,712] {dagbag.py:508} INFO - Filling up the DagBag from /home/airflow/.local/lib/python3.7/site-packages/airflow/example_dags/example_task_group.py
[2022-08-19 22:54:57,717] {processor.py:651} INFO - DAG(s) dict_keys(['example_task_group']) retrieved from /home/airflow/.local/lib/python3.7/site-packages/airflow/example_dags/example_task_group.py
[2022-08-19 22:54:57,735] {logging_mixin.py:115} INFO - [2022-08-19 22:54:57,735] {dag.py:2420} INFO - Sync 1 DAGs
[2022-08-19 22:54:57,748] {logging_mixin.py:115} INFO - [2022-08-19 22:54:57,748] {dag.py:2972} INFO - Setting next_dagrun for example_task_group to 2022-08-18T22:54:57.748290+00:00, run_after=2022-08-19T22:54:57.748290+00:00
[2022-08-19 22:54:57,756] {processor.py:161} INFO - Processing /home/airflow/.local/lib/python3.7/site-packages/airflow/example_dags/example_task_group.py took 0.048 seconds
[2022-08-19 22:55:28,291] {processor.py:153} INFO - Started process (PID=345) to work on /home/airflow/.local/lib/python3.7/site-packages/airflow/example_dags/example_task_group.py
[2022-08-19 22:55:28,292] {processor.py:641} INFO - Processing file /home/airflow/.local/lib/python3.7/site-packages/airflow/example_dags/example_task_group.py for tasks to queue
[2022-08-19 22:55:28,293] {logging_mixin.py:115} INFO - [2022-08-19 22:55:28,293] {dagbag.py:508} INFO - Filling up the DagBag from /home/airflow/.local/lib/python3.7/site-packages/airflow/example_dags/example_task_group.py
[2022-08-19 22:55:28,298] {processor.py:651} INFO - DAG(s) dict_keys(['example_task_group']) retrieved from /home/airflow/.local/lib/python3.7/site-packages/airflow/example_dags/example_task_group.py
[2022-08-19 22:55:28,316] {logging_mixin.py:115} INFO - [2022-08-19 22:55:28,316] {dag.py:2420} INFO - Sync 1 DAGs
[2022-08-19 22:55:28,329] {logging_mixin.py:115} INFO - [2022-08-19 22:55:28,329] {dag.py:2972} INFO - Setting next_dagrun for example_task_group to 2022-08-18T22:55:28.329342+00:00, run_after=2022-08-19T22:55:28.329342+00:00
[2022-08-19 22:55:28,336] {processor.py:161} INFO - Processing /home/airflow/.local/lib/python3.7/site-packages/airflow/example_dags/example_task_group.py took 0.048 seconds
[2022-08-19 22:55:58,757] {processor.py:153} INFO - Started process (PID=410) to work on /home/airflow/.local/lib/python3.7/site-packages/airflow/example_dags/example_task_group.py
[2022-08-19 22:55:58,758] {processor.py:641} INFO - Processing file /home/airflow/.local/lib/python3.7/site-packages/airflow/example_dags/example_task_group.py for tasks to queue
[2022-08-19 22:55:58,759] {logging_mixin.py:115} INFO - [2022-08-19 22:55:58,759] {dagbag.py:508} INFO - Filling up the DagBag from /home/airflow/.local/lib/python3.7/site-packages/airflow/example_dags/example_task_group.py
[2022-08-19 22:55:58,764] {processor.py:651} INFO - DAG(s) dict_keys(['example_task_group']) retrieved from /home/airflow/.local/lib/python3.7/site-packages/airflow/example_dags/example_task_group.py
[2022-08-19 22:55:58,781] {logging_mixin.py:115} INFO - [2022-08-19 22:55:58,781] {dag.py:2420} INFO - Sync 1 DAGs
[2022-08-19 22:55:58,796] {logging_mixin.py:115} INFO - [2022-08-19 22:55:58,796] {dag.py:2972} INFO - Setting next_dagrun for example_task_group to 2022-08-18T22:55:58.796519+00:00, run_after=2022-08-19T22:55:58.796519+00:00
[2022-08-19 22:55:58,805] {processor.py:161} INFO - Processing /home/airflow/.local/lib/python3.7/site-packages/airflow/example_dags/example_task_group.py took 0.050 seconds
[2022-08-19 22:56:29,189] {processor.py:153} INFO - Started process (PID=468) to work on /home/airflow/.local/lib/python3.7/site-packages/airflow/example_dags/example_task_group.py
[2022-08-19 22:56:29,190] {processor.py:641} INFO - Processing file /home/airflow/.local/lib/python3.7/site-packages/airflow/example_dags/example_task_group.py for tasks to queue
[2022-08-19 22:56:29,191] {logging_mixin.py:115} INFO - [2022-08-19 22:56:29,191] {dagbag.py:508} INFO - Filling up the DagBag from /home/airflow/.local/lib/python3.7/site-packages/airflow/example_dags/example_task_group.py
[2022-08-19 22:56:29,198] {processor.py:651} INFO - DAG(s) dict_keys(['example_task_group']) retrieved from /home/airflow/.local/lib/python3.7/site-packages/airflow/example_dags/example_task_group.py
[2022-08-19 22:56:29,217] {logging_mixin.py:115} INFO - [2022-08-19 22:56:29,217] {dag.py:2420} INFO - Sync 1 DAGs
[2022-08-19 22:56:29,229] {logging_mixin.py:115} INFO - [2022-08-19 22:56:29,229] {dag.py:2972} INFO - Setting next_dagrun for example_task_group to 2022-08-18T22:56:29.229707+00:00, run_after=2022-08-19T22:56:29.229707+00:00
[2022-08-19 22:56:29,236] {processor.py:161} INFO - Processing /home/airflow/.local/lib/python3.7/site-packages/airflow/example_dags/example_task_group.py took 0.050 seconds
[2022-08-19 22:56:59,589] {processor.py:153} INFO - Started process (PID=532) to work on /home/airflow/.local/lib/python3.7/site-packages/airflow/example_dags/example_task_group.py
[2022-08-19 22:56:59,590] {processor.py:641} INFO - Processing file /home/airflow/.local/lib/python3.7/site-packages/airflow/example_dags/example_task_group.py for tasks to queue
[2022-08-19 22:56:59,591] {logging_mixin.py:115} INFO - [2022-08-19 22:56:59,591] {dagbag.py:508} INFO - Filling up the DagBag from /home/airflow/.local/lib/python3.7/site-packages/airflow/example_dags/example_task_group.py
[2022-08-19 22:56:59,595] {processor.py:651} INFO - DAG(s) dict_keys(['example_task_group']) retrieved from /home/airflow/.local/lib/python3.7/site-packages/airflow/example_dags/example_task_group.py
[2022-08-19 22:56:59,612] {logging_mixin.py:115} INFO - [2022-08-19 22:56:59,612] {dag.py:2420} INFO - Sync 1 DAGs
[2022-08-19 22:56:59,623] {logging_mixin.py:115} INFO - [2022-08-19 22:56:59,623] {dag.py:2972} INFO - Setting next_dagrun for example_task_group to 2022-08-18T22:56:59.623642+00:00, run_after=2022-08-19T22:56:59.623642+00:00
[2022-08-19 22:56:59,630] {processor.py:161} INFO - Processing /home/airflow/.local/lib/python3.7/site-packages/airflow/example_dags/example_task_group.py took 0.043 seconds
[2022-08-19 22:57:29,974] {processor.py:153} INFO - Started process (PID=601) to work on /home/airflow/.local/lib/python3.7/site-packages/airflow/example_dags/example_task_group.py
[2022-08-19 22:57:29,976] {processor.py:641} INFO - Processing file /home/airflow/.local/lib/python3.7/site-packages/airflow/example_dags/example_task_group.py for tasks to queue
[2022-08-19 22:57:29,977] {logging_mixin.py:115} INFO - [2022-08-19 22:57:29,977] {dagbag.py:508} INFO - Filling up the DagBag from /home/airflow/.local/lib/python3.7/site-packages/airflow/example_dags/example_task_group.py
[2022-08-19 22:57:29,982] {processor.py:651} INFO - DAG(s) dict_keys(['example_task_group']) retrieved from /home/airflow/.local/lib/python3.7/site-packages/airflow/example_dags/example_task_group.py
[2022-08-19 22:57:30,000] {logging_mixin.py:115} INFO - [2022-08-19 22:57:30,000] {dag.py:2420} INFO - Sync 1 DAGs
[2022-08-19 22:57:30,013] {logging_mixin.py:115} INFO - [2022-08-19 22:57:30,013] {dag.py:2972} INFO - Setting next_dagrun for example_task_group to 2022-08-18T22:57:30.013255+00:00, run_after=2022-08-19T22:57:30.013255+00:00
[2022-08-19 22:57:30,021] {processor.py:161} INFO - Processing /home/airflow/.local/lib/python3.7/site-packages/airflow/example_dags/example_task_group.py took 0.049 seconds
[2022-08-19 22:58:00,474] {processor.py:153} INFO - Started process (PID=667) to work on /home/airflow/.local/lib/python3.7/site-packages/airflow/example_dags/example_task_group.py
[2022-08-19 22:58:00,475] {processor.py:641} INFO - Processing file /home/airflow/.local/lib/python3.7/site-packages/airflow/example_dags/example_task_group.py for tasks to queue
[2022-08-19 22:58:00,476] {logging_mixin.py:115} INFO - [2022-08-19 22:58:00,476] {dagbag.py:508} INFO - Filling up the DagBag from /home/airflow/.local/lib/python3.7/site-packages/airflow/example_dags/example_task_group.py
[2022-08-19 22:58:00,481] {processor.py:651} INFO - DAG(s) dict_keys(['example_task_group']) retrieved from /home/airflow/.local/lib/python3.7/site-packages/airflow/example_dags/example_task_group.py
[2022-08-19 22:58:00,499] {logging_mixin.py:115} INFO - [2022-08-19 22:58:00,499] {dag.py:2420} INFO - Sync 1 DAGs
[2022-08-19 22:58:00,512] {logging_mixin.py:115} INFO - [2022-08-19 22:58:00,512] {dag.py:2972} INFO - Setting next_dagrun for example_task_group to 2022-08-18T22:58:00.512450+00:00, run_after=2022-08-19T22:58:00.512450+00:00
[2022-08-19 22:58:00,521] {processor.py:161} INFO - Processing /home/airflow/.local/lib/python3.7/site-packages/airflow/example_dags/example_task_group.py took 0.049 seconds
[2022-08-19 22:58:30,894] {processor.py:153} INFO - Started process (PID=735) to work on /home/airflow/.local/lib/python3.7/site-packages/airflow/example_dags/example_task_group.py
[2022-08-19 22:58:30,895] {processor.py:641} INFO - Processing file /home/airflow/.local/lib/python3.7/site-packages/airflow/example_dags/example_task_group.py for tasks to queue
[2022-08-19 22:58:30,896] {logging_mixin.py:115} INFO - [2022-08-19 22:58:30,896] {dagbag.py:508} INFO - Filling up the DagBag from /home/airflow/.local/lib/python3.7/site-packages/airflow/example_dags/example_task_group.py
[2022-08-19 22:58:30,902] {processor.py:651} INFO - DAG(s) dict_keys(['example_task_group']) retrieved from /home/airflow/.local/lib/python3.7/site-packages/airflow/example_dags/example_task_group.py
[2022-08-19 22:58:30,920] {logging_mixin.py:115} INFO - [2022-08-19 22:58:30,920] {dag.py:2420} INFO - Sync 1 DAGs
[2022-08-19 22:58:30,933] {logging_mixin.py:115} INFO - [2022-08-19 22:58:30,933] {dag.py:2972} INFO - Setting next_dagrun for example_task_group to 2022-08-18T22:58:30.933032+00:00, run_after=2022-08-19T22:58:30.933032+00:00
[2022-08-19 22:58:30,940] {processor.py:161} INFO - Processing /home/airflow/.local/lib/python3.7/site-packages/airflow/example_dags/example_task_group.py took 0.048 seconds
[2022-08-19 22:59:01,367] {processor.py:153} INFO - Started process (PID=789) to work on /home/airflow/.local/lib/python3.7/site-packages/airflow/example_dags/example_task_group.py
[2022-08-19 22:59:01,370] {processor.py:641} INFO - Processing file /home/airflow/.local/lib/python3.7/site-packages/airflow/example_dags/example_task_group.py for tasks to queue
[2022-08-19 22:59:01,371] {logging_mixin.py:115} INFO - [2022-08-19 22:59:01,371] {dagbag.py:508} INFO - Filling up the DagBag from /home/airflow/.local/lib/python3.7/site-packages/airflow/example_dags/example_task_group.py
[2022-08-19 22:59:01,377] {processor.py:651} INFO - DAG(s) dict_keys(['example_task_group']) retrieved from /home/airflow/.local/lib/python3.7/site-packages/airflow/example_dags/example_task_group.py
[2022-08-19 22:59:01,395] {logging_mixin.py:115} INFO - [2022-08-19 22:59:01,395] {dag.py:2420} INFO - Sync 1 DAGs
[2022-08-19 22:59:01,408] {logging_mixin.py:115} INFO - [2022-08-19 22:59:01,408] {dag.py:2972} INFO - Setting next_dagrun for example_task_group to 2022-08-18T22:59:01.408465+00:00, run_after=2022-08-19T22:59:01.408465+00:00
[2022-08-19 22:59:01,417] {processor.py:161} INFO - Processing /home/airflow/.local/lib/python3.7/site-packages/airflow/example_dags/example_task_group.py took 0.052 seconds
[2022-08-19 22:59:31,865] {processor.py:153} INFO - Started process (PID=855) to work on /home/airflow/.local/lib/python3.7/site-packages/airflow/example_dags/example_task_group.py
[2022-08-19 22:59:31,866] {processor.py:641} INFO - Processing file /home/airflow/.local/lib/python3.7/site-packages/airflow/example_dags/example_task_group.py for tasks to queue
[2022-08-19 22:59:31,867] {logging_mixin.py:115} INFO - [2022-08-19 22:59:31,867] {dagbag.py:508} INFO - Filling up the DagBag from /home/airflow/.local/lib/python3.7/site-packages/airflow/example_dags/example_task_group.py
[2022-08-19 22:59:31,872] {processor.py:651} INFO - DAG(s) dict_keys(['example_task_group']) retrieved from /home/airflow/.local/lib/python3.7/site-packages/airflow/example_dags/example_task_group.py
[2022-08-19 22:59:31,889] {logging_mixin.py:115} INFO - [2022-08-19 22:59:31,889] {dag.py:2420} INFO - Sync 1 DAGs
[2022-08-19 22:59:31,904] {logging_mixin.py:115} INFO - [2022-08-19 22:59:31,904] {dag.py:2972} INFO - Setting next_dagrun for example_task_group to 2022-08-18T22:59:31.904320+00:00, run_after=2022-08-19T22:59:31.904320+00:00
[2022-08-19 22:59:31,912] {processor.py:161} INFO - Processing /home/airflow/.local/lib/python3.7/site-packages/airflow/example_dags/example_task_group.py took 0.050 seconds
[2022-08-19 23:00:02,355] {processor.py:153} INFO - Started process (PID=923) to work on /home/airflow/.local/lib/python3.7/site-packages/airflow/example_dags/example_task_group.py
[2022-08-19 23:00:02,357] {processor.py:641} INFO - Processing file /home/airflow/.local/lib/python3.7/site-packages/airflow/example_dags/example_task_group.py for tasks to queue
[2022-08-19 23:00:02,358] {logging_mixin.py:115} INFO - [2022-08-19 23:00:02,358] {dagbag.py:508} INFO - Filling up the DagBag from /home/airflow/.local/lib/python3.7/site-packages/airflow/example_dags/example_task_group.py
[2022-08-19 23:00:02,364] {processor.py:651} INFO - DAG(s) dict_keys(['example_task_group']) retrieved from /home/airflow/.local/lib/python3.7/site-packages/airflow/example_dags/example_task_group.py
[2022-08-19 23:00:02,383] {logging_mixin.py:115} INFO - [2022-08-19 23:00:02,383] {dag.py:2420} INFO - Sync 1 DAGs
[2022-08-19 23:00:02,396] {logging_mixin.py:115} INFO - [2022-08-19 23:00:02,396] {dag.py:2972} INFO - Setting next_dagrun for example_task_group to 2022-08-18T23:00:02.396212+00:00, run_after=2022-08-19T23:00:02.396212+00:00
[2022-08-19 23:00:02,404] {processor.py:161} INFO - Processing /home/airflow/.local/lib/python3.7/site-packages/airflow/example_dags/example_task_group.py took 0.051 seconds
[2022-08-19 23:00:32,705] {processor.py:153} INFO - Started process (PID=989) to work on /home/airflow/.local/lib/python3.7/site-packages/airflow/example_dags/example_task_group.py
[2022-08-19 23:00:32,706] {processor.py:641} INFO - Processing file /home/airflow/.local/lib/python3.7/site-packages/airflow/example_dags/example_task_group.py for tasks to queue
[2022-08-19 23:00:32,707] {logging_mixin.py:115} INFO - [2022-08-19 23:00:32,707] {dagbag.py:508} INFO - Filling up the DagBag from /home/airflow/.local/lib/python3.7/site-packages/airflow/example_dags/example_task_group.py
[2022-08-19 23:00:32,712] {processor.py:651} INFO - DAG(s) dict_keys(['example_task_group']) retrieved from /home/airflow/.local/lib/python3.7/site-packages/airflow/example_dags/example_task_group.py
[2022-08-19 23:00:32,729] {logging_mixin.py:115} INFO - [2022-08-19 23:00:32,729] {dag.py:2420} INFO - Sync 1 DAGs
[2022-08-19 23:00:32,743] {logging_mixin.py:115} INFO - [2022-08-19 23:00:32,743] {dag.py:2972} INFO - Setting next_dagrun for example_task_group to 2022-08-18T23:00:32.743183+00:00, run_after=2022-08-19T23:00:32.743183+00:00
[2022-08-19 23:00:32,754] {processor.py:161} INFO - Processing /home/airflow/.local/lib/python3.7/site-packages/airflow/example_dags/example_task_group.py took 0.051 seconds
[2022-08-19 23:01:03,069] {processor.py:153} INFO - Started process (PID=1059) to work on /home/airflow/.local/lib/python3.7/site-packages/airflow/example_dags/example_task_group.py
[2022-08-19 23:01:03,070] {processor.py:641} INFO - Processing file /home/airflow/.local/lib/python3.7/site-packages/airflow/example_dags/example_task_group.py for tasks to queue
[2022-08-19 23:01:03,071] {logging_mixin.py:115} INFO - [2022-08-19 23:01:03,071] {dagbag.py:508} INFO - Filling up the DagBag from /home/airflow/.local/lib/python3.7/site-packages/airflow/example_dags/example_task_group.py
[2022-08-19 23:01:03,076] {processor.py:651} INFO - DAG(s) dict_keys(['example_task_group']) retrieved from /home/airflow/.local/lib/python3.7/site-packages/airflow/example_dags/example_task_group.py
[2022-08-19 23:01:03,094] {logging_mixin.py:115} INFO - [2022-08-19 23:01:03,094] {dag.py:2420} INFO - Sync 1 DAGs
[2022-08-19 23:01:03,109] {logging_mixin.py:115} INFO - [2022-08-19 23:01:03,109] {dag.py:2972} INFO - Setting next_dagrun for example_task_group to 2022-08-18T23:01:03.109273+00:00, run_after=2022-08-19T23:01:03.109273+00:00
[2022-08-19 23:01:03,118] {processor.py:161} INFO - Processing /home/airflow/.local/lib/python3.7/site-packages/airflow/example_dags/example_task_group.py took 0.051 seconds
[2022-08-19 23:01:33,615] {processor.py:153} INFO - Started process (PID=1125) to work on /home/airflow/.local/lib/python3.7/site-packages/airflow/example_dags/example_task_group.py
[2022-08-19 23:01:33,616] {processor.py:641} INFO - Processing file /home/airflow/.local/lib/python3.7/site-packages/airflow/example_dags/example_task_group.py for tasks to queue
[2022-08-19 23:01:33,617] {logging_mixin.py:115} INFO - [2022-08-19 23:01:33,617] {dagbag.py:508} INFO - Filling up the DagBag from /home/airflow/.local/lib/python3.7/site-packages/airflow/example_dags/example_task_group.py
[2022-08-19 23:01:33,622] {processor.py:651} INFO - DAG(s) dict_keys(['example_task_group']) retrieved from /home/airflow/.local/lib/python3.7/site-packages/airflow/example_dags/example_task_group.py
[2022-08-19 23:01:33,639] {logging_mixin.py:115} INFO - [2022-08-19 23:01:33,639] {dag.py:2420} INFO - Sync 1 DAGs
[2022-08-19 23:01:33,653] {logging_mixin.py:115} INFO - [2022-08-19 23:01:33,653] {dag.py:2972} INFO - Setting next_dagrun for example_task_group to 2022-08-18T23:01:33.653342+00:00, run_after=2022-08-19T23:01:33.653342+00:00
[2022-08-19 23:01:33,661] {processor.py:161} INFO - Processing /home/airflow/.local/lib/python3.7/site-packages/airflow/example_dags/example_task_group.py took 0.048 seconds
[2022-08-19 23:02:04,092] {processor.py:153} INFO - Started process (PID=1179) to work on /home/airflow/.local/lib/python3.7/site-packages/airflow/example_dags/example_task_group.py
[2022-08-19 23:02:04,093] {processor.py:641} INFO - Processing file /home/airflow/.local/lib/python3.7/site-packages/airflow/example_dags/example_task_group.py for tasks to queue
[2022-08-19 23:02:04,094] {logging_mixin.py:115} INFO - [2022-08-19 23:02:04,094] {dagbag.py:508} INFO - Filling up the DagBag from /home/airflow/.local/lib/python3.7/site-packages/airflow/example_dags/example_task_group.py
[2022-08-19 23:02:04,099] {processor.py:651} INFO - DAG(s) dict_keys(['example_task_group']) retrieved from /home/airflow/.local/lib/python3.7/site-packages/airflow/example_dags/example_task_group.py
[2022-08-19 23:02:04,117] {logging_mixin.py:115} INFO - [2022-08-19 23:02:04,117] {dag.py:2420} INFO - Sync 1 DAGs
[2022-08-19 23:02:04,129] {logging_mixin.py:115} INFO - [2022-08-19 23:02:04,128] {dag.py:2972} INFO - Setting next_dagrun for example_task_group to 2022-08-18T23:02:04.128879+00:00, run_after=2022-08-19T23:02:04.128879+00:00
[2022-08-19 23:02:04,135] {processor.py:161} INFO - Processing /home/airflow/.local/lib/python3.7/site-packages/airflow/example_dags/example_task_group.py took 0.045 seconds
[2022-08-19 23:02:34,582] {processor.py:153} INFO - Started process (PID=1241) to work on /home/airflow/.local/lib/python3.7/site-packages/airflow/example_dags/example_task_group.py
[2022-08-19 23:02:34,583] {processor.py:641} INFO - Processing file /home/airflow/.local/lib/python3.7/site-packages/airflow/example_dags/example_task_group.py for tasks to queue
[2022-08-19 23:02:34,584] {logging_mixin.py:115} INFO - [2022-08-19 23:02:34,584] {dagbag.py:508} INFO - Filling up the DagBag from /home/airflow/.local/lib/python3.7/site-packages/airflow/example_dags/example_task_group.py
[2022-08-19 23:02:34,589] {processor.py:651} INFO - DAG(s) dict_keys(['example_task_group']) retrieved from /home/airflow/.local/lib/python3.7/site-packages/airflow/example_dags/example_task_group.py
[2022-08-19 23:02:34,606] {logging_mixin.py:115} INFO - [2022-08-19 23:02:34,606] {dag.py:2420} INFO - Sync 1 DAGs
[2022-08-19 23:02:34,617] {logging_mixin.py:115} INFO - [2022-08-19 23:02:34,617] {dag.py:2972} INFO - Setting next_dagrun for example_task_group to 2022-08-18T23:02:34.616952+00:00, run_after=2022-08-19T23:02:34.616952+00:00
[2022-08-19 23:02:34,623] {processor.py:161} INFO - Processing /home/airflow/.local/lib/python3.7/site-packages/airflow/example_dags/example_task_group.py took 0.043 seconds
[2022-08-19 23:03:04,950] {processor.py:153} INFO - Started process (PID=1306) to work on /home/airflow/.local/lib/python3.7/site-packages/airflow/example_dags/example_task_group.py
[2022-08-19 23:03:04,951] {processor.py:641} INFO - Processing file /home/airflow/.local/lib/python3.7/site-packages/airflow/example_dags/example_task_group.py for tasks to queue
[2022-08-19 23:03:04,952] {logging_mixin.py:115} INFO - [2022-08-19 23:03:04,952] {dagbag.py:508} INFO - Filling up the DagBag from /home/airflow/.local/lib/python3.7/site-packages/airflow/example_dags/example_task_group.py
[2022-08-19 23:03:04,957] {processor.py:651} INFO - DAG(s) dict_keys(['example_task_group']) retrieved from /home/airflow/.local/lib/python3.7/site-packages/airflow/example_dags/example_task_group.py
[2022-08-19 23:03:04,974] {logging_mixin.py:115} INFO - [2022-08-19 23:03:04,974] {dag.py:2420} INFO - Sync 1 DAGs
[2022-08-19 23:03:04,986] {logging_mixin.py:115} INFO - [2022-08-19 23:03:04,986] {dag.py:2972} INFO - Setting next_dagrun for example_task_group to 2022-08-18T23:03:04.986590+00:00, run_after=2022-08-19T23:03:04.986590+00:00
[2022-08-19 23:03:04,994] {processor.py:161} INFO - Processing /home/airflow/.local/lib/python3.7/site-packages/airflow/example_dags/example_task_group.py took 0.047 seconds
[2022-08-19 23:03:35,495] {processor.py:153} INFO - Started process (PID=1374) to work on /home/airflow/.local/lib/python3.7/site-packages/airflow/example_dags/example_task_group.py
[2022-08-19 23:03:35,496] {processor.py:641} INFO - Processing file /home/airflow/.local/lib/python3.7/site-packages/airflow/example_dags/example_task_group.py for tasks to queue
[2022-08-19 23:03:35,497] {logging_mixin.py:115} INFO - [2022-08-19 23:03:35,497] {dagbag.py:508} INFO - Filling up the DagBag from /home/airflow/.local/lib/python3.7/site-packages/airflow/example_dags/example_task_group.py
[2022-08-19 23:03:35,502] {processor.py:651} INFO - DAG(s) dict_keys(['example_task_group']) retrieved from /home/airflow/.local/lib/python3.7/site-packages/airflow/example_dags/example_task_group.py
[2022-08-19 23:03:35,520] {logging_mixin.py:115} INFO - [2022-08-19 23:03:35,520] {dag.py:2420} INFO - Sync 1 DAGs
[2022-08-19 23:03:35,533] {logging_mixin.py:115} INFO - [2022-08-19 23:03:35,533] {dag.py:2972} INFO - Setting next_dagrun for example_task_group to 2022-08-18T23:03:35.533766+00:00, run_after=2022-08-19T23:03:35.533766+00:00
[2022-08-19 23:03:35,541] {processor.py:161} INFO - Processing /home/airflow/.local/lib/python3.7/site-packages/airflow/example_dags/example_task_group.py took 0.049 seconds
[2022-08-19 23:04:05,700] {processor.py:153} INFO - Started process (PID=1449) to work on /home/airflow/.local/lib/python3.7/site-packages/airflow/example_dags/example_task_group.py
[2022-08-19 23:04:05,702] {processor.py:641} INFO - Processing file /home/airflow/.local/lib/python3.7/site-packages/airflow/example_dags/example_task_group.py for tasks to queue
[2022-08-19 23:04:05,703] {logging_mixin.py:115} INFO - [2022-08-19 23:04:05,703] {dagbag.py:508} INFO - Filling up the DagBag from /home/airflow/.local/lib/python3.7/site-packages/airflow/example_dags/example_task_group.py
[2022-08-19 23:04:05,709] {processor.py:651} INFO - DAG(s) dict_keys(['example_task_group']) retrieved from /home/airflow/.local/lib/python3.7/site-packages/airflow/example_dags/example_task_group.py
[2022-08-19 23:04:05,730] {logging_mixin.py:115} INFO - [2022-08-19 23:04:05,730] {dag.py:2420} INFO - Sync 1 DAGs
[2022-08-19 23:04:05,743] {logging_mixin.py:115} INFO - [2022-08-19 23:04:05,743] {dag.py:2972} INFO - Setting next_dagrun for example_task_group to 2022-08-18T23:04:05.743384+00:00, run_after=2022-08-19T23:04:05.743384+00:00
[2022-08-19 23:04:05,751] {processor.py:161} INFO - Processing /home/airflow/.local/lib/python3.7/site-packages/airflow/example_dags/example_task_group.py took 0.054 seconds
[2022-08-19 23:04:36,368] {processor.py:153} INFO - Started process (PID=1519) to work on /home/airflow/.local/lib/python3.7/site-packages/airflow/example_dags/example_task_group.py
[2022-08-19 23:04:36,369] {processor.py:641} INFO - Processing file /home/airflow/.local/lib/python3.7/site-packages/airflow/example_dags/example_task_group.py for tasks to queue
[2022-08-19 23:04:36,371] {logging_mixin.py:115} INFO - [2022-08-19 23:04:36,371] {dagbag.py:508} INFO - Filling up the DagBag from /home/airflow/.local/lib/python3.7/site-packages/airflow/example_dags/example_task_group.py
[2022-08-19 23:04:36,377] {processor.py:651} INFO - DAG(s) dict_keys(['example_task_group']) retrieved from /home/airflow/.local/lib/python3.7/site-packages/airflow/example_dags/example_task_group.py
[2022-08-19 23:04:36,405] {logging_mixin.py:115} INFO - [2022-08-19 23:04:36,405] {dag.py:2420} INFO - Sync 1 DAGs
[2022-08-19 23:04:36,420] {logging_mixin.py:115} INFO - [2022-08-19 23:04:36,420] {dag.py:2972} INFO - Setting next_dagrun for example_task_group to 2022-08-18T23:04:36.419919+00:00, run_after=2022-08-19T23:04:36.419919+00:00
[2022-08-19 23:04:36,430] {processor.py:161} INFO - Processing /home/airflow/.local/lib/python3.7/site-packages/airflow/example_dags/example_task_group.py took 0.065 seconds
[2022-08-19 23:05:06,969] {processor.py:153} INFO - Started process (PID=1578) to work on /home/airflow/.local/lib/python3.7/site-packages/airflow/example_dags/example_task_group.py
[2022-08-19 23:05:06,970] {processor.py:641} INFO - Processing file /home/airflow/.local/lib/python3.7/site-packages/airflow/example_dags/example_task_group.py for tasks to queue
[2022-08-19 23:05:06,972] {logging_mixin.py:115} INFO - [2022-08-19 23:05:06,972] {dagbag.py:508} INFO - Filling up the DagBag from /home/airflow/.local/lib/python3.7/site-packages/airflow/example_dags/example_task_group.py
[2022-08-19 23:05:06,976] {processor.py:651} INFO - DAG(s) dict_keys(['example_task_group']) retrieved from /home/airflow/.local/lib/python3.7/site-packages/airflow/example_dags/example_task_group.py
[2022-08-19 23:05:06,992] {logging_mixin.py:115} INFO - [2022-08-19 23:05:06,992] {dag.py:2420} INFO - Sync 1 DAGs
[2022-08-19 23:05:07,003] {logging_mixin.py:115} INFO - [2022-08-19 23:05:07,003] {dag.py:2972} INFO - Setting next_dagrun for example_task_group to 2022-08-18T23:05:07.003433+00:00, run_after=2022-08-19T23:05:07.003433+00:00
[2022-08-19 23:05:07,011] {processor.py:161} INFO - Processing /home/airflow/.local/lib/python3.7/site-packages/airflow/example_dags/example_task_group.py took 0.044 seconds
[2022-08-19 23:05:37,540] {processor.py:153} INFO - Started process (PID=1648) to work on /home/airflow/.local/lib/python3.7/site-packages/airflow/example_dags/example_task_group.py
[2022-08-19 23:05:37,541] {processor.py:641} INFO - Processing file /home/airflow/.local/lib/python3.7/site-packages/airflow/example_dags/example_task_group.py for tasks to queue
[2022-08-19 23:05:37,542] {logging_mixin.py:115} INFO - [2022-08-19 23:05:37,542] {dagbag.py:508} INFO - Filling up the DagBag from /home/airflow/.local/lib/python3.7/site-packages/airflow/example_dags/example_task_group.py
[2022-08-19 23:05:37,547] {processor.py:651} INFO - DAG(s) dict_keys(['example_task_group']) retrieved from /home/airflow/.local/lib/python3.7/site-packages/airflow/example_dags/example_task_group.py
[2022-08-19 23:05:37,565] {logging_mixin.py:115} INFO - [2022-08-19 23:05:37,565] {dag.py:2420} INFO - Sync 1 DAGs
[2022-08-19 23:05:37,578] {logging_mixin.py:115} INFO - [2022-08-19 23:05:37,578] {dag.py:2972} INFO - Setting next_dagrun for example_task_group to 2022-08-18T23:05:37.578643+00:00, run_after=2022-08-19T23:05:37.578643+00:00
[2022-08-19 23:05:37,586] {processor.py:161} INFO - Processing /home/airflow/.local/lib/python3.7/site-packages/airflow/example_dags/example_task_group.py took 0.048 seconds
[2022-08-19 23:06:08,725] {processor.py:153} INFO - Started process (PID=1739) to work on /home/airflow/.local/lib/python3.7/site-packages/airflow/example_dags/example_task_group.py
[2022-08-19 23:06:08,726] {processor.py:641} INFO - Processing file /home/airflow/.local/lib/python3.7/site-packages/airflow/example_dags/example_task_group.py for tasks to queue
[2022-08-19 23:06:08,727] {logging_mixin.py:115} INFO - [2022-08-19 23:06:08,727] {dagbag.py:508} INFO - Filling up the DagBag from /home/airflow/.local/lib/python3.7/site-packages/airflow/example_dags/example_task_group.py
[2022-08-19 23:06:08,734] {processor.py:651} INFO - DAG(s) dict_keys(['example_task_group']) retrieved from /home/airflow/.local/lib/python3.7/site-packages/airflow/example_dags/example_task_group.py
[2022-08-19 23:06:08,755] {logging_mixin.py:115} INFO - [2022-08-19 23:06:08,755] {dag.py:2420} INFO - Sync 1 DAGs
[2022-08-19 23:06:08,772] {logging_mixin.py:115} INFO - [2022-08-19 23:06:08,772] {dag.py:2972} INFO - Setting next_dagrun for example_task_group to 2022-08-18T23:06:08.772384+00:00, run_after=2022-08-19T23:06:08.772384+00:00
[2022-08-19 23:06:08,781] {processor.py:161} INFO - Processing /home/airflow/.local/lib/python3.7/site-packages/airflow/example_dags/example_task_group.py took 0.058 seconds
[2022-08-19 23:06:39,178] {processor.py:153} INFO - Started process (PID=1864) to work on /home/airflow/.local/lib/python3.7/site-packages/airflow/example_dags/example_task_group.py
[2022-08-19 23:06:39,180] {processor.py:641} INFO - Processing file /home/airflow/.local/lib/python3.7/site-packages/airflow/example_dags/example_task_group.py for tasks to queue
[2022-08-19 23:06:39,181] {logging_mixin.py:115} INFO - [2022-08-19 23:06:39,181] {dagbag.py:508} INFO - Filling up the DagBag from /home/airflow/.local/lib/python3.7/site-packages/airflow/example_dags/example_task_group.py
[2022-08-19 23:06:39,189] {processor.py:651} INFO - DAG(s) dict_keys(['example_task_group']) retrieved from /home/airflow/.local/lib/python3.7/site-packages/airflow/example_dags/example_task_group.py
[2022-08-19 23:06:39,221] {logging_mixin.py:115} INFO - [2022-08-19 23:06:39,221] {dag.py:2420} INFO - Sync 1 DAGs
[2022-08-19 23:06:39,243] {logging_mixin.py:115} INFO - [2022-08-19 23:06:39,243] {dag.py:2972} INFO - Setting next_dagrun for example_task_group to 2022-08-18T23:06:39.243140+00:00, run_after=2022-08-19T23:06:39.243140+00:00
[2022-08-19 23:06:39,261] {processor.py:161} INFO - Processing /home/airflow/.local/lib/python3.7/site-packages/airflow/example_dags/example_task_group.py took 0.085 seconds
[2022-08-19 23:07:10,287] {processor.py:153} INFO - Started process (PID=1999) to work on /home/airflow/.local/lib/python3.7/site-packages/airflow/example_dags/example_task_group.py
[2022-08-19 23:07:10,288] {processor.py:641} INFO - Processing file /home/airflow/.local/lib/python3.7/site-packages/airflow/example_dags/example_task_group.py for tasks to queue
[2022-08-19 23:07:10,292] {logging_mixin.py:115} INFO - [2022-08-19 23:07:10,292] {dagbag.py:508} INFO - Filling up the DagBag from /home/airflow/.local/lib/python3.7/site-packages/airflow/example_dags/example_task_group.py
[2022-08-19 23:07:10,299] {processor.py:651} INFO - DAG(s) dict_keys(['example_task_group']) retrieved from /home/airflow/.local/lib/python3.7/site-packages/airflow/example_dags/example_task_group.py
[2022-08-19 23:07:10,341] {logging_mixin.py:115} INFO - [2022-08-19 23:07:10,341] {dag.py:2420} INFO - Sync 1 DAGs
[2022-08-19 23:07:10,379] {logging_mixin.py:115} INFO - [2022-08-19 23:07:10,379] {dag.py:2972} INFO - Setting next_dagrun for example_task_group to 2022-08-18T23:07:10.379263+00:00, run_after=2022-08-19T23:07:10.379263+00:00
[2022-08-19 23:07:10,400] {processor.py:161} INFO - Processing /home/airflow/.local/lib/python3.7/site-packages/airflow/example_dags/example_task_group.py took 0.118 seconds
[2022-08-19 23:07:40,691] {processor.py:153} INFO - Started process (PID=2126) to work on /home/airflow/.local/lib/python3.7/site-packages/airflow/example_dags/example_task_group.py
[2022-08-19 23:07:40,693] {processor.py:641} INFO - Processing file /home/airflow/.local/lib/python3.7/site-packages/airflow/example_dags/example_task_group.py for tasks to queue
[2022-08-19 23:07:40,696] {logging_mixin.py:115} INFO - [2022-08-19 23:07:40,696] {dagbag.py:508} INFO - Filling up the DagBag from /home/airflow/.local/lib/python3.7/site-packages/airflow/example_dags/example_task_group.py
[2022-08-19 23:07:40,703] {processor.py:651} INFO - DAG(s) dict_keys(['example_task_group']) retrieved from /home/airflow/.local/lib/python3.7/site-packages/airflow/example_dags/example_task_group.py
[2022-08-19 23:07:40,743] {logging_mixin.py:115} INFO - [2022-08-19 23:07:40,743] {dag.py:2420} INFO - Sync 1 DAGs
[2022-08-19 23:07:40,787] {logging_mixin.py:115} INFO - [2022-08-19 23:07:40,787] {dag.py:2972} INFO - Setting next_dagrun for example_task_group to 2022-08-18T23:07:40.786973+00:00, run_after=2022-08-19T23:07:40.786973+00:00
[2022-08-19 23:07:40,798] {processor.py:161} INFO - Processing /home/airflow/.local/lib/python3.7/site-packages/airflow/example_dags/example_task_group.py took 0.111 seconds
[2022-08-19 23:08:11,521] {processor.py:153} INFO - Started process (PID=2241) to work on /home/airflow/.local/lib/python3.7/site-packages/airflow/example_dags/example_task_group.py
[2022-08-19 23:08:11,522] {processor.py:641} INFO - Processing file /home/airflow/.local/lib/python3.7/site-packages/airflow/example_dags/example_task_group.py for tasks to queue
[2022-08-19 23:08:11,523] {logging_mixin.py:115} INFO - [2022-08-19 23:08:11,523] {dagbag.py:508} INFO - Filling up the DagBag from /home/airflow/.local/lib/python3.7/site-packages/airflow/example_dags/example_task_group.py
[2022-08-19 23:08:11,528] {processor.py:651} INFO - DAG(s) dict_keys(['example_task_group']) retrieved from /home/airflow/.local/lib/python3.7/site-packages/airflow/example_dags/example_task_group.py
[2022-08-19 23:08:11,546] {logging_mixin.py:115} INFO - [2022-08-19 23:08:11,546] {dag.py:2420} INFO - Sync 1 DAGs
[2022-08-19 23:08:11,559] {logging_mixin.py:115} INFO - [2022-08-19 23:08:11,559] {dag.py:2972} INFO - Setting next_dagrun for example_task_group to 2022-08-18T23:08:11.559320+00:00, run_after=2022-08-19T23:08:11.559320+00:00
[2022-08-19 23:08:11,566] {processor.py:161} INFO - Processing /home/airflow/.local/lib/python3.7/site-packages/airflow/example_dags/example_task_group.py took 0.047 seconds
[2022-08-19 23:08:41,790] {processor.py:153} INFO - Started process (PID=2359) to work on /home/airflow/.local/lib/python3.7/site-packages/airflow/example_dags/example_task_group.py
[2022-08-19 23:08:41,792] {processor.py:641} INFO - Processing file /home/airflow/.local/lib/python3.7/site-packages/airflow/example_dags/example_task_group.py for tasks to queue
[2022-08-19 23:08:41,792] {logging_mixin.py:115} INFO - [2022-08-19 23:08:41,792] {dagbag.py:508} INFO - Filling up the DagBag from /home/airflow/.local/lib/python3.7/site-packages/airflow/example_dags/example_task_group.py
[2022-08-19 23:08:41,798] {processor.py:651} INFO - DAG(s) dict_keys(['example_task_group']) retrieved from /home/airflow/.local/lib/python3.7/site-packages/airflow/example_dags/example_task_group.py
[2022-08-19 23:08:41,815] {logging_mixin.py:115} INFO - [2022-08-19 23:08:41,815] {dag.py:2420} INFO - Sync 1 DAGs
[2022-08-19 23:08:41,829] {logging_mixin.py:115} INFO - [2022-08-19 23:08:41,829] {dag.py:2972} INFO - Setting next_dagrun for example_task_group to 2022-08-18T23:08:41.828864+00:00, run_after=2022-08-19T23:08:41.828864+00:00
[2022-08-19 23:08:41,838] {processor.py:161} INFO - Processing /home/airflow/.local/lib/python3.7/site-packages/airflow/example_dags/example_task_group.py took 0.050 seconds
[2022-08-19 23:09:12,837] {processor.py:153} INFO - Started process (PID=2503) to work on /home/airflow/.local/lib/python3.7/site-packages/airflow/example_dags/example_task_group.py
[2022-08-19 23:09:12,839] {processor.py:641} INFO - Processing file /home/airflow/.local/lib/python3.7/site-packages/airflow/example_dags/example_task_group.py for tasks to queue
[2022-08-19 23:09:12,840] {logging_mixin.py:115} INFO - [2022-08-19 23:09:12,840] {dagbag.py:508} INFO - Filling up the DagBag from /home/airflow/.local/lib/python3.7/site-packages/airflow/example_dags/example_task_group.py
[2022-08-19 23:09:12,846] {processor.py:651} INFO - DAG(s) dict_keys(['example_task_group']) retrieved from /home/airflow/.local/lib/python3.7/site-packages/airflow/example_dags/example_task_group.py
[2022-08-19 23:09:12,905] {logging_mixin.py:115} INFO - [2022-08-19 23:09:12,905] {dag.py:2420} INFO - Sync 1 DAGs
[2022-08-19 23:09:12,930] {logging_mixin.py:115} INFO - [2022-08-19 23:09:12,930] {dag.py:2972} INFO - Setting next_dagrun for example_task_group to 2022-08-18T23:09:12.930229+00:00, run_after=2022-08-19T23:09:12.930229+00:00
[2022-08-19 23:09:12,942] {processor.py:161} INFO - Processing /home/airflow/.local/lib/python3.7/site-packages/airflow/example_dags/example_task_group.py took 0.110 seconds
[2022-08-19 23:09:43,118] {processor.py:153} INFO - Started process (PID=2619) to work on /home/airflow/.local/lib/python3.7/site-packages/airflow/example_dags/example_task_group.py
[2022-08-19 23:09:43,120] {processor.py:641} INFO - Processing file /home/airflow/.local/lib/python3.7/site-packages/airflow/example_dags/example_task_group.py for tasks to queue
[2022-08-19 23:09:43,124] {logging_mixin.py:115} INFO - [2022-08-19 23:09:43,124] {dagbag.py:508} INFO - Filling up the DagBag from /home/airflow/.local/lib/python3.7/site-packages/airflow/example_dags/example_task_group.py
[2022-08-19 23:09:43,131] {processor.py:651} INFO - DAG(s) dict_keys(['example_task_group']) retrieved from /home/airflow/.local/lib/python3.7/site-packages/airflow/example_dags/example_task_group.py
[2022-08-19 23:09:43,157] {logging_mixin.py:115} INFO - [2022-08-19 23:09:43,157] {dag.py:2420} INFO - Sync 1 DAGs
[2022-08-19 23:09:43,176] {logging_mixin.py:115} INFO - [2022-08-19 23:09:43,176] {dag.py:2972} INFO - Setting next_dagrun for example_task_group to 2022-08-18T23:09:43.176583+00:00, run_after=2022-08-19T23:09:43.176583+00:00
[2022-08-19 23:09:43,186] {processor.py:161} INFO - Processing /home/airflow/.local/lib/python3.7/site-packages/airflow/example_dags/example_task_group.py took 0.071 seconds
[2022-08-19 23:10:13,337] {processor.py:153} INFO - Started process (PID=2757) to work on /home/airflow/.local/lib/python3.7/site-packages/airflow/example_dags/example_task_group.py
[2022-08-19 23:10:13,340] {processor.py:641} INFO - Processing file /home/airflow/.local/lib/python3.7/site-packages/airflow/example_dags/example_task_group.py for tasks to queue
[2022-08-19 23:10:13,342] {logging_mixin.py:115} INFO - [2022-08-19 23:10:13,342] {dagbag.py:508} INFO - Filling up the DagBag from /home/airflow/.local/lib/python3.7/site-packages/airflow/example_dags/example_task_group.py
[2022-08-19 23:10:13,351] {processor.py:651} INFO - DAG(s) dict_keys(['example_task_group']) retrieved from /home/airflow/.local/lib/python3.7/site-packages/airflow/example_dags/example_task_group.py
[2022-08-19 23:10:13,395] {logging_mixin.py:115} INFO - [2022-08-19 23:10:13,395] {dag.py:2420} INFO - Sync 1 DAGs
[2022-08-19 23:10:13,425] {logging_mixin.py:115} INFO - [2022-08-19 23:10:13,425] {dag.py:2972} INFO - Setting next_dagrun for example_task_group to 2022-08-18T23:10:13.424958+00:00, run_after=2022-08-19T23:10:13.424958+00:00
[2022-08-19 23:10:13,441] {processor.py:161} INFO - Processing /home/airflow/.local/lib/python3.7/site-packages/airflow/example_dags/example_task_group.py took 0.108 seconds
[2022-08-19 23:10:43,910] {processor.py:153} INFO - Started process (PID=2885) to work on /home/airflow/.local/lib/python3.7/site-packages/airflow/example_dags/example_task_group.py
[2022-08-19 23:10:43,911] {processor.py:641} INFO - Processing file /home/airflow/.local/lib/python3.7/site-packages/airflow/example_dags/example_task_group.py for tasks to queue
[2022-08-19 23:10:43,912] {logging_mixin.py:115} INFO - [2022-08-19 23:10:43,912] {dagbag.py:508} INFO - Filling up the DagBag from /home/airflow/.local/lib/python3.7/site-packages/airflow/example_dags/example_task_group.py
[2022-08-19 23:10:43,920] {processor.py:651} INFO - DAG(s) dict_keys(['example_task_group']) retrieved from /home/airflow/.local/lib/python3.7/site-packages/airflow/example_dags/example_task_group.py
[2022-08-19 23:10:43,944] {logging_mixin.py:115} INFO - [2022-08-19 23:10:43,944] {dag.py:2420} INFO - Sync 1 DAGs
[2022-08-19 23:10:43,967] {logging_mixin.py:115} INFO - [2022-08-19 23:10:43,967] {dag.py:2972} INFO - Setting next_dagrun for example_task_group to 2022-08-18T23:10:43.967020+00:00, run_after=2022-08-19T23:10:43.967020+00:00
[2022-08-19 23:10:43,980] {processor.py:161} INFO - Processing /home/airflow/.local/lib/python3.7/site-packages/airflow/example_dags/example_task_group.py took 0.076 seconds
[2022-08-19 23:11:14,653] {processor.py:153} INFO - Started process (PID=2998) to work on /home/airflow/.local/lib/python3.7/site-packages/airflow/example_dags/example_task_group.py
[2022-08-19 23:11:14,654] {processor.py:641} INFO - Processing file /home/airflow/.local/lib/python3.7/site-packages/airflow/example_dags/example_task_group.py for tasks to queue
[2022-08-19 23:11:14,655] {logging_mixin.py:115} INFO - [2022-08-19 23:11:14,655] {dagbag.py:508} INFO - Filling up the DagBag from /home/airflow/.local/lib/python3.7/site-packages/airflow/example_dags/example_task_group.py
[2022-08-19 23:11:14,660] {processor.py:651} INFO - DAG(s) dict_keys(['example_task_group']) retrieved from /home/airflow/.local/lib/python3.7/site-packages/airflow/example_dags/example_task_group.py
[2022-08-19 23:11:14,678] {logging_mixin.py:115} INFO - [2022-08-19 23:11:14,678] {dag.py:2420} INFO - Sync 1 DAGs
[2022-08-19 23:11:14,692] {logging_mixin.py:115} INFO - [2022-08-19 23:11:14,692] {dag.py:2972} INFO - Setting next_dagrun for example_task_group to 2022-08-18T23:11:14.692225+00:00, run_after=2022-08-19T23:11:14.692225+00:00
[2022-08-19 23:11:14,700] {processor.py:161} INFO - Processing /home/airflow/.local/lib/python3.7/site-packages/airflow/example_dags/example_task_group.py took 0.049 seconds
[2022-08-19 23:11:45,186] {processor.py:153} INFO - Started process (PID=3122) to work on /home/airflow/.local/lib/python3.7/site-packages/airflow/example_dags/example_task_group.py
[2022-08-19 23:11:45,189] {processor.py:641} INFO - Processing file /home/airflow/.local/lib/python3.7/site-packages/airflow/example_dags/example_task_group.py for tasks to queue
[2022-08-19 23:11:45,190] {logging_mixin.py:115} INFO - [2022-08-19 23:11:45,190] {dagbag.py:508} INFO - Filling up the DagBag from /home/airflow/.local/lib/python3.7/site-packages/airflow/example_dags/example_task_group.py
[2022-08-19 23:11:45,198] {processor.py:651} INFO - DAG(s) dict_keys(['example_task_group']) retrieved from /home/airflow/.local/lib/python3.7/site-packages/airflow/example_dags/example_task_group.py
[2022-08-19 23:11:45,228] {logging_mixin.py:115} INFO - [2022-08-19 23:11:45,228] {dag.py:2420} INFO - Sync 1 DAGs
[2022-08-19 23:11:45,250] {logging_mixin.py:115} INFO - [2022-08-19 23:11:45,249] {dag.py:2972} INFO - Setting next_dagrun for example_task_group to 2022-08-18T23:11:45.249820+00:00, run_after=2022-08-19T23:11:45.249820+00:00
[2022-08-19 23:11:45,265] {processor.py:161} INFO - Processing /home/airflow/.local/lib/python3.7/site-packages/airflow/example_dags/example_task_group.py took 0.082 seconds
[2022-08-19 23:12:16,261] {processor.py:153} INFO - Started process (PID=3244) to work on /home/airflow/.local/lib/python3.7/site-packages/airflow/example_dags/example_task_group.py
[2022-08-19 23:12:16,262] {processor.py:641} INFO - Processing file /home/airflow/.local/lib/python3.7/site-packages/airflow/example_dags/example_task_group.py for tasks to queue
[2022-08-19 23:12:16,263] {logging_mixin.py:115} INFO - [2022-08-19 23:12:16,263] {dagbag.py:508} INFO - Filling up the DagBag from /home/airflow/.local/lib/python3.7/site-packages/airflow/example_dags/example_task_group.py
[2022-08-19 23:12:16,269] {processor.py:651} INFO - DAG(s) dict_keys(['example_task_group']) retrieved from /home/airflow/.local/lib/python3.7/site-packages/airflow/example_dags/example_task_group.py
[2022-08-19 23:12:16,288] {logging_mixin.py:115} INFO - [2022-08-19 23:12:16,288] {dag.py:2420} INFO - Sync 1 DAGs
[2022-08-19 23:12:16,301] {logging_mixin.py:115} INFO - [2022-08-19 23:12:16,301] {dag.py:2972} INFO - Setting next_dagrun for example_task_group to 2022-08-18T23:12:16.301065+00:00, run_after=2022-08-19T23:12:16.301065+00:00
[2022-08-19 23:12:16,308] {processor.py:161} INFO - Processing /home/airflow/.local/lib/python3.7/site-packages/airflow/example_dags/example_task_group.py took 0.050 seconds
[2022-08-19 23:12:46,910] {processor.py:153} INFO - Started process (PID=3382) to work on /home/airflow/.local/lib/python3.7/site-packages/airflow/example_dags/example_task_group.py
[2022-08-19 23:12:46,928] {processor.py:641} INFO - Processing file /home/airflow/.local/lib/python3.7/site-packages/airflow/example_dags/example_task_group.py for tasks to queue
[2022-08-19 23:12:46,932] {logging_mixin.py:115} INFO - [2022-08-19 23:12:46,932] {dagbag.py:508} INFO - Filling up the DagBag from /home/airflow/.local/lib/python3.7/site-packages/airflow/example_dags/example_task_group.py
[2022-08-19 23:12:46,938] {processor.py:651} INFO - DAG(s) dict_keys(['example_task_group']) retrieved from /home/airflow/.local/lib/python3.7/site-packages/airflow/example_dags/example_task_group.py
[2022-08-19 23:12:46,960] {logging_mixin.py:115} INFO - [2022-08-19 23:12:46,960] {dag.py:2420} INFO - Sync 1 DAGs
[2022-08-19 23:12:47,016] {logging_mixin.py:115} INFO - [2022-08-19 23:12:47,016] {dag.py:2972} INFO - Setting next_dagrun for example_task_group to 2022-08-18T23:12:47.015923+00:00, run_after=2022-08-19T23:12:47.015923+00:00
[2022-08-19 23:12:47,028] {processor.py:161} INFO - Processing /home/airflow/.local/lib/python3.7/site-packages/airflow/example_dags/example_task_group.py took 0.121 seconds
[2022-08-19 23:13:17,075] {processor.py:153} INFO - Started process (PID=3504) to work on /home/airflow/.local/lib/python3.7/site-packages/airflow/example_dags/example_task_group.py
[2022-08-19 23:13:17,076] {processor.py:641} INFO - Processing file /home/airflow/.local/lib/python3.7/site-packages/airflow/example_dags/example_task_group.py for tasks to queue
[2022-08-19 23:13:17,078] {logging_mixin.py:115} INFO - [2022-08-19 23:13:17,078] {dagbag.py:508} INFO - Filling up the DagBag from /home/airflow/.local/lib/python3.7/site-packages/airflow/example_dags/example_task_group.py
[2022-08-19 23:13:17,083] {processor.py:651} INFO - DAG(s) dict_keys(['example_task_group']) retrieved from /home/airflow/.local/lib/python3.7/site-packages/airflow/example_dags/example_task_group.py
[2022-08-19 23:13:17,100] {logging_mixin.py:115} INFO - [2022-08-19 23:13:17,100] {dag.py:2420} INFO - Sync 1 DAGs
[2022-08-19 23:13:17,114] {logging_mixin.py:115} INFO - [2022-08-19 23:13:17,114] {dag.py:2972} INFO - Setting next_dagrun for example_task_group to 2022-08-18T23:13:17.114668+00:00, run_after=2022-08-19T23:13:17.114668+00:00
[2022-08-19 23:13:17,122] {processor.py:161} INFO - Processing /home/airflow/.local/lib/python3.7/site-packages/airflow/example_dags/example_task_group.py took 0.050 seconds
[2022-08-19 23:13:47,385] {processor.py:153} INFO - Started process (PID=3614) to work on /home/airflow/.local/lib/python3.7/site-packages/airflow/example_dags/example_task_group.py
[2022-08-19 23:13:47,389] {processor.py:641} INFO - Processing file /home/airflow/.local/lib/python3.7/site-packages/airflow/example_dags/example_task_group.py for tasks to queue
[2022-08-19 23:13:47,390] {logging_mixin.py:115} INFO - [2022-08-19 23:13:47,390] {dagbag.py:508} INFO - Filling up the DagBag from /home/airflow/.local/lib/python3.7/site-packages/airflow/example_dags/example_task_group.py
[2022-08-19 23:13:47,395] {processor.py:651} INFO - DAG(s) dict_keys(['example_task_group']) retrieved from /home/airflow/.local/lib/python3.7/site-packages/airflow/example_dags/example_task_group.py
[2022-08-19 23:13:47,427] {logging_mixin.py:115} INFO - [2022-08-19 23:13:47,427] {dag.py:2420} INFO - Sync 1 DAGs
[2022-08-19 23:13:47,451] {logging_mixin.py:115} INFO - [2022-08-19 23:13:47,451] {dag.py:2972} INFO - Setting next_dagrun for example_task_group to 2022-08-18T23:13:47.451333+00:00, run_after=2022-08-19T23:13:47.451333+00:00
[2022-08-19 23:13:47,462] {processor.py:161} INFO - Processing /home/airflow/.local/lib/python3.7/site-packages/airflow/example_dags/example_task_group.py took 0.079 seconds
[2022-08-19 23:14:17,966] {processor.py:153} INFO - Started process (PID=3755) to work on /home/airflow/.local/lib/python3.7/site-packages/airflow/example_dags/example_task_group.py
[2022-08-19 23:14:17,969] {processor.py:641} INFO - Processing file /home/airflow/.local/lib/python3.7/site-packages/airflow/example_dags/example_task_group.py for tasks to queue
[2022-08-19 23:14:17,970] {logging_mixin.py:115} INFO - [2022-08-19 23:14:17,970] {dagbag.py:508} INFO - Filling up the DagBag from /home/airflow/.local/lib/python3.7/site-packages/airflow/example_dags/example_task_group.py
[2022-08-19 23:14:17,978] {processor.py:651} INFO - DAG(s) dict_keys(['example_task_group']) retrieved from /home/airflow/.local/lib/python3.7/site-packages/airflow/example_dags/example_task_group.py
[2022-08-19 23:14:17,996] {logging_mixin.py:115} INFO - [2022-08-19 23:14:17,996] {dag.py:2420} INFO - Sync 1 DAGs
[2022-08-19 23:14:18,010] {logging_mixin.py:115} INFO - [2022-08-19 23:14:18,010] {dag.py:2972} INFO - Setting next_dagrun for example_task_group to 2022-08-18T23:14:18.010818+00:00, run_after=2022-08-19T23:14:18.010818+00:00
[2022-08-19 23:14:18,020] {processor.py:161} INFO - Processing /home/airflow/.local/lib/python3.7/site-packages/airflow/example_dags/example_task_group.py took 0.059 seconds
[2022-08-19 23:14:48,697] {processor.py:153} INFO - Started process (PID=3904) to work on /home/airflow/.local/lib/python3.7/site-packages/airflow/example_dags/example_task_group.py
[2022-08-19 23:14:48,698] {processor.py:641} INFO - Processing file /home/airflow/.local/lib/python3.7/site-packages/airflow/example_dags/example_task_group.py for tasks to queue
[2022-08-19 23:14:48,699] {logging_mixin.py:115} INFO - [2022-08-19 23:14:48,699] {dagbag.py:508} INFO - Filling up the DagBag from /home/airflow/.local/lib/python3.7/site-packages/airflow/example_dags/example_task_group.py
[2022-08-19 23:14:48,705] {processor.py:651} INFO - DAG(s) dict_keys(['example_task_group']) retrieved from /home/airflow/.local/lib/python3.7/site-packages/airflow/example_dags/example_task_group.py
[2022-08-19 23:14:48,724] {logging_mixin.py:115} INFO - [2022-08-19 23:14:48,724] {dag.py:2420} INFO - Sync 1 DAGs
[2022-08-19 23:14:48,737] {logging_mixin.py:115} INFO - [2022-08-19 23:14:48,737] {dag.py:2972} INFO - Setting next_dagrun for example_task_group to 2022-08-18T23:14:48.737262+00:00, run_after=2022-08-19T23:14:48.737262+00:00
[2022-08-19 23:14:48,745] {processor.py:161} INFO - Processing /home/airflow/.local/lib/python3.7/site-packages/airflow/example_dags/example_task_group.py took 0.052 seconds
[2022-08-19 23:15:19,324] {processor.py:153} INFO - Started process (PID=4030) to work on /home/airflow/.local/lib/python3.7/site-packages/airflow/example_dags/example_task_group.py
[2022-08-19 23:15:19,326] {processor.py:641} INFO - Processing file /home/airflow/.local/lib/python3.7/site-packages/airflow/example_dags/example_task_group.py for tasks to queue
[2022-08-19 23:15:19,327] {logging_mixin.py:115} INFO - [2022-08-19 23:15:19,327] {dagbag.py:508} INFO - Filling up the DagBag from /home/airflow/.local/lib/python3.7/site-packages/airflow/example_dags/example_task_group.py
[2022-08-19 23:15:19,331] {processor.py:651} INFO - DAG(s) dict_keys(['example_task_group']) retrieved from /home/airflow/.local/lib/python3.7/site-packages/airflow/example_dags/example_task_group.py
[2022-08-19 23:15:19,349] {logging_mixin.py:115} INFO - [2022-08-19 23:15:19,349] {dag.py:2420} INFO - Sync 1 DAGs
[2022-08-19 23:15:19,362] {logging_mixin.py:115} INFO - [2022-08-19 23:15:19,362] {dag.py:2972} INFO - Setting next_dagrun for example_task_group to 2022-08-18T23:15:19.362535+00:00, run_after=2022-08-19T23:15:19.362535+00:00
[2022-08-19 23:15:19,370] {processor.py:161} INFO - Processing /home/airflow/.local/lib/python3.7/site-packages/airflow/example_dags/example_task_group.py took 0.048 seconds
[2022-08-19 23:15:50,036] {processor.py:153} INFO - Started process (PID=4151) to work on /home/airflow/.local/lib/python3.7/site-packages/airflow/example_dags/example_task_group.py
[2022-08-19 23:15:50,038] {processor.py:641} INFO - Processing file /home/airflow/.local/lib/python3.7/site-packages/airflow/example_dags/example_task_group.py for tasks to queue
[2022-08-19 23:15:50,039] {logging_mixin.py:115} INFO - [2022-08-19 23:15:50,039] {dagbag.py:508} INFO - Filling up the DagBag from /home/airflow/.local/lib/python3.7/site-packages/airflow/example_dags/example_task_group.py
[2022-08-19 23:15:50,044] {processor.py:651} INFO - DAG(s) dict_keys(['example_task_group']) retrieved from /home/airflow/.local/lib/python3.7/site-packages/airflow/example_dags/example_task_group.py
[2022-08-19 23:15:50,063] {logging_mixin.py:115} INFO - [2022-08-19 23:15:50,063] {dag.py:2420} INFO - Sync 1 DAGs
[2022-08-19 23:15:50,076] {logging_mixin.py:115} INFO - [2022-08-19 23:15:50,076] {dag.py:2972} INFO - Setting next_dagrun for example_task_group to 2022-08-18T23:15:50.076440+00:00, run_after=2022-08-19T23:15:50.076440+00:00
[2022-08-19 23:15:50,084] {processor.py:161} INFO - Processing /home/airflow/.local/lib/python3.7/site-packages/airflow/example_dags/example_task_group.py took 0.050 seconds
[2022-08-19 23:16:20,324] {processor.py:153} INFO - Started process (PID=4299) to work on /home/airflow/.local/lib/python3.7/site-packages/airflow/example_dags/example_task_group.py
[2022-08-19 23:16:20,326] {processor.py:641} INFO - Processing file /home/airflow/.local/lib/python3.7/site-packages/airflow/example_dags/example_task_group.py for tasks to queue
[2022-08-19 23:16:20,326] {logging_mixin.py:115} INFO - [2022-08-19 23:16:20,326] {dagbag.py:508} INFO - Filling up the DagBag from /home/airflow/.local/lib/python3.7/site-packages/airflow/example_dags/example_task_group.py
[2022-08-19 23:16:20,335] {processor.py:651} INFO - DAG(s) dict_keys(['example_task_group']) retrieved from /home/airflow/.local/lib/python3.7/site-packages/airflow/example_dags/example_task_group.py
[2022-08-19 23:16:20,393] {logging_mixin.py:115} INFO - [2022-08-19 23:16:20,393] {dag.py:2420} INFO - Sync 1 DAGs
[2022-08-19 23:16:20,409] {logging_mixin.py:115} INFO - [2022-08-19 23:16:20,409] {dag.py:2972} INFO - Setting next_dagrun for example_task_group to 2022-08-18T23:16:20.409168+00:00, run_after=2022-08-19T23:16:20.409168+00:00
[2022-08-19 23:16:20,419] {processor.py:161} INFO - Processing /home/airflow/.local/lib/python3.7/site-packages/airflow/example_dags/example_task_group.py took 0.100 seconds
[2022-08-19 23:16:51,280] {processor.py:153} INFO - Started process (PID=4431) to work on /home/airflow/.local/lib/python3.7/site-packages/airflow/example_dags/example_task_group.py
[2022-08-19 23:16:51,284] {processor.py:641} INFO - Processing file /home/airflow/.local/lib/python3.7/site-packages/airflow/example_dags/example_task_group.py for tasks to queue
[2022-08-19 23:16:51,288] {logging_mixin.py:115} INFO - [2022-08-19 23:16:51,288] {dagbag.py:508} INFO - Filling up the DagBag from /home/airflow/.local/lib/python3.7/site-packages/airflow/example_dags/example_task_group.py
[2022-08-19 23:16:51,294] {processor.py:651} INFO - DAG(s) dict_keys(['example_task_group']) retrieved from /home/airflow/.local/lib/python3.7/site-packages/airflow/example_dags/example_task_group.py
[2022-08-19 23:16:51,333] {logging_mixin.py:115} INFO - [2022-08-19 23:16:51,330] {dag.py:2420} INFO - Sync 1 DAGs
[2022-08-19 23:16:51,359] {logging_mixin.py:115} INFO - [2022-08-19 23:16:51,359] {dag.py:2972} INFO - Setting next_dagrun for example_task_group to 2022-08-18T23:16:51.359141+00:00, run_after=2022-08-19T23:16:51.359141+00:00
[2022-08-19 23:16:51,378] {processor.py:161} INFO - Processing /home/airflow/.local/lib/python3.7/site-packages/airflow/example_dags/example_task_group.py took 0.108 seconds
[2022-08-19 23:17:21,724] {processor.py:153} INFO - Started process (PID=4570) to work on /home/airflow/.local/lib/python3.7/site-packages/airflow/example_dags/example_task_group.py
[2022-08-19 23:17:21,725] {processor.py:641} INFO - Processing file /home/airflow/.local/lib/python3.7/site-packages/airflow/example_dags/example_task_group.py for tasks to queue
[2022-08-19 23:17:21,727] {logging_mixin.py:115} INFO - [2022-08-19 23:17:21,727] {dagbag.py:508} INFO - Filling up the DagBag from /home/airflow/.local/lib/python3.7/site-packages/airflow/example_dags/example_task_group.py
[2022-08-19 23:17:21,733] {processor.py:651} INFO - DAG(s) dict_keys(['example_task_group']) retrieved from /home/airflow/.local/lib/python3.7/site-packages/airflow/example_dags/example_task_group.py
[2022-08-19 23:17:21,762] {logging_mixin.py:115} INFO - [2022-08-19 23:17:21,762] {dag.py:2420} INFO - Sync 1 DAGs
[2022-08-19 23:17:21,781] {logging_mixin.py:115} INFO - [2022-08-19 23:17:21,781] {dag.py:2972} INFO - Setting next_dagrun for example_task_group to 2022-08-18T23:17:21.781641+00:00, run_after=2022-08-19T23:17:21.781641+00:00
[2022-08-19 23:17:21,791] {processor.py:161} INFO - Processing /home/airflow/.local/lib/python3.7/site-packages/airflow/example_dags/example_task_group.py took 0.070 seconds
[2022-08-19 23:17:52,172] {processor.py:153} INFO - Started process (PID=4679) to work on /home/airflow/.local/lib/python3.7/site-packages/airflow/example_dags/example_task_group.py
[2022-08-19 23:17:52,175] {processor.py:641} INFO - Processing file /home/airflow/.local/lib/python3.7/site-packages/airflow/example_dags/example_task_group.py for tasks to queue
[2022-08-19 23:17:52,177] {logging_mixin.py:115} INFO - [2022-08-19 23:17:52,177] {dagbag.py:508} INFO - Filling up the DagBag from /home/airflow/.local/lib/python3.7/site-packages/airflow/example_dags/example_task_group.py
[2022-08-19 23:17:52,182] {processor.py:651} INFO - DAG(s) dict_keys(['example_task_group']) retrieved from /home/airflow/.local/lib/python3.7/site-packages/airflow/example_dags/example_task_group.py
[2022-08-19 23:17:52,209] {logging_mixin.py:115} INFO - [2022-08-19 23:17:52,209] {dag.py:2420} INFO - Sync 1 DAGs
[2022-08-19 23:17:52,232] {logging_mixin.py:115} INFO - [2022-08-19 23:17:52,232] {dag.py:2972} INFO - Setting next_dagrun for example_task_group to 2022-08-18T23:17:52.232771+00:00, run_after=2022-08-19T23:17:52.232771+00:00
[2022-08-19 23:17:52,243] {processor.py:161} INFO - Processing /home/airflow/.local/lib/python3.7/site-packages/airflow/example_dags/example_task_group.py took 0.073 seconds
[2022-08-19 23:18:22,692] {processor.py:153} INFO - Started process (PID=4828) to work on /home/airflow/.local/lib/python3.7/site-packages/airflow/example_dags/example_task_group.py
[2022-08-19 23:18:22,693] {processor.py:641} INFO - Processing file /home/airflow/.local/lib/python3.7/site-packages/airflow/example_dags/example_task_group.py for tasks to queue
[2022-08-19 23:18:22,694] {logging_mixin.py:115} INFO - [2022-08-19 23:18:22,694] {dagbag.py:508} INFO - Filling up the DagBag from /home/airflow/.local/lib/python3.7/site-packages/airflow/example_dags/example_task_group.py
[2022-08-19 23:18:22,699] {processor.py:651} INFO - DAG(s) dict_keys(['example_task_group']) retrieved from /home/airflow/.local/lib/python3.7/site-packages/airflow/example_dags/example_task_group.py
[2022-08-19 23:18:22,716] {logging_mixin.py:115} INFO - [2022-08-19 23:18:22,716] {dag.py:2420} INFO - Sync 1 DAGs
[2022-08-19 23:18:22,731] {logging_mixin.py:115} INFO - [2022-08-19 23:18:22,731] {dag.py:2972} INFO - Setting next_dagrun for example_task_group to 2022-08-18T23:18:22.731753+00:00, run_after=2022-08-19T23:18:22.731753+00:00
[2022-08-19 23:18:22,740] {processor.py:161} INFO - Processing /home/airflow/.local/lib/python3.7/site-packages/airflow/example_dags/example_task_group.py took 0.051 seconds
[2022-08-19 23:18:53,535] {processor.py:153} INFO - Started process (PID=4957) to work on /home/airflow/.local/lib/python3.7/site-packages/airflow/example_dags/example_task_group.py
[2022-08-19 23:18:53,536] {processor.py:641} INFO - Processing file /home/airflow/.local/lib/python3.7/site-packages/airflow/example_dags/example_task_group.py for tasks to queue
[2022-08-19 23:18:53,537] {logging_mixin.py:115} INFO - [2022-08-19 23:18:53,537] {dagbag.py:508} INFO - Filling up the DagBag from /home/airflow/.local/lib/python3.7/site-packages/airflow/example_dags/example_task_group.py
[2022-08-19 23:18:53,543] {processor.py:651} INFO - DAG(s) dict_keys(['example_task_group']) retrieved from /home/airflow/.local/lib/python3.7/site-packages/airflow/example_dags/example_task_group.py
[2022-08-19 23:18:53,559] {logging_mixin.py:115} INFO - [2022-08-19 23:18:53,559] {dag.py:2420} INFO - Sync 1 DAGs
[2022-08-19 23:18:53,579] {logging_mixin.py:115} INFO - [2022-08-19 23:18:53,579] {dag.py:2972} INFO - Setting next_dagrun for example_task_group to 2022-08-18T23:18:53.579287+00:00, run_after=2022-08-19T23:18:53.579287+00:00
[2022-08-19 23:18:53,588] {processor.py:161} INFO - Processing /home/airflow/.local/lib/python3.7/site-packages/airflow/example_dags/example_task_group.py took 0.056 seconds
[2022-08-19 23:19:23,920] {processor.py:153} INFO - Started process (PID=5099) to work on /home/airflow/.local/lib/python3.7/site-packages/airflow/example_dags/example_task_group.py
[2022-08-19 23:19:23,923] {processor.py:641} INFO - Processing file /home/airflow/.local/lib/python3.7/site-packages/airflow/example_dags/example_task_group.py for tasks to queue
[2022-08-19 23:19:23,925] {logging_mixin.py:115} INFO - [2022-08-19 23:19:23,925] {dagbag.py:508} INFO - Filling up the DagBag from /home/airflow/.local/lib/python3.7/site-packages/airflow/example_dags/example_task_group.py
[2022-08-19 23:19:23,933] {processor.py:651} INFO - DAG(s) dict_keys(['example_task_group']) retrieved from /home/airflow/.local/lib/python3.7/site-packages/airflow/example_dags/example_task_group.py
[2022-08-19 23:19:23,982] {logging_mixin.py:115} INFO - [2022-08-19 23:19:23,982] {dag.py:2420} INFO - Sync 1 DAGs
[2022-08-19 23:19:24,012] {logging_mixin.py:115} INFO - [2022-08-19 23:19:24,012] {dag.py:2972} INFO - Setting next_dagrun for example_task_group to 2022-08-18T23:19:24.012185+00:00, run_after=2022-08-19T23:19:24.012185+00:00
[2022-08-19 23:19:24,036] {processor.py:161} INFO - Processing /home/airflow/.local/lib/python3.7/site-packages/airflow/example_dags/example_task_group.py took 0.119 seconds
[2022-08-19 23:19:54,258] {processor.py:153} INFO - Started process (PID=5230) to work on /home/airflow/.local/lib/python3.7/site-packages/airflow/example_dags/example_task_group.py
[2022-08-19 23:19:54,261] {processor.py:641} INFO - Processing file /home/airflow/.local/lib/python3.7/site-packages/airflow/example_dags/example_task_group.py for tasks to queue
[2022-08-19 23:19:54,263] {logging_mixin.py:115} INFO - [2022-08-19 23:19:54,263] {dagbag.py:508} INFO - Filling up the DagBag from /home/airflow/.local/lib/python3.7/site-packages/airflow/example_dags/example_task_group.py
[2022-08-19 23:19:54,268] {processor.py:651} INFO - DAG(s) dict_keys(['example_task_group']) retrieved from /home/airflow/.local/lib/python3.7/site-packages/airflow/example_dags/example_task_group.py
[2022-08-19 23:19:54,314] {logging_mixin.py:115} INFO - [2022-08-19 23:19:54,314] {dag.py:2420} INFO - Sync 1 DAGs
[2022-08-19 23:19:54,345] {logging_mixin.py:115} INFO - [2022-08-19 23:19:54,345] {dag.py:2972} INFO - Setting next_dagrun for example_task_group to 2022-08-18T23:19:54.344920+00:00, run_after=2022-08-19T23:19:54.344920+00:00
[2022-08-19 23:19:54,362] {processor.py:161} INFO - Processing /home/airflow/.local/lib/python3.7/site-packages/airflow/example_dags/example_task_group.py took 0.107 seconds
[2022-08-19 23:20:25,063] {processor.py:153} INFO - Started process (PID=5356) to work on /home/airflow/.local/lib/python3.7/site-packages/airflow/example_dags/example_task_group.py
[2022-08-19 23:20:25,065] {processor.py:641} INFO - Processing file /home/airflow/.local/lib/python3.7/site-packages/airflow/example_dags/example_task_group.py for tasks to queue
[2022-08-19 23:20:25,066] {logging_mixin.py:115} INFO - [2022-08-19 23:20:25,065] {dagbag.py:508} INFO - Filling up the DagBag from /home/airflow/.local/lib/python3.7/site-packages/airflow/example_dags/example_task_group.py
[2022-08-19 23:20:25,073] {processor.py:651} INFO - DAG(s) dict_keys(['example_task_group']) retrieved from /home/airflow/.local/lib/python3.7/site-packages/airflow/example_dags/example_task_group.py
[2022-08-19 23:20:25,099] {logging_mixin.py:115} INFO - [2022-08-19 23:20:25,099] {dag.py:2420} INFO - Sync 1 DAGs
[2022-08-19 23:20:25,120] {logging_mixin.py:115} INFO - [2022-08-19 23:20:25,120] {dag.py:2972} INFO - Setting next_dagrun for example_task_group to 2022-08-18T23:20:25.120217+00:00, run_after=2022-08-19T23:20:25.120217+00:00
[2022-08-19 23:20:25,142] {processor.py:161} INFO - Processing /home/airflow/.local/lib/python3.7/site-packages/airflow/example_dags/example_task_group.py took 0.083 seconds
[2022-08-19 23:20:55,694] {processor.py:153} INFO - Started process (PID=5474) to work on /home/airflow/.local/lib/python3.7/site-packages/airflow/example_dags/example_task_group.py
[2022-08-19 23:20:55,696] {processor.py:641} INFO - Processing file /home/airflow/.local/lib/python3.7/site-packages/airflow/example_dags/example_task_group.py for tasks to queue
[2022-08-19 23:20:55,698] {logging_mixin.py:115} INFO - [2022-08-19 23:20:55,698] {dagbag.py:508} INFO - Filling up the DagBag from /home/airflow/.local/lib/python3.7/site-packages/airflow/example_dags/example_task_group.py
[2022-08-19 23:20:55,703] {processor.py:651} INFO - DAG(s) dict_keys(['example_task_group']) retrieved from /home/airflow/.local/lib/python3.7/site-packages/airflow/example_dags/example_task_group.py
[2022-08-19 23:20:55,728] {logging_mixin.py:115} INFO - [2022-08-19 23:20:55,728] {dag.py:2420} INFO - Sync 1 DAGs
[2022-08-19 23:20:55,749] {logging_mixin.py:115} INFO - [2022-08-19 23:20:55,749] {dag.py:2972} INFO - Setting next_dagrun for example_task_group to 2022-08-18T23:20:55.749745+00:00, run_after=2022-08-19T23:20:55.749745+00:00
[2022-08-19 23:20:55,760] {processor.py:161} INFO - Processing /home/airflow/.local/lib/python3.7/site-packages/airflow/example_dags/example_task_group.py took 0.068 seconds
[2022-08-19 23:21:26,063] {processor.py:153} INFO - Started process (PID=5591) to work on /home/airflow/.local/lib/python3.7/site-packages/airflow/example_dags/example_task_group.py
[2022-08-19 23:21:26,064] {processor.py:641} INFO - Processing file /home/airflow/.local/lib/python3.7/site-packages/airflow/example_dags/example_task_group.py for tasks to queue
[2022-08-19 23:21:26,065] {logging_mixin.py:115} INFO - [2022-08-19 23:21:26,065] {dagbag.py:508} INFO - Filling up the DagBag from /home/airflow/.local/lib/python3.7/site-packages/airflow/example_dags/example_task_group.py
[2022-08-19 23:21:26,071] {processor.py:651} INFO - DAG(s) dict_keys(['example_task_group']) retrieved from /home/airflow/.local/lib/python3.7/site-packages/airflow/example_dags/example_task_group.py
[2022-08-19 23:21:26,088] {logging_mixin.py:115} INFO - [2022-08-19 23:21:26,087] {dag.py:2420} INFO - Sync 1 DAGs
[2022-08-19 23:21:26,101] {logging_mixin.py:115} INFO - [2022-08-19 23:21:26,101] {dag.py:2972} INFO - Setting next_dagrun for example_task_group to 2022-08-18T23:21:26.101669+00:00, run_after=2022-08-19T23:21:26.101669+00:00
[2022-08-19 23:21:26,126] {processor.py:161} INFO - Processing /home/airflow/.local/lib/python3.7/site-packages/airflow/example_dags/example_task_group.py took 0.067 seconds
[2022-08-19 23:21:56,522] {processor.py:153} INFO - Started process (PID=5701) to work on /home/airflow/.local/lib/python3.7/site-packages/airflow/example_dags/example_task_group.py
[2022-08-19 23:21:56,523] {processor.py:641} INFO - Processing file /home/airflow/.local/lib/python3.7/site-packages/airflow/example_dags/example_task_group.py for tasks to queue
[2022-08-19 23:21:56,524] {logging_mixin.py:115} INFO - [2022-08-19 23:21:56,524] {dagbag.py:508} INFO - Filling up the DagBag from /home/airflow/.local/lib/python3.7/site-packages/airflow/example_dags/example_task_group.py
[2022-08-19 23:21:56,529] {processor.py:651} INFO - DAG(s) dict_keys(['example_task_group']) retrieved from /home/airflow/.local/lib/python3.7/site-packages/airflow/example_dags/example_task_group.py
[2022-08-19 23:21:56,548] {logging_mixin.py:115} INFO - [2022-08-19 23:21:56,547] {dag.py:2420} INFO - Sync 1 DAGs
[2022-08-19 23:21:56,562] {logging_mixin.py:115} INFO - [2022-08-19 23:21:56,562] {dag.py:2972} INFO - Setting next_dagrun for example_task_group to 2022-08-18T23:21:56.562606+00:00, run_after=2022-08-19T23:21:56.562606+00:00
[2022-08-19 23:21:56,571] {processor.py:161} INFO - Processing /home/airflow/.local/lib/python3.7/site-packages/airflow/example_dags/example_task_group.py took 0.051 seconds
[2022-08-19 23:22:27,043] {processor.py:153} INFO - Started process (PID=5772) to work on /home/airflow/.local/lib/python3.7/site-packages/airflow/example_dags/example_task_group.py
[2022-08-19 23:22:27,045] {processor.py:641} INFO - Processing file /home/airflow/.local/lib/python3.7/site-packages/airflow/example_dags/example_task_group.py for tasks to queue
[2022-08-19 23:22:27,046] {logging_mixin.py:115} INFO - [2022-08-19 23:22:27,046] {dagbag.py:508} INFO - Filling up the DagBag from /home/airflow/.local/lib/python3.7/site-packages/airflow/example_dags/example_task_group.py
[2022-08-19 23:22:27,052] {processor.py:651} INFO - DAG(s) dict_keys(['example_task_group']) retrieved from /home/airflow/.local/lib/python3.7/site-packages/airflow/example_dags/example_task_group.py
[2022-08-19 23:22:27,072] {logging_mixin.py:115} INFO - [2022-08-19 23:22:27,072] {dag.py:2420} INFO - Sync 1 DAGs
[2022-08-19 23:22:27,086] {logging_mixin.py:115} INFO - [2022-08-19 23:22:27,086] {dag.py:2972} INFO - Setting next_dagrun for example_task_group to 2022-08-18T23:22:27.086172+00:00, run_after=2022-08-19T23:22:27.086172+00:00
[2022-08-19 23:22:27,095] {processor.py:161} INFO - Processing /home/airflow/.local/lib/python3.7/site-packages/airflow/example_dags/example_task_group.py took 0.055 seconds
[2022-08-19 23:22:57,591] {processor.py:153} INFO - Started process (PID=5844) to work on /home/airflow/.local/lib/python3.7/site-packages/airflow/example_dags/example_task_group.py
[2022-08-19 23:22:57,593] {processor.py:641} INFO - Processing file /home/airflow/.local/lib/python3.7/site-packages/airflow/example_dags/example_task_group.py for tasks to queue
[2022-08-19 23:22:57,595] {logging_mixin.py:115} INFO - [2022-08-19 23:22:57,595] {dagbag.py:508} INFO - Filling up the DagBag from /home/airflow/.local/lib/python3.7/site-packages/airflow/example_dags/example_task_group.py
[2022-08-19 23:22:57,603] {processor.py:651} INFO - DAG(s) dict_keys(['example_task_group']) retrieved from /home/airflow/.local/lib/python3.7/site-packages/airflow/example_dags/example_task_group.py
[2022-08-19 23:22:57,627] {logging_mixin.py:115} INFO - [2022-08-19 23:22:57,627] {dag.py:2420} INFO - Sync 1 DAGs
[2022-08-19 23:22:57,640] {logging_mixin.py:115} INFO - [2022-08-19 23:22:57,640] {dag.py:2972} INFO - Setting next_dagrun for example_task_group to 2022-08-18T23:22:57.640494+00:00, run_after=2022-08-19T23:22:57.640494+00:00
[2022-08-19 23:22:57,648] {processor.py:161} INFO - Processing /home/airflow/.local/lib/python3.7/site-packages/airflow/example_dags/example_task_group.py took 0.061 seconds
[2022-08-19 23:23:28,263] {processor.py:153} INFO - Started process (PID=5912) to work on /home/airflow/.local/lib/python3.7/site-packages/airflow/example_dags/example_task_group.py
[2022-08-19 23:23:28,278] {processor.py:641} INFO - Processing file /home/airflow/.local/lib/python3.7/site-packages/airflow/example_dags/example_task_group.py for tasks to queue
[2022-08-19 23:23:28,280] {logging_mixin.py:115} INFO - [2022-08-19 23:23:28,280] {dagbag.py:508} INFO - Filling up the DagBag from /home/airflow/.local/lib/python3.7/site-packages/airflow/example_dags/example_task_group.py
[2022-08-19 23:23:28,287] {processor.py:651} INFO - DAG(s) dict_keys(['example_task_group']) retrieved from /home/airflow/.local/lib/python3.7/site-packages/airflow/example_dags/example_task_group.py
[2022-08-19 23:23:28,338] {logging_mixin.py:115} INFO - [2022-08-19 23:23:28,338] {dag.py:2420} INFO - Sync 1 DAGs
[2022-08-19 23:23:28,355] {logging_mixin.py:115} INFO - [2022-08-19 23:23:28,355] {dag.py:2972} INFO - Setting next_dagrun for example_task_group to 2022-08-18T23:23:28.355300+00:00, run_after=2022-08-19T23:23:28.355300+00:00
[2022-08-19 23:23:28,401] {processor.py:161} INFO - Processing /home/airflow/.local/lib/python3.7/site-packages/airflow/example_dags/example_task_group.py took 0.140 seconds
[2022-08-19 23:23:58,638] {processor.py:153} INFO - Started process (PID=5979) to work on /home/airflow/.local/lib/python3.7/site-packages/airflow/example_dags/example_task_group.py
[2022-08-19 23:23:58,640] {processor.py:641} INFO - Processing file /home/airflow/.local/lib/python3.7/site-packages/airflow/example_dags/example_task_group.py for tasks to queue
[2022-08-19 23:23:58,641] {logging_mixin.py:115} INFO - [2022-08-19 23:23:58,641] {dagbag.py:508} INFO - Filling up the DagBag from /home/airflow/.local/lib/python3.7/site-packages/airflow/example_dags/example_task_group.py
[2022-08-19 23:23:58,646] {processor.py:651} INFO - DAG(s) dict_keys(['example_task_group']) retrieved from /home/airflow/.local/lib/python3.7/site-packages/airflow/example_dags/example_task_group.py
[2022-08-19 23:23:58,662] {logging_mixin.py:115} INFO - [2022-08-19 23:23:58,662] {dag.py:2420} INFO - Sync 1 DAGs
[2022-08-19 23:23:58,675] {logging_mixin.py:115} INFO - [2022-08-19 23:23:58,675] {dag.py:2972} INFO - Setting next_dagrun for example_task_group to 2022-08-18T23:23:58.674873+00:00, run_after=2022-08-19T23:23:58.674873+00:00
[2022-08-19 23:23:58,682] {processor.py:161} INFO - Processing /home/airflow/.local/lib/python3.7/site-packages/airflow/example_dags/example_task_group.py took 0.046 seconds
[2022-08-19 23:24:29,005] {processor.py:153} INFO - Started process (PID=6036) to work on /home/airflow/.local/lib/python3.7/site-packages/airflow/example_dags/example_task_group.py
[2022-08-19 23:24:29,006] {processor.py:641} INFO - Processing file /home/airflow/.local/lib/python3.7/site-packages/airflow/example_dags/example_task_group.py for tasks to queue
[2022-08-19 23:24:29,007] {logging_mixin.py:115} INFO - [2022-08-19 23:24:29,007] {dagbag.py:508} INFO - Filling up the DagBag from /home/airflow/.local/lib/python3.7/site-packages/airflow/example_dags/example_task_group.py
[2022-08-19 23:24:29,012] {processor.py:651} INFO - DAG(s) dict_keys(['example_task_group']) retrieved from /home/airflow/.local/lib/python3.7/site-packages/airflow/example_dags/example_task_group.py
[2022-08-19 23:24:29,033] {logging_mixin.py:115} INFO - [2022-08-19 23:24:29,033] {dag.py:2420} INFO - Sync 1 DAGs
[2022-08-19 23:24:29,048] {logging_mixin.py:115} INFO - [2022-08-19 23:24:29,047] {dag.py:2972} INFO - Setting next_dagrun for example_task_group to 2022-08-18T23:24:29.047813+00:00, run_after=2022-08-19T23:24:29.047813+00:00
[2022-08-19 23:24:29,058] {processor.py:161} INFO - Processing /home/airflow/.local/lib/python3.7/site-packages/airflow/example_dags/example_task_group.py took 0.056 seconds
[2022-08-19 23:24:59,451] {processor.py:153} INFO - Started process (PID=6105) to work on /home/airflow/.local/lib/python3.7/site-packages/airflow/example_dags/example_task_group.py
[2022-08-19 23:24:59,452] {processor.py:641} INFO - Processing file /home/airflow/.local/lib/python3.7/site-packages/airflow/example_dags/example_task_group.py for tasks to queue
[2022-08-19 23:24:59,454] {logging_mixin.py:115} INFO - [2022-08-19 23:24:59,453] {dagbag.py:508} INFO - Filling up the DagBag from /home/airflow/.local/lib/python3.7/site-packages/airflow/example_dags/example_task_group.py
[2022-08-19 23:24:59,461] {processor.py:651} INFO - DAG(s) dict_keys(['example_task_group']) retrieved from /home/airflow/.local/lib/python3.7/site-packages/airflow/example_dags/example_task_group.py
[2022-08-19 23:24:59,479] {logging_mixin.py:115} INFO - [2022-08-19 23:24:59,479] {dag.py:2420} INFO - Sync 1 DAGs
[2022-08-19 23:24:59,492] {logging_mixin.py:115} INFO - [2022-08-19 23:24:59,492] {dag.py:2972} INFO - Setting next_dagrun for example_task_group to 2022-08-18T23:24:59.492208+00:00, run_after=2022-08-19T23:24:59.492208+00:00
[2022-08-19 23:24:59,500] {processor.py:161} INFO - Processing /home/airflow/.local/lib/python3.7/site-packages/airflow/example_dags/example_task_group.py took 0.057 seconds
