[2022-08-19 22:31:43,900] {processor.py:153} INFO - Started process (PID=37) to work on /home/airflow/.local/lib/python3.7/site-packages/airflow/example_dags/example_local_kubernetes_executor.py
[2022-08-19 22:31:43,903] {processor.py:641} INFO - Processing file /home/airflow/.local/lib/python3.7/site-packages/airflow/example_dags/example_local_kubernetes_executor.py for tasks to queue
[2022-08-19 22:31:43,904] {logging_mixin.py:115} INFO - [2022-08-19 22:31:43,904] {dagbag.py:508} INFO - Filling up the DagBag from /home/airflow/.local/lib/python3.7/site-packages/airflow/example_dags/example_local_kubernetes_executor.py
[2022-08-19 22:31:43,923] {processor.py:651} INFO - DAG(s) dict_keys(['example_local_kubernetes_executor']) retrieved from /home/airflow/.local/lib/python3.7/site-packages/airflow/example_dags/example_local_kubernetes_executor.py
[2022-08-19 22:31:43,998] {logging_mixin.py:115} INFO - [2022-08-19 22:31:43,998] {manager.py:508} INFO - Created Permission View: can delete on DAG:example_local_kubernetes_executor
[2022-08-19 22:31:44,013] {logging_mixin.py:115} INFO - [2022-08-19 22:31:44,013] {manager.py:508} INFO - Created Permission View: can read on DAG:example_local_kubernetes_executor
[2022-08-19 22:31:44,024] {logging_mixin.py:115} INFO - [2022-08-19 22:31:44,024] {manager.py:508} INFO - Created Permission View: can edit on DAG:example_local_kubernetes_executor
[2022-08-19 22:31:44,025] {logging_mixin.py:115} INFO - [2022-08-19 22:31:44,025] {dag.py:2420} INFO - Sync 1 DAGs
[2022-08-19 22:31:44,034] {logging_mixin.py:115} INFO - [2022-08-19 22:31:44,034] {dag.py:2439} INFO - Creating ORM DAG for example_local_kubernetes_executor
[2022-08-19 22:31:44,044] {logging_mixin.py:115} INFO - [2022-08-19 22:31:44,044] {dag.py:2972} INFO - Setting next_dagrun for example_local_kubernetes_executor to None, run_after=None
[2022-08-19 22:31:44,058] {processor.py:161} INFO - Processing /home/airflow/.local/lib/python3.7/site-packages/airflow/example_dags/example_local_kubernetes_executor.py took 0.160 seconds
[2022-08-19 22:32:14,951] {processor.py:153} INFO - Started process (PID=100) to work on /home/airflow/.local/lib/python3.7/site-packages/airflow/example_dags/example_local_kubernetes_executor.py
[2022-08-19 22:32:14,952] {processor.py:641} INFO - Processing file /home/airflow/.local/lib/python3.7/site-packages/airflow/example_dags/example_local_kubernetes_executor.py for tasks to queue
[2022-08-19 22:32:14,953] {logging_mixin.py:115} INFO - [2022-08-19 22:32:14,953] {dagbag.py:508} INFO - Filling up the DagBag from /home/airflow/.local/lib/python3.7/site-packages/airflow/example_dags/example_local_kubernetes_executor.py
[2022-08-19 22:32:14,964] {processor.py:651} INFO - DAG(s) dict_keys(['example_local_kubernetes_executor']) retrieved from /home/airflow/.local/lib/python3.7/site-packages/airflow/example_dags/example_local_kubernetes_executor.py
[2022-08-19 22:32:14,979] {logging_mixin.py:115} INFO - [2022-08-19 22:32:14,979] {dag.py:2420} INFO - Sync 1 DAGs
[2022-08-19 22:32:14,998] {logging_mixin.py:115} INFO - [2022-08-19 22:32:14,998] {dag.py:2972} INFO - Setting next_dagrun for example_local_kubernetes_executor to None, run_after=None
[2022-08-19 22:32:15,004] {processor.py:161} INFO - Processing /home/airflow/.local/lib/python3.7/site-packages/airflow/example_dags/example_local_kubernetes_executor.py took 0.055 seconds
[2022-08-19 22:53:23,370] {processor.py:153} INFO - Started process (PID=37) to work on /home/airflow/.local/lib/python3.7/site-packages/airflow/example_dags/example_local_kubernetes_executor.py
[2022-08-19 22:53:23,376] {processor.py:641} INFO - Processing file /home/airflow/.local/lib/python3.7/site-packages/airflow/example_dags/example_local_kubernetes_executor.py for tasks to queue
[2022-08-19 22:53:23,377] {logging_mixin.py:115} INFO - [2022-08-19 22:53:23,377] {dagbag.py:508} INFO - Filling up the DagBag from /home/airflow/.local/lib/python3.7/site-packages/airflow/example_dags/example_local_kubernetes_executor.py
[2022-08-19 22:53:23,391] {processor.py:651} INFO - DAG(s) dict_keys(['example_local_kubernetes_executor']) retrieved from /home/airflow/.local/lib/python3.7/site-packages/airflow/example_dags/example_local_kubernetes_executor.py
[2022-08-19 22:53:23,433] {logging_mixin.py:115} INFO - [2022-08-19 22:53:23,433] {manager.py:508} INFO - Created Permission View: can read on DAG:example_local_kubernetes_executor
[2022-08-19 22:53:23,438] {logging_mixin.py:115} INFO - [2022-08-19 22:53:23,438] {manager.py:508} INFO - Created Permission View: can delete on DAG:example_local_kubernetes_executor
[2022-08-19 22:53:23,443] {logging_mixin.py:115} INFO - [2022-08-19 22:53:23,443] {manager.py:508} INFO - Created Permission View: can edit on DAG:example_local_kubernetes_executor
[2022-08-19 22:53:23,443] {logging_mixin.py:115} INFO - [2022-08-19 22:53:23,443] {dag.py:2420} INFO - Sync 1 DAGs
[2022-08-19 22:53:23,450] {logging_mixin.py:115} INFO - [2022-08-19 22:53:23,450] {dag.py:2439} INFO - Creating ORM DAG for example_local_kubernetes_executor
[2022-08-19 22:53:23,458] {logging_mixin.py:115} INFO - [2022-08-19 22:53:23,458] {dag.py:2972} INFO - Setting next_dagrun for example_local_kubernetes_executor to None, run_after=None
[2022-08-19 22:53:23,471] {processor.py:161} INFO - Processing /home/airflow/.local/lib/python3.7/site-packages/airflow/example_dags/example_local_kubernetes_executor.py took 0.103 seconds
[2022-08-19 22:53:53,522] {processor.py:153} INFO - Started process (PID=115) to work on /home/airflow/.local/lib/python3.7/site-packages/airflow/example_dags/example_local_kubernetes_executor.py
[2022-08-19 22:53:53,523] {processor.py:641} INFO - Processing file /home/airflow/.local/lib/python3.7/site-packages/airflow/example_dags/example_local_kubernetes_executor.py for tasks to queue
[2022-08-19 22:53:53,524] {logging_mixin.py:115} INFO - [2022-08-19 22:53:53,524] {dagbag.py:508} INFO - Filling up the DagBag from /home/airflow/.local/lib/python3.7/site-packages/airflow/example_dags/example_local_kubernetes_executor.py
[2022-08-19 22:53:53,537] {processor.py:651} INFO - DAG(s) dict_keys(['example_local_kubernetes_executor']) retrieved from /home/airflow/.local/lib/python3.7/site-packages/airflow/example_dags/example_local_kubernetes_executor.py
[2022-08-19 22:53:53,553] {logging_mixin.py:115} INFO - [2022-08-19 22:53:53,553] {dag.py:2420} INFO - Sync 1 DAGs
[2022-08-19 22:53:53,565] {logging_mixin.py:115} INFO - [2022-08-19 22:53:53,565] {dag.py:2972} INFO - Setting next_dagrun for example_local_kubernetes_executor to None, run_after=None
[2022-08-19 22:53:53,572] {processor.py:161} INFO - Processing /home/airflow/.local/lib/python3.7/site-packages/airflow/example_dags/example_local_kubernetes_executor.py took 0.052 seconds
[2022-08-19 22:54:24,017] {processor.py:153} INFO - Started process (PID=188) to work on /home/airflow/.local/lib/python3.7/site-packages/airflow/example_dags/example_local_kubernetes_executor.py
[2022-08-19 22:54:24,018] {processor.py:641} INFO - Processing file /home/airflow/.local/lib/python3.7/site-packages/airflow/example_dags/example_local_kubernetes_executor.py for tasks to queue
[2022-08-19 22:54:24,019] {logging_mixin.py:115} INFO - [2022-08-19 22:54:24,019] {dagbag.py:508} INFO - Filling up the DagBag from /home/airflow/.local/lib/python3.7/site-packages/airflow/example_dags/example_local_kubernetes_executor.py
[2022-08-19 22:54:24,030] {processor.py:651} INFO - DAG(s) dict_keys(['example_local_kubernetes_executor']) retrieved from /home/airflow/.local/lib/python3.7/site-packages/airflow/example_dags/example_local_kubernetes_executor.py
[2022-08-19 22:54:24,044] {logging_mixin.py:115} INFO - [2022-08-19 22:54:24,044] {dag.py:2420} INFO - Sync 1 DAGs
[2022-08-19 22:54:24,057] {logging_mixin.py:115} INFO - [2022-08-19 22:54:24,057] {dag.py:2972} INFO - Setting next_dagrun for example_local_kubernetes_executor to None, run_after=None
[2022-08-19 22:54:24,063] {processor.py:161} INFO - Processing /home/airflow/.local/lib/python3.7/site-packages/airflow/example_dags/example_local_kubernetes_executor.py took 0.048 seconds
[2022-08-19 22:54:54,618] {processor.py:153} INFO - Started process (PID=255) to work on /home/airflow/.local/lib/python3.7/site-packages/airflow/example_dags/example_local_kubernetes_executor.py
[2022-08-19 22:54:54,620] {processor.py:641} INFO - Processing file /home/airflow/.local/lib/python3.7/site-packages/airflow/example_dags/example_local_kubernetes_executor.py for tasks to queue
[2022-08-19 22:54:54,621] {logging_mixin.py:115} INFO - [2022-08-19 22:54:54,621] {dagbag.py:508} INFO - Filling up the DagBag from /home/airflow/.local/lib/python3.7/site-packages/airflow/example_dags/example_local_kubernetes_executor.py
[2022-08-19 22:54:54,634] {processor.py:651} INFO - DAG(s) dict_keys(['example_local_kubernetes_executor']) retrieved from /home/airflow/.local/lib/python3.7/site-packages/airflow/example_dags/example_local_kubernetes_executor.py
[2022-08-19 22:54:54,653] {logging_mixin.py:115} INFO - [2022-08-19 22:54:54,653] {dag.py:2420} INFO - Sync 1 DAGs
[2022-08-19 22:54:54,666] {logging_mixin.py:115} INFO - [2022-08-19 22:54:54,666] {dag.py:2972} INFO - Setting next_dagrun for example_local_kubernetes_executor to None, run_after=None
[2022-08-19 22:54:54,674] {processor.py:161} INFO - Processing /home/airflow/.local/lib/python3.7/site-packages/airflow/example_dags/example_local_kubernetes_executor.py took 0.059 seconds
[2022-08-19 22:55:25,165] {processor.py:153} INFO - Started process (PID=309) to work on /home/airflow/.local/lib/python3.7/site-packages/airflow/example_dags/example_local_kubernetes_executor.py
[2022-08-19 22:55:25,166] {processor.py:641} INFO - Processing file /home/airflow/.local/lib/python3.7/site-packages/airflow/example_dags/example_local_kubernetes_executor.py for tasks to queue
[2022-08-19 22:55:25,167] {logging_mixin.py:115} INFO - [2022-08-19 22:55:25,167] {dagbag.py:508} INFO - Filling up the DagBag from /home/airflow/.local/lib/python3.7/site-packages/airflow/example_dags/example_local_kubernetes_executor.py
[2022-08-19 22:55:25,177] {processor.py:651} INFO - DAG(s) dict_keys(['example_local_kubernetes_executor']) retrieved from /home/airflow/.local/lib/python3.7/site-packages/airflow/example_dags/example_local_kubernetes_executor.py
[2022-08-19 22:55:25,194] {logging_mixin.py:115} INFO - [2022-08-19 22:55:25,194] {dag.py:2420} INFO - Sync 1 DAGs
[2022-08-19 22:55:25,207] {logging_mixin.py:115} INFO - [2022-08-19 22:55:25,207] {dag.py:2972} INFO - Setting next_dagrun for example_local_kubernetes_executor to None, run_after=None
[2022-08-19 22:55:25,215] {processor.py:161} INFO - Processing /home/airflow/.local/lib/python3.7/site-packages/airflow/example_dags/example_local_kubernetes_executor.py took 0.052 seconds
[2022-08-19 22:55:55,665] {processor.py:153} INFO - Started process (PID=372) to work on /home/airflow/.local/lib/python3.7/site-packages/airflow/example_dags/example_local_kubernetes_executor.py
[2022-08-19 22:55:55,666] {processor.py:641} INFO - Processing file /home/airflow/.local/lib/python3.7/site-packages/airflow/example_dags/example_local_kubernetes_executor.py for tasks to queue
[2022-08-19 22:55:55,667] {logging_mixin.py:115} INFO - [2022-08-19 22:55:55,667] {dagbag.py:508} INFO - Filling up the DagBag from /home/airflow/.local/lib/python3.7/site-packages/airflow/example_dags/example_local_kubernetes_executor.py
[2022-08-19 22:55:55,677] {processor.py:651} INFO - DAG(s) dict_keys(['example_local_kubernetes_executor']) retrieved from /home/airflow/.local/lib/python3.7/site-packages/airflow/example_dags/example_local_kubernetes_executor.py
[2022-08-19 22:55:55,693] {logging_mixin.py:115} INFO - [2022-08-19 22:55:55,693] {dag.py:2420} INFO - Sync 1 DAGs
[2022-08-19 22:55:55,705] {logging_mixin.py:115} INFO - [2022-08-19 22:55:55,705] {dag.py:2972} INFO - Setting next_dagrun for example_local_kubernetes_executor to None, run_after=None
[2022-08-19 22:55:55,712] {processor.py:161} INFO - Processing /home/airflow/.local/lib/python3.7/site-packages/airflow/example_dags/example_local_kubernetes_executor.py took 0.049 seconds
[2022-08-19 22:56:26,141] {processor.py:153} INFO - Started process (PID=441) to work on /home/airflow/.local/lib/python3.7/site-packages/airflow/example_dags/example_local_kubernetes_executor.py
[2022-08-19 22:56:26,143] {processor.py:641} INFO - Processing file /home/airflow/.local/lib/python3.7/site-packages/airflow/example_dags/example_local_kubernetes_executor.py for tasks to queue
[2022-08-19 22:56:26,144] {logging_mixin.py:115} INFO - [2022-08-19 22:56:26,144] {dagbag.py:508} INFO - Filling up the DagBag from /home/airflow/.local/lib/python3.7/site-packages/airflow/example_dags/example_local_kubernetes_executor.py
[2022-08-19 22:56:26,155] {processor.py:651} INFO - DAG(s) dict_keys(['example_local_kubernetes_executor']) retrieved from /home/airflow/.local/lib/python3.7/site-packages/airflow/example_dags/example_local_kubernetes_executor.py
[2022-08-19 22:56:26,170] {logging_mixin.py:115} INFO - [2022-08-19 22:56:26,170] {dag.py:2420} INFO - Sync 1 DAGs
[2022-08-19 22:56:26,182] {logging_mixin.py:115} INFO - [2022-08-19 22:56:26,181] {dag.py:2972} INFO - Setting next_dagrun for example_local_kubernetes_executor to None, run_after=None
[2022-08-19 22:56:26,188] {processor.py:161} INFO - Processing /home/airflow/.local/lib/python3.7/site-packages/airflow/example_dags/example_local_kubernetes_executor.py took 0.049 seconds
[2022-08-19 22:56:56,547] {processor.py:153} INFO - Started process (PID=505) to work on /home/airflow/.local/lib/python3.7/site-packages/airflow/example_dags/example_local_kubernetes_executor.py
[2022-08-19 22:56:56,548] {processor.py:641} INFO - Processing file /home/airflow/.local/lib/python3.7/site-packages/airflow/example_dags/example_local_kubernetes_executor.py for tasks to queue
[2022-08-19 22:56:56,549] {logging_mixin.py:115} INFO - [2022-08-19 22:56:56,549] {dagbag.py:508} INFO - Filling up the DagBag from /home/airflow/.local/lib/python3.7/site-packages/airflow/example_dags/example_local_kubernetes_executor.py
[2022-08-19 22:56:56,560] {processor.py:651} INFO - DAG(s) dict_keys(['example_local_kubernetes_executor']) retrieved from /home/airflow/.local/lib/python3.7/site-packages/airflow/example_dags/example_local_kubernetes_executor.py
[2022-08-19 22:56:56,576] {logging_mixin.py:115} INFO - [2022-08-19 22:56:56,576] {dag.py:2420} INFO - Sync 1 DAGs
[2022-08-19 22:56:56,588] {logging_mixin.py:115} INFO - [2022-08-19 22:56:56,588] {dag.py:2972} INFO - Setting next_dagrun for example_local_kubernetes_executor to None, run_after=None
[2022-08-19 22:56:56,595] {processor.py:161} INFO - Processing /home/airflow/.local/lib/python3.7/site-packages/airflow/example_dags/example_local_kubernetes_executor.py took 0.050 seconds
[2022-08-19 22:57:26,978] {processor.py:153} INFO - Started process (PID=574) to work on /home/airflow/.local/lib/python3.7/site-packages/airflow/example_dags/example_local_kubernetes_executor.py
[2022-08-19 22:57:26,980] {processor.py:641} INFO - Processing file /home/airflow/.local/lib/python3.7/site-packages/airflow/example_dags/example_local_kubernetes_executor.py for tasks to queue
[2022-08-19 22:57:26,981] {logging_mixin.py:115} INFO - [2022-08-19 22:57:26,981] {dagbag.py:508} INFO - Filling up the DagBag from /home/airflow/.local/lib/python3.7/site-packages/airflow/example_dags/example_local_kubernetes_executor.py
[2022-08-19 22:57:26,992] {processor.py:651} INFO - DAG(s) dict_keys(['example_local_kubernetes_executor']) retrieved from /home/airflow/.local/lib/python3.7/site-packages/airflow/example_dags/example_local_kubernetes_executor.py
[2022-08-19 22:57:27,009] {logging_mixin.py:115} INFO - [2022-08-19 22:57:27,009] {dag.py:2420} INFO - Sync 1 DAGs
[2022-08-19 22:57:27,022] {logging_mixin.py:115} INFO - [2022-08-19 22:57:27,021] {dag.py:2972} INFO - Setting next_dagrun for example_local_kubernetes_executor to None, run_after=None
[2022-08-19 22:57:27,029] {processor.py:161} INFO - Processing /home/airflow/.local/lib/python3.7/site-packages/airflow/example_dags/example_local_kubernetes_executor.py took 0.052 seconds
[2022-08-19 22:57:57,375] {processor.py:153} INFO - Started process (PID=638) to work on /home/airflow/.local/lib/python3.7/site-packages/airflow/example_dags/example_local_kubernetes_executor.py
[2022-08-19 22:57:57,377] {processor.py:641} INFO - Processing file /home/airflow/.local/lib/python3.7/site-packages/airflow/example_dags/example_local_kubernetes_executor.py for tasks to queue
[2022-08-19 22:57:57,378] {logging_mixin.py:115} INFO - [2022-08-19 22:57:57,378] {dagbag.py:508} INFO - Filling up the DagBag from /home/airflow/.local/lib/python3.7/site-packages/airflow/example_dags/example_local_kubernetes_executor.py
[2022-08-19 22:57:57,390] {processor.py:651} INFO - DAG(s) dict_keys(['example_local_kubernetes_executor']) retrieved from /home/airflow/.local/lib/python3.7/site-packages/airflow/example_dags/example_local_kubernetes_executor.py
[2022-08-19 22:57:57,408] {logging_mixin.py:115} INFO - [2022-08-19 22:57:57,408] {dag.py:2420} INFO - Sync 1 DAGs
[2022-08-19 22:57:57,424] {logging_mixin.py:115} INFO - [2022-08-19 22:57:57,424] {dag.py:2972} INFO - Setting next_dagrun for example_local_kubernetes_executor to None, run_after=None
[2022-08-19 22:57:57,433] {processor.py:161} INFO - Processing /home/airflow/.local/lib/python3.7/site-packages/airflow/example_dags/example_local_kubernetes_executor.py took 0.061 seconds
[2022-08-19 22:58:27,885] {processor.py:153} INFO - Started process (PID=696) to work on /home/airflow/.local/lib/python3.7/site-packages/airflow/example_dags/example_local_kubernetes_executor.py
[2022-08-19 22:58:27,886] {processor.py:641} INFO - Processing file /home/airflow/.local/lib/python3.7/site-packages/airflow/example_dags/example_local_kubernetes_executor.py for tasks to queue
[2022-08-19 22:58:27,887] {logging_mixin.py:115} INFO - [2022-08-19 22:58:27,887] {dagbag.py:508} INFO - Filling up the DagBag from /home/airflow/.local/lib/python3.7/site-packages/airflow/example_dags/example_local_kubernetes_executor.py
[2022-08-19 22:58:27,897] {processor.py:651} INFO - DAG(s) dict_keys(['example_local_kubernetes_executor']) retrieved from /home/airflow/.local/lib/python3.7/site-packages/airflow/example_dags/example_local_kubernetes_executor.py
[2022-08-19 22:58:27,913] {logging_mixin.py:115} INFO - [2022-08-19 22:58:27,913] {dag.py:2420} INFO - Sync 1 DAGs
[2022-08-19 22:58:27,926] {logging_mixin.py:115} INFO - [2022-08-19 22:58:27,925] {dag.py:2972} INFO - Setting next_dagrun for example_local_kubernetes_executor to None, run_after=None
[2022-08-19 22:58:27,932] {processor.py:161} INFO - Processing /home/airflow/.local/lib/python3.7/site-packages/airflow/example_dags/example_local_kubernetes_executor.py took 0.049 seconds
[2022-08-19 22:58:58,257] {processor.py:153} INFO - Started process (PID=762) to work on /home/airflow/.local/lib/python3.7/site-packages/airflow/example_dags/example_local_kubernetes_executor.py
[2022-08-19 22:58:58,258] {processor.py:641} INFO - Processing file /home/airflow/.local/lib/python3.7/site-packages/airflow/example_dags/example_local_kubernetes_executor.py for tasks to queue
[2022-08-19 22:58:58,260] {logging_mixin.py:115} INFO - [2022-08-19 22:58:58,260] {dagbag.py:508} INFO - Filling up the DagBag from /home/airflow/.local/lib/python3.7/site-packages/airflow/example_dags/example_local_kubernetes_executor.py
[2022-08-19 22:58:58,272] {processor.py:651} INFO - DAG(s) dict_keys(['example_local_kubernetes_executor']) retrieved from /home/airflow/.local/lib/python3.7/site-packages/airflow/example_dags/example_local_kubernetes_executor.py
[2022-08-19 22:58:58,288] {logging_mixin.py:115} INFO - [2022-08-19 22:58:58,288] {dag.py:2420} INFO - Sync 1 DAGs
[2022-08-19 22:58:58,303] {logging_mixin.py:115} INFO - [2022-08-19 22:58:58,302] {dag.py:2972} INFO - Setting next_dagrun for example_local_kubernetes_executor to None, run_after=None
[2022-08-19 22:58:58,310] {processor.py:161} INFO - Processing /home/airflow/.local/lib/python3.7/site-packages/airflow/example_dags/example_local_kubernetes_executor.py took 0.054 seconds
[2022-08-19 22:59:28,790] {processor.py:153} INFO - Started process (PID=828) to work on /home/airflow/.local/lib/python3.7/site-packages/airflow/example_dags/example_local_kubernetes_executor.py
[2022-08-19 22:59:28,791] {processor.py:641} INFO - Processing file /home/airflow/.local/lib/python3.7/site-packages/airflow/example_dags/example_local_kubernetes_executor.py for tasks to queue
[2022-08-19 22:59:28,793] {logging_mixin.py:115} INFO - [2022-08-19 22:59:28,793] {dagbag.py:508} INFO - Filling up the DagBag from /home/airflow/.local/lib/python3.7/site-packages/airflow/example_dags/example_local_kubernetes_executor.py
[2022-08-19 22:59:28,804] {processor.py:651} INFO - DAG(s) dict_keys(['example_local_kubernetes_executor']) retrieved from /home/airflow/.local/lib/python3.7/site-packages/airflow/example_dags/example_local_kubernetes_executor.py
[2022-08-19 22:59:28,819] {logging_mixin.py:115} INFO - [2022-08-19 22:59:28,819] {dag.py:2420} INFO - Sync 1 DAGs
[2022-08-19 22:59:28,831] {logging_mixin.py:115} INFO - [2022-08-19 22:59:28,831] {dag.py:2972} INFO - Setting next_dagrun for example_local_kubernetes_executor to None, run_after=None
[2022-08-19 22:59:28,838] {processor.py:161} INFO - Processing /home/airflow/.local/lib/python3.7/site-packages/airflow/example_dags/example_local_kubernetes_executor.py took 0.050 seconds
[2022-08-19 22:59:59,252] {processor.py:153} INFO - Started process (PID=896) to work on /home/airflow/.local/lib/python3.7/site-packages/airflow/example_dags/example_local_kubernetes_executor.py
[2022-08-19 22:59:59,254] {processor.py:641} INFO - Processing file /home/airflow/.local/lib/python3.7/site-packages/airflow/example_dags/example_local_kubernetes_executor.py for tasks to queue
[2022-08-19 22:59:59,255] {logging_mixin.py:115} INFO - [2022-08-19 22:59:59,255] {dagbag.py:508} INFO - Filling up the DagBag from /home/airflow/.local/lib/python3.7/site-packages/airflow/example_dags/example_local_kubernetes_executor.py
[2022-08-19 22:59:59,267] {processor.py:651} INFO - DAG(s) dict_keys(['example_local_kubernetes_executor']) retrieved from /home/airflow/.local/lib/python3.7/site-packages/airflow/example_dags/example_local_kubernetes_executor.py
[2022-08-19 22:59:59,283] {logging_mixin.py:115} INFO - [2022-08-19 22:59:59,283] {dag.py:2420} INFO - Sync 1 DAGs
[2022-08-19 22:59:59,294] {logging_mixin.py:115} INFO - [2022-08-19 22:59:59,294] {dag.py:2972} INFO - Setting next_dagrun for example_local_kubernetes_executor to None, run_after=None
[2022-08-19 22:59:59,301] {processor.py:161} INFO - Processing /home/airflow/.local/lib/python3.7/site-packages/airflow/example_dags/example_local_kubernetes_executor.py took 0.051 seconds
[2022-08-19 23:00:29,738] {processor.py:153} INFO - Started process (PID=962) to work on /home/airflow/.local/lib/python3.7/site-packages/airflow/example_dags/example_local_kubernetes_executor.py
[2022-08-19 23:00:29,739] {processor.py:641} INFO - Processing file /home/airflow/.local/lib/python3.7/site-packages/airflow/example_dags/example_local_kubernetes_executor.py for tasks to queue
[2022-08-19 23:00:29,740] {logging_mixin.py:115} INFO - [2022-08-19 23:00:29,740] {dagbag.py:508} INFO - Filling up the DagBag from /home/airflow/.local/lib/python3.7/site-packages/airflow/example_dags/example_local_kubernetes_executor.py
[2022-08-19 23:00:29,751] {processor.py:651} INFO - DAG(s) dict_keys(['example_local_kubernetes_executor']) retrieved from /home/airflow/.local/lib/python3.7/site-packages/airflow/example_dags/example_local_kubernetes_executor.py
[2022-08-19 23:00:29,766] {logging_mixin.py:115} INFO - [2022-08-19 23:00:29,766] {dag.py:2420} INFO - Sync 1 DAGs
[2022-08-19 23:00:29,778] {logging_mixin.py:115} INFO - [2022-08-19 23:00:29,778] {dag.py:2972} INFO - Setting next_dagrun for example_local_kubernetes_executor to None, run_after=None
[2022-08-19 23:00:29,786] {processor.py:161} INFO - Processing /home/airflow/.local/lib/python3.7/site-packages/airflow/example_dags/example_local_kubernetes_executor.py took 0.050 seconds
[2022-08-19 23:01:00,095] {processor.py:153} INFO - Started process (PID=1020) to work on /home/airflow/.local/lib/python3.7/site-packages/airflow/example_dags/example_local_kubernetes_executor.py
[2022-08-19 23:01:00,096] {processor.py:641} INFO - Processing file /home/airflow/.local/lib/python3.7/site-packages/airflow/example_dags/example_local_kubernetes_executor.py for tasks to queue
[2022-08-19 23:01:00,098] {logging_mixin.py:115} INFO - [2022-08-19 23:01:00,098] {dagbag.py:508} INFO - Filling up the DagBag from /home/airflow/.local/lib/python3.7/site-packages/airflow/example_dags/example_local_kubernetes_executor.py
[2022-08-19 23:01:00,110] {processor.py:651} INFO - DAG(s) dict_keys(['example_local_kubernetes_executor']) retrieved from /home/airflow/.local/lib/python3.7/site-packages/airflow/example_dags/example_local_kubernetes_executor.py
[2022-08-19 23:01:00,125] {logging_mixin.py:115} INFO - [2022-08-19 23:01:00,125] {dag.py:2420} INFO - Sync 1 DAGs
[2022-08-19 23:01:00,138] {logging_mixin.py:115} INFO - [2022-08-19 23:01:00,138] {dag.py:2972} INFO - Setting next_dagrun for example_local_kubernetes_executor to None, run_after=None
[2022-08-19 23:01:00,145] {processor.py:161} INFO - Processing /home/airflow/.local/lib/python3.7/site-packages/airflow/example_dags/example_local_kubernetes_executor.py took 0.052 seconds
[2022-08-19 23:01:30,546] {processor.py:153} INFO - Started process (PID=1086) to work on /home/airflow/.local/lib/python3.7/site-packages/airflow/example_dags/example_local_kubernetes_executor.py
[2022-08-19 23:01:30,547] {processor.py:641} INFO - Processing file /home/airflow/.local/lib/python3.7/site-packages/airflow/example_dags/example_local_kubernetes_executor.py for tasks to queue
[2022-08-19 23:01:30,549] {logging_mixin.py:115} INFO - [2022-08-19 23:01:30,548] {dagbag.py:508} INFO - Filling up the DagBag from /home/airflow/.local/lib/python3.7/site-packages/airflow/example_dags/example_local_kubernetes_executor.py
[2022-08-19 23:01:30,559] {processor.py:651} INFO - DAG(s) dict_keys(['example_local_kubernetes_executor']) retrieved from /home/airflow/.local/lib/python3.7/site-packages/airflow/example_dags/example_local_kubernetes_executor.py
[2022-08-19 23:01:30,574] {logging_mixin.py:115} INFO - [2022-08-19 23:01:30,574] {dag.py:2420} INFO - Sync 1 DAGs
[2022-08-19 23:01:30,588] {logging_mixin.py:115} INFO - [2022-08-19 23:01:30,588] {dag.py:2972} INFO - Setting next_dagrun for example_local_kubernetes_executor to None, run_after=None
[2022-08-19 23:01:30,595] {processor.py:161} INFO - Processing /home/airflow/.local/lib/python3.7/site-packages/airflow/example_dags/example_local_kubernetes_executor.py took 0.051 seconds
[2022-08-19 23:02:01,103] {processor.py:153} INFO - Started process (PID=1152) to work on /home/airflow/.local/lib/python3.7/site-packages/airflow/example_dags/example_local_kubernetes_executor.py
[2022-08-19 23:02:01,104] {processor.py:641} INFO - Processing file /home/airflow/.local/lib/python3.7/site-packages/airflow/example_dags/example_local_kubernetes_executor.py for tasks to queue
[2022-08-19 23:02:01,105] {logging_mixin.py:115} INFO - [2022-08-19 23:02:01,105] {dagbag.py:508} INFO - Filling up the DagBag from /home/airflow/.local/lib/python3.7/site-packages/airflow/example_dags/example_local_kubernetes_executor.py
[2022-08-19 23:02:01,115] {processor.py:651} INFO - DAG(s) dict_keys(['example_local_kubernetes_executor']) retrieved from /home/airflow/.local/lib/python3.7/site-packages/airflow/example_dags/example_local_kubernetes_executor.py
[2022-08-19 23:02:01,131] {logging_mixin.py:115} INFO - [2022-08-19 23:02:01,131] {dag.py:2420} INFO - Sync 1 DAGs
[2022-08-19 23:02:01,142] {logging_mixin.py:115} INFO - [2022-08-19 23:02:01,142] {dag.py:2972} INFO - Setting next_dagrun for example_local_kubernetes_executor to None, run_after=None
[2022-08-19 23:02:01,150] {processor.py:161} INFO - Processing /home/airflow/.local/lib/python3.7/site-packages/airflow/example_dags/example_local_kubernetes_executor.py took 0.049 seconds
[2022-08-19 23:02:31,491] {processor.py:153} INFO - Started process (PID=1214) to work on /home/airflow/.local/lib/python3.7/site-packages/airflow/example_dags/example_local_kubernetes_executor.py
[2022-08-19 23:02:31,492] {processor.py:641} INFO - Processing file /home/airflow/.local/lib/python3.7/site-packages/airflow/example_dags/example_local_kubernetes_executor.py for tasks to queue
[2022-08-19 23:02:31,494] {logging_mixin.py:115} INFO - [2022-08-19 23:02:31,494] {dagbag.py:508} INFO - Filling up the DagBag from /home/airflow/.local/lib/python3.7/site-packages/airflow/example_dags/example_local_kubernetes_executor.py
[2022-08-19 23:02:31,504] {processor.py:651} INFO - DAG(s) dict_keys(['example_local_kubernetes_executor']) retrieved from /home/airflow/.local/lib/python3.7/site-packages/airflow/example_dags/example_local_kubernetes_executor.py
[2022-08-19 23:02:31,520] {logging_mixin.py:115} INFO - [2022-08-19 23:02:31,520] {dag.py:2420} INFO - Sync 1 DAGs
[2022-08-19 23:02:31,532] {logging_mixin.py:115} INFO - [2022-08-19 23:02:31,532] {dag.py:2972} INFO - Setting next_dagrun for example_local_kubernetes_executor to None, run_after=None
[2022-08-19 23:02:31,539] {processor.py:161} INFO - Processing /home/airflow/.local/lib/python3.7/site-packages/airflow/example_dags/example_local_kubernetes_executor.py took 0.051 seconds
[2022-08-19 23:03:01,980] {processor.py:153} INFO - Started process (PID=1279) to work on /home/airflow/.local/lib/python3.7/site-packages/airflow/example_dags/example_local_kubernetes_executor.py
[2022-08-19 23:03:01,981] {processor.py:641} INFO - Processing file /home/airflow/.local/lib/python3.7/site-packages/airflow/example_dags/example_local_kubernetes_executor.py for tasks to queue
[2022-08-19 23:03:01,982] {logging_mixin.py:115} INFO - [2022-08-19 23:03:01,982] {dagbag.py:508} INFO - Filling up the DagBag from /home/airflow/.local/lib/python3.7/site-packages/airflow/example_dags/example_local_kubernetes_executor.py
[2022-08-19 23:03:01,992] {processor.py:651} INFO - DAG(s) dict_keys(['example_local_kubernetes_executor']) retrieved from /home/airflow/.local/lib/python3.7/site-packages/airflow/example_dags/example_local_kubernetes_executor.py
[2022-08-19 23:03:02,008] {logging_mixin.py:115} INFO - [2022-08-19 23:03:02,008] {dag.py:2420} INFO - Sync 1 DAGs
[2022-08-19 23:03:02,021] {logging_mixin.py:115} INFO - [2022-08-19 23:03:02,021] {dag.py:2972} INFO - Setting next_dagrun for example_local_kubernetes_executor to None, run_after=None
[2022-08-19 23:03:02,030] {processor.py:161} INFO - Processing /home/airflow/.local/lib/python3.7/site-packages/airflow/example_dags/example_local_kubernetes_executor.py took 0.052 seconds
[2022-08-19 23:03:32,386] {processor.py:153} INFO - Started process (PID=1346) to work on /home/airflow/.local/lib/python3.7/site-packages/airflow/example_dags/example_local_kubernetes_executor.py
[2022-08-19 23:03:32,387] {processor.py:641} INFO - Processing file /home/airflow/.local/lib/python3.7/site-packages/airflow/example_dags/example_local_kubernetes_executor.py for tasks to queue
[2022-08-19 23:03:32,389] {logging_mixin.py:115} INFO - [2022-08-19 23:03:32,388] {dagbag.py:508} INFO - Filling up the DagBag from /home/airflow/.local/lib/python3.7/site-packages/airflow/example_dags/example_local_kubernetes_executor.py
[2022-08-19 23:03:32,399] {processor.py:651} INFO - DAG(s) dict_keys(['example_local_kubernetes_executor']) retrieved from /home/airflow/.local/lib/python3.7/site-packages/airflow/example_dags/example_local_kubernetes_executor.py
[2022-08-19 23:03:32,414] {logging_mixin.py:115} INFO - [2022-08-19 23:03:32,414] {dag.py:2420} INFO - Sync 1 DAGs
[2022-08-19 23:03:32,428] {logging_mixin.py:115} INFO - [2022-08-19 23:03:32,428] {dag.py:2972} INFO - Setting next_dagrun for example_local_kubernetes_executor to None, run_after=None
[2022-08-19 23:03:32,435] {processor.py:161} INFO - Processing /home/airflow/.local/lib/python3.7/site-packages/airflow/example_dags/example_local_kubernetes_executor.py took 0.051 seconds
[2022-08-19 23:04:02,902] {processor.py:153} INFO - Started process (PID=1403) to work on /home/airflow/.local/lib/python3.7/site-packages/airflow/example_dags/example_local_kubernetes_executor.py
[2022-08-19 23:04:02,904] {processor.py:641} INFO - Processing file /home/airflow/.local/lib/python3.7/site-packages/airflow/example_dags/example_local_kubernetes_executor.py for tasks to queue
[2022-08-19 23:04:02,906] {logging_mixin.py:115} INFO - [2022-08-19 23:04:02,906] {dagbag.py:508} INFO - Filling up the DagBag from /home/airflow/.local/lib/python3.7/site-packages/airflow/example_dags/example_local_kubernetes_executor.py
[2022-08-19 23:04:02,935] {processor.py:651} INFO - DAG(s) dict_keys(['example_local_kubernetes_executor']) retrieved from /home/airflow/.local/lib/python3.7/site-packages/airflow/example_dags/example_local_kubernetes_executor.py
[2022-08-19 23:04:02,955] {logging_mixin.py:115} INFO - [2022-08-19 23:04:02,955] {dag.py:2420} INFO - Sync 1 DAGs
[2022-08-19 23:04:02,969] {logging_mixin.py:115} INFO - [2022-08-19 23:04:02,969] {dag.py:2972} INFO - Setting next_dagrun for example_local_kubernetes_executor to None, run_after=None
[2022-08-19 23:04:02,983] {processor.py:161} INFO - Processing /home/airflow/.local/lib/python3.7/site-packages/airflow/example_dags/example_local_kubernetes_executor.py took 0.084 seconds
[2022-08-19 23:04:33,074] {processor.py:153} INFO - Started process (PID=1480) to work on /home/airflow/.local/lib/python3.7/site-packages/airflow/example_dags/example_local_kubernetes_executor.py
[2022-08-19 23:04:33,075] {processor.py:641} INFO - Processing file /home/airflow/.local/lib/python3.7/site-packages/airflow/example_dags/example_local_kubernetes_executor.py for tasks to queue
[2022-08-19 23:04:33,076] {logging_mixin.py:115} INFO - [2022-08-19 23:04:33,076] {dagbag.py:508} INFO - Filling up the DagBag from /home/airflow/.local/lib/python3.7/site-packages/airflow/example_dags/example_local_kubernetes_executor.py
[2022-08-19 23:04:33,086] {processor.py:651} INFO - DAG(s) dict_keys(['example_local_kubernetes_executor']) retrieved from /home/airflow/.local/lib/python3.7/site-packages/airflow/example_dags/example_local_kubernetes_executor.py
[2022-08-19 23:04:33,102] {logging_mixin.py:115} INFO - [2022-08-19 23:04:33,102] {dag.py:2420} INFO - Sync 1 DAGs
[2022-08-19 23:04:33,114] {logging_mixin.py:115} INFO - [2022-08-19 23:04:33,114] {dag.py:2972} INFO - Setting next_dagrun for example_local_kubernetes_executor to None, run_after=None
[2022-08-19 23:04:33,120] {processor.py:161} INFO - Processing /home/airflow/.local/lib/python3.7/site-packages/airflow/example_dags/example_local_kubernetes_executor.py took 0.049 seconds
[2022-08-19 23:05:03,798] {processor.py:153} INFO - Started process (PID=1548) to work on /home/airflow/.local/lib/python3.7/site-packages/airflow/example_dags/example_local_kubernetes_executor.py
[2022-08-19 23:05:03,799] {processor.py:641} INFO - Processing file /home/airflow/.local/lib/python3.7/site-packages/airflow/example_dags/example_local_kubernetes_executor.py for tasks to queue
[2022-08-19 23:05:03,800] {logging_mixin.py:115} INFO - [2022-08-19 23:05:03,800] {dagbag.py:508} INFO - Filling up the DagBag from /home/airflow/.local/lib/python3.7/site-packages/airflow/example_dags/example_local_kubernetes_executor.py
[2022-08-19 23:05:03,810] {processor.py:651} INFO - DAG(s) dict_keys(['example_local_kubernetes_executor']) retrieved from /home/airflow/.local/lib/python3.7/site-packages/airflow/example_dags/example_local_kubernetes_executor.py
[2022-08-19 23:05:03,825] {logging_mixin.py:115} INFO - [2022-08-19 23:05:03,825] {dag.py:2420} INFO - Sync 1 DAGs
[2022-08-19 23:05:03,837] {logging_mixin.py:115} INFO - [2022-08-19 23:05:03,837] {dag.py:2972} INFO - Setting next_dagrun for example_local_kubernetes_executor to None, run_after=None
[2022-08-19 23:05:03,843] {processor.py:161} INFO - Processing /home/airflow/.local/lib/python3.7/site-packages/airflow/example_dags/example_local_kubernetes_executor.py took 0.048 seconds
[2022-08-19 23:05:34,387] {processor.py:153} INFO - Started process (PID=1621) to work on /home/airflow/.local/lib/python3.7/site-packages/airflow/example_dags/example_local_kubernetes_executor.py
[2022-08-19 23:05:34,388] {processor.py:641} INFO - Processing file /home/airflow/.local/lib/python3.7/site-packages/airflow/example_dags/example_local_kubernetes_executor.py for tasks to queue
[2022-08-19 23:05:34,389] {logging_mixin.py:115} INFO - [2022-08-19 23:05:34,389] {dagbag.py:508} INFO - Filling up the DagBag from /home/airflow/.local/lib/python3.7/site-packages/airflow/example_dags/example_local_kubernetes_executor.py
[2022-08-19 23:05:34,400] {processor.py:651} INFO - DAG(s) dict_keys(['example_local_kubernetes_executor']) retrieved from /home/airflow/.local/lib/python3.7/site-packages/airflow/example_dags/example_local_kubernetes_executor.py
[2022-08-19 23:05:34,415] {logging_mixin.py:115} INFO - [2022-08-19 23:05:34,415] {dag.py:2420} INFO - Sync 1 DAGs
[2022-08-19 23:05:34,426] {logging_mixin.py:115} INFO - [2022-08-19 23:05:34,426] {dag.py:2972} INFO - Setting next_dagrun for example_local_kubernetes_executor to None, run_after=None
[2022-08-19 23:05:34,434] {processor.py:161} INFO - Processing /home/airflow/.local/lib/python3.7/site-packages/airflow/example_dags/example_local_kubernetes_executor.py took 0.049 seconds
[2022-08-19 23:06:04,941] {processor.py:153} INFO - Started process (PID=1712) to work on /home/airflow/.local/lib/python3.7/site-packages/airflow/example_dags/example_local_kubernetes_executor.py
[2022-08-19 23:06:04,943] {processor.py:641} INFO - Processing file /home/airflow/.local/lib/python3.7/site-packages/airflow/example_dags/example_local_kubernetes_executor.py for tasks to queue
[2022-08-19 23:06:04,945] {logging_mixin.py:115} INFO - [2022-08-19 23:06:04,945] {dagbag.py:508} INFO - Filling up the DagBag from /home/airflow/.local/lib/python3.7/site-packages/airflow/example_dags/example_local_kubernetes_executor.py
[2022-08-19 23:06:04,964] {processor.py:651} INFO - DAG(s) dict_keys(['example_local_kubernetes_executor']) retrieved from /home/airflow/.local/lib/python3.7/site-packages/airflow/example_dags/example_local_kubernetes_executor.py
[2022-08-19 23:06:04,992] {logging_mixin.py:115} INFO - [2022-08-19 23:06:04,992] {dag.py:2420} INFO - Sync 1 DAGs
[2022-08-19 23:06:05,014] {logging_mixin.py:115} INFO - [2022-08-19 23:06:05,013] {dag.py:2972} INFO - Setting next_dagrun for example_local_kubernetes_executor to None, run_after=None
[2022-08-19 23:06:05,026] {processor.py:161} INFO - Processing /home/airflow/.local/lib/python3.7/site-packages/airflow/example_dags/example_local_kubernetes_executor.py took 0.088 seconds
[2022-08-19 23:06:35,226] {processor.py:153} INFO - Started process (PID=1814) to work on /home/airflow/.local/lib/python3.7/site-packages/airflow/example_dags/example_local_kubernetes_executor.py
[2022-08-19 23:06:35,228] {processor.py:641} INFO - Processing file /home/airflow/.local/lib/python3.7/site-packages/airflow/example_dags/example_local_kubernetes_executor.py for tasks to queue
[2022-08-19 23:06:35,229] {logging_mixin.py:115} INFO - [2022-08-19 23:06:35,229] {dagbag.py:508} INFO - Filling up the DagBag from /home/airflow/.local/lib/python3.7/site-packages/airflow/example_dags/example_local_kubernetes_executor.py
[2022-08-19 23:06:35,245] {processor.py:651} INFO - DAG(s) dict_keys(['example_local_kubernetes_executor']) retrieved from /home/airflow/.local/lib/python3.7/site-packages/airflow/example_dags/example_local_kubernetes_executor.py
[2022-08-19 23:06:35,287] {logging_mixin.py:115} INFO - [2022-08-19 23:06:35,286] {dag.py:2420} INFO - Sync 1 DAGs
[2022-08-19 23:06:35,307] {logging_mixin.py:115} INFO - [2022-08-19 23:06:35,307] {dag.py:2972} INFO - Setting next_dagrun for example_local_kubernetes_executor to None, run_after=None
[2022-08-19 23:06:35,332] {processor.py:161} INFO - Processing /home/airflow/.local/lib/python3.7/site-packages/airflow/example_dags/example_local_kubernetes_executor.py took 0.109 seconds
[2022-08-19 23:07:05,948] {processor.py:153} INFO - Started process (PID=1961) to work on /home/airflow/.local/lib/python3.7/site-packages/airflow/example_dags/example_local_kubernetes_executor.py
[2022-08-19 23:07:05,951] {processor.py:641} INFO - Processing file /home/airflow/.local/lib/python3.7/site-packages/airflow/example_dags/example_local_kubernetes_executor.py for tasks to queue
[2022-08-19 23:07:05,952] {logging_mixin.py:115} INFO - [2022-08-19 23:07:05,952] {dagbag.py:508} INFO - Filling up the DagBag from /home/airflow/.local/lib/python3.7/site-packages/airflow/example_dags/example_local_kubernetes_executor.py
[2022-08-19 23:07:05,973] {processor.py:651} INFO - DAG(s) dict_keys(['example_local_kubernetes_executor']) retrieved from /home/airflow/.local/lib/python3.7/site-packages/airflow/example_dags/example_local_kubernetes_executor.py
[2022-08-19 23:07:05,995] {logging_mixin.py:115} INFO - [2022-08-19 23:07:05,995] {dag.py:2420} INFO - Sync 1 DAGs
[2022-08-19 23:07:06,008] {logging_mixin.py:115} INFO - [2022-08-19 23:07:06,008] {dag.py:2972} INFO - Setting next_dagrun for example_local_kubernetes_executor to None, run_after=None
[2022-08-19 23:07:06,015] {processor.py:161} INFO - Processing /home/airflow/.local/lib/python3.7/site-packages/airflow/example_dags/example_local_kubernetes_executor.py took 0.070 seconds
[2022-08-19 23:07:36,658] {processor.py:153} INFO - Started process (PID=2089) to work on /home/airflow/.local/lib/python3.7/site-packages/airflow/example_dags/example_local_kubernetes_executor.py
[2022-08-19 23:07:36,660] {processor.py:641} INFO - Processing file /home/airflow/.local/lib/python3.7/site-packages/airflow/example_dags/example_local_kubernetes_executor.py for tasks to queue
[2022-08-19 23:07:36,661] {logging_mixin.py:115} INFO - [2022-08-19 23:07:36,661] {dagbag.py:508} INFO - Filling up the DagBag from /home/airflow/.local/lib/python3.7/site-packages/airflow/example_dags/example_local_kubernetes_executor.py
[2022-08-19 23:07:36,680] {processor.py:651} INFO - DAG(s) dict_keys(['example_local_kubernetes_executor']) retrieved from /home/airflow/.local/lib/python3.7/site-packages/airflow/example_dags/example_local_kubernetes_executor.py
[2022-08-19 23:07:36,706] {logging_mixin.py:115} INFO - [2022-08-19 23:07:36,706] {dag.py:2420} INFO - Sync 1 DAGs
[2022-08-19 23:07:36,729] {logging_mixin.py:115} INFO - [2022-08-19 23:07:36,729] {dag.py:2972} INFO - Setting next_dagrun for example_local_kubernetes_executor to None, run_after=None
[2022-08-19 23:07:36,740] {processor.py:161} INFO - Processing /home/airflow/.local/lib/python3.7/site-packages/airflow/example_dags/example_local_kubernetes_executor.py took 0.085 seconds
[2022-08-19 23:08:06,888] {processor.py:153} INFO - Started process (PID=2210) to work on /home/airflow/.local/lib/python3.7/site-packages/airflow/example_dags/example_local_kubernetes_executor.py
[2022-08-19 23:08:06,890] {processor.py:641} INFO - Processing file /home/airflow/.local/lib/python3.7/site-packages/airflow/example_dags/example_local_kubernetes_executor.py for tasks to queue
[2022-08-19 23:08:06,892] {logging_mixin.py:115} INFO - [2022-08-19 23:08:06,892] {dagbag.py:508} INFO - Filling up the DagBag from /home/airflow/.local/lib/python3.7/site-packages/airflow/example_dags/example_local_kubernetes_executor.py
[2022-08-19 23:08:06,907] {processor.py:651} INFO - DAG(s) dict_keys(['example_local_kubernetes_executor']) retrieved from /home/airflow/.local/lib/python3.7/site-packages/airflow/example_dags/example_local_kubernetes_executor.py
[2022-08-19 23:08:06,929] {logging_mixin.py:115} INFO - [2022-08-19 23:08:06,929] {dag.py:2420} INFO - Sync 1 DAGs
[2022-08-19 23:08:06,950] {logging_mixin.py:115} INFO - [2022-08-19 23:08:06,950] {dag.py:2972} INFO - Setting next_dagrun for example_local_kubernetes_executor to None, run_after=None
[2022-08-19 23:08:06,963] {processor.py:161} INFO - Processing /home/airflow/.local/lib/python3.7/site-packages/airflow/example_dags/example_local_kubernetes_executor.py took 0.077 seconds
[2022-08-19 23:08:37,540] {processor.py:153} INFO - Started process (PID=2324) to work on /home/airflow/.local/lib/python3.7/site-packages/airflow/example_dags/example_local_kubernetes_executor.py
[2022-08-19 23:08:37,541] {processor.py:641} INFO - Processing file /home/airflow/.local/lib/python3.7/site-packages/airflow/example_dags/example_local_kubernetes_executor.py for tasks to queue
[2022-08-19 23:08:37,542] {logging_mixin.py:115} INFO - [2022-08-19 23:08:37,542] {dagbag.py:508} INFO - Filling up the DagBag from /home/airflow/.local/lib/python3.7/site-packages/airflow/example_dags/example_local_kubernetes_executor.py
[2022-08-19 23:08:37,571] {processor.py:651} INFO - DAG(s) dict_keys(['example_local_kubernetes_executor']) retrieved from /home/airflow/.local/lib/python3.7/site-packages/airflow/example_dags/example_local_kubernetes_executor.py
[2022-08-19 23:08:37,619] {logging_mixin.py:115} INFO - [2022-08-19 23:08:37,619] {dag.py:2420} INFO - Sync 1 DAGs
[2022-08-19 23:08:37,654] {logging_mixin.py:115} INFO - [2022-08-19 23:08:37,654] {dag.py:2972} INFO - Setting next_dagrun for example_local_kubernetes_executor to None, run_after=None
[2022-08-19 23:08:37,673] {processor.py:161} INFO - Processing /home/airflow/.local/lib/python3.7/site-packages/airflow/example_dags/example_local_kubernetes_executor.py took 0.138 seconds
[2022-08-19 23:09:07,766] {processor.py:153} INFO - Started process (PID=2452) to work on /home/airflow/.local/lib/python3.7/site-packages/airflow/example_dags/example_local_kubernetes_executor.py
[2022-08-19 23:09:07,769] {processor.py:641} INFO - Processing file /home/airflow/.local/lib/python3.7/site-packages/airflow/example_dags/example_local_kubernetes_executor.py for tasks to queue
[2022-08-19 23:09:07,770] {logging_mixin.py:115} INFO - [2022-08-19 23:09:07,770] {dagbag.py:508} INFO - Filling up the DagBag from /home/airflow/.local/lib/python3.7/site-packages/airflow/example_dags/example_local_kubernetes_executor.py
[2022-08-19 23:09:07,788] {processor.py:651} INFO - DAG(s) dict_keys(['example_local_kubernetes_executor']) retrieved from /home/airflow/.local/lib/python3.7/site-packages/airflow/example_dags/example_local_kubernetes_executor.py
[2022-08-19 23:09:07,808] {logging_mixin.py:115} INFO - [2022-08-19 23:09:07,808] {dag.py:2420} INFO - Sync 1 DAGs
[2022-08-19 23:09:07,823] {logging_mixin.py:115} INFO - [2022-08-19 23:09:07,823] {dag.py:2972} INFO - Setting next_dagrun for example_local_kubernetes_executor to None, run_after=None
[2022-08-19 23:09:07,833] {processor.py:161} INFO - Processing /home/airflow/.local/lib/python3.7/site-packages/airflow/example_dags/example_local_kubernetes_executor.py took 0.071 seconds
[2022-08-19 23:09:38,283] {processor.py:153} INFO - Started process (PID=2575) to work on /home/airflow/.local/lib/python3.7/site-packages/airflow/example_dags/example_local_kubernetes_executor.py
[2022-08-19 23:09:38,285] {processor.py:641} INFO - Processing file /home/airflow/.local/lib/python3.7/site-packages/airflow/example_dags/example_local_kubernetes_executor.py for tasks to queue
[2022-08-19 23:09:38,289] {logging_mixin.py:115} INFO - [2022-08-19 23:09:38,288] {dagbag.py:508} INFO - Filling up the DagBag from /home/airflow/.local/lib/python3.7/site-packages/airflow/example_dags/example_local_kubernetes_executor.py
[2022-08-19 23:09:38,321] {processor.py:651} INFO - DAG(s) dict_keys(['example_local_kubernetes_executor']) retrieved from /home/airflow/.local/lib/python3.7/site-packages/airflow/example_dags/example_local_kubernetes_executor.py
[2022-08-19 23:09:38,356] {logging_mixin.py:115} INFO - [2022-08-19 23:09:38,356] {dag.py:2420} INFO - Sync 1 DAGs
[2022-08-19 23:09:38,392] {logging_mixin.py:115} INFO - [2022-08-19 23:09:38,392] {dag.py:2972} INFO - Setting next_dagrun for example_local_kubernetes_executor to None, run_after=None
[2022-08-19 23:09:38,408] {processor.py:161} INFO - Processing /home/airflow/.local/lib/python3.7/site-packages/airflow/example_dags/example_local_kubernetes_executor.py took 0.127 seconds
[2022-08-19 23:10:08,571] {processor.py:153} INFO - Started process (PID=2715) to work on /home/airflow/.local/lib/python3.7/site-packages/airflow/example_dags/example_local_kubernetes_executor.py
[2022-08-19 23:10:08,572] {processor.py:641} INFO - Processing file /home/airflow/.local/lib/python3.7/site-packages/airflow/example_dags/example_local_kubernetes_executor.py for tasks to queue
[2022-08-19 23:10:08,573] {logging_mixin.py:115} INFO - [2022-08-19 23:10:08,573] {dagbag.py:508} INFO - Filling up the DagBag from /home/airflow/.local/lib/python3.7/site-packages/airflow/example_dags/example_local_kubernetes_executor.py
[2022-08-19 23:10:08,586] {processor.py:651} INFO - DAG(s) dict_keys(['example_local_kubernetes_executor']) retrieved from /home/airflow/.local/lib/python3.7/site-packages/airflow/example_dags/example_local_kubernetes_executor.py
[2022-08-19 23:10:08,602] {logging_mixin.py:115} INFO - [2022-08-19 23:10:08,602] {dag.py:2420} INFO - Sync 1 DAGs
[2022-08-19 23:10:08,615] {logging_mixin.py:115} INFO - [2022-08-19 23:10:08,615] {dag.py:2972} INFO - Setting next_dagrun for example_local_kubernetes_executor to None, run_after=None
[2022-08-19 23:10:08,622] {processor.py:161} INFO - Processing /home/airflow/.local/lib/python3.7/site-packages/airflow/example_dags/example_local_kubernetes_executor.py took 0.054 seconds
[2022-08-19 23:10:39,067] {processor.py:153} INFO - Started process (PID=2833) to work on /home/airflow/.local/lib/python3.7/site-packages/airflow/example_dags/example_local_kubernetes_executor.py
[2022-08-19 23:10:39,069] {processor.py:641} INFO - Processing file /home/airflow/.local/lib/python3.7/site-packages/airflow/example_dags/example_local_kubernetes_executor.py for tasks to queue
[2022-08-19 23:10:39,070] {logging_mixin.py:115} INFO - [2022-08-19 23:10:39,070] {dagbag.py:508} INFO - Filling up the DagBag from /home/airflow/.local/lib/python3.7/site-packages/airflow/example_dags/example_local_kubernetes_executor.py
[2022-08-19 23:10:39,086] {processor.py:651} INFO - DAG(s) dict_keys(['example_local_kubernetes_executor']) retrieved from /home/airflow/.local/lib/python3.7/site-packages/airflow/example_dags/example_local_kubernetes_executor.py
[2022-08-19 23:10:39,141] {logging_mixin.py:115} INFO - [2022-08-19 23:10:39,141] {dag.py:2420} INFO - Sync 1 DAGs
[2022-08-19 23:10:39,159] {logging_mixin.py:115} INFO - [2022-08-19 23:10:39,159] {dag.py:2972} INFO - Setting next_dagrun for example_local_kubernetes_executor to None, run_after=None
[2022-08-19 23:10:39,181] {processor.py:161} INFO - Processing /home/airflow/.local/lib/python3.7/site-packages/airflow/example_dags/example_local_kubernetes_executor.py took 0.116 seconds
[2022-08-19 23:11:09,341] {processor.py:153} INFO - Started process (PID=2961) to work on /home/airflow/.local/lib/python3.7/site-packages/airflow/example_dags/example_local_kubernetes_executor.py
[2022-08-19 23:11:09,342] {processor.py:641} INFO - Processing file /home/airflow/.local/lib/python3.7/site-packages/airflow/example_dags/example_local_kubernetes_executor.py for tasks to queue
[2022-08-19 23:11:09,344] {logging_mixin.py:115} INFO - [2022-08-19 23:11:09,344] {dagbag.py:508} INFO - Filling up the DagBag from /home/airflow/.local/lib/python3.7/site-packages/airflow/example_dags/example_local_kubernetes_executor.py
[2022-08-19 23:11:09,366] {processor.py:651} INFO - DAG(s) dict_keys(['example_local_kubernetes_executor']) retrieved from /home/airflow/.local/lib/python3.7/site-packages/airflow/example_dags/example_local_kubernetes_executor.py
[2022-08-19 23:11:09,393] {logging_mixin.py:115} INFO - [2022-08-19 23:11:09,393] {dag.py:2420} INFO - Sync 1 DAGs
[2022-08-19 23:11:09,412] {logging_mixin.py:115} INFO - [2022-08-19 23:11:09,412] {dag.py:2972} INFO - Setting next_dagrun for example_local_kubernetes_executor to None, run_after=None
[2022-08-19 23:11:09,421] {processor.py:161} INFO - Processing /home/airflow/.local/lib/python3.7/site-packages/airflow/example_dags/example_local_kubernetes_executor.py took 0.082 seconds
[2022-08-19 23:11:39,528] {processor.py:153} INFO - Started process (PID=3078) to work on /home/airflow/.local/lib/python3.7/site-packages/airflow/example_dags/example_local_kubernetes_executor.py
[2022-08-19 23:11:39,529] {processor.py:641} INFO - Processing file /home/airflow/.local/lib/python3.7/site-packages/airflow/example_dags/example_local_kubernetes_executor.py for tasks to queue
[2022-08-19 23:11:39,530] {logging_mixin.py:115} INFO - [2022-08-19 23:11:39,530] {dagbag.py:508} INFO - Filling up the DagBag from /home/airflow/.local/lib/python3.7/site-packages/airflow/example_dags/example_local_kubernetes_executor.py
[2022-08-19 23:11:39,544] {processor.py:651} INFO - DAG(s) dict_keys(['example_local_kubernetes_executor']) retrieved from /home/airflow/.local/lib/python3.7/site-packages/airflow/example_dags/example_local_kubernetes_executor.py
[2022-08-19 23:11:39,563] {logging_mixin.py:115} INFO - [2022-08-19 23:11:39,563] {dag.py:2420} INFO - Sync 1 DAGs
[2022-08-19 23:11:39,576] {logging_mixin.py:115} INFO - [2022-08-19 23:11:39,576] {dag.py:2972} INFO - Setting next_dagrun for example_local_kubernetes_executor to None, run_after=None
[2022-08-19 23:11:39,582] {processor.py:161} INFO - Processing /home/airflow/.local/lib/python3.7/site-packages/airflow/example_dags/example_local_kubernetes_executor.py took 0.056 seconds
[2022-08-19 23:12:10,067] {processor.py:153} INFO - Started process (PID=3217) to work on /home/airflow/.local/lib/python3.7/site-packages/airflow/example_dags/example_local_kubernetes_executor.py
[2022-08-19 23:12:10,068] {processor.py:641} INFO - Processing file /home/airflow/.local/lib/python3.7/site-packages/airflow/example_dags/example_local_kubernetes_executor.py for tasks to queue
[2022-08-19 23:12:10,070] {logging_mixin.py:115} INFO - [2022-08-19 23:12:10,069] {dagbag.py:508} INFO - Filling up the DagBag from /home/airflow/.local/lib/python3.7/site-packages/airflow/example_dags/example_local_kubernetes_executor.py
[2022-08-19 23:12:10,090] {processor.py:651} INFO - DAG(s) dict_keys(['example_local_kubernetes_executor']) retrieved from /home/airflow/.local/lib/python3.7/site-packages/airflow/example_dags/example_local_kubernetes_executor.py
[2022-08-19 23:12:10,121] {logging_mixin.py:115} INFO - [2022-08-19 23:12:10,121] {dag.py:2420} INFO - Sync 1 DAGs
[2022-08-19 23:12:10,141] {logging_mixin.py:115} INFO - [2022-08-19 23:12:10,141] {dag.py:2972} INFO - Setting next_dagrun for example_local_kubernetes_executor to None, run_after=None
[2022-08-19 23:12:10,149] {processor.py:161} INFO - Processing /home/airflow/.local/lib/python3.7/site-packages/airflow/example_dags/example_local_kubernetes_executor.py took 0.084 seconds
[2022-08-19 23:12:40,224] {processor.py:153} INFO - Started process (PID=3330) to work on /home/airflow/.local/lib/python3.7/site-packages/airflow/example_dags/example_local_kubernetes_executor.py
[2022-08-19 23:12:40,225] {processor.py:641} INFO - Processing file /home/airflow/.local/lib/python3.7/site-packages/airflow/example_dags/example_local_kubernetes_executor.py for tasks to queue
[2022-08-19 23:12:40,226] {logging_mixin.py:115} INFO - [2022-08-19 23:12:40,226] {dagbag.py:508} INFO - Filling up the DagBag from /home/airflow/.local/lib/python3.7/site-packages/airflow/example_dags/example_local_kubernetes_executor.py
[2022-08-19 23:12:40,237] {processor.py:651} INFO - DAG(s) dict_keys(['example_local_kubernetes_executor']) retrieved from /home/airflow/.local/lib/python3.7/site-packages/airflow/example_dags/example_local_kubernetes_executor.py
[2022-08-19 23:12:40,252] {logging_mixin.py:115} INFO - [2022-08-19 23:12:40,252] {dag.py:2420} INFO - Sync 1 DAGs
[2022-08-19 23:12:40,264] {logging_mixin.py:115} INFO - [2022-08-19 23:12:40,264] {dag.py:2972} INFO - Setting next_dagrun for example_local_kubernetes_executor to None, run_after=None
[2022-08-19 23:12:40,271] {processor.py:161} INFO - Processing /home/airflow/.local/lib/python3.7/site-packages/airflow/example_dags/example_local_kubernetes_executor.py took 0.050 seconds
[2022-08-19 23:13:10,420] {processor.py:153} INFO - Started process (PID=3453) to work on /home/airflow/.local/lib/python3.7/site-packages/airflow/example_dags/example_local_kubernetes_executor.py
[2022-08-19 23:13:10,422] {processor.py:641} INFO - Processing file /home/airflow/.local/lib/python3.7/site-packages/airflow/example_dags/example_local_kubernetes_executor.py for tasks to queue
[2022-08-19 23:13:10,423] {logging_mixin.py:115} INFO - [2022-08-19 23:13:10,423] {dagbag.py:508} INFO - Filling up the DagBag from /home/airflow/.local/lib/python3.7/site-packages/airflow/example_dags/example_local_kubernetes_executor.py
[2022-08-19 23:13:10,441] {processor.py:651} INFO - DAG(s) dict_keys(['example_local_kubernetes_executor']) retrieved from /home/airflow/.local/lib/python3.7/site-packages/airflow/example_dags/example_local_kubernetes_executor.py
[2022-08-19 23:13:10,469] {logging_mixin.py:115} INFO - [2022-08-19 23:13:10,469] {dag.py:2420} INFO - Sync 1 DAGs
[2022-08-19 23:13:10,488] {logging_mixin.py:115} INFO - [2022-08-19 23:13:10,488] {dag.py:2972} INFO - Setting next_dagrun for example_local_kubernetes_executor to None, run_after=None
[2022-08-19 23:13:10,499] {processor.py:161} INFO - Processing /home/airflow/.local/lib/python3.7/site-packages/airflow/example_dags/example_local_kubernetes_executor.py took 0.082 seconds
[2022-08-19 23:13:41,201] {processor.py:153} INFO - Started process (PID=3587) to work on /home/airflow/.local/lib/python3.7/site-packages/airflow/example_dags/example_local_kubernetes_executor.py
[2022-08-19 23:13:41,202] {processor.py:641} INFO - Processing file /home/airflow/.local/lib/python3.7/site-packages/airflow/example_dags/example_local_kubernetes_executor.py for tasks to queue
[2022-08-19 23:13:41,203] {logging_mixin.py:115} INFO - [2022-08-19 23:13:41,203] {dagbag.py:508} INFO - Filling up the DagBag from /home/airflow/.local/lib/python3.7/site-packages/airflow/example_dags/example_local_kubernetes_executor.py
[2022-08-19 23:13:41,216] {processor.py:651} INFO - DAG(s) dict_keys(['example_local_kubernetes_executor']) retrieved from /home/airflow/.local/lib/python3.7/site-packages/airflow/example_dags/example_local_kubernetes_executor.py
[2022-08-19 23:13:41,233] {logging_mixin.py:115} INFO - [2022-08-19 23:13:41,233] {dag.py:2420} INFO - Sync 1 DAGs
[2022-08-19 23:13:41,247] {logging_mixin.py:115} INFO - [2022-08-19 23:13:41,247] {dag.py:2972} INFO - Setting next_dagrun for example_local_kubernetes_executor to None, run_after=None
[2022-08-19 23:13:41,253] {processor.py:161} INFO - Processing /home/airflow/.local/lib/python3.7/site-packages/airflow/example_dags/example_local_kubernetes_executor.py took 0.055 seconds
[2022-08-19 23:14:11,553] {processor.py:153} INFO - Started process (PID=3709) to work on /home/airflow/.local/lib/python3.7/site-packages/airflow/example_dags/example_local_kubernetes_executor.py
[2022-08-19 23:14:11,555] {processor.py:641} INFO - Processing file /home/airflow/.local/lib/python3.7/site-packages/airflow/example_dags/example_local_kubernetes_executor.py for tasks to queue
[2022-08-19 23:14:11,557] {logging_mixin.py:115} INFO - [2022-08-19 23:14:11,557] {dagbag.py:508} INFO - Filling up the DagBag from /home/airflow/.local/lib/python3.7/site-packages/airflow/example_dags/example_local_kubernetes_executor.py
[2022-08-19 23:14:11,590] {processor.py:651} INFO - DAG(s) dict_keys(['example_local_kubernetes_executor']) retrieved from /home/airflow/.local/lib/python3.7/site-packages/airflow/example_dags/example_local_kubernetes_executor.py
[2022-08-19 23:14:11,624] {logging_mixin.py:115} INFO - [2022-08-19 23:14:11,624] {dag.py:2420} INFO - Sync 1 DAGs
[2022-08-19 23:14:11,653] {logging_mixin.py:115} INFO - [2022-08-19 23:14:11,653] {dag.py:2972} INFO - Setting next_dagrun for example_local_kubernetes_executor to None, run_after=None
[2022-08-19 23:14:11,669] {processor.py:161} INFO - Processing /home/airflow/.local/lib/python3.7/site-packages/airflow/example_dags/example_local_kubernetes_executor.py took 0.119 seconds
[2022-08-19 23:14:41,722] {processor.py:153} INFO - Started process (PID=3844) to work on /home/airflow/.local/lib/python3.7/site-packages/airflow/example_dags/example_local_kubernetes_executor.py
[2022-08-19 23:14:41,723] {processor.py:641} INFO - Processing file /home/airflow/.local/lib/python3.7/site-packages/airflow/example_dags/example_local_kubernetes_executor.py for tasks to queue
[2022-08-19 23:14:41,726] {logging_mixin.py:115} INFO - [2022-08-19 23:14:41,726] {dagbag.py:508} INFO - Filling up the DagBag from /home/airflow/.local/lib/python3.7/site-packages/airflow/example_dags/example_local_kubernetes_executor.py
[2022-08-19 23:14:41,747] {processor.py:651} INFO - DAG(s) dict_keys(['example_local_kubernetes_executor']) retrieved from /home/airflow/.local/lib/python3.7/site-packages/airflow/example_dags/example_local_kubernetes_executor.py
[2022-08-19 23:14:41,776] {logging_mixin.py:115} INFO - [2022-08-19 23:14:41,776] {dag.py:2420} INFO - Sync 1 DAGs
[2022-08-19 23:14:41,796] {logging_mixin.py:115} INFO - [2022-08-19 23:14:41,796] {dag.py:2972} INFO - Setting next_dagrun for example_local_kubernetes_executor to None, run_after=None
[2022-08-19 23:14:41,805] {processor.py:161} INFO - Processing /home/airflow/.local/lib/python3.7/site-packages/airflow/example_dags/example_local_kubernetes_executor.py took 0.086 seconds
[2022-08-19 23:15:12,046] {processor.py:153} INFO - Started process (PID=3992) to work on /home/airflow/.local/lib/python3.7/site-packages/airflow/example_dags/example_local_kubernetes_executor.py
[2022-08-19 23:15:12,047] {processor.py:641} INFO - Processing file /home/airflow/.local/lib/python3.7/site-packages/airflow/example_dags/example_local_kubernetes_executor.py for tasks to queue
[2022-08-19 23:15:12,048] {logging_mixin.py:115} INFO - [2022-08-19 23:15:12,048] {dagbag.py:508} INFO - Filling up the DagBag from /home/airflow/.local/lib/python3.7/site-packages/airflow/example_dags/example_local_kubernetes_executor.py
[2022-08-19 23:15:12,076] {processor.py:651} INFO - DAG(s) dict_keys(['example_local_kubernetes_executor']) retrieved from /home/airflow/.local/lib/python3.7/site-packages/airflow/example_dags/example_local_kubernetes_executor.py
[2022-08-19 23:15:12,121] {logging_mixin.py:115} INFO - [2022-08-19 23:15:12,121] {dag.py:2420} INFO - Sync 1 DAGs
[2022-08-19 23:15:12,155] {logging_mixin.py:115} INFO - [2022-08-19 23:15:12,155] {dag.py:2972} INFO - Setting next_dagrun for example_local_kubernetes_executor to None, run_after=None
[2022-08-19 23:15:12,167] {processor.py:161} INFO - Processing /home/airflow/.local/lib/python3.7/site-packages/airflow/example_dags/example_local_kubernetes_executor.py took 0.124 seconds
[2022-08-19 23:15:42,213] {processor.py:153} INFO - Started process (PID=4107) to work on /home/airflow/.local/lib/python3.7/site-packages/airflow/example_dags/example_local_kubernetes_executor.py
[2022-08-19 23:15:42,214] {processor.py:641} INFO - Processing file /home/airflow/.local/lib/python3.7/site-packages/airflow/example_dags/example_local_kubernetes_executor.py for tasks to queue
[2022-08-19 23:15:42,215] {logging_mixin.py:115} INFO - [2022-08-19 23:15:42,215] {dagbag.py:508} INFO - Filling up the DagBag from /home/airflow/.local/lib/python3.7/site-packages/airflow/example_dags/example_local_kubernetes_executor.py
[2022-08-19 23:15:42,225] {processor.py:651} INFO - DAG(s) dict_keys(['example_local_kubernetes_executor']) retrieved from /home/airflow/.local/lib/python3.7/site-packages/airflow/example_dags/example_local_kubernetes_executor.py
[2022-08-19 23:15:42,240] {logging_mixin.py:115} INFO - [2022-08-19 23:15:42,240] {dag.py:2420} INFO - Sync 1 DAGs
[2022-08-19 23:15:42,256] {logging_mixin.py:115} INFO - [2022-08-19 23:15:42,256] {dag.py:2972} INFO - Setting next_dagrun for example_local_kubernetes_executor to None, run_after=None
[2022-08-19 23:15:42,264] {processor.py:161} INFO - Processing /home/airflow/.local/lib/python3.7/site-packages/airflow/example_dags/example_local_kubernetes_executor.py took 0.054 seconds
[2022-08-19 23:16:12,291] {processor.py:153} INFO - Started process (PID=4245) to work on /home/airflow/.local/lib/python3.7/site-packages/airflow/example_dags/example_local_kubernetes_executor.py
[2022-08-19 23:16:12,293] {processor.py:641} INFO - Processing file /home/airflow/.local/lib/python3.7/site-packages/airflow/example_dags/example_local_kubernetes_executor.py for tasks to queue
[2022-08-19 23:16:12,294] {logging_mixin.py:115} INFO - [2022-08-19 23:16:12,293] {dagbag.py:508} INFO - Filling up the DagBag from /home/airflow/.local/lib/python3.7/site-packages/airflow/example_dags/example_local_kubernetes_executor.py
[2022-08-19 23:16:12,305] {processor.py:651} INFO - DAG(s) dict_keys(['example_local_kubernetes_executor']) retrieved from /home/airflow/.local/lib/python3.7/site-packages/airflow/example_dags/example_local_kubernetes_executor.py
[2022-08-19 23:16:12,321] {logging_mixin.py:115} INFO - [2022-08-19 23:16:12,321] {dag.py:2420} INFO - Sync 1 DAGs
[2022-08-19 23:16:12,332] {logging_mixin.py:115} INFO - [2022-08-19 23:16:12,332] {dag.py:2972} INFO - Setting next_dagrun for example_local_kubernetes_executor to None, run_after=None
[2022-08-19 23:16:12,340] {processor.py:161} INFO - Processing /home/airflow/.local/lib/python3.7/site-packages/airflow/example_dags/example_local_kubernetes_executor.py took 0.051 seconds
[2022-08-19 23:16:42,671] {processor.py:153} INFO - Started process (PID=4377) to work on /home/airflow/.local/lib/python3.7/site-packages/airflow/example_dags/example_local_kubernetes_executor.py
[2022-08-19 23:16:42,675] {processor.py:641} INFO - Processing file /home/airflow/.local/lib/python3.7/site-packages/airflow/example_dags/example_local_kubernetes_executor.py for tasks to queue
[2022-08-19 23:16:42,677] {logging_mixin.py:115} INFO - [2022-08-19 23:16:42,677] {dagbag.py:508} INFO - Filling up the DagBag from /home/airflow/.local/lib/python3.7/site-packages/airflow/example_dags/example_local_kubernetes_executor.py
[2022-08-19 23:16:42,696] {processor.py:651} INFO - DAG(s) dict_keys(['example_local_kubernetes_executor']) retrieved from /home/airflow/.local/lib/python3.7/site-packages/airflow/example_dags/example_local_kubernetes_executor.py
[2022-08-19 23:16:42,726] {logging_mixin.py:115} INFO - [2022-08-19 23:16:42,726] {dag.py:2420} INFO - Sync 1 DAGs
[2022-08-19 23:16:42,751] {logging_mixin.py:115} INFO - [2022-08-19 23:16:42,751] {dag.py:2972} INFO - Setting next_dagrun for example_local_kubernetes_executor to None, run_after=None
[2022-08-19 23:16:42,763] {processor.py:161} INFO - Processing /home/airflow/.local/lib/python3.7/site-packages/airflow/example_dags/example_local_kubernetes_executor.py took 0.097 seconds
[2022-08-19 23:17:13,298] {processor.py:153} INFO - Started process (PID=4516) to work on /home/airflow/.local/lib/python3.7/site-packages/airflow/example_dags/example_local_kubernetes_executor.py
[2022-08-19 23:17:13,299] {processor.py:641} INFO - Processing file /home/airflow/.local/lib/python3.7/site-packages/airflow/example_dags/example_local_kubernetes_executor.py for tasks to queue
[2022-08-19 23:17:13,300] {logging_mixin.py:115} INFO - [2022-08-19 23:17:13,300] {dagbag.py:508} INFO - Filling up the DagBag from /home/airflow/.local/lib/python3.7/site-packages/airflow/example_dags/example_local_kubernetes_executor.py
[2022-08-19 23:17:13,312] {processor.py:651} INFO - DAG(s) dict_keys(['example_local_kubernetes_executor']) retrieved from /home/airflow/.local/lib/python3.7/site-packages/airflow/example_dags/example_local_kubernetes_executor.py
[2022-08-19 23:17:13,335] {logging_mixin.py:115} INFO - [2022-08-19 23:17:13,335] {dag.py:2420} INFO - Sync 1 DAGs
[2022-08-19 23:17:13,354] {logging_mixin.py:115} INFO - [2022-08-19 23:17:13,354] {dag.py:2972} INFO - Setting next_dagrun for example_local_kubernetes_executor to None, run_after=None
[2022-08-19 23:17:13,364] {processor.py:161} INFO - Processing /home/airflow/.local/lib/python3.7/site-packages/airflow/example_dags/example_local_kubernetes_executor.py took 0.068 seconds
[2022-08-19 23:17:44,375] {processor.py:153} INFO - Started process (PID=4652) to work on /home/airflow/.local/lib/python3.7/site-packages/airflow/example_dags/example_local_kubernetes_executor.py
[2022-08-19 23:17:44,376] {processor.py:641} INFO - Processing file /home/airflow/.local/lib/python3.7/site-packages/airflow/example_dags/example_local_kubernetes_executor.py for tasks to queue
[2022-08-19 23:17:44,380] {logging_mixin.py:115} INFO - [2022-08-19 23:17:44,380] {dagbag.py:508} INFO - Filling up the DagBag from /home/airflow/.local/lib/python3.7/site-packages/airflow/example_dags/example_local_kubernetes_executor.py
[2022-08-19 23:17:44,399] {processor.py:651} INFO - DAG(s) dict_keys(['example_local_kubernetes_executor']) retrieved from /home/airflow/.local/lib/python3.7/site-packages/airflow/example_dags/example_local_kubernetes_executor.py
[2022-08-19 23:17:44,425] {logging_mixin.py:115} INFO - [2022-08-19 23:17:44,425] {dag.py:2420} INFO - Sync 1 DAGs
[2022-08-19 23:17:44,443] {logging_mixin.py:115} INFO - [2022-08-19 23:17:44,443] {dag.py:2972} INFO - Setting next_dagrun for example_local_kubernetes_executor to None, run_after=None
[2022-08-19 23:17:44,456] {processor.py:161} INFO - Processing /home/airflow/.local/lib/python3.7/site-packages/airflow/example_dags/example_local_kubernetes_executor.py took 0.084 seconds
[2022-08-19 23:18:14,636] {processor.py:153} INFO - Started process (PID=4767) to work on /home/airflow/.local/lib/python3.7/site-packages/airflow/example_dags/example_local_kubernetes_executor.py
[2022-08-19 23:18:14,640] {processor.py:641} INFO - Processing file /home/airflow/.local/lib/python3.7/site-packages/airflow/example_dags/example_local_kubernetes_executor.py for tasks to queue
[2022-08-19 23:18:14,641] {logging_mixin.py:115} INFO - [2022-08-19 23:18:14,641] {dagbag.py:508} INFO - Filling up the DagBag from /home/airflow/.local/lib/python3.7/site-packages/airflow/example_dags/example_local_kubernetes_executor.py
[2022-08-19 23:18:14,662] {processor.py:651} INFO - DAG(s) dict_keys(['example_local_kubernetes_executor']) retrieved from /home/airflow/.local/lib/python3.7/site-packages/airflow/example_dags/example_local_kubernetes_executor.py
[2022-08-19 23:18:14,686] {logging_mixin.py:115} INFO - [2022-08-19 23:18:14,686] {dag.py:2420} INFO - Sync 1 DAGs
[2022-08-19 23:18:14,714] {logging_mixin.py:115} INFO - [2022-08-19 23:18:14,714] {dag.py:2972} INFO - Setting next_dagrun for example_local_kubernetes_executor to None, run_after=None
[2022-08-19 23:18:14,739] {processor.py:161} INFO - Processing /home/airflow/.local/lib/python3.7/site-packages/airflow/example_dags/example_local_kubernetes_executor.py took 0.118 seconds
[2022-08-19 23:18:45,113] {processor.py:153} INFO - Started process (PID=4891) to work on /home/airflow/.local/lib/python3.7/site-packages/airflow/example_dags/example_local_kubernetes_executor.py
[2022-08-19 23:18:45,115] {processor.py:641} INFO - Processing file /home/airflow/.local/lib/python3.7/site-packages/airflow/example_dags/example_local_kubernetes_executor.py for tasks to queue
[2022-08-19 23:18:45,116] {logging_mixin.py:115} INFO - [2022-08-19 23:18:45,116] {dagbag.py:508} INFO - Filling up the DagBag from /home/airflow/.local/lib/python3.7/site-packages/airflow/example_dags/example_local_kubernetes_executor.py
[2022-08-19 23:18:45,133] {processor.py:651} INFO - DAG(s) dict_keys(['example_local_kubernetes_executor']) retrieved from /home/airflow/.local/lib/python3.7/site-packages/airflow/example_dags/example_local_kubernetes_executor.py
[2022-08-19 23:18:45,166] {logging_mixin.py:115} INFO - [2022-08-19 23:18:45,166] {dag.py:2420} INFO - Sync 1 DAGs
[2022-08-19 23:18:45,185] {logging_mixin.py:115} INFO - [2022-08-19 23:18:45,185] {dag.py:2972} INFO - Setting next_dagrun for example_local_kubernetes_executor to None, run_after=None
[2022-08-19 23:18:45,199] {processor.py:161} INFO - Processing /home/airflow/.local/lib/python3.7/site-packages/airflow/example_dags/example_local_kubernetes_executor.py took 0.088 seconds
[2022-08-19 23:19:15,951] {processor.py:153} INFO - Started process (PID=5042) to work on /home/airflow/.local/lib/python3.7/site-packages/airflow/example_dags/example_local_kubernetes_executor.py
[2022-08-19 23:19:15,952] {processor.py:641} INFO - Processing file /home/airflow/.local/lib/python3.7/site-packages/airflow/example_dags/example_local_kubernetes_executor.py for tasks to queue
[2022-08-19 23:19:15,953] {logging_mixin.py:115} INFO - [2022-08-19 23:19:15,953] {dagbag.py:508} INFO - Filling up the DagBag from /home/airflow/.local/lib/python3.7/site-packages/airflow/example_dags/example_local_kubernetes_executor.py
[2022-08-19 23:19:15,965] {processor.py:651} INFO - DAG(s) dict_keys(['example_local_kubernetes_executor']) retrieved from /home/airflow/.local/lib/python3.7/site-packages/airflow/example_dags/example_local_kubernetes_executor.py
[2022-08-19 23:19:15,991] {logging_mixin.py:115} INFO - [2022-08-19 23:19:15,991] {dag.py:2420} INFO - Sync 1 DAGs
[2022-08-19 23:19:16,014] {logging_mixin.py:115} INFO - [2022-08-19 23:19:16,014] {dag.py:2972} INFO - Setting next_dagrun for example_local_kubernetes_executor to None, run_after=None
[2022-08-19 23:19:16,023] {processor.py:161} INFO - Processing /home/airflow/.local/lib/python3.7/site-packages/airflow/example_dags/example_local_kubernetes_executor.py took 0.075 seconds
[2022-08-19 23:19:46,386] {processor.py:153} INFO - Started process (PID=5186) to work on /home/airflow/.local/lib/python3.7/site-packages/airflow/example_dags/example_local_kubernetes_executor.py
[2022-08-19 23:19:46,396] {processor.py:641} INFO - Processing file /home/airflow/.local/lib/python3.7/site-packages/airflow/example_dags/example_local_kubernetes_executor.py for tasks to queue
[2022-08-19 23:19:46,398] {logging_mixin.py:115} INFO - [2022-08-19 23:19:46,397] {dagbag.py:508} INFO - Filling up the DagBag from /home/airflow/.local/lib/python3.7/site-packages/airflow/example_dags/example_local_kubernetes_executor.py
[2022-08-19 23:19:46,416] {processor.py:651} INFO - DAG(s) dict_keys(['example_local_kubernetes_executor']) retrieved from /home/airflow/.local/lib/python3.7/site-packages/airflow/example_dags/example_local_kubernetes_executor.py
[2022-08-19 23:19:46,455] {logging_mixin.py:115} INFO - [2022-08-19 23:19:46,454] {dag.py:2420} INFO - Sync 1 DAGs
[2022-08-19 23:19:46,470] {logging_mixin.py:115} INFO - [2022-08-19 23:19:46,470] {dag.py:2972} INFO - Setting next_dagrun for example_local_kubernetes_executor to None, run_after=None
[2022-08-19 23:19:46,492] {processor.py:161} INFO - Processing /home/airflow/.local/lib/python3.7/site-packages/airflow/example_dags/example_local_kubernetes_executor.py took 0.112 seconds
[2022-08-19 23:20:16,654] {processor.py:153} INFO - Started process (PID=5289) to work on /home/airflow/.local/lib/python3.7/site-packages/airflow/example_dags/example_local_kubernetes_executor.py
[2022-08-19 23:20:16,655] {processor.py:641} INFO - Processing file /home/airflow/.local/lib/python3.7/site-packages/airflow/example_dags/example_local_kubernetes_executor.py for tasks to queue
[2022-08-19 23:20:16,656] {logging_mixin.py:115} INFO - [2022-08-19 23:20:16,656] {dagbag.py:508} INFO - Filling up the DagBag from /home/airflow/.local/lib/python3.7/site-packages/airflow/example_dags/example_local_kubernetes_executor.py
[2022-08-19 23:20:16,669] {processor.py:651} INFO - DAG(s) dict_keys(['example_local_kubernetes_executor']) retrieved from /home/airflow/.local/lib/python3.7/site-packages/airflow/example_dags/example_local_kubernetes_executor.py
[2022-08-19 23:20:16,687] {logging_mixin.py:115} INFO - [2022-08-19 23:20:16,686] {dag.py:2420} INFO - Sync 1 DAGs
[2022-08-19 23:20:16,705] {logging_mixin.py:115} INFO - [2022-08-19 23:20:16,704] {dag.py:2972} INFO - Setting next_dagrun for example_local_kubernetes_executor to None, run_after=None
[2022-08-19 23:20:16,713] {processor.py:161} INFO - Processing /home/airflow/.local/lib/python3.7/site-packages/airflow/example_dags/example_local_kubernetes_executor.py took 0.062 seconds
[2022-08-19 23:20:47,552] {processor.py:153} INFO - Started process (PID=5415) to work on /home/airflow/.local/lib/python3.7/site-packages/airflow/example_dags/example_local_kubernetes_executor.py
[2022-08-19 23:20:47,553] {processor.py:641} INFO - Processing file /home/airflow/.local/lib/python3.7/site-packages/airflow/example_dags/example_local_kubernetes_executor.py for tasks to queue
[2022-08-19 23:20:47,554] {logging_mixin.py:115} INFO - [2022-08-19 23:20:47,554] {dagbag.py:508} INFO - Filling up the DagBag from /home/airflow/.local/lib/python3.7/site-packages/airflow/example_dags/example_local_kubernetes_executor.py
[2022-08-19 23:20:47,571] {processor.py:651} INFO - DAG(s) dict_keys(['example_local_kubernetes_executor']) retrieved from /home/airflow/.local/lib/python3.7/site-packages/airflow/example_dags/example_local_kubernetes_executor.py
[2022-08-19 23:20:47,660] {logging_mixin.py:115} INFO - [2022-08-19 23:20:47,659] {dag.py:2420} INFO - Sync 1 DAGs
[2022-08-19 23:20:47,739] {logging_mixin.py:115} INFO - [2022-08-19 23:20:47,739] {dag.py:2972} INFO - Setting next_dagrun for example_local_kubernetes_executor to None, run_after=None
[2022-08-19 23:20:47,759] {processor.py:161} INFO - Processing /home/airflow/.local/lib/python3.7/site-packages/airflow/example_dags/example_local_kubernetes_executor.py took 0.209 seconds
[2022-08-19 23:21:18,147] {processor.py:153} INFO - Started process (PID=5540) to work on /home/airflow/.local/lib/python3.7/site-packages/airflow/example_dags/example_local_kubernetes_executor.py
[2022-08-19 23:21:18,150] {processor.py:641} INFO - Processing file /home/airflow/.local/lib/python3.7/site-packages/airflow/example_dags/example_local_kubernetes_executor.py for tasks to queue
[2022-08-19 23:21:18,151] {logging_mixin.py:115} INFO - [2022-08-19 23:21:18,151] {dagbag.py:508} INFO - Filling up the DagBag from /home/airflow/.local/lib/python3.7/site-packages/airflow/example_dags/example_local_kubernetes_executor.py
[2022-08-19 23:21:18,174] {processor.py:651} INFO - DAG(s) dict_keys(['example_local_kubernetes_executor']) retrieved from /home/airflow/.local/lib/python3.7/site-packages/airflow/example_dags/example_local_kubernetes_executor.py
[2022-08-19 23:21:18,207] {logging_mixin.py:115} INFO - [2022-08-19 23:21:18,207] {dag.py:2420} INFO - Sync 1 DAGs
[2022-08-19 23:21:18,233] {logging_mixin.py:115} INFO - [2022-08-19 23:21:18,233] {dag.py:2972} INFO - Setting next_dagrun for example_local_kubernetes_executor to None, run_after=None
[2022-08-19 23:21:18,247] {processor.py:161} INFO - Processing /home/airflow/.local/lib/python3.7/site-packages/airflow/example_dags/example_local_kubernetes_executor.py took 0.102 seconds
[2022-08-19 23:21:48,393] {processor.py:153} INFO - Started process (PID=5663) to work on /home/airflow/.local/lib/python3.7/site-packages/airflow/example_dags/example_local_kubernetes_executor.py
[2022-08-19 23:21:48,395] {processor.py:641} INFO - Processing file /home/airflow/.local/lib/python3.7/site-packages/airflow/example_dags/example_local_kubernetes_executor.py for tasks to queue
[2022-08-19 23:21:48,396] {logging_mixin.py:115} INFO - [2022-08-19 23:21:48,396] {dagbag.py:508} INFO - Filling up the DagBag from /home/airflow/.local/lib/python3.7/site-packages/airflow/example_dags/example_local_kubernetes_executor.py
[2022-08-19 23:21:48,408] {processor.py:651} INFO - DAG(s) dict_keys(['example_local_kubernetes_executor']) retrieved from /home/airflow/.local/lib/python3.7/site-packages/airflow/example_dags/example_local_kubernetes_executor.py
[2022-08-19 23:21:48,426] {logging_mixin.py:115} INFO - [2022-08-19 23:21:48,426] {dag.py:2420} INFO - Sync 1 DAGs
[2022-08-19 23:21:48,441] {logging_mixin.py:115} INFO - [2022-08-19 23:21:48,441] {dag.py:2972} INFO - Setting next_dagrun for example_local_kubernetes_executor to None, run_after=None
[2022-08-19 23:21:48,448] {processor.py:161} INFO - Processing /home/airflow/.local/lib/python3.7/site-packages/airflow/example_dags/example_local_kubernetes_executor.py took 0.058 seconds
[2022-08-19 23:22:18,879] {processor.py:153} INFO - Started process (PID=5733) to work on /home/airflow/.local/lib/python3.7/site-packages/airflow/example_dags/example_local_kubernetes_executor.py
[2022-08-19 23:22:18,881] {processor.py:641} INFO - Processing file /home/airflow/.local/lib/python3.7/site-packages/airflow/example_dags/example_local_kubernetes_executor.py for tasks to queue
[2022-08-19 23:22:18,882] {logging_mixin.py:115} INFO - [2022-08-19 23:22:18,882] {dagbag.py:508} INFO - Filling up the DagBag from /home/airflow/.local/lib/python3.7/site-packages/airflow/example_dags/example_local_kubernetes_executor.py
[2022-08-19 23:22:18,893] {processor.py:651} INFO - DAG(s) dict_keys(['example_local_kubernetes_executor']) retrieved from /home/airflow/.local/lib/python3.7/site-packages/airflow/example_dags/example_local_kubernetes_executor.py
[2022-08-19 23:22:18,910] {logging_mixin.py:115} INFO - [2022-08-19 23:22:18,910] {dag.py:2420} INFO - Sync 1 DAGs
[2022-08-19 23:22:18,928] {logging_mixin.py:115} INFO - [2022-08-19 23:22:18,928] {dag.py:2972} INFO - Setting next_dagrun for example_local_kubernetes_executor to None, run_after=None
[2022-08-19 23:22:18,935] {processor.py:161} INFO - Processing /home/airflow/.local/lib/python3.7/site-packages/airflow/example_dags/example_local_kubernetes_executor.py took 0.060 seconds
[2022-08-19 23:22:49,517] {processor.py:153} INFO - Started process (PID=5805) to work on /home/airflow/.local/lib/python3.7/site-packages/airflow/example_dags/example_local_kubernetes_executor.py
[2022-08-19 23:22:49,518] {processor.py:641} INFO - Processing file /home/airflow/.local/lib/python3.7/site-packages/airflow/example_dags/example_local_kubernetes_executor.py for tasks to queue
[2022-08-19 23:22:49,519] {logging_mixin.py:115} INFO - [2022-08-19 23:22:49,519] {dagbag.py:508} INFO - Filling up the DagBag from /home/airflow/.local/lib/python3.7/site-packages/airflow/example_dags/example_local_kubernetes_executor.py
[2022-08-19 23:22:49,530] {processor.py:651} INFO - DAG(s) dict_keys(['example_local_kubernetes_executor']) retrieved from /home/airflow/.local/lib/python3.7/site-packages/airflow/example_dags/example_local_kubernetes_executor.py
[2022-08-19 23:22:49,546] {logging_mixin.py:115} INFO - [2022-08-19 23:22:49,546] {dag.py:2420} INFO - Sync 1 DAGs
[2022-08-19 23:22:49,558] {logging_mixin.py:115} INFO - [2022-08-19 23:22:49,558] {dag.py:2972} INFO - Setting next_dagrun for example_local_kubernetes_executor to None, run_after=None
[2022-08-19 23:22:49,566] {processor.py:161} INFO - Processing /home/airflow/.local/lib/python3.7/site-packages/airflow/example_dags/example_local_kubernetes_executor.py took 0.052 seconds
[2022-08-19 23:23:20,045] {processor.py:153} INFO - Started process (PID=5876) to work on /home/airflow/.local/lib/python3.7/site-packages/airflow/example_dags/example_local_kubernetes_executor.py
[2022-08-19 23:23:20,046] {processor.py:641} INFO - Processing file /home/airflow/.local/lib/python3.7/site-packages/airflow/example_dags/example_local_kubernetes_executor.py for tasks to queue
[2022-08-19 23:23:20,047] {logging_mixin.py:115} INFO - [2022-08-19 23:23:20,047] {dagbag.py:508} INFO - Filling up the DagBag from /home/airflow/.local/lib/python3.7/site-packages/airflow/example_dags/example_local_kubernetes_executor.py
[2022-08-19 23:23:20,058] {processor.py:651} INFO - DAG(s) dict_keys(['example_local_kubernetes_executor']) retrieved from /home/airflow/.local/lib/python3.7/site-packages/airflow/example_dags/example_local_kubernetes_executor.py
[2022-08-19 23:23:20,074] {logging_mixin.py:115} INFO - [2022-08-19 23:23:20,074] {dag.py:2420} INFO - Sync 1 DAGs
[2022-08-19 23:23:20,088] {logging_mixin.py:115} INFO - [2022-08-19 23:23:20,088] {dag.py:2972} INFO - Setting next_dagrun for example_local_kubernetes_executor to None, run_after=None
[2022-08-19 23:23:20,096] {processor.py:161} INFO - Processing /home/airflow/.local/lib/python3.7/site-packages/airflow/example_dags/example_local_kubernetes_executor.py took 0.054 seconds
[2022-08-19 23:23:50,663] {processor.py:153} INFO - Started process (PID=5942) to work on /home/airflow/.local/lib/python3.7/site-packages/airflow/example_dags/example_local_kubernetes_executor.py
[2022-08-19 23:23:50,665] {processor.py:641} INFO - Processing file /home/airflow/.local/lib/python3.7/site-packages/airflow/example_dags/example_local_kubernetes_executor.py for tasks to queue
[2022-08-19 23:23:50,666] {logging_mixin.py:115} INFO - [2022-08-19 23:23:50,666] {dagbag.py:508} INFO - Filling up the DagBag from /home/airflow/.local/lib/python3.7/site-packages/airflow/example_dags/example_local_kubernetes_executor.py
[2022-08-19 23:23:50,678] {processor.py:651} INFO - DAG(s) dict_keys(['example_local_kubernetes_executor']) retrieved from /home/airflow/.local/lib/python3.7/site-packages/airflow/example_dags/example_local_kubernetes_executor.py
[2022-08-19 23:23:50,695] {logging_mixin.py:115} INFO - [2022-08-19 23:23:50,695] {dag.py:2420} INFO - Sync 1 DAGs
[2022-08-19 23:23:50,709] {logging_mixin.py:115} INFO - [2022-08-19 23:23:50,709] {dag.py:2972} INFO - Setting next_dagrun for example_local_kubernetes_executor to None, run_after=None
[2022-08-19 23:23:50,718] {processor.py:161} INFO - Processing /home/airflow/.local/lib/python3.7/site-packages/airflow/example_dags/example_local_kubernetes_executor.py took 0.058 seconds
[2022-08-19 23:24:20,991] {processor.py:153} INFO - Started process (PID=6009) to work on /home/airflow/.local/lib/python3.7/site-packages/airflow/example_dags/example_local_kubernetes_executor.py
[2022-08-19 23:24:20,992] {processor.py:641} INFO - Processing file /home/airflow/.local/lib/python3.7/site-packages/airflow/example_dags/example_local_kubernetes_executor.py for tasks to queue
[2022-08-19 23:24:20,993] {logging_mixin.py:115} INFO - [2022-08-19 23:24:20,993] {dagbag.py:508} INFO - Filling up the DagBag from /home/airflow/.local/lib/python3.7/site-packages/airflow/example_dags/example_local_kubernetes_executor.py
[2022-08-19 23:24:21,005] {processor.py:651} INFO - DAG(s) dict_keys(['example_local_kubernetes_executor']) retrieved from /home/airflow/.local/lib/python3.7/site-packages/airflow/example_dags/example_local_kubernetes_executor.py
[2022-08-19 23:24:21,021] {logging_mixin.py:115} INFO - [2022-08-19 23:24:21,021] {dag.py:2420} INFO - Sync 1 DAGs
[2022-08-19 23:24:21,033] {logging_mixin.py:115} INFO - [2022-08-19 23:24:21,033] {dag.py:2972} INFO - Setting next_dagrun for example_local_kubernetes_executor to None, run_after=None
[2022-08-19 23:24:21,042] {processor.py:161} INFO - Processing /home/airflow/.local/lib/python3.7/site-packages/airflow/example_dags/example_local_kubernetes_executor.py took 0.053 seconds
[2022-08-19 23:24:51,428] {processor.py:153} INFO - Started process (PID=6067) to work on /home/airflow/.local/lib/python3.7/site-packages/airflow/example_dags/example_local_kubernetes_executor.py
[2022-08-19 23:24:51,429] {processor.py:641} INFO - Processing file /home/airflow/.local/lib/python3.7/site-packages/airflow/example_dags/example_local_kubernetes_executor.py for tasks to queue
[2022-08-19 23:24:51,430] {logging_mixin.py:115} INFO - [2022-08-19 23:24:51,430] {dagbag.py:508} INFO - Filling up the DagBag from /home/airflow/.local/lib/python3.7/site-packages/airflow/example_dags/example_local_kubernetes_executor.py
[2022-08-19 23:24:51,441] {processor.py:651} INFO - DAG(s) dict_keys(['example_local_kubernetes_executor']) retrieved from /home/airflow/.local/lib/python3.7/site-packages/airflow/example_dags/example_local_kubernetes_executor.py
[2022-08-19 23:24:51,458] {logging_mixin.py:115} INFO - [2022-08-19 23:24:51,458] {dag.py:2420} INFO - Sync 1 DAGs
[2022-08-19 23:24:51,476] {logging_mixin.py:115} INFO - [2022-08-19 23:24:51,476] {dag.py:2972} INFO - Setting next_dagrun for example_local_kubernetes_executor to None, run_after=None
[2022-08-19 23:24:51,484] {processor.py:161} INFO - Processing /home/airflow/.local/lib/python3.7/site-packages/airflow/example_dags/example_local_kubernetes_executor.py took 0.060 seconds
