[2022-08-19 22:31:44,970] {processor.py:153} INFO - Started process (PID=48) to work on /home/airflow/.local/lib/python3.7/site-packages/airflow/example_dags/example_branch_operator.py
[2022-08-19 22:31:44,971] {processor.py:641} INFO - Processing file /home/airflow/.local/lib/python3.7/site-packages/airflow/example_dags/example_branch_operator.py for tasks to queue
[2022-08-19 22:31:44,972] {logging_mixin.py:115} INFO - [2022-08-19 22:31:44,972] {dagbag.py:508} INFO - Filling up the DagBag from /home/airflow/.local/lib/python3.7/site-packages/airflow/example_dags/example_branch_operator.py
[2022-08-19 22:31:44,981] {processor.py:651} INFO - DAG(s) dict_keys(['example_branch_operator']) retrieved from /home/airflow/.local/lib/python3.7/site-packages/airflow/example_dags/example_branch_operator.py
[2022-08-19 22:31:45,063] {logging_mixin.py:115} INFO - [2022-08-19 22:31:45,063] {manager.py:508} INFO - Created Permission View: can delete on DAG:example_branch_operator
[2022-08-19 22:31:45,072] {logging_mixin.py:115} INFO - [2022-08-19 22:31:45,072] {manager.py:508} INFO - Created Permission View: can read on DAG:example_branch_operator
[2022-08-19 22:31:45,077] {logging_mixin.py:115} INFO - [2022-08-19 22:31:45,077] {manager.py:508} INFO - Created Permission View: can edit on DAG:example_branch_operator
[2022-08-19 22:31:45,078] {logging_mixin.py:115} INFO - [2022-08-19 22:31:45,078] {dag.py:2420} INFO - Sync 1 DAGs
[2022-08-19 22:31:45,084] {logging_mixin.py:115} INFO - [2022-08-19 22:31:45,084] {dag.py:2439} INFO - Creating ORM DAG for example_branch_operator
[2022-08-19 22:31:45,094] {logging_mixin.py:115} INFO - [2022-08-19 22:31:45,094] {dag.py:2972} INFO - Setting next_dagrun for example_branch_operator to 2022-08-18T00:00:00+00:00, run_after=2022-08-19T00:00:00+00:00
[2022-08-19 22:31:45,104] {processor.py:161} INFO - Processing /home/airflow/.local/lib/python3.7/site-packages/airflow/example_dags/example_branch_operator.py took 0.140 seconds
[2022-08-19 22:32:15,366] {processor.py:153} INFO - Started process (PID=111) to work on /home/airflow/.local/lib/python3.7/site-packages/airflow/example_dags/example_branch_operator.py
[2022-08-19 22:32:15,367] {processor.py:641} INFO - Processing file /home/airflow/.local/lib/python3.7/site-packages/airflow/example_dags/example_branch_operator.py for tasks to queue
[2022-08-19 22:32:15,368] {logging_mixin.py:115} INFO - [2022-08-19 22:32:15,368] {dagbag.py:508} INFO - Filling up the DagBag from /home/airflow/.local/lib/python3.7/site-packages/airflow/example_dags/example_branch_operator.py
[2022-08-19 22:32:15,375] {processor.py:651} INFO - DAG(s) dict_keys(['example_branch_operator']) retrieved from /home/airflow/.local/lib/python3.7/site-packages/airflow/example_dags/example_branch_operator.py
[2022-08-19 22:32:15,394] {logging_mixin.py:115} INFO - [2022-08-19 22:32:15,394] {dag.py:2420} INFO - Sync 1 DAGs
[2022-08-19 22:32:15,410] {logging_mixin.py:115} INFO - [2022-08-19 22:32:15,410] {dag.py:2972} INFO - Setting next_dagrun for example_branch_operator to 2022-08-18T00:00:00+00:00, run_after=2022-08-19T00:00:00+00:00
[2022-08-19 22:32:15,418] {processor.py:161} INFO - Processing /home/airflow/.local/lib/python3.7/site-packages/airflow/example_dags/example_branch_operator.py took 0.054 seconds
[2022-08-19 22:53:24,530] {processor.py:153} INFO - Started process (PID=48) to work on /home/airflow/.local/lib/python3.7/site-packages/airflow/example_dags/example_branch_operator.py
[2022-08-19 22:53:24,533] {processor.py:641} INFO - Processing file /home/airflow/.local/lib/python3.7/site-packages/airflow/example_dags/example_branch_operator.py for tasks to queue
[2022-08-19 22:53:24,534] {logging_mixin.py:115} INFO - [2022-08-19 22:53:24,534] {dagbag.py:508} INFO - Filling up the DagBag from /home/airflow/.local/lib/python3.7/site-packages/airflow/example_dags/example_branch_operator.py
[2022-08-19 22:53:24,546] {processor.py:651} INFO - DAG(s) dict_keys(['example_branch_operator']) retrieved from /home/airflow/.local/lib/python3.7/site-packages/airflow/example_dags/example_branch_operator.py
[2022-08-19 22:53:24,617] {logging_mixin.py:115} INFO - [2022-08-19 22:53:24,617] {manager.py:508} INFO - Created Permission View: can read on DAG:example_branch_operator
[2022-08-19 22:53:24,626] {logging_mixin.py:115} INFO - [2022-08-19 22:53:24,625] {manager.py:508} INFO - Created Permission View: can delete on DAG:example_branch_operator
[2022-08-19 22:53:24,631] {logging_mixin.py:115} INFO - [2022-08-19 22:53:24,631] {manager.py:508} INFO - Created Permission View: can edit on DAG:example_branch_operator
[2022-08-19 22:53:24,632] {logging_mixin.py:115} INFO - [2022-08-19 22:53:24,632] {dag.py:2420} INFO - Sync 1 DAGs
[2022-08-19 22:53:24,640] {logging_mixin.py:115} INFO - [2022-08-19 22:53:24,640] {dag.py:2439} INFO - Creating ORM DAG for example_branch_operator
[2022-08-19 22:53:24,659] {logging_mixin.py:115} INFO - [2022-08-19 22:53:24,659] {dag.py:2972} INFO - Setting next_dagrun for example_branch_operator to 2022-08-18T00:00:00+00:00, run_after=2022-08-19T00:00:00+00:00
[2022-08-19 22:53:24,677] {processor.py:161} INFO - Processing /home/airflow/.local/lib/python3.7/site-packages/airflow/example_dags/example_branch_operator.py took 0.152 seconds
[2022-08-19 22:53:55,010] {processor.py:153} INFO - Started process (PID=126) to work on /home/airflow/.local/lib/python3.7/site-packages/airflow/example_dags/example_branch_operator.py
[2022-08-19 22:53:55,011] {processor.py:641} INFO - Processing file /home/airflow/.local/lib/python3.7/site-packages/airflow/example_dags/example_branch_operator.py for tasks to queue
[2022-08-19 22:53:55,012] {logging_mixin.py:115} INFO - [2022-08-19 22:53:55,012] {dagbag.py:508} INFO - Filling up the DagBag from /home/airflow/.local/lib/python3.7/site-packages/airflow/example_dags/example_branch_operator.py
[2022-08-19 22:53:55,019] {processor.py:651} INFO - DAG(s) dict_keys(['example_branch_operator']) retrieved from /home/airflow/.local/lib/python3.7/site-packages/airflow/example_dags/example_branch_operator.py
[2022-08-19 22:53:55,036] {logging_mixin.py:115} INFO - [2022-08-19 22:53:55,036] {dag.py:2420} INFO - Sync 1 DAGs
[2022-08-19 22:53:55,050] {logging_mixin.py:115} INFO - [2022-08-19 22:53:55,050] {dag.py:2972} INFO - Setting next_dagrun for example_branch_operator to 2022-08-18T00:00:00+00:00, run_after=2022-08-19T00:00:00+00:00
[2022-08-19 22:53:55,058] {processor.py:161} INFO - Processing /home/airflow/.local/lib/python3.7/site-packages/airflow/example_dags/example_branch_operator.py took 0.051 seconds
[2022-08-19 22:54:25,566] {processor.py:153} INFO - Started process (PID=199) to work on /home/airflow/.local/lib/python3.7/site-packages/airflow/example_dags/example_branch_operator.py
[2022-08-19 22:54:25,567] {processor.py:641} INFO - Processing file /home/airflow/.local/lib/python3.7/site-packages/airflow/example_dags/example_branch_operator.py for tasks to queue
[2022-08-19 22:54:25,568] {logging_mixin.py:115} INFO - [2022-08-19 22:54:25,568] {dagbag.py:508} INFO - Filling up the DagBag from /home/airflow/.local/lib/python3.7/site-packages/airflow/example_dags/example_branch_operator.py
[2022-08-19 22:54:25,576] {processor.py:651} INFO - DAG(s) dict_keys(['example_branch_operator']) retrieved from /home/airflow/.local/lib/python3.7/site-packages/airflow/example_dags/example_branch_operator.py
[2022-08-19 22:54:25,592] {logging_mixin.py:115} INFO - [2022-08-19 22:54:25,592] {dag.py:2420} INFO - Sync 1 DAGs
[2022-08-19 22:54:25,603] {logging_mixin.py:115} INFO - [2022-08-19 22:54:25,603] {dag.py:2972} INFO - Setting next_dagrun for example_branch_operator to 2022-08-18T00:00:00+00:00, run_after=2022-08-19T00:00:00+00:00
[2022-08-19 22:54:25,610] {processor.py:161} INFO - Processing /home/airflow/.local/lib/python3.7/site-packages/airflow/example_dags/example_branch_operator.py took 0.046 seconds
[2022-08-19 22:54:56,109] {processor.py:153} INFO - Started process (PID=266) to work on /home/airflow/.local/lib/python3.7/site-packages/airflow/example_dags/example_branch_operator.py
[2022-08-19 22:54:56,110] {processor.py:641} INFO - Processing file /home/airflow/.local/lib/python3.7/site-packages/airflow/example_dags/example_branch_operator.py for tasks to queue
[2022-08-19 22:54:56,111] {logging_mixin.py:115} INFO - [2022-08-19 22:54:56,111] {dagbag.py:508} INFO - Filling up the DagBag from /home/airflow/.local/lib/python3.7/site-packages/airflow/example_dags/example_branch_operator.py
[2022-08-19 22:54:56,119] {processor.py:651} INFO - DAG(s) dict_keys(['example_branch_operator']) retrieved from /home/airflow/.local/lib/python3.7/site-packages/airflow/example_dags/example_branch_operator.py
[2022-08-19 22:54:56,138] {logging_mixin.py:115} INFO - [2022-08-19 22:54:56,138] {dag.py:2420} INFO - Sync 1 DAGs
[2022-08-19 22:54:56,152] {logging_mixin.py:115} INFO - [2022-08-19 22:54:56,152] {dag.py:2972} INFO - Setting next_dagrun for example_branch_operator to 2022-08-18T00:00:00+00:00, run_after=2022-08-19T00:00:00+00:00
[2022-08-19 22:54:56,160] {processor.py:161} INFO - Processing /home/airflow/.local/lib/python3.7/site-packages/airflow/example_dags/example_branch_operator.py took 0.054 seconds
[2022-08-19 22:55:26,628] {processor.py:153} INFO - Started process (PID=329) to work on /home/airflow/.local/lib/python3.7/site-packages/airflow/example_dags/example_branch_operator.py
[2022-08-19 22:55:26,629] {processor.py:641} INFO - Processing file /home/airflow/.local/lib/python3.7/site-packages/airflow/example_dags/example_branch_operator.py for tasks to queue
[2022-08-19 22:55:26,631] {logging_mixin.py:115} INFO - [2022-08-19 22:55:26,631] {dagbag.py:508} INFO - Filling up the DagBag from /home/airflow/.local/lib/python3.7/site-packages/airflow/example_dags/example_branch_operator.py
[2022-08-19 22:55:26,638] {processor.py:651} INFO - DAG(s) dict_keys(['example_branch_operator']) retrieved from /home/airflow/.local/lib/python3.7/site-packages/airflow/example_dags/example_branch_operator.py
[2022-08-19 22:55:26,661] {logging_mixin.py:115} INFO - [2022-08-19 22:55:26,661] {dag.py:2420} INFO - Sync 1 DAGs
[2022-08-19 22:55:26,679] {logging_mixin.py:115} INFO - [2022-08-19 22:55:26,679] {dag.py:2972} INFO - Setting next_dagrun for example_branch_operator to 2022-08-18T00:00:00+00:00, run_after=2022-08-19T00:00:00+00:00
[2022-08-19 22:55:26,687] {processor.py:161} INFO - Processing /home/airflow/.local/lib/python3.7/site-packages/airflow/example_dags/example_branch_operator.py took 0.061 seconds
[2022-08-19 22:55:57,114] {processor.py:153} INFO - Started process (PID=383) to work on /home/airflow/.local/lib/python3.7/site-packages/airflow/example_dags/example_branch_operator.py
[2022-08-19 22:55:57,115] {processor.py:641} INFO - Processing file /home/airflow/.local/lib/python3.7/site-packages/airflow/example_dags/example_branch_operator.py for tasks to queue
[2022-08-19 22:55:57,116] {logging_mixin.py:115} INFO - [2022-08-19 22:55:57,116] {dagbag.py:508} INFO - Filling up the DagBag from /home/airflow/.local/lib/python3.7/site-packages/airflow/example_dags/example_branch_operator.py
[2022-08-19 22:55:57,123] {processor.py:651} INFO - DAG(s) dict_keys(['example_branch_operator']) retrieved from /home/airflow/.local/lib/python3.7/site-packages/airflow/example_dags/example_branch_operator.py
[2022-08-19 22:55:57,141] {logging_mixin.py:115} INFO - [2022-08-19 22:55:57,141] {dag.py:2420} INFO - Sync 1 DAGs
[2022-08-19 22:55:57,155] {logging_mixin.py:115} INFO - [2022-08-19 22:55:57,155] {dag.py:2972} INFO - Setting next_dagrun for example_branch_operator to 2022-08-18T00:00:00+00:00, run_after=2022-08-19T00:00:00+00:00
[2022-08-19 22:55:57,163] {processor.py:161} INFO - Processing /home/airflow/.local/lib/python3.7/site-packages/airflow/example_dags/example_branch_operator.py took 0.051 seconds
[2022-08-19 22:56:27,588] {processor.py:153} INFO - Started process (PID=452) to work on /home/airflow/.local/lib/python3.7/site-packages/airflow/example_dags/example_branch_operator.py
[2022-08-19 22:56:27,589] {processor.py:641} INFO - Processing file /home/airflow/.local/lib/python3.7/site-packages/airflow/example_dags/example_branch_operator.py for tasks to queue
[2022-08-19 22:56:27,590] {logging_mixin.py:115} INFO - [2022-08-19 22:56:27,590] {dagbag.py:508} INFO - Filling up the DagBag from /home/airflow/.local/lib/python3.7/site-packages/airflow/example_dags/example_branch_operator.py
[2022-08-19 22:56:27,599] {processor.py:651} INFO - DAG(s) dict_keys(['example_branch_operator']) retrieved from /home/airflow/.local/lib/python3.7/site-packages/airflow/example_dags/example_branch_operator.py
[2022-08-19 22:56:27,615] {logging_mixin.py:115} INFO - [2022-08-19 22:56:27,615] {dag.py:2420} INFO - Sync 1 DAGs
[2022-08-19 22:56:27,628] {logging_mixin.py:115} INFO - [2022-08-19 22:56:27,627] {dag.py:2972} INFO - Setting next_dagrun for example_branch_operator to 2022-08-18T00:00:00+00:00, run_after=2022-08-19T00:00:00+00:00
[2022-08-19 22:56:27,635] {processor.py:161} INFO - Processing /home/airflow/.local/lib/python3.7/site-packages/airflow/example_dags/example_branch_operator.py took 0.048 seconds
[2022-08-19 22:56:57,964] {processor.py:153} INFO - Started process (PID=516) to work on /home/airflow/.local/lib/python3.7/site-packages/airflow/example_dags/example_branch_operator.py
[2022-08-19 22:56:57,965] {processor.py:641} INFO - Processing file /home/airflow/.local/lib/python3.7/site-packages/airflow/example_dags/example_branch_operator.py for tasks to queue
[2022-08-19 22:56:57,967] {logging_mixin.py:115} INFO - [2022-08-19 22:56:57,966] {dagbag.py:508} INFO - Filling up the DagBag from /home/airflow/.local/lib/python3.7/site-packages/airflow/example_dags/example_branch_operator.py
[2022-08-19 22:56:57,974] {processor.py:651} INFO - DAG(s) dict_keys(['example_branch_operator']) retrieved from /home/airflow/.local/lib/python3.7/site-packages/airflow/example_dags/example_branch_operator.py
[2022-08-19 22:56:57,992] {logging_mixin.py:115} INFO - [2022-08-19 22:56:57,992] {dag.py:2420} INFO - Sync 1 DAGs
[2022-08-19 22:56:58,005] {logging_mixin.py:115} INFO - [2022-08-19 22:56:58,005] {dag.py:2972} INFO - Setting next_dagrun for example_branch_operator to 2022-08-18T00:00:00+00:00, run_after=2022-08-19T00:00:00+00:00
[2022-08-19 22:56:58,013] {processor.py:161} INFO - Processing /home/airflow/.local/lib/python3.7/site-packages/airflow/example_dags/example_branch_operator.py took 0.051 seconds
[2022-08-19 22:57:28,368] {processor.py:153} INFO - Started process (PID=585) to work on /home/airflow/.local/lib/python3.7/site-packages/airflow/example_dags/example_branch_operator.py
[2022-08-19 22:57:28,370] {processor.py:641} INFO - Processing file /home/airflow/.local/lib/python3.7/site-packages/airflow/example_dags/example_branch_operator.py for tasks to queue
[2022-08-19 22:57:28,371] {logging_mixin.py:115} INFO - [2022-08-19 22:57:28,371] {dagbag.py:508} INFO - Filling up the DagBag from /home/airflow/.local/lib/python3.7/site-packages/airflow/example_dags/example_branch_operator.py
[2022-08-19 22:57:28,378] {processor.py:651} INFO - DAG(s) dict_keys(['example_branch_operator']) retrieved from /home/airflow/.local/lib/python3.7/site-packages/airflow/example_dags/example_branch_operator.py
[2022-08-19 22:57:28,395] {logging_mixin.py:115} INFO - [2022-08-19 22:57:28,395] {dag.py:2420} INFO - Sync 1 DAGs
[2022-08-19 22:57:28,407] {logging_mixin.py:115} INFO - [2022-08-19 22:57:28,407] {dag.py:2972} INFO - Setting next_dagrun for example_branch_operator to 2022-08-18T00:00:00+00:00, run_after=2022-08-19T00:00:00+00:00
[2022-08-19 22:57:28,416] {processor.py:161} INFO - Processing /home/airflow/.local/lib/python3.7/site-packages/airflow/example_dags/example_branch_operator.py took 0.050 seconds
[2022-08-19 22:57:58,785] {processor.py:153} INFO - Started process (PID=651) to work on /home/airflow/.local/lib/python3.7/site-packages/airflow/example_dags/example_branch_operator.py
[2022-08-19 22:57:58,787] {processor.py:641} INFO - Processing file /home/airflow/.local/lib/python3.7/site-packages/airflow/example_dags/example_branch_operator.py for tasks to queue
[2022-08-19 22:57:58,788] {logging_mixin.py:115} INFO - [2022-08-19 22:57:58,788] {dagbag.py:508} INFO - Filling up the DagBag from /home/airflow/.local/lib/python3.7/site-packages/airflow/example_dags/example_branch_operator.py
[2022-08-19 22:57:58,803] {processor.py:651} INFO - DAG(s) dict_keys(['example_branch_operator']) retrieved from /home/airflow/.local/lib/python3.7/site-packages/airflow/example_dags/example_branch_operator.py
[2022-08-19 22:57:58,822] {logging_mixin.py:115} INFO - [2022-08-19 22:57:58,822] {dag.py:2420} INFO - Sync 1 DAGs
[2022-08-19 22:57:58,837] {logging_mixin.py:115} INFO - [2022-08-19 22:57:58,837] {dag.py:2972} INFO - Setting next_dagrun for example_branch_operator to 2022-08-18T00:00:00+00:00, run_after=2022-08-19T00:00:00+00:00
[2022-08-19 22:57:58,845] {processor.py:161} INFO - Processing /home/airflow/.local/lib/python3.7/site-packages/airflow/example_dags/example_branch_operator.py took 0.062 seconds
[2022-08-19 22:58:29,285] {processor.py:153} INFO - Started process (PID=707) to work on /home/airflow/.local/lib/python3.7/site-packages/airflow/example_dags/example_branch_operator.py
[2022-08-19 22:58:29,286] {processor.py:641} INFO - Processing file /home/airflow/.local/lib/python3.7/site-packages/airflow/example_dags/example_branch_operator.py for tasks to queue
[2022-08-19 22:58:29,288] {logging_mixin.py:115} INFO - [2022-08-19 22:58:29,287] {dagbag.py:508} INFO - Filling up the DagBag from /home/airflow/.local/lib/python3.7/site-packages/airflow/example_dags/example_branch_operator.py
[2022-08-19 22:58:29,295] {processor.py:651} INFO - DAG(s) dict_keys(['example_branch_operator']) retrieved from /home/airflow/.local/lib/python3.7/site-packages/airflow/example_dags/example_branch_operator.py
[2022-08-19 22:58:29,311] {logging_mixin.py:115} INFO - [2022-08-19 22:58:29,311] {dag.py:2420} INFO - Sync 1 DAGs
[2022-08-19 22:58:29,324] {logging_mixin.py:115} INFO - [2022-08-19 22:58:29,324] {dag.py:2972} INFO - Setting next_dagrun for example_branch_operator to 2022-08-18T00:00:00+00:00, run_after=2022-08-19T00:00:00+00:00
[2022-08-19 22:58:29,333] {processor.py:161} INFO - Processing /home/airflow/.local/lib/python3.7/site-packages/airflow/example_dags/example_branch_operator.py took 0.049 seconds
[2022-08-19 22:58:59,714] {processor.py:153} INFO - Started process (PID=773) to work on /home/airflow/.local/lib/python3.7/site-packages/airflow/example_dags/example_branch_operator.py
[2022-08-19 22:58:59,715] {processor.py:641} INFO - Processing file /home/airflow/.local/lib/python3.7/site-packages/airflow/example_dags/example_branch_operator.py for tasks to queue
[2022-08-19 22:58:59,716] {logging_mixin.py:115} INFO - [2022-08-19 22:58:59,716] {dagbag.py:508} INFO - Filling up the DagBag from /home/airflow/.local/lib/python3.7/site-packages/airflow/example_dags/example_branch_operator.py
[2022-08-19 22:58:59,724] {processor.py:651} INFO - DAG(s) dict_keys(['example_branch_operator']) retrieved from /home/airflow/.local/lib/python3.7/site-packages/airflow/example_dags/example_branch_operator.py
[2022-08-19 22:58:59,740] {logging_mixin.py:115} INFO - [2022-08-19 22:58:59,740] {dag.py:2420} INFO - Sync 1 DAGs
[2022-08-19 22:58:59,753] {logging_mixin.py:115} INFO - [2022-08-19 22:58:59,753] {dag.py:2972} INFO - Setting next_dagrun for example_branch_operator to 2022-08-18T00:00:00+00:00, run_after=2022-08-19T00:00:00+00:00
[2022-08-19 22:58:59,761] {processor.py:161} INFO - Processing /home/airflow/.local/lib/python3.7/site-packages/airflow/example_dags/example_branch_operator.py took 0.051 seconds
[2022-08-19 22:59:30,203] {processor.py:153} INFO - Started process (PID=839) to work on /home/airflow/.local/lib/python3.7/site-packages/airflow/example_dags/example_branch_operator.py
[2022-08-19 22:59:30,204] {processor.py:641} INFO - Processing file /home/airflow/.local/lib/python3.7/site-packages/airflow/example_dags/example_branch_operator.py for tasks to queue
[2022-08-19 22:59:30,205] {logging_mixin.py:115} INFO - [2022-08-19 22:59:30,205] {dagbag.py:508} INFO - Filling up the DagBag from /home/airflow/.local/lib/python3.7/site-packages/airflow/example_dags/example_branch_operator.py
[2022-08-19 22:59:30,213] {processor.py:651} INFO - DAG(s) dict_keys(['example_branch_operator']) retrieved from /home/airflow/.local/lib/python3.7/site-packages/airflow/example_dags/example_branch_operator.py
[2022-08-19 22:59:30,229] {logging_mixin.py:115} INFO - [2022-08-19 22:59:30,229] {dag.py:2420} INFO - Sync 1 DAGs
[2022-08-19 22:59:30,242] {logging_mixin.py:115} INFO - [2022-08-19 22:59:30,242] {dag.py:2972} INFO - Setting next_dagrun for example_branch_operator to 2022-08-18T00:00:00+00:00, run_after=2022-08-19T00:00:00+00:00
[2022-08-19 22:59:30,251] {processor.py:161} INFO - Processing /home/airflow/.local/lib/python3.7/site-packages/airflow/example_dags/example_branch_operator.py took 0.050 seconds
[2022-08-19 23:00:00,686] {processor.py:153} INFO - Started process (PID=907) to work on /home/airflow/.local/lib/python3.7/site-packages/airflow/example_dags/example_branch_operator.py
[2022-08-19 23:00:00,687] {processor.py:641} INFO - Processing file /home/airflow/.local/lib/python3.7/site-packages/airflow/example_dags/example_branch_operator.py for tasks to queue
[2022-08-19 23:00:00,688] {logging_mixin.py:115} INFO - [2022-08-19 23:00:00,688] {dagbag.py:508} INFO - Filling up the DagBag from /home/airflow/.local/lib/python3.7/site-packages/airflow/example_dags/example_branch_operator.py
[2022-08-19 23:00:00,696] {processor.py:651} INFO - DAG(s) dict_keys(['example_branch_operator']) retrieved from /home/airflow/.local/lib/python3.7/site-packages/airflow/example_dags/example_branch_operator.py
[2022-08-19 23:00:00,713] {logging_mixin.py:115} INFO - [2022-08-19 23:00:00,713] {dag.py:2420} INFO - Sync 1 DAGs
[2022-08-19 23:00:00,727] {logging_mixin.py:115} INFO - [2022-08-19 23:00:00,727] {dag.py:2972} INFO - Setting next_dagrun for example_branch_operator to 2022-08-18T00:00:00+00:00, run_after=2022-08-19T00:00:00+00:00
[2022-08-19 23:00:00,734] {processor.py:161} INFO - Processing /home/airflow/.local/lib/python3.7/site-packages/airflow/example_dags/example_branch_operator.py took 0.050 seconds
[2022-08-19 23:00:31,133] {processor.py:153} INFO - Started process (PID=973) to work on /home/airflow/.local/lib/python3.7/site-packages/airflow/example_dags/example_branch_operator.py
[2022-08-19 23:00:31,134] {processor.py:641} INFO - Processing file /home/airflow/.local/lib/python3.7/site-packages/airflow/example_dags/example_branch_operator.py for tasks to queue
[2022-08-19 23:00:31,136] {logging_mixin.py:115} INFO - [2022-08-19 23:00:31,136] {dagbag.py:508} INFO - Filling up the DagBag from /home/airflow/.local/lib/python3.7/site-packages/airflow/example_dags/example_branch_operator.py
[2022-08-19 23:00:31,143] {processor.py:651} INFO - DAG(s) dict_keys(['example_branch_operator']) retrieved from /home/airflow/.local/lib/python3.7/site-packages/airflow/example_dags/example_branch_operator.py
[2022-08-19 23:00:31,160] {logging_mixin.py:115} INFO - [2022-08-19 23:00:31,160] {dag.py:2420} INFO - Sync 1 DAGs
[2022-08-19 23:00:31,174] {logging_mixin.py:115} INFO - [2022-08-19 23:00:31,174] {dag.py:2972} INFO - Setting next_dagrun for example_branch_operator to 2022-08-18T00:00:00+00:00, run_after=2022-08-19T00:00:00+00:00
[2022-08-19 23:00:31,185] {processor.py:161} INFO - Processing /home/airflow/.local/lib/python3.7/site-packages/airflow/example_dags/example_branch_operator.py took 0.054 seconds
[2022-08-19 23:01:01,515] {processor.py:153} INFO - Started process (PID=1043) to work on /home/airflow/.local/lib/python3.7/site-packages/airflow/example_dags/example_branch_operator.py
[2022-08-19 23:01:01,516] {processor.py:641} INFO - Processing file /home/airflow/.local/lib/python3.7/site-packages/airflow/example_dags/example_branch_operator.py for tasks to queue
[2022-08-19 23:01:01,517] {logging_mixin.py:115} INFO - [2022-08-19 23:01:01,517] {dagbag.py:508} INFO - Filling up the DagBag from /home/airflow/.local/lib/python3.7/site-packages/airflow/example_dags/example_branch_operator.py
[2022-08-19 23:01:01,525] {processor.py:651} INFO - DAG(s) dict_keys(['example_branch_operator']) retrieved from /home/airflow/.local/lib/python3.7/site-packages/airflow/example_dags/example_branch_operator.py
[2022-08-19 23:01:01,541] {logging_mixin.py:115} INFO - [2022-08-19 23:01:01,541] {dag.py:2420} INFO - Sync 1 DAGs
[2022-08-19 23:01:01,554] {logging_mixin.py:115} INFO - [2022-08-19 23:01:01,554] {dag.py:2972} INFO - Setting next_dagrun for example_branch_operator to 2022-08-18T00:00:00+00:00, run_after=2022-08-19T00:00:00+00:00
[2022-08-19 23:01:01,566] {processor.py:161} INFO - Processing /home/airflow/.local/lib/python3.7/site-packages/airflow/example_dags/example_branch_operator.py took 0.053 seconds
[2022-08-19 23:01:32,024] {processor.py:153} INFO - Started process (PID=1097) to work on /home/airflow/.local/lib/python3.7/site-packages/airflow/example_dags/example_branch_operator.py
[2022-08-19 23:01:32,025] {processor.py:641} INFO - Processing file /home/airflow/.local/lib/python3.7/site-packages/airflow/example_dags/example_branch_operator.py for tasks to queue
[2022-08-19 23:01:32,026] {logging_mixin.py:115} INFO - [2022-08-19 23:01:32,026] {dagbag.py:508} INFO - Filling up the DagBag from /home/airflow/.local/lib/python3.7/site-packages/airflow/example_dags/example_branch_operator.py
[2022-08-19 23:01:32,033] {processor.py:651} INFO - DAG(s) dict_keys(['example_branch_operator']) retrieved from /home/airflow/.local/lib/python3.7/site-packages/airflow/example_dags/example_branch_operator.py
[2022-08-19 23:01:32,050] {logging_mixin.py:115} INFO - [2022-08-19 23:01:32,050] {dag.py:2420} INFO - Sync 1 DAGs
[2022-08-19 23:01:32,064] {logging_mixin.py:115} INFO - [2022-08-19 23:01:32,064] {dag.py:2972} INFO - Setting next_dagrun for example_branch_operator to 2022-08-18T00:00:00+00:00, run_after=2022-08-19T00:00:00+00:00
[2022-08-19 23:01:32,071] {processor.py:161} INFO - Processing /home/airflow/.local/lib/python3.7/site-packages/airflow/example_dags/example_branch_operator.py took 0.050 seconds
[2022-08-19 23:02:02,479] {processor.py:153} INFO - Started process (PID=1163) to work on /home/airflow/.local/lib/python3.7/site-packages/airflow/example_dags/example_branch_operator.py
[2022-08-19 23:02:02,480] {processor.py:641} INFO - Processing file /home/airflow/.local/lib/python3.7/site-packages/airflow/example_dags/example_branch_operator.py for tasks to queue
[2022-08-19 23:02:02,481] {logging_mixin.py:115} INFO - [2022-08-19 23:02:02,481] {dagbag.py:508} INFO - Filling up the DagBag from /home/airflow/.local/lib/python3.7/site-packages/airflow/example_dags/example_branch_operator.py
[2022-08-19 23:02:02,488] {processor.py:651} INFO - DAG(s) dict_keys(['example_branch_operator']) retrieved from /home/airflow/.local/lib/python3.7/site-packages/airflow/example_dags/example_branch_operator.py
[2022-08-19 23:02:02,504] {logging_mixin.py:115} INFO - [2022-08-19 23:02:02,504] {dag.py:2420} INFO - Sync 1 DAGs
[2022-08-19 23:02:02,517] {logging_mixin.py:115} INFO - [2022-08-19 23:02:02,517] {dag.py:2972} INFO - Setting next_dagrun for example_branch_operator to 2022-08-18T00:00:00+00:00, run_after=2022-08-19T00:00:00+00:00
[2022-08-19 23:02:02,525] {processor.py:161} INFO - Processing /home/airflow/.local/lib/python3.7/site-packages/airflow/example_dags/example_branch_operator.py took 0.049 seconds
[2022-08-19 23:02:32,929] {processor.py:153} INFO - Started process (PID=1225) to work on /home/airflow/.local/lib/python3.7/site-packages/airflow/example_dags/example_branch_operator.py
[2022-08-19 23:02:32,930] {processor.py:641} INFO - Processing file /home/airflow/.local/lib/python3.7/site-packages/airflow/example_dags/example_branch_operator.py for tasks to queue
[2022-08-19 23:02:32,931] {logging_mixin.py:115} INFO - [2022-08-19 23:02:32,931] {dagbag.py:508} INFO - Filling up the DagBag from /home/airflow/.local/lib/python3.7/site-packages/airflow/example_dags/example_branch_operator.py
[2022-08-19 23:02:32,939] {processor.py:651} INFO - DAG(s) dict_keys(['example_branch_operator']) retrieved from /home/airflow/.local/lib/python3.7/site-packages/airflow/example_dags/example_branch_operator.py
[2022-08-19 23:02:32,956] {logging_mixin.py:115} INFO - [2022-08-19 23:02:32,956] {dag.py:2420} INFO - Sync 1 DAGs
[2022-08-19 23:02:32,970] {logging_mixin.py:115} INFO - [2022-08-19 23:02:32,970] {dag.py:2972} INFO - Setting next_dagrun for example_branch_operator to 2022-08-18T00:00:00+00:00, run_after=2022-08-19T00:00:00+00:00
[2022-08-19 23:02:32,979] {processor.py:161} INFO - Processing /home/airflow/.local/lib/python3.7/site-packages/airflow/example_dags/example_branch_operator.py took 0.052 seconds
[2022-08-19 23:03:03,333] {processor.py:153} INFO - Started process (PID=1290) to work on /home/airflow/.local/lib/python3.7/site-packages/airflow/example_dags/example_branch_operator.py
[2022-08-19 23:03:03,334] {processor.py:641} INFO - Processing file /home/airflow/.local/lib/python3.7/site-packages/airflow/example_dags/example_branch_operator.py for tasks to queue
[2022-08-19 23:03:03,335] {logging_mixin.py:115} INFO - [2022-08-19 23:03:03,335] {dagbag.py:508} INFO - Filling up the DagBag from /home/airflow/.local/lib/python3.7/site-packages/airflow/example_dags/example_branch_operator.py
[2022-08-19 23:03:03,342] {processor.py:651} INFO - DAG(s) dict_keys(['example_branch_operator']) retrieved from /home/airflow/.local/lib/python3.7/site-packages/airflow/example_dags/example_branch_operator.py
[2022-08-19 23:03:03,359] {logging_mixin.py:115} INFO - [2022-08-19 23:03:03,359] {dag.py:2420} INFO - Sync 1 DAGs
[2022-08-19 23:03:03,377] {logging_mixin.py:115} INFO - [2022-08-19 23:03:03,377] {dag.py:2972} INFO - Setting next_dagrun for example_branch_operator to 2022-08-18T00:00:00+00:00, run_after=2022-08-19T00:00:00+00:00
[2022-08-19 23:03:03,384] {processor.py:161} INFO - Processing /home/airflow/.local/lib/python3.7/site-packages/airflow/example_dags/example_branch_operator.py took 0.053 seconds
[2022-08-19 23:03:33,818] {processor.py:153} INFO - Started process (PID=1357) to work on /home/airflow/.local/lib/python3.7/site-packages/airflow/example_dags/example_branch_operator.py
[2022-08-19 23:03:33,819] {processor.py:641} INFO - Processing file /home/airflow/.local/lib/python3.7/site-packages/airflow/example_dags/example_branch_operator.py for tasks to queue
[2022-08-19 23:03:33,821] {logging_mixin.py:115} INFO - [2022-08-19 23:03:33,820] {dagbag.py:508} INFO - Filling up the DagBag from /home/airflow/.local/lib/python3.7/site-packages/airflow/example_dags/example_branch_operator.py
[2022-08-19 23:03:33,828] {processor.py:651} INFO - DAG(s) dict_keys(['example_branch_operator']) retrieved from /home/airflow/.local/lib/python3.7/site-packages/airflow/example_dags/example_branch_operator.py
[2022-08-19 23:03:33,844] {logging_mixin.py:115} INFO - [2022-08-19 23:03:33,844] {dag.py:2420} INFO - Sync 1 DAGs
[2022-08-19 23:03:33,856] {logging_mixin.py:115} INFO - [2022-08-19 23:03:33,856] {dag.py:2972} INFO - Setting next_dagrun for example_branch_operator to 2022-08-18T00:00:00+00:00, run_after=2022-08-19T00:00:00+00:00
[2022-08-19 23:03:33,864] {processor.py:161} INFO - Processing /home/airflow/.local/lib/python3.7/site-packages/airflow/example_dags/example_branch_operator.py took 0.047 seconds
[2022-08-19 23:04:04,048] {processor.py:153} INFO - Started process (PID=1433) to work on /home/airflow/.local/lib/python3.7/site-packages/airflow/example_dags/example_branch_operator.py
[2022-08-19 23:04:04,049] {processor.py:641} INFO - Processing file /home/airflow/.local/lib/python3.7/site-packages/airflow/example_dags/example_branch_operator.py for tasks to queue
[2022-08-19 23:04:04,050] {logging_mixin.py:115} INFO - [2022-08-19 23:04:04,050] {dagbag.py:508} INFO - Filling up the DagBag from /home/airflow/.local/lib/python3.7/site-packages/airflow/example_dags/example_branch_operator.py
[2022-08-19 23:04:04,059] {processor.py:651} INFO - DAG(s) dict_keys(['example_branch_operator']) retrieved from /home/airflow/.local/lib/python3.7/site-packages/airflow/example_dags/example_branch_operator.py
[2022-08-19 23:04:04,077] {logging_mixin.py:115} INFO - [2022-08-19 23:04:04,077] {dag.py:2420} INFO - Sync 1 DAGs
[2022-08-19 23:04:04,092] {logging_mixin.py:115} INFO - [2022-08-19 23:04:04,092] {dag.py:2972} INFO - Setting next_dagrun for example_branch_operator to 2022-08-18T00:00:00+00:00, run_after=2022-08-19T00:00:00+00:00
[2022-08-19 23:04:04,107] {processor.py:161} INFO - Processing /home/airflow/.local/lib/python3.7/site-packages/airflow/example_dags/example_branch_operator.py took 0.062 seconds
[2022-08-19 23:04:34,640] {processor.py:153} INFO - Started process (PID=1494) to work on /home/airflow/.local/lib/python3.7/site-packages/airflow/example_dags/example_branch_operator.py
[2022-08-19 23:04:34,641] {processor.py:641} INFO - Processing file /home/airflow/.local/lib/python3.7/site-packages/airflow/example_dags/example_branch_operator.py for tasks to queue
[2022-08-19 23:04:34,642] {logging_mixin.py:115} INFO - [2022-08-19 23:04:34,642] {dagbag.py:508} INFO - Filling up the DagBag from /home/airflow/.local/lib/python3.7/site-packages/airflow/example_dags/example_branch_operator.py
[2022-08-19 23:04:34,650] {processor.py:651} INFO - DAG(s) dict_keys(['example_branch_operator']) retrieved from /home/airflow/.local/lib/python3.7/site-packages/airflow/example_dags/example_branch_operator.py
[2022-08-19 23:04:34,668] {logging_mixin.py:115} INFO - [2022-08-19 23:04:34,668] {dag.py:2420} INFO - Sync 1 DAGs
[2022-08-19 23:04:34,682] {logging_mixin.py:115} INFO - [2022-08-19 23:04:34,682] {dag.py:2972} INFO - Setting next_dagrun for example_branch_operator to 2022-08-18T00:00:00+00:00, run_after=2022-08-19T00:00:00+00:00
[2022-08-19 23:04:34,688] {processor.py:161} INFO - Processing /home/airflow/.local/lib/python3.7/site-packages/airflow/example_dags/example_branch_operator.py took 0.050 seconds
[2022-08-19 23:05:05,304] {processor.py:153} INFO - Started process (PID=1562) to work on /home/airflow/.local/lib/python3.7/site-packages/airflow/example_dags/example_branch_operator.py
[2022-08-19 23:05:05,306] {processor.py:641} INFO - Processing file /home/airflow/.local/lib/python3.7/site-packages/airflow/example_dags/example_branch_operator.py for tasks to queue
[2022-08-19 23:05:05,307] {logging_mixin.py:115} INFO - [2022-08-19 23:05:05,307] {dagbag.py:508} INFO - Filling up the DagBag from /home/airflow/.local/lib/python3.7/site-packages/airflow/example_dags/example_branch_operator.py
[2022-08-19 23:05:05,315] {processor.py:651} INFO - DAG(s) dict_keys(['example_branch_operator']) retrieved from /home/airflow/.local/lib/python3.7/site-packages/airflow/example_dags/example_branch_operator.py
[2022-08-19 23:05:05,331] {logging_mixin.py:115} INFO - [2022-08-19 23:05:05,331] {dag.py:2420} INFO - Sync 1 DAGs
[2022-08-19 23:05:05,346] {logging_mixin.py:115} INFO - [2022-08-19 23:05:05,346] {dag.py:2972} INFO - Setting next_dagrun for example_branch_operator to 2022-08-18T00:00:00+00:00, run_after=2022-08-19T00:00:00+00:00
[2022-08-19 23:05:05,354] {processor.py:161} INFO - Processing /home/airflow/.local/lib/python3.7/site-packages/airflow/example_dags/example_branch_operator.py took 0.052 seconds
[2022-08-19 23:05:35,853] {processor.py:153} INFO - Started process (PID=1632) to work on /home/airflow/.local/lib/python3.7/site-packages/airflow/example_dags/example_branch_operator.py
[2022-08-19 23:05:35,854] {processor.py:641} INFO - Processing file /home/airflow/.local/lib/python3.7/site-packages/airflow/example_dags/example_branch_operator.py for tasks to queue
[2022-08-19 23:05:35,855] {logging_mixin.py:115} INFO - [2022-08-19 23:05:35,855] {dagbag.py:508} INFO - Filling up the DagBag from /home/airflow/.local/lib/python3.7/site-packages/airflow/example_dags/example_branch_operator.py
[2022-08-19 23:05:35,863] {processor.py:651} INFO - DAG(s) dict_keys(['example_branch_operator']) retrieved from /home/airflow/.local/lib/python3.7/site-packages/airflow/example_dags/example_branch_operator.py
[2022-08-19 23:05:35,879] {logging_mixin.py:115} INFO - [2022-08-19 23:05:35,879] {dag.py:2420} INFO - Sync 1 DAGs
[2022-08-19 23:05:35,892] {logging_mixin.py:115} INFO - [2022-08-19 23:05:35,892] {dag.py:2972} INFO - Setting next_dagrun for example_branch_operator to 2022-08-18T00:00:00+00:00, run_after=2022-08-19T00:00:00+00:00
[2022-08-19 23:05:35,900] {processor.py:161} INFO - Processing /home/airflow/.local/lib/python3.7/site-packages/airflow/example_dags/example_branch_operator.py took 0.049 seconds
[2022-08-19 23:06:06,637] {processor.py:153} INFO - Started process (PID=1723) to work on /home/airflow/.local/lib/python3.7/site-packages/airflow/example_dags/example_branch_operator.py
[2022-08-19 23:06:06,639] {processor.py:641} INFO - Processing file /home/airflow/.local/lib/python3.7/site-packages/airflow/example_dags/example_branch_operator.py for tasks to queue
[2022-08-19 23:06:06,640] {logging_mixin.py:115} INFO - [2022-08-19 23:06:06,640] {dagbag.py:508} INFO - Filling up the DagBag from /home/airflow/.local/lib/python3.7/site-packages/airflow/example_dags/example_branch_operator.py
[2022-08-19 23:06:06,659] {processor.py:651} INFO - DAG(s) dict_keys(['example_branch_operator']) retrieved from /home/airflow/.local/lib/python3.7/site-packages/airflow/example_dags/example_branch_operator.py
[2022-08-19 23:06:06,691] {logging_mixin.py:115} INFO - [2022-08-19 23:06:06,691] {dag.py:2420} INFO - Sync 1 DAGs
[2022-08-19 23:06:06,742] {logging_mixin.py:115} INFO - [2022-08-19 23:06:06,742] {dag.py:2972} INFO - Setting next_dagrun for example_branch_operator to 2022-08-18T00:00:00+00:00, run_after=2022-08-19T00:00:00+00:00
[2022-08-19 23:06:06,767] {processor.py:161} INFO - Processing /home/airflow/.local/lib/python3.7/site-packages/airflow/example_dags/example_branch_operator.py took 0.132 seconds
[2022-08-19 23:06:37,197] {processor.py:153} INFO - Started process (PID=1843) to work on /home/airflow/.local/lib/python3.7/site-packages/airflow/example_dags/example_branch_operator.py
[2022-08-19 23:06:37,199] {processor.py:641} INFO - Processing file /home/airflow/.local/lib/python3.7/site-packages/airflow/example_dags/example_branch_operator.py for tasks to queue
[2022-08-19 23:06:37,201] {logging_mixin.py:115} INFO - [2022-08-19 23:06:37,201] {dagbag.py:508} INFO - Filling up the DagBag from /home/airflow/.local/lib/python3.7/site-packages/airflow/example_dags/example_branch_operator.py
[2022-08-19 23:06:37,214] {processor.py:651} INFO - DAG(s) dict_keys(['example_branch_operator']) retrieved from /home/airflow/.local/lib/python3.7/site-packages/airflow/example_dags/example_branch_operator.py
[2022-08-19 23:06:37,245] {logging_mixin.py:115} INFO - [2022-08-19 23:06:37,244] {dag.py:2420} INFO - Sync 1 DAGs
[2022-08-19 23:06:37,270] {logging_mixin.py:115} INFO - [2022-08-19 23:06:37,269] {dag.py:2972} INFO - Setting next_dagrun for example_branch_operator to 2022-08-18T00:00:00+00:00, run_after=2022-08-19T00:00:00+00:00
[2022-08-19 23:06:37,279] {processor.py:161} INFO - Processing /home/airflow/.local/lib/python3.7/site-packages/airflow/example_dags/example_branch_operator.py took 0.084 seconds
[2022-08-19 23:07:07,393] {processor.py:153} INFO - Started process (PID=1971) to work on /home/airflow/.local/lib/python3.7/site-packages/airflow/example_dags/example_branch_operator.py
[2022-08-19 23:07:07,394] {processor.py:641} INFO - Processing file /home/airflow/.local/lib/python3.7/site-packages/airflow/example_dags/example_branch_operator.py for tasks to queue
[2022-08-19 23:07:07,395] {logging_mixin.py:115} INFO - [2022-08-19 23:07:07,395] {dagbag.py:508} INFO - Filling up the DagBag from /home/airflow/.local/lib/python3.7/site-packages/airflow/example_dags/example_branch_operator.py
[2022-08-19 23:07:07,404] {processor.py:651} INFO - DAG(s) dict_keys(['example_branch_operator']) retrieved from /home/airflow/.local/lib/python3.7/site-packages/airflow/example_dags/example_branch_operator.py
[2022-08-19 23:07:07,424] {logging_mixin.py:115} INFO - [2022-08-19 23:07:07,424] {dag.py:2420} INFO - Sync 1 DAGs
[2022-08-19 23:07:07,438] {logging_mixin.py:115} INFO - [2022-08-19 23:07:07,438] {dag.py:2972} INFO - Setting next_dagrun for example_branch_operator to 2022-08-18T00:00:00+00:00, run_after=2022-08-19T00:00:00+00:00
[2022-08-19 23:07:07,447] {processor.py:161} INFO - Processing /home/airflow/.local/lib/python3.7/site-packages/airflow/example_dags/example_branch_operator.py took 0.057 seconds
[2022-08-19 23:07:38,680] {processor.py:153} INFO - Started process (PID=2105) to work on /home/airflow/.local/lib/python3.7/site-packages/airflow/example_dags/example_branch_operator.py
[2022-08-19 23:07:38,683] {processor.py:641} INFO - Processing file /home/airflow/.local/lib/python3.7/site-packages/airflow/example_dags/example_branch_operator.py for tasks to queue
[2022-08-19 23:07:38,684] {logging_mixin.py:115} INFO - [2022-08-19 23:07:38,684] {dagbag.py:508} INFO - Filling up the DagBag from /home/airflow/.local/lib/python3.7/site-packages/airflow/example_dags/example_branch_operator.py
[2022-08-19 23:07:38,700] {processor.py:651} INFO - DAG(s) dict_keys(['example_branch_operator']) retrieved from /home/airflow/.local/lib/python3.7/site-packages/airflow/example_dags/example_branch_operator.py
[2022-08-19 23:07:38,748] {logging_mixin.py:115} INFO - [2022-08-19 23:07:38,747] {dag.py:2420} INFO - Sync 1 DAGs
[2022-08-19 23:07:38,769] {logging_mixin.py:115} INFO - [2022-08-19 23:07:38,769] {dag.py:2972} INFO - Setting next_dagrun for example_branch_operator to 2022-08-18T00:00:00+00:00, run_after=2022-08-19T00:00:00+00:00
[2022-08-19 23:07:38,785] {processor.py:161} INFO - Processing /home/airflow/.local/lib/python3.7/site-packages/airflow/example_dags/example_branch_operator.py took 0.107 seconds
[2022-08-19 23:08:09,662] {processor.py:153} INFO - Started process (PID=2225) to work on /home/airflow/.local/lib/python3.7/site-packages/airflow/example_dags/example_branch_operator.py
[2022-08-19 23:08:09,663] {processor.py:641} INFO - Processing file /home/airflow/.local/lib/python3.7/site-packages/airflow/example_dags/example_branch_operator.py for tasks to queue
[2022-08-19 23:08:09,667] {logging_mixin.py:115} INFO - [2022-08-19 23:08:09,667] {dagbag.py:508} INFO - Filling up the DagBag from /home/airflow/.local/lib/python3.7/site-packages/airflow/example_dags/example_branch_operator.py
[2022-08-19 23:08:09,684] {processor.py:651} INFO - DAG(s) dict_keys(['example_branch_operator']) retrieved from /home/airflow/.local/lib/python3.7/site-packages/airflow/example_dags/example_branch_operator.py
[2022-08-19 23:08:09,718] {logging_mixin.py:115} INFO - [2022-08-19 23:08:09,718] {dag.py:2420} INFO - Sync 1 DAGs
[2022-08-19 23:08:09,737] {logging_mixin.py:115} INFO - [2022-08-19 23:08:09,737] {dag.py:2972} INFO - Setting next_dagrun for example_branch_operator to 2022-08-18T00:00:00+00:00, run_after=2022-08-19T00:00:00+00:00
[2022-08-19 23:08:09,750] {processor.py:161} INFO - Processing /home/airflow/.local/lib/python3.7/site-packages/airflow/example_dags/example_branch_operator.py took 0.091 seconds
[2022-08-19 23:08:40,161] {processor.py:153} INFO - Started process (PID=2343) to work on /home/airflow/.local/lib/python3.7/site-packages/airflow/example_dags/example_branch_operator.py
[2022-08-19 23:08:40,161] {processor.py:641} INFO - Processing file /home/airflow/.local/lib/python3.7/site-packages/airflow/example_dags/example_branch_operator.py for tasks to queue
[2022-08-19 23:08:40,162] {logging_mixin.py:115} INFO - [2022-08-19 23:08:40,162] {dagbag.py:508} INFO - Filling up the DagBag from /home/airflow/.local/lib/python3.7/site-packages/airflow/example_dags/example_branch_operator.py
[2022-08-19 23:08:40,170] {processor.py:651} INFO - DAG(s) dict_keys(['example_branch_operator']) retrieved from /home/airflow/.local/lib/python3.7/site-packages/airflow/example_dags/example_branch_operator.py
[2022-08-19 23:08:40,188] {logging_mixin.py:115} INFO - [2022-08-19 23:08:40,188] {dag.py:2420} INFO - Sync 1 DAGs
[2022-08-19 23:08:40,201] {logging_mixin.py:115} INFO - [2022-08-19 23:08:40,201] {dag.py:2972} INFO - Setting next_dagrun for example_branch_operator to 2022-08-18T00:00:00+00:00, run_after=2022-08-19T00:00:00+00:00
[2022-08-19 23:08:40,209] {processor.py:161} INFO - Processing /home/airflow/.local/lib/python3.7/site-packages/airflow/example_dags/example_branch_operator.py took 0.050 seconds
[2022-08-19 23:09:10,621] {processor.py:153} INFO - Started process (PID=2473) to work on /home/airflow/.local/lib/python3.7/site-packages/airflow/example_dags/example_branch_operator.py
[2022-08-19 23:09:10,626] {processor.py:641} INFO - Processing file /home/airflow/.local/lib/python3.7/site-packages/airflow/example_dags/example_branch_operator.py for tasks to queue
[2022-08-19 23:09:10,628] {logging_mixin.py:115} INFO - [2022-08-19 23:09:10,628] {dagbag.py:508} INFO - Filling up the DagBag from /home/airflow/.local/lib/python3.7/site-packages/airflow/example_dags/example_branch_operator.py
[2022-08-19 23:09:10,647] {processor.py:651} INFO - DAG(s) dict_keys(['example_branch_operator']) retrieved from /home/airflow/.local/lib/python3.7/site-packages/airflow/example_dags/example_branch_operator.py
[2022-08-19 23:09:10,675] {logging_mixin.py:115} INFO - [2022-08-19 23:09:10,675] {dag.py:2420} INFO - Sync 1 DAGs
[2022-08-19 23:09:10,693] {logging_mixin.py:115} INFO - [2022-08-19 23:09:10,693] {dag.py:2972} INFO - Setting next_dagrun for example_branch_operator to 2022-08-18T00:00:00+00:00, run_after=2022-08-19T00:00:00+00:00
[2022-08-19 23:09:10,705] {processor.py:161} INFO - Processing /home/airflow/.local/lib/python3.7/site-packages/airflow/example_dags/example_branch_operator.py took 0.087 seconds
[2022-08-19 23:09:41,030] {processor.py:153} INFO - Started process (PID=2594) to work on /home/airflow/.local/lib/python3.7/site-packages/airflow/example_dags/example_branch_operator.py
[2022-08-19 23:09:41,031] {processor.py:641} INFO - Processing file /home/airflow/.local/lib/python3.7/site-packages/airflow/example_dags/example_branch_operator.py for tasks to queue
[2022-08-19 23:09:41,032] {logging_mixin.py:115} INFO - [2022-08-19 23:09:41,032] {dagbag.py:508} INFO - Filling up the DagBag from /home/airflow/.local/lib/python3.7/site-packages/airflow/example_dags/example_branch_operator.py
[2022-08-19 23:09:41,043] {processor.py:651} INFO - DAG(s) dict_keys(['example_branch_operator']) retrieved from /home/airflow/.local/lib/python3.7/site-packages/airflow/example_dags/example_branch_operator.py
[2022-08-19 23:09:41,083] {logging_mixin.py:115} INFO - [2022-08-19 23:09:41,082] {dag.py:2420} INFO - Sync 1 DAGs
[2022-08-19 23:09:41,101] {logging_mixin.py:115} INFO - [2022-08-19 23:09:41,101] {dag.py:2972} INFO - Setting next_dagrun for example_branch_operator to 2022-08-18T00:00:00+00:00, run_after=2022-08-19T00:00:00+00:00
[2022-08-19 23:09:41,111] {processor.py:161} INFO - Processing /home/airflow/.local/lib/python3.7/site-packages/airflow/example_dags/example_branch_operator.py took 0.084 seconds
[2022-08-19 23:10:11,215] {processor.py:153} INFO - Started process (PID=2726) to work on /home/airflow/.local/lib/python3.7/site-packages/airflow/example_dags/example_branch_operator.py
[2022-08-19 23:10:11,216] {processor.py:641} INFO - Processing file /home/airflow/.local/lib/python3.7/site-packages/airflow/example_dags/example_branch_operator.py for tasks to queue
[2022-08-19 23:10:11,217] {logging_mixin.py:115} INFO - [2022-08-19 23:10:11,217] {dagbag.py:508} INFO - Filling up the DagBag from /home/airflow/.local/lib/python3.7/site-packages/airflow/example_dags/example_branch_operator.py
[2022-08-19 23:10:11,227] {processor.py:651} INFO - DAG(s) dict_keys(['example_branch_operator']) retrieved from /home/airflow/.local/lib/python3.7/site-packages/airflow/example_dags/example_branch_operator.py
[2022-08-19 23:10:11,263] {logging_mixin.py:115} INFO - [2022-08-19 23:10:11,263] {dag.py:2420} INFO - Sync 1 DAGs
[2022-08-19 23:10:11,283] {logging_mixin.py:115} INFO - [2022-08-19 23:10:11,283] {dag.py:2972} INFO - Setting next_dagrun for example_branch_operator to 2022-08-18T00:00:00+00:00, run_after=2022-08-19T00:00:00+00:00
[2022-08-19 23:10:11,297] {processor.py:161} INFO - Processing /home/airflow/.local/lib/python3.7/site-packages/airflow/example_dags/example_branch_operator.py took 0.085 seconds
[2022-08-19 23:10:41,738] {processor.py:153} INFO - Started process (PID=2865) to work on /home/airflow/.local/lib/python3.7/site-packages/airflow/example_dags/example_branch_operator.py
[2022-08-19 23:10:41,742] {processor.py:641} INFO - Processing file /home/airflow/.local/lib/python3.7/site-packages/airflow/example_dags/example_branch_operator.py for tasks to queue
[2022-08-19 23:10:41,745] {logging_mixin.py:115} INFO - [2022-08-19 23:10:41,745] {dagbag.py:508} INFO - Filling up the DagBag from /home/airflow/.local/lib/python3.7/site-packages/airflow/example_dags/example_branch_operator.py
[2022-08-19 23:10:41,761] {processor.py:651} INFO - DAG(s) dict_keys(['example_branch_operator']) retrieved from /home/airflow/.local/lib/python3.7/site-packages/airflow/example_dags/example_branch_operator.py
[2022-08-19 23:10:41,791] {logging_mixin.py:115} INFO - [2022-08-19 23:10:41,791] {dag.py:2420} INFO - Sync 1 DAGs
[2022-08-19 23:10:41,812] {logging_mixin.py:115} INFO - [2022-08-19 23:10:41,812] {dag.py:2972} INFO - Setting next_dagrun for example_branch_operator to 2022-08-18T00:00:00+00:00, run_after=2022-08-19T00:00:00+00:00
[2022-08-19 23:10:41,822] {processor.py:161} INFO - Processing /home/airflow/.local/lib/python3.7/site-packages/airflow/example_dags/example_branch_operator.py took 0.087 seconds
[2022-08-19 23:11:11,889] {processor.py:153} INFO - Started process (PID=2972) to work on /home/airflow/.local/lib/python3.7/site-packages/airflow/example_dags/example_branch_operator.py
[2022-08-19 23:11:11,891] {processor.py:641} INFO - Processing file /home/airflow/.local/lib/python3.7/site-packages/airflow/example_dags/example_branch_operator.py for tasks to queue
[2022-08-19 23:11:11,892] {logging_mixin.py:115} INFO - [2022-08-19 23:11:11,892] {dagbag.py:508} INFO - Filling up the DagBag from /home/airflow/.local/lib/python3.7/site-packages/airflow/example_dags/example_branch_operator.py
[2022-08-19 23:11:11,899] {processor.py:651} INFO - DAG(s) dict_keys(['example_branch_operator']) retrieved from /home/airflow/.local/lib/python3.7/site-packages/airflow/example_dags/example_branch_operator.py
[2022-08-19 23:11:11,916] {logging_mixin.py:115} INFO - [2022-08-19 23:11:11,915] {dag.py:2420} INFO - Sync 1 DAGs
[2022-08-19 23:11:11,929] {logging_mixin.py:115} INFO - [2022-08-19 23:11:11,929] {dag.py:2972} INFO - Setting next_dagrun for example_branch_operator to 2022-08-18T00:00:00+00:00, run_after=2022-08-19T00:00:00+00:00
[2022-08-19 23:11:11,935] {processor.py:161} INFO - Processing /home/airflow/.local/lib/python3.7/site-packages/airflow/example_dags/example_branch_operator.py took 0.048 seconds
[2022-08-19 23:11:42,162] {processor.py:153} INFO - Started process (PID=3093) to work on /home/airflow/.local/lib/python3.7/site-packages/airflow/example_dags/example_branch_operator.py
[2022-08-19 23:11:42,165] {processor.py:641} INFO - Processing file /home/airflow/.local/lib/python3.7/site-packages/airflow/example_dags/example_branch_operator.py for tasks to queue
[2022-08-19 23:11:42,168] {logging_mixin.py:115} INFO - [2022-08-19 23:11:42,167] {dagbag.py:508} INFO - Filling up the DagBag from /home/airflow/.local/lib/python3.7/site-packages/airflow/example_dags/example_branch_operator.py
[2022-08-19 23:11:42,180] {processor.py:651} INFO - DAG(s) dict_keys(['example_branch_operator']) retrieved from /home/airflow/.local/lib/python3.7/site-packages/airflow/example_dags/example_branch_operator.py
[2022-08-19 23:11:42,239] {logging_mixin.py:115} INFO - [2022-08-19 23:11:42,239] {dag.py:2420} INFO - Sync 1 DAGs
[2022-08-19 23:11:42,263] {logging_mixin.py:115} INFO - [2022-08-19 23:11:42,262] {dag.py:2972} INFO - Setting next_dagrun for example_branch_operator to 2022-08-18T00:00:00+00:00, run_after=2022-08-19T00:00:00+00:00
[2022-08-19 23:11:42,279] {processor.py:161} INFO - Processing /home/airflow/.local/lib/python3.7/site-packages/airflow/example_dags/example_branch_operator.py took 0.120 seconds
[2022-08-19 23:12:12,601] {processor.py:153} INFO - Started process (PID=3228) to work on /home/airflow/.local/lib/python3.7/site-packages/airflow/example_dags/example_branch_operator.py
[2022-08-19 23:12:12,602] {processor.py:641} INFO - Processing file /home/airflow/.local/lib/python3.7/site-packages/airflow/example_dags/example_branch_operator.py for tasks to queue
[2022-08-19 23:12:12,603] {logging_mixin.py:115} INFO - [2022-08-19 23:12:12,603] {dagbag.py:508} INFO - Filling up the DagBag from /home/airflow/.local/lib/python3.7/site-packages/airflow/example_dags/example_branch_operator.py
[2022-08-19 23:12:12,611] {processor.py:651} INFO - DAG(s) dict_keys(['example_branch_operator']) retrieved from /home/airflow/.local/lib/python3.7/site-packages/airflow/example_dags/example_branch_operator.py
[2022-08-19 23:12:12,628] {logging_mixin.py:115} INFO - [2022-08-19 23:12:12,628] {dag.py:2420} INFO - Sync 1 DAGs
[2022-08-19 23:12:12,641] {logging_mixin.py:115} INFO - [2022-08-19 23:12:12,641] {dag.py:2972} INFO - Setting next_dagrun for example_branch_operator to 2022-08-18T00:00:00+00:00, run_after=2022-08-19T00:00:00+00:00
[2022-08-19 23:12:12,649] {processor.py:161} INFO - Processing /home/airflow/.local/lib/python3.7/site-packages/airflow/example_dags/example_branch_operator.py took 0.050 seconds
[2022-08-19 23:12:42,755] {processor.py:153} INFO - Started process (PID=3341) to work on /home/airflow/.local/lib/python3.7/site-packages/airflow/example_dags/example_branch_operator.py
[2022-08-19 23:12:42,757] {processor.py:641} INFO - Processing file /home/airflow/.local/lib/python3.7/site-packages/airflow/example_dags/example_branch_operator.py for tasks to queue
[2022-08-19 23:12:42,758] {logging_mixin.py:115} INFO - [2022-08-19 23:12:42,758] {dagbag.py:508} INFO - Filling up the DagBag from /home/airflow/.local/lib/python3.7/site-packages/airflow/example_dags/example_branch_operator.py
[2022-08-19 23:12:42,765] {processor.py:651} INFO - DAG(s) dict_keys(['example_branch_operator']) retrieved from /home/airflow/.local/lib/python3.7/site-packages/airflow/example_dags/example_branch_operator.py
[2022-08-19 23:12:42,782] {logging_mixin.py:115} INFO - [2022-08-19 23:12:42,782] {dag.py:2420} INFO - Sync 1 DAGs
[2022-08-19 23:12:42,795] {logging_mixin.py:115} INFO - [2022-08-19 23:12:42,795] {dag.py:2972} INFO - Setting next_dagrun for example_branch_operator to 2022-08-18T00:00:00+00:00, run_after=2022-08-19T00:00:00+00:00
[2022-08-19 23:12:42,802] {processor.py:161} INFO - Processing /home/airflow/.local/lib/python3.7/site-packages/airflow/example_dags/example_branch_operator.py took 0.049 seconds
[2022-08-19 23:13:13,157] {processor.py:153} INFO - Started process (PID=3478) to work on /home/airflow/.local/lib/python3.7/site-packages/airflow/example_dags/example_branch_operator.py
[2022-08-19 23:13:13,163] {processor.py:641} INFO - Processing file /home/airflow/.local/lib/python3.7/site-packages/airflow/example_dags/example_branch_operator.py for tasks to queue
[2022-08-19 23:13:13,165] {logging_mixin.py:115} INFO - [2022-08-19 23:13:13,165] {dagbag.py:508} INFO - Filling up the DagBag from /home/airflow/.local/lib/python3.7/site-packages/airflow/example_dags/example_branch_operator.py
[2022-08-19 23:13:13,178] {processor.py:651} INFO - DAG(s) dict_keys(['example_branch_operator']) retrieved from /home/airflow/.local/lib/python3.7/site-packages/airflow/example_dags/example_branch_operator.py
[2022-08-19 23:13:13,206] {logging_mixin.py:115} INFO - [2022-08-19 23:13:13,206] {dag.py:2420} INFO - Sync 1 DAGs
[2022-08-19 23:13:13,230] {logging_mixin.py:115} INFO - [2022-08-19 23:13:13,230] {dag.py:2972} INFO - Setting next_dagrun for example_branch_operator to 2022-08-18T00:00:00+00:00, run_after=2022-08-19T00:00:00+00:00
[2022-08-19 23:13:13,256] {processor.py:161} INFO - Processing /home/airflow/.local/lib/python3.7/site-packages/airflow/example_dags/example_branch_operator.py took 0.102 seconds
[2022-08-19 23:13:43,690] {processor.py:153} INFO - Started process (PID=3598) to work on /home/airflow/.local/lib/python3.7/site-packages/airflow/example_dags/example_branch_operator.py
[2022-08-19 23:13:43,691] {processor.py:641} INFO - Processing file /home/airflow/.local/lib/python3.7/site-packages/airflow/example_dags/example_branch_operator.py for tasks to queue
[2022-08-19 23:13:43,692] {logging_mixin.py:115} INFO - [2022-08-19 23:13:43,692] {dagbag.py:508} INFO - Filling up the DagBag from /home/airflow/.local/lib/python3.7/site-packages/airflow/example_dags/example_branch_operator.py
[2022-08-19 23:13:43,700] {processor.py:651} INFO - DAG(s) dict_keys(['example_branch_operator']) retrieved from /home/airflow/.local/lib/python3.7/site-packages/airflow/example_dags/example_branch_operator.py
[2022-08-19 23:13:43,717] {logging_mixin.py:115} INFO - [2022-08-19 23:13:43,717] {dag.py:2420} INFO - Sync 1 DAGs
[2022-08-19 23:13:43,730] {logging_mixin.py:115} INFO - [2022-08-19 23:13:43,730] {dag.py:2972} INFO - Setting next_dagrun for example_branch_operator to 2022-08-18T00:00:00+00:00, run_after=2022-08-19T00:00:00+00:00
[2022-08-19 23:13:43,737] {processor.py:161} INFO - Processing /home/airflow/.local/lib/python3.7/site-packages/airflow/example_dags/example_branch_operator.py took 0.050 seconds
[2022-08-19 23:14:14,182] {processor.py:153} INFO - Started process (PID=3734) to work on /home/airflow/.local/lib/python3.7/site-packages/airflow/example_dags/example_branch_operator.py
[2022-08-19 23:14:14,184] {processor.py:641} INFO - Processing file /home/airflow/.local/lib/python3.7/site-packages/airflow/example_dags/example_branch_operator.py for tasks to queue
[2022-08-19 23:14:14,191] {logging_mixin.py:115} INFO - [2022-08-19 23:14:14,188] {dagbag.py:508} INFO - Filling up the DagBag from /home/airflow/.local/lib/python3.7/site-packages/airflow/example_dags/example_branch_operator.py
[2022-08-19 23:14:14,202] {processor.py:651} INFO - DAG(s) dict_keys(['example_branch_operator']) retrieved from /home/airflow/.local/lib/python3.7/site-packages/airflow/example_dags/example_branch_operator.py
[2022-08-19 23:14:14,223] {logging_mixin.py:115} INFO - [2022-08-19 23:14:14,223] {dag.py:2420} INFO - Sync 1 DAGs
[2022-08-19 23:14:14,246] {logging_mixin.py:115} INFO - [2022-08-19 23:14:14,245] {dag.py:2972} INFO - Setting next_dagrun for example_branch_operator to 2022-08-18T00:00:00+00:00, run_after=2022-08-19T00:00:00+00:00
[2022-08-19 23:14:14,260] {processor.py:161} INFO - Processing /home/airflow/.local/lib/python3.7/site-packages/airflow/example_dags/example_branch_operator.py took 0.082 seconds
[2022-08-19 23:14:44,521] {processor.py:153} INFO - Started process (PID=3869) to work on /home/airflow/.local/lib/python3.7/site-packages/airflow/example_dags/example_branch_operator.py
[2022-08-19 23:14:44,523] {processor.py:641} INFO - Processing file /home/airflow/.local/lib/python3.7/site-packages/airflow/example_dags/example_branch_operator.py for tasks to queue
[2022-08-19 23:14:44,524] {logging_mixin.py:115} INFO - [2022-08-19 23:14:44,524] {dagbag.py:508} INFO - Filling up the DagBag from /home/airflow/.local/lib/python3.7/site-packages/airflow/example_dags/example_branch_operator.py
[2022-08-19 23:14:44,536] {processor.py:651} INFO - DAG(s) dict_keys(['example_branch_operator']) retrieved from /home/airflow/.local/lib/python3.7/site-packages/airflow/example_dags/example_branch_operator.py
[2022-08-19 23:14:44,567] {logging_mixin.py:115} INFO - [2022-08-19 23:14:44,567] {dag.py:2420} INFO - Sync 1 DAGs
[2022-08-19 23:14:44,590] {logging_mixin.py:115} INFO - [2022-08-19 23:14:44,590] {dag.py:2972} INFO - Setting next_dagrun for example_branch_operator to 2022-08-18T00:00:00+00:00, run_after=2022-08-19T00:00:00+00:00
[2022-08-19 23:14:44,600] {processor.py:161} INFO - Processing /home/airflow/.local/lib/python3.7/site-packages/airflow/example_dags/example_branch_operator.py took 0.083 seconds
[2022-08-19 23:15:14,705] {processor.py:153} INFO - Started process (PID=4003) to work on /home/airflow/.local/lib/python3.7/site-packages/airflow/example_dags/example_branch_operator.py
[2022-08-19 23:15:14,706] {processor.py:641} INFO - Processing file /home/airflow/.local/lib/python3.7/site-packages/airflow/example_dags/example_branch_operator.py for tasks to queue
[2022-08-19 23:15:14,706] {logging_mixin.py:115} INFO - [2022-08-19 23:15:14,706] {dagbag.py:508} INFO - Filling up the DagBag from /home/airflow/.local/lib/python3.7/site-packages/airflow/example_dags/example_branch_operator.py
[2022-08-19 23:15:14,714] {processor.py:651} INFO - DAG(s) dict_keys(['example_branch_operator']) retrieved from /home/airflow/.local/lib/python3.7/site-packages/airflow/example_dags/example_branch_operator.py
[2022-08-19 23:15:14,733] {logging_mixin.py:115} INFO - [2022-08-19 23:15:14,733] {dag.py:2420} INFO - Sync 1 DAGs
[2022-08-19 23:15:14,746] {logging_mixin.py:115} INFO - [2022-08-19 23:15:14,745] {dag.py:2972} INFO - Setting next_dagrun for example_branch_operator to 2022-08-18T00:00:00+00:00, run_after=2022-08-19T00:00:00+00:00
[2022-08-19 23:15:14,752] {processor.py:161} INFO - Processing /home/airflow/.local/lib/python3.7/site-packages/airflow/example_dags/example_branch_operator.py took 0.050 seconds
[2022-08-19 23:15:45,122] {processor.py:153} INFO - Started process (PID=4122) to work on /home/airflow/.local/lib/python3.7/site-packages/airflow/example_dags/example_branch_operator.py
[2022-08-19 23:15:45,124] {processor.py:641} INFO - Processing file /home/airflow/.local/lib/python3.7/site-packages/airflow/example_dags/example_branch_operator.py for tasks to queue
[2022-08-19 23:15:45,126] {logging_mixin.py:115} INFO - [2022-08-19 23:15:45,126] {dagbag.py:508} INFO - Filling up the DagBag from /home/airflow/.local/lib/python3.7/site-packages/airflow/example_dags/example_branch_operator.py
[2022-08-19 23:15:45,138] {processor.py:651} INFO - DAG(s) dict_keys(['example_branch_operator']) retrieved from /home/airflow/.local/lib/python3.7/site-packages/airflow/example_dags/example_branch_operator.py
[2022-08-19 23:15:45,162] {logging_mixin.py:115} INFO - [2022-08-19 23:15:45,162] {dag.py:2420} INFO - Sync 1 DAGs
[2022-08-19 23:15:45,187] {logging_mixin.py:115} INFO - [2022-08-19 23:15:45,187] {dag.py:2972} INFO - Setting next_dagrun for example_branch_operator to 2022-08-18T00:00:00+00:00, run_after=2022-08-19T00:00:00+00:00
[2022-08-19 23:15:45,200] {processor.py:161} INFO - Processing /home/airflow/.local/lib/python3.7/site-packages/airflow/example_dags/example_branch_operator.py took 0.081 seconds
[2022-08-19 23:16:15,966] {processor.py:153} INFO - Started process (PID=4270) to work on /home/airflow/.local/lib/python3.7/site-packages/airflow/example_dags/example_branch_operator.py
[2022-08-19 23:16:15,967] {processor.py:641} INFO - Processing file /home/airflow/.local/lib/python3.7/site-packages/airflow/example_dags/example_branch_operator.py for tasks to queue
[2022-08-19 23:16:15,969] {logging_mixin.py:115} INFO - [2022-08-19 23:16:15,969] {dagbag.py:508} INFO - Filling up the DagBag from /home/airflow/.local/lib/python3.7/site-packages/airflow/example_dags/example_branch_operator.py
[2022-08-19 23:16:15,982] {processor.py:651} INFO - DAG(s) dict_keys(['example_branch_operator']) retrieved from /home/airflow/.local/lib/python3.7/site-packages/airflow/example_dags/example_branch_operator.py
[2022-08-19 23:16:16,007] {logging_mixin.py:115} INFO - [2022-08-19 23:16:16,007] {dag.py:2420} INFO - Sync 1 DAGs
[2022-08-19 23:16:16,030] {logging_mixin.py:115} INFO - [2022-08-19 23:16:16,030] {dag.py:2972} INFO - Setting next_dagrun for example_branch_operator to 2022-08-18T00:00:00+00:00, run_after=2022-08-19T00:00:00+00:00
[2022-08-19 23:16:16,043] {processor.py:161} INFO - Processing /home/airflow/.local/lib/python3.7/site-packages/airflow/example_dags/example_branch_operator.py took 0.079 seconds
[2022-08-19 23:16:46,183] {processor.py:153} INFO - Started process (PID=4387) to work on /home/airflow/.local/lib/python3.7/site-packages/airflow/example_dags/example_branch_operator.py
[2022-08-19 23:16:46,184] {processor.py:641} INFO - Processing file /home/airflow/.local/lib/python3.7/site-packages/airflow/example_dags/example_branch_operator.py for tasks to queue
[2022-08-19 23:16:46,185] {logging_mixin.py:115} INFO - [2022-08-19 23:16:46,185] {dagbag.py:508} INFO - Filling up the DagBag from /home/airflow/.local/lib/python3.7/site-packages/airflow/example_dags/example_branch_operator.py
[2022-08-19 23:16:46,192] {processor.py:651} INFO - DAG(s) dict_keys(['example_branch_operator']) retrieved from /home/airflow/.local/lib/python3.7/site-packages/airflow/example_dags/example_branch_operator.py
[2022-08-19 23:16:46,208] {logging_mixin.py:115} INFO - [2022-08-19 23:16:46,208] {dag.py:2420} INFO - Sync 1 DAGs
[2022-08-19 23:16:46,224] {logging_mixin.py:115} INFO - [2022-08-19 23:16:46,224] {dag.py:2972} INFO - Setting next_dagrun for example_branch_operator to 2022-08-18T00:00:00+00:00, run_after=2022-08-19T00:00:00+00:00
[2022-08-19 23:16:46,234] {processor.py:161} INFO - Processing /home/airflow/.local/lib/python3.7/site-packages/airflow/example_dags/example_branch_operator.py took 0.053 seconds
[2022-08-19 23:17:16,898] {processor.py:153} INFO - Started process (PID=4531) to work on /home/airflow/.local/lib/python3.7/site-packages/airflow/example_dags/example_branch_operator.py
[2022-08-19 23:17:16,901] {processor.py:641} INFO - Processing file /home/airflow/.local/lib/python3.7/site-packages/airflow/example_dags/example_branch_operator.py for tasks to queue
[2022-08-19 23:17:16,902] {logging_mixin.py:115} INFO - [2022-08-19 23:17:16,902] {dagbag.py:508} INFO - Filling up the DagBag from /home/airflow/.local/lib/python3.7/site-packages/airflow/example_dags/example_branch_operator.py
[2022-08-19 23:17:16,914] {processor.py:651} INFO - DAG(s) dict_keys(['example_branch_operator']) retrieved from /home/airflow/.local/lib/python3.7/site-packages/airflow/example_dags/example_branch_operator.py
[2022-08-19 23:17:16,968] {logging_mixin.py:115} INFO - [2022-08-19 23:17:16,968] {dag.py:2420} INFO - Sync 1 DAGs
[2022-08-19 23:17:16,992] {logging_mixin.py:115} INFO - [2022-08-19 23:17:16,992] {dag.py:2972} INFO - Setting next_dagrun for example_branch_operator to 2022-08-18T00:00:00+00:00, run_after=2022-08-19T00:00:00+00:00
[2022-08-19 23:17:17,004] {processor.py:161} INFO - Processing /home/airflow/.local/lib/python3.7/site-packages/airflow/example_dags/example_branch_operator.py took 0.109 seconds
[2022-08-19 23:17:47,339] {processor.py:153} INFO - Started process (PID=4663) to work on /home/airflow/.local/lib/python3.7/site-packages/airflow/example_dags/example_branch_operator.py
[2022-08-19 23:17:47,342] {processor.py:641} INFO - Processing file /home/airflow/.local/lib/python3.7/site-packages/airflow/example_dags/example_branch_operator.py for tasks to queue
[2022-08-19 23:17:47,343] {logging_mixin.py:115} INFO - [2022-08-19 23:17:47,343] {dagbag.py:508} INFO - Filling up the DagBag from /home/airflow/.local/lib/python3.7/site-packages/airflow/example_dags/example_branch_operator.py
[2022-08-19 23:17:47,354] {processor.py:651} INFO - DAG(s) dict_keys(['example_branch_operator']) retrieved from /home/airflow/.local/lib/python3.7/site-packages/airflow/example_dags/example_branch_operator.py
[2022-08-19 23:17:47,391] {logging_mixin.py:115} INFO - [2022-08-19 23:17:47,391] {dag.py:2420} INFO - Sync 1 DAGs
[2022-08-19 23:17:47,408] {logging_mixin.py:115} INFO - [2022-08-19 23:17:47,408] {dag.py:2972} INFO - Setting next_dagrun for example_branch_operator to 2022-08-18T00:00:00+00:00, run_after=2022-08-19T00:00:00+00:00
[2022-08-19 23:17:47,422] {processor.py:161} INFO - Processing /home/airflow/.local/lib/python3.7/site-packages/airflow/example_dags/example_branch_operator.py took 0.086 seconds
[2022-08-19 23:18:17,681] {processor.py:153} INFO - Started process (PID=4803) to work on /home/airflow/.local/lib/python3.7/site-packages/airflow/example_dags/example_branch_operator.py
[2022-08-19 23:18:17,683] {processor.py:641} INFO - Processing file /home/airflow/.local/lib/python3.7/site-packages/airflow/example_dags/example_branch_operator.py for tasks to queue
[2022-08-19 23:18:17,686] {logging_mixin.py:115} INFO - [2022-08-19 23:18:17,686] {dagbag.py:508} INFO - Filling up the DagBag from /home/airflow/.local/lib/python3.7/site-packages/airflow/example_dags/example_branch_operator.py
[2022-08-19 23:18:17,700] {processor.py:651} INFO - DAG(s) dict_keys(['example_branch_operator']) retrieved from /home/airflow/.local/lib/python3.7/site-packages/airflow/example_dags/example_branch_operator.py
[2022-08-19 23:18:17,733] {logging_mixin.py:115} INFO - [2022-08-19 23:18:17,733] {dag.py:2420} INFO - Sync 1 DAGs
[2022-08-19 23:18:17,758] {logging_mixin.py:115} INFO - [2022-08-19 23:18:17,758] {dag.py:2972} INFO - Setting next_dagrun for example_branch_operator to 2022-08-18T00:00:00+00:00, run_after=2022-08-19T00:00:00+00:00
[2022-08-19 23:18:17,770] {processor.py:161} INFO - Processing /home/airflow/.local/lib/python3.7/site-packages/airflow/example_dags/example_branch_operator.py took 0.092 seconds
[2022-08-19 23:18:48,670] {processor.py:153} INFO - Started process (PID=4926) to work on /home/airflow/.local/lib/python3.7/site-packages/airflow/example_dags/example_branch_operator.py
[2022-08-19 23:18:48,673] {processor.py:641} INFO - Processing file /home/airflow/.local/lib/python3.7/site-packages/airflow/example_dags/example_branch_operator.py for tasks to queue
[2022-08-19 23:18:48,675] {logging_mixin.py:115} INFO - [2022-08-19 23:18:48,674] {dagbag.py:508} INFO - Filling up the DagBag from /home/airflow/.local/lib/python3.7/site-packages/airflow/example_dags/example_branch_operator.py
[2022-08-19 23:18:48,686] {processor.py:651} INFO - DAG(s) dict_keys(['example_branch_operator']) retrieved from /home/airflow/.local/lib/python3.7/site-packages/airflow/example_dags/example_branch_operator.py
[2022-08-19 23:18:48,713] {logging_mixin.py:115} INFO - [2022-08-19 23:18:48,713] {dag.py:2420} INFO - Sync 1 DAGs
[2022-08-19 23:18:48,730] {logging_mixin.py:115} INFO - [2022-08-19 23:18:48,730] {dag.py:2972} INFO - Setting next_dagrun for example_branch_operator to 2022-08-18T00:00:00+00:00, run_after=2022-08-19T00:00:00+00:00
[2022-08-19 23:18:48,742] {processor.py:161} INFO - Processing /home/airflow/.local/lib/python3.7/site-packages/airflow/example_dags/example_branch_operator.py took 0.075 seconds
[2022-08-19 23:19:18,993] {processor.py:153} INFO - Started process (PID=5060) to work on /home/airflow/.local/lib/python3.7/site-packages/airflow/example_dags/example_branch_operator.py
[2022-08-19 23:19:18,995] {processor.py:641} INFO - Processing file /home/airflow/.local/lib/python3.7/site-packages/airflow/example_dags/example_branch_operator.py for tasks to queue
[2022-08-19 23:19:18,997] {logging_mixin.py:115} INFO - [2022-08-19 23:19:18,997] {dagbag.py:508} INFO - Filling up the DagBag from /home/airflow/.local/lib/python3.7/site-packages/airflow/example_dags/example_branch_operator.py
[2022-08-19 23:19:19,007] {processor.py:651} INFO - DAG(s) dict_keys(['example_branch_operator']) retrieved from /home/airflow/.local/lib/python3.7/site-packages/airflow/example_dags/example_branch_operator.py
[2022-08-19 23:19:19,062] {logging_mixin.py:115} INFO - [2022-08-19 23:19:19,062] {dag.py:2420} INFO - Sync 1 DAGs
[2022-08-19 23:19:19,102] {logging_mixin.py:115} INFO - [2022-08-19 23:19:19,102] {dag.py:2972} INFO - Setting next_dagrun for example_branch_operator to 2022-08-18T00:00:00+00:00, run_after=2022-08-19T00:00:00+00:00
[2022-08-19 23:19:19,112] {processor.py:161} INFO - Processing /home/airflow/.local/lib/python3.7/site-packages/airflow/example_dags/example_branch_operator.py took 0.122 seconds
[2022-08-19 23:19:49,324] {processor.py:153} INFO - Started process (PID=5200) to work on /home/airflow/.local/lib/python3.7/site-packages/airflow/example_dags/example_branch_operator.py
[2022-08-19 23:19:49,326] {processor.py:641} INFO - Processing file /home/airflow/.local/lib/python3.7/site-packages/airflow/example_dags/example_branch_operator.py for tasks to queue
[2022-08-19 23:19:49,327] {logging_mixin.py:115} INFO - [2022-08-19 23:19:49,327] {dagbag.py:508} INFO - Filling up the DagBag from /home/airflow/.local/lib/python3.7/site-packages/airflow/example_dags/example_branch_operator.py
[2022-08-19 23:19:49,339] {processor.py:651} INFO - DAG(s) dict_keys(['example_branch_operator']) retrieved from /home/airflow/.local/lib/python3.7/site-packages/airflow/example_dags/example_branch_operator.py
[2022-08-19 23:19:49,366] {logging_mixin.py:115} INFO - [2022-08-19 23:19:49,366] {dag.py:2420} INFO - Sync 1 DAGs
[2022-08-19 23:19:49,386] {logging_mixin.py:115} INFO - [2022-08-19 23:19:49,385] {dag.py:2972} INFO - Setting next_dagrun for example_branch_operator to 2022-08-18T00:00:00+00:00, run_after=2022-08-19T00:00:00+00:00
[2022-08-19 23:19:49,400] {processor.py:161} INFO - Processing /home/airflow/.local/lib/python3.7/site-packages/airflow/example_dags/example_branch_operator.py took 0.079 seconds
[2022-08-19 23:20:20,238] {processor.py:153} INFO - Started process (PID=5326) to work on /home/airflow/.local/lib/python3.7/site-packages/airflow/example_dags/example_branch_operator.py
[2022-08-19 23:20:20,241] {processor.py:641} INFO - Processing file /home/airflow/.local/lib/python3.7/site-packages/airflow/example_dags/example_branch_operator.py for tasks to queue
[2022-08-19 23:20:20,243] {logging_mixin.py:115} INFO - [2022-08-19 23:20:20,243] {dagbag.py:508} INFO - Filling up the DagBag from /home/airflow/.local/lib/python3.7/site-packages/airflow/example_dags/example_branch_operator.py
[2022-08-19 23:20:20,262] {processor.py:651} INFO - DAG(s) dict_keys(['example_branch_operator']) retrieved from /home/airflow/.local/lib/python3.7/site-packages/airflow/example_dags/example_branch_operator.py
[2022-08-19 23:20:20,301] {logging_mixin.py:115} INFO - [2022-08-19 23:20:20,301] {dag.py:2420} INFO - Sync 1 DAGs
[2022-08-19 23:20:20,330] {logging_mixin.py:115} INFO - [2022-08-19 23:20:20,330] {dag.py:2972} INFO - Setting next_dagrun for example_branch_operator to 2022-08-18T00:00:00+00:00, run_after=2022-08-19T00:00:00+00:00
[2022-08-19 23:20:20,343] {processor.py:161} INFO - Processing /home/airflow/.local/lib/python3.7/site-packages/airflow/example_dags/example_branch_operator.py took 0.114 seconds
[2022-08-19 23:20:50,618] {processor.py:153} INFO - Started process (PID=5438) to work on /home/airflow/.local/lib/python3.7/site-packages/airflow/example_dags/example_branch_operator.py
[2022-08-19 23:20:50,619] {processor.py:641} INFO - Processing file /home/airflow/.local/lib/python3.7/site-packages/airflow/example_dags/example_branch_operator.py for tasks to queue
[2022-08-19 23:20:50,621] {logging_mixin.py:115} INFO - [2022-08-19 23:20:50,620] {dagbag.py:508} INFO - Filling up the DagBag from /home/airflow/.local/lib/python3.7/site-packages/airflow/example_dags/example_branch_operator.py
[2022-08-19 23:20:50,635] {processor.py:651} INFO - DAG(s) dict_keys(['example_branch_operator']) retrieved from /home/airflow/.local/lib/python3.7/site-packages/airflow/example_dags/example_branch_operator.py
[2022-08-19 23:20:50,677] {logging_mixin.py:115} INFO - [2022-08-19 23:20:50,677] {dag.py:2420} INFO - Sync 1 DAGs
[2022-08-19 23:20:50,709] {logging_mixin.py:115} INFO - [2022-08-19 23:20:50,709] {dag.py:2972} INFO - Setting next_dagrun for example_branch_operator to 2022-08-18T00:00:00+00:00, run_after=2022-08-19T00:00:00+00:00
[2022-08-19 23:20:50,724] {processor.py:161} INFO - Processing /home/airflow/.local/lib/python3.7/site-packages/airflow/example_dags/example_branch_operator.py took 0.112 seconds
[2022-08-19 23:21:20,804] {processor.py:153} INFO - Started process (PID=5565) to work on /home/airflow/.local/lib/python3.7/site-packages/airflow/example_dags/example_branch_operator.py
[2022-08-19 23:21:20,806] {processor.py:641} INFO - Processing file /home/airflow/.local/lib/python3.7/site-packages/airflow/example_dags/example_branch_operator.py for tasks to queue
[2022-08-19 23:21:20,809] {logging_mixin.py:115} INFO - [2022-08-19 23:21:20,809] {dagbag.py:508} INFO - Filling up the DagBag from /home/airflow/.local/lib/python3.7/site-packages/airflow/example_dags/example_branch_operator.py
[2022-08-19 23:21:20,823] {processor.py:651} INFO - DAG(s) dict_keys(['example_branch_operator']) retrieved from /home/airflow/.local/lib/python3.7/site-packages/airflow/example_dags/example_branch_operator.py
[2022-08-19 23:21:20,883] {logging_mixin.py:115} INFO - [2022-08-19 23:21:20,883] {dag.py:2420} INFO - Sync 1 DAGs
[2022-08-19 23:21:20,912] {logging_mixin.py:115} INFO - [2022-08-19 23:21:20,912] {dag.py:2972} INFO - Setting next_dagrun for example_branch_operator to 2022-08-18T00:00:00+00:00, run_after=2022-08-19T00:00:00+00:00
[2022-08-19 23:21:20,926] {processor.py:161} INFO - Processing /home/airflow/.local/lib/python3.7/site-packages/airflow/example_dags/example_branch_operator.py took 0.127 seconds
[2022-08-19 23:21:51,918] {processor.py:153} INFO - Started process (PID=5685) to work on /home/airflow/.local/lib/python3.7/site-packages/airflow/example_dags/example_branch_operator.py
[2022-08-19 23:21:51,919] {processor.py:641} INFO - Processing file /home/airflow/.local/lib/python3.7/site-packages/airflow/example_dags/example_branch_operator.py for tasks to queue
[2022-08-19 23:21:51,921] {logging_mixin.py:115} INFO - [2022-08-19 23:21:51,921] {dagbag.py:508} INFO - Filling up the DagBag from /home/airflow/.local/lib/python3.7/site-packages/airflow/example_dags/example_branch_operator.py
[2022-08-19 23:21:51,930] {processor.py:651} INFO - DAG(s) dict_keys(['example_branch_operator']) retrieved from /home/airflow/.local/lib/python3.7/site-packages/airflow/example_dags/example_branch_operator.py
[2022-08-19 23:21:51,950] {logging_mixin.py:115} INFO - [2022-08-19 23:21:51,950] {dag.py:2420} INFO - Sync 1 DAGs
[2022-08-19 23:21:51,963] {logging_mixin.py:115} INFO - [2022-08-19 23:21:51,963] {dag.py:2972} INFO - Setting next_dagrun for example_branch_operator to 2022-08-18T00:00:00+00:00, run_after=2022-08-19T00:00:00+00:00
[2022-08-19 23:21:51,969] {processor.py:161} INFO - Processing /home/airflow/.local/lib/python3.7/site-packages/airflow/example_dags/example_branch_operator.py took 0.054 seconds
[2022-08-19 23:22:22,429] {processor.py:153} INFO - Started process (PID=5756) to work on /home/airflow/.local/lib/python3.7/site-packages/airflow/example_dags/example_branch_operator.py
[2022-08-19 23:22:22,430] {processor.py:641} INFO - Processing file /home/airflow/.local/lib/python3.7/site-packages/airflow/example_dags/example_branch_operator.py for tasks to queue
[2022-08-19 23:22:22,432] {logging_mixin.py:115} INFO - [2022-08-19 23:22:22,431] {dagbag.py:508} INFO - Filling up the DagBag from /home/airflow/.local/lib/python3.7/site-packages/airflow/example_dags/example_branch_operator.py
[2022-08-19 23:22:22,443] {processor.py:651} INFO - DAG(s) dict_keys(['example_branch_operator']) retrieved from /home/airflow/.local/lib/python3.7/site-packages/airflow/example_dags/example_branch_operator.py
[2022-08-19 23:22:22,471] {logging_mixin.py:115} INFO - [2022-08-19 23:22:22,471] {dag.py:2420} INFO - Sync 1 DAGs
[2022-08-19 23:22:22,490] {logging_mixin.py:115} INFO - [2022-08-19 23:22:22,490] {dag.py:2972} INFO - Setting next_dagrun for example_branch_operator to 2022-08-18T00:00:00+00:00, run_after=2022-08-19T00:00:00+00:00
[2022-08-19 23:22:22,505] {processor.py:161} INFO - Processing /home/airflow/.local/lib/python3.7/site-packages/airflow/example_dags/example_branch_operator.py took 0.079 seconds
[2022-08-19 23:22:52,994] {processor.py:153} INFO - Started process (PID=5816) to work on /home/airflow/.local/lib/python3.7/site-packages/airflow/example_dags/example_branch_operator.py
[2022-08-19 23:22:52,995] {processor.py:641} INFO - Processing file /home/airflow/.local/lib/python3.7/site-packages/airflow/example_dags/example_branch_operator.py for tasks to queue
[2022-08-19 23:22:52,996] {logging_mixin.py:115} INFO - [2022-08-19 23:22:52,996] {dagbag.py:508} INFO - Filling up the DagBag from /home/airflow/.local/lib/python3.7/site-packages/airflow/example_dags/example_branch_operator.py
[2022-08-19 23:22:53,003] {processor.py:651} INFO - DAG(s) dict_keys(['example_branch_operator']) retrieved from /home/airflow/.local/lib/python3.7/site-packages/airflow/example_dags/example_branch_operator.py
[2022-08-19 23:22:53,021] {logging_mixin.py:115} INFO - [2022-08-19 23:22:53,021] {dag.py:2420} INFO - Sync 1 DAGs
[2022-08-19 23:22:53,036] {logging_mixin.py:115} INFO - [2022-08-19 23:22:53,036] {dag.py:2972} INFO - Setting next_dagrun for example_branch_operator to 2022-08-18T00:00:00+00:00, run_after=2022-08-19T00:00:00+00:00
[2022-08-19 23:22:53,046] {processor.py:161} INFO - Processing /home/airflow/.local/lib/python3.7/site-packages/airflow/example_dags/example_branch_operator.py took 0.053 seconds
[2022-08-19 23:23:23,452] {processor.py:153} INFO - Started process (PID=5887) to work on /home/airflow/.local/lib/python3.7/site-packages/airflow/example_dags/example_branch_operator.py
[2022-08-19 23:23:23,455] {processor.py:641} INFO - Processing file /home/airflow/.local/lib/python3.7/site-packages/airflow/example_dags/example_branch_operator.py for tasks to queue
[2022-08-19 23:23:23,457] {logging_mixin.py:115} INFO - [2022-08-19 23:23:23,456] {dagbag.py:508} INFO - Filling up the DagBag from /home/airflow/.local/lib/python3.7/site-packages/airflow/example_dags/example_branch_operator.py
[2022-08-19 23:23:23,464] {processor.py:651} INFO - DAG(s) dict_keys(['example_branch_operator']) retrieved from /home/airflow/.local/lib/python3.7/site-packages/airflow/example_dags/example_branch_operator.py
[2022-08-19 23:23:23,483] {logging_mixin.py:115} INFO - [2022-08-19 23:23:23,483] {dag.py:2420} INFO - Sync 1 DAGs
[2022-08-19 23:23:23,499] {logging_mixin.py:115} INFO - [2022-08-19 23:23:23,499] {dag.py:2972} INFO - Setting next_dagrun for example_branch_operator to 2022-08-18T00:00:00+00:00, run_after=2022-08-19T00:00:00+00:00
[2022-08-19 23:23:23,508] {processor.py:161} INFO - Processing /home/airflow/.local/lib/python3.7/site-packages/airflow/example_dags/example_branch_operator.py took 0.058 seconds
[2022-08-19 23:23:54,103] {processor.py:153} INFO - Started process (PID=5953) to work on /home/airflow/.local/lib/python3.7/site-packages/airflow/example_dags/example_branch_operator.py
[2022-08-19 23:23:54,105] {processor.py:641} INFO - Processing file /home/airflow/.local/lib/python3.7/site-packages/airflow/example_dags/example_branch_operator.py for tasks to queue
[2022-08-19 23:23:54,106] {logging_mixin.py:115} INFO - [2022-08-19 23:23:54,106] {dagbag.py:508} INFO - Filling up the DagBag from /home/airflow/.local/lib/python3.7/site-packages/airflow/example_dags/example_branch_operator.py
[2022-08-19 23:23:54,116] {processor.py:651} INFO - DAG(s) dict_keys(['example_branch_operator']) retrieved from /home/airflow/.local/lib/python3.7/site-packages/airflow/example_dags/example_branch_operator.py
[2022-08-19 23:23:54,136] {logging_mixin.py:115} INFO - [2022-08-19 23:23:54,136] {dag.py:2420} INFO - Sync 1 DAGs
[2022-08-19 23:23:54,150] {logging_mixin.py:115} INFO - [2022-08-19 23:23:54,150] {dag.py:2972} INFO - Setting next_dagrun for example_branch_operator to 2022-08-18T00:00:00+00:00, run_after=2022-08-19T00:00:00+00:00
[2022-08-19 23:23:54,157] {processor.py:161} INFO - Processing /home/airflow/.local/lib/python3.7/site-packages/airflow/example_dags/example_branch_operator.py took 0.056 seconds
[2022-08-19 23:24:24,445] {processor.py:153} INFO - Started process (PID=6020) to work on /home/airflow/.local/lib/python3.7/site-packages/airflow/example_dags/example_branch_operator.py
[2022-08-19 23:24:24,447] {processor.py:641} INFO - Processing file /home/airflow/.local/lib/python3.7/site-packages/airflow/example_dags/example_branch_operator.py for tasks to queue
[2022-08-19 23:24:24,449] {logging_mixin.py:115} INFO - [2022-08-19 23:24:24,448] {dagbag.py:508} INFO - Filling up the DagBag from /home/airflow/.local/lib/python3.7/site-packages/airflow/example_dags/example_branch_operator.py
[2022-08-19 23:24:24,461] {processor.py:651} INFO - DAG(s) dict_keys(['example_branch_operator']) retrieved from /home/airflow/.local/lib/python3.7/site-packages/airflow/example_dags/example_branch_operator.py
[2022-08-19 23:24:24,485] {logging_mixin.py:115} INFO - [2022-08-19 23:24:24,485] {dag.py:2420} INFO - Sync 1 DAGs
[2022-08-19 23:24:24,498] {logging_mixin.py:115} INFO - [2022-08-19 23:24:24,498] {dag.py:2972} INFO - Setting next_dagrun for example_branch_operator to 2022-08-18T00:00:00+00:00, run_after=2022-08-19T00:00:00+00:00
[2022-08-19 23:24:24,505] {processor.py:161} INFO - Processing /home/airflow/.local/lib/python3.7/site-packages/airflow/example_dags/example_branch_operator.py took 0.064 seconds
[2022-08-19 23:24:54,946] {processor.py:153} INFO - Started process (PID=6089) to work on /home/airflow/.local/lib/python3.7/site-packages/airflow/example_dags/example_branch_operator.py
[2022-08-19 23:24:54,950] {processor.py:641} INFO - Processing file /home/airflow/.local/lib/python3.7/site-packages/airflow/example_dags/example_branch_operator.py for tasks to queue
[2022-08-19 23:24:54,952] {logging_mixin.py:115} INFO - [2022-08-19 23:24:54,952] {dagbag.py:508} INFO - Filling up the DagBag from /home/airflow/.local/lib/python3.7/site-packages/airflow/example_dags/example_branch_operator.py
[2022-08-19 23:24:54,964] {processor.py:651} INFO - DAG(s) dict_keys(['example_branch_operator']) retrieved from /home/airflow/.local/lib/python3.7/site-packages/airflow/example_dags/example_branch_operator.py
[2022-08-19 23:24:54,985] {logging_mixin.py:115} INFO - [2022-08-19 23:24:54,985] {dag.py:2420} INFO - Sync 1 DAGs
[2022-08-19 23:24:54,999] {logging_mixin.py:115} INFO - [2022-08-19 23:24:54,999] {dag.py:2972} INFO - Setting next_dagrun for example_branch_operator to 2022-08-18T00:00:00+00:00, run_after=2022-08-19T00:00:00+00:00
[2022-08-19 23:24:55,006] {processor.py:161} INFO - Processing /home/airflow/.local/lib/python3.7/site-packages/airflow/example_dags/example_branch_operator.py took 0.066 seconds
