[2022-08-19 22:31:43,588] {processor.py:153} INFO - Started process (PID=35) to work on /home/airflow/.local/lib/python3.7/site-packages/airflow/example_dags/tutorial_taskflow_api_etl.py
[2022-08-19 22:31:43,593] {processor.py:641} INFO - Processing file /home/airflow/.local/lib/python3.7/site-packages/airflow/example_dags/tutorial_taskflow_api_etl.py for tasks to queue
[2022-08-19 22:31:43,595] {logging_mixin.py:115} INFO - [2022-08-19 22:31:43,594] {dagbag.py:508} INFO - Filling up the DagBag from /home/airflow/.local/lib/python3.7/site-packages/airflow/example_dags/tutorial_taskflow_api_etl.py
[2022-08-19 22:31:43,762] {processor.py:651} INFO - DAG(s) dict_keys(['tutorial_taskflow_api_etl']) retrieved from /home/airflow/.local/lib/python3.7/site-packages/airflow/example_dags/tutorial_taskflow_api_etl.py
[2022-08-19 22:31:43,819] {logging_mixin.py:115} INFO - [2022-08-19 22:31:43,819] {manager.py:508} INFO - Created Permission View: can delete on DAG:tutorial_taskflow_api_etl
[2022-08-19 22:31:43,829] {logging_mixin.py:115} INFO - [2022-08-19 22:31:43,829] {manager.py:508} INFO - Created Permission View: can read on DAG:tutorial_taskflow_api_etl
[2022-08-19 22:31:43,837] {logging_mixin.py:115} INFO - [2022-08-19 22:31:43,837] {manager.py:508} INFO - Created Permission View: can edit on DAG:tutorial_taskflow_api_etl
[2022-08-19 22:31:43,838] {logging_mixin.py:115} INFO - [2022-08-19 22:31:43,838] {dag.py:2420} INFO - Sync 1 DAGs
[2022-08-19 22:31:43,844] {logging_mixin.py:115} INFO - [2022-08-19 22:31:43,844] {dag.py:2439} INFO - Creating ORM DAG for tutorial_taskflow_api_etl
[2022-08-19 22:31:43,851] {logging_mixin.py:115} INFO - [2022-08-19 22:31:43,851] {dag.py:2972} INFO - Setting next_dagrun for tutorial_taskflow_api_etl to None, run_after=None
[2022-08-19 22:31:43,862] {processor.py:161} INFO - Processing /home/airflow/.local/lib/python3.7/site-packages/airflow/example_dags/tutorial_taskflow_api_etl.py took 0.277 seconds
[2022-08-19 22:32:14,857] {processor.py:153} INFO - Started process (PID=98) to work on /home/airflow/.local/lib/python3.7/site-packages/airflow/example_dags/tutorial_taskflow_api_etl.py
[2022-08-19 22:32:14,859] {processor.py:641} INFO - Processing file /home/airflow/.local/lib/python3.7/site-packages/airflow/example_dags/tutorial_taskflow_api_etl.py for tasks to queue
[2022-08-19 22:32:14,861] {logging_mixin.py:115} INFO - [2022-08-19 22:32:14,861] {dagbag.py:508} INFO - Filling up the DagBag from /home/airflow/.local/lib/python3.7/site-packages/airflow/example_dags/tutorial_taskflow_api_etl.py
[2022-08-19 22:32:14,875] {processor.py:651} INFO - DAG(s) dict_keys(['tutorial_taskflow_api_etl']) retrieved from /home/airflow/.local/lib/python3.7/site-packages/airflow/example_dags/tutorial_taskflow_api_etl.py
[2022-08-19 22:32:14,913] {logging_mixin.py:115} INFO - [2022-08-19 22:32:14,913] {dag.py:2420} INFO - Sync 1 DAGs
[2022-08-19 22:32:14,925] {logging_mixin.py:115} INFO - [2022-08-19 22:32:14,925] {dag.py:2972} INFO - Setting next_dagrun for tutorial_taskflow_api_etl to None, run_after=None
[2022-08-19 22:32:14,935] {processor.py:161} INFO - Processing /home/airflow/.local/lib/python3.7/site-packages/airflow/example_dags/tutorial_taskflow_api_etl.py took 0.081 seconds
[2022-08-19 22:53:23,061] {processor.py:153} INFO - Started process (PID=35) to work on /home/airflow/.local/lib/python3.7/site-packages/airflow/example_dags/tutorial_taskflow_api_etl.py
[2022-08-19 22:53:23,063] {processor.py:641} INFO - Processing file /home/airflow/.local/lib/python3.7/site-packages/airflow/example_dags/tutorial_taskflow_api_etl.py for tasks to queue
[2022-08-19 22:53:23,065] {logging_mixin.py:115} INFO - [2022-08-19 22:53:23,065] {dagbag.py:508} INFO - Filling up the DagBag from /home/airflow/.local/lib/python3.7/site-packages/airflow/example_dags/tutorial_taskflow_api_etl.py
[2022-08-19 22:53:23,267] {processor.py:651} INFO - DAG(s) dict_keys(['tutorial_taskflow_api_etl']) retrieved from /home/airflow/.local/lib/python3.7/site-packages/airflow/example_dags/tutorial_taskflow_api_etl.py
[2022-08-19 22:53:23,305] {logging_mixin.py:115} INFO - [2022-08-19 22:53:23,305] {manager.py:508} INFO - Created Permission View: can read on DAG:tutorial_taskflow_api_etl
[2022-08-19 22:53:23,315] {logging_mixin.py:115} INFO - [2022-08-19 22:53:23,315] {manager.py:508} INFO - Created Permission View: can delete on DAG:tutorial_taskflow_api_etl
[2022-08-19 22:53:23,321] {logging_mixin.py:115} INFO - [2022-08-19 22:53:23,321] {manager.py:508} INFO - Created Permission View: can edit on DAG:tutorial_taskflow_api_etl
[2022-08-19 22:53:23,321] {logging_mixin.py:115} INFO - [2022-08-19 22:53:23,321] {dag.py:2420} INFO - Sync 1 DAGs
[2022-08-19 22:53:23,327] {logging_mixin.py:115} INFO - [2022-08-19 22:53:23,327] {dag.py:2439} INFO - Creating ORM DAG for tutorial_taskflow_api_etl
[2022-08-19 22:53:23,334] {logging_mixin.py:115} INFO - [2022-08-19 22:53:23,334] {dag.py:2972} INFO - Setting next_dagrun for tutorial_taskflow_api_etl to None, run_after=None
[2022-08-19 22:53:23,344] {processor.py:161} INFO - Processing /home/airflow/.local/lib/python3.7/site-packages/airflow/example_dags/tutorial_taskflow_api_etl.py took 0.286 seconds
[2022-08-19 22:53:53,437] {processor.py:153} INFO - Started process (PID=113) to work on /home/airflow/.local/lib/python3.7/site-packages/airflow/example_dags/tutorial_taskflow_api_etl.py
[2022-08-19 22:53:53,438] {processor.py:641} INFO - Processing file /home/airflow/.local/lib/python3.7/site-packages/airflow/example_dags/tutorial_taskflow_api_etl.py for tasks to queue
[2022-08-19 22:53:53,439] {logging_mixin.py:115} INFO - [2022-08-19 22:53:53,439] {dagbag.py:508} INFO - Filling up the DagBag from /home/airflow/.local/lib/python3.7/site-packages/airflow/example_dags/tutorial_taskflow_api_etl.py
[2022-08-19 22:53:53,449] {processor.py:651} INFO - DAG(s) dict_keys(['tutorial_taskflow_api_etl']) retrieved from /home/airflow/.local/lib/python3.7/site-packages/airflow/example_dags/tutorial_taskflow_api_etl.py
[2022-08-19 22:53:53,482] {logging_mixin.py:115} INFO - [2022-08-19 22:53:53,482] {dag.py:2420} INFO - Sync 1 DAGs
[2022-08-19 22:53:53,494] {logging_mixin.py:115} INFO - [2022-08-19 22:53:53,494] {dag.py:2972} INFO - Setting next_dagrun for tutorial_taskflow_api_etl to None, run_after=None
[2022-08-19 22:53:53,504] {processor.py:161} INFO - Processing /home/airflow/.local/lib/python3.7/site-packages/airflow/example_dags/tutorial_taskflow_api_etl.py took 0.069 seconds
[2022-08-19 22:54:23,921] {processor.py:153} INFO - Started process (PID=186) to work on /home/airflow/.local/lib/python3.7/site-packages/airflow/example_dags/tutorial_taskflow_api_etl.py
[2022-08-19 22:54:23,923] {processor.py:641} INFO - Processing file /home/airflow/.local/lib/python3.7/site-packages/airflow/example_dags/tutorial_taskflow_api_etl.py for tasks to queue
[2022-08-19 22:54:23,926] {logging_mixin.py:115} INFO - [2022-08-19 22:54:23,926] {dagbag.py:508} INFO - Filling up the DagBag from /home/airflow/.local/lib/python3.7/site-packages/airflow/example_dags/tutorial_taskflow_api_etl.py
[2022-08-19 22:54:23,940] {processor.py:651} INFO - DAG(s) dict_keys(['tutorial_taskflow_api_etl']) retrieved from /home/airflow/.local/lib/python3.7/site-packages/airflow/example_dags/tutorial_taskflow_api_etl.py
[2022-08-19 22:54:23,979] {logging_mixin.py:115} INFO - [2022-08-19 22:54:23,979] {dag.py:2420} INFO - Sync 1 DAGs
[2022-08-19 22:54:23,991] {logging_mixin.py:115} INFO - [2022-08-19 22:54:23,991] {dag.py:2972} INFO - Setting next_dagrun for tutorial_taskflow_api_etl to None, run_after=None
[2022-08-19 22:54:24,000] {processor.py:161} INFO - Processing /home/airflow/.local/lib/python3.7/site-packages/airflow/example_dags/tutorial_taskflow_api_etl.py took 0.083 seconds
[2022-08-19 22:54:54,408] {processor.py:153} INFO - Started process (PID=253) to work on /home/airflow/.local/lib/python3.7/site-packages/airflow/example_dags/tutorial_taskflow_api_etl.py
[2022-08-19 22:54:54,410] {processor.py:641} INFO - Processing file /home/airflow/.local/lib/python3.7/site-packages/airflow/example_dags/tutorial_taskflow_api_etl.py for tasks to queue
[2022-08-19 22:54:54,415] {logging_mixin.py:115} INFO - [2022-08-19 22:54:54,414] {dagbag.py:508} INFO - Filling up the DagBag from /home/airflow/.local/lib/python3.7/site-packages/airflow/example_dags/tutorial_taskflow_api_etl.py
[2022-08-19 22:54:54,427] {processor.py:651} INFO - DAG(s) dict_keys(['tutorial_taskflow_api_etl']) retrieved from /home/airflow/.local/lib/python3.7/site-packages/airflow/example_dags/tutorial_taskflow_api_etl.py
[2022-08-19 22:54:54,481] {logging_mixin.py:115} INFO - [2022-08-19 22:54:54,481] {dag.py:2420} INFO - Sync 1 DAGs
[2022-08-19 22:54:54,495] {logging_mixin.py:115} INFO - [2022-08-19 22:54:54,495] {dag.py:2972} INFO - Setting next_dagrun for tutorial_taskflow_api_etl to None, run_after=None
[2022-08-19 22:54:54,508] {processor.py:161} INFO - Processing /home/airflow/.local/lib/python3.7/site-packages/airflow/example_dags/tutorial_taskflow_api_etl.py took 0.103 seconds
[2022-08-19 22:55:25,023] {processor.py:153} INFO - Started process (PID=307) to work on /home/airflow/.local/lib/python3.7/site-packages/airflow/example_dags/tutorial_taskflow_api_etl.py
[2022-08-19 22:55:25,025] {processor.py:641} INFO - Processing file /home/airflow/.local/lib/python3.7/site-packages/airflow/example_dags/tutorial_taskflow_api_etl.py for tasks to queue
[2022-08-19 22:55:25,027] {logging_mixin.py:115} INFO - [2022-08-19 22:55:25,026] {dagbag.py:508} INFO - Filling up the DagBag from /home/airflow/.local/lib/python3.7/site-packages/airflow/example_dags/tutorial_taskflow_api_etl.py
[2022-08-19 22:55:25,041] {processor.py:651} INFO - DAG(s) dict_keys(['tutorial_taskflow_api_etl']) retrieved from /home/airflow/.local/lib/python3.7/site-packages/airflow/example_dags/tutorial_taskflow_api_etl.py
[2022-08-19 22:55:25,059] {logging_mixin.py:115} INFO - [2022-08-19 22:55:25,059] {dag.py:2420} INFO - Sync 1 DAGs
[2022-08-19 22:55:25,073] {logging_mixin.py:115} INFO - [2022-08-19 22:55:25,073] {dag.py:2972} INFO - Setting next_dagrun for tutorial_taskflow_api_etl to None, run_after=None
[2022-08-19 22:55:25,082] {processor.py:161} INFO - Processing /home/airflow/.local/lib/python3.7/site-packages/airflow/example_dags/tutorial_taskflow_api_etl.py took 0.063 seconds
[2022-08-19 22:55:55,562] {processor.py:153} INFO - Started process (PID=370) to work on /home/airflow/.local/lib/python3.7/site-packages/airflow/example_dags/tutorial_taskflow_api_etl.py
[2022-08-19 22:55:55,563] {processor.py:641} INFO - Processing file /home/airflow/.local/lib/python3.7/site-packages/airflow/example_dags/tutorial_taskflow_api_etl.py for tasks to queue
[2022-08-19 22:55:55,565] {logging_mixin.py:115} INFO - [2022-08-19 22:55:55,565] {dagbag.py:508} INFO - Filling up the DagBag from /home/airflow/.local/lib/python3.7/site-packages/airflow/example_dags/tutorial_taskflow_api_etl.py
[2022-08-19 22:55:55,580] {processor.py:651} INFO - DAG(s) dict_keys(['tutorial_taskflow_api_etl']) retrieved from /home/airflow/.local/lib/python3.7/site-packages/airflow/example_dags/tutorial_taskflow_api_etl.py
[2022-08-19 22:55:55,619] {logging_mixin.py:115} INFO - [2022-08-19 22:55:55,619] {dag.py:2420} INFO - Sync 1 DAGs
[2022-08-19 22:55:55,638] {logging_mixin.py:115} INFO - [2022-08-19 22:55:55,638] {dag.py:2972} INFO - Setting next_dagrun for tutorial_taskflow_api_etl to None, run_after=None
[2022-08-19 22:55:55,647] {processor.py:161} INFO - Processing /home/airflow/.local/lib/python3.7/site-packages/airflow/example_dags/tutorial_taskflow_api_etl.py took 0.090 seconds
[2022-08-19 22:56:26,044] {processor.py:153} INFO - Started process (PID=439) to work on /home/airflow/.local/lib/python3.7/site-packages/airflow/example_dags/tutorial_taskflow_api_etl.py
[2022-08-19 22:56:26,045] {processor.py:641} INFO - Processing file /home/airflow/.local/lib/python3.7/site-packages/airflow/example_dags/tutorial_taskflow_api_etl.py for tasks to queue
[2022-08-19 22:56:26,046] {logging_mixin.py:115} INFO - [2022-08-19 22:56:26,046] {dagbag.py:508} INFO - Filling up the DagBag from /home/airflow/.local/lib/python3.7/site-packages/airflow/example_dags/tutorial_taskflow_api_etl.py
[2022-08-19 22:56:26,058] {processor.py:651} INFO - DAG(s) dict_keys(['tutorial_taskflow_api_etl']) retrieved from /home/airflow/.local/lib/python3.7/site-packages/airflow/example_dags/tutorial_taskflow_api_etl.py
[2022-08-19 22:56:26,098] {logging_mixin.py:115} INFO - [2022-08-19 22:56:26,098] {dag.py:2420} INFO - Sync 1 DAGs
[2022-08-19 22:56:26,116] {logging_mixin.py:115} INFO - [2022-08-19 22:56:26,115] {dag.py:2972} INFO - Setting next_dagrun for tutorial_taskflow_api_etl to None, run_after=None
[2022-08-19 22:56:26,124] {processor.py:161} INFO - Processing /home/airflow/.local/lib/python3.7/site-packages/airflow/example_dags/tutorial_taskflow_api_etl.py took 0.083 seconds
[2022-08-19 22:56:56,455] {processor.py:153} INFO - Started process (PID=503) to work on /home/airflow/.local/lib/python3.7/site-packages/airflow/example_dags/tutorial_taskflow_api_etl.py
[2022-08-19 22:56:56,457] {processor.py:641} INFO - Processing file /home/airflow/.local/lib/python3.7/site-packages/airflow/example_dags/tutorial_taskflow_api_etl.py for tasks to queue
[2022-08-19 22:56:56,458] {logging_mixin.py:115} INFO - [2022-08-19 22:56:56,458] {dagbag.py:508} INFO - Filling up the DagBag from /home/airflow/.local/lib/python3.7/site-packages/airflow/example_dags/tutorial_taskflow_api_etl.py
[2022-08-19 22:56:56,471] {processor.py:651} INFO - DAG(s) dict_keys(['tutorial_taskflow_api_etl']) retrieved from /home/airflow/.local/lib/python3.7/site-packages/airflow/example_dags/tutorial_taskflow_api_etl.py
[2022-08-19 22:56:56,508] {logging_mixin.py:115} INFO - [2022-08-19 22:56:56,508] {dag.py:2420} INFO - Sync 1 DAGs
[2022-08-19 22:56:56,520] {logging_mixin.py:115} INFO - [2022-08-19 22:56:56,520] {dag.py:2972} INFO - Setting next_dagrun for tutorial_taskflow_api_etl to None, run_after=None
[2022-08-19 22:56:56,530] {processor.py:161} INFO - Processing /home/airflow/.local/lib/python3.7/site-packages/airflow/example_dags/tutorial_taskflow_api_etl.py took 0.080 seconds
[2022-08-19 22:57:26,880] {processor.py:153} INFO - Started process (PID=572) to work on /home/airflow/.local/lib/python3.7/site-packages/airflow/example_dags/tutorial_taskflow_api_etl.py
[2022-08-19 22:57:26,882] {processor.py:641} INFO - Processing file /home/airflow/.local/lib/python3.7/site-packages/airflow/example_dags/tutorial_taskflow_api_etl.py for tasks to queue
[2022-08-19 22:57:26,883] {logging_mixin.py:115} INFO - [2022-08-19 22:57:26,883] {dagbag.py:508} INFO - Filling up the DagBag from /home/airflow/.local/lib/python3.7/site-packages/airflow/example_dags/tutorial_taskflow_api_etl.py
[2022-08-19 22:57:26,897] {processor.py:651} INFO - DAG(s) dict_keys(['tutorial_taskflow_api_etl']) retrieved from /home/airflow/.local/lib/python3.7/site-packages/airflow/example_dags/tutorial_taskflow_api_etl.py
[2022-08-19 22:57:26,938] {logging_mixin.py:115} INFO - [2022-08-19 22:57:26,938] {dag.py:2420} INFO - Sync 1 DAGs
[2022-08-19 22:57:26,950] {logging_mixin.py:115} INFO - [2022-08-19 22:57:26,950] {dag.py:2972} INFO - Setting next_dagrun for tutorial_taskflow_api_etl to None, run_after=None
[2022-08-19 22:57:26,959] {processor.py:161} INFO - Processing /home/airflow/.local/lib/python3.7/site-packages/airflow/example_dags/tutorial_taskflow_api_etl.py took 0.081 seconds
[2022-08-19 22:57:57,261] {processor.py:153} INFO - Started process (PID=636) to work on /home/airflow/.local/lib/python3.7/site-packages/airflow/example_dags/tutorial_taskflow_api_etl.py
[2022-08-19 22:57:57,262] {processor.py:641} INFO - Processing file /home/airflow/.local/lib/python3.7/site-packages/airflow/example_dags/tutorial_taskflow_api_etl.py for tasks to queue
[2022-08-19 22:57:57,264] {logging_mixin.py:115} INFO - [2022-08-19 22:57:57,264] {dagbag.py:508} INFO - Filling up the DagBag from /home/airflow/.local/lib/python3.7/site-packages/airflow/example_dags/tutorial_taskflow_api_etl.py
[2022-08-19 22:57:57,276] {processor.py:651} INFO - DAG(s) dict_keys(['tutorial_taskflow_api_etl']) retrieved from /home/airflow/.local/lib/python3.7/site-packages/airflow/example_dags/tutorial_taskflow_api_etl.py
[2022-08-19 22:57:57,323] {logging_mixin.py:115} INFO - [2022-08-19 22:57:57,323] {dag.py:2420} INFO - Sync 1 DAGs
[2022-08-19 22:57:57,342] {logging_mixin.py:115} INFO - [2022-08-19 22:57:57,341] {dag.py:2972} INFO - Setting next_dagrun for tutorial_taskflow_api_etl to None, run_after=None
[2022-08-19 22:57:57,354] {processor.py:161} INFO - Processing /home/airflow/.local/lib/python3.7/site-packages/airflow/example_dags/tutorial_taskflow_api_etl.py took 0.097 seconds
[2022-08-19 22:58:27,790] {processor.py:153} INFO - Started process (PID=694) to work on /home/airflow/.local/lib/python3.7/site-packages/airflow/example_dags/tutorial_taskflow_api_etl.py
[2022-08-19 22:58:27,792] {processor.py:641} INFO - Processing file /home/airflow/.local/lib/python3.7/site-packages/airflow/example_dags/tutorial_taskflow_api_etl.py for tasks to queue
[2022-08-19 22:58:27,793] {logging_mixin.py:115} INFO - [2022-08-19 22:58:27,793] {dagbag.py:508} INFO - Filling up the DagBag from /home/airflow/.local/lib/python3.7/site-packages/airflow/example_dags/tutorial_taskflow_api_etl.py
[2022-08-19 22:58:27,806] {processor.py:651} INFO - DAG(s) dict_keys(['tutorial_taskflow_api_etl']) retrieved from /home/airflow/.local/lib/python3.7/site-packages/airflow/example_dags/tutorial_taskflow_api_etl.py
[2022-08-19 22:58:27,846] {logging_mixin.py:115} INFO - [2022-08-19 22:58:27,846] {dag.py:2420} INFO - Sync 1 DAGs
[2022-08-19 22:58:27,859] {logging_mixin.py:115} INFO - [2022-08-19 22:58:27,859] {dag.py:2972} INFO - Setting next_dagrun for tutorial_taskflow_api_etl to None, run_after=None
[2022-08-19 22:58:27,867] {processor.py:161} INFO - Processing /home/airflow/.local/lib/python3.7/site-packages/airflow/example_dags/tutorial_taskflow_api_etl.py took 0.080 seconds
[2022-08-19 22:58:58,162] {processor.py:153} INFO - Started process (PID=760) to work on /home/airflow/.local/lib/python3.7/site-packages/airflow/example_dags/tutorial_taskflow_api_etl.py
[2022-08-19 22:58:58,162] {processor.py:641} INFO - Processing file /home/airflow/.local/lib/python3.7/site-packages/airflow/example_dags/tutorial_taskflow_api_etl.py for tasks to queue
[2022-08-19 22:58:58,163] {logging_mixin.py:115} INFO - [2022-08-19 22:58:58,163] {dagbag.py:508} INFO - Filling up the DagBag from /home/airflow/.local/lib/python3.7/site-packages/airflow/example_dags/tutorial_taskflow_api_etl.py
[2022-08-19 22:58:58,175] {processor.py:651} INFO - DAG(s) dict_keys(['tutorial_taskflow_api_etl']) retrieved from /home/airflow/.local/lib/python3.7/site-packages/airflow/example_dags/tutorial_taskflow_api_etl.py
[2022-08-19 22:58:58,217] {logging_mixin.py:115} INFO - [2022-08-19 22:58:58,217] {dag.py:2420} INFO - Sync 1 DAGs
[2022-08-19 22:58:58,230] {logging_mixin.py:115} INFO - [2022-08-19 22:58:58,230] {dag.py:2972} INFO - Setting next_dagrun for tutorial_taskflow_api_etl to None, run_after=None
[2022-08-19 22:58:58,240] {processor.py:161} INFO - Processing /home/airflow/.local/lib/python3.7/site-packages/airflow/example_dags/tutorial_taskflow_api_etl.py took 0.080 seconds
[2022-08-19 22:59:28,654] {processor.py:153} INFO - Started process (PID=826) to work on /home/airflow/.local/lib/python3.7/site-packages/airflow/example_dags/tutorial_taskflow_api_etl.py
[2022-08-19 22:59:28,656] {processor.py:641} INFO - Processing file /home/airflow/.local/lib/python3.7/site-packages/airflow/example_dags/tutorial_taskflow_api_etl.py for tasks to queue
[2022-08-19 22:59:28,659] {logging_mixin.py:115} INFO - [2022-08-19 22:59:28,659] {dagbag.py:508} INFO - Filling up the DagBag from /home/airflow/.local/lib/python3.7/site-packages/airflow/example_dags/tutorial_taskflow_api_etl.py
[2022-08-19 22:59:28,674] {processor.py:651} INFO - DAG(s) dict_keys(['tutorial_taskflow_api_etl']) retrieved from /home/airflow/.local/lib/python3.7/site-packages/airflow/example_dags/tutorial_taskflow_api_etl.py
[2022-08-19 22:59:28,692] {logging_mixin.py:115} INFO - [2022-08-19 22:59:28,692] {dag.py:2420} INFO - Sync 1 DAGs
[2022-08-19 22:59:28,705] {logging_mixin.py:115} INFO - [2022-08-19 22:59:28,705] {dag.py:2972} INFO - Setting next_dagrun for tutorial_taskflow_api_etl to None, run_after=None
[2022-08-19 22:59:28,713] {processor.py:161} INFO - Processing /home/airflow/.local/lib/python3.7/site-packages/airflow/example_dags/tutorial_taskflow_api_etl.py took 0.062 seconds
[2022-08-19 22:59:59,151] {processor.py:153} INFO - Started process (PID=894) to work on /home/airflow/.local/lib/python3.7/site-packages/airflow/example_dags/tutorial_taskflow_api_etl.py
[2022-08-19 22:59:59,153] {processor.py:641} INFO - Processing file /home/airflow/.local/lib/python3.7/site-packages/airflow/example_dags/tutorial_taskflow_api_etl.py for tasks to queue
[2022-08-19 22:59:59,154] {logging_mixin.py:115} INFO - [2022-08-19 22:59:59,154] {dagbag.py:508} INFO - Filling up the DagBag from /home/airflow/.local/lib/python3.7/site-packages/airflow/example_dags/tutorial_taskflow_api_etl.py
[2022-08-19 22:59:59,170] {processor.py:651} INFO - DAG(s) dict_keys(['tutorial_taskflow_api_etl']) retrieved from /home/airflow/.local/lib/python3.7/site-packages/airflow/example_dags/tutorial_taskflow_api_etl.py
[2022-08-19 22:59:59,212] {logging_mixin.py:115} INFO - [2022-08-19 22:59:59,211] {dag.py:2420} INFO - Sync 1 DAGs
[2022-08-19 22:59:59,224] {logging_mixin.py:115} INFO - [2022-08-19 22:59:59,224] {dag.py:2972} INFO - Setting next_dagrun for tutorial_taskflow_api_etl to None, run_after=None
[2022-08-19 22:59:59,234] {processor.py:161} INFO - Processing /home/airflow/.local/lib/python3.7/site-packages/airflow/example_dags/tutorial_taskflow_api_etl.py took 0.088 seconds
[2022-08-19 23:00:29,639] {processor.py:153} INFO - Started process (PID=960) to work on /home/airflow/.local/lib/python3.7/site-packages/airflow/example_dags/tutorial_taskflow_api_etl.py
[2022-08-19 23:00:29,641] {processor.py:641} INFO - Processing file /home/airflow/.local/lib/python3.7/site-packages/airflow/example_dags/tutorial_taskflow_api_etl.py for tasks to queue
[2022-08-19 23:00:29,642] {logging_mixin.py:115} INFO - [2022-08-19 23:00:29,642] {dagbag.py:508} INFO - Filling up the DagBag from /home/airflow/.local/lib/python3.7/site-packages/airflow/example_dags/tutorial_taskflow_api_etl.py
[2022-08-19 23:00:29,656] {processor.py:651} INFO - DAG(s) dict_keys(['tutorial_taskflow_api_etl']) retrieved from /home/airflow/.local/lib/python3.7/site-packages/airflow/example_dags/tutorial_taskflow_api_etl.py
[2022-08-19 23:00:29,696] {logging_mixin.py:115} INFO - [2022-08-19 23:00:29,696] {dag.py:2420} INFO - Sync 1 DAGs
[2022-08-19 23:00:29,711] {logging_mixin.py:115} INFO - [2022-08-19 23:00:29,711] {dag.py:2972} INFO - Setting next_dagrun for tutorial_taskflow_api_etl to None, run_after=None
[2022-08-19 23:00:29,721] {processor.py:161} INFO - Processing /home/airflow/.local/lib/python3.7/site-packages/airflow/example_dags/tutorial_taskflow_api_etl.py took 0.086 seconds
[2022-08-19 23:01:00,018] {processor.py:153} INFO - Started process (PID=1018) to work on /home/airflow/.local/lib/python3.7/site-packages/airflow/example_dags/tutorial_taskflow_api_etl.py
[2022-08-19 23:01:00,021] {processor.py:641} INFO - Processing file /home/airflow/.local/lib/python3.7/site-packages/airflow/example_dags/tutorial_taskflow_api_etl.py for tasks to queue
[2022-08-19 23:01:00,023] {logging_mixin.py:115} INFO - [2022-08-19 23:01:00,023] {dagbag.py:508} INFO - Filling up the DagBag from /home/airflow/.local/lib/python3.7/site-packages/airflow/example_dags/tutorial_taskflow_api_etl.py
[2022-08-19 23:01:00,036] {processor.py:651} INFO - DAG(s) dict_keys(['tutorial_taskflow_api_etl']) retrieved from /home/airflow/.local/lib/python3.7/site-packages/airflow/example_dags/tutorial_taskflow_api_etl.py
[2022-08-19 23:01:00,055] {logging_mixin.py:115} INFO - [2022-08-19 23:01:00,055] {dag.py:2420} INFO - Sync 1 DAGs
[2022-08-19 23:01:00,070] {logging_mixin.py:115} INFO - [2022-08-19 23:01:00,070] {dag.py:2972} INFO - Setting next_dagrun for tutorial_taskflow_api_etl to None, run_after=None
[2022-08-19 23:01:00,078] {processor.py:161} INFO - Processing /home/airflow/.local/lib/python3.7/site-packages/airflow/example_dags/tutorial_taskflow_api_etl.py took 0.064 seconds
[2022-08-19 23:01:30,452] {processor.py:153} INFO - Started process (PID=1084) to work on /home/airflow/.local/lib/python3.7/site-packages/airflow/example_dags/tutorial_taskflow_api_etl.py
[2022-08-19 23:01:30,453] {processor.py:641} INFO - Processing file /home/airflow/.local/lib/python3.7/site-packages/airflow/example_dags/tutorial_taskflow_api_etl.py for tasks to queue
[2022-08-19 23:01:30,455] {logging_mixin.py:115} INFO - [2022-08-19 23:01:30,455] {dagbag.py:508} INFO - Filling up the DagBag from /home/airflow/.local/lib/python3.7/site-packages/airflow/example_dags/tutorial_taskflow_api_etl.py
[2022-08-19 23:01:30,468] {processor.py:651} INFO - DAG(s) dict_keys(['tutorial_taskflow_api_etl']) retrieved from /home/airflow/.local/lib/python3.7/site-packages/airflow/example_dags/tutorial_taskflow_api_etl.py
[2022-08-19 23:01:30,505] {logging_mixin.py:115} INFO - [2022-08-19 23:01:30,505] {dag.py:2420} INFO - Sync 1 DAGs
[2022-08-19 23:01:30,519] {logging_mixin.py:115} INFO - [2022-08-19 23:01:30,519] {dag.py:2972} INFO - Setting next_dagrun for tutorial_taskflow_api_etl to None, run_after=None
[2022-08-19 23:01:30,529] {processor.py:161} INFO - Processing /home/airflow/.local/lib/python3.7/site-packages/airflow/example_dags/tutorial_taskflow_api_etl.py took 0.081 seconds
[2022-08-19 23:02:00,944] {processor.py:153} INFO - Started process (PID=1150) to work on /home/airflow/.local/lib/python3.7/site-packages/airflow/example_dags/tutorial_taskflow_api_etl.py
[2022-08-19 23:02:00,945] {processor.py:641} INFO - Processing file /home/airflow/.local/lib/python3.7/site-packages/airflow/example_dags/tutorial_taskflow_api_etl.py for tasks to queue
[2022-08-19 23:02:00,946] {logging_mixin.py:115} INFO - [2022-08-19 23:02:00,946] {dagbag.py:508} INFO - Filling up the DagBag from /home/airflow/.local/lib/python3.7/site-packages/airflow/example_dags/tutorial_taskflow_api_etl.py
[2022-08-19 23:02:00,960] {processor.py:651} INFO - DAG(s) dict_keys(['tutorial_taskflow_api_etl']) retrieved from /home/airflow/.local/lib/python3.7/site-packages/airflow/example_dags/tutorial_taskflow_api_etl.py
[2022-08-19 23:02:00,978] {logging_mixin.py:115} INFO - [2022-08-19 23:02:00,978] {dag.py:2420} INFO - Sync 1 DAGs
[2022-08-19 23:02:00,990] {logging_mixin.py:115} INFO - [2022-08-19 23:02:00,990] {dag.py:2972} INFO - Setting next_dagrun for tutorial_taskflow_api_etl to None, run_after=None
[2022-08-19 23:02:01,014] {processor.py:161} INFO - Processing /home/airflow/.local/lib/python3.7/site-packages/airflow/example_dags/tutorial_taskflow_api_etl.py took 0.074 seconds
[2022-08-19 23:02:31,419] {processor.py:153} INFO - Started process (PID=1212) to work on /home/airflow/.local/lib/python3.7/site-packages/airflow/example_dags/tutorial_taskflow_api_etl.py
[2022-08-19 23:02:31,420] {processor.py:641} INFO - Processing file /home/airflow/.local/lib/python3.7/site-packages/airflow/example_dags/tutorial_taskflow_api_etl.py for tasks to queue
[2022-08-19 23:02:31,421] {logging_mixin.py:115} INFO - [2022-08-19 23:02:31,421] {dagbag.py:508} INFO - Filling up the DagBag from /home/airflow/.local/lib/python3.7/site-packages/airflow/example_dags/tutorial_taskflow_api_etl.py
[2022-08-19 23:02:31,430] {processor.py:651} INFO - DAG(s) dict_keys(['tutorial_taskflow_api_etl']) retrieved from /home/airflow/.local/lib/python3.7/site-packages/airflow/example_dags/tutorial_taskflow_api_etl.py
[2022-08-19 23:02:31,445] {logging_mixin.py:115} INFO - [2022-08-19 23:02:31,445] {dag.py:2420} INFO - Sync 1 DAGs
[2022-08-19 23:02:31,457] {logging_mixin.py:115} INFO - [2022-08-19 23:02:31,457] {dag.py:2972} INFO - Setting next_dagrun for tutorial_taskflow_api_etl to None, run_after=None
[2022-08-19 23:02:31,465] {processor.py:161} INFO - Processing /home/airflow/.local/lib/python3.7/site-packages/airflow/example_dags/tutorial_taskflow_api_etl.py took 0.049 seconds
[2022-08-19 23:03:01,850] {processor.py:153} INFO - Started process (PID=1277) to work on /home/airflow/.local/lib/python3.7/site-packages/airflow/example_dags/tutorial_taskflow_api_etl.py
[2022-08-19 23:03:01,851] {processor.py:641} INFO - Processing file /home/airflow/.local/lib/python3.7/site-packages/airflow/example_dags/tutorial_taskflow_api_etl.py for tasks to queue
[2022-08-19 23:03:01,853] {logging_mixin.py:115} INFO - [2022-08-19 23:03:01,853] {dagbag.py:508} INFO - Filling up the DagBag from /home/airflow/.local/lib/python3.7/site-packages/airflow/example_dags/tutorial_taskflow_api_etl.py
[2022-08-19 23:03:01,863] {processor.py:651} INFO - DAG(s) dict_keys(['tutorial_taskflow_api_etl']) retrieved from /home/airflow/.local/lib/python3.7/site-packages/airflow/example_dags/tutorial_taskflow_api_etl.py
[2022-08-19 23:03:01,878] {logging_mixin.py:115} INFO - [2022-08-19 23:03:01,878] {dag.py:2420} INFO - Sync 1 DAGs
[2022-08-19 23:03:01,890] {logging_mixin.py:115} INFO - [2022-08-19 23:03:01,890] {dag.py:2972} INFO - Setting next_dagrun for tutorial_taskflow_api_etl to None, run_after=None
[2022-08-19 23:03:01,898] {processor.py:161} INFO - Processing /home/airflow/.local/lib/python3.7/site-packages/airflow/example_dags/tutorial_taskflow_api_etl.py took 0.051 seconds
[2022-08-19 23:03:32,288] {processor.py:153} INFO - Started process (PID=1344) to work on /home/airflow/.local/lib/python3.7/site-packages/airflow/example_dags/tutorial_taskflow_api_etl.py
[2022-08-19 23:03:32,290] {processor.py:641} INFO - Processing file /home/airflow/.local/lib/python3.7/site-packages/airflow/example_dags/tutorial_taskflow_api_etl.py for tasks to queue
[2022-08-19 23:03:32,291] {logging_mixin.py:115} INFO - [2022-08-19 23:03:32,291] {dagbag.py:508} INFO - Filling up the DagBag from /home/airflow/.local/lib/python3.7/site-packages/airflow/example_dags/tutorial_taskflow_api_etl.py
[2022-08-19 23:03:32,306] {processor.py:651} INFO - DAG(s) dict_keys(['tutorial_taskflow_api_etl']) retrieved from /home/airflow/.local/lib/python3.7/site-packages/airflow/example_dags/tutorial_taskflow_api_etl.py
[2022-08-19 23:03:32,345] {logging_mixin.py:115} INFO - [2022-08-19 23:03:32,345] {dag.py:2420} INFO - Sync 1 DAGs
[2022-08-19 23:03:32,357] {logging_mixin.py:115} INFO - [2022-08-19 23:03:32,357] {dag.py:2972} INFO - Setting next_dagrun for tutorial_taskflow_api_etl to None, run_after=None
[2022-08-19 23:03:32,367] {processor.py:161} INFO - Processing /home/airflow/.local/lib/python3.7/site-packages/airflow/example_dags/tutorial_taskflow_api_etl.py took 0.082 seconds
[2022-08-19 23:04:02,801] {processor.py:153} INFO - Started process (PID=1401) to work on /home/airflow/.local/lib/python3.7/site-packages/airflow/example_dags/tutorial_taskflow_api_etl.py
[2022-08-19 23:04:02,803] {processor.py:641} INFO - Processing file /home/airflow/.local/lib/python3.7/site-packages/airflow/example_dags/tutorial_taskflow_api_etl.py for tasks to queue
[2022-08-19 23:04:02,804] {logging_mixin.py:115} INFO - [2022-08-19 23:04:02,804] {dagbag.py:508} INFO - Filling up the DagBag from /home/airflow/.local/lib/python3.7/site-packages/airflow/example_dags/tutorial_taskflow_api_etl.py
[2022-08-19 23:04:02,817] {processor.py:651} INFO - DAG(s) dict_keys(['tutorial_taskflow_api_etl']) retrieved from /home/airflow/.local/lib/python3.7/site-packages/airflow/example_dags/tutorial_taskflow_api_etl.py
[2022-08-19 23:04:02,855] {logging_mixin.py:115} INFO - [2022-08-19 23:04:02,855] {dag.py:2420} INFO - Sync 1 DAGs
[2022-08-19 23:04:02,868] {logging_mixin.py:115} INFO - [2022-08-19 23:04:02,868] {dag.py:2972} INFO - Setting next_dagrun for tutorial_taskflow_api_etl to None, run_after=None
[2022-08-19 23:04:02,878] {processor.py:161} INFO - Processing /home/airflow/.local/lib/python3.7/site-packages/airflow/example_dags/tutorial_taskflow_api_etl.py took 0.081 seconds
[2022-08-19 23:04:32,980] {processor.py:153} INFO - Started process (PID=1478) to work on /home/airflow/.local/lib/python3.7/site-packages/airflow/example_dags/tutorial_taskflow_api_etl.py
[2022-08-19 23:04:32,982] {processor.py:641} INFO - Processing file /home/airflow/.local/lib/python3.7/site-packages/airflow/example_dags/tutorial_taskflow_api_etl.py for tasks to queue
[2022-08-19 23:04:32,983] {logging_mixin.py:115} INFO - [2022-08-19 23:04:32,983] {dagbag.py:508} INFO - Filling up the DagBag from /home/airflow/.local/lib/python3.7/site-packages/airflow/example_dags/tutorial_taskflow_api_etl.py
[2022-08-19 23:04:32,994] {processor.py:651} INFO - DAG(s) dict_keys(['tutorial_taskflow_api_etl']) retrieved from /home/airflow/.local/lib/python3.7/site-packages/airflow/example_dags/tutorial_taskflow_api_etl.py
[2022-08-19 23:04:33,035] {logging_mixin.py:115} INFO - [2022-08-19 23:04:33,035] {dag.py:2420} INFO - Sync 1 DAGs
[2022-08-19 23:04:33,048] {logging_mixin.py:115} INFO - [2022-08-19 23:04:33,047] {dag.py:2972} INFO - Setting next_dagrun for tutorial_taskflow_api_etl to None, run_after=None
[2022-08-19 23:04:33,057] {processor.py:161} INFO - Processing /home/airflow/.local/lib/python3.7/site-packages/airflow/example_dags/tutorial_taskflow_api_etl.py took 0.079 seconds
[2022-08-19 23:05:03,658] {processor.py:153} INFO - Started process (PID=1546) to work on /home/airflow/.local/lib/python3.7/site-packages/airflow/example_dags/tutorial_taskflow_api_etl.py
[2022-08-19 23:05:03,660] {processor.py:641} INFO - Processing file /home/airflow/.local/lib/python3.7/site-packages/airflow/example_dags/tutorial_taskflow_api_etl.py for tasks to queue
[2022-08-19 23:05:03,661] {logging_mixin.py:115} INFO - [2022-08-19 23:05:03,661] {dagbag.py:508} INFO - Filling up the DagBag from /home/airflow/.local/lib/python3.7/site-packages/airflow/example_dags/tutorial_taskflow_api_etl.py
[2022-08-19 23:05:03,676] {processor.py:651} INFO - DAG(s) dict_keys(['tutorial_taskflow_api_etl']) retrieved from /home/airflow/.local/lib/python3.7/site-packages/airflow/example_dags/tutorial_taskflow_api_etl.py
[2022-08-19 23:05:03,693] {logging_mixin.py:115} INFO - [2022-08-19 23:05:03,693] {dag.py:2420} INFO - Sync 1 DAGs
[2022-08-19 23:05:03,707] {logging_mixin.py:115} INFO - [2022-08-19 23:05:03,707] {dag.py:2972} INFO - Setting next_dagrun for tutorial_taskflow_api_etl to None, run_after=None
[2022-08-19 23:05:03,715] {processor.py:161} INFO - Processing /home/airflow/.local/lib/python3.7/site-packages/airflow/example_dags/tutorial_taskflow_api_etl.py took 0.061 seconds
[2022-08-19 23:05:34,311] {processor.py:153} INFO - Started process (PID=1619) to work on /home/airflow/.local/lib/python3.7/site-packages/airflow/example_dags/tutorial_taskflow_api_etl.py
[2022-08-19 23:05:34,313] {processor.py:641} INFO - Processing file /home/airflow/.local/lib/python3.7/site-packages/airflow/example_dags/tutorial_taskflow_api_etl.py for tasks to queue
[2022-08-19 23:05:34,315] {logging_mixin.py:115} INFO - [2022-08-19 23:05:34,315] {dagbag.py:508} INFO - Filling up the DagBag from /home/airflow/.local/lib/python3.7/site-packages/airflow/example_dags/tutorial_taskflow_api_etl.py
[2022-08-19 23:05:34,329] {processor.py:651} INFO - DAG(s) dict_keys(['tutorial_taskflow_api_etl']) retrieved from /home/airflow/.local/lib/python3.7/site-packages/airflow/example_dags/tutorial_taskflow_api_etl.py
[2022-08-19 23:05:34,348] {logging_mixin.py:115} INFO - [2022-08-19 23:05:34,348] {dag.py:2420} INFO - Sync 1 DAGs
[2022-08-19 23:05:34,361] {logging_mixin.py:115} INFO - [2022-08-19 23:05:34,361] {dag.py:2972} INFO - Setting next_dagrun for tutorial_taskflow_api_etl to None, run_after=None
[2022-08-19 23:05:34,368] {processor.py:161} INFO - Processing /home/airflow/.local/lib/python3.7/site-packages/airflow/example_dags/tutorial_taskflow_api_etl.py took 0.060 seconds
[2022-08-19 23:06:04,839] {processor.py:153} INFO - Started process (PID=1710) to work on /home/airflow/.local/lib/python3.7/site-packages/airflow/example_dags/tutorial_taskflow_api_etl.py
[2022-08-19 23:06:04,841] {processor.py:641} INFO - Processing file /home/airflow/.local/lib/python3.7/site-packages/airflow/example_dags/tutorial_taskflow_api_etl.py for tasks to queue
[2022-08-19 23:06:04,843] {logging_mixin.py:115} INFO - [2022-08-19 23:06:04,843] {dagbag.py:508} INFO - Filling up the DagBag from /home/airflow/.local/lib/python3.7/site-packages/airflow/example_dags/tutorial_taskflow_api_etl.py
[2022-08-19 23:06:04,855] {processor.py:651} INFO - DAG(s) dict_keys(['tutorial_taskflow_api_etl']) retrieved from /home/airflow/.local/lib/python3.7/site-packages/airflow/example_dags/tutorial_taskflow_api_etl.py
[2022-08-19 23:06:04,877] {logging_mixin.py:115} INFO - [2022-08-19 23:06:04,877] {dag.py:2420} INFO - Sync 1 DAGs
[2022-08-19 23:06:04,895] {logging_mixin.py:115} INFO - [2022-08-19 23:06:04,895] {dag.py:2972} INFO - Setting next_dagrun for tutorial_taskflow_api_etl to None, run_after=None
[2022-08-19 23:06:04,905] {processor.py:161} INFO - Processing /home/airflow/.local/lib/python3.7/site-packages/airflow/example_dags/tutorial_taskflow_api_etl.py took 0.069 seconds
[2022-08-19 23:06:34,984] {processor.py:153} INFO - Started process (PID=1812) to work on /home/airflow/.local/lib/python3.7/site-packages/airflow/example_dags/tutorial_taskflow_api_etl.py
[2022-08-19 23:06:34,987] {processor.py:641} INFO - Processing file /home/airflow/.local/lib/python3.7/site-packages/airflow/example_dags/tutorial_taskflow_api_etl.py for tasks to queue
[2022-08-19 23:06:34,989] {logging_mixin.py:115} INFO - [2022-08-19 23:06:34,989] {dagbag.py:508} INFO - Filling up the DagBag from /home/airflow/.local/lib/python3.7/site-packages/airflow/example_dags/tutorial_taskflow_api_etl.py
[2022-08-19 23:06:35,012] {processor.py:651} INFO - DAG(s) dict_keys(['tutorial_taskflow_api_etl']) retrieved from /home/airflow/.local/lib/python3.7/site-packages/airflow/example_dags/tutorial_taskflow_api_etl.py
[2022-08-19 23:06:35,128] {logging_mixin.py:115} INFO - [2022-08-19 23:06:35,127] {dag.py:2420} INFO - Sync 1 DAGs
[2022-08-19 23:06:35,156] {logging_mixin.py:115} INFO - [2022-08-19 23:06:35,156] {dag.py:2972} INFO - Setting next_dagrun for tutorial_taskflow_api_etl to None, run_after=None
[2022-08-19 23:06:35,194] {processor.py:161} INFO - Processing /home/airflow/.local/lib/python3.7/site-packages/airflow/example_dags/tutorial_taskflow_api_etl.py took 0.214 seconds
[2022-08-19 23:07:05,830] {processor.py:153} INFO - Started process (PID=1959) to work on /home/airflow/.local/lib/python3.7/site-packages/airflow/example_dags/tutorial_taskflow_api_etl.py
[2022-08-19 23:07:05,831] {processor.py:641} INFO - Processing file /home/airflow/.local/lib/python3.7/site-packages/airflow/example_dags/tutorial_taskflow_api_etl.py for tasks to queue
[2022-08-19 23:07:05,832] {logging_mixin.py:115} INFO - [2022-08-19 23:07:05,832] {dagbag.py:508} INFO - Filling up the DagBag from /home/airflow/.local/lib/python3.7/site-packages/airflow/example_dags/tutorial_taskflow_api_etl.py
[2022-08-19 23:07:05,853] {processor.py:651} INFO - DAG(s) dict_keys(['tutorial_taskflow_api_etl']) retrieved from /home/airflow/.local/lib/python3.7/site-packages/airflow/example_dags/tutorial_taskflow_api_etl.py
[2022-08-19 23:07:05,873] {logging_mixin.py:115} INFO - [2022-08-19 23:07:05,873] {dag.py:2420} INFO - Sync 1 DAGs
[2022-08-19 23:07:05,900] {logging_mixin.py:115} INFO - [2022-08-19 23:07:05,899] {dag.py:2972} INFO - Setting next_dagrun for tutorial_taskflow_api_etl to None, run_after=None
[2022-08-19 23:07:05,914] {processor.py:161} INFO - Processing /home/airflow/.local/lib/python3.7/site-packages/airflow/example_dags/tutorial_taskflow_api_etl.py took 0.089 seconds
[2022-08-19 23:07:36,521] {processor.py:153} INFO - Started process (PID=2087) to work on /home/airflow/.local/lib/python3.7/site-packages/airflow/example_dags/tutorial_taskflow_api_etl.py
[2022-08-19 23:07:36,522] {processor.py:641} INFO - Processing file /home/airflow/.local/lib/python3.7/site-packages/airflow/example_dags/tutorial_taskflow_api_etl.py for tasks to queue
[2022-08-19 23:07:36,523] {logging_mixin.py:115} INFO - [2022-08-19 23:07:36,522] {dagbag.py:508} INFO - Filling up the DagBag from /home/airflow/.local/lib/python3.7/site-packages/airflow/example_dags/tutorial_taskflow_api_etl.py
[2022-08-19 23:07:36,544] {processor.py:651} INFO - DAG(s) dict_keys(['tutorial_taskflow_api_etl']) retrieved from /home/airflow/.local/lib/python3.7/site-packages/airflow/example_dags/tutorial_taskflow_api_etl.py
[2022-08-19 23:07:36,572] {logging_mixin.py:115} INFO - [2022-08-19 23:07:36,572] {dag.py:2420} INFO - Sync 1 DAGs
[2022-08-19 23:07:36,601] {logging_mixin.py:115} INFO - [2022-08-19 23:07:36,601] {dag.py:2972} INFO - Setting next_dagrun for tutorial_taskflow_api_etl to None, run_after=None
[2022-08-19 23:07:36,617] {processor.py:161} INFO - Processing /home/airflow/.local/lib/python3.7/site-packages/airflow/example_dags/tutorial_taskflow_api_etl.py took 0.099 seconds
[2022-08-19 23:08:06,734] {processor.py:153} INFO - Started process (PID=2203) to work on /home/airflow/.local/lib/python3.7/site-packages/airflow/example_dags/tutorial_taskflow_api_etl.py
[2022-08-19 23:08:06,736] {processor.py:641} INFO - Processing file /home/airflow/.local/lib/python3.7/site-packages/airflow/example_dags/tutorial_taskflow_api_etl.py for tasks to queue
[2022-08-19 23:08:06,738] {logging_mixin.py:115} INFO - [2022-08-19 23:08:06,738] {dagbag.py:508} INFO - Filling up the DagBag from /home/airflow/.local/lib/python3.7/site-packages/airflow/example_dags/tutorial_taskflow_api_etl.py
[2022-08-19 23:08:06,784] {processor.py:651} INFO - DAG(s) dict_keys(['tutorial_taskflow_api_etl']) retrieved from /home/airflow/.local/lib/python3.7/site-packages/airflow/example_dags/tutorial_taskflow_api_etl.py
[2022-08-19 23:08:06,822] {logging_mixin.py:115} INFO - [2022-08-19 23:08:06,822] {dag.py:2420} INFO - Sync 1 DAGs
[2022-08-19 23:08:06,841] {logging_mixin.py:115} INFO - [2022-08-19 23:08:06,841] {dag.py:2972} INFO - Setting next_dagrun for tutorial_taskflow_api_etl to None, run_after=None
[2022-08-19 23:08:06,852] {processor.py:161} INFO - Processing /home/airflow/.local/lib/python3.7/site-packages/airflow/example_dags/tutorial_taskflow_api_etl.py took 0.121 seconds
[2022-08-19 23:08:37,381] {processor.py:153} INFO - Started process (PID=2322) to work on /home/airflow/.local/lib/python3.7/site-packages/airflow/example_dags/tutorial_taskflow_api_etl.py
[2022-08-19 23:08:37,384] {processor.py:641} INFO - Processing file /home/airflow/.local/lib/python3.7/site-packages/airflow/example_dags/tutorial_taskflow_api_etl.py for tasks to queue
[2022-08-19 23:08:37,388] {logging_mixin.py:115} INFO - [2022-08-19 23:08:37,388] {dagbag.py:508} INFO - Filling up the DagBag from /home/airflow/.local/lib/python3.7/site-packages/airflow/example_dags/tutorial_taskflow_api_etl.py
[2022-08-19 23:08:37,412] {processor.py:651} INFO - DAG(s) dict_keys(['tutorial_taskflow_api_etl']) retrieved from /home/airflow/.local/lib/python3.7/site-packages/airflow/example_dags/tutorial_taskflow_api_etl.py
[2022-08-19 23:08:37,465] {logging_mixin.py:115} INFO - [2022-08-19 23:08:37,465] {dag.py:2420} INFO - Sync 1 DAGs
[2022-08-19 23:08:37,482] {logging_mixin.py:115} INFO - [2022-08-19 23:08:37,482] {dag.py:2972} INFO - Setting next_dagrun for tutorial_taskflow_api_etl to None, run_after=None
[2022-08-19 23:08:37,496] {processor.py:161} INFO - Processing /home/airflow/.local/lib/python3.7/site-packages/airflow/example_dags/tutorial_taskflow_api_etl.py took 0.117 seconds
[2022-08-19 23:09:07,590] {processor.py:153} INFO - Started process (PID=2450) to work on /home/airflow/.local/lib/python3.7/site-packages/airflow/example_dags/tutorial_taskflow_api_etl.py
[2022-08-19 23:09:07,592] {processor.py:641} INFO - Processing file /home/airflow/.local/lib/python3.7/site-packages/airflow/example_dags/tutorial_taskflow_api_etl.py for tasks to queue
[2022-08-19 23:09:07,593] {logging_mixin.py:115} INFO - [2022-08-19 23:09:07,593] {dagbag.py:508} INFO - Filling up the DagBag from /home/airflow/.local/lib/python3.7/site-packages/airflow/example_dags/tutorial_taskflow_api_etl.py
[2022-08-19 23:09:07,612] {processor.py:651} INFO - DAG(s) dict_keys(['tutorial_taskflow_api_etl']) retrieved from /home/airflow/.local/lib/python3.7/site-packages/airflow/example_dags/tutorial_taskflow_api_etl.py
[2022-08-19 23:09:07,648] {logging_mixin.py:115} INFO - [2022-08-19 23:09:07,648] {dag.py:2420} INFO - Sync 1 DAGs
[2022-08-19 23:09:07,671] {logging_mixin.py:115} INFO - [2022-08-19 23:09:07,671] {dag.py:2972} INFO - Setting next_dagrun for tutorial_taskflow_api_etl to None, run_after=None
[2022-08-19 23:09:07,684] {processor.py:161} INFO - Processing /home/airflow/.local/lib/python3.7/site-packages/airflow/example_dags/tutorial_taskflow_api_etl.py took 0.097 seconds
[2022-08-19 23:09:38,156] {processor.py:153} INFO - Started process (PID=2573) to work on /home/airflow/.local/lib/python3.7/site-packages/airflow/example_dags/tutorial_taskflow_api_etl.py
[2022-08-19 23:09:38,159] {processor.py:641} INFO - Processing file /home/airflow/.local/lib/python3.7/site-packages/airflow/example_dags/tutorial_taskflow_api_etl.py for tasks to queue
[2022-08-19 23:09:38,160] {logging_mixin.py:115} INFO - [2022-08-19 23:09:38,160] {dagbag.py:508} INFO - Filling up the DagBag from /home/airflow/.local/lib/python3.7/site-packages/airflow/example_dags/tutorial_taskflow_api_etl.py
[2022-08-19 23:09:38,177] {processor.py:651} INFO - DAG(s) dict_keys(['tutorial_taskflow_api_etl']) retrieved from /home/airflow/.local/lib/python3.7/site-packages/airflow/example_dags/tutorial_taskflow_api_etl.py
[2022-08-19 23:09:38,202] {logging_mixin.py:115} INFO - [2022-08-19 23:09:38,202] {dag.py:2420} INFO - Sync 1 DAGs
[2022-08-19 23:09:38,224] {logging_mixin.py:115} INFO - [2022-08-19 23:09:38,224] {dag.py:2972} INFO - Setting next_dagrun for tutorial_taskflow_api_etl to None, run_after=None
[2022-08-19 23:09:38,243] {processor.py:161} INFO - Processing /home/airflow/.local/lib/python3.7/site-packages/airflow/example_dags/tutorial_taskflow_api_etl.py took 0.090 seconds
[2022-08-19 23:10:08,468] {processor.py:153} INFO - Started process (PID=2713) to work on /home/airflow/.local/lib/python3.7/site-packages/airflow/example_dags/tutorial_taskflow_api_etl.py
[2022-08-19 23:10:08,470] {processor.py:641} INFO - Processing file /home/airflow/.local/lib/python3.7/site-packages/airflow/example_dags/tutorial_taskflow_api_etl.py for tasks to queue
[2022-08-19 23:10:08,472] {logging_mixin.py:115} INFO - [2022-08-19 23:10:08,472] {dagbag.py:508} INFO - Filling up the DagBag from /home/airflow/.local/lib/python3.7/site-packages/airflow/example_dags/tutorial_taskflow_api_etl.py
[2022-08-19 23:10:08,487] {processor.py:651} INFO - DAG(s) dict_keys(['tutorial_taskflow_api_etl']) retrieved from /home/airflow/.local/lib/python3.7/site-packages/airflow/example_dags/tutorial_taskflow_api_etl.py
[2022-08-19 23:10:08,529] {logging_mixin.py:115} INFO - [2022-08-19 23:10:08,529] {dag.py:2420} INFO - Sync 1 DAGs
[2022-08-19 23:10:08,542] {logging_mixin.py:115} INFO - [2022-08-19 23:10:08,542] {dag.py:2972} INFO - Setting next_dagrun for tutorial_taskflow_api_etl to None, run_after=None
[2022-08-19 23:10:08,551] {processor.py:161} INFO - Processing /home/airflow/.local/lib/python3.7/site-packages/airflow/example_dags/tutorial_taskflow_api_etl.py took 0.086 seconds
[2022-08-19 23:10:38,834] {processor.py:153} INFO - Started process (PID=2831) to work on /home/airflow/.local/lib/python3.7/site-packages/airflow/example_dags/tutorial_taskflow_api_etl.py
[2022-08-19 23:10:38,835] {processor.py:641} INFO - Processing file /home/airflow/.local/lib/python3.7/site-packages/airflow/example_dags/tutorial_taskflow_api_etl.py for tasks to queue
[2022-08-19 23:10:38,836] {logging_mixin.py:115} INFO - [2022-08-19 23:10:38,835] {dagbag.py:508} INFO - Filling up the DagBag from /home/airflow/.local/lib/python3.7/site-packages/airflow/example_dags/tutorial_taskflow_api_etl.py
[2022-08-19 23:10:38,854] {processor.py:651} INFO - DAG(s) dict_keys(['tutorial_taskflow_api_etl']) retrieved from /home/airflow/.local/lib/python3.7/site-packages/airflow/example_dags/tutorial_taskflow_api_etl.py
[2022-08-19 23:10:38,886] {logging_mixin.py:115} INFO - [2022-08-19 23:10:38,886] {dag.py:2420} INFO - Sync 1 DAGs
[2022-08-19 23:10:38,918] {logging_mixin.py:115} INFO - [2022-08-19 23:10:38,918] {dag.py:2972} INFO - Setting next_dagrun for tutorial_taskflow_api_etl to None, run_after=None
[2022-08-19 23:10:38,943] {processor.py:161} INFO - Processing /home/airflow/.local/lib/python3.7/site-packages/airflow/example_dags/tutorial_taskflow_api_etl.py took 0.112 seconds
[2022-08-19 23:11:09,186] {processor.py:153} INFO - Started process (PID=2959) to work on /home/airflow/.local/lib/python3.7/site-packages/airflow/example_dags/tutorial_taskflow_api_etl.py
[2022-08-19 23:11:09,188] {processor.py:641} INFO - Processing file /home/airflow/.local/lib/python3.7/site-packages/airflow/example_dags/tutorial_taskflow_api_etl.py for tasks to queue
[2022-08-19 23:11:09,190] {logging_mixin.py:115} INFO - [2022-08-19 23:11:09,190] {dagbag.py:508} INFO - Filling up the DagBag from /home/airflow/.local/lib/python3.7/site-packages/airflow/example_dags/tutorial_taskflow_api_etl.py
[2022-08-19 23:11:09,208] {processor.py:651} INFO - DAG(s) dict_keys(['tutorial_taskflow_api_etl']) retrieved from /home/airflow/.local/lib/python3.7/site-packages/airflow/example_dags/tutorial_taskflow_api_etl.py
[2022-08-19 23:11:09,277] {logging_mixin.py:115} INFO - [2022-08-19 23:11:09,276] {dag.py:2420} INFO - Sync 1 DAGs
[2022-08-19 23:11:09,298] {logging_mixin.py:115} INFO - [2022-08-19 23:11:09,298] {dag.py:2972} INFO - Setting next_dagrun for tutorial_taskflow_api_etl to None, run_after=None
[2022-08-19 23:11:09,314] {processor.py:161} INFO - Processing /home/airflow/.local/lib/python3.7/site-packages/airflow/example_dags/tutorial_taskflow_api_etl.py took 0.131 seconds
[2022-08-19 23:11:39,426] {processor.py:153} INFO - Started process (PID=3076) to work on /home/airflow/.local/lib/python3.7/site-packages/airflow/example_dags/tutorial_taskflow_api_etl.py
[2022-08-19 23:11:39,428] {processor.py:641} INFO - Processing file /home/airflow/.local/lib/python3.7/site-packages/airflow/example_dags/tutorial_taskflow_api_etl.py for tasks to queue
[2022-08-19 23:11:39,429] {logging_mixin.py:115} INFO - [2022-08-19 23:11:39,429] {dagbag.py:508} INFO - Filling up the DagBag from /home/airflow/.local/lib/python3.7/site-packages/airflow/example_dags/tutorial_taskflow_api_etl.py
[2022-08-19 23:11:39,443] {processor.py:651} INFO - DAG(s) dict_keys(['tutorial_taskflow_api_etl']) retrieved from /home/airflow/.local/lib/python3.7/site-packages/airflow/example_dags/tutorial_taskflow_api_etl.py
[2022-08-19 23:11:39,483] {logging_mixin.py:115} INFO - [2022-08-19 23:11:39,483] {dag.py:2420} INFO - Sync 1 DAGs
[2022-08-19 23:11:39,496] {logging_mixin.py:115} INFO - [2022-08-19 23:11:39,495] {dag.py:2972} INFO - Setting next_dagrun for tutorial_taskflow_api_etl to None, run_after=None
[2022-08-19 23:11:39,505] {processor.py:161} INFO - Processing /home/airflow/.local/lib/python3.7/site-packages/airflow/example_dags/tutorial_taskflow_api_etl.py took 0.082 seconds
[2022-08-19 23:12:09,802] {processor.py:153} INFO - Started process (PID=3215) to work on /home/airflow/.local/lib/python3.7/site-packages/airflow/example_dags/tutorial_taskflow_api_etl.py
[2022-08-19 23:12:09,812] {processor.py:641} INFO - Processing file /home/airflow/.local/lib/python3.7/site-packages/airflow/example_dags/tutorial_taskflow_api_etl.py for tasks to queue
[2022-08-19 23:12:09,832] {logging_mixin.py:115} INFO - [2022-08-19 23:12:09,832] {dagbag.py:508} INFO - Filling up the DagBag from /home/airflow/.local/lib/python3.7/site-packages/airflow/example_dags/tutorial_taskflow_api_etl.py
[2022-08-19 23:12:09,872] {processor.py:651} INFO - DAG(s) dict_keys(['tutorial_taskflow_api_etl']) retrieved from /home/airflow/.local/lib/python3.7/site-packages/airflow/example_dags/tutorial_taskflow_api_etl.py
[2022-08-19 23:12:09,900] {logging_mixin.py:115} INFO - [2022-08-19 23:12:09,900] {dag.py:2420} INFO - Sync 1 DAGs
[2022-08-19 23:12:09,930] {logging_mixin.py:115} INFO - [2022-08-19 23:12:09,930] {dag.py:2972} INFO - Setting next_dagrun for tutorial_taskflow_api_etl to None, run_after=None
[2022-08-19 23:12:09,943] {processor.py:161} INFO - Processing /home/airflow/.local/lib/python3.7/site-packages/airflow/example_dags/tutorial_taskflow_api_etl.py took 0.144 seconds
[2022-08-19 23:12:39,991] {processor.py:153} INFO - Started process (PID=3327) to work on /home/airflow/.local/lib/python3.7/site-packages/airflow/example_dags/tutorial_taskflow_api_etl.py
[2022-08-19 23:12:39,992] {processor.py:641} INFO - Processing file /home/airflow/.local/lib/python3.7/site-packages/airflow/example_dags/tutorial_taskflow_api_etl.py for tasks to queue
[2022-08-19 23:12:39,995] {logging_mixin.py:115} INFO - [2022-08-19 23:12:39,995] {dagbag.py:508} INFO - Filling up the DagBag from /home/airflow/.local/lib/python3.7/site-packages/airflow/example_dags/tutorial_taskflow_api_etl.py
[2022-08-19 23:12:40,004] {processor.py:651} INFO - DAG(s) dict_keys(['tutorial_taskflow_api_etl']) retrieved from /home/airflow/.local/lib/python3.7/site-packages/airflow/example_dags/tutorial_taskflow_api_etl.py
[2022-08-19 23:12:40,042] {logging_mixin.py:115} INFO - [2022-08-19 23:12:40,042] {dag.py:2420} INFO - Sync 1 DAGs
[2022-08-19 23:12:40,054] {logging_mixin.py:115} INFO - [2022-08-19 23:12:40,054] {dag.py:2972} INFO - Setting next_dagrun for tutorial_taskflow_api_etl to None, run_after=None
[2022-08-19 23:12:40,063] {processor.py:161} INFO - Processing /home/airflow/.local/lib/python3.7/site-packages/airflow/example_dags/tutorial_taskflow_api_etl.py took 0.074 seconds
[2022-08-19 23:13:10,263] {processor.py:153} INFO - Started process (PID=3451) to work on /home/airflow/.local/lib/python3.7/site-packages/airflow/example_dags/tutorial_taskflow_api_etl.py
[2022-08-19 23:13:10,264] {processor.py:641} INFO - Processing file /home/airflow/.local/lib/python3.7/site-packages/airflow/example_dags/tutorial_taskflow_api_etl.py for tasks to queue
[2022-08-19 23:13:10,265] {logging_mixin.py:115} INFO - [2022-08-19 23:13:10,265] {dagbag.py:508} INFO - Filling up the DagBag from /home/airflow/.local/lib/python3.7/site-packages/airflow/example_dags/tutorial_taskflow_api_etl.py
[2022-08-19 23:13:10,279] {processor.py:651} INFO - DAG(s) dict_keys(['tutorial_taskflow_api_etl']) retrieved from /home/airflow/.local/lib/python3.7/site-packages/airflow/example_dags/tutorial_taskflow_api_etl.py
[2022-08-19 23:13:10,343] {logging_mixin.py:115} INFO - [2022-08-19 23:13:10,343] {dag.py:2420} INFO - Sync 1 DAGs
[2022-08-19 23:13:10,368] {logging_mixin.py:115} INFO - [2022-08-19 23:13:10,368] {dag.py:2972} INFO - Setting next_dagrun for tutorial_taskflow_api_etl to None, run_after=None
[2022-08-19 23:13:10,389] {processor.py:161} INFO - Processing /home/airflow/.local/lib/python3.7/site-packages/airflow/example_dags/tutorial_taskflow_api_etl.py took 0.129 seconds
[2022-08-19 23:13:41,063] {processor.py:153} INFO - Started process (PID=3585) to work on /home/airflow/.local/lib/python3.7/site-packages/airflow/example_dags/tutorial_taskflow_api_etl.py
[2022-08-19 23:13:41,064] {processor.py:641} INFO - Processing file /home/airflow/.local/lib/python3.7/site-packages/airflow/example_dags/tutorial_taskflow_api_etl.py for tasks to queue
[2022-08-19 23:13:41,066] {logging_mixin.py:115} INFO - [2022-08-19 23:13:41,066] {dagbag.py:508} INFO - Filling up the DagBag from /home/airflow/.local/lib/python3.7/site-packages/airflow/example_dags/tutorial_taskflow_api_etl.py
[2022-08-19 23:13:41,081] {processor.py:651} INFO - DAG(s) dict_keys(['tutorial_taskflow_api_etl']) retrieved from /home/airflow/.local/lib/python3.7/site-packages/airflow/example_dags/tutorial_taskflow_api_etl.py
[2022-08-19 23:13:41,123] {logging_mixin.py:115} INFO - [2022-08-19 23:13:41,122] {dag.py:2420} INFO - Sync 1 DAGs
[2022-08-19 23:13:41,136] {logging_mixin.py:115} INFO - [2022-08-19 23:13:41,136] {dag.py:2972} INFO - Setting next_dagrun for tutorial_taskflow_api_etl to None, run_after=None
[2022-08-19 23:13:41,177] {processor.py:161} INFO - Processing /home/airflow/.local/lib/python3.7/site-packages/airflow/example_dags/tutorial_taskflow_api_etl.py took 0.118 seconds
[2022-08-19 23:14:11,374] {processor.py:153} INFO - Started process (PID=3706) to work on /home/airflow/.local/lib/python3.7/site-packages/airflow/example_dags/tutorial_taskflow_api_etl.py
[2022-08-19 23:14:11,376] {processor.py:641} INFO - Processing file /home/airflow/.local/lib/python3.7/site-packages/airflow/example_dags/tutorial_taskflow_api_etl.py for tasks to queue
[2022-08-19 23:14:11,378] {logging_mixin.py:115} INFO - [2022-08-19 23:14:11,378] {dagbag.py:508} INFO - Filling up the DagBag from /home/airflow/.local/lib/python3.7/site-packages/airflow/example_dags/tutorial_taskflow_api_etl.py
[2022-08-19 23:14:11,398] {processor.py:651} INFO - DAG(s) dict_keys(['tutorial_taskflow_api_etl']) retrieved from /home/airflow/.local/lib/python3.7/site-packages/airflow/example_dags/tutorial_taskflow_api_etl.py
[2022-08-19 23:14:11,468] {logging_mixin.py:115} INFO - [2022-08-19 23:14:11,468] {dag.py:2420} INFO - Sync 1 DAGs
[2022-08-19 23:14:11,486] {logging_mixin.py:115} INFO - [2022-08-19 23:14:11,486] {dag.py:2972} INFO - Setting next_dagrun for tutorial_taskflow_api_etl to None, run_after=None
[2022-08-19 23:14:11,504] {processor.py:161} INFO - Processing /home/airflow/.local/lib/python3.7/site-packages/airflow/example_dags/tutorial_taskflow_api_etl.py took 0.137 seconds
[2022-08-19 23:14:41,620] {processor.py:153} INFO - Started process (PID=3842) to work on /home/airflow/.local/lib/python3.7/site-packages/airflow/example_dags/tutorial_taskflow_api_etl.py
[2022-08-19 23:14:41,622] {processor.py:641} INFO - Processing file /home/airflow/.local/lib/python3.7/site-packages/airflow/example_dags/tutorial_taskflow_api_etl.py for tasks to queue
[2022-08-19 23:14:41,624] {logging_mixin.py:115} INFO - [2022-08-19 23:14:41,624] {dagbag.py:508} INFO - Filling up the DagBag from /home/airflow/.local/lib/python3.7/site-packages/airflow/example_dags/tutorial_taskflow_api_etl.py
[2022-08-19 23:14:41,647] {processor.py:651} INFO - DAG(s) dict_keys(['tutorial_taskflow_api_etl']) retrieved from /home/airflow/.local/lib/python3.7/site-packages/airflow/example_dags/tutorial_taskflow_api_etl.py
[2022-08-19 23:14:41,733] {logging_mixin.py:115} INFO - [2022-08-19 23:14:41,733] {dag.py:2420} INFO - Sync 1 DAGs
[2022-08-19 23:14:41,754] {logging_mixin.py:115} INFO - [2022-08-19 23:14:41,754] {dag.py:2972} INFO - Setting next_dagrun for tutorial_taskflow_api_etl to None, run_after=None
[2022-08-19 23:14:41,768] {processor.py:161} INFO - Processing /home/airflow/.local/lib/python3.7/site-packages/airflow/example_dags/tutorial_taskflow_api_etl.py took 0.151 seconds
[2022-08-19 23:15:11,878] {processor.py:153} INFO - Started process (PID=3990) to work on /home/airflow/.local/lib/python3.7/site-packages/airflow/example_dags/tutorial_taskflow_api_etl.py
[2022-08-19 23:15:11,881] {processor.py:641} INFO - Processing file /home/airflow/.local/lib/python3.7/site-packages/airflow/example_dags/tutorial_taskflow_api_etl.py for tasks to queue
[2022-08-19 23:15:11,882] {logging_mixin.py:115} INFO - [2022-08-19 23:15:11,882] {dagbag.py:508} INFO - Filling up the DagBag from /home/airflow/.local/lib/python3.7/site-packages/airflow/example_dags/tutorial_taskflow_api_etl.py
[2022-08-19 23:15:11,895] {processor.py:651} INFO - DAG(s) dict_keys(['tutorial_taskflow_api_etl']) retrieved from /home/airflow/.local/lib/python3.7/site-packages/airflow/example_dags/tutorial_taskflow_api_etl.py
[2022-08-19 23:15:11,960] {logging_mixin.py:115} INFO - [2022-08-19 23:15:11,959] {dag.py:2420} INFO - Sync 1 DAGs
[2022-08-19 23:15:11,976] {logging_mixin.py:115} INFO - [2022-08-19 23:15:11,976] {dag.py:2972} INFO - Setting next_dagrun for tutorial_taskflow_api_etl to None, run_after=None
[2022-08-19 23:15:11,988] {processor.py:161} INFO - Processing /home/airflow/.local/lib/python3.7/site-packages/airflow/example_dags/tutorial_taskflow_api_etl.py took 0.113 seconds
[2022-08-19 23:15:42,069] {processor.py:153} INFO - Started process (PID=4105) to work on /home/airflow/.local/lib/python3.7/site-packages/airflow/example_dags/tutorial_taskflow_api_etl.py
[2022-08-19 23:15:42,070] {processor.py:641} INFO - Processing file /home/airflow/.local/lib/python3.7/site-packages/airflow/example_dags/tutorial_taskflow_api_etl.py for tasks to queue
[2022-08-19 23:15:42,072] {logging_mixin.py:115} INFO - [2022-08-19 23:15:42,072] {dagbag.py:508} INFO - Filling up the DagBag from /home/airflow/.local/lib/python3.7/site-packages/airflow/example_dags/tutorial_taskflow_api_etl.py
[2022-08-19 23:15:42,083] {processor.py:651} INFO - DAG(s) dict_keys(['tutorial_taskflow_api_etl']) retrieved from /home/airflow/.local/lib/python3.7/site-packages/airflow/example_dags/tutorial_taskflow_api_etl.py
[2022-08-19 23:15:42,125] {logging_mixin.py:115} INFO - [2022-08-19 23:15:42,125] {dag.py:2420} INFO - Sync 1 DAGs
[2022-08-19 23:15:42,143] {logging_mixin.py:115} INFO - [2022-08-19 23:15:42,143] {dag.py:2972} INFO - Setting next_dagrun for tutorial_taskflow_api_etl to None, run_after=None
[2022-08-19 23:15:42,152] {processor.py:161} INFO - Processing /home/airflow/.local/lib/python3.7/site-packages/airflow/example_dags/tutorial_taskflow_api_etl.py took 0.086 seconds
[2022-08-19 23:16:12,209] {processor.py:153} INFO - Started process (PID=4243) to work on /home/airflow/.local/lib/python3.7/site-packages/airflow/example_dags/tutorial_taskflow_api_etl.py
[2022-08-19 23:16:12,211] {processor.py:641} INFO - Processing file /home/airflow/.local/lib/python3.7/site-packages/airflow/example_dags/tutorial_taskflow_api_etl.py for tasks to queue
[2022-08-19 23:16:12,213] {logging_mixin.py:115} INFO - [2022-08-19 23:16:12,213] {dagbag.py:508} INFO - Filling up the DagBag from /home/airflow/.local/lib/python3.7/site-packages/airflow/example_dags/tutorial_taskflow_api_etl.py
[2022-08-19 23:16:12,227] {processor.py:651} INFO - DAG(s) dict_keys(['tutorial_taskflow_api_etl']) retrieved from /home/airflow/.local/lib/python3.7/site-packages/airflow/example_dags/tutorial_taskflow_api_etl.py
[2022-08-19 23:16:12,245] {logging_mixin.py:115} INFO - [2022-08-19 23:16:12,245] {dag.py:2420} INFO - Sync 1 DAGs
[2022-08-19 23:16:12,261] {logging_mixin.py:115} INFO - [2022-08-19 23:16:12,261] {dag.py:2972} INFO - Setting next_dagrun for tutorial_taskflow_api_etl to None, run_after=None
[2022-08-19 23:16:12,269] {processor.py:161} INFO - Processing /home/airflow/.local/lib/python3.7/site-packages/airflow/example_dags/tutorial_taskflow_api_etl.py took 0.061 seconds
[2022-08-19 23:16:42,546] {processor.py:153} INFO - Started process (PID=4375) to work on /home/airflow/.local/lib/python3.7/site-packages/airflow/example_dags/tutorial_taskflow_api_etl.py
[2022-08-19 23:16:42,548] {processor.py:641} INFO - Processing file /home/airflow/.local/lib/python3.7/site-packages/airflow/example_dags/tutorial_taskflow_api_etl.py for tasks to queue
[2022-08-19 23:16:42,549] {logging_mixin.py:115} INFO - [2022-08-19 23:16:42,549] {dagbag.py:508} INFO - Filling up the DagBag from /home/airflow/.local/lib/python3.7/site-packages/airflow/example_dags/tutorial_taskflow_api_etl.py
[2022-08-19 23:16:42,564] {processor.py:651} INFO - DAG(s) dict_keys(['tutorial_taskflow_api_etl']) retrieved from /home/airflow/.local/lib/python3.7/site-packages/airflow/example_dags/tutorial_taskflow_api_etl.py
[2022-08-19 23:16:42,599] {logging_mixin.py:115} INFO - [2022-08-19 23:16:42,599] {dag.py:2420} INFO - Sync 1 DAGs
[2022-08-19 23:16:42,621] {logging_mixin.py:115} INFO - [2022-08-19 23:16:42,621] {dag.py:2972} INFO - Setting next_dagrun for tutorial_taskflow_api_etl to None, run_after=None
[2022-08-19 23:16:42,634] {processor.py:161} INFO - Processing /home/airflow/.local/lib/python3.7/site-packages/airflow/example_dags/tutorial_taskflow_api_etl.py took 0.091 seconds
[2022-08-19 23:17:13,073] {processor.py:153} INFO - Started process (PID=4514) to work on /home/airflow/.local/lib/python3.7/site-packages/airflow/example_dags/tutorial_taskflow_api_etl.py
[2022-08-19 23:17:13,075] {processor.py:641} INFO - Processing file /home/airflow/.local/lib/python3.7/site-packages/airflow/example_dags/tutorial_taskflow_api_etl.py for tasks to queue
[2022-08-19 23:17:13,076] {logging_mixin.py:115} INFO - [2022-08-19 23:17:13,076] {dagbag.py:508} INFO - Filling up the DagBag from /home/airflow/.local/lib/python3.7/site-packages/airflow/example_dags/tutorial_taskflow_api_etl.py
[2022-08-19 23:17:13,102] {processor.py:651} INFO - DAG(s) dict_keys(['tutorial_taskflow_api_etl']) retrieved from /home/airflow/.local/lib/python3.7/site-packages/airflow/example_dags/tutorial_taskflow_api_etl.py
[2022-08-19 23:17:13,138] {logging_mixin.py:115} INFO - [2022-08-19 23:17:13,138] {dag.py:2420} INFO - Sync 1 DAGs
[2022-08-19 23:17:13,163] {logging_mixin.py:115} INFO - [2022-08-19 23:17:13,163] {dag.py:2972} INFO - Setting next_dagrun for tutorial_taskflow_api_etl to None, run_after=None
[2022-08-19 23:17:13,177] {processor.py:161} INFO - Processing /home/airflow/.local/lib/python3.7/site-packages/airflow/example_dags/tutorial_taskflow_api_etl.py took 0.113 seconds
[2022-08-19 23:17:44,097] {processor.py:153} INFO - Started process (PID=4646) to work on /home/airflow/.local/lib/python3.7/site-packages/airflow/example_dags/tutorial_taskflow_api_etl.py
[2022-08-19 23:17:44,103] {processor.py:641} INFO - Processing file /home/airflow/.local/lib/python3.7/site-packages/airflow/example_dags/tutorial_taskflow_api_etl.py for tasks to queue
[2022-08-19 23:17:44,106] {logging_mixin.py:115} INFO - [2022-08-19 23:17:44,106] {dagbag.py:508} INFO - Filling up the DagBag from /home/airflow/.local/lib/python3.7/site-packages/airflow/example_dags/tutorial_taskflow_api_etl.py
[2022-08-19 23:17:44,149] {processor.py:651} INFO - DAG(s) dict_keys(['tutorial_taskflow_api_etl']) retrieved from /home/airflow/.local/lib/python3.7/site-packages/airflow/example_dags/tutorial_taskflow_api_etl.py
[2022-08-19 23:17:44,188] {logging_mixin.py:115} INFO - [2022-08-19 23:17:44,188] {dag.py:2420} INFO - Sync 1 DAGs
[2022-08-19 23:17:44,216] {logging_mixin.py:115} INFO - [2022-08-19 23:17:44,216] {dag.py:2972} INFO - Setting next_dagrun for tutorial_taskflow_api_etl to None, run_after=None
[2022-08-19 23:17:44,229] {processor.py:161} INFO - Processing /home/airflow/.local/lib/python3.7/site-packages/airflow/example_dags/tutorial_taskflow_api_etl.py took 0.135 seconds
[2022-08-19 23:18:14,468] {processor.py:153} INFO - Started process (PID=4765) to work on /home/airflow/.local/lib/python3.7/site-packages/airflow/example_dags/tutorial_taskflow_api_etl.py
[2022-08-19 23:18:14,469] {processor.py:641} INFO - Processing file /home/airflow/.local/lib/python3.7/site-packages/airflow/example_dags/tutorial_taskflow_api_etl.py for tasks to queue
[2022-08-19 23:18:14,470] {logging_mixin.py:115} INFO - [2022-08-19 23:18:14,470] {dagbag.py:508} INFO - Filling up the DagBag from /home/airflow/.local/lib/python3.7/site-packages/airflow/example_dags/tutorial_taskflow_api_etl.py
[2022-08-19 23:18:14,493] {processor.py:651} INFO - DAG(s) dict_keys(['tutorial_taskflow_api_etl']) retrieved from /home/airflow/.local/lib/python3.7/site-packages/airflow/example_dags/tutorial_taskflow_api_etl.py
[2022-08-19 23:18:14,519] {logging_mixin.py:115} INFO - [2022-08-19 23:18:14,519] {dag.py:2420} INFO - Sync 1 DAGs
[2022-08-19 23:18:14,536] {logging_mixin.py:115} INFO - [2022-08-19 23:18:14,536] {dag.py:2972} INFO - Setting next_dagrun for tutorial_taskflow_api_etl to None, run_after=None
[2022-08-19 23:18:14,559] {processor.py:161} INFO - Processing /home/airflow/.local/lib/python3.7/site-packages/airflow/example_dags/tutorial_taskflow_api_etl.py took 0.098 seconds
[2022-08-19 23:18:44,983] {processor.py:153} INFO - Started process (PID=4889) to work on /home/airflow/.local/lib/python3.7/site-packages/airflow/example_dags/tutorial_taskflow_api_etl.py
[2022-08-19 23:18:44,985] {processor.py:641} INFO - Processing file /home/airflow/.local/lib/python3.7/site-packages/airflow/example_dags/tutorial_taskflow_api_etl.py for tasks to queue
[2022-08-19 23:18:44,986] {logging_mixin.py:115} INFO - [2022-08-19 23:18:44,986] {dagbag.py:508} INFO - Filling up the DagBag from /home/airflow/.local/lib/python3.7/site-packages/airflow/example_dags/tutorial_taskflow_api_etl.py
[2022-08-19 23:18:45,007] {processor.py:651} INFO - DAG(s) dict_keys(['tutorial_taskflow_api_etl']) retrieved from /home/airflow/.local/lib/python3.7/site-packages/airflow/example_dags/tutorial_taskflow_api_etl.py
[2022-08-19 23:18:45,059] {logging_mixin.py:115} INFO - [2022-08-19 23:18:45,059] {dag.py:2420} INFO - Sync 1 DAGs
[2022-08-19 23:18:45,077] {logging_mixin.py:115} INFO - [2022-08-19 23:18:45,077] {dag.py:2972} INFO - Setting next_dagrun for tutorial_taskflow_api_etl to None, run_after=None
[2022-08-19 23:18:45,092] {processor.py:161} INFO - Processing /home/airflow/.local/lib/python3.7/site-packages/airflow/example_dags/tutorial_taskflow_api_etl.py took 0.111 seconds
[2022-08-19 23:19:15,775] {processor.py:153} INFO - Started process (PID=5040) to work on /home/airflow/.local/lib/python3.7/site-packages/airflow/example_dags/tutorial_taskflow_api_etl.py
[2022-08-19 23:19:15,778] {processor.py:641} INFO - Processing file /home/airflow/.local/lib/python3.7/site-packages/airflow/example_dags/tutorial_taskflow_api_etl.py for tasks to queue
[2022-08-19 23:19:15,779] {logging_mixin.py:115} INFO - [2022-08-19 23:19:15,779] {dagbag.py:508} INFO - Filling up the DagBag from /home/airflow/.local/lib/python3.7/site-packages/airflow/example_dags/tutorial_taskflow_api_etl.py
[2022-08-19 23:19:15,791] {processor.py:651} INFO - DAG(s) dict_keys(['tutorial_taskflow_api_etl']) retrieved from /home/airflow/.local/lib/python3.7/site-packages/airflow/example_dags/tutorial_taskflow_api_etl.py
[2022-08-19 23:19:15,868] {logging_mixin.py:115} INFO - [2022-08-19 23:19:15,868] {dag.py:2420} INFO - Sync 1 DAGs
[2022-08-19 23:19:15,891] {logging_mixin.py:115} INFO - [2022-08-19 23:19:15,888] {dag.py:2972} INFO - Setting next_dagrun for tutorial_taskflow_api_etl to None, run_after=None
[2022-08-19 23:19:15,923] {processor.py:161} INFO - Processing /home/airflow/.local/lib/python3.7/site-packages/airflow/example_dags/tutorial_taskflow_api_etl.py took 0.152 seconds
[2022-08-19 23:19:46,213] {processor.py:153} INFO - Started process (PID=5184) to work on /home/airflow/.local/lib/python3.7/site-packages/airflow/example_dags/tutorial_taskflow_api_etl.py
[2022-08-19 23:19:46,213] {processor.py:641} INFO - Processing file /home/airflow/.local/lib/python3.7/site-packages/airflow/example_dags/tutorial_taskflow_api_etl.py for tasks to queue
[2022-08-19 23:19:46,215] {logging_mixin.py:115} INFO - [2022-08-19 23:19:46,215] {dagbag.py:508} INFO - Filling up the DagBag from /home/airflow/.local/lib/python3.7/site-packages/airflow/example_dags/tutorial_taskflow_api_etl.py
[2022-08-19 23:19:46,236] {processor.py:651} INFO - DAG(s) dict_keys(['tutorial_taskflow_api_etl']) retrieved from /home/airflow/.local/lib/python3.7/site-packages/airflow/example_dags/tutorial_taskflow_api_etl.py
[2022-08-19 23:19:46,308] {logging_mixin.py:115} INFO - [2022-08-19 23:19:46,308] {dag.py:2420} INFO - Sync 1 DAGs
[2022-08-19 23:19:46,329] {logging_mixin.py:115} INFO - [2022-08-19 23:19:46,329] {dag.py:2972} INFO - Setting next_dagrun for tutorial_taskflow_api_etl to None, run_after=None
[2022-08-19 23:19:46,355] {processor.py:161} INFO - Processing /home/airflow/.local/lib/python3.7/site-packages/airflow/example_dags/tutorial_taskflow_api_etl.py took 0.145 seconds
[2022-08-19 23:20:16,545] {processor.py:153} INFO - Started process (PID=5287) to work on /home/airflow/.local/lib/python3.7/site-packages/airflow/example_dags/tutorial_taskflow_api_etl.py
[2022-08-19 23:20:16,546] {processor.py:641} INFO - Processing file /home/airflow/.local/lib/python3.7/site-packages/airflow/example_dags/tutorial_taskflow_api_etl.py for tasks to queue
[2022-08-19 23:20:16,548] {logging_mixin.py:115} INFO - [2022-08-19 23:20:16,548] {dagbag.py:508} INFO - Filling up the DagBag from /home/airflow/.local/lib/python3.7/site-packages/airflow/example_dags/tutorial_taskflow_api_etl.py
[2022-08-19 23:20:16,560] {processor.py:651} INFO - DAG(s) dict_keys(['tutorial_taskflow_api_etl']) retrieved from /home/airflow/.local/lib/python3.7/site-packages/airflow/example_dags/tutorial_taskflow_api_etl.py
[2022-08-19 23:20:16,603] {logging_mixin.py:115} INFO - [2022-08-19 23:20:16,603] {dag.py:2420} INFO - Sync 1 DAGs
[2022-08-19 23:20:16,617] {logging_mixin.py:115} INFO - [2022-08-19 23:20:16,617] {dag.py:2972} INFO - Setting next_dagrun for tutorial_taskflow_api_etl to None, run_after=None
[2022-08-19 23:20:16,628] {processor.py:161} INFO - Processing /home/airflow/.local/lib/python3.7/site-packages/airflow/example_dags/tutorial_taskflow_api_etl.py took 0.087 seconds
[2022-08-19 23:20:47,324] {processor.py:153} INFO - Started process (PID=5413) to work on /home/airflow/.local/lib/python3.7/site-packages/airflow/example_dags/tutorial_taskflow_api_etl.py
[2022-08-19 23:20:47,326] {processor.py:641} INFO - Processing file /home/airflow/.local/lib/python3.7/site-packages/airflow/example_dags/tutorial_taskflow_api_etl.py for tasks to queue
[2022-08-19 23:20:47,328] {logging_mixin.py:115} INFO - [2022-08-19 23:20:47,328] {dagbag.py:508} INFO - Filling up the DagBag from /home/airflow/.local/lib/python3.7/site-packages/airflow/example_dags/tutorial_taskflow_api_etl.py
[2022-08-19 23:20:47,348] {processor.py:651} INFO - DAG(s) dict_keys(['tutorial_taskflow_api_etl']) retrieved from /home/airflow/.local/lib/python3.7/site-packages/airflow/example_dags/tutorial_taskflow_api_etl.py
[2022-08-19 23:20:47,456] {logging_mixin.py:115} INFO - [2022-08-19 23:20:47,456] {dag.py:2420} INFO - Sync 1 DAGs
[2022-08-19 23:20:47,495] {logging_mixin.py:115} INFO - [2022-08-19 23:20:47,495] {dag.py:2972} INFO - Setting next_dagrun for tutorial_taskflow_api_etl to None, run_after=None
[2022-08-19 23:20:47,520] {processor.py:161} INFO - Processing /home/airflow/.local/lib/python3.7/site-packages/airflow/example_dags/tutorial_taskflow_api_etl.py took 0.198 seconds
[2022-08-19 23:21:17,932] {processor.py:153} INFO - Started process (PID=5538) to work on /home/airflow/.local/lib/python3.7/site-packages/airflow/example_dags/tutorial_taskflow_api_etl.py
[2022-08-19 23:21:17,936] {processor.py:641} INFO - Processing file /home/airflow/.local/lib/python3.7/site-packages/airflow/example_dags/tutorial_taskflow_api_etl.py for tasks to queue
[2022-08-19 23:21:17,938] {logging_mixin.py:115} INFO - [2022-08-19 23:21:17,937] {dagbag.py:508} INFO - Filling up the DagBag from /home/airflow/.local/lib/python3.7/site-packages/airflow/example_dags/tutorial_taskflow_api_etl.py
[2022-08-19 23:21:17,956] {processor.py:651} INFO - DAG(s) dict_keys(['tutorial_taskflow_api_etl']) retrieved from /home/airflow/.local/lib/python3.7/site-packages/airflow/example_dags/tutorial_taskflow_api_etl.py
[2022-08-19 23:21:17,997] {logging_mixin.py:115} INFO - [2022-08-19 23:21:17,997] {dag.py:2420} INFO - Sync 1 DAGs
[2022-08-19 23:21:18,013] {logging_mixin.py:115} INFO - [2022-08-19 23:21:18,013] {dag.py:2972} INFO - Setting next_dagrun for tutorial_taskflow_api_etl to None, run_after=None
[2022-08-19 23:21:18,027] {processor.py:161} INFO - Processing /home/airflow/.local/lib/python3.7/site-packages/airflow/example_dags/tutorial_taskflow_api_etl.py took 0.097 seconds
[2022-08-19 23:21:48,298] {processor.py:153} INFO - Started process (PID=5661) to work on /home/airflow/.local/lib/python3.7/site-packages/airflow/example_dags/tutorial_taskflow_api_etl.py
[2022-08-19 23:21:48,299] {processor.py:641} INFO - Processing file /home/airflow/.local/lib/python3.7/site-packages/airflow/example_dags/tutorial_taskflow_api_etl.py for tasks to queue
[2022-08-19 23:21:48,300] {logging_mixin.py:115} INFO - [2022-08-19 23:21:48,299] {dagbag.py:508} INFO - Filling up the DagBag from /home/airflow/.local/lib/python3.7/site-packages/airflow/example_dags/tutorial_taskflow_api_etl.py
[2022-08-19 23:21:48,310] {processor.py:651} INFO - DAG(s) dict_keys(['tutorial_taskflow_api_etl']) retrieved from /home/airflow/.local/lib/python3.7/site-packages/airflow/example_dags/tutorial_taskflow_api_etl.py
[2022-08-19 23:21:48,348] {logging_mixin.py:115} INFO - [2022-08-19 23:21:48,348] {dag.py:2420} INFO - Sync 1 DAGs
[2022-08-19 23:21:48,361] {logging_mixin.py:115} INFO - [2022-08-19 23:21:48,361] {dag.py:2972} INFO - Setting next_dagrun for tutorial_taskflow_api_etl to None, run_after=None
[2022-08-19 23:21:48,370] {processor.py:161} INFO - Processing /home/airflow/.local/lib/python3.7/site-packages/airflow/example_dags/tutorial_taskflow_api_etl.py took 0.074 seconds
[2022-08-19 23:22:18,770] {processor.py:153} INFO - Started process (PID=5731) to work on /home/airflow/.local/lib/python3.7/site-packages/airflow/example_dags/tutorial_taskflow_api_etl.py
[2022-08-19 23:22:18,772] {processor.py:641} INFO - Processing file /home/airflow/.local/lib/python3.7/site-packages/airflow/example_dags/tutorial_taskflow_api_etl.py for tasks to queue
[2022-08-19 23:22:18,775] {logging_mixin.py:115} INFO - [2022-08-19 23:22:18,775] {dagbag.py:508} INFO - Filling up the DagBag from /home/airflow/.local/lib/python3.7/site-packages/airflow/example_dags/tutorial_taskflow_api_etl.py
[2022-08-19 23:22:18,787] {processor.py:651} INFO - DAG(s) dict_keys(['tutorial_taskflow_api_etl']) retrieved from /home/airflow/.local/lib/python3.7/site-packages/airflow/example_dags/tutorial_taskflow_api_etl.py
[2022-08-19 23:22:18,830] {logging_mixin.py:115} INFO - [2022-08-19 23:22:18,830] {dag.py:2420} INFO - Sync 1 DAGs
[2022-08-19 23:22:18,849] {logging_mixin.py:115} INFO - [2022-08-19 23:22:18,849] {dag.py:2972} INFO - Setting next_dagrun for tutorial_taskflow_api_etl to None, run_after=None
[2022-08-19 23:22:18,859] {processor.py:161} INFO - Processing /home/airflow/.local/lib/python3.7/site-packages/airflow/example_dags/tutorial_taskflow_api_etl.py took 0.091 seconds
[2022-08-19 23:22:49,376] {processor.py:153} INFO - Started process (PID=5803) to work on /home/airflow/.local/lib/python3.7/site-packages/airflow/example_dags/tutorial_taskflow_api_etl.py
[2022-08-19 23:22:49,378] {processor.py:641} INFO - Processing file /home/airflow/.local/lib/python3.7/site-packages/airflow/example_dags/tutorial_taskflow_api_etl.py for tasks to queue
[2022-08-19 23:22:49,380] {logging_mixin.py:115} INFO - [2022-08-19 23:22:49,380] {dagbag.py:508} INFO - Filling up the DagBag from /home/airflow/.local/lib/python3.7/site-packages/airflow/example_dags/tutorial_taskflow_api_etl.py
[2022-08-19 23:22:49,395] {processor.py:651} INFO - DAG(s) dict_keys(['tutorial_taskflow_api_etl']) retrieved from /home/airflow/.local/lib/python3.7/site-packages/airflow/example_dags/tutorial_taskflow_api_etl.py
[2022-08-19 23:22:49,411] {logging_mixin.py:115} INFO - [2022-08-19 23:22:49,411] {dag.py:2420} INFO - Sync 1 DAGs
[2022-08-19 23:22:49,425] {logging_mixin.py:115} INFO - [2022-08-19 23:22:49,425] {dag.py:2972} INFO - Setting next_dagrun for tutorial_taskflow_api_etl to None, run_after=None
[2022-08-19 23:22:49,433] {processor.py:161} INFO - Processing /home/airflow/.local/lib/python3.7/site-packages/airflow/example_dags/tutorial_taskflow_api_etl.py took 0.061 seconds
[2022-08-19 23:23:19,913] {processor.py:153} INFO - Started process (PID=5874) to work on /home/airflow/.local/lib/python3.7/site-packages/airflow/example_dags/tutorial_taskflow_api_etl.py
[2022-08-19 23:23:19,914] {processor.py:641} INFO - Processing file /home/airflow/.local/lib/python3.7/site-packages/airflow/example_dags/tutorial_taskflow_api_etl.py for tasks to queue
[2022-08-19 23:23:19,915] {logging_mixin.py:115} INFO - [2022-08-19 23:23:19,915] {dagbag.py:508} INFO - Filling up the DagBag from /home/airflow/.local/lib/python3.7/site-packages/airflow/example_dags/tutorial_taskflow_api_etl.py
[2022-08-19 23:23:19,928] {processor.py:651} INFO - DAG(s) dict_keys(['tutorial_taskflow_api_etl']) retrieved from /home/airflow/.local/lib/python3.7/site-packages/airflow/example_dags/tutorial_taskflow_api_etl.py
[2022-08-19 23:23:19,945] {logging_mixin.py:115} INFO - [2022-08-19 23:23:19,945] {dag.py:2420} INFO - Sync 1 DAGs
[2022-08-19 23:23:19,956] {logging_mixin.py:115} INFO - [2022-08-19 23:23:19,956] {dag.py:2972} INFO - Setting next_dagrun for tutorial_taskflow_api_etl to None, run_after=None
[2022-08-19 23:23:19,964] {processor.py:161} INFO - Processing /home/airflow/.local/lib/python3.7/site-packages/airflow/example_dags/tutorial_taskflow_api_etl.py took 0.054 seconds
[2022-08-19 23:23:50,545] {processor.py:153} INFO - Started process (PID=5940) to work on /home/airflow/.local/lib/python3.7/site-packages/airflow/example_dags/tutorial_taskflow_api_etl.py
[2022-08-19 23:23:50,547] {processor.py:641} INFO - Processing file /home/airflow/.local/lib/python3.7/site-packages/airflow/example_dags/tutorial_taskflow_api_etl.py for tasks to queue
[2022-08-19 23:23:50,549] {logging_mixin.py:115} INFO - [2022-08-19 23:23:50,549] {dagbag.py:508} INFO - Filling up the DagBag from /home/airflow/.local/lib/python3.7/site-packages/airflow/example_dags/tutorial_taskflow_api_etl.py
[2022-08-19 23:23:50,566] {processor.py:651} INFO - DAG(s) dict_keys(['tutorial_taskflow_api_etl']) retrieved from /home/airflow/.local/lib/python3.7/site-packages/airflow/example_dags/tutorial_taskflow_api_etl.py
[2022-08-19 23:23:50,609] {logging_mixin.py:115} INFO - [2022-08-19 23:23:50,609] {dag.py:2420} INFO - Sync 1 DAGs
[2022-08-19 23:23:50,625] {logging_mixin.py:115} INFO - [2022-08-19 23:23:50,625] {dag.py:2972} INFO - Setting next_dagrun for tutorial_taskflow_api_etl to None, run_after=None
[2022-08-19 23:23:50,642] {processor.py:161} INFO - Processing /home/airflow/.local/lib/python3.7/site-packages/airflow/example_dags/tutorial_taskflow_api_etl.py took 0.102 seconds
[2022-08-19 23:24:20,857] {processor.py:153} INFO - Started process (PID=6007) to work on /home/airflow/.local/lib/python3.7/site-packages/airflow/example_dags/tutorial_taskflow_api_etl.py
[2022-08-19 23:24:20,860] {processor.py:641} INFO - Processing file /home/airflow/.local/lib/python3.7/site-packages/airflow/example_dags/tutorial_taskflow_api_etl.py for tasks to queue
[2022-08-19 23:24:20,861] {logging_mixin.py:115} INFO - [2022-08-19 23:24:20,861] {dagbag.py:508} INFO - Filling up the DagBag from /home/airflow/.local/lib/python3.7/site-packages/airflow/example_dags/tutorial_taskflow_api_etl.py
[2022-08-19 23:24:20,874] {processor.py:651} INFO - DAG(s) dict_keys(['tutorial_taskflow_api_etl']) retrieved from /home/airflow/.local/lib/python3.7/site-packages/airflow/example_dags/tutorial_taskflow_api_etl.py
[2022-08-19 23:24:20,892] {logging_mixin.py:115} INFO - [2022-08-19 23:24:20,892] {dag.py:2420} INFO - Sync 1 DAGs
[2022-08-19 23:24:20,906] {logging_mixin.py:115} INFO - [2022-08-19 23:24:20,906] {dag.py:2972} INFO - Setting next_dagrun for tutorial_taskflow_api_etl to None, run_after=None
[2022-08-19 23:24:20,913] {processor.py:161} INFO - Processing /home/airflow/.local/lib/python3.7/site-packages/airflow/example_dags/tutorial_taskflow_api_etl.py took 0.059 seconds
[2022-08-19 23:24:51,333] {processor.py:153} INFO - Started process (PID=6065) to work on /home/airflow/.local/lib/python3.7/site-packages/airflow/example_dags/tutorial_taskflow_api_etl.py
[2022-08-19 23:24:51,334] {processor.py:641} INFO - Processing file /home/airflow/.local/lib/python3.7/site-packages/airflow/example_dags/tutorial_taskflow_api_etl.py for tasks to queue
[2022-08-19 23:24:51,336] {logging_mixin.py:115} INFO - [2022-08-19 23:24:51,336] {dagbag.py:508} INFO - Filling up the DagBag from /home/airflow/.local/lib/python3.7/site-packages/airflow/example_dags/tutorial_taskflow_api_etl.py
[2022-08-19 23:24:51,347] {processor.py:651} INFO - DAG(s) dict_keys(['tutorial_taskflow_api_etl']) retrieved from /home/airflow/.local/lib/python3.7/site-packages/airflow/example_dags/tutorial_taskflow_api_etl.py
[2022-08-19 23:24:51,383] {logging_mixin.py:115} INFO - [2022-08-19 23:24:51,383] {dag.py:2420} INFO - Sync 1 DAGs
[2022-08-19 23:24:51,395] {logging_mixin.py:115} INFO - [2022-08-19 23:24:51,395] {dag.py:2972} INFO - Setting next_dagrun for tutorial_taskflow_api_etl to None, run_after=None
[2022-08-19 23:24:51,408] {processor.py:161} INFO - Processing /home/airflow/.local/lib/python3.7/site-packages/airflow/example_dags/tutorial_taskflow_api_etl.py took 0.077 seconds
[2022-08-19 23:25:21,773] {processor.py:153} INFO - Started process (PID=6134) to work on /home/airflow/.local/lib/python3.7/site-packages/airflow/example_dags/tutorial_taskflow_api_etl.py
[2022-08-19 23:25:21,775] {processor.py:641} INFO - Processing file /home/airflow/.local/lib/python3.7/site-packages/airflow/example_dags/tutorial_taskflow_api_etl.py for tasks to queue
[2022-08-19 23:25:21,777] {logging_mixin.py:115} INFO - [2022-08-19 23:25:21,777] {dagbag.py:508} INFO - Filling up the DagBag from /home/airflow/.local/lib/python3.7/site-packages/airflow/example_dags/tutorial_taskflow_api_etl.py
[2022-08-19 23:25:21,792] {processor.py:651} INFO - DAG(s) dict_keys(['tutorial_taskflow_api_etl']) retrieved from /home/airflow/.local/lib/python3.7/site-packages/airflow/example_dags/tutorial_taskflow_api_etl.py
[2022-08-19 23:25:21,833] {logging_mixin.py:115} INFO - [2022-08-19 23:25:21,833] {dag.py:2420} INFO - Sync 1 DAGs
[2022-08-19 23:25:21,844] {logging_mixin.py:115} INFO - [2022-08-19 23:25:21,844] {dag.py:2972} INFO - Setting next_dagrun for tutorial_taskflow_api_etl to None, run_after=None
[2022-08-19 23:25:21,856] {processor.py:161} INFO - Processing /home/airflow/.local/lib/python3.7/site-packages/airflow/example_dags/tutorial_taskflow_api_etl.py took 0.088 seconds
[2022-08-19 23:25:52,195] {processor.py:153} INFO - Started process (PID=6202) to work on /home/airflow/.local/lib/python3.7/site-packages/airflow/example_dags/tutorial_taskflow_api_etl.py
[2022-08-19 23:25:52,207] {processor.py:641} INFO - Processing file /home/airflow/.local/lib/python3.7/site-packages/airflow/example_dags/tutorial_taskflow_api_etl.py for tasks to queue
[2022-08-19 23:25:52,242] {logging_mixin.py:115} INFO - [2022-08-19 23:25:52,242] {dagbag.py:508} INFO - Filling up the DagBag from /home/airflow/.local/lib/python3.7/site-packages/airflow/example_dags/tutorial_taskflow_api_etl.py
[2022-08-19 23:25:52,253] {processor.py:651} INFO - DAG(s) dict_keys(['tutorial_taskflow_api_etl']) retrieved from /home/airflow/.local/lib/python3.7/site-packages/airflow/example_dags/tutorial_taskflow_api_etl.py
[2022-08-19 23:25:52,305] {logging_mixin.py:115} INFO - [2022-08-19 23:25:52,305] {dag.py:2420} INFO - Sync 1 DAGs
[2022-08-19 23:25:52,324] {logging_mixin.py:115} INFO - [2022-08-19 23:25:52,323] {dag.py:2972} INFO - Setting next_dagrun for tutorial_taskflow_api_etl to None, run_after=None
[2022-08-19 23:25:52,334] {processor.py:161} INFO - Processing /home/airflow/.local/lib/python3.7/site-packages/airflow/example_dags/tutorial_taskflow_api_etl.py took 0.142 seconds
[2022-08-19 23:26:22,837] {processor.py:153} INFO - Started process (PID=6271) to work on /home/airflow/.local/lib/python3.7/site-packages/airflow/example_dags/tutorial_taskflow_api_etl.py
[2022-08-19 23:26:22,840] {processor.py:641} INFO - Processing file /home/airflow/.local/lib/python3.7/site-packages/airflow/example_dags/tutorial_taskflow_api_etl.py for tasks to queue
[2022-08-19 23:26:22,841] {logging_mixin.py:115} INFO - [2022-08-19 23:26:22,841] {dagbag.py:508} INFO - Filling up the DagBag from /home/airflow/.local/lib/python3.7/site-packages/airflow/example_dags/tutorial_taskflow_api_etl.py
[2022-08-19 23:26:22,857] {processor.py:651} INFO - DAG(s) dict_keys(['tutorial_taskflow_api_etl']) retrieved from /home/airflow/.local/lib/python3.7/site-packages/airflow/example_dags/tutorial_taskflow_api_etl.py
[2022-08-19 23:26:22,875] {logging_mixin.py:115} INFO - [2022-08-19 23:26:22,875] {dag.py:2420} INFO - Sync 1 DAGs
[2022-08-19 23:26:22,888] {logging_mixin.py:115} INFO - [2022-08-19 23:26:22,888] {dag.py:2972} INFO - Setting next_dagrun for tutorial_taskflow_api_etl to None, run_after=None
[2022-08-19 23:26:22,897] {processor.py:161} INFO - Processing /home/airflow/.local/lib/python3.7/site-packages/airflow/example_dags/tutorial_taskflow_api_etl.py took 0.063 seconds
[2022-08-19 23:26:53,320] {processor.py:153} INFO - Started process (PID=6338) to work on /home/airflow/.local/lib/python3.7/site-packages/airflow/example_dags/tutorial_taskflow_api_etl.py
[2022-08-19 23:26:53,322] {processor.py:641} INFO - Processing file /home/airflow/.local/lib/python3.7/site-packages/airflow/example_dags/tutorial_taskflow_api_etl.py for tasks to queue
[2022-08-19 23:26:53,323] {logging_mixin.py:115} INFO - [2022-08-19 23:26:53,323] {dagbag.py:508} INFO - Filling up the DagBag from /home/airflow/.local/lib/python3.7/site-packages/airflow/example_dags/tutorial_taskflow_api_etl.py
[2022-08-19 23:26:53,337] {processor.py:651} INFO - DAG(s) dict_keys(['tutorial_taskflow_api_etl']) retrieved from /home/airflow/.local/lib/python3.7/site-packages/airflow/example_dags/tutorial_taskflow_api_etl.py
[2022-08-19 23:26:53,355] {logging_mixin.py:115} INFO - [2022-08-19 23:26:53,355] {dag.py:2420} INFO - Sync 1 DAGs
[2022-08-19 23:26:53,380] {logging_mixin.py:115} INFO - [2022-08-19 23:26:53,380] {dag.py:2972} INFO - Setting next_dagrun for tutorial_taskflow_api_etl to None, run_after=None
[2022-08-19 23:26:53,388] {processor.py:161} INFO - Processing /home/airflow/.local/lib/python3.7/site-packages/airflow/example_dags/tutorial_taskflow_api_etl.py took 0.072 seconds
[2022-08-19 23:27:23,793] {processor.py:153} INFO - Started process (PID=6405) to work on /home/airflow/.local/lib/python3.7/site-packages/airflow/example_dags/tutorial_taskflow_api_etl.py
[2022-08-19 23:27:23,794] {processor.py:641} INFO - Processing file /home/airflow/.local/lib/python3.7/site-packages/airflow/example_dags/tutorial_taskflow_api_etl.py for tasks to queue
[2022-08-19 23:27:23,795] {logging_mixin.py:115} INFO - [2022-08-19 23:27:23,795] {dagbag.py:508} INFO - Filling up the DagBag from /home/airflow/.local/lib/python3.7/site-packages/airflow/example_dags/tutorial_taskflow_api_etl.py
[2022-08-19 23:27:23,809] {processor.py:651} INFO - DAG(s) dict_keys(['tutorial_taskflow_api_etl']) retrieved from /home/airflow/.local/lib/python3.7/site-packages/airflow/example_dags/tutorial_taskflow_api_etl.py
[2022-08-19 23:27:23,846] {logging_mixin.py:115} INFO - [2022-08-19 23:27:23,846] {dag.py:2420} INFO - Sync 1 DAGs
[2022-08-19 23:27:23,858] {logging_mixin.py:115} INFO - [2022-08-19 23:27:23,858] {dag.py:2972} INFO - Setting next_dagrun for tutorial_taskflow_api_etl to None, run_after=None
[2022-08-19 23:27:23,868] {processor.py:161} INFO - Processing /home/airflow/.local/lib/python3.7/site-packages/airflow/example_dags/tutorial_taskflow_api_etl.py took 0.079 seconds
[2022-08-19 23:27:54,315] {processor.py:153} INFO - Started process (PID=6474) to work on /home/airflow/.local/lib/python3.7/site-packages/airflow/example_dags/tutorial_taskflow_api_etl.py
[2022-08-19 23:27:54,316] {processor.py:641} INFO - Processing file /home/airflow/.local/lib/python3.7/site-packages/airflow/example_dags/tutorial_taskflow_api_etl.py for tasks to queue
[2022-08-19 23:27:54,318] {logging_mixin.py:115} INFO - [2022-08-19 23:27:54,318] {dagbag.py:508} INFO - Filling up the DagBag from /home/airflow/.local/lib/python3.7/site-packages/airflow/example_dags/tutorial_taskflow_api_etl.py
[2022-08-19 23:27:54,328] {processor.py:651} INFO - DAG(s) dict_keys(['tutorial_taskflow_api_etl']) retrieved from /home/airflow/.local/lib/python3.7/site-packages/airflow/example_dags/tutorial_taskflow_api_etl.py
[2022-08-19 23:27:54,342] {logging_mixin.py:115} INFO - [2022-08-19 23:27:54,342] {dag.py:2420} INFO - Sync 1 DAGs
[2022-08-19 23:27:54,355] {logging_mixin.py:115} INFO - [2022-08-19 23:27:54,355] {dag.py:2972} INFO - Setting next_dagrun for tutorial_taskflow_api_etl to None, run_after=None
[2022-08-19 23:27:54,364] {processor.py:161} INFO - Processing /home/airflow/.local/lib/python3.7/site-packages/airflow/example_dags/tutorial_taskflow_api_etl.py took 0.052 seconds
[2022-08-19 23:28:24,821] {processor.py:153} INFO - Started process (PID=6532) to work on /home/airflow/.local/lib/python3.7/site-packages/airflow/example_dags/tutorial_taskflow_api_etl.py
[2022-08-19 23:28:24,823] {processor.py:641} INFO - Processing file /home/airflow/.local/lib/python3.7/site-packages/airflow/example_dags/tutorial_taskflow_api_etl.py for tasks to queue
[2022-08-19 23:28:24,825] {logging_mixin.py:115} INFO - [2022-08-19 23:28:24,825] {dagbag.py:508} INFO - Filling up the DagBag from /home/airflow/.local/lib/python3.7/site-packages/airflow/example_dags/tutorial_taskflow_api_etl.py
[2022-08-19 23:28:24,839] {processor.py:651} INFO - DAG(s) dict_keys(['tutorial_taskflow_api_etl']) retrieved from /home/airflow/.local/lib/python3.7/site-packages/airflow/example_dags/tutorial_taskflow_api_etl.py
[2022-08-19 23:28:24,859] {logging_mixin.py:115} INFO - [2022-08-19 23:28:24,859] {dag.py:2420} INFO - Sync 1 DAGs
[2022-08-19 23:28:24,871] {logging_mixin.py:115} INFO - [2022-08-19 23:28:24,871] {dag.py:2972} INFO - Setting next_dagrun for tutorial_taskflow_api_etl to None, run_after=None
[2022-08-19 23:28:24,880] {processor.py:161} INFO - Processing /home/airflow/.local/lib/python3.7/site-packages/airflow/example_dags/tutorial_taskflow_api_etl.py took 0.063 seconds
[2022-08-19 23:28:55,244] {processor.py:153} INFO - Started process (PID=6601) to work on /home/airflow/.local/lib/python3.7/site-packages/airflow/example_dags/tutorial_taskflow_api_etl.py
[2022-08-19 23:28:55,246] {processor.py:641} INFO - Processing file /home/airflow/.local/lib/python3.7/site-packages/airflow/example_dags/tutorial_taskflow_api_etl.py for tasks to queue
[2022-08-19 23:28:55,247] {logging_mixin.py:115} INFO - [2022-08-19 23:28:55,247] {dagbag.py:508} INFO - Filling up the DagBag from /home/airflow/.local/lib/python3.7/site-packages/airflow/example_dags/tutorial_taskflow_api_etl.py
[2022-08-19 23:28:55,262] {processor.py:651} INFO - DAG(s) dict_keys(['tutorial_taskflow_api_etl']) retrieved from /home/airflow/.local/lib/python3.7/site-packages/airflow/example_dags/tutorial_taskflow_api_etl.py
[2022-08-19 23:28:55,303] {logging_mixin.py:115} INFO - [2022-08-19 23:28:55,303] {dag.py:2420} INFO - Sync 1 DAGs
[2022-08-19 23:28:55,315] {logging_mixin.py:115} INFO - [2022-08-19 23:28:55,315] {dag.py:2972} INFO - Setting next_dagrun for tutorial_taskflow_api_etl to None, run_after=None
[2022-08-19 23:28:55,324] {processor.py:161} INFO - Processing /home/airflow/.local/lib/python3.7/site-packages/airflow/example_dags/tutorial_taskflow_api_etl.py took 0.085 seconds
[2022-08-19 23:29:25,672] {processor.py:153} INFO - Started process (PID=6668) to work on /home/airflow/.local/lib/python3.7/site-packages/airflow/example_dags/tutorial_taskflow_api_etl.py
[2022-08-19 23:29:25,674] {processor.py:641} INFO - Processing file /home/airflow/.local/lib/python3.7/site-packages/airflow/example_dags/tutorial_taskflow_api_etl.py for tasks to queue
[2022-08-19 23:29:25,675] {logging_mixin.py:115} INFO - [2022-08-19 23:29:25,675] {dagbag.py:508} INFO - Filling up the DagBag from /home/airflow/.local/lib/python3.7/site-packages/airflow/example_dags/tutorial_taskflow_api_etl.py
[2022-08-19 23:29:25,689] {processor.py:651} INFO - DAG(s) dict_keys(['tutorial_taskflow_api_etl']) retrieved from /home/airflow/.local/lib/python3.7/site-packages/airflow/example_dags/tutorial_taskflow_api_etl.py
[2022-08-19 23:29:25,728] {logging_mixin.py:115} INFO - [2022-08-19 23:29:25,728] {dag.py:2420} INFO - Sync 1 DAGs
[2022-08-19 23:29:25,740] {logging_mixin.py:115} INFO - [2022-08-19 23:29:25,740] {dag.py:2972} INFO - Setting next_dagrun for tutorial_taskflow_api_etl to None, run_after=None
[2022-08-19 23:29:25,749] {processor.py:161} INFO - Processing /home/airflow/.local/lib/python3.7/site-packages/airflow/example_dags/tutorial_taskflow_api_etl.py took 0.080 seconds
