[2022-08-19 22:31:46,064] {processor.py:153} INFO - Started process (PID=60) to work on /home/airflow/.local/lib/python3.7/site-packages/airflow/example_dags/tutorial.py
[2022-08-19 22:31:46,067] {processor.py:641} INFO - Processing file /home/airflow/.local/lib/python3.7/site-packages/airflow/example_dags/tutorial.py for tasks to queue
[2022-08-19 22:31:46,069] {logging_mixin.py:115} INFO - [2022-08-19 22:31:46,069] {dagbag.py:508} INFO - Filling up the DagBag from /home/airflow/.local/lib/python3.7/site-packages/airflow/example_dags/tutorial.py
[2022-08-19 22:31:46,074] {processor.py:651} INFO - DAG(s) dict_keys(['tutorial']) retrieved from /home/airflow/.local/lib/python3.7/site-packages/airflow/example_dags/tutorial.py
[2022-08-19 22:31:46,132] {logging_mixin.py:115} INFO - [2022-08-19 22:31:46,131] {manager.py:508} INFO - Created Permission View: can delete on DAG:tutorial
[2022-08-19 22:31:46,140] {logging_mixin.py:115} INFO - [2022-08-19 22:31:46,140] {manager.py:508} INFO - Created Permission View: can read on DAG:tutorial
[2022-08-19 22:31:46,155] {logging_mixin.py:115} INFO - [2022-08-19 22:31:46,155] {manager.py:508} INFO - Created Permission View: can edit on DAG:tutorial
[2022-08-19 22:31:46,156] {logging_mixin.py:115} INFO - [2022-08-19 22:31:46,156] {dag.py:2420} INFO - Sync 1 DAGs
[2022-08-19 22:31:46,168] {logging_mixin.py:115} INFO - [2022-08-19 22:31:46,168] {dag.py:2439} INFO - Creating ORM DAG for tutorial
[2022-08-19 22:31:46,183] {logging_mixin.py:115} INFO - [2022-08-19 22:31:46,182] {dag.py:2972} INFO - Setting next_dagrun for tutorial to 2022-08-18T22:31:46.182854+00:00, run_after=2022-08-19T22:31:46.182854+00:00
[2022-08-19 22:31:46,197] {processor.py:161} INFO - Processing /home/airflow/.local/lib/python3.7/site-packages/airflow/example_dags/tutorial.py took 0.136 seconds
[2022-08-19 22:32:16,916] {processor.py:153} INFO - Started process (PID=123) to work on /home/airflow/.local/lib/python3.7/site-packages/airflow/example_dags/tutorial.py
[2022-08-19 22:32:16,933] {processor.py:641} INFO - Processing file /home/airflow/.local/lib/python3.7/site-packages/airflow/example_dags/tutorial.py for tasks to queue
[2022-08-19 22:32:16,969] {logging_mixin.py:115} INFO - [2022-08-19 22:32:16,969] {dagbag.py:508} INFO - Filling up the DagBag from /home/airflow/.local/lib/python3.7/site-packages/airflow/example_dags/tutorial.py
[2022-08-19 22:32:16,974] {processor.py:651} INFO - DAG(s) dict_keys(['tutorial']) retrieved from /home/airflow/.local/lib/python3.7/site-packages/airflow/example_dags/tutorial.py
[2022-08-19 22:32:16,991] {logging_mixin.py:115} INFO - [2022-08-19 22:32:16,991] {dag.py:2420} INFO - Sync 1 DAGs
[2022-08-19 22:32:17,004] {logging_mixin.py:115} INFO - [2022-08-19 22:32:17,004] {dag.py:2972} INFO - Setting next_dagrun for tutorial to 2022-08-18T22:32:17.004685+00:00, run_after=2022-08-19T22:32:17.004685+00:00
[2022-08-19 22:32:17,012] {processor.py:161} INFO - Processing /home/airflow/.local/lib/python3.7/site-packages/airflow/example_dags/tutorial.py took 0.099 seconds
[2022-08-19 22:53:25,643] {processor.py:153} INFO - Started process (PID=60) to work on /home/airflow/.local/lib/python3.7/site-packages/airflow/example_dags/tutorial.py
[2022-08-19 22:53:25,645] {processor.py:641} INFO - Processing file /home/airflow/.local/lib/python3.7/site-packages/airflow/example_dags/tutorial.py for tasks to queue
[2022-08-19 22:53:25,646] {logging_mixin.py:115} INFO - [2022-08-19 22:53:25,645] {dagbag.py:508} INFO - Filling up the DagBag from /home/airflow/.local/lib/python3.7/site-packages/airflow/example_dags/tutorial.py
[2022-08-19 22:53:25,652] {processor.py:651} INFO - DAG(s) dict_keys(['tutorial']) retrieved from /home/airflow/.local/lib/python3.7/site-packages/airflow/example_dags/tutorial.py
[2022-08-19 22:53:25,729] {logging_mixin.py:115} INFO - [2022-08-19 22:53:25,729] {manager.py:508} INFO - Created Permission View: can read on DAG:tutorial
[2022-08-19 22:53:25,738] {logging_mixin.py:115} INFO - [2022-08-19 22:53:25,738] {manager.py:508} INFO - Created Permission View: can delete on DAG:tutorial
[2022-08-19 22:53:25,748] {logging_mixin.py:115} INFO - [2022-08-19 22:53:25,748] {manager.py:508} INFO - Created Permission View: can edit on DAG:tutorial
[2022-08-19 22:53:25,752] {logging_mixin.py:115} INFO - [2022-08-19 22:53:25,752] {dag.py:2420} INFO - Sync 1 DAGs
[2022-08-19 22:53:25,764] {logging_mixin.py:115} INFO - [2022-08-19 22:53:25,763] {dag.py:2439} INFO - Creating ORM DAG for tutorial
[2022-08-19 22:53:25,775] {logging_mixin.py:115} INFO - [2022-08-19 22:53:25,775] {dag.py:2972} INFO - Setting next_dagrun for tutorial to 2022-08-18T22:53:25.775080+00:00, run_after=2022-08-19T22:53:25.775080+00:00
[2022-08-19 22:53:25,790] {processor.py:161} INFO - Processing /home/airflow/.local/lib/python3.7/site-packages/airflow/example_dags/tutorial.py took 0.149 seconds
[2022-08-19 22:53:56,472] {processor.py:153} INFO - Started process (PID=138) to work on /home/airflow/.local/lib/python3.7/site-packages/airflow/example_dags/tutorial.py
[2022-08-19 22:53:56,474] {processor.py:641} INFO - Processing file /home/airflow/.local/lib/python3.7/site-packages/airflow/example_dags/tutorial.py for tasks to queue
[2022-08-19 22:53:56,476] {logging_mixin.py:115} INFO - [2022-08-19 22:53:56,476] {dagbag.py:508} INFO - Filling up the DagBag from /home/airflow/.local/lib/python3.7/site-packages/airflow/example_dags/tutorial.py
[2022-08-19 22:53:56,481] {processor.py:651} INFO - DAG(s) dict_keys(['tutorial']) retrieved from /home/airflow/.local/lib/python3.7/site-packages/airflow/example_dags/tutorial.py
[2022-08-19 22:53:56,503] {logging_mixin.py:115} INFO - [2022-08-19 22:53:56,503] {dag.py:2420} INFO - Sync 1 DAGs
[2022-08-19 22:53:56,519] {logging_mixin.py:115} INFO - [2022-08-19 22:53:56,519] {dag.py:2972} INFO - Setting next_dagrun for tutorial to 2022-08-18T22:53:56.519100+00:00, run_after=2022-08-19T22:53:56.519100+00:00
[2022-08-19 22:53:56,528] {processor.py:161} INFO - Processing /home/airflow/.local/lib/python3.7/site-packages/airflow/example_dags/tutorial.py took 0.058 seconds
[2022-08-19 22:54:27,023] {processor.py:153} INFO - Started process (PID=211) to work on /home/airflow/.local/lib/python3.7/site-packages/airflow/example_dags/tutorial.py
[2022-08-19 22:54:27,024] {processor.py:641} INFO - Processing file /home/airflow/.local/lib/python3.7/site-packages/airflow/example_dags/tutorial.py for tasks to queue
[2022-08-19 22:54:27,025] {logging_mixin.py:115} INFO - [2022-08-19 22:54:27,025] {dagbag.py:508} INFO - Filling up the DagBag from /home/airflow/.local/lib/python3.7/site-packages/airflow/example_dags/tutorial.py
[2022-08-19 22:54:27,029] {processor.py:651} INFO - DAG(s) dict_keys(['tutorial']) retrieved from /home/airflow/.local/lib/python3.7/site-packages/airflow/example_dags/tutorial.py
[2022-08-19 22:54:27,046] {logging_mixin.py:115} INFO - [2022-08-19 22:54:27,046] {dag.py:2420} INFO - Sync 1 DAGs
[2022-08-19 22:54:27,059] {logging_mixin.py:115} INFO - [2022-08-19 22:54:27,059] {dag.py:2972} INFO - Setting next_dagrun for tutorial to 2022-08-18T22:54:27.059504+00:00, run_after=2022-08-19T22:54:27.059504+00:00
[2022-08-19 22:54:27,067] {processor.py:161} INFO - Processing /home/airflow/.local/lib/python3.7/site-packages/airflow/example_dags/tutorial.py took 0.046 seconds
[2022-08-19 22:54:57,577] {processor.py:153} INFO - Started process (PID=278) to work on /home/airflow/.local/lib/python3.7/site-packages/airflow/example_dags/tutorial.py
[2022-08-19 22:54:57,579] {processor.py:641} INFO - Processing file /home/airflow/.local/lib/python3.7/site-packages/airflow/example_dags/tutorial.py for tasks to queue
[2022-08-19 22:54:57,580] {logging_mixin.py:115} INFO - [2022-08-19 22:54:57,580] {dagbag.py:508} INFO - Filling up the DagBag from /home/airflow/.local/lib/python3.7/site-packages/airflow/example_dags/tutorial.py
[2022-08-19 22:54:57,584] {processor.py:651} INFO - DAG(s) dict_keys(['tutorial']) retrieved from /home/airflow/.local/lib/python3.7/site-packages/airflow/example_dags/tutorial.py
[2022-08-19 22:54:57,602] {logging_mixin.py:115} INFO - [2022-08-19 22:54:57,602] {dag.py:2420} INFO - Sync 1 DAGs
[2022-08-19 22:54:57,617] {logging_mixin.py:115} INFO - [2022-08-19 22:54:57,617] {dag.py:2972} INFO - Setting next_dagrun for tutorial to 2022-08-18T22:54:57.616895+00:00, run_after=2022-08-19T22:54:57.616895+00:00
[2022-08-19 22:54:57,624] {processor.py:161} INFO - Processing /home/airflow/.local/lib/python3.7/site-packages/airflow/example_dags/tutorial.py took 0.049 seconds
[2022-08-19 22:55:28,100] {processor.py:153} INFO - Started process (PID=341) to work on /home/airflow/.local/lib/python3.7/site-packages/airflow/example_dags/tutorial.py
[2022-08-19 22:55:28,101] {processor.py:641} INFO - Processing file /home/airflow/.local/lib/python3.7/site-packages/airflow/example_dags/tutorial.py for tasks to queue
[2022-08-19 22:55:28,102] {logging_mixin.py:115} INFO - [2022-08-19 22:55:28,102] {dagbag.py:508} INFO - Filling up the DagBag from /home/airflow/.local/lib/python3.7/site-packages/airflow/example_dags/tutorial.py
[2022-08-19 22:55:28,106] {processor.py:651} INFO - DAG(s) dict_keys(['tutorial']) retrieved from /home/airflow/.local/lib/python3.7/site-packages/airflow/example_dags/tutorial.py
[2022-08-19 22:55:28,121] {logging_mixin.py:115} INFO - [2022-08-19 22:55:28,121] {dag.py:2420} INFO - Sync 1 DAGs
[2022-08-19 22:55:28,133] {logging_mixin.py:115} INFO - [2022-08-19 22:55:28,133] {dag.py:2972} INFO - Setting next_dagrun for tutorial to 2022-08-18T22:55:28.132984+00:00, run_after=2022-08-19T22:55:28.132984+00:00
[2022-08-19 22:55:28,139] {processor.py:161} INFO - Processing /home/airflow/.local/lib/python3.7/site-packages/airflow/example_dags/tutorial.py took 0.041 seconds
[2022-08-19 22:55:58,607] {processor.py:153} INFO - Started process (PID=395) to work on /home/airflow/.local/lib/python3.7/site-packages/airflow/example_dags/tutorial.py
[2022-08-19 22:55:58,609] {processor.py:641} INFO - Processing file /home/airflow/.local/lib/python3.7/site-packages/airflow/example_dags/tutorial.py for tasks to queue
[2022-08-19 22:55:58,610] {logging_mixin.py:115} INFO - [2022-08-19 22:55:58,610] {dagbag.py:508} INFO - Filling up the DagBag from /home/airflow/.local/lib/python3.7/site-packages/airflow/example_dags/tutorial.py
[2022-08-19 22:55:58,615] {processor.py:651} INFO - DAG(s) dict_keys(['tutorial']) retrieved from /home/airflow/.local/lib/python3.7/site-packages/airflow/example_dags/tutorial.py
[2022-08-19 22:55:58,631] {logging_mixin.py:115} INFO - [2022-08-19 22:55:58,631] {dag.py:2420} INFO - Sync 1 DAGs
[2022-08-19 22:55:58,644] {logging_mixin.py:115} INFO - [2022-08-19 22:55:58,644] {dag.py:2972} INFO - Setting next_dagrun for tutorial to 2022-08-18T22:55:58.644353+00:00, run_after=2022-08-19T22:55:58.644353+00:00
[2022-08-19 22:55:58,651] {processor.py:161} INFO - Processing /home/airflow/.local/lib/python3.7/site-packages/airflow/example_dags/tutorial.py took 0.047 seconds
[2022-08-19 22:56:29,054] {processor.py:153} INFO - Started process (PID=464) to work on /home/airflow/.local/lib/python3.7/site-packages/airflow/example_dags/tutorial.py
[2022-08-19 22:56:29,055] {processor.py:641} INFO - Processing file /home/airflow/.local/lib/python3.7/site-packages/airflow/example_dags/tutorial.py for tasks to queue
[2022-08-19 22:56:29,056] {logging_mixin.py:115} INFO - [2022-08-19 22:56:29,056] {dagbag.py:508} INFO - Filling up the DagBag from /home/airflow/.local/lib/python3.7/site-packages/airflow/example_dags/tutorial.py
[2022-08-19 22:56:29,061] {processor.py:651} INFO - DAG(s) dict_keys(['tutorial']) retrieved from /home/airflow/.local/lib/python3.7/site-packages/airflow/example_dags/tutorial.py
[2022-08-19 22:56:29,078] {logging_mixin.py:115} INFO - [2022-08-19 22:56:29,078] {dag.py:2420} INFO - Sync 1 DAGs
[2022-08-19 22:56:29,093] {logging_mixin.py:115} INFO - [2022-08-19 22:56:29,093] {dag.py:2972} INFO - Setting next_dagrun for tutorial to 2022-08-18T22:56:29.092892+00:00, run_after=2022-08-19T22:56:29.092892+00:00
[2022-08-19 22:56:29,104] {processor.py:161} INFO - Processing /home/airflow/.local/lib/python3.7/site-packages/airflow/example_dags/tutorial.py took 0.052 seconds
[2022-08-19 22:56:59,405] {processor.py:153} INFO - Started process (PID=528) to work on /home/airflow/.local/lib/python3.7/site-packages/airflow/example_dags/tutorial.py
[2022-08-19 22:56:59,407] {processor.py:641} INFO - Processing file /home/airflow/.local/lib/python3.7/site-packages/airflow/example_dags/tutorial.py for tasks to queue
[2022-08-19 22:56:59,407] {logging_mixin.py:115} INFO - [2022-08-19 22:56:59,407] {dagbag.py:508} INFO - Filling up the DagBag from /home/airflow/.local/lib/python3.7/site-packages/airflow/example_dags/tutorial.py
[2022-08-19 22:56:59,411] {processor.py:651} INFO - DAG(s) dict_keys(['tutorial']) retrieved from /home/airflow/.local/lib/python3.7/site-packages/airflow/example_dags/tutorial.py
[2022-08-19 22:56:59,428] {logging_mixin.py:115} INFO - [2022-08-19 22:56:59,427] {dag.py:2420} INFO - Sync 1 DAGs
[2022-08-19 22:56:59,440] {logging_mixin.py:115} INFO - [2022-08-19 22:56:59,440] {dag.py:2972} INFO - Setting next_dagrun for tutorial to 2022-08-18T22:56:59.440088+00:00, run_after=2022-08-19T22:56:59.440088+00:00
[2022-08-19 22:56:59,446] {processor.py:161} INFO - Processing /home/airflow/.local/lib/python3.7/site-packages/airflow/example_dags/tutorial.py took 0.044 seconds
[2022-08-19 22:57:29,789] {processor.py:153} INFO - Started process (PID=597) to work on /home/airflow/.local/lib/python3.7/site-packages/airflow/example_dags/tutorial.py
[2022-08-19 22:57:29,790] {processor.py:641} INFO - Processing file /home/airflow/.local/lib/python3.7/site-packages/airflow/example_dags/tutorial.py for tasks to queue
[2022-08-19 22:57:29,791] {logging_mixin.py:115} INFO - [2022-08-19 22:57:29,791] {dagbag.py:508} INFO - Filling up the DagBag from /home/airflow/.local/lib/python3.7/site-packages/airflow/example_dags/tutorial.py
[2022-08-19 22:57:29,796] {processor.py:651} INFO - DAG(s) dict_keys(['tutorial']) retrieved from /home/airflow/.local/lib/python3.7/site-packages/airflow/example_dags/tutorial.py
[2022-08-19 22:57:29,812] {logging_mixin.py:115} INFO - [2022-08-19 22:57:29,811] {dag.py:2420} INFO - Sync 1 DAGs
[2022-08-19 22:57:29,823] {logging_mixin.py:115} INFO - [2022-08-19 22:57:29,823] {dag.py:2972} INFO - Setting next_dagrun for tutorial to 2022-08-18T22:57:29.823302+00:00, run_after=2022-08-19T22:57:29.823302+00:00
[2022-08-19 22:57:29,830] {processor.py:161} INFO - Processing /home/airflow/.local/lib/python3.7/site-packages/airflow/example_dags/tutorial.py took 0.043 seconds
[2022-08-19 22:58:00,283] {processor.py:153} INFO - Started process (PID=663) to work on /home/airflow/.local/lib/python3.7/site-packages/airflow/example_dags/tutorial.py
[2022-08-19 22:58:00,284] {processor.py:641} INFO - Processing file /home/airflow/.local/lib/python3.7/site-packages/airflow/example_dags/tutorial.py for tasks to queue
[2022-08-19 22:58:00,285] {logging_mixin.py:115} INFO - [2022-08-19 22:58:00,285] {dagbag.py:508} INFO - Filling up the DagBag from /home/airflow/.local/lib/python3.7/site-packages/airflow/example_dags/tutorial.py
[2022-08-19 22:58:00,289] {processor.py:651} INFO - DAG(s) dict_keys(['tutorial']) retrieved from /home/airflow/.local/lib/python3.7/site-packages/airflow/example_dags/tutorial.py
[2022-08-19 22:58:00,306] {logging_mixin.py:115} INFO - [2022-08-19 22:58:00,305] {dag.py:2420} INFO - Sync 1 DAGs
[2022-08-19 22:58:00,318] {logging_mixin.py:115} INFO - [2022-08-19 22:58:00,318] {dag.py:2972} INFO - Setting next_dagrun for tutorial to 2022-08-18T22:58:00.318043+00:00, run_after=2022-08-19T22:58:00.318043+00:00
[2022-08-19 22:58:00,325] {processor.py:161} INFO - Processing /home/airflow/.local/lib/python3.7/site-packages/airflow/example_dags/tutorial.py took 0.043 seconds
[2022-08-19 22:58:30,748] {processor.py:153} INFO - Started process (PID=731) to work on /home/airflow/.local/lib/python3.7/site-packages/airflow/example_dags/tutorial.py
[2022-08-19 22:58:30,749] {processor.py:641} INFO - Processing file /home/airflow/.local/lib/python3.7/site-packages/airflow/example_dags/tutorial.py for tasks to queue
[2022-08-19 22:58:30,750] {logging_mixin.py:115} INFO - [2022-08-19 22:58:30,750] {dagbag.py:508} INFO - Filling up the DagBag from /home/airflow/.local/lib/python3.7/site-packages/airflow/example_dags/tutorial.py
[2022-08-19 22:58:30,756] {processor.py:651} INFO - DAG(s) dict_keys(['tutorial']) retrieved from /home/airflow/.local/lib/python3.7/site-packages/airflow/example_dags/tutorial.py
[2022-08-19 22:58:30,774] {logging_mixin.py:115} INFO - [2022-08-19 22:58:30,774] {dag.py:2420} INFO - Sync 1 DAGs
[2022-08-19 22:58:30,786] {logging_mixin.py:115} INFO - [2022-08-19 22:58:30,786] {dag.py:2972} INFO - Setting next_dagrun for tutorial to 2022-08-18T22:58:30.786112+00:00, run_after=2022-08-19T22:58:30.786112+00:00
[2022-08-19 22:58:30,793] {processor.py:161} INFO - Processing /home/airflow/.local/lib/python3.7/site-packages/airflow/example_dags/tutorial.py took 0.048 seconds
[2022-08-19 22:59:01,164] {processor.py:153} INFO - Started process (PID=785) to work on /home/airflow/.local/lib/python3.7/site-packages/airflow/example_dags/tutorial.py
[2022-08-19 22:59:01,166] {processor.py:641} INFO - Processing file /home/airflow/.local/lib/python3.7/site-packages/airflow/example_dags/tutorial.py for tasks to queue
[2022-08-19 22:59:01,166] {logging_mixin.py:115} INFO - [2022-08-19 22:59:01,166] {dagbag.py:508} INFO - Filling up the DagBag from /home/airflow/.local/lib/python3.7/site-packages/airflow/example_dags/tutorial.py
[2022-08-19 22:59:01,171] {processor.py:651} INFO - DAG(s) dict_keys(['tutorial']) retrieved from /home/airflow/.local/lib/python3.7/site-packages/airflow/example_dags/tutorial.py
[2022-08-19 22:59:01,189] {logging_mixin.py:115} INFO - [2022-08-19 22:59:01,189] {dag.py:2420} INFO - Sync 1 DAGs
[2022-08-19 22:59:01,203] {logging_mixin.py:115} INFO - [2022-08-19 22:59:01,203] {dag.py:2972} INFO - Setting next_dagrun for tutorial to 2022-08-18T22:59:01.203187+00:00, run_after=2022-08-19T22:59:01.203187+00:00
[2022-08-19 22:59:01,211] {processor.py:161} INFO - Processing /home/airflow/.local/lib/python3.7/site-packages/airflow/example_dags/tutorial.py took 0.049 seconds
[2022-08-19 22:59:31,728] {processor.py:153} INFO - Started process (PID=851) to work on /home/airflow/.local/lib/python3.7/site-packages/airflow/example_dags/tutorial.py
[2022-08-19 22:59:31,729] {processor.py:641} INFO - Processing file /home/airflow/.local/lib/python3.7/site-packages/airflow/example_dags/tutorial.py for tasks to queue
[2022-08-19 22:59:31,730] {logging_mixin.py:115} INFO - [2022-08-19 22:59:31,730] {dagbag.py:508} INFO - Filling up the DagBag from /home/airflow/.local/lib/python3.7/site-packages/airflow/example_dags/tutorial.py
[2022-08-19 22:59:31,734] {processor.py:651} INFO - DAG(s) dict_keys(['tutorial']) retrieved from /home/airflow/.local/lib/python3.7/site-packages/airflow/example_dags/tutorial.py
[2022-08-19 22:59:31,751] {logging_mixin.py:115} INFO - [2022-08-19 22:59:31,751] {dag.py:2420} INFO - Sync 1 DAGs
[2022-08-19 22:59:31,769] {logging_mixin.py:115} INFO - [2022-08-19 22:59:31,769] {dag.py:2972} INFO - Setting next_dagrun for tutorial to 2022-08-18T22:59:31.769417+00:00, run_after=2022-08-19T22:59:31.769417+00:00
[2022-08-19 22:59:31,776] {processor.py:161} INFO - Processing /home/airflow/.local/lib/python3.7/site-packages/airflow/example_dags/tutorial.py took 0.050 seconds
[2022-08-19 23:00:02,159] {processor.py:153} INFO - Started process (PID=919) to work on /home/airflow/.local/lib/python3.7/site-packages/airflow/example_dags/tutorial.py
[2022-08-19 23:00:02,160] {processor.py:641} INFO - Processing file /home/airflow/.local/lib/python3.7/site-packages/airflow/example_dags/tutorial.py for tasks to queue
[2022-08-19 23:00:02,161] {logging_mixin.py:115} INFO - [2022-08-19 23:00:02,161] {dagbag.py:508} INFO - Filling up the DagBag from /home/airflow/.local/lib/python3.7/site-packages/airflow/example_dags/tutorial.py
[2022-08-19 23:00:02,165] {processor.py:651} INFO - DAG(s) dict_keys(['tutorial']) retrieved from /home/airflow/.local/lib/python3.7/site-packages/airflow/example_dags/tutorial.py
[2022-08-19 23:00:02,183] {logging_mixin.py:115} INFO - [2022-08-19 23:00:02,183] {dag.py:2420} INFO - Sync 1 DAGs
[2022-08-19 23:00:02,195] {logging_mixin.py:115} INFO - [2022-08-19 23:00:02,195] {dag.py:2972} INFO - Setting next_dagrun for tutorial to 2022-08-18T23:00:02.195565+00:00, run_after=2022-08-19T23:00:02.195565+00:00
[2022-08-19 23:00:02,202] {processor.py:161} INFO - Processing /home/airflow/.local/lib/python3.7/site-packages/airflow/example_dags/tutorial.py took 0.045 seconds
[2022-08-19 23:00:32,571] {processor.py:153} INFO - Started process (PID=985) to work on /home/airflow/.local/lib/python3.7/site-packages/airflow/example_dags/tutorial.py
[2022-08-19 23:00:32,572] {processor.py:641} INFO - Processing file /home/airflow/.local/lib/python3.7/site-packages/airflow/example_dags/tutorial.py for tasks to queue
[2022-08-19 23:00:32,573] {logging_mixin.py:115} INFO - [2022-08-19 23:00:32,573] {dagbag.py:508} INFO - Filling up the DagBag from /home/airflow/.local/lib/python3.7/site-packages/airflow/example_dags/tutorial.py
[2022-08-19 23:00:32,577] {processor.py:651} INFO - DAG(s) dict_keys(['tutorial']) retrieved from /home/airflow/.local/lib/python3.7/site-packages/airflow/example_dags/tutorial.py
[2022-08-19 23:00:32,594] {logging_mixin.py:115} INFO - [2022-08-19 23:00:32,594] {dag.py:2420} INFO - Sync 1 DAGs
[2022-08-19 23:00:32,607] {logging_mixin.py:115} INFO - [2022-08-19 23:00:32,607] {dag.py:2972} INFO - Setting next_dagrun for tutorial to 2022-08-18T23:00:32.607637+00:00, run_after=2022-08-19T23:00:32.607637+00:00
[2022-08-19 23:00:32,616] {processor.py:161} INFO - Processing /home/airflow/.local/lib/python3.7/site-packages/airflow/example_dags/tutorial.py took 0.047 seconds
[2022-08-19 23:01:02,945] {processor.py:153} INFO - Started process (PID=1055) to work on /home/airflow/.local/lib/python3.7/site-packages/airflow/example_dags/tutorial.py
[2022-08-19 23:01:02,946] {processor.py:641} INFO - Processing file /home/airflow/.local/lib/python3.7/site-packages/airflow/example_dags/tutorial.py for tasks to queue
[2022-08-19 23:01:02,947] {logging_mixin.py:115} INFO - [2022-08-19 23:01:02,947] {dagbag.py:508} INFO - Filling up the DagBag from /home/airflow/.local/lib/python3.7/site-packages/airflow/example_dags/tutorial.py
[2022-08-19 23:01:02,951] {processor.py:651} INFO - DAG(s) dict_keys(['tutorial']) retrieved from /home/airflow/.local/lib/python3.7/site-packages/airflow/example_dags/tutorial.py
[2022-08-19 23:01:02,967] {logging_mixin.py:115} INFO - [2022-08-19 23:01:02,967] {dag.py:2420} INFO - Sync 1 DAGs
[2022-08-19 23:01:02,980] {logging_mixin.py:115} INFO - [2022-08-19 23:01:02,980] {dag.py:2972} INFO - Setting next_dagrun for tutorial to 2022-08-18T23:01:02.979947+00:00, run_after=2022-08-19T23:01:02.979947+00:00
[2022-08-19 23:01:02,988] {processor.py:161} INFO - Processing /home/airflow/.local/lib/python3.7/site-packages/airflow/example_dags/tutorial.py took 0.045 seconds
[2022-08-19 23:01:33,486] {processor.py:153} INFO - Started process (PID=1121) to work on /home/airflow/.local/lib/python3.7/site-packages/airflow/example_dags/tutorial.py
[2022-08-19 23:01:33,487] {processor.py:641} INFO - Processing file /home/airflow/.local/lib/python3.7/site-packages/airflow/example_dags/tutorial.py for tasks to queue
[2022-08-19 23:01:33,488] {logging_mixin.py:115} INFO - [2022-08-19 23:01:33,488] {dagbag.py:508} INFO - Filling up the DagBag from /home/airflow/.local/lib/python3.7/site-packages/airflow/example_dags/tutorial.py
[2022-08-19 23:01:33,492] {processor.py:651} INFO - DAG(s) dict_keys(['tutorial']) retrieved from /home/airflow/.local/lib/python3.7/site-packages/airflow/example_dags/tutorial.py
[2022-08-19 23:01:33,511] {logging_mixin.py:115} INFO - [2022-08-19 23:01:33,511] {dag.py:2420} INFO - Sync 1 DAGs
[2022-08-19 23:01:33,523] {logging_mixin.py:115} INFO - [2022-08-19 23:01:33,523] {dag.py:2972} INFO - Setting next_dagrun for tutorial to 2022-08-18T23:01:33.523456+00:00, run_after=2022-08-19T23:01:33.523456+00:00
[2022-08-19 23:01:33,530] {processor.py:161} INFO - Processing /home/airflow/.local/lib/python3.7/site-packages/airflow/example_dags/tutorial.py took 0.047 seconds
[2022-08-19 23:02:03,902] {processor.py:153} INFO - Started process (PID=1175) to work on /home/airflow/.local/lib/python3.7/site-packages/airflow/example_dags/tutorial.py
[2022-08-19 23:02:03,904] {processor.py:641} INFO - Processing file /home/airflow/.local/lib/python3.7/site-packages/airflow/example_dags/tutorial.py for tasks to queue
[2022-08-19 23:02:03,905] {logging_mixin.py:115} INFO - [2022-08-19 23:02:03,905] {dagbag.py:508} INFO - Filling up the DagBag from /home/airflow/.local/lib/python3.7/site-packages/airflow/example_dags/tutorial.py
[2022-08-19 23:02:03,909] {processor.py:651} INFO - DAG(s) dict_keys(['tutorial']) retrieved from /home/airflow/.local/lib/python3.7/site-packages/airflow/example_dags/tutorial.py
[2022-08-19 23:02:03,926] {logging_mixin.py:115} INFO - [2022-08-19 23:02:03,926] {dag.py:2420} INFO - Sync 1 DAGs
[2022-08-19 23:02:03,938] {logging_mixin.py:115} INFO - [2022-08-19 23:02:03,938] {dag.py:2972} INFO - Setting next_dagrun for tutorial to 2022-08-18T23:02:03.937878+00:00, run_after=2022-08-19T23:02:03.937878+00:00
[2022-08-19 23:02:03,945] {processor.py:161} INFO - Processing /home/airflow/.local/lib/python3.7/site-packages/airflow/example_dags/tutorial.py took 0.045 seconds
[2022-08-19 23:02:34,393] {processor.py:153} INFO - Started process (PID=1237) to work on /home/airflow/.local/lib/python3.7/site-packages/airflow/example_dags/tutorial.py
[2022-08-19 23:02:34,394] {processor.py:641} INFO - Processing file /home/airflow/.local/lib/python3.7/site-packages/airflow/example_dags/tutorial.py for tasks to queue
[2022-08-19 23:02:34,395] {logging_mixin.py:115} INFO - [2022-08-19 23:02:34,395] {dagbag.py:508} INFO - Filling up the DagBag from /home/airflow/.local/lib/python3.7/site-packages/airflow/example_dags/tutorial.py
[2022-08-19 23:02:34,399] {processor.py:651} INFO - DAG(s) dict_keys(['tutorial']) retrieved from /home/airflow/.local/lib/python3.7/site-packages/airflow/example_dags/tutorial.py
[2022-08-19 23:02:34,416] {logging_mixin.py:115} INFO - [2022-08-19 23:02:34,416] {dag.py:2420} INFO - Sync 1 DAGs
[2022-08-19 23:02:34,428] {logging_mixin.py:115} INFO - [2022-08-19 23:02:34,428] {dag.py:2972} INFO - Setting next_dagrun for tutorial to 2022-08-18T23:02:34.427924+00:00, run_after=2022-08-19T23:02:34.427924+00:00
[2022-08-19 23:02:34,436] {processor.py:161} INFO - Processing /home/airflow/.local/lib/python3.7/site-packages/airflow/example_dags/tutorial.py took 0.046 seconds
[2022-08-19 23:03:04,806] {processor.py:153} INFO - Started process (PID=1302) to work on /home/airflow/.local/lib/python3.7/site-packages/airflow/example_dags/tutorial.py
[2022-08-19 23:03:04,807] {processor.py:641} INFO - Processing file /home/airflow/.local/lib/python3.7/site-packages/airflow/example_dags/tutorial.py for tasks to queue
[2022-08-19 23:03:04,808] {logging_mixin.py:115} INFO - [2022-08-19 23:03:04,808] {dagbag.py:508} INFO - Filling up the DagBag from /home/airflow/.local/lib/python3.7/site-packages/airflow/example_dags/tutorial.py
[2022-08-19 23:03:04,812] {processor.py:651} INFO - DAG(s) dict_keys(['tutorial']) retrieved from /home/airflow/.local/lib/python3.7/site-packages/airflow/example_dags/tutorial.py
[2022-08-19 23:03:04,832] {logging_mixin.py:115} INFO - [2022-08-19 23:03:04,832] {dag.py:2420} INFO - Sync 1 DAGs
[2022-08-19 23:03:04,845] {logging_mixin.py:115} INFO - [2022-08-19 23:03:04,845] {dag.py:2972} INFO - Setting next_dagrun for tutorial to 2022-08-18T23:03:04.845573+00:00, run_after=2022-08-19T23:03:04.845573+00:00
[2022-08-19 23:03:04,854] {processor.py:161} INFO - Processing /home/airflow/.local/lib/python3.7/site-packages/airflow/example_dags/tutorial.py took 0.050 seconds
[2022-08-19 23:03:35,363] {processor.py:153} INFO - Started process (PID=1370) to work on /home/airflow/.local/lib/python3.7/site-packages/airflow/example_dags/tutorial.py
[2022-08-19 23:03:35,364] {processor.py:641} INFO - Processing file /home/airflow/.local/lib/python3.7/site-packages/airflow/example_dags/tutorial.py for tasks to queue
[2022-08-19 23:03:35,364] {logging_mixin.py:115} INFO - [2022-08-19 23:03:35,364] {dagbag.py:508} INFO - Filling up the DagBag from /home/airflow/.local/lib/python3.7/site-packages/airflow/example_dags/tutorial.py
[2022-08-19 23:03:35,370] {processor.py:651} INFO - DAG(s) dict_keys(['tutorial']) retrieved from /home/airflow/.local/lib/python3.7/site-packages/airflow/example_dags/tutorial.py
[2022-08-19 23:03:35,386] {logging_mixin.py:115} INFO - [2022-08-19 23:03:35,386] {dag.py:2420} INFO - Sync 1 DAGs
[2022-08-19 23:03:35,399] {logging_mixin.py:115} INFO - [2022-08-19 23:03:35,399] {dag.py:2972} INFO - Setting next_dagrun for tutorial to 2022-08-18T23:03:35.399207+00:00, run_after=2022-08-19T23:03:35.399207+00:00
[2022-08-19 23:03:35,406] {processor.py:161} INFO - Processing /home/airflow/.local/lib/python3.7/site-packages/airflow/example_dags/tutorial.py took 0.046 seconds
[2022-08-19 23:04:05,566] {processor.py:153} INFO - Started process (PID=1445) to work on /home/airflow/.local/lib/python3.7/site-packages/airflow/example_dags/tutorial.py
[2022-08-19 23:04:05,567] {processor.py:641} INFO - Processing file /home/airflow/.local/lib/python3.7/site-packages/airflow/example_dags/tutorial.py for tasks to queue
[2022-08-19 23:04:05,568] {logging_mixin.py:115} INFO - [2022-08-19 23:04:05,568] {dagbag.py:508} INFO - Filling up the DagBag from /home/airflow/.local/lib/python3.7/site-packages/airflow/example_dags/tutorial.py
[2022-08-19 23:04:05,572] {processor.py:651} INFO - DAG(s) dict_keys(['tutorial']) retrieved from /home/airflow/.local/lib/python3.7/site-packages/airflow/example_dags/tutorial.py
[2022-08-19 23:04:05,589] {logging_mixin.py:115} INFO - [2022-08-19 23:04:05,589] {dag.py:2420} INFO - Sync 1 DAGs
[2022-08-19 23:04:05,602] {logging_mixin.py:115} INFO - [2022-08-19 23:04:05,602] {dag.py:2972} INFO - Setting next_dagrun for tutorial to 2022-08-18T23:04:05.601817+00:00, run_after=2022-08-19T23:04:05.601817+00:00
[2022-08-19 23:04:05,609] {processor.py:161} INFO - Processing /home/airflow/.local/lib/python3.7/site-packages/airflow/example_dags/tutorial.py took 0.045 seconds
[2022-08-19 23:04:36,149] {processor.py:153} INFO - Started process (PID=1513) to work on /home/airflow/.local/lib/python3.7/site-packages/airflow/example_dags/tutorial.py
[2022-08-19 23:04:36,150] {processor.py:641} INFO - Processing file /home/airflow/.local/lib/python3.7/site-packages/airflow/example_dags/tutorial.py for tasks to queue
[2022-08-19 23:04:36,152] {logging_mixin.py:115} INFO - [2022-08-19 23:04:36,151] {dagbag.py:508} INFO - Filling up the DagBag from /home/airflow/.local/lib/python3.7/site-packages/airflow/example_dags/tutorial.py
[2022-08-19 23:04:36,156] {processor.py:651} INFO - DAG(s) dict_keys(['tutorial']) retrieved from /home/airflow/.local/lib/python3.7/site-packages/airflow/example_dags/tutorial.py
[2022-08-19 23:04:36,172] {logging_mixin.py:115} INFO - [2022-08-19 23:04:36,172] {dag.py:2420} INFO - Sync 1 DAGs
[2022-08-19 23:04:36,185] {logging_mixin.py:115} INFO - [2022-08-19 23:04:36,185] {dag.py:2972} INFO - Setting next_dagrun for tutorial to 2022-08-18T23:04:36.185366+00:00, run_after=2022-08-19T23:04:36.185366+00:00
[2022-08-19 23:04:36,194] {processor.py:161} INFO - Processing /home/airflow/.local/lib/python3.7/site-packages/airflow/example_dags/tutorial.py took 0.047 seconds
[2022-08-19 23:05:06,840] {processor.py:153} INFO - Started process (PID=1574) to work on /home/airflow/.local/lib/python3.7/site-packages/airflow/example_dags/tutorial.py
[2022-08-19 23:05:06,840] {processor.py:641} INFO - Processing file /home/airflow/.local/lib/python3.7/site-packages/airflow/example_dags/tutorial.py for tasks to queue
[2022-08-19 23:05:06,842] {logging_mixin.py:115} INFO - [2022-08-19 23:05:06,841] {dagbag.py:508} INFO - Filling up the DagBag from /home/airflow/.local/lib/python3.7/site-packages/airflow/example_dags/tutorial.py
[2022-08-19 23:05:06,846] {processor.py:651} INFO - DAG(s) dict_keys(['tutorial']) retrieved from /home/airflow/.local/lib/python3.7/site-packages/airflow/example_dags/tutorial.py
[2022-08-19 23:05:06,861] {logging_mixin.py:115} INFO - [2022-08-19 23:05:06,861] {dag.py:2420} INFO - Sync 1 DAGs
[2022-08-19 23:05:06,874] {logging_mixin.py:115} INFO - [2022-08-19 23:05:06,874] {dag.py:2972} INFO - Setting next_dagrun for tutorial to 2022-08-18T23:05:06.874314+00:00, run_after=2022-08-19T23:05:06.874314+00:00
[2022-08-19 23:05:06,881] {processor.py:161} INFO - Processing /home/airflow/.local/lib/python3.7/site-packages/airflow/example_dags/tutorial.py took 0.044 seconds
[2022-08-19 23:05:37,404] {processor.py:153} INFO - Started process (PID=1644) to work on /home/airflow/.local/lib/python3.7/site-packages/airflow/example_dags/tutorial.py
[2022-08-19 23:05:37,405] {processor.py:641} INFO - Processing file /home/airflow/.local/lib/python3.7/site-packages/airflow/example_dags/tutorial.py for tasks to queue
[2022-08-19 23:05:37,406] {logging_mixin.py:115} INFO - [2022-08-19 23:05:37,406] {dagbag.py:508} INFO - Filling up the DagBag from /home/airflow/.local/lib/python3.7/site-packages/airflow/example_dags/tutorial.py
[2022-08-19 23:05:37,410] {processor.py:651} INFO - DAG(s) dict_keys(['tutorial']) retrieved from /home/airflow/.local/lib/python3.7/site-packages/airflow/example_dags/tutorial.py
[2022-08-19 23:05:37,427] {logging_mixin.py:115} INFO - [2022-08-19 23:05:37,427] {dag.py:2420} INFO - Sync 1 DAGs
[2022-08-19 23:05:37,443] {logging_mixin.py:115} INFO - [2022-08-19 23:05:37,443] {dag.py:2972} INFO - Setting next_dagrun for tutorial to 2022-08-18T23:05:37.442815+00:00, run_after=2022-08-19T23:05:37.442815+00:00
[2022-08-19 23:05:37,452] {processor.py:161} INFO - Processing /home/airflow/.local/lib/python3.7/site-packages/airflow/example_dags/tutorial.py took 0.050 seconds
[2022-08-19 23:06:08,534] {processor.py:153} INFO - Started process (PID=1735) to work on /home/airflow/.local/lib/python3.7/site-packages/airflow/example_dags/tutorial.py
[2022-08-19 23:06:08,536] {processor.py:641} INFO - Processing file /home/airflow/.local/lib/python3.7/site-packages/airflow/example_dags/tutorial.py for tasks to queue
[2022-08-19 23:06:08,538] {logging_mixin.py:115} INFO - [2022-08-19 23:06:08,538] {dagbag.py:508} INFO - Filling up the DagBag from /home/airflow/.local/lib/python3.7/site-packages/airflow/example_dags/tutorial.py
[2022-08-19 23:06:08,543] {processor.py:651} INFO - DAG(s) dict_keys(['tutorial']) retrieved from /home/airflow/.local/lib/python3.7/site-packages/airflow/example_dags/tutorial.py
[2022-08-19 23:06:08,568] {logging_mixin.py:115} INFO - [2022-08-19 23:06:08,568] {dag.py:2420} INFO - Sync 1 DAGs
[2022-08-19 23:06:08,584] {logging_mixin.py:115} INFO - [2022-08-19 23:06:08,584] {dag.py:2972} INFO - Setting next_dagrun for tutorial to 2022-08-18T23:06:08.583934+00:00, run_after=2022-08-19T23:06:08.583934+00:00
[2022-08-19 23:06:08,596] {processor.py:161} INFO - Processing /home/airflow/.local/lib/python3.7/site-packages/airflow/example_dags/tutorial.py took 0.065 seconds
[2022-08-19 23:06:38,947] {processor.py:153} INFO - Started process (PID=1860) to work on /home/airflow/.local/lib/python3.7/site-packages/airflow/example_dags/tutorial.py
[2022-08-19 23:06:38,948] {processor.py:641} INFO - Processing file /home/airflow/.local/lib/python3.7/site-packages/airflow/example_dags/tutorial.py for tasks to queue
[2022-08-19 23:06:38,949] {logging_mixin.py:115} INFO - [2022-08-19 23:06:38,949] {dagbag.py:508} INFO - Filling up the DagBag from /home/airflow/.local/lib/python3.7/site-packages/airflow/example_dags/tutorial.py
[2022-08-19 23:06:38,954] {processor.py:651} INFO - DAG(s) dict_keys(['tutorial']) retrieved from /home/airflow/.local/lib/python3.7/site-packages/airflow/example_dags/tutorial.py
[2022-08-19 23:06:38,983] {logging_mixin.py:115} INFO - [2022-08-19 23:06:38,983] {dag.py:2420} INFO - Sync 1 DAGs
[2022-08-19 23:06:39,016] {logging_mixin.py:115} INFO - [2022-08-19 23:06:39,016] {dag.py:2972} INFO - Setting next_dagrun for tutorial to 2022-08-18T23:06:39.015995+00:00, run_after=2022-08-19T23:06:39.015995+00:00
[2022-08-19 23:06:39,025] {processor.py:161} INFO - Processing /home/airflow/.local/lib/python3.7/site-packages/airflow/example_dags/tutorial.py took 0.081 seconds
[2022-08-19 23:07:09,968] {processor.py:153} INFO - Started process (PID=1995) to work on /home/airflow/.local/lib/python3.7/site-packages/airflow/example_dags/tutorial.py
[2022-08-19 23:07:09,980] {processor.py:641} INFO - Processing file /home/airflow/.local/lib/python3.7/site-packages/airflow/example_dags/tutorial.py for tasks to queue
[2022-08-19 23:07:09,983] {logging_mixin.py:115} INFO - [2022-08-19 23:07:09,983] {dagbag.py:508} INFO - Filling up the DagBag from /home/airflow/.local/lib/python3.7/site-packages/airflow/example_dags/tutorial.py
[2022-08-19 23:07:09,990] {processor.py:651} INFO - DAG(s) dict_keys(['tutorial']) retrieved from /home/airflow/.local/lib/python3.7/site-packages/airflow/example_dags/tutorial.py
[2022-08-19 23:07:10,039] {logging_mixin.py:115} INFO - [2022-08-19 23:07:10,038] {dag.py:2420} INFO - Sync 1 DAGs
[2022-08-19 23:07:10,075] {logging_mixin.py:115} INFO - [2022-08-19 23:07:10,075] {dag.py:2972} INFO - Setting next_dagrun for tutorial to 2022-08-18T23:07:10.075785+00:00, run_after=2022-08-19T23:07:10.075785+00:00
[2022-08-19 23:07:10,099] {processor.py:161} INFO - Processing /home/airflow/.local/lib/python3.7/site-packages/airflow/example_dags/tutorial.py took 0.133 seconds
[2022-08-19 23:07:40,390] {processor.py:153} INFO - Started process (PID=2122) to work on /home/airflow/.local/lib/python3.7/site-packages/airflow/example_dags/tutorial.py
[2022-08-19 23:07:40,391] {processor.py:641} INFO - Processing file /home/airflow/.local/lib/python3.7/site-packages/airflow/example_dags/tutorial.py for tasks to queue
[2022-08-19 23:07:40,392] {logging_mixin.py:115} INFO - [2022-08-19 23:07:40,392] {dagbag.py:508} INFO - Filling up the DagBag from /home/airflow/.local/lib/python3.7/site-packages/airflow/example_dags/tutorial.py
[2022-08-19 23:07:40,401] {processor.py:651} INFO - DAG(s) dict_keys(['tutorial']) retrieved from /home/airflow/.local/lib/python3.7/site-packages/airflow/example_dags/tutorial.py
[2022-08-19 23:07:40,435] {logging_mixin.py:115} INFO - [2022-08-19 23:07:40,435] {dag.py:2420} INFO - Sync 1 DAGs
[2022-08-19 23:07:40,463] {logging_mixin.py:115} INFO - [2022-08-19 23:07:40,463] {dag.py:2972} INFO - Setting next_dagrun for tutorial to 2022-08-18T23:07:40.463742+00:00, run_after=2022-08-19T23:07:40.463742+00:00
[2022-08-19 23:07:40,477] {processor.py:161} INFO - Processing /home/airflow/.local/lib/python3.7/site-packages/airflow/example_dags/tutorial.py took 0.089 seconds
[2022-08-19 23:08:11,373] {processor.py:153} INFO - Started process (PID=2237) to work on /home/airflow/.local/lib/python3.7/site-packages/airflow/example_dags/tutorial.py
[2022-08-19 23:08:11,374] {processor.py:641} INFO - Processing file /home/airflow/.local/lib/python3.7/site-packages/airflow/example_dags/tutorial.py for tasks to queue
[2022-08-19 23:08:11,375] {logging_mixin.py:115} INFO - [2022-08-19 23:08:11,375] {dagbag.py:508} INFO - Filling up the DagBag from /home/airflow/.local/lib/python3.7/site-packages/airflow/example_dags/tutorial.py
[2022-08-19 23:08:11,379] {processor.py:651} INFO - DAG(s) dict_keys(['tutorial']) retrieved from /home/airflow/.local/lib/python3.7/site-packages/airflow/example_dags/tutorial.py
[2022-08-19 23:08:11,400] {logging_mixin.py:115} INFO - [2022-08-19 23:08:11,400] {dag.py:2420} INFO - Sync 1 DAGs
[2022-08-19 23:08:11,415] {logging_mixin.py:115} INFO - [2022-08-19 23:08:11,415] {dag.py:2972} INFO - Setting next_dagrun for tutorial to 2022-08-18T23:08:11.415332+00:00, run_after=2022-08-19T23:08:11.415332+00:00
[2022-08-19 23:08:11,424] {processor.py:161} INFO - Processing /home/airflow/.local/lib/python3.7/site-packages/airflow/example_dags/tutorial.py took 0.054 seconds
[2022-08-19 23:08:41,650] {processor.py:153} INFO - Started process (PID=2355) to work on /home/airflow/.local/lib/python3.7/site-packages/airflow/example_dags/tutorial.py
[2022-08-19 23:08:41,651] {processor.py:641} INFO - Processing file /home/airflow/.local/lib/python3.7/site-packages/airflow/example_dags/tutorial.py for tasks to queue
[2022-08-19 23:08:41,652] {logging_mixin.py:115} INFO - [2022-08-19 23:08:41,652] {dagbag.py:508} INFO - Filling up the DagBag from /home/airflow/.local/lib/python3.7/site-packages/airflow/example_dags/tutorial.py
[2022-08-19 23:08:41,657] {processor.py:651} INFO - DAG(s) dict_keys(['tutorial']) retrieved from /home/airflow/.local/lib/python3.7/site-packages/airflow/example_dags/tutorial.py
[2022-08-19 23:08:41,673] {logging_mixin.py:115} INFO - [2022-08-19 23:08:41,673] {dag.py:2420} INFO - Sync 1 DAGs
[2022-08-19 23:08:41,687] {logging_mixin.py:115} INFO - [2022-08-19 23:08:41,687] {dag.py:2972} INFO - Setting next_dagrun for tutorial to 2022-08-18T23:08:41.687172+00:00, run_after=2022-08-19T23:08:41.687172+00:00
[2022-08-19 23:08:41,695] {processor.py:161} INFO - Processing /home/airflow/.local/lib/python3.7/site-packages/airflow/example_dags/tutorial.py took 0.048 seconds
[2022-08-19 23:09:12,522] {processor.py:153} INFO - Started process (PID=2499) to work on /home/airflow/.local/lib/python3.7/site-packages/airflow/example_dags/tutorial.py
[2022-08-19 23:09:12,523] {processor.py:641} INFO - Processing file /home/airflow/.local/lib/python3.7/site-packages/airflow/example_dags/tutorial.py for tasks to queue
[2022-08-19 23:09:12,524] {logging_mixin.py:115} INFO - [2022-08-19 23:09:12,524] {dagbag.py:508} INFO - Filling up the DagBag from /home/airflow/.local/lib/python3.7/site-packages/airflow/example_dags/tutorial.py
[2022-08-19 23:09:12,537] {processor.py:651} INFO - DAG(s) dict_keys(['tutorial']) retrieved from /home/airflow/.local/lib/python3.7/site-packages/airflow/example_dags/tutorial.py
[2022-08-19 23:09:12,601] {logging_mixin.py:115} INFO - [2022-08-19 23:09:12,601] {dag.py:2420} INFO - Sync 1 DAGs
[2022-08-19 23:09:12,638] {logging_mixin.py:115} INFO - [2022-08-19 23:09:12,638] {dag.py:2972} INFO - Setting next_dagrun for tutorial to 2022-08-18T23:09:12.638036+00:00, run_after=2022-08-19T23:09:12.638036+00:00
[2022-08-19 23:09:12,656] {processor.py:161} INFO - Processing /home/airflow/.local/lib/python3.7/site-packages/airflow/example_dags/tutorial.py took 0.138 seconds
[2022-08-19 23:09:42,840] {processor.py:153} INFO - Started process (PID=2615) to work on /home/airflow/.local/lib/python3.7/site-packages/airflow/example_dags/tutorial.py
[2022-08-19 23:09:42,841] {processor.py:641} INFO - Processing file /home/airflow/.local/lib/python3.7/site-packages/airflow/example_dags/tutorial.py for tasks to queue
[2022-08-19 23:09:42,843] {logging_mixin.py:115} INFO - [2022-08-19 23:09:42,843] {dagbag.py:508} INFO - Filling up the DagBag from /home/airflow/.local/lib/python3.7/site-packages/airflow/example_dags/tutorial.py
[2022-08-19 23:09:42,849] {processor.py:651} INFO - DAG(s) dict_keys(['tutorial']) retrieved from /home/airflow/.local/lib/python3.7/site-packages/airflow/example_dags/tutorial.py
[2022-08-19 23:09:42,874] {logging_mixin.py:115} INFO - [2022-08-19 23:09:42,874] {dag.py:2420} INFO - Sync 1 DAGs
[2022-08-19 23:09:42,896] {logging_mixin.py:115} INFO - [2022-08-19 23:09:42,896] {dag.py:2972} INFO - Setting next_dagrun for tutorial to 2022-08-18T23:09:42.896312+00:00, run_after=2022-08-19T23:09:42.896312+00:00
[2022-08-19 23:09:42,913] {processor.py:161} INFO - Processing /home/airflow/.local/lib/python3.7/site-packages/airflow/example_dags/tutorial.py took 0.075 seconds
[2022-08-19 23:10:13,096] {processor.py:153} INFO - Started process (PID=2750) to work on /home/airflow/.local/lib/python3.7/site-packages/airflow/example_dags/tutorial.py
[2022-08-19 23:10:13,097] {processor.py:641} INFO - Processing file /home/airflow/.local/lib/python3.7/site-packages/airflow/example_dags/tutorial.py for tasks to queue
[2022-08-19 23:10:13,100] {logging_mixin.py:115} INFO - [2022-08-19 23:10:13,099] {dagbag.py:508} INFO - Filling up the DagBag from /home/airflow/.local/lib/python3.7/site-packages/airflow/example_dags/tutorial.py
[2022-08-19 23:10:13,106] {processor.py:651} INFO - DAG(s) dict_keys(['tutorial']) retrieved from /home/airflow/.local/lib/python3.7/site-packages/airflow/example_dags/tutorial.py
[2022-08-19 23:10:13,148] {logging_mixin.py:115} INFO - [2022-08-19 23:10:13,148] {dag.py:2420} INFO - Sync 1 DAGs
[2022-08-19 23:10:13,177] {logging_mixin.py:115} INFO - [2022-08-19 23:10:13,177] {dag.py:2972} INFO - Setting next_dagrun for tutorial to 2022-08-18T23:10:13.177353+00:00, run_after=2022-08-19T23:10:13.177353+00:00
[2022-08-19 23:10:13,191] {processor.py:161} INFO - Processing /home/airflow/.local/lib/python3.7/site-packages/airflow/example_dags/tutorial.py took 0.098 seconds
[2022-08-19 23:10:43,659] {processor.py:153} INFO - Started process (PID=2882) to work on /home/airflow/.local/lib/python3.7/site-packages/airflow/example_dags/tutorial.py
[2022-08-19 23:10:43,662] {processor.py:641} INFO - Processing file /home/airflow/.local/lib/python3.7/site-packages/airflow/example_dags/tutorial.py for tasks to queue
[2022-08-19 23:10:43,663] {logging_mixin.py:115} INFO - [2022-08-19 23:10:43,663] {dagbag.py:508} INFO - Filling up the DagBag from /home/airflow/.local/lib/python3.7/site-packages/airflow/example_dags/tutorial.py
[2022-08-19 23:10:43,669] {processor.py:651} INFO - DAG(s) dict_keys(['tutorial']) retrieved from /home/airflow/.local/lib/python3.7/site-packages/airflow/example_dags/tutorial.py
[2022-08-19 23:10:43,696] {logging_mixin.py:115} INFO - [2022-08-19 23:10:43,696] {dag.py:2420} INFO - Sync 1 DAGs
[2022-08-19 23:10:43,717] {logging_mixin.py:115} INFO - [2022-08-19 23:10:43,717] {dag.py:2972} INFO - Setting next_dagrun for tutorial to 2022-08-18T23:10:43.717473+00:00, run_after=2022-08-19T23:10:43.717473+00:00
[2022-08-19 23:10:43,728] {processor.py:161} INFO - Processing /home/airflow/.local/lib/python3.7/site-packages/airflow/example_dags/tutorial.py took 0.071 seconds
[2022-08-19 23:11:14,499] {processor.py:153} INFO - Started process (PID=2994) to work on /home/airflow/.local/lib/python3.7/site-packages/airflow/example_dags/tutorial.py
[2022-08-19 23:11:14,500] {processor.py:641} INFO - Processing file /home/airflow/.local/lib/python3.7/site-packages/airflow/example_dags/tutorial.py for tasks to queue
[2022-08-19 23:11:14,501] {logging_mixin.py:115} INFO - [2022-08-19 23:11:14,501] {dagbag.py:508} INFO - Filling up the DagBag from /home/airflow/.local/lib/python3.7/site-packages/airflow/example_dags/tutorial.py
[2022-08-19 23:11:14,506] {processor.py:651} INFO - DAG(s) dict_keys(['tutorial']) retrieved from /home/airflow/.local/lib/python3.7/site-packages/airflow/example_dags/tutorial.py
[2022-08-19 23:11:14,527] {logging_mixin.py:115} INFO - [2022-08-19 23:11:14,527] {dag.py:2420} INFO - Sync 1 DAGs
[2022-08-19 23:11:14,546] {logging_mixin.py:115} INFO - [2022-08-19 23:11:14,546] {dag.py:2972} INFO - Setting next_dagrun for tutorial to 2022-08-18T23:11:14.545914+00:00, run_after=2022-08-19T23:11:14.545914+00:00
[2022-08-19 23:11:14,555] {processor.py:161} INFO - Processing /home/airflow/.local/lib/python3.7/site-packages/airflow/example_dags/tutorial.py took 0.060 seconds
[2022-08-19 23:11:44,970] {processor.py:153} INFO - Started process (PID=3118) to work on /home/airflow/.local/lib/python3.7/site-packages/airflow/example_dags/tutorial.py
[2022-08-19 23:11:44,972] {processor.py:641} INFO - Processing file /home/airflow/.local/lib/python3.7/site-packages/airflow/example_dags/tutorial.py for tasks to queue
[2022-08-19 23:11:44,974] {logging_mixin.py:115} INFO - [2022-08-19 23:11:44,974] {dagbag.py:508} INFO - Filling up the DagBag from /home/airflow/.local/lib/python3.7/site-packages/airflow/example_dags/tutorial.py
[2022-08-19 23:11:44,979] {processor.py:651} INFO - DAG(s) dict_keys(['tutorial']) retrieved from /home/airflow/.local/lib/python3.7/site-packages/airflow/example_dags/tutorial.py
[2022-08-19 23:11:45,010] {logging_mixin.py:115} INFO - [2022-08-19 23:11:45,010] {dag.py:2420} INFO - Sync 1 DAGs
[2022-08-19 23:11:45,033] {logging_mixin.py:115} INFO - [2022-08-19 23:11:45,033] {dag.py:2972} INFO - Setting next_dagrun for tutorial to 2022-08-18T23:11:45.033279+00:00, run_after=2022-08-19T23:11:45.033279+00:00
[2022-08-19 23:11:45,049] {processor.py:161} INFO - Processing /home/airflow/.local/lib/python3.7/site-packages/airflow/example_dags/tutorial.py took 0.082 seconds
[2022-08-19 23:12:15,126] {processor.py:153} INFO - Started process (PID=3240) to work on /home/airflow/.local/lib/python3.7/site-packages/airflow/example_dags/tutorial.py
[2022-08-19 23:12:15,127] {processor.py:641} INFO - Processing file /home/airflow/.local/lib/python3.7/site-packages/airflow/example_dags/tutorial.py for tasks to queue
[2022-08-19 23:12:15,127] {logging_mixin.py:115} INFO - [2022-08-19 23:12:15,127] {dagbag.py:508} INFO - Filling up the DagBag from /home/airflow/.local/lib/python3.7/site-packages/airflow/example_dags/tutorial.py
[2022-08-19 23:12:15,132] {processor.py:651} INFO - DAG(s) dict_keys(['tutorial']) retrieved from /home/airflow/.local/lib/python3.7/site-packages/airflow/example_dags/tutorial.py
[2022-08-19 23:12:15,151] {logging_mixin.py:115} INFO - [2022-08-19 23:12:15,151] {dag.py:2420} INFO - Sync 1 DAGs
[2022-08-19 23:12:15,163] {logging_mixin.py:115} INFO - [2022-08-19 23:12:15,163] {dag.py:2972} INFO - Setting next_dagrun for tutorial to 2022-08-18T23:12:15.163661+00:00, run_after=2022-08-19T23:12:15.163661+00:00
[2022-08-19 23:12:15,174] {processor.py:161} INFO - Processing /home/airflow/.local/lib/python3.7/site-packages/airflow/example_dags/tutorial.py took 0.051 seconds
[2022-08-19 23:12:45,682] {processor.py:153} INFO - Started process (PID=3378) to work on /home/airflow/.local/lib/python3.7/site-packages/airflow/example_dags/tutorial.py
[2022-08-19 23:12:45,685] {processor.py:641} INFO - Processing file /home/airflow/.local/lib/python3.7/site-packages/airflow/example_dags/tutorial.py for tasks to queue
[2022-08-19 23:12:45,688] {logging_mixin.py:115} INFO - [2022-08-19 23:12:45,688] {dagbag.py:508} INFO - Filling up the DagBag from /home/airflow/.local/lib/python3.7/site-packages/airflow/example_dags/tutorial.py
[2022-08-19 23:12:45,696] {processor.py:651} INFO - DAG(s) dict_keys(['tutorial']) retrieved from /home/airflow/.local/lib/python3.7/site-packages/airflow/example_dags/tutorial.py
[2022-08-19 23:12:45,744] {logging_mixin.py:115} INFO - [2022-08-19 23:12:45,744] {dag.py:2420} INFO - Sync 1 DAGs
[2022-08-19 23:12:45,775] {logging_mixin.py:115} INFO - [2022-08-19 23:12:45,774] {dag.py:2972} INFO - Setting next_dagrun for tutorial to 2022-08-18T23:12:45.774813+00:00, run_after=2022-08-19T23:12:45.774813+00:00
[2022-08-19 23:12:45,794] {processor.py:161} INFO - Processing /home/airflow/.local/lib/python3.7/site-packages/airflow/example_dags/tutorial.py took 0.115 seconds
[2022-08-19 23:13:15,944] {processor.py:153} INFO - Started process (PID=3490) to work on /home/airflow/.local/lib/python3.7/site-packages/airflow/example_dags/tutorial.py
[2022-08-19 23:13:15,945] {processor.py:641} INFO - Processing file /home/airflow/.local/lib/python3.7/site-packages/airflow/example_dags/tutorial.py for tasks to queue
[2022-08-19 23:13:15,946] {logging_mixin.py:115} INFO - [2022-08-19 23:13:15,946] {dagbag.py:508} INFO - Filling up the DagBag from /home/airflow/.local/lib/python3.7/site-packages/airflow/example_dags/tutorial.py
[2022-08-19 23:13:15,950] {processor.py:651} INFO - DAG(s) dict_keys(['tutorial']) retrieved from /home/airflow/.local/lib/python3.7/site-packages/airflow/example_dags/tutorial.py
[2022-08-19 23:13:15,968] {logging_mixin.py:115} INFO - [2022-08-19 23:13:15,968] {dag.py:2420} INFO - Sync 1 DAGs
[2022-08-19 23:13:15,983] {logging_mixin.py:115} INFO - [2022-08-19 23:13:15,983] {dag.py:2972} INFO - Setting next_dagrun for tutorial to 2022-08-18T23:13:15.983030+00:00, run_after=2022-08-19T23:13:15.983030+00:00
[2022-08-19 23:13:15,990] {processor.py:161} INFO - Processing /home/airflow/.local/lib/python3.7/site-packages/airflow/example_dags/tutorial.py took 0.049 seconds
[2022-08-19 23:13:46,265] {processor.py:153} INFO - Started process (PID=3610) to work on /home/airflow/.local/lib/python3.7/site-packages/airflow/example_dags/tutorial.py
[2022-08-19 23:13:46,267] {processor.py:641} INFO - Processing file /home/airflow/.local/lib/python3.7/site-packages/airflow/example_dags/tutorial.py for tasks to queue
[2022-08-19 23:13:46,268] {logging_mixin.py:115} INFO - [2022-08-19 23:13:46,268] {dagbag.py:508} INFO - Filling up the DagBag from /home/airflow/.local/lib/python3.7/site-packages/airflow/example_dags/tutorial.py
[2022-08-19 23:13:46,272] {processor.py:651} INFO - DAG(s) dict_keys(['tutorial']) retrieved from /home/airflow/.local/lib/python3.7/site-packages/airflow/example_dags/tutorial.py
[2022-08-19 23:13:46,292] {logging_mixin.py:115} INFO - [2022-08-19 23:13:46,292] {dag.py:2420} INFO - Sync 1 DAGs
[2022-08-19 23:13:46,311] {logging_mixin.py:115} INFO - [2022-08-19 23:13:46,311] {dag.py:2972} INFO - Setting next_dagrun for tutorial to 2022-08-18T23:13:46.311313+00:00, run_after=2022-08-19T23:13:46.311313+00:00
[2022-08-19 23:13:46,318] {processor.py:161} INFO - Processing /home/airflow/.local/lib/python3.7/site-packages/airflow/example_dags/tutorial.py took 0.056 seconds
[2022-08-19 23:14:16,835] {processor.py:153} INFO - Started process (PID=3751) to work on /home/airflow/.local/lib/python3.7/site-packages/airflow/example_dags/tutorial.py
[2022-08-19 23:14:16,836] {processor.py:641} INFO - Processing file /home/airflow/.local/lib/python3.7/site-packages/airflow/example_dags/tutorial.py for tasks to queue
[2022-08-19 23:14:16,838] {logging_mixin.py:115} INFO - [2022-08-19 23:14:16,838] {dagbag.py:508} INFO - Filling up the DagBag from /home/airflow/.local/lib/python3.7/site-packages/airflow/example_dags/tutorial.py
[2022-08-19 23:14:16,843] {processor.py:651} INFO - DAG(s) dict_keys(['tutorial']) retrieved from /home/airflow/.local/lib/python3.7/site-packages/airflow/example_dags/tutorial.py
[2022-08-19 23:14:16,866] {logging_mixin.py:115} INFO - [2022-08-19 23:14:16,866] {dag.py:2420} INFO - Sync 1 DAGs
[2022-08-19 23:14:16,884] {logging_mixin.py:115} INFO - [2022-08-19 23:14:16,884] {dag.py:2972} INFO - Setting next_dagrun for tutorial to 2022-08-18T23:14:16.884055+00:00, run_after=2022-08-19T23:14:16.884055+00:00
[2022-08-19 23:14:16,892] {processor.py:161} INFO - Processing /home/airflow/.local/lib/python3.7/site-packages/airflow/example_dags/tutorial.py took 0.060 seconds
[2022-08-19 23:14:47,431] {processor.py:153} INFO - Started process (PID=3900) to work on /home/airflow/.local/lib/python3.7/site-packages/airflow/example_dags/tutorial.py
[2022-08-19 23:14:47,433] {processor.py:641} INFO - Processing file /home/airflow/.local/lib/python3.7/site-packages/airflow/example_dags/tutorial.py for tasks to queue
[2022-08-19 23:14:47,435] {logging_mixin.py:115} INFO - [2022-08-19 23:14:47,435] {dagbag.py:508} INFO - Filling up the DagBag from /home/airflow/.local/lib/python3.7/site-packages/airflow/example_dags/tutorial.py
[2022-08-19 23:14:47,440] {processor.py:651} INFO - DAG(s) dict_keys(['tutorial']) retrieved from /home/airflow/.local/lib/python3.7/site-packages/airflow/example_dags/tutorial.py
[2022-08-19 23:14:47,466] {logging_mixin.py:115} INFO - [2022-08-19 23:14:47,466] {dag.py:2420} INFO - Sync 1 DAGs
[2022-08-19 23:14:47,493] {logging_mixin.py:115} INFO - [2022-08-19 23:14:47,493] {dag.py:2972} INFO - Setting next_dagrun for tutorial to 2022-08-18T23:14:47.493675+00:00, run_after=2022-08-19T23:14:47.493675+00:00
[2022-08-19 23:14:47,515] {processor.py:161} INFO - Processing /home/airflow/.local/lib/python3.7/site-packages/airflow/example_dags/tutorial.py took 0.086 seconds
[2022-08-19 23:15:18,207] {processor.py:153} INFO - Started process (PID=4015) to work on /home/airflow/.local/lib/python3.7/site-packages/airflow/example_dags/tutorial.py
[2022-08-19 23:15:18,208] {processor.py:641} INFO - Processing file /home/airflow/.local/lib/python3.7/site-packages/airflow/example_dags/tutorial.py for tasks to queue
[2022-08-19 23:15:18,209] {logging_mixin.py:115} INFO - [2022-08-19 23:15:18,209] {dagbag.py:508} INFO - Filling up the DagBag from /home/airflow/.local/lib/python3.7/site-packages/airflow/example_dags/tutorial.py
[2022-08-19 23:15:18,213] {processor.py:651} INFO - DAG(s) dict_keys(['tutorial']) retrieved from /home/airflow/.local/lib/python3.7/site-packages/airflow/example_dags/tutorial.py
[2022-08-19 23:15:18,230] {logging_mixin.py:115} INFO - [2022-08-19 23:15:18,230] {dag.py:2420} INFO - Sync 1 DAGs
[2022-08-19 23:15:18,244] {logging_mixin.py:115} INFO - [2022-08-19 23:15:18,244] {dag.py:2972} INFO - Setting next_dagrun for tutorial to 2022-08-18T23:15:18.244245+00:00, run_after=2022-08-19T23:15:18.244245+00:00
[2022-08-19 23:15:18,252] {processor.py:161} INFO - Processing /home/airflow/.local/lib/python3.7/site-packages/airflow/example_dags/tutorial.py took 0.048 seconds
[2022-08-19 23:15:48,778] {processor.py:153} INFO - Started process (PID=4142) to work on /home/airflow/.local/lib/python3.7/site-packages/airflow/example_dags/tutorial.py
[2022-08-19 23:15:48,779] {processor.py:641} INFO - Processing file /home/airflow/.local/lib/python3.7/site-packages/airflow/example_dags/tutorial.py for tasks to queue
[2022-08-19 23:15:48,780] {logging_mixin.py:115} INFO - [2022-08-19 23:15:48,780] {dagbag.py:508} INFO - Filling up the DagBag from /home/airflow/.local/lib/python3.7/site-packages/airflow/example_dags/tutorial.py
[2022-08-19 23:15:48,786] {processor.py:651} INFO - DAG(s) dict_keys(['tutorial']) retrieved from /home/airflow/.local/lib/python3.7/site-packages/airflow/example_dags/tutorial.py
[2022-08-19 23:15:48,810] {logging_mixin.py:115} INFO - [2022-08-19 23:15:48,810] {dag.py:2420} INFO - Sync 1 DAGs
[2022-08-19 23:15:48,837] {logging_mixin.py:115} INFO - [2022-08-19 23:15:48,837] {dag.py:2972} INFO - Setting next_dagrun for tutorial to 2022-08-18T23:15:48.837331+00:00, run_after=2022-08-19T23:15:48.837331+00:00
[2022-08-19 23:15:48,854] {processor.py:161} INFO - Processing /home/airflow/.local/lib/python3.7/site-packages/airflow/example_dags/tutorial.py took 0.078 seconds
[2022-08-19 23:16:19,112] {processor.py:153} INFO - Started process (PID=4295) to work on /home/airflow/.local/lib/python3.7/site-packages/airflow/example_dags/tutorial.py
[2022-08-19 23:16:19,114] {processor.py:641} INFO - Processing file /home/airflow/.local/lib/python3.7/site-packages/airflow/example_dags/tutorial.py for tasks to queue
[2022-08-19 23:16:19,115] {logging_mixin.py:115} INFO - [2022-08-19 23:16:19,115] {dagbag.py:508} INFO - Filling up the DagBag from /home/airflow/.local/lib/python3.7/site-packages/airflow/example_dags/tutorial.py
[2022-08-19 23:16:19,120] {processor.py:651} INFO - DAG(s) dict_keys(['tutorial']) retrieved from /home/airflow/.local/lib/python3.7/site-packages/airflow/example_dags/tutorial.py
[2022-08-19 23:16:19,145] {logging_mixin.py:115} INFO - [2022-08-19 23:16:19,145] {dag.py:2420} INFO - Sync 1 DAGs
[2022-08-19 23:16:19,165] {logging_mixin.py:115} INFO - [2022-08-19 23:16:19,165] {dag.py:2972} INFO - Setting next_dagrun for tutorial to 2022-08-18T23:16:19.165120+00:00, run_after=2022-08-19T23:16:19.165120+00:00
[2022-08-19 23:16:19,179] {processor.py:161} INFO - Processing /home/airflow/.local/lib/python3.7/site-packages/airflow/example_dags/tutorial.py took 0.070 seconds
[2022-08-19 23:16:50,023] {processor.py:153} INFO - Started process (PID=4414) to work on /home/airflow/.local/lib/python3.7/site-packages/airflow/example_dags/tutorial.py
[2022-08-19 23:16:50,024] {processor.py:641} INFO - Processing file /home/airflow/.local/lib/python3.7/site-packages/airflow/example_dags/tutorial.py for tasks to queue
[2022-08-19 23:16:50,025] {logging_mixin.py:115} INFO - [2022-08-19 23:16:50,025] {dagbag.py:508} INFO - Filling up the DagBag from /home/airflow/.local/lib/python3.7/site-packages/airflow/example_dags/tutorial.py
[2022-08-19 23:16:50,030] {processor.py:651} INFO - DAG(s) dict_keys(['tutorial']) retrieved from /home/airflow/.local/lib/python3.7/site-packages/airflow/example_dags/tutorial.py
[2022-08-19 23:16:50,056] {logging_mixin.py:115} INFO - [2022-08-19 23:16:50,056] {dag.py:2420} INFO - Sync 1 DAGs
[2022-08-19 23:16:50,084] {logging_mixin.py:115} INFO - [2022-08-19 23:16:50,084] {dag.py:2972} INFO - Setting next_dagrun for tutorial to 2022-08-18T23:16:50.084561+00:00, run_after=2022-08-19T23:16:50.084561+00:00
[2022-08-19 23:16:50,102] {processor.py:161} INFO - Processing /home/airflow/.local/lib/python3.7/site-packages/airflow/example_dags/tutorial.py took 0.082 seconds
[2022-08-19 23:17:20,531] {processor.py:153} INFO - Started process (PID=4566) to work on /home/airflow/.local/lib/python3.7/site-packages/airflow/example_dags/tutorial.py
[2022-08-19 23:17:20,533] {processor.py:641} INFO - Processing file /home/airflow/.local/lib/python3.7/site-packages/airflow/example_dags/tutorial.py for tasks to queue
[2022-08-19 23:17:20,534] {logging_mixin.py:115} INFO - [2022-08-19 23:17:20,534] {dagbag.py:508} INFO - Filling up the DagBag from /home/airflow/.local/lib/python3.7/site-packages/airflow/example_dags/tutorial.py
[2022-08-19 23:17:20,546] {processor.py:651} INFO - DAG(s) dict_keys(['tutorial']) retrieved from /home/airflow/.local/lib/python3.7/site-packages/airflow/example_dags/tutorial.py
[2022-08-19 23:17:20,591] {logging_mixin.py:115} INFO - [2022-08-19 23:17:20,591] {dag.py:2420} INFO - Sync 1 DAGs
[2022-08-19 23:17:20,628] {logging_mixin.py:115} INFO - [2022-08-19 23:17:20,628] {dag.py:2972} INFO - Setting next_dagrun for tutorial to 2022-08-18T23:17:20.628639+00:00, run_after=2022-08-19T23:17:20.628639+00:00
[2022-08-19 23:17:20,639] {processor.py:161} INFO - Processing /home/airflow/.local/lib/python3.7/site-packages/airflow/example_dags/tutorial.py took 0.111 seconds
[2022-08-19 23:17:50,987] {processor.py:153} INFO - Started process (PID=4675) to work on /home/airflow/.local/lib/python3.7/site-packages/airflow/example_dags/tutorial.py
[2022-08-19 23:17:50,990] {processor.py:641} INFO - Processing file /home/airflow/.local/lib/python3.7/site-packages/airflow/example_dags/tutorial.py for tasks to queue
[2022-08-19 23:17:50,991] {logging_mixin.py:115} INFO - [2022-08-19 23:17:50,991] {dagbag.py:508} INFO - Filling up the DagBag from /home/airflow/.local/lib/python3.7/site-packages/airflow/example_dags/tutorial.py
[2022-08-19 23:17:50,996] {processor.py:651} INFO - DAG(s) dict_keys(['tutorial']) retrieved from /home/airflow/.local/lib/python3.7/site-packages/airflow/example_dags/tutorial.py
[2022-08-19 23:17:51,026] {logging_mixin.py:115} INFO - [2022-08-19 23:17:51,026] {dag.py:2420} INFO - Sync 1 DAGs
[2022-08-19 23:17:51,050] {logging_mixin.py:115} INFO - [2022-08-19 23:17:51,050] {dag.py:2972} INFO - Setting next_dagrun for tutorial to 2022-08-18T23:17:51.050584+00:00, run_after=2022-08-19T23:17:51.050584+00:00
[2022-08-19 23:17:51,065] {processor.py:161} INFO - Processing /home/airflow/.local/lib/python3.7/site-packages/airflow/example_dags/tutorial.py took 0.081 seconds
[2022-08-19 23:18:21,469] {processor.py:153} INFO - Started process (PID=4824) to work on /home/airflow/.local/lib/python3.7/site-packages/airflow/example_dags/tutorial.py
[2022-08-19 23:18:21,470] {processor.py:641} INFO - Processing file /home/airflow/.local/lib/python3.7/site-packages/airflow/example_dags/tutorial.py for tasks to queue
[2022-08-19 23:18:21,471] {logging_mixin.py:115} INFO - [2022-08-19 23:18:21,471] {dagbag.py:508} INFO - Filling up the DagBag from /home/airflow/.local/lib/python3.7/site-packages/airflow/example_dags/tutorial.py
[2022-08-19 23:18:21,477] {processor.py:651} INFO - DAG(s) dict_keys(['tutorial']) retrieved from /home/airflow/.local/lib/python3.7/site-packages/airflow/example_dags/tutorial.py
[2022-08-19 23:18:21,504] {logging_mixin.py:115} INFO - [2022-08-19 23:18:21,504] {dag.py:2420} INFO - Sync 1 DAGs
[2022-08-19 23:18:21,523] {logging_mixin.py:115} INFO - [2022-08-19 23:18:21,523] {dag.py:2972} INFO - Setting next_dagrun for tutorial to 2022-08-18T23:18:21.523476+00:00, run_after=2022-08-19T23:18:21.523476+00:00
[2022-08-19 23:18:21,539] {processor.py:161} INFO - Processing /home/airflow/.local/lib/python3.7/site-packages/airflow/example_dags/tutorial.py took 0.072 seconds
[2022-08-19 23:18:52,416] {processor.py:153} INFO - Started process (PID=4953) to work on /home/airflow/.local/lib/python3.7/site-packages/airflow/example_dags/tutorial.py
[2022-08-19 23:18:52,417] {processor.py:641} INFO - Processing file /home/airflow/.local/lib/python3.7/site-packages/airflow/example_dags/tutorial.py for tasks to queue
[2022-08-19 23:18:52,418] {logging_mixin.py:115} INFO - [2022-08-19 23:18:52,418] {dagbag.py:508} INFO - Filling up the DagBag from /home/airflow/.local/lib/python3.7/site-packages/airflow/example_dags/tutorial.py
[2022-08-19 23:18:52,424] {processor.py:651} INFO - DAG(s) dict_keys(['tutorial']) retrieved from /home/airflow/.local/lib/python3.7/site-packages/airflow/example_dags/tutorial.py
[2022-08-19 23:18:52,445] {logging_mixin.py:115} INFO - [2022-08-19 23:18:52,445] {dag.py:2420} INFO - Sync 1 DAGs
[2022-08-19 23:18:52,461] {logging_mixin.py:115} INFO - [2022-08-19 23:18:52,461] {dag.py:2972} INFO - Setting next_dagrun for tutorial to 2022-08-18T23:18:52.460890+00:00, run_after=2022-08-19T23:18:52.460890+00:00
[2022-08-19 23:18:52,469] {processor.py:161} INFO - Processing /home/airflow/.local/lib/python3.7/site-packages/airflow/example_dags/tutorial.py took 0.056 seconds
[2022-08-19 23:19:22,747] {processor.py:153} INFO - Started process (PID=5086) to work on /home/airflow/.local/lib/python3.7/site-packages/airflow/example_dags/tutorial.py
[2022-08-19 23:19:22,748] {processor.py:641} INFO - Processing file /home/airflow/.local/lib/python3.7/site-packages/airflow/example_dags/tutorial.py for tasks to queue
[2022-08-19 23:19:22,749] {logging_mixin.py:115} INFO - [2022-08-19 23:19:22,748] {dagbag.py:508} INFO - Filling up the DagBag from /home/airflow/.local/lib/python3.7/site-packages/airflow/example_dags/tutorial.py
[2022-08-19 23:19:22,753] {processor.py:651} INFO - DAG(s) dict_keys(['tutorial']) retrieved from /home/airflow/.local/lib/python3.7/site-packages/airflow/example_dags/tutorial.py
[2022-08-19 23:19:22,796] {logging_mixin.py:115} INFO - [2022-08-19 23:19:22,796] {dag.py:2420} INFO - Sync 1 DAGs
[2022-08-19 23:19:22,815] {logging_mixin.py:115} INFO - [2022-08-19 23:19:22,815] {dag.py:2972} INFO - Setting next_dagrun for tutorial to 2022-08-18T23:19:22.814938+00:00, run_after=2022-08-19T23:19:22.814938+00:00
[2022-08-19 23:19:22,829] {processor.py:161} INFO - Processing /home/airflow/.local/lib/python3.7/site-packages/airflow/example_dags/tutorial.py took 0.085 seconds
[2022-08-19 23:19:53,095] {processor.py:153} INFO - Started process (PID=5226) to work on /home/airflow/.local/lib/python3.7/site-packages/airflow/example_dags/tutorial.py
[2022-08-19 23:19:53,097] {processor.py:641} INFO - Processing file /home/airflow/.local/lib/python3.7/site-packages/airflow/example_dags/tutorial.py for tasks to queue
[2022-08-19 23:19:53,099] {logging_mixin.py:115} INFO - [2022-08-19 23:19:53,099] {dagbag.py:508} INFO - Filling up the DagBag from /home/airflow/.local/lib/python3.7/site-packages/airflow/example_dags/tutorial.py
[2022-08-19 23:19:53,108] {processor.py:651} INFO - DAG(s) dict_keys(['tutorial']) retrieved from /home/airflow/.local/lib/python3.7/site-packages/airflow/example_dags/tutorial.py
[2022-08-19 23:19:53,146] {logging_mixin.py:115} INFO - [2022-08-19 23:19:53,146] {dag.py:2420} INFO - Sync 1 DAGs
[2022-08-19 23:19:53,175] {logging_mixin.py:115} INFO - [2022-08-19 23:19:53,175] {dag.py:2972} INFO - Setting next_dagrun for tutorial to 2022-08-18T23:19:53.175475+00:00, run_after=2022-08-19T23:19:53.175475+00:00
[2022-08-19 23:19:53,188] {processor.py:161} INFO - Processing /home/airflow/.local/lib/python3.7/site-packages/airflow/example_dags/tutorial.py took 0.095 seconds
[2022-08-19 23:20:23,911] {processor.py:153} INFO - Started process (PID=5348) to work on /home/airflow/.local/lib/python3.7/site-packages/airflow/example_dags/tutorial.py
[2022-08-19 23:20:23,912] {processor.py:641} INFO - Processing file /home/airflow/.local/lib/python3.7/site-packages/airflow/example_dags/tutorial.py for tasks to queue
[2022-08-19 23:20:23,914] {logging_mixin.py:115} INFO - [2022-08-19 23:20:23,914] {dagbag.py:508} INFO - Filling up the DagBag from /home/airflow/.local/lib/python3.7/site-packages/airflow/example_dags/tutorial.py
[2022-08-19 23:20:23,925] {processor.py:651} INFO - DAG(s) dict_keys(['tutorial']) retrieved from /home/airflow/.local/lib/python3.7/site-packages/airflow/example_dags/tutorial.py
[2022-08-19 23:20:23,964] {logging_mixin.py:115} INFO - [2022-08-19 23:20:23,964] {dag.py:2420} INFO - Sync 1 DAGs
[2022-08-19 23:20:23,987] {logging_mixin.py:115} INFO - [2022-08-19 23:20:23,987] {dag.py:2972} INFO - Setting next_dagrun for tutorial to 2022-08-18T23:20:23.986869+00:00, run_after=2022-08-19T23:20:23.986869+00:00
[2022-08-19 23:20:24,004] {processor.py:161} INFO - Processing /home/airflow/.local/lib/python3.7/site-packages/airflow/example_dags/tutorial.py took 0.096 seconds
[2022-08-19 23:20:54,532] {processor.py:153} INFO - Started process (PID=5470) to work on /home/airflow/.local/lib/python3.7/site-packages/airflow/example_dags/tutorial.py
[2022-08-19 23:20:54,534] {processor.py:641} INFO - Processing file /home/airflow/.local/lib/python3.7/site-packages/airflow/example_dags/tutorial.py for tasks to queue
[2022-08-19 23:20:54,537] {logging_mixin.py:115} INFO - [2022-08-19 23:20:54,537] {dagbag.py:508} INFO - Filling up the DagBag from /home/airflow/.local/lib/python3.7/site-packages/airflow/example_dags/tutorial.py
[2022-08-19 23:20:54,552] {processor.py:651} INFO - DAG(s) dict_keys(['tutorial']) retrieved from /home/airflow/.local/lib/python3.7/site-packages/airflow/example_dags/tutorial.py
[2022-08-19 23:20:54,585] {logging_mixin.py:115} INFO - [2022-08-19 23:20:54,584] {dag.py:2420} INFO - Sync 1 DAGs
[2022-08-19 23:20:54,607] {logging_mixin.py:115} INFO - [2022-08-19 23:20:54,607] {dag.py:2972} INFO - Setting next_dagrun for tutorial to 2022-08-18T23:20:54.607485+00:00, run_after=2022-08-19T23:20:54.607485+00:00
[2022-08-19 23:20:54,622] {processor.py:161} INFO - Processing /home/airflow/.local/lib/python3.7/site-packages/airflow/example_dags/tutorial.py took 0.093 seconds
[2022-08-19 23:21:24,862] {processor.py:153} INFO - Started process (PID=5585) to work on /home/airflow/.local/lib/python3.7/site-packages/airflow/example_dags/tutorial.py
[2022-08-19 23:21:24,863] {processor.py:641} INFO - Processing file /home/airflow/.local/lib/python3.7/site-packages/airflow/example_dags/tutorial.py for tasks to queue
[2022-08-19 23:21:24,864] {logging_mixin.py:115} INFO - [2022-08-19 23:21:24,864] {dagbag.py:508} INFO - Filling up the DagBag from /home/airflow/.local/lib/python3.7/site-packages/airflow/example_dags/tutorial.py
[2022-08-19 23:21:24,869] {processor.py:651} INFO - DAG(s) dict_keys(['tutorial']) retrieved from /home/airflow/.local/lib/python3.7/site-packages/airflow/example_dags/tutorial.py
[2022-08-19 23:21:24,887] {logging_mixin.py:115} INFO - [2022-08-19 23:21:24,887] {dag.py:2420} INFO - Sync 1 DAGs
[2022-08-19 23:21:24,902] {logging_mixin.py:115} INFO - [2022-08-19 23:21:24,902] {dag.py:2972} INFO - Setting next_dagrun for tutorial to 2022-08-18T23:21:24.902696+00:00, run_after=2022-08-19T23:21:24.902696+00:00
[2022-08-19 23:21:24,911] {processor.py:161} INFO - Processing /home/airflow/.local/lib/python3.7/site-packages/airflow/example_dags/tutorial.py took 0.053 seconds
[2022-08-19 23:21:55,422] {processor.py:153} INFO - Started process (PID=5697) to work on /home/airflow/.local/lib/python3.7/site-packages/airflow/example_dags/tutorial.py
[2022-08-19 23:21:55,423] {processor.py:641} INFO - Processing file /home/airflow/.local/lib/python3.7/site-packages/airflow/example_dags/tutorial.py for tasks to queue
[2022-08-19 23:21:55,424] {logging_mixin.py:115} INFO - [2022-08-19 23:21:55,424] {dagbag.py:508} INFO - Filling up the DagBag from /home/airflow/.local/lib/python3.7/site-packages/airflow/example_dags/tutorial.py
[2022-08-19 23:21:55,428] {processor.py:651} INFO - DAG(s) dict_keys(['tutorial']) retrieved from /home/airflow/.local/lib/python3.7/site-packages/airflow/example_dags/tutorial.py
[2022-08-19 23:21:55,446] {logging_mixin.py:115} INFO - [2022-08-19 23:21:55,446] {dag.py:2420} INFO - Sync 1 DAGs
[2022-08-19 23:21:55,459] {logging_mixin.py:115} INFO - [2022-08-19 23:21:55,459] {dag.py:2972} INFO - Setting next_dagrun for tutorial to 2022-08-18T23:21:55.459589+00:00, run_after=2022-08-19T23:21:55.459589+00:00
[2022-08-19 23:21:55,467] {processor.py:161} INFO - Processing /home/airflow/.local/lib/python3.7/site-packages/airflow/example_dags/tutorial.py took 0.048 seconds
[2022-08-19 23:22:25,924] {processor.py:153} INFO - Started process (PID=5768) to work on /home/airflow/.local/lib/python3.7/site-packages/airflow/example_dags/tutorial.py
[2022-08-19 23:22:25,926] {processor.py:641} INFO - Processing file /home/airflow/.local/lib/python3.7/site-packages/airflow/example_dags/tutorial.py for tasks to queue
[2022-08-19 23:22:25,927] {logging_mixin.py:115} INFO - [2022-08-19 23:22:25,927] {dagbag.py:508} INFO - Filling up the DagBag from /home/airflow/.local/lib/python3.7/site-packages/airflow/example_dags/tutorial.py
[2022-08-19 23:22:25,932] {processor.py:651} INFO - DAG(s) dict_keys(['tutorial']) retrieved from /home/airflow/.local/lib/python3.7/site-packages/airflow/example_dags/tutorial.py
[2022-08-19 23:22:25,949] {logging_mixin.py:115} INFO - [2022-08-19 23:22:25,949] {dag.py:2420} INFO - Sync 1 DAGs
[2022-08-19 23:22:25,963] {logging_mixin.py:115} INFO - [2022-08-19 23:22:25,963] {dag.py:2972} INFO - Setting next_dagrun for tutorial to 2022-08-18T23:22:25.962983+00:00, run_after=2022-08-19T23:22:25.962983+00:00
[2022-08-19 23:22:25,970] {processor.py:161} INFO - Processing /home/airflow/.local/lib/python3.7/site-packages/airflow/example_dags/tutorial.py took 0.048 seconds
[2022-08-19 23:22:56,464] {processor.py:153} INFO - Started process (PID=5840) to work on /home/airflow/.local/lib/python3.7/site-packages/airflow/example_dags/tutorial.py
[2022-08-19 23:22:56,465] {processor.py:641} INFO - Processing file /home/airflow/.local/lib/python3.7/site-packages/airflow/example_dags/tutorial.py for tasks to queue
[2022-08-19 23:22:56,466] {logging_mixin.py:115} INFO - [2022-08-19 23:22:56,466] {dagbag.py:508} INFO - Filling up the DagBag from /home/airflow/.local/lib/python3.7/site-packages/airflow/example_dags/tutorial.py
[2022-08-19 23:22:56,471] {processor.py:651} INFO - DAG(s) dict_keys(['tutorial']) retrieved from /home/airflow/.local/lib/python3.7/site-packages/airflow/example_dags/tutorial.py
[2022-08-19 23:22:56,489] {logging_mixin.py:115} INFO - [2022-08-19 23:22:56,489] {dag.py:2420} INFO - Sync 1 DAGs
[2022-08-19 23:22:56,504] {logging_mixin.py:115} INFO - [2022-08-19 23:22:56,504] {dag.py:2972} INFO - Setting next_dagrun for tutorial to 2022-08-18T23:22:56.503980+00:00, run_after=2022-08-19T23:22:56.503980+00:00
[2022-08-19 23:22:56,511] {processor.py:161} INFO - Processing /home/airflow/.local/lib/python3.7/site-packages/airflow/example_dags/tutorial.py took 0.049 seconds
[2022-08-19 23:23:27,131] {processor.py:153} INFO - Started process (PID=5908) to work on /home/airflow/.local/lib/python3.7/site-packages/airflow/example_dags/tutorial.py
[2022-08-19 23:23:27,132] {processor.py:641} INFO - Processing file /home/airflow/.local/lib/python3.7/site-packages/airflow/example_dags/tutorial.py for tasks to queue
[2022-08-19 23:23:27,133] {logging_mixin.py:115} INFO - [2022-08-19 23:23:27,133] {dagbag.py:508} INFO - Filling up the DagBag from /home/airflow/.local/lib/python3.7/site-packages/airflow/example_dags/tutorial.py
[2022-08-19 23:23:27,138] {processor.py:651} INFO - DAG(s) dict_keys(['tutorial']) retrieved from /home/airflow/.local/lib/python3.7/site-packages/airflow/example_dags/tutorial.py
[2022-08-19 23:23:27,155] {logging_mixin.py:115} INFO - [2022-08-19 23:23:27,155] {dag.py:2420} INFO - Sync 1 DAGs
[2022-08-19 23:23:27,168] {logging_mixin.py:115} INFO - [2022-08-19 23:23:27,168] {dag.py:2972} INFO - Setting next_dagrun for tutorial to 2022-08-18T23:23:27.167935+00:00, run_after=2022-08-19T23:23:27.167935+00:00
[2022-08-19 23:23:27,177] {processor.py:161} INFO - Processing /home/airflow/.local/lib/python3.7/site-packages/airflow/example_dags/tutorial.py took 0.048 seconds
[2022-08-19 23:23:57,557] {processor.py:153} INFO - Started process (PID=5965) to work on /home/airflow/.local/lib/python3.7/site-packages/airflow/example_dags/tutorial.py
[2022-08-19 23:23:57,558] {processor.py:641} INFO - Processing file /home/airflow/.local/lib/python3.7/site-packages/airflow/example_dags/tutorial.py for tasks to queue
[2022-08-19 23:23:57,559] {logging_mixin.py:115} INFO - [2022-08-19 23:23:57,559] {dagbag.py:508} INFO - Filling up the DagBag from /home/airflow/.local/lib/python3.7/site-packages/airflow/example_dags/tutorial.py
[2022-08-19 23:23:57,564] {processor.py:651} INFO - DAG(s) dict_keys(['tutorial']) retrieved from /home/airflow/.local/lib/python3.7/site-packages/airflow/example_dags/tutorial.py
[2022-08-19 23:23:57,582] {logging_mixin.py:115} INFO - [2022-08-19 23:23:57,582] {dag.py:2420} INFO - Sync 1 DAGs
[2022-08-19 23:23:57,596] {logging_mixin.py:115} INFO - [2022-08-19 23:23:57,595] {dag.py:2972} INFO - Setting next_dagrun for tutorial to 2022-08-18T23:23:57.595826+00:00, run_after=2022-08-19T23:23:57.595826+00:00
[2022-08-19 23:23:57,604] {processor.py:161} INFO - Processing /home/airflow/.local/lib/python3.7/site-packages/airflow/example_dags/tutorial.py took 0.049 seconds
[2022-08-19 23:24:27,893] {processor.py:153} INFO - Started process (PID=6032) to work on /home/airflow/.local/lib/python3.7/site-packages/airflow/example_dags/tutorial.py
[2022-08-19 23:24:27,894] {processor.py:641} INFO - Processing file /home/airflow/.local/lib/python3.7/site-packages/airflow/example_dags/tutorial.py for tasks to queue
[2022-08-19 23:24:27,895] {logging_mixin.py:115} INFO - [2022-08-19 23:24:27,895] {dagbag.py:508} INFO - Filling up the DagBag from /home/airflow/.local/lib/python3.7/site-packages/airflow/example_dags/tutorial.py
[2022-08-19 23:24:27,899] {processor.py:651} INFO - DAG(s) dict_keys(['tutorial']) retrieved from /home/airflow/.local/lib/python3.7/site-packages/airflow/example_dags/tutorial.py
[2022-08-19 23:24:27,916] {logging_mixin.py:115} INFO - [2022-08-19 23:24:27,916] {dag.py:2420} INFO - Sync 1 DAGs
[2022-08-19 23:24:27,931] {logging_mixin.py:115} INFO - [2022-08-19 23:24:27,931] {dag.py:2972} INFO - Setting next_dagrun for tutorial to 2022-08-18T23:24:27.931366+00:00, run_after=2022-08-19T23:24:27.931366+00:00
[2022-08-19 23:24:27,939] {processor.py:161} INFO - Processing /home/airflow/.local/lib/python3.7/site-packages/airflow/example_dags/tutorial.py took 0.049 seconds
[2022-08-19 23:24:58,363] {processor.py:153} INFO - Started process (PID=6101) to work on /home/airflow/.local/lib/python3.7/site-packages/airflow/example_dags/tutorial.py
[2022-08-19 23:24:58,364] {processor.py:641} INFO - Processing file /home/airflow/.local/lib/python3.7/site-packages/airflow/example_dags/tutorial.py for tasks to queue
[2022-08-19 23:24:58,365] {logging_mixin.py:115} INFO - [2022-08-19 23:24:58,365] {dagbag.py:508} INFO - Filling up the DagBag from /home/airflow/.local/lib/python3.7/site-packages/airflow/example_dags/tutorial.py
[2022-08-19 23:24:58,369] {processor.py:651} INFO - DAG(s) dict_keys(['tutorial']) retrieved from /home/airflow/.local/lib/python3.7/site-packages/airflow/example_dags/tutorial.py
[2022-08-19 23:24:58,386] {logging_mixin.py:115} INFO - [2022-08-19 23:24:58,386] {dag.py:2420} INFO - Sync 1 DAGs
[2022-08-19 23:24:58,398] {logging_mixin.py:115} INFO - [2022-08-19 23:24:58,398] {dag.py:2972} INFO - Setting next_dagrun for tutorial to 2022-08-18T23:24:58.398606+00:00, run_after=2022-08-19T23:24:58.398606+00:00
[2022-08-19 23:24:58,405] {processor.py:161} INFO - Processing /home/airflow/.local/lib/python3.7/site-packages/airflow/example_dags/tutorial.py took 0.045 seconds
