[2022-08-19 23:18:06,239] {taskinstance.py:1179} INFO - Dependencies all met for <TaskInstance: sefa_dag.get_telegram_version scheduled__2020-01-01T16:07:00+00:00 [queued]>
[2022-08-19 23:18:06,259] {taskinstance.py:1179} INFO - Dependencies all met for <TaskInstance: sefa_dag.get_telegram_version scheduled__2020-01-01T16:07:00+00:00 [queued]>
[2022-08-19 23:18:06,260] {taskinstance.py:1376} INFO - 
--------------------------------------------------------------------------------
[2022-08-19 23:18:06,261] {taskinstance.py:1377} INFO - Starting attempt 1 of 1
[2022-08-19 23:18:06,262] {taskinstance.py:1378} INFO - 
--------------------------------------------------------------------------------
[2022-08-19 23:18:06,282] {taskinstance.py:1397} INFO - Executing <Task(PythonOperator): get_telegram_version> on 2020-01-01 16:07:00+00:00
[2022-08-19 23:18:06,293] {standard_task_runner.py:52} INFO - Started process 9247 to run task
[2022-08-19 23:18:06,316] {standard_task_runner.py:79} INFO - Running: ['***', 'tasks', 'run', 'sefa_dag', 'get_telegram_version', 'scheduled__2020-01-01T16:07:00+00:00', '--job-id', '1963', '--raw', '--subdir', 'DAGS_FOLDER/sefa_dag.py', '--cfg-path', '/tmp/tmpqh5gecik', '--error-file', '/tmp/tmpql0g295k']
[2022-08-19 23:18:06,321] {standard_task_runner.py:80} INFO - Job 1963: Subtask get_telegram_version
[2022-08-19 23:18:06,491] {task_command.py:371} INFO - Running <TaskInstance: sefa_dag.get_telegram_version scheduled__2020-01-01T16:07:00+00:00 [running]> on host fd7a784b9251
[2022-08-19 23:18:06,650] {taskinstance.py:1591} INFO - Exporting the following env vars:
AIRFLOW_CTX_DAG_OWNER=***
AIRFLOW_CTX_DAG_ID=sefa_dag
AIRFLOW_CTX_TASK_ID=get_telegram_version
AIRFLOW_CTX_EXECUTION_DATE=2020-01-01T16:07:00+00:00
AIRFLOW_CTX_TRY_NUMBER=1
AIRFLOW_CTX_DAG_RUN_ID=scheduled__2020-01-01T16:07:00+00:00
[2022-08-19 23:18:06,655] {python.py:173} INFO - Done. Returned value was: 1.24.0
[2022-08-19 23:18:06,762] {taskinstance.py:1420} INFO - Marking task as SUCCESS. dag_id=sefa_dag, task_id=get_telegram_version, execution_date=20200101T160700, start_date=20220819T231806, end_date=20220819T231806
[2022-08-19 23:18:06,817] {local_task_job.py:156} INFO - Task exited with return code 0
[2022-08-19 23:18:06,890] {local_task_job.py:273} INFO - 0 downstream tasks scheduled from follow-on schedule check
