[2022-08-19 22:53:47,891] {taskinstance.py:1179} INFO - Dependencies all met for <TaskInstance: example_bash_operator.run_after_loop scheduled__2022-08-18T00:00:00+00:00 [queued]>
[2022-08-19 22:53:47,897] {taskinstance.py:1179} INFO - Dependencies all met for <TaskInstance: example_bash_operator.run_after_loop scheduled__2022-08-18T00:00:00+00:00 [queued]>
[2022-08-19 22:53:47,898] {taskinstance.py:1376} INFO - 
--------------------------------------------------------------------------------
[2022-08-19 22:53:47,899] {taskinstance.py:1377} INFO - Starting attempt 1 of 1
[2022-08-19 22:53:47,900] {taskinstance.py:1378} INFO - 
--------------------------------------------------------------------------------
[2022-08-19 22:53:47,908] {taskinstance.py:1397} INFO - Executing <Task(BashOperator): run_after_loop> on 2022-08-18 00:00:00+00:00
[2022-08-19 22:53:47,911] {standard_task_runner.py:52} INFO - Started process 90 to run task
[2022-08-19 22:53:47,913] {standard_task_runner.py:79} INFO - Running: ['***', 'tasks', 'run', 'example_bash_operator', 'run_after_loop', 'scheduled__2022-08-18T00:00:00+00:00', '--job-id', '8', '--raw', '--subdir', '/home/***/.local/lib/python3.7/site-packages/***/example_dags/example_bash_operator.py', '--cfg-path', '/tmp/tmps10ohkt0', '--error-file', '/tmp/tmpib9g47kk']
[2022-08-19 22:53:47,915] {standard_task_runner.py:80} INFO - Job 8: Subtask run_after_loop
[2022-08-19 22:53:47,956] {task_command.py:371} INFO - Running <TaskInstance: example_bash_operator.run_after_loop scheduled__2022-08-18T00:00:00+00:00 [running]> on host fd7a784b9251
[2022-08-19 22:53:47,993] {taskinstance.py:1591} INFO - Exporting the following env vars:
AIRFLOW_CTX_DAG_OWNER=***
AIRFLOW_CTX_DAG_ID=example_bash_operator
AIRFLOW_CTX_TASK_ID=run_after_loop
AIRFLOW_CTX_EXECUTION_DATE=2022-08-18T00:00:00+00:00
AIRFLOW_CTX_TRY_NUMBER=1
AIRFLOW_CTX_DAG_RUN_ID=scheduled__2022-08-18T00:00:00+00:00
[2022-08-19 22:53:47,995] {subprocess.py:62} INFO - Tmp dir root location: 
 /tmp
[2022-08-19 22:53:47,997] {subprocess.py:74} INFO - Running command: ['bash', '-c', 'echo 1']
[2022-08-19 22:53:48,005] {subprocess.py:85} INFO - Output:
[2022-08-19 22:53:48,006] {subprocess.py:92} INFO - 1
[2022-08-19 22:53:48,007] {subprocess.py:96} INFO - Command exited with return code 0
[2022-08-19 22:53:48,030] {taskinstance.py:1420} INFO - Marking task as SUCCESS. dag_id=example_bash_operator, task_id=run_after_loop, execution_date=20220818T000000, start_date=20220819T225347, end_date=20220819T225348
[2022-08-19 22:53:48,046] {local_task_job.py:156} INFO - Task exited with return code 0
[2022-08-19 22:53:48,065] {local_task_job.py:273} INFO - 0 downstream tasks scheduled from follow-on schedule check
