[2022-08-19 22:53:51,553] {taskinstance.py:1179} INFO - Dependencies all met for <TaskInstance: example_bash_operator.runme_0 manual__2022-08-19T22:53:50.319542+00:00 [queued]>
[2022-08-19 22:53:51,560] {taskinstance.py:1179} INFO - Dependencies all met for <TaskInstance: example_bash_operator.runme_0 manual__2022-08-19T22:53:50.319542+00:00 [queued]>
[2022-08-19 22:53:51,561] {taskinstance.py:1376} INFO - 
--------------------------------------------------------------------------------
[2022-08-19 22:53:51,561] {taskinstance.py:1377} INFO - Starting attempt 1 of 1
[2022-08-19 22:53:51,562] {taskinstance.py:1378} INFO - 
--------------------------------------------------------------------------------
[2022-08-19 22:53:51,582] {taskinstance.py:1397} INFO - Executing <Task(BashOperator): runme_0> on 2022-08-19 22:53:50.319542+00:00
[2022-08-19 22:53:51,588] {standard_task_runner.py:52} INFO - Started process 108 to run task
[2022-08-19 22:53:51,594] {standard_task_runner.py:79} INFO - Running: ['***', 'tasks', 'run', 'example_bash_operator', 'runme_0', 'manual__2022-08-19T22:53:50.319542+00:00', '--job-id', '9', '--raw', '--subdir', '/home/***/.local/lib/python3.7/site-packages/***/example_dags/example_bash_operator.py', '--cfg-path', '/tmp/tmpl8pmp9de', '--error-file', '/tmp/tmpx5swpk7i']
[2022-08-19 22:53:51,596] {standard_task_runner.py:80} INFO - Job 9: Subtask runme_0
[2022-08-19 22:53:51,671] {task_command.py:371} INFO - Running <TaskInstance: example_bash_operator.runme_0 manual__2022-08-19T22:53:50.319542+00:00 [running]> on host fd7a784b9251
[2022-08-19 22:53:51,770] {taskinstance.py:1591} INFO - Exporting the following env vars:
AIRFLOW_CTX_DAG_OWNER=***
AIRFLOW_CTX_DAG_ID=example_bash_operator
AIRFLOW_CTX_TASK_ID=runme_0
AIRFLOW_CTX_EXECUTION_DATE=2022-08-19T22:53:50.319542+00:00
AIRFLOW_CTX_TRY_NUMBER=1
AIRFLOW_CTX_DAG_RUN_ID=manual__2022-08-19T22:53:50.319542+00:00
[2022-08-19 22:53:51,772] {subprocess.py:62} INFO - Tmp dir root location: 
 /tmp
[2022-08-19 22:53:51,774] {subprocess.py:74} INFO - Running command: ['bash', '-c', 'echo "example_bash_operator__runme_0__20220819" && sleep 1']
[2022-08-19 22:53:51,785] {subprocess.py:85} INFO - Output:
[2022-08-19 22:53:51,786] {subprocess.py:92} INFO - example_bash_operator__runme_0__20220819
[2022-08-19 22:53:52,787] {subprocess.py:96} INFO - Command exited with return code 0
[2022-08-19 22:53:52,810] {taskinstance.py:1420} INFO - Marking task as SUCCESS. dag_id=example_bash_operator, task_id=runme_0, execution_date=20220819T225350, start_date=20220819T225351, end_date=20220819T225352
[2022-08-19 22:53:52,837] {local_task_job.py:156} INFO - Task exited with return code 0
[2022-08-19 22:53:52,866] {local_task_job.py:273} INFO - 0 downstream tasks scheduled from follow-on schedule check
