[2022-08-19 23:09:27,512] {taskinstance.py:1179} INFO - Dependencies all met for <TaskInstance: sefa_dag.get_pandas_version scheduled__2020-01-01T04:35:00+00:00 [queued]>
[2022-08-19 23:09:27,532] {taskinstance.py:1179} INFO - Dependencies all met for <TaskInstance: sefa_dag.get_pandas_version scheduled__2020-01-01T04:35:00+00:00 [queued]>
[2022-08-19 23:09:27,533] {taskinstance.py:1376} INFO - 
--------------------------------------------------------------------------------
[2022-08-19 23:09:27,535] {taskinstance.py:1377} INFO - Starting attempt 1 of 1
[2022-08-19 23:09:27,536] {taskinstance.py:1378} INFO - 
--------------------------------------------------------------------------------
[2022-08-19 23:09:27,571] {taskinstance.py:1397} INFO - Executing <Task(PythonOperator): get_pandas_version> on 2020-01-01 04:35:00+00:00
[2022-08-19 23:09:27,597] {standard_task_runner.py:52} INFO - Started process 3217 to run task
[2022-08-19 23:09:27,607] {standard_task_runner.py:79} INFO - Running: ['***', 'tasks', 'run', 'sefa_dag', 'get_pandas_version', 'scheduled__2020-01-01T04:35:00+00:00', '--job-id', '565', '--raw', '--subdir', 'DAGS_FOLDER/sefa_dag.py', '--cfg-path', '/tmp/tmp5t5auqgp', '--error-file', '/tmp/tmp_jdg0z2j']
[2022-08-19 23:09:27,619] {standard_task_runner.py:80} INFO - Job 565: Subtask get_pandas_version
[2022-08-19 23:09:27,842] {task_command.py:371} INFO - Running <TaskInstance: sefa_dag.get_pandas_version scheduled__2020-01-01T04:35:00+00:00 [running]> on host fd7a784b9251
[2022-08-19 23:09:28,112] {taskinstance.py:1591} INFO - Exporting the following env vars:
AIRFLOW_CTX_DAG_OWNER=***
AIRFLOW_CTX_DAG_ID=sefa_dag
AIRFLOW_CTX_TASK_ID=get_pandas_version
AIRFLOW_CTX_EXECUTION_DATE=2020-01-01T04:35:00+00:00
AIRFLOW_CTX_TRY_NUMBER=1
AIRFLOW_CTX_DAG_RUN_ID=scheduled__2020-01-01T04:35:00+00:00
[2022-08-19 23:09:28,115] {python.py:173} INFO - Done. Returned value was: 1.3.5
[2022-08-19 23:09:28,243] {taskinstance.py:1420} INFO - Marking task as SUCCESS. dag_id=sefa_dag, task_id=get_pandas_version, execution_date=20200101T043500, start_date=20220819T230927, end_date=20220819T230928
[2022-08-19 23:09:28,304] {local_task_job.py:156} INFO - Task exited with return code 0
[2022-08-19 23:09:28,422] {local_task_job.py:273} INFO - 0 downstream tasks scheduled from follow-on schedule check
