[2022-08-19 23:06:01,576] {taskinstance.py:1179} INFO - Dependencies all met for <TaskInstance: sefa_dag.get_pandas_version scheduled__2020-01-01T00:06:00+00:00 [queued]>
[2022-08-19 23:06:01,619] {taskinstance.py:1179} INFO - Dependencies all met for <TaskInstance: sefa_dag.get_pandas_version scheduled__2020-01-01T00:06:00+00:00 [queued]>
[2022-08-19 23:06:01,620] {taskinstance.py:1376} INFO - 
--------------------------------------------------------------------------------
[2022-08-19 23:06:01,622] {taskinstance.py:1377} INFO - Starting attempt 1 of 1
[2022-08-19 23:06:01,622] {taskinstance.py:1378} INFO - 
--------------------------------------------------------------------------------
[2022-08-19 23:06:01,655] {taskinstance.py:1397} INFO - Executing <Task(PythonOperator): get_pandas_version> on 2020-01-01 00:06:00+00:00
[2022-08-19 23:06:01,665] {standard_task_runner.py:52} INFO - Started process 880 to run task
[2022-08-19 23:06:01,700] {standard_task_runner.py:79} INFO - Running: ['***', 'tasks', 'run', 'sefa_dag', 'get_pandas_version', 'scheduled__2020-01-01T00:06:00+00:00', '--job-id', '20', '--raw', '--subdir', 'DAGS_FOLDER/sefa_dag.py', '--cfg-path', '/tmp/tmprr1dhv8x', '--error-file', '/tmp/tmp28nfrtc0']
[2022-08-19 23:06:01,716] {standard_task_runner.py:80} INFO - Job 20: Subtask get_pandas_version
[2022-08-19 23:06:01,882] {task_command.py:371} INFO - Running <TaskInstance: sefa_dag.get_pandas_version scheduled__2020-01-01T00:06:00+00:00 [running]> on host fd7a784b9251
[2022-08-19 23:06:02,065] {taskinstance.py:1591} INFO - Exporting the following env vars:
AIRFLOW_CTX_DAG_OWNER=***
AIRFLOW_CTX_DAG_ID=sefa_dag
AIRFLOW_CTX_TASK_ID=get_pandas_version
AIRFLOW_CTX_EXECUTION_DATE=2020-01-01T00:06:00+00:00
AIRFLOW_CTX_TRY_NUMBER=1
AIRFLOW_CTX_DAG_RUN_ID=scheduled__2020-01-01T00:06:00+00:00
[2022-08-19 23:06:02,067] {python.py:173} INFO - Done. Returned value was: 1.3.5
[2022-08-19 23:06:02,103] {taskinstance.py:1420} INFO - Marking task as SUCCESS. dag_id=sefa_dag, task_id=get_pandas_version, execution_date=20200101T000600, start_date=20220819T230601, end_date=20220819T230602
[2022-08-19 23:06:02,176] {local_task_job.py:156} INFO - Task exited with return code 0
[2022-08-19 23:06:02,271] {local_task_job.py:273} INFO - 0 downstream tasks scheduled from follow-on schedule check
