[2022-08-19 23:18:19,906] {taskinstance.py:1179} INFO - Dependencies all met for <TaskInstance: sefa_dag.get_telegram_version scheduled__2020-01-01T16:28:00+00:00 [queued]>
[2022-08-19 23:18:19,963] {taskinstance.py:1179} INFO - Dependencies all met for <TaskInstance: sefa_dag.get_telegram_version scheduled__2020-01-01T16:28:00+00:00 [queued]>
[2022-08-19 23:18:19,983] {taskinstance.py:1376} INFO - 
--------------------------------------------------------------------------------
[2022-08-19 23:18:19,987] {taskinstance.py:1377} INFO - Starting attempt 1 of 1
[2022-08-19 23:18:19,988] {taskinstance.py:1378} INFO - 
--------------------------------------------------------------------------------
[2022-08-19 23:18:20,058] {taskinstance.py:1397} INFO - Executing <Task(PythonOperator): get_telegram_version> on 2020-01-01 16:28:00+00:00
[2022-08-19 23:18:20,094] {standard_task_runner.py:52} INFO - Started process 9405 to run task
[2022-08-19 23:18:20,139] {standard_task_runner.py:79} INFO - Running: ['***', 'tasks', 'run', 'sefa_dag', 'get_telegram_version', 'scheduled__2020-01-01T16:28:00+00:00', '--job-id', '2000', '--raw', '--subdir', 'DAGS_FOLDER/sefa_dag.py', '--cfg-path', '/tmp/tmplw054gjf', '--error-file', '/tmp/tmpp0v4ki2g']
[2022-08-19 23:18:20,153] {standard_task_runner.py:80} INFO - Job 2000: Subtask get_telegram_version
[2022-08-19 23:18:20,359] {task_command.py:371} INFO - Running <TaskInstance: sefa_dag.get_telegram_version scheduled__2020-01-01T16:28:00+00:00 [running]> on host fd7a784b9251
[2022-08-19 23:18:20,601] {taskinstance.py:1591} INFO - Exporting the following env vars:
AIRFLOW_CTX_DAG_OWNER=***
AIRFLOW_CTX_DAG_ID=sefa_dag
AIRFLOW_CTX_TASK_ID=get_telegram_version
AIRFLOW_CTX_EXECUTION_DATE=2020-01-01T16:28:00+00:00
AIRFLOW_CTX_TRY_NUMBER=1
AIRFLOW_CTX_DAG_RUN_ID=scheduled__2020-01-01T16:28:00+00:00
[2022-08-19 23:18:20,603] {python.py:173} INFO - Done. Returned value was: 1.24.0
[2022-08-19 23:18:20,647] {taskinstance.py:1420} INFO - Marking task as SUCCESS. dag_id=sefa_dag, task_id=get_telegram_version, execution_date=20200101T162800, start_date=20220819T231819, end_date=20220819T231820
[2022-08-19 23:18:20,723] {local_task_job.py:156} INFO - Task exited with return code 0
[2022-08-19 23:18:20,816] {local_task_job.py:273} INFO - 0 downstream tasks scheduled from follow-on schedule check
