[2022-08-19 23:20:49,915] {taskinstance.py:1179} INFO - Dependencies all met for <TaskInstance: sefa_dag.get_telegram_version scheduled__2020-01-01T19:42:00+00:00 [queued]>
[2022-08-19 23:20:49,943] {taskinstance.py:1179} INFO - Dependencies all met for <TaskInstance: sefa_dag.get_telegram_version scheduled__2020-01-01T19:42:00+00:00 [queued]>
[2022-08-19 23:20:49,945] {taskinstance.py:1376} INFO - 
--------------------------------------------------------------------------------
[2022-08-19 23:20:49,946] {taskinstance.py:1377} INFO - Starting attempt 1 of 1
[2022-08-19 23:20:49,947] {taskinstance.py:1378} INFO - 
--------------------------------------------------------------------------------
[2022-08-19 23:20:49,995] {taskinstance.py:1397} INFO - Executing <Task(PythonOperator): get_telegram_version> on 2020-01-01 19:42:00+00:00
[2022-08-19 23:20:50,017] {standard_task_runner.py:52} INFO - Started process 11051 to run task
[2022-08-19 23:20:50,059] {standard_task_runner.py:79} INFO - Running: ['***', 'tasks', 'run', 'sefa_dag', 'get_telegram_version', 'scheduled__2020-01-01T19:42:00+00:00', '--job-id', '2385', '--raw', '--subdir', 'DAGS_FOLDER/sefa_dag.py', '--cfg-path', '/tmp/tmpqjbfxfea', '--error-file', '/tmp/tmpzni582dq']
[2022-08-19 23:20:50,076] {standard_task_runner.py:80} INFO - Job 2385: Subtask get_telegram_version
[2022-08-19 23:20:50,274] {task_command.py:371} INFO - Running <TaskInstance: sefa_dag.get_telegram_version scheduled__2020-01-01T19:42:00+00:00 [running]> on host fd7a784b9251
[2022-08-19 23:20:50,415] {taskinstance.py:1591} INFO - Exporting the following env vars:
AIRFLOW_CTX_DAG_OWNER=***
AIRFLOW_CTX_DAG_ID=sefa_dag
AIRFLOW_CTX_TASK_ID=get_telegram_version
AIRFLOW_CTX_EXECUTION_DATE=2020-01-01T19:42:00+00:00
AIRFLOW_CTX_TRY_NUMBER=1
AIRFLOW_CTX_DAG_RUN_ID=scheduled__2020-01-01T19:42:00+00:00
[2022-08-19 23:20:50,421] {python.py:173} INFO - Done. Returned value was: 1.24.0
[2022-08-19 23:20:50,513] {taskinstance.py:1420} INFO - Marking task as SUCCESS. dag_id=sefa_dag, task_id=get_telegram_version, execution_date=20200101T194200, start_date=20220819T232049, end_date=20220819T232050
[2022-08-19 23:20:50,611] {local_task_job.py:156} INFO - Task exited with return code 0
[2022-08-19 23:20:50,669] {local_task_job.py:273} INFO - 0 downstream tasks scheduled from follow-on schedule check
