[2022-08-19 23:18:47,975] {taskinstance.py:1179} INFO - Dependencies all met for <TaskInstance: sefa_dag.get_telegram_version scheduled__2020-01-01T16:55:00+00:00 [queued]>
[2022-08-19 23:18:48,048] {taskinstance.py:1179} INFO - Dependencies all met for <TaskInstance: sefa_dag.get_telegram_version scheduled__2020-01-01T16:55:00+00:00 [queued]>
[2022-08-19 23:18:48,050] {taskinstance.py:1376} INFO - 
--------------------------------------------------------------------------------
[2022-08-19 23:18:48,058] {taskinstance.py:1377} INFO - Starting attempt 1 of 1
[2022-08-19 23:18:48,059] {taskinstance.py:1378} INFO - 
--------------------------------------------------------------------------------
[2022-08-19 23:18:48,108] {taskinstance.py:1397} INFO - Executing <Task(PythonOperator): get_telegram_version> on 2020-01-01 16:55:00+00:00
[2022-08-19 23:18:48,136] {standard_task_runner.py:52} INFO - Started process 9682 to run task
[2022-08-19 23:18:48,153] {standard_task_runner.py:79} INFO - Running: ['***', 'tasks', 'run', 'sefa_dag', 'get_telegram_version', 'scheduled__2020-01-01T16:55:00+00:00', '--job-id', '2063', '--raw', '--subdir', 'DAGS_FOLDER/sefa_dag.py', '--cfg-path', '/tmp/tmphuxu5gl2', '--error-file', '/tmp/tmpakq0a5o5']
[2022-08-19 23:18:48,158] {standard_task_runner.py:80} INFO - Job 2063: Subtask get_telegram_version
[2022-08-19 23:18:48,452] {task_command.py:371} INFO - Running <TaskInstance: sefa_dag.get_telegram_version scheduled__2020-01-01T16:55:00+00:00 [running]> on host fd7a784b9251
[2022-08-19 23:18:48,655] {taskinstance.py:1591} INFO - Exporting the following env vars:
AIRFLOW_CTX_DAG_OWNER=***
AIRFLOW_CTX_DAG_ID=sefa_dag
AIRFLOW_CTX_TASK_ID=get_telegram_version
AIRFLOW_CTX_EXECUTION_DATE=2020-01-01T16:55:00+00:00
AIRFLOW_CTX_TRY_NUMBER=1
AIRFLOW_CTX_DAG_RUN_ID=scheduled__2020-01-01T16:55:00+00:00
[2022-08-19 23:18:48,660] {python.py:173} INFO - Done. Returned value was: 1.24.0
[2022-08-19 23:18:48,776] {taskinstance.py:1420} INFO - Marking task as SUCCESS. dag_id=sefa_dag, task_id=get_telegram_version, execution_date=20200101T165500, start_date=20220819T231848, end_date=20220819T231848
[2022-08-19 23:18:48,847] {local_task_job.py:156} INFO - Task exited with return code 0
[2022-08-19 23:18:48,890] {local_task_job.py:273} INFO - 0 downstream tasks scheduled from follow-on schedule check
