[2022-08-19 23:20:58,295] {taskinstance.py:1179} INFO - Dependencies all met for <TaskInstance: sefa_dag.get_telegram_version scheduled__2020-01-01T19:52:00+00:00 [queued]>
[2022-08-19 23:20:58,336] {taskinstance.py:1179} INFO - Dependencies all met for <TaskInstance: sefa_dag.get_telegram_version scheduled__2020-01-01T19:52:00+00:00 [queued]>
[2022-08-19 23:20:58,337] {taskinstance.py:1376} INFO - 
--------------------------------------------------------------------------------
[2022-08-19 23:20:58,338] {taskinstance.py:1377} INFO - Starting attempt 1 of 1
[2022-08-19 23:20:58,339] {taskinstance.py:1378} INFO - 
--------------------------------------------------------------------------------
[2022-08-19 23:20:58,376] {taskinstance.py:1397} INFO - Executing <Task(PythonOperator): get_telegram_version> on 2020-01-01 19:52:00+00:00
[2022-08-19 23:20:58,386] {standard_task_runner.py:52} INFO - Started process 11157 to run task
[2022-08-19 23:20:58,411] {standard_task_runner.py:79} INFO - Running: ['***', 'tasks', 'run', 'sefa_dag', 'get_telegram_version', 'scheduled__2020-01-01T19:52:00+00:00', '--job-id', '2410', '--raw', '--subdir', 'DAGS_FOLDER/sefa_dag.py', '--cfg-path', '/tmp/tmpyuk4o1lt', '--error-file', '/tmp/tmp__0561_g']
[2022-08-19 23:20:58,419] {standard_task_runner.py:80} INFO - Job 2410: Subtask get_telegram_version
[2022-08-19 23:20:58,516] {task_command.py:371} INFO - Running <TaskInstance: sefa_dag.get_telegram_version scheduled__2020-01-01T19:52:00+00:00 [running]> on host fd7a784b9251
[2022-08-19 23:20:58,675] {taskinstance.py:1591} INFO - Exporting the following env vars:
AIRFLOW_CTX_DAG_OWNER=***
AIRFLOW_CTX_DAG_ID=sefa_dag
AIRFLOW_CTX_TASK_ID=get_telegram_version
AIRFLOW_CTX_EXECUTION_DATE=2020-01-01T19:52:00+00:00
AIRFLOW_CTX_TRY_NUMBER=1
AIRFLOW_CTX_DAG_RUN_ID=scheduled__2020-01-01T19:52:00+00:00
[2022-08-19 23:20:58,678] {python.py:173} INFO - Done. Returned value was: 1.24.0
[2022-08-19 23:20:58,711] {taskinstance.py:1420} INFO - Marking task as SUCCESS. dag_id=sefa_dag, task_id=get_telegram_version, execution_date=20200101T195200, start_date=20220819T232058, end_date=20220819T232058
[2022-08-19 23:20:58,781] {local_task_job.py:156} INFO - Task exited with return code 0
[2022-08-19 23:20:58,820] {local_task_job.py:273} INFO - 0 downstream tasks scheduled from follow-on schedule check
