[2022-08-19 23:12:36,208] {taskinstance.py:1179} INFO - Dependencies all met for <TaskInstance: sefa_dag.get_pandas_version scheduled__2020-01-01T08:48:00+00:00 [queued]>
[2022-08-19 23:12:36,232] {taskinstance.py:1179} INFO - Dependencies all met for <TaskInstance: sefa_dag.get_pandas_version scheduled__2020-01-01T08:48:00+00:00 [queued]>
[2022-08-19 23:12:36,233] {taskinstance.py:1376} INFO - 
--------------------------------------------------------------------------------
[2022-08-19 23:12:36,235] {taskinstance.py:1377} INFO - Starting attempt 1 of 1
[2022-08-19 23:12:36,236] {taskinstance.py:1378} INFO - 
--------------------------------------------------------------------------------
[2022-08-19 23:12:36,283] {taskinstance.py:1397} INFO - Executing <Task(PythonOperator): get_pandas_version> on 2020-01-01 08:48:00+00:00
[2022-08-19 23:12:36,301] {standard_task_runner.py:52} INFO - Started process 5356 to run task
[2022-08-19 23:12:36,316] {standard_task_runner.py:79} INFO - Running: ['***', 'tasks', 'run', 'sefa_dag', 'get_pandas_version', 'scheduled__2020-01-01T08:48:00+00:00', '--job-id', '1061', '--raw', '--subdir', 'DAGS_FOLDER/sefa_dag.py', '--cfg-path', '/tmp/tmpmoozgtqc', '--error-file', '/tmp/tmphmpd3g53']
[2022-08-19 23:12:36,331] {standard_task_runner.py:80} INFO - Job 1061: Subtask get_pandas_version
[2022-08-19 23:12:36,518] {task_command.py:371} INFO - Running <TaskInstance: sefa_dag.get_pandas_version scheduled__2020-01-01T08:48:00+00:00 [running]> on host fd7a784b9251
[2022-08-19 23:12:36,699] {taskinstance.py:1591} INFO - Exporting the following env vars:
AIRFLOW_CTX_DAG_OWNER=***
AIRFLOW_CTX_DAG_ID=sefa_dag
AIRFLOW_CTX_TASK_ID=get_pandas_version
AIRFLOW_CTX_EXECUTION_DATE=2020-01-01T08:48:00+00:00
AIRFLOW_CTX_TRY_NUMBER=1
AIRFLOW_CTX_DAG_RUN_ID=scheduled__2020-01-01T08:48:00+00:00
[2022-08-19 23:12:36,704] {python.py:173} INFO - Done. Returned value was: 1.3.5
[2022-08-19 23:12:36,758] {taskinstance.py:1420} INFO - Marking task as SUCCESS. dag_id=sefa_dag, task_id=get_pandas_version, execution_date=20200101T084800, start_date=20220819T231236, end_date=20220819T231236
[2022-08-19 23:12:36,857] {local_task_job.py:156} INFO - Task exited with return code 0
[2022-08-19 23:12:36,906] {local_task_job.py:273} INFO - 1 downstream tasks scheduled from follow-on schedule check
