[2022-08-19 23:19:23,887] {taskinstance.py:1179} INFO - Dependencies all met for <TaskInstance: sefa_dag.get_telegram_version scheduled__2020-01-01T17:50:00+00:00 [queued]>
[2022-08-19 23:19:23,925] {taskinstance.py:1179} INFO - Dependencies all met for <TaskInstance: sefa_dag.get_telegram_version scheduled__2020-01-01T17:50:00+00:00 [queued]>
[2022-08-19 23:19:23,926] {taskinstance.py:1376} INFO - 
--------------------------------------------------------------------------------
[2022-08-19 23:19:23,926] {taskinstance.py:1377} INFO - Starting attempt 1 of 1
[2022-08-19 23:19:23,927] {taskinstance.py:1378} INFO - 
--------------------------------------------------------------------------------
[2022-08-19 23:19:23,949] {taskinstance.py:1397} INFO - Executing <Task(PythonOperator): get_telegram_version> on 2020-01-01 17:50:00+00:00
[2022-08-19 23:19:23,955] {standard_task_runner.py:52} INFO - Started process 10092 to run task
[2022-08-19 23:19:23,975] {standard_task_runner.py:79} INFO - Running: ['***', 'tasks', 'run', 'sefa_dag', 'get_telegram_version', 'scheduled__2020-01-01T17:50:00+00:00', '--job-id', '2164', '--raw', '--subdir', 'DAGS_FOLDER/sefa_dag.py', '--cfg-path', '/tmp/tmpd6ubjyuk', '--error-file', '/tmp/tmp82c3cezc']
[2022-08-19 23:19:23,984] {standard_task_runner.py:80} INFO - Job 2164: Subtask get_telegram_version
[2022-08-19 23:19:24,113] {task_command.py:371} INFO - Running <TaskInstance: sefa_dag.get_telegram_version scheduled__2020-01-01T17:50:00+00:00 [running]> on host fd7a784b9251
[2022-08-19 23:19:24,239] {taskinstance.py:1591} INFO - Exporting the following env vars:
AIRFLOW_CTX_DAG_OWNER=***
AIRFLOW_CTX_DAG_ID=sefa_dag
AIRFLOW_CTX_TASK_ID=get_telegram_version
AIRFLOW_CTX_EXECUTION_DATE=2020-01-01T17:50:00+00:00
AIRFLOW_CTX_TRY_NUMBER=1
AIRFLOW_CTX_DAG_RUN_ID=scheduled__2020-01-01T17:50:00+00:00
[2022-08-19 23:19:24,244] {python.py:173} INFO - Done. Returned value was: 1.24.0
[2022-08-19 23:19:24,264] {taskinstance.py:1420} INFO - Marking task as SUCCESS. dag_id=sefa_dag, task_id=get_telegram_version, execution_date=20200101T175000, start_date=20220819T231923, end_date=20220819T231924
[2022-08-19 23:19:24,300] {local_task_job.py:156} INFO - Task exited with return code 0
[2022-08-19 23:19:24,351] {local_task_job.py:273} INFO - 0 downstream tasks scheduled from follow-on schedule check
