[2022-08-19 23:13:34,222] {taskinstance.py:1179} INFO - Dependencies all met for <TaskInstance: sefa_dag.get_pandas_version scheduled__2020-01-01T09:56:00+00:00 [queued]>
[2022-08-19 23:13:34,247] {taskinstance.py:1179} INFO - Dependencies all met for <TaskInstance: sefa_dag.get_pandas_version scheduled__2020-01-01T09:56:00+00:00 [queued]>
[2022-08-19 23:13:34,248] {taskinstance.py:1376} INFO - 
--------------------------------------------------------------------------------
[2022-08-19 23:13:34,249] {taskinstance.py:1377} INFO - Starting attempt 1 of 1
[2022-08-19 23:13:34,250] {taskinstance.py:1378} INFO - 
--------------------------------------------------------------------------------
[2022-08-19 23:13:34,292] {taskinstance.py:1397} INFO - Executing <Task(PythonOperator): get_pandas_version> on 2020-01-01 09:56:00+00:00
[2022-08-19 23:13:34,297] {standard_task_runner.py:52} INFO - Started process 6003 to run task
[2022-08-19 23:13:34,320] {standard_task_runner.py:79} INFO - Running: ['***', 'tasks', 'run', 'sefa_dag', 'get_pandas_version', 'scheduled__2020-01-01T09:56:00+00:00', '--job-id', '1206', '--raw', '--subdir', 'DAGS_FOLDER/sefa_dag.py', '--cfg-path', '/tmp/tmpwki1bbe6', '--error-file', '/tmp/tmpvd6xx3zw']
[2022-08-19 23:13:34,340] {standard_task_runner.py:80} INFO - Job 1206: Subtask get_pandas_version
[2022-08-19 23:13:34,604] {task_command.py:371} INFO - Running <TaskInstance: sefa_dag.get_pandas_version scheduled__2020-01-01T09:56:00+00:00 [running]> on host fd7a784b9251
[2022-08-19 23:13:34,870] {taskinstance.py:1591} INFO - Exporting the following env vars:
AIRFLOW_CTX_DAG_OWNER=***
AIRFLOW_CTX_DAG_ID=sefa_dag
AIRFLOW_CTX_TASK_ID=get_pandas_version
AIRFLOW_CTX_EXECUTION_DATE=2020-01-01T09:56:00+00:00
AIRFLOW_CTX_TRY_NUMBER=1
AIRFLOW_CTX_DAG_RUN_ID=scheduled__2020-01-01T09:56:00+00:00
[2022-08-19 23:13:34,871] {python.py:173} INFO - Done. Returned value was: 1.3.5
[2022-08-19 23:13:34,930] {taskinstance.py:1420} INFO - Marking task as SUCCESS. dag_id=sefa_dag, task_id=get_pandas_version, execution_date=20200101T095600, start_date=20220819T231334, end_date=20220819T231334
[2022-08-19 23:13:35,012] {local_task_job.py:156} INFO - Task exited with return code 0
[2022-08-19 23:13:35,064] {local_task_job.py:273} INFO - 1 downstream tasks scheduled from follow-on schedule check
