[2022-08-19 23:07:41,528] {taskinstance.py:1179} INFO - Dependencies all met for <TaskInstance: sefa_dag.get_telegram_version scheduled__2020-01-01T02:18:00+00:00 [queued]>
[2022-08-19 23:07:41,552] {taskinstance.py:1179} INFO - Dependencies all met for <TaskInstance: sefa_dag.get_telegram_version scheduled__2020-01-01T02:18:00+00:00 [queued]>
[2022-08-19 23:07:41,555] {taskinstance.py:1376} INFO - 
--------------------------------------------------------------------------------
[2022-08-19 23:07:41,556] {taskinstance.py:1377} INFO - Starting attempt 1 of 1
[2022-08-19 23:07:41,562] {taskinstance.py:1378} INFO - 
--------------------------------------------------------------------------------
[2022-08-19 23:07:41,586] {taskinstance.py:1397} INFO - Executing <Task(PythonOperator): get_telegram_version> on 2020-01-01 02:18:00+00:00
[2022-08-19 23:07:41,602] {standard_task_runner.py:52} INFO - Started process 2056 to run task
[2022-08-19 23:07:41,614] {standard_task_runner.py:79} INFO - Running: ['***', 'tasks', 'run', 'sefa_dag', 'get_telegram_version', 'scheduled__2020-01-01T02:18:00+00:00', '--job-id', '297', '--raw', '--subdir', 'DAGS_FOLDER/sefa_dag.py', '--cfg-path', '/tmp/tmphdrv_s50', '--error-file', '/tmp/tmpbgt60zm0']
[2022-08-19 23:07:41,624] {standard_task_runner.py:80} INFO - Job 297: Subtask get_telegram_version
[2022-08-19 23:07:41,704] {task_command.py:371} INFO - Running <TaskInstance: sefa_dag.get_telegram_version scheduled__2020-01-01T02:18:00+00:00 [running]> on host fd7a784b9251
[2022-08-19 23:07:41,852] {taskinstance.py:1591} INFO - Exporting the following env vars:
AIRFLOW_CTX_DAG_OWNER=***
AIRFLOW_CTX_DAG_ID=sefa_dag
AIRFLOW_CTX_TASK_ID=get_telegram_version
AIRFLOW_CTX_EXECUTION_DATE=2020-01-01T02:18:00+00:00
AIRFLOW_CTX_TRY_NUMBER=1
AIRFLOW_CTX_DAG_RUN_ID=scheduled__2020-01-01T02:18:00+00:00
[2022-08-19 23:07:41,858] {python.py:173} INFO - Done. Returned value was: 1.24.0
[2022-08-19 23:07:41,906] {taskinstance.py:1420} INFO - Marking task as SUCCESS. dag_id=sefa_dag, task_id=get_telegram_version, execution_date=20200101T021800, start_date=20220819T230741, end_date=20220819T230741
[2022-08-19 23:07:41,955] {local_task_job.py:156} INFO - Task exited with return code 0
[2022-08-19 23:07:42,003] {local_task_job.py:273} INFO - 0 downstream tasks scheduled from follow-on schedule check
