[2022-08-19 23:08:59,921] {taskinstance.py:1179} INFO - Dependencies all met for <TaskInstance: sefa_dag.get_telegram_version scheduled__2020-01-01T03:46:00+00:00 [queued]>
[2022-08-19 23:08:59,942] {taskinstance.py:1179} INFO - Dependencies all met for <TaskInstance: sefa_dag.get_telegram_version scheduled__2020-01-01T03:46:00+00:00 [queued]>
[2022-08-19 23:08:59,944] {taskinstance.py:1376} INFO - 
--------------------------------------------------------------------------------
[2022-08-19 23:08:59,945] {taskinstance.py:1377} INFO - Starting attempt 1 of 1
[2022-08-19 23:08:59,948] {taskinstance.py:1378} INFO - 
--------------------------------------------------------------------------------
[2022-08-19 23:08:59,979] {taskinstance.py:1397} INFO - Executing <Task(PythonOperator): get_telegram_version> on 2020-01-01 03:46:00+00:00
[2022-08-19 23:09:00,014] {standard_task_runner.py:52} INFO - Started process 2860 to run task
[2022-08-19 23:09:00,033] {standard_task_runner.py:79} INFO - Running: ['***', 'tasks', 'run', 'sefa_dag', 'get_telegram_version', 'scheduled__2020-01-01T03:46:00+00:00', '--job-id', '481', '--raw', '--subdir', 'DAGS_FOLDER/sefa_dag.py', '--cfg-path', '/tmp/tmpkdzhx9cw', '--error-file', '/tmp/tmp06j6y2b1']
[2022-08-19 23:09:00,046] {standard_task_runner.py:80} INFO - Job 481: Subtask get_telegram_version
[2022-08-19 23:09:00,238] {task_command.py:371} INFO - Running <TaskInstance: sefa_dag.get_telegram_version scheduled__2020-01-01T03:46:00+00:00 [running]> on host fd7a784b9251
[2022-08-19 23:09:00,554] {taskinstance.py:1591} INFO - Exporting the following env vars:
AIRFLOW_CTX_DAG_OWNER=***
AIRFLOW_CTX_DAG_ID=sefa_dag
AIRFLOW_CTX_TASK_ID=get_telegram_version
AIRFLOW_CTX_EXECUTION_DATE=2020-01-01T03:46:00+00:00
AIRFLOW_CTX_TRY_NUMBER=1
AIRFLOW_CTX_DAG_RUN_ID=scheduled__2020-01-01T03:46:00+00:00
[2022-08-19 23:09:00,558] {python.py:173} INFO - Done. Returned value was: 1.24.0
[2022-08-19 23:09:00,629] {taskinstance.py:1420} INFO - Marking task as SUCCESS. dag_id=sefa_dag, task_id=get_telegram_version, execution_date=20200101T034600, start_date=20220819T230859, end_date=20220819T230900
[2022-08-19 23:09:00,756] {local_task_job.py:156} INFO - Task exited with return code 0
[2022-08-19 23:09:00,812] {local_task_job.py:273} INFO - 0 downstream tasks scheduled from follow-on schedule check
