[2022-08-19 23:16:09,483] {taskinstance.py:1179} INFO - Dependencies all met for <TaskInstance: sefa_dag.get_telegram_version scheduled__2020-01-01T13:15:00+00:00 [queued]>
[2022-08-19 23:16:09,489] {taskinstance.py:1179} INFO - Dependencies all met for <TaskInstance: sefa_dag.get_telegram_version scheduled__2020-01-01T13:15:00+00:00 [queued]>
[2022-08-19 23:16:09,491] {taskinstance.py:1376} INFO - 
--------------------------------------------------------------------------------
[2022-08-19 23:16:09,491] {taskinstance.py:1377} INFO - Starting attempt 1 of 1
[2022-08-19 23:16:09,492] {taskinstance.py:1378} INFO - 
--------------------------------------------------------------------------------
[2022-08-19 23:16:09,506] {taskinstance.py:1397} INFO - Executing <Task(PythonOperator): get_telegram_version> on 2020-01-01 13:15:00+00:00
[2022-08-19 23:16:09,520] {standard_task_runner.py:52} INFO - Started process 7785 to run task
[2022-08-19 23:16:09,548] {standard_task_runner.py:79} INFO - Running: ['***', 'tasks', 'run', 'sefa_dag', 'get_telegram_version', 'scheduled__2020-01-01T13:15:00+00:00', '--job-id', '1620', '--raw', '--subdir', 'DAGS_FOLDER/sefa_dag.py', '--cfg-path', '/tmp/tmp_s67oekx', '--error-file', '/tmp/tmpu6rf892i']
[2022-08-19 23:16:09,553] {standard_task_runner.py:80} INFO - Job 1620: Subtask get_telegram_version
[2022-08-19 23:16:09,704] {task_command.py:371} INFO - Running <TaskInstance: sefa_dag.get_telegram_version scheduled__2020-01-01T13:15:00+00:00 [running]> on host fd7a784b9251
[2022-08-19 23:16:09,844] {taskinstance.py:1591} INFO - Exporting the following env vars:
AIRFLOW_CTX_DAG_OWNER=***
AIRFLOW_CTX_DAG_ID=sefa_dag
AIRFLOW_CTX_TASK_ID=get_telegram_version
AIRFLOW_CTX_EXECUTION_DATE=2020-01-01T13:15:00+00:00
AIRFLOW_CTX_TRY_NUMBER=1
AIRFLOW_CTX_DAG_RUN_ID=scheduled__2020-01-01T13:15:00+00:00
[2022-08-19 23:16:09,846] {python.py:173} INFO - Done. Returned value was: 1.24.0
[2022-08-19 23:16:09,902] {taskinstance.py:1420} INFO - Marking task as SUCCESS. dag_id=sefa_dag, task_id=get_telegram_version, execution_date=20200101T131500, start_date=20220819T231609, end_date=20220819T231609
[2022-08-19 23:16:09,990] {local_task_job.py:156} INFO - Task exited with return code 0
[2022-08-19 23:16:10,040] {local_task_job.py:273} INFO - 0 downstream tasks scheduled from follow-on schedule check
