[2022-08-19 23:17:53,946] {taskinstance.py:1179} INFO - Dependencies all met for <TaskInstance: sefa_dag.get_pandas_version scheduled__2020-01-01T15:57:00+00:00 [queued]>
[2022-08-19 23:17:53,983] {taskinstance.py:1179} INFO - Dependencies all met for <TaskInstance: sefa_dag.get_pandas_version scheduled__2020-01-01T15:57:00+00:00 [queued]>
[2022-08-19 23:17:53,986] {taskinstance.py:1376} INFO - 
--------------------------------------------------------------------------------
[2022-08-19 23:17:53,987] {taskinstance.py:1377} INFO - Starting attempt 1 of 1
[2022-08-19 23:17:53,990] {taskinstance.py:1378} INFO - 
--------------------------------------------------------------------------------
[2022-08-19 23:17:54,103] {taskinstance.py:1397} INFO - Executing <Task(PythonOperator): get_pandas_version> on 2020-01-01 15:57:00+00:00
[2022-08-19 23:17:54,135] {standard_task_runner.py:52} INFO - Started process 9087 to run task
[2022-08-19 23:17:54,148] {standard_task_runner.py:79} INFO - Running: ['***', 'tasks', 'run', 'sefa_dag', 'get_pandas_version', 'scheduled__2020-01-01T15:57:00+00:00', '--job-id', '1924', '--raw', '--subdir', 'DAGS_FOLDER/sefa_dag.py', '--cfg-path', '/tmp/tmpijtf2bfx', '--error-file', '/tmp/tmpwl3ibixd']
[2022-08-19 23:17:54,180] {standard_task_runner.py:80} INFO - Job 1924: Subtask get_pandas_version
[2022-08-19 23:17:54,402] {task_command.py:371} INFO - Running <TaskInstance: sefa_dag.get_pandas_version scheduled__2020-01-01T15:57:00+00:00 [running]> on host fd7a784b9251
[2022-08-19 23:17:54,700] {taskinstance.py:1591} INFO - Exporting the following env vars:
AIRFLOW_CTX_DAG_OWNER=***
AIRFLOW_CTX_DAG_ID=sefa_dag
AIRFLOW_CTX_TASK_ID=get_pandas_version
AIRFLOW_CTX_EXECUTION_DATE=2020-01-01T15:57:00+00:00
AIRFLOW_CTX_TRY_NUMBER=1
AIRFLOW_CTX_DAG_RUN_ID=scheduled__2020-01-01T15:57:00+00:00
[2022-08-19 23:17:54,703] {python.py:173} INFO - Done. Returned value was: 1.3.5
[2022-08-19 23:17:54,756] {taskinstance.py:1420} INFO - Marking task as SUCCESS. dag_id=sefa_dag, task_id=get_pandas_version, execution_date=20200101T155700, start_date=20220819T231753, end_date=20220819T231754
[2022-08-19 23:17:54,834] {local_task_job.py:156} INFO - Task exited with return code 0
[2022-08-19 23:17:54,880] {local_task_job.py:273} INFO - 1 downstream tasks scheduled from follow-on schedule check
