[2022-08-19 23:15:57,573] {taskinstance.py:1179} INFO - Dependencies all met for <TaskInstance: sefa_dag.get_telegram_version scheduled__2020-01-01T12:57:00+00:00 [queued]>
[2022-08-19 23:15:57,653] {taskinstance.py:1179} INFO - Dependencies all met for <TaskInstance: sefa_dag.get_telegram_version scheduled__2020-01-01T12:57:00+00:00 [queued]>
[2022-08-19 23:15:57,655] {taskinstance.py:1376} INFO - 
--------------------------------------------------------------------------------
[2022-08-19 23:15:57,656] {taskinstance.py:1377} INFO - Starting attempt 1 of 1
[2022-08-19 23:15:57,661] {taskinstance.py:1378} INFO - 
--------------------------------------------------------------------------------
[2022-08-19 23:15:57,789] {taskinstance.py:1397} INFO - Executing <Task(PythonOperator): get_telegram_version> on 2020-01-01 12:57:00+00:00
[2022-08-19 23:15:57,815] {standard_task_runner.py:52} INFO - Started process 7623 to run task
[2022-08-19 23:15:57,889] {standard_task_runner.py:79} INFO - Running: ['***', 'tasks', 'run', 'sefa_dag', 'get_telegram_version', 'scheduled__2020-01-01T12:57:00+00:00', '--job-id', '1582', '--raw', '--subdir', 'DAGS_FOLDER/sefa_dag.py', '--cfg-path', '/tmp/tmp1ubybrbt', '--error-file', '/tmp/tmpqc9p5j5b']
[2022-08-19 23:15:57,902] {standard_task_runner.py:80} INFO - Job 1582: Subtask get_telegram_version
[2022-08-19 23:15:58,056] {task_command.py:371} INFO - Running <TaskInstance: sefa_dag.get_telegram_version scheduled__2020-01-01T12:57:00+00:00 [running]> on host fd7a784b9251
[2022-08-19 23:15:58,242] {taskinstance.py:1591} INFO - Exporting the following env vars:
AIRFLOW_CTX_DAG_OWNER=***
AIRFLOW_CTX_DAG_ID=sefa_dag
AIRFLOW_CTX_TASK_ID=get_telegram_version
AIRFLOW_CTX_EXECUTION_DATE=2020-01-01T12:57:00+00:00
AIRFLOW_CTX_TRY_NUMBER=1
AIRFLOW_CTX_DAG_RUN_ID=scheduled__2020-01-01T12:57:00+00:00
[2022-08-19 23:15:58,244] {python.py:173} INFO - Done. Returned value was: 1.24.0
[2022-08-19 23:15:58,347] {taskinstance.py:1420} INFO - Marking task as SUCCESS. dag_id=sefa_dag, task_id=get_telegram_version, execution_date=20200101T125700, start_date=20220819T231557, end_date=20220819T231558
[2022-08-19 23:15:58,432] {local_task_job.py:156} INFO - Task exited with return code 0
[2022-08-19 23:15:58,490] {local_task_job.py:273} INFO - 0 downstream tasks scheduled from follow-on schedule check
