[2022-08-19 23:06:05,568] {taskinstance.py:1179} INFO - Dependencies all met for <TaskInstance: sefa_dag.get_telegram_version scheduled__2020-01-01T00:00:00+00:00 [queued]>
[2022-08-19 23:06:05,578] {taskinstance.py:1179} INFO - Dependencies all met for <TaskInstance: sefa_dag.get_telegram_version scheduled__2020-01-01T00:00:00+00:00 [queued]>
[2022-08-19 23:06:05,580] {taskinstance.py:1376} INFO - 
--------------------------------------------------------------------------------
[2022-08-19 23:06:05,580] {taskinstance.py:1377} INFO - Starting attempt 1 of 1
[2022-08-19 23:06:05,581] {taskinstance.py:1378} INFO - 
--------------------------------------------------------------------------------
[2022-08-19 23:06:05,607] {taskinstance.py:1397} INFO - Executing <Task(PythonOperator): get_telegram_version> on 2020-01-01 00:00:00+00:00
[2022-08-19 23:06:05,612] {standard_task_runner.py:52} INFO - Started process 940 to run task
[2022-08-19 23:06:05,648] {standard_task_runner.py:79} INFO - Running: ['***', 'tasks', 'run', 'sefa_dag', 'get_telegram_version', 'scheduled__2020-01-01T00:00:00+00:00', '--job-id', '34', '--raw', '--subdir', 'DAGS_FOLDER/sefa_dag.py', '--cfg-path', '/tmp/tmp88dlaw1r', '--error-file', '/tmp/tmp254k1dm_']
[2022-08-19 23:06:05,650] {standard_task_runner.py:80} INFO - Job 34: Subtask get_telegram_version
[2022-08-19 23:06:05,798] {task_command.py:371} INFO - Running <TaskInstance: sefa_dag.get_telegram_version scheduled__2020-01-01T00:00:00+00:00 [running]> on host fd7a784b9251
[2022-08-19 23:06:06,036] {taskinstance.py:1591} INFO - Exporting the following env vars:
AIRFLOW_CTX_DAG_OWNER=***
AIRFLOW_CTX_DAG_ID=sefa_dag
AIRFLOW_CTX_TASK_ID=get_telegram_version
AIRFLOW_CTX_EXECUTION_DATE=2020-01-01T00:00:00+00:00
AIRFLOW_CTX_TRY_NUMBER=1
AIRFLOW_CTX_DAG_RUN_ID=scheduled__2020-01-01T00:00:00+00:00
[2022-08-19 23:06:06,041] {python.py:173} INFO - Done. Returned value was: 1.24.0
[2022-08-19 23:06:06,100] {taskinstance.py:1420} INFO - Marking task as SUCCESS. dag_id=sefa_dag, task_id=get_telegram_version, execution_date=20200101T000000, start_date=20220819T230605, end_date=20220819T230606
[2022-08-19 23:06:06,242] {local_task_job.py:156} INFO - Task exited with return code 0
[2022-08-19 23:06:06,335] {local_task_job.py:273} INFO - 0 downstream tasks scheduled from follow-on schedule check
