[2022-08-19 23:13:08,774] {taskinstance.py:1179} INFO - Dependencies all met for <TaskInstance: sefa_dag.get_telegram_version scheduled__2020-01-01T09:21:00+00:00 [queued]>
[2022-08-19 23:13:08,789] {taskinstance.py:1179} INFO - Dependencies all met for <TaskInstance: sefa_dag.get_telegram_version scheduled__2020-01-01T09:21:00+00:00 [queued]>
[2022-08-19 23:13:08,790] {taskinstance.py:1376} INFO - 
--------------------------------------------------------------------------------
[2022-08-19 23:13:08,791] {taskinstance.py:1377} INFO - Starting attempt 1 of 1
[2022-08-19 23:13:08,792] {taskinstance.py:1378} INFO - 
--------------------------------------------------------------------------------
[2022-08-19 23:13:08,830] {taskinstance.py:1397} INFO - Executing <Task(PythonOperator): get_telegram_version> on 2020-01-01 09:21:00+00:00
[2022-08-19 23:13:08,850] {standard_task_runner.py:52} INFO - Started process 5706 to run task
[2022-08-19 23:13:08,872] {standard_task_runner.py:79} INFO - Running: ['***', 'tasks', 'run', 'sefa_dag', 'get_telegram_version', 'scheduled__2020-01-01T09:21:00+00:00', '--job-id', '1141', '--raw', '--subdir', 'DAGS_FOLDER/sefa_dag.py', '--cfg-path', '/tmp/tmpw2fysdbo', '--error-file', '/tmp/tmp3qm3syts']
[2022-08-19 23:13:08,882] {standard_task_runner.py:80} INFO - Job 1141: Subtask get_telegram_version
[2022-08-19 23:13:09,004] {task_command.py:371} INFO - Running <TaskInstance: sefa_dag.get_telegram_version scheduled__2020-01-01T09:21:00+00:00 [running]> on host fd7a784b9251
[2022-08-19 23:13:09,195] {taskinstance.py:1591} INFO - Exporting the following env vars:
AIRFLOW_CTX_DAG_OWNER=***
AIRFLOW_CTX_DAG_ID=sefa_dag
AIRFLOW_CTX_TASK_ID=get_telegram_version
AIRFLOW_CTX_EXECUTION_DATE=2020-01-01T09:21:00+00:00
AIRFLOW_CTX_TRY_NUMBER=1
AIRFLOW_CTX_DAG_RUN_ID=scheduled__2020-01-01T09:21:00+00:00
[2022-08-19 23:13:09,196] {python.py:173} INFO - Done. Returned value was: 1.24.0
[2022-08-19 23:13:09,276] {taskinstance.py:1420} INFO - Marking task as SUCCESS. dag_id=sefa_dag, task_id=get_telegram_version, execution_date=20200101T092100, start_date=20220819T231308, end_date=20220819T231309
[2022-08-19 23:13:09,311] {local_task_job.py:156} INFO - Task exited with return code 0
[2022-08-19 23:13:09,385] {local_task_job.py:273} INFO - 0 downstream tasks scheduled from follow-on schedule check
