[2022-08-19 23:10:26,586] {taskinstance.py:1179} INFO - Dependencies all met for <TaskInstance: sefa_dag.get_telegram_version scheduled__2020-01-01T05:55:00+00:00 [queued]>
[2022-08-19 23:10:26,630] {taskinstance.py:1179} INFO - Dependencies all met for <TaskInstance: sefa_dag.get_telegram_version scheduled__2020-01-01T05:55:00+00:00 [queued]>
[2022-08-19 23:10:26,633] {taskinstance.py:1376} INFO - 
--------------------------------------------------------------------------------
[2022-08-19 23:10:26,634] {taskinstance.py:1377} INFO - Starting attempt 1 of 1
[2022-08-19 23:10:26,635] {taskinstance.py:1378} INFO - 
--------------------------------------------------------------------------------
[2022-08-19 23:10:26,694] {taskinstance.py:1397} INFO - Executing <Task(PythonOperator): get_telegram_version> on 2020-01-01 05:55:00+00:00
[2022-08-19 23:10:26,735] {standard_task_runner.py:52} INFO - Started process 3958 to run task
[2022-08-19 23:10:26,747] {standard_task_runner.py:79} INFO - Running: ['***', 'tasks', 'run', 'sefa_dag', 'get_telegram_version', 'scheduled__2020-01-01T05:55:00+00:00', '--job-id', '736', '--raw', '--subdir', 'DAGS_FOLDER/sefa_dag.py', '--cfg-path', '/tmp/tmp7igey08v', '--error-file', '/tmp/tmpbend1770']
[2022-08-19 23:10:26,749] {standard_task_runner.py:80} INFO - Job 736: Subtask get_telegram_version
[2022-08-19 23:10:27,013] {task_command.py:371} INFO - Running <TaskInstance: sefa_dag.get_telegram_version scheduled__2020-01-01T05:55:00+00:00 [running]> on host fd7a784b9251
[2022-08-19 23:10:27,324] {taskinstance.py:1591} INFO - Exporting the following env vars:
AIRFLOW_CTX_DAG_OWNER=***
AIRFLOW_CTX_DAG_ID=sefa_dag
AIRFLOW_CTX_TASK_ID=get_telegram_version
AIRFLOW_CTX_EXECUTION_DATE=2020-01-01T05:55:00+00:00
AIRFLOW_CTX_TRY_NUMBER=1
AIRFLOW_CTX_DAG_RUN_ID=scheduled__2020-01-01T05:55:00+00:00
[2022-08-19 23:10:27,326] {python.py:173} INFO - Done. Returned value was: 1.24.0
[2022-08-19 23:10:27,398] {taskinstance.py:1420} INFO - Marking task as SUCCESS. dag_id=sefa_dag, task_id=get_telegram_version, execution_date=20200101T055500, start_date=20220819T231026, end_date=20220819T231027
[2022-08-19 23:10:27,521] {local_task_job.py:156} INFO - Task exited with return code 0
[2022-08-19 23:10:27,582] {local_task_job.py:273} INFO - 0 downstream tasks scheduled from follow-on schedule check
