[2022-08-19 22:53:51,614] {taskinstance.py:1179} INFO - Dependencies all met for <TaskInstance: example_bash_operator.runme_1 manual__2022-08-19T22:53:50.319542+00:00 [queued]>
[2022-08-19 22:53:51,623] {taskinstance.py:1179} INFO - Dependencies all met for <TaskInstance: example_bash_operator.runme_1 manual__2022-08-19T22:53:50.319542+00:00 [queued]>
[2022-08-19 22:53:51,624] {taskinstance.py:1376} INFO - 
--------------------------------------------------------------------------------
[2022-08-19 22:53:51,626] {taskinstance.py:1377} INFO - Starting attempt 1 of 1
[2022-08-19 22:53:51,628] {taskinstance.py:1378} INFO - 
--------------------------------------------------------------------------------
[2022-08-19 22:53:51,637] {taskinstance.py:1397} INFO - Executing <Task(BashOperator): runme_1> on 2022-08-19 22:53:50.319542+00:00
[2022-08-19 22:53:51,642] {standard_task_runner.py:52} INFO - Started process 109 to run task
[2022-08-19 22:53:51,646] {standard_task_runner.py:79} INFO - Running: ['***', 'tasks', 'run', 'example_bash_operator', 'runme_1', 'manual__2022-08-19T22:53:50.319542+00:00', '--job-id', '10', '--raw', '--subdir', '/home/***/.local/lib/python3.7/site-packages/***/example_dags/example_bash_operator.py', '--cfg-path', '/tmp/tmpokvcvxx2', '--error-file', '/tmp/tmp48gsid_t']
[2022-08-19 22:53:51,648] {standard_task_runner.py:80} INFO - Job 10: Subtask runme_1
[2022-08-19 22:53:51,709] {task_command.py:371} INFO - Running <TaskInstance: example_bash_operator.runme_1 manual__2022-08-19T22:53:50.319542+00:00 [running]> on host fd7a784b9251
[2022-08-19 22:53:51,780] {taskinstance.py:1591} INFO - Exporting the following env vars:
AIRFLOW_CTX_DAG_OWNER=***
AIRFLOW_CTX_DAG_ID=example_bash_operator
AIRFLOW_CTX_TASK_ID=runme_1
AIRFLOW_CTX_EXECUTION_DATE=2022-08-19T22:53:50.319542+00:00
AIRFLOW_CTX_TRY_NUMBER=1
AIRFLOW_CTX_DAG_RUN_ID=manual__2022-08-19T22:53:50.319542+00:00
[2022-08-19 22:53:51,782] {subprocess.py:62} INFO - Tmp dir root location: 
 /tmp
[2022-08-19 22:53:51,784] {subprocess.py:74} INFO - Running command: ['bash', '-c', 'echo "example_bash_operator__runme_1__20220819" && sleep 1']
[2022-08-19 22:53:51,797] {subprocess.py:85} INFO - Output:
[2022-08-19 22:53:51,800] {subprocess.py:92} INFO - example_bash_operator__runme_1__20220819
[2022-08-19 22:53:52,802] {subprocess.py:96} INFO - Command exited with return code 0
[2022-08-19 22:53:52,822] {taskinstance.py:1420} INFO - Marking task as SUCCESS. dag_id=example_bash_operator, task_id=runme_1, execution_date=20220819T225350, start_date=20220819T225351, end_date=20220819T225352
[2022-08-19 22:53:52,847] {local_task_job.py:156} INFO - Task exited with return code 0
[2022-08-19 22:53:52,876] {local_task_job.py:273} INFO - 0 downstream tasks scheduled from follow-on schedule check
