[2022-08-19 23:20:34,644] {taskinstance.py:1179} INFO - Dependencies all met for <TaskInstance: sefa_dag.get_telegram_version scheduled__2020-01-01T19:17:00+00:00 [queued]>
[2022-08-19 23:20:34,680] {taskinstance.py:1179} INFO - Dependencies all met for <TaskInstance: sefa_dag.get_telegram_version scheduled__2020-01-01T19:17:00+00:00 [queued]>
[2022-08-19 23:20:34,684] {taskinstance.py:1376} INFO - 
--------------------------------------------------------------------------------
[2022-08-19 23:20:34,688] {taskinstance.py:1377} INFO - Starting attempt 1 of 1
[2022-08-19 23:20:34,690] {taskinstance.py:1378} INFO - 
--------------------------------------------------------------------------------
[2022-08-19 23:20:34,730] {taskinstance.py:1397} INFO - Executing <Task(PythonOperator): get_telegram_version> on 2020-01-01 19:17:00+00:00
[2022-08-19 23:20:34,747] {standard_task_runner.py:52} INFO - Started process 10879 to run task
[2022-08-19 23:20:34,756] {standard_task_runner.py:79} INFO - Running: ['***', 'tasks', 'run', 'sefa_dag', 'get_telegram_version', 'scheduled__2020-01-01T19:17:00+00:00', '--job-id', '2346', '--raw', '--subdir', 'DAGS_FOLDER/sefa_dag.py', '--cfg-path', '/tmp/tmptz8sttwi', '--error-file', '/tmp/tmp62gbprms']
[2022-08-19 23:20:34,769] {standard_task_runner.py:80} INFO - Job 2346: Subtask get_telegram_version
[2022-08-19 23:20:34,911] {task_command.py:371} INFO - Running <TaskInstance: sefa_dag.get_telegram_version scheduled__2020-01-01T19:17:00+00:00 [running]> on host fd7a784b9251
[2022-08-19 23:20:35,212] {taskinstance.py:1591} INFO - Exporting the following env vars:
AIRFLOW_CTX_DAG_OWNER=***
AIRFLOW_CTX_DAG_ID=sefa_dag
AIRFLOW_CTX_TASK_ID=get_telegram_version
AIRFLOW_CTX_EXECUTION_DATE=2020-01-01T19:17:00+00:00
AIRFLOW_CTX_TRY_NUMBER=1
AIRFLOW_CTX_DAG_RUN_ID=scheduled__2020-01-01T19:17:00+00:00
[2022-08-19 23:20:35,213] {python.py:173} INFO - Done. Returned value was: 1.24.0
[2022-08-19 23:20:35,247] {taskinstance.py:1420} INFO - Marking task as SUCCESS. dag_id=sefa_dag, task_id=get_telegram_version, execution_date=20200101T191700, start_date=20220819T232034, end_date=20220819T232035
[2022-08-19 23:20:35,349] {local_task_job.py:156} INFO - Task exited with return code 0
[2022-08-19 23:20:35,397] {local_task_job.py:273} INFO - 0 downstream tasks scheduled from follow-on schedule check
